<?xml version="1.0" encoding="UTF-8"?>
<testsuites name="GMB_QuickRun" time="55.954" tests="1" failures="1" errors="0">
   <testsuite name="GMB_QuickRun" tests="1" failures="1" errors="0" time="55.954" skipped="0" timestamp="2022-05-20 12:43:22" hostname="sohilz2 - host.docker.internal" id="Test Suites/GMB_QuickRun">
      <properties>
         <property name="deviceName" value=""/>
         <property name="devicePlatform" value=""/>
         <property name="logFolder" value="C:\\Users\\sohilz2\\Commons_Automation\\Reports\\20220520_124318\\GMB_QuickRun\\20220520_124318"/>
         <property name="logFiles" value="C:\\Users\\sohilz2\\Commons_Automation\\Reports\\20220520_124318\\GMB_QuickRun\\20220520_124318\\execution0.log"/>
         <property name="attachments" value=""/>
         <property name="hostName" value="sohilz2 - host.docker.internal"/>
         <property name="os" value="Windows 10 64bit"/>
         <property name="katalonVersion" value="8.2.0.208"/>
         <property name="browser" value="Chrome 101.0.4951.67"/>
         <property name="hostAddress" value="192.168.0.86"/>
         <property name="sessionId" value="f516d0fe037c185276fb1e93bd1edfe8"/>
         <property name="seleniumVersion" value="3.141.59"/>
         <property name="proxyInformation" value="ProxyInformation { proxyOption=NO_PROXY, proxyServerType=HTTP, username=, password=********, proxyServerAddress=, proxyServerPort=0, executionList=&quot;&quot;, isApplyToDesiredCapabilities=true }"/>
         <property name="platform" value="Windows 10"/>
      </properties>
      <testcase name="Test Cases/GMB_TestCases/CauseOfDeath/TC01_GMB_Filter_CauseOfDeath-CoMorbidEvntSpcfy" time="54.582" classname="Test Cases/GMB_TestCases/CauseOfDeath/TC01_GMB_Filter_CauseOfDeath-CoMorbidEvntSpcfy" status="FAILED">
         <failure type="FAILED" message="Test Cases/GMB_TestCases/CauseOfDeath/TC01_GMB_Filter_CauseOfDeath-CoMorbidEvntSpcfy FAILED.
Reason:
com.kms.katalon.core.exception.StepFailedException: ***********DATA MISMATCH in comparelists:  ABORTING RUN********************
	at com.kms.katalon.core.util.KeywordUtil.markFailed(KeywordUtil.java:19)
	at com.kms.katalon.core.util.KeywordUtil$markFailed$1.call(Unknown Source)
	at ctdc.utilities.runtestcaseforKatalon.compareTwoLists(runtestcaseforKatalon.groovy:1393)
	at ctdc.utilities.runtestcaseforKatalon.compareLists(runtestcaseforKatalon.groovy:1433)
	at ctdc.utilities.runtestcaseforKatalon.multiFunction(runtestcaseforKatalon.groovy:297)
	at ctdc.utilities.runtestcaseforKatalon.invokeMethod(runtestcaseforKatalon.groovy)
	at com.kms.katalon.core.main.CustomKeywordDelegatingMetaClass.invokeStaticMethod(CustomKeywordDelegatingMetaClass.java:50)
	at TC01_GMB_Filter_CauseOfDeath-CoMorbidEvntSpcfy.run(TC01_GMB_Filter_CauseOfDeath-CoMorbidEvntSpcfy:63)
	at com.kms.katalon.core.main.ScriptEngine.run(ScriptEngine.java:194)
	at com.kms.katalon.core.main.ScriptEngine.runScriptAsRawText(ScriptEngine.java:119)
	at com.kms.katalon.core.main.TestCaseExecutor.runScript(TestCaseExecutor.java:442)
	at com.kms.katalon.core.main.TestCaseExecutor.doExecute(TestCaseExecutor.java:433)
	at com.kms.katalon.core.main.TestCaseExecutor.processExecutionPhase(TestCaseExecutor.java:412)
	at com.kms.katalon.core.main.TestCaseExecutor.accessMainPhase(TestCaseExecutor.java:404)
	at com.kms.katalon.core.main.TestCaseExecutor.execute(TestCaseExecutor.java:281)
	at com.kms.katalon.core.main.TestSuiteExecutor.accessTestCaseMainPhase(TestSuiteExecutor.java:202)
	at com.kms.katalon.core.main.TestSuiteExecutor.accessTestSuiteMainPhase(TestSuiteExecutor.java:164)
	at com.kms.katalon.core.main.TestSuiteExecutor.execute(TestSuiteExecutor.java:105)
	at com.kms.katalon.core.main.TestCaseMain.startTestSuite(TestCaseMain.java:181)
	at com.kms.katalon.core.main.TestCaseMain$startTestSuite$0.call(Unknown Source)
	at TempTestSuite1653064998664.run(TempTestSuite1653064998664.groovy:36)
"/>
         <system-out><![CDATA[2022-05-20 12:43:23 - [TEST_CASE][FAILED] - Test Cases/GMB_TestCases/CauseOfDeath/TC01_GMB_Filter_CauseOfDeath-CoMorbidEvntSpcfy: Test Cases/GMB_TestCases/CauseOfDeath/TC01_GMB_Filter_CauseOfDeath-CoMorbidEvntSpcfy FAILED.
Reason:
com.kms.katalon.core.exception.StepFailedException: ***********DATA MISMATCH in comparelists:  ABORTING RUN********************
	at com.kms.katalon.core.util.KeywordUtil.markFailed(KeywordUtil.java:19)
	at com.kms.katalon.core.util.KeywordUtil$markFailed$1.call(Unknown Source)
	at ctdc.utilities.runtestcaseforKatalon.compareTwoLists(runtestcaseforKatalon.groovy:1393)
	at ctdc.utilities.runtestcaseforKatalon.compareLists(runtestcaseforKatalon.groovy:1433)
	at ctdc.utilities.runtestcaseforKatalon.multiFunction(runtestcaseforKatalon.groovy:297)
	at ctdc.utilities.runtestcaseforKatalon.invokeMethod(runtestcaseforKatalon.groovy)
	at com.kms.katalon.core.main.CustomKeywordDelegatingMetaClass.invokeStaticMethod(CustomKeywordDelegatingMetaClass.java:50)
	at TC01_GMB_Filter_CauseOfDeath-CoMorbidEvntSpcfy.run(TC01_GMB_Filter_CauseOfDeath-CoMorbidEvntSpcfy:63)
	at com.kms.katalon.core.main.ScriptEngine.run(ScriptEngine.java:194)
	at com.kms.katalon.core.main.ScriptEngine.runScriptAsRawText(ScriptEngine.java:119)
	at com.kms.katalon.core.main.TestCaseExecutor.runScript(TestCaseExecutor.java:442)
	at com.kms.katalon.core.main.TestCaseExecutor.doExecute(TestCaseExecutor.java:433)
	at com.kms.katalon.core.main.TestCaseExecutor.processExecutionPhase(TestCaseExecutor.java:412)
	at com.kms.katalon.core.main.TestCaseExecutor.accessMainPhase(TestCaseExecutor.java:404)
	at com.kms.katalon.core.main.TestCaseExecutor.execute(TestCaseExecutor.java:281)
	at com.kms.katalon.core.main.TestSuiteExecutor.accessTestCaseMainPhase(TestSuiteExecutor.java:202)
	at com.kms.katalon.core.main.TestSuiteExecutor.accessTestSuiteMainPhase(TestSuiteExecutor.java:164)
	at com.kms.katalon.core.main.TestSuiteExecutor.execute(TestSuiteExecutor.java:105)
	at com.kms.katalon.core.main.TestCaseMain.startTestSuite(TestCaseMain.java:181)
	at com.kms.katalon.core.main.TestCaseMain$startTestSuite$0.call(Unknown Source)
	at TempTestSuite1653064998664.run(TempTestSuite1653064998664.groovy:36)


2022-05-20 12:43:23 - [TEST_STEP][PASSED] - Start listener action : getTestScriptName: null

2022-05-20 12:43:23 - [TEST_STEP][PASSED] - TestCaseId = testCaseContext.getTestCaseId(): null

2022-05-20 12:43:23 - [TEST_STEP][PASSED] - G_currentTCName = TestCaseId.substring(TestCaseId.lastIndexOf("TC")): null

2022-05-20 12:43:23 - [TEST_STEP][PASSED] - out.println("This is the test case name: " + G_currentTCName): null

2022-05-20 12:43:24 - [TEST_STEP][PASSED] - closeBrowser(): Browser is closed

2022-05-20 12:43:24 - [MESSAGE][PASSED] - Browser is closed

2022-05-20 12:43:24 - [TEST_STEP][PASSED] - ctdc.utilities.runtestcaseforKatalon.RunKatalon("TC01_GMB_Filter_CauseOfDeath-CoMorbidEvntSpcfy.xlsx"): Data loaded from input file for the test case. 

2022-05-20 12:43:24 - [MESSAGE][PASSED] - Test case file loaded This is the full filepath after converting to string :C:\Users\sohilz2\Commons_Automation\InputFiles\TC01_GMB_Filter_CauseOfDeath-CoMorbidEvntSpcfy.xlsx

2022-05-20 12:43:24 - [MESSAGE][INFO] - Global variable set for password file is :  C:\Users\sohilz2\Commons_Automation\InputFiles\TC01_GMB_Filter_CauseOfDeath-CoMorbidEvntSpcfy.xlsx

2022-05-20 12:43:29 - [MESSAGE][PASSED] - Data loaded from input file for the test case. 

2022-05-20 12:43:44 - [TEST_STEP][PASSED] - waitForElementPresent(findTestObject("Object Repository/GMB/NavBar/GMB_Subjects-Btn"), 5): Object 'Object Repository/GMB/NavBar/GMB_Subjects-Btn' is present

2022-05-20 12:43:44 - [MESSAGE][PASSED] - Object 'Object Repository/GMB/NavBar/GMB_Subjects-Btn' is present

2022-05-20 12:43:44 - [TEST_STEP][PASSED] - ctdc.utilities.runtestcaseforKatalon.clickTab("Object Repository/GMB/NavBar/GMB_Subjects-Btn"): ctdc.utilities.runtestcaseforKatalon.clickTab is PASSED

2022-05-20 12:43:44 - [MESSAGE][PASSED] - ctdc.utilities.runtestcaseforKatalon.clickTab is PASSED

2022-05-20 12:43:44 - [TEST_STEP][PASSED] - waitForElementPresent(findTestObject("GMB/Filter/CauseOfDeath/CauseOfDeath_Ddn"), 5): Object 'Object Repository/GMB/Filter/CauseOfDeath/CauseOfDeath_Ddn' is present

2022-05-20 12:43:46 - [MESSAGE][PASSED] - Object 'Object Repository/GMB/Filter/CauseOfDeath/CauseOfDeath_Ddn' is present

2022-05-20 12:43:46 - [TEST_STEP][PASSED] - ctdc.utilities.runtestcaseforKatalon.clickTabGMBStat("GMB/Filter/CauseOfDeath/CauseOfDeath_Ddn"): ctdc.utilities.runtestcaseforKatalon.clickTabGMBStat is PASSED

2022-05-20 12:43:47 - [MESSAGE][PASSED] - ctdc.utilities.runtestcaseforKatalon.clickTabGMBStat is PASSED

2022-05-20 12:43:47 - [TEST_STEP][PASSED] - waitForElementPresent(findTestObject("GMB/Filter/CauseOfDeath/CoMorbidEvntSpcfy_Chkbx"), 5): Object 'Object Repository/GMB/Filter/CauseOfDeath/CoMorbidEvntSpcfy_Chkbx' is present

2022-05-20 12:43:47 - [MESSAGE][PASSED] - Object 'Object Repository/GMB/Filter/CauseOfDeath/CoMorbidEvntSpcfy_Chkbx' is present

2022-05-20 12:43:47 - [TEST_STEP][PASSED] - ctdc.utilities.runtestcaseforKatalon.clickTabGMBStat("GMB/Filter/CauseOfDeath/CoMorbidEvntSpcfy_Chkbx"): ctdc.utilities.runtestcaseforKatalon.clickTabGMBStat is PASSED

2022-05-20 12:43:48 - [MESSAGE][PASSED] - ctdc.utilities.runtestcaseforKatalon.clickTabGMBStat is PASSED

2022-05-20 12:43:48 - [TEST_STEP][PASSED] - ctdc.utilities.runtestcaseforKatalon.readGMBStatBar("Object Repository/GMB/StatBar/GMB_StatBar-Trials", "Object Repository/GMB/StatBar/GMB_StatBar-Subjects", "Object Repository/GMB/StatBar/GMB_StatBar-Files"): ctdc.utilities.runtestcaseforKatalon.readGMBStatBar is PASSED

2022-05-20 12:43:58 - [MESSAGE][PASSED] - ctdc.utilities.runtestcaseforKatalon.readGMBStatBar is PASSED

2022-05-20 12:43:58 - [TEST_STEP][PASSED] - waitForElementPresent(findTestObject("Object Repository/GMB/GMBResults_Subjects_Tab"), 5): Object 'Object Repository/GMB/GMBResults_Subjects_Tab' is present

2022-05-20 12:43:58 - [MESSAGE][PASSED] - Object 'Object Repository/GMB/GMBResults_Subjects_Tab' is present

2022-05-20 12:43:58 - [TEST_STEP][PASSED] - ctdc.utilities.runtestcaseforKatalon.clickTab("Object Repository/GMB/GMBResults_Subjects_Tab"): ctdc.utilities.runtestcaseforKatalon.clickTab is PASSED

2022-05-20 12:43:58 - [MESSAGE][PASSED] - ctdc.utilities.runtestcaseforKatalon.clickTab is PASSED

2022-05-20 12:43:58 - [TEST_STEP][ERROR] - ctdc.utilities.runtestcaseforKatalon.multiFunction("GMB", G_GStatBar_Subjects, "Object Repository/GMB/GMB_Subjects_Table", "Object Repository/GMB/GMB_Subjects_TableHdr", "Object Repository/GMB/GMB_Subjects_TabNextBtn", G_GWebTabnameSubjects, G_GCypherTabnameSubjects, G_GQuerySubjectsTab): Test Cases/GMB_TestCases/CauseOfDeath/TC01_GMB_Filter_CauseOfDeath-CoMorbidEvntSpcfy FAILED.
Reason:
java.lang.IndexOutOfBoundsException: Index: 3, Size: 3
	at java_util_List$get$1.call(Unknown Source)
	at ctdc.utilities.runtestcaseforKatalon.compareTwoLists(runtestcaseforKatalon.groovy:1359)
	at ctdc.utilities.runtestcaseforKatalon.compareLists(runtestcaseforKatalon.groovy:1433)
	at ctdc.utilities.runtestcaseforKatalon.multiFunction(runtestcaseforKatalon.groovy:297)
	at ctdc.utilities.runtestcaseforKatalon.invokeMethod(runtestcaseforKatalon.groovy)
	at com.kms.katalon.core.main.CustomKeywordDelegatingMetaClass.invokeStaticMethod(CustomKeywordDelegatingMetaClass.java:50)
	at TC01_GMB_Filter_CauseOfDeath-CoMorbidEvntSpcfy.run(TC01_GMB_Filter_CauseOfDeath-CoMorbidEvntSpcfy:63)
	at com.kms.katalon.core.main.ScriptEngine.run(ScriptEngine.java:194)
	at com.kms.katalon.core.main.ScriptEngine.runScriptAsRawText(ScriptEngine.java:119)
	at com.kms.katalon.core.main.TestCaseExecutor.runScript(TestCaseExecutor.java:442)
	at com.kms.katalon.core.main.TestCaseExecutor.doExecute(TestCaseExecutor.java:433)
	at com.kms.katalon.core.main.TestCaseExecutor.processExecutionPhase(TestCaseExecutor.java:412)
	at com.kms.katalon.core.main.TestCaseExecutor.accessMainPhase(TestCaseExecutor.java:404)
	at com.kms.katalon.core.main.TestCaseExecutor.execute(TestCaseExecutor.java:281)
	at com.kms.katalon.core.main.TestSuiteExecutor.accessTestCaseMainPhase(TestSuiteExecutor.java:202)
	at com.kms.katalon.core.main.TestSuiteExecutor.accessTestSuiteMainPhase(TestSuiteExecutor.java:164)
	at com.kms.katalon.core.main.TestSuiteExecutor.execute(TestSuiteExecutor.java:105)
	at com.kms.katalon.core.main.TestCaseMain.startTestSuite(TestCaseMain.java:181)
	at com.kms.katalon.core.main.TestCaseMain$startTestSuite$0.call(Unknown Source)
	at TempTestSuite1653064998664.run(TempTestSuite1653064998664.groovy:36)


2022-05-20 12:44:18 - [MESSAGE][FAILED] - ***********DATA MISMATCH in comparelists:  ABORTING RUN********************

2022-05-20 12:44:18 - [MESSAGE][FAILED] - ***********DATA MISMATCH in comparelists:  ABORTING RUN********************

2022-05-20 12:44:18 - [MESSAGE][FAILED] - ***********DATA MISMATCH in comparelists:  ABORTING RUN********************

2022-05-20 12:44:18 - [MESSAGE][FAILED] - ***********DATA MISMATCH in comparelists:  ABORTING RUN********************

2022-05-20 12:44:18 - [MESSAGE][FAILED] - ***********DATA MISMATCH in comparelists:  ABORTING RUN********************

2022-05-20 12:44:18 - [MESSAGE][FAILED] - ***********DATA MISMATCH in comparelists:  ABORTING RUN********************

2022-05-20 12:44:18 - [MESSAGE][FAILED] - ***********DATA MISMATCH in comparelists:  ABORTING RUN********************

2022-05-20 12:44:18 - [MESSAGE][FAILED] - ***********DATA MISMATCH in comparelists:  ABORTING RUN********************

2022-05-20 12:44:18 - [MESSAGE][FAILED] - ***********DATA MISMATCH in comparelists:  ABORTING RUN********************

2022-05-20 12:44:18 - [MESSAGE][FAILED] - ***********DATA MISMATCH in comparelists:  ABORTING RUN********************

2022-05-20 12:44:18 - [MESSAGE][FAILED] - ***********DATA MISMATCH in comparelists:  ABORTING RUN********************

2022-05-20 12:44:18 - [MESSAGE][FAILED] - ***********DATA MISMATCH in comparelists:  ABORTING RUN********************

2022-05-20 12:44:18 - [MESSAGE][FAILED] - ***********DATA MISMATCH in comparelists:  ABORTING RUN********************

2022-05-20 12:44:18 - [MESSAGE][FAILED] - ***********DATA MISMATCH in comparelists:  ABORTING RUN********************

2022-05-20 12:44:18 - [MESSAGE][FAILED] - ***********DATA MISMATCH in comparelists:  ABORTING RUN********************

2022-05-20 12:44:18 - [MESSAGE][FAILED] - ***********DATA MISMATCH in comparelists:  ABORTING RUN********************

2022-05-20 12:44:18 - [MESSAGE][FAILED] - ***********DATA MISMATCH in comparelists:  ABORTING RUN********************

2022-05-20 12:44:18 - [MESSAGE][FAILED] - ***********DATA MISMATCH in comparelists:  ABORTING RUN********************

2022-05-20 12:44:18 - [MESSAGE][FAILED] - ***********DATA MISMATCH in comparelists:  ABORTING RUN********************

2022-05-20 12:44:18 - [MESSAGE][FAILED] - ***********DATA MISMATCH in comparelists:  ABORTING RUN********************

2022-05-20 12:44:18 - [MESSAGE][FAILED] - ***********DATA MISMATCH in comparelists:  ABORTING RUN********************

2022-05-20 12:44:18 - [MESSAGE][FAILED] - ***********DATA MISMATCH in comparelists:  ABORTING RUN********************

2022-05-20 12:44:18 - [MESSAGE][FAILED] - ***********DATA MISMATCH in comparelists:  ABORTING RUN********************

2022-05-20 12:44:18 - [MESSAGE][FAILED] - ***********DATA MISMATCH in comparelists:  ABORTING RUN********************

2022-05-20 12:44:18 - [MESSAGE][FAILED] - ***********DATA MISMATCH in comparelists:  ABORTING RUN********************

2022-05-20 12:44:18 - [MESSAGE][FAILED] - ***********DATA MISMATCH in comparelists:  ABORTING RUN********************

2022-05-20 12:44:18 - [MESSAGE][ERROR] - Test Cases/GMB_TestCases/CauseOfDeath/TC01_GMB_Filter_CauseOfDeath-CoMorbidEvntSpcfy FAILED.
Reason:
java.lang.IndexOutOfBoundsException: Index: 3, Size: 3
	at java_util_List$get$1.call(Unknown Source)
	at ctdc.utilities.runtestcaseforKatalon.compareTwoLists(runtestcaseforKatalon.groovy:1359)
	at ctdc.utilities.runtestcaseforKatalon.compareLists(runtestcaseforKatalon.groovy:1433)
	at ctdc.utilities.runtestcaseforKatalon.multiFunction(runtestcaseforKatalon.groovy:297)
	at ctdc.utilities.runtestcaseforKatalon.invokeMethod(runtestcaseforKatalon.groovy)
	at com.kms.katalon.core.main.CustomKeywordDelegatingMetaClass.invokeStaticMethod(CustomKeywordDelegatingMetaClass.java:50)
	at TC01_GMB_Filter_CauseOfDeath-CoMorbidEvntSpcfy.run(TC01_GMB_Filter_CauseOfDeath-CoMorbidEvntSpcfy:63)
	at com.kms.katalon.core.main.ScriptEngine.run(ScriptEngine.java:194)
	at com.kms.katalon.core.main.ScriptEngine.runScriptAsRawText(ScriptEngine.java:119)
	at com.kms.katalon.core.main.TestCaseExecutor.runScript(TestCaseExecutor.java:442)
	at com.kms.katalon.core.main.TestCaseExecutor.doExecute(TestCaseExecutor.java:433)
	at com.kms.katalon.core.main.TestCaseExecutor.processExecutionPhase(TestCaseExecutor.java:412)
	at com.kms.katalon.core.main.TestCaseExecutor.accessMainPhase(TestCaseExecutor.java:404)
	at com.kms.katalon.core.main.TestCaseExecutor.execute(TestCaseExecutor.java:281)
	at com.kms.katalon.core.main.TestSuiteExecutor.accessTestCaseMainPhase(TestSuiteExecutor.java:202)
	at com.kms.katalon.core.main.TestSuiteExecutor.accessTestSuiteMainPhase(TestSuiteExecutor.java:164)
	at com.kms.katalon.core.main.TestSuiteExecutor.execute(TestSuiteExecutor.java:105)
	at com.kms.katalon.core.main.TestCaseMain.startTestSuite(TestCaseMain.java:181)
	at com.kms.katalon.core.main.TestCaseMain$startTestSuite$0.call(Unknown Source)
	at TempTestSuite1653064998664.run(TempTestSuite1653064998664.groovy:36)]]></system-out>
         <system-err><![CDATA[2022-05-20 12:43:23 - [TEST_CASE][FAILED] - Test Cases/GMB_TestCases/CauseOfDeath/TC01_GMB_Filter_CauseOfDeath-CoMorbidEvntSpcfy: Test Cases/GMB_TestCases/CauseOfDeath/TC01_GMB_Filter_CauseOfDeath-CoMorbidEvntSpcfy FAILED.
Reason:
com.kms.katalon.core.exception.StepFailedException: ***********DATA MISMATCH in comparelists:  ABORTING RUN********************
	at com.kms.katalon.core.util.KeywordUtil.markFailed(KeywordUtil.java:19)
	at com.kms.katalon.core.util.KeywordUtil$markFailed$1.call(Unknown Source)
	at ctdc.utilities.runtestcaseforKatalon.compareTwoLists(runtestcaseforKatalon.groovy:1393)
	at ctdc.utilities.runtestcaseforKatalon.compareLists(runtestcaseforKatalon.groovy:1433)
	at ctdc.utilities.runtestcaseforKatalon.multiFunction(runtestcaseforKatalon.groovy:297)
	at ctdc.utilities.runtestcaseforKatalon.invokeMethod(runtestcaseforKatalon.groovy)
	at com.kms.katalon.core.main.CustomKeywordDelegatingMetaClass.invokeStaticMethod(CustomKeywordDelegatingMetaClass.java:50)
	at TC01_GMB_Filter_CauseOfDeath-CoMorbidEvntSpcfy.run(TC01_GMB_Filter_CauseOfDeath-CoMorbidEvntSpcfy:63)
	at com.kms.katalon.core.main.ScriptEngine.run(ScriptEngine.java:194)
	at com.kms.katalon.core.main.ScriptEngine.runScriptAsRawText(ScriptEngine.java:119)
	at com.kms.katalon.core.main.TestCaseExecutor.runScript(TestCaseExecutor.java:442)
	at com.kms.katalon.core.main.TestCaseExecutor.doExecute(TestCaseExecutor.java:433)
	at com.kms.katalon.core.main.TestCaseExecutor.processExecutionPhase(TestCaseExecutor.java:412)
	at com.kms.katalon.core.main.TestCaseExecutor.accessMainPhase(TestCaseExecutor.java:404)
	at com.kms.katalon.core.main.TestCaseExecutor.execute(TestCaseExecutor.java:281)
	at com.kms.katalon.core.main.TestSuiteExecutor.accessTestCaseMainPhase(TestSuiteExecutor.java:202)
	at com.kms.katalon.core.main.TestSuiteExecutor.accessTestSuiteMainPhase(TestSuiteExecutor.java:164)
	at com.kms.katalon.core.main.TestSuiteExecutor.execute(TestSuiteExecutor.java:105)
	at com.kms.katalon.core.main.TestCaseMain.startTestSuite(TestCaseMain.java:181)
	at com.kms.katalon.core.main.TestCaseMain$startTestSuite$0.call(Unknown Source)
	at TempTestSuite1653064998664.run(TempTestSuite1653064998664.groovy:36)]]></system-err>
      </testcase>
      <system-out><![CDATA[2022-05-20 12:43:22 - [TEST_SUITE][FAILED] - GMB_QuickRun: Test Cases/GMB_TestCases/CauseOfDeath/TC01_GMB_Filter_CauseOfDeath-CoMorbidEvntSpcfy FAILED.
Reason:
com.kms.katalon.core.exception.StepFailedException: ***********DATA MISMATCH in comparelists:  ABORTING RUN********************
	at com.kms.katalon.core.util.KeywordUtil.markFailed(KeywordUtil.java:19)
	at com.kms.katalon.core.util.KeywordUtil$markFailed$1.call(Unknown Source)
	at ctdc.utilities.runtestcaseforKatalon.compareTwoLists(runtestcaseforKatalon.groovy:1393)
	at ctdc.utilities.runtestcaseforKatalon.compareLists(runtestcaseforKatalon.groovy:1433)
	at ctdc.utilities.runtestcaseforKatalon.multiFunction(runtestcaseforKatalon.groovy:297)
	at ctdc.utilities.runtestcaseforKatalon.invokeMethod(runtestcaseforKatalon.groovy)
	at com.kms.katalon.core.main.CustomKeywordDelegatingMetaClass.invokeStaticMethod(CustomKeywordDelegatingMetaClass.java:50)
	at TC01_GMB_Filter_CauseOfDeath-CoMorbidEvntSpcfy.run(TC01_GMB_Filter_CauseOfDeath-CoMorbidEvntSpcfy:63)
	at com.kms.katalon.core.main.ScriptEngine.run(ScriptEngine.java:194)
	at com.kms.katalon.core.main.ScriptEngine.runScriptAsRawText(ScriptEngine.java:119)
	at com.kms.katalon.core.main.TestCaseExecutor.runScript(TestCaseExecutor.java:442)
	at com.kms.katalon.core.main.TestCaseExecutor.doExecute(TestCaseExecutor.java:433)
	at com.kms.katalon.core.main.TestCaseExecutor.processExecutionPhase(TestCaseExecutor.java:412)
	at com.kms.katalon.core.main.TestCaseExecutor.accessMainPhase(TestCaseExecutor.java:404)
	at com.kms.katalon.core.main.TestCaseExecutor.execute(TestCaseExecutor.java:281)
	at com.kms.katalon.core.main.TestSuiteExecutor.accessTestCaseMainPhase(TestSuiteExecutor.java:202)
	at com.kms.katalon.core.main.TestSuiteExecutor.accessTestSuiteMainPhase(TestSuiteExecutor.java:164)
	at com.kms.katalon.core.main.TestSuiteExecutor.execute(TestSuiteExecutor.java:105)
	at com.kms.katalon.core.main.TestCaseMain.startTestSuite(TestCaseMain.java:181)
	at com.kms.katalon.core.main.TestCaseMain$startTestSuite$0.call(Unknown Source)
	at TempTestSuite1653064998664.run(TempTestSuite1653064998664.groovy:36)]]></system-out>
      <system-err><![CDATA[2022-05-20 12:43:22 - [TEST_SUITE][FAILED] - GMB_QuickRun: Test Cases/GMB_TestCases/CauseOfDeath/TC01_GMB_Filter_CauseOfDeath-CoMorbidEvntSpcfy FAILED.
Reason:
com.kms.katalon.core.exception.StepFailedException: ***********DATA MISMATCH in comparelists:  ABORTING RUN********************
	at com.kms.katalon.core.util.KeywordUtil.markFailed(KeywordUtil.java:19)
	at com.kms.katalon.core.util.KeywordUtil$markFailed$1.call(Unknown Source)
	at ctdc.utilities.runtestcaseforKatalon.compareTwoLists(runtestcaseforKatalon.groovy:1393)
	at ctdc.utilities.runtestcaseforKatalon.compareLists(runtestcaseforKatalon.groovy:1433)
	at ctdc.utilities.runtestcaseforKatalon.multiFunction(runtestcaseforKatalon.groovy:297)
	at ctdc.utilities.runtestcaseforKatalon.invokeMethod(runtestcaseforKatalon.groovy)
	at com.kms.katalon.core.main.CustomKeywordDelegatingMetaClass.invokeStaticMethod(CustomKeywordDelegatingMetaClass.java:50)
	at TC01_GMB_Filter_CauseOfDeath-CoMorbidEvntSpcfy.run(TC01_GMB_Filter_CauseOfDeath-CoMorbidEvntSpcfy:63)
	at com.kms.katalon.core.main.ScriptEngine.run(ScriptEngine.java:194)
	at com.kms.katalon.core.main.ScriptEngine.runScriptAsRawText(ScriptEngine.java:119)
	at com.kms.katalon.core.main.TestCaseExecutor.runScript(TestCaseExecutor.java:442)
	at com.kms.katalon.core.main.TestCaseExecutor.doExecute(TestCaseExecutor.java:433)
	at com.kms.katalon.core.main.TestCaseExecutor.processExecutionPhase(TestCaseExecutor.java:412)
	at com.kms.katalon.core.main.TestCaseExecutor.accessMainPhase(TestCaseExecutor.java:404)
	at com.kms.katalon.core.main.TestCaseExecutor.execute(TestCaseExecutor.java:281)
	at com.kms.katalon.core.main.TestSuiteExecutor.accessTestCaseMainPhase(TestSuiteExecutor.java:202)
	at com.kms.katalon.core.main.TestSuiteExecutor.accessTestSuiteMainPhase(TestSuiteExecutor.java:164)
	at com.kms.katalon.core.main.TestSuiteExecutor.execute(TestSuiteExecutor.java:105)
	at com.kms.katalon.core.main.TestCaseMain.startTestSuite(TestCaseMain.java:181)
	at com.kms.katalon.core.main.TestCaseMain$startTestSuite$0.call(Unknown Source)
	at TempTestSuite1653064998664.run(TempTestSuite1653064998664.groovy:36)]]></system-err>
   </testsuite>
</testsuites>
