<?xml version="1.0" encoding="UTF-8"?>
<testsuites name="ICDC_NewStudy" time="45.416" tests="4" failures="0" errors="4">
   <testsuite name="ICDC_NewStudy" tests="4" failures="0" errors="4" time="45.416" timestamp="2021-04-16 14:55:23" hostname="radhakrishnang2 - NCI-02150368-L.nci.nih.gov" id="Test Suites/ICDC_NewStudy">
      <properties>
         <property name="deviceName" value=""/>
         <property name="devicePlatform" value=""/>
         <property name="logFolder" value="C:\\Users\\radhakrishnang2\\Desktop\\Commons_Automation\\Reports\\20210416_145511\\ICDC_NewStudy\\20210416_145511"/>
         <property name="logFiles" value="C:\\Users\\radhakrishnang2\\Desktop\\Commons_Automation\\Reports\\20210416_145511\\ICDC_NewStudy\\20210416_145511\\execution0.log"/>
         <property name="attachments" value=""/>
         <property name="hostName" value="radhakrishnang2 - NCI-02150368-L.nci.nih.gov"/>
         <property name="os" value="Windows 10 64bit"/>
         <property name="katalonVersion" value="7.7.0.205"/>
         <property name="browser" value="Chrome 89.0.4389.128"/>
         <property name="hostAddress" value="10.242.31.140"/>
         <property name="sessionId" value="a013f2c65ca8c3260d0d541b92d66d53"/>
         <property name="seleniumVersion" value="3.141.59"/>
         <property name="proxyInformation" value="ProxyInformation { proxyOption=NO_PROXY, proxyServerType=HTTP, username=, password=********, proxyServerAddress=, proxyServerPort=0, executionList=&quot;&quot;, isApplyToDesiredCapabilities=true }"/>
         <property name="platform" value="Windows 10"/>
      </properties>
      <testcase name="Test Cases/Canine_TestCases/Study-Combinations/TC28_Canine_StudyUBC-AllBreeds_StageOfDisease" time="20.82" classname="Test Cases/Canine_TestCases/Study-Combinations/TC28_Canine_StudyUBC-AllBreeds_StageOfDisease" status="ERROR">
         <error type="ERROR" message="Test Cases/Canine_TestCases/Study-Combinations/TC28_Canine_StudyUBC-AllBreeds_StageOfDisease FAILED.
Reason:
com.kms.katalon.core.exception.KatalonRuntimeException: Could not evaluate variable of profile: QA_ICDC. Details: java.io.FileNotFoundException: C:\Users\radhakrishnang2\Desktop\Commons_Automation\Profiles\QA_ICDC.glbl (The system cannot find the file specified)
	at com.kms.katalon.core.main.TestCaseMain.getGlobalVariables(TestCaseMain.java:194)
	at com.kms.katalon.core.main.TestCaseMain$getGlobalVariables$1.call(Unknown Source)
	at internal.GlobalVariable.&lt;clinit>(GlobalVariable.groovy:449)
	at ctdc.utilities.runtestcaseforKatalon.RunKatalon(runtestcaseforKatalon.groovy:66)
	at ctdc.utilities.runtestcaseforKatalon.invokeMethod(runtestcaseforKatalon.groovy)
	at com.kms.katalon.core.main.CustomKeywordDelegatingMetaClass.invokeStaticMethod(CustomKeywordDelegatingMetaClass.java:50)
	at TC28_Canine_StudyUBC-AllBreeds_StageOfDisease.run(TC28_Canine_StudyUBC-AllBreeds_StageOfDisease:41)
	at com.kms.katalon.core.main.ScriptEngine.run(ScriptEngine.java:194)
	at com.kms.katalon.core.main.ScriptEngine.runScriptAsRawText(ScriptEngine.java:119)
	at com.kms.katalon.core.main.TestCaseExecutor.runScript(TestCaseExecutor.java:339)
	at com.kms.katalon.core.main.TestCaseExecutor.doExecute(TestCaseExecutor.java:330)
	at com.kms.katalon.core.main.TestCaseExecutor.processExecutionPhase(TestCaseExecutor.java:309)
	at com.kms.katalon.core.main.TestCaseExecutor.accessMainPhase(TestCaseExecutor.java:301)
	at com.kms.katalon.core.main.TestCaseExecutor.execute(TestCaseExecutor.java:235)
	at com.kms.katalon.core.main.TestSuiteExecutor.accessTestCaseMainPhase(TestSuiteExecutor.java:191)
	at com.kms.katalon.core.main.TestSuiteExecutor.accessTestSuiteMainPhase(TestSuiteExecutor.java:141)
	at com.kms.katalon.core.main.TestSuiteExecutor.execute(TestSuiteExecutor.java:90)
	at com.kms.katalon.core.main.TestCaseMain.startTestSuite(TestCaseMain.java:157)
	at com.kms.katalon.core.main.TestCaseMain$startTestSuite$0.call(Unknown Source)
	at TempTestSuite1618610111328.run(TempTestSuite1618610111328.groovy:39)
Caused by: java.io.FileNotFoundException: C:\Users\radhakrishnang2\Desktop\Commons_Automation\Profiles\QA_ICDC.glbl (The system cannot find the file specified)
	at com.kms.katalon.core.main.TestCaseMain.getGlobalVariables(TestCaseMain.java:177)
	... 19 more
"/>
         <system-out><![CDATA[2021-04-16 14:55:24 - [TEST_CASE][ERROR] - Test Cases/Canine_TestCases/Study-Combinations/TC28_Canine_StudyUBC-AllBreeds_StageOfDisease: Test Cases/Canine_TestCases/Study-Combinations/TC28_Canine_StudyUBC-AllBreeds_StageOfDisease FAILED.
Reason:
com.kms.katalon.core.exception.KatalonRuntimeException: Could not evaluate variable of profile: QA_ICDC. Details: java.io.FileNotFoundException: C:\Users\radhakrishnang2\Desktop\Commons_Automation\Profiles\QA_ICDC.glbl (The system cannot find the file specified)
	at com.kms.katalon.core.main.TestCaseMain.getGlobalVariables(TestCaseMain.java:194)
	at com.kms.katalon.core.main.TestCaseMain$getGlobalVariables$1.call(Unknown Source)
	at internal.GlobalVariable.<clinit>(GlobalVariable.groovy:449)
	at ctdc.utilities.runtestcaseforKatalon.RunKatalon(runtestcaseforKatalon.groovy:66)
	at ctdc.utilities.runtestcaseforKatalon.invokeMethod(runtestcaseforKatalon.groovy)
	at com.kms.katalon.core.main.CustomKeywordDelegatingMetaClass.invokeStaticMethod(CustomKeywordDelegatingMetaClass.java:50)
	at TC28_Canine_StudyUBC-AllBreeds_StageOfDisease.run(TC28_Canine_StudyUBC-AllBreeds_StageOfDisease:41)
	at com.kms.katalon.core.main.ScriptEngine.run(ScriptEngine.java:194)
	at com.kms.katalon.core.main.ScriptEngine.runScriptAsRawText(ScriptEngine.java:119)
	at com.kms.katalon.core.main.TestCaseExecutor.runScript(TestCaseExecutor.java:339)
	at com.kms.katalon.core.main.TestCaseExecutor.doExecute(TestCaseExecutor.java:330)
	at com.kms.katalon.core.main.TestCaseExecutor.processExecutionPhase(TestCaseExecutor.java:309)
	at com.kms.katalon.core.main.TestCaseExecutor.accessMainPhase(TestCaseExecutor.java:301)
	at com.kms.katalon.core.main.TestCaseExecutor.execute(TestCaseExecutor.java:235)
	at com.kms.katalon.core.main.TestSuiteExecutor.accessTestCaseMainPhase(TestSuiteExecutor.java:191)
	at com.kms.katalon.core.main.TestSuiteExecutor.accessTestSuiteMainPhase(TestSuiteExecutor.java:141)
	at com.kms.katalon.core.main.TestSuiteExecutor.execute(TestSuiteExecutor.java:90)
	at com.kms.katalon.core.main.TestCaseMain.startTestSuite(TestCaseMain.java:157)
	at com.kms.katalon.core.main.TestCaseMain$startTestSuite$0.call(Unknown Source)
	at TempTestSuite1618610111328.run(TempTestSuite1618610111328.groovy:39)
Caused by: java.io.FileNotFoundException: C:\Users\radhakrishnang2\Desktop\Commons_Automation\Profiles\QA_ICDC.glbl (The system cannot find the file specified)
	at com.kms.katalon.core.main.TestCaseMain.getGlobalVariables(TestCaseMain.java:177)
	... 19 more


2021-04-16 14:55:28 - [TEST_STEP][PASSED] - openBrowser(""): Browser is opened with url: ''

2021-04-16 14:55:29 - [MESSAGE][INFO] - Starting 'Chrome (headless)' driver

2021-04-16 14:55:29 - [MESSAGE][INFO] - User set preference: ['args', '[--no-sandbox]']

2021-04-16 14:55:29 - [MESSAGE][INFO] - Action delay is set to 5,000 milliseconds

2021-04-16 14:55:40 - [MESSAGE][PASSED] - Browser is opened with url: ''

2021-04-16 14:55:40 - [TEST_STEP][PASSED] - maximizeWindow(): Current window maximized

2021-04-16 14:55:40 - [MESSAGE][PASSED] - Current window maximized

2021-04-16 14:55:40 - [TEST_STEP][PASSED] - "Driver opened by Katalon is used in Selenium from this step.": null

2021-04-16 14:55:40 - [TEST_STEP][ERROR] - ctdc.utilities.runtestcaseforKatalon.RunKatalon("TC28_Canine_StudyUBC-AllBreeds_StageOfDisease.xlsx"): Could not evaluate variable of profile: QA_ICDC. Details: java.io.FileNotFoundException: C:\Users\radhakrishnang2\Desktop\Commons_Automation\Profiles\QA_ICDC.glbl (The system cannot find the file specified)

2021-04-16 14:55:40 - [MESSAGE][PASSED] - Test case file loaded This is the full filepath after converting to string :C:\Users\radhakrishnang2\Desktop\Commons_Automation\InputFiles\TC28_Canine_StudyUBC-AllBreeds_StageOfDisease.xlsx

2021-04-16 14:55:40 - [MESSAGE][INFO] - Global variable set for password file is :  C:\Users\radhakrishnang2\Desktop\Commons_Automation\InputFiles\TC28_Canine_StudyUBC-AllBreeds_StageOfDisease.xlsx

2021-04-16 14:55:42 - [MESSAGE][PASSED] - Data loaded from input file for the test case. 

2021-04-16 14:55:45 - [MESSAGE][ERROR] - Could not evaluate variable of profile: QA_ICDC. Details: java.io.FileNotFoundException: C:\Users\radhakrishnang2\Desktop\Commons_Automation\Profiles\QA_ICDC.glbl (The system cannot find the file specified)]]></system-out>
         <system-err><![CDATA[2021-04-16 14:55:24 - [TEST_CASE][ERROR] - Test Cases/Canine_TestCases/Study-Combinations/TC28_Canine_StudyUBC-AllBreeds_StageOfDisease: Test Cases/Canine_TestCases/Study-Combinations/TC28_Canine_StudyUBC-AllBreeds_StageOfDisease FAILED.
Reason:
com.kms.katalon.core.exception.KatalonRuntimeException: Could not evaluate variable of profile: QA_ICDC. Details: java.io.FileNotFoundException: C:\Users\radhakrishnang2\Desktop\Commons_Automation\Profiles\QA_ICDC.glbl (The system cannot find the file specified)
	at com.kms.katalon.core.main.TestCaseMain.getGlobalVariables(TestCaseMain.java:194)
	at com.kms.katalon.core.main.TestCaseMain$getGlobalVariables$1.call(Unknown Source)
	at internal.GlobalVariable.<clinit>(GlobalVariable.groovy:449)
	at ctdc.utilities.runtestcaseforKatalon.RunKatalon(runtestcaseforKatalon.groovy:66)
	at ctdc.utilities.runtestcaseforKatalon.invokeMethod(runtestcaseforKatalon.groovy)
	at com.kms.katalon.core.main.CustomKeywordDelegatingMetaClass.invokeStaticMethod(CustomKeywordDelegatingMetaClass.java:50)
	at TC28_Canine_StudyUBC-AllBreeds_StageOfDisease.run(TC28_Canine_StudyUBC-AllBreeds_StageOfDisease:41)
	at com.kms.katalon.core.main.ScriptEngine.run(ScriptEngine.java:194)
	at com.kms.katalon.core.main.ScriptEngine.runScriptAsRawText(ScriptEngine.java:119)
	at com.kms.katalon.core.main.TestCaseExecutor.runScript(TestCaseExecutor.java:339)
	at com.kms.katalon.core.main.TestCaseExecutor.doExecute(TestCaseExecutor.java:330)
	at com.kms.katalon.core.main.TestCaseExecutor.processExecutionPhase(TestCaseExecutor.java:309)
	at com.kms.katalon.core.main.TestCaseExecutor.accessMainPhase(TestCaseExecutor.java:301)
	at com.kms.katalon.core.main.TestCaseExecutor.execute(TestCaseExecutor.java:235)
	at com.kms.katalon.core.main.TestSuiteExecutor.accessTestCaseMainPhase(TestSuiteExecutor.java:191)
	at com.kms.katalon.core.main.TestSuiteExecutor.accessTestSuiteMainPhase(TestSuiteExecutor.java:141)
	at com.kms.katalon.core.main.TestSuiteExecutor.execute(TestSuiteExecutor.java:90)
	at com.kms.katalon.core.main.TestCaseMain.startTestSuite(TestCaseMain.java:157)
	at com.kms.katalon.core.main.TestCaseMain$startTestSuite$0.call(Unknown Source)
	at TempTestSuite1618610111328.run(TempTestSuite1618610111328.groovy:39)
Caused by: java.io.FileNotFoundException: C:\Users\radhakrishnang2\Desktop\Commons_Automation\Profiles\QA_ICDC.glbl (The system cannot find the file specified)
	at com.kms.katalon.core.main.TestCaseMain.getGlobalVariables(TestCaseMain.java:177)
	... 19 more]]></system-err>
      </testcase>
      <testcase name="Test Cases/Canine_TestCases/Study-Combinations/TC29_Canine_StudyUBC-AllBreeds_StageOfDisease" time="6.78" classname="Test Cases/Canine_TestCases/Study-Combinations/TC29_Canine_StudyUBC-AllBreeds_StageOfDisease" status="ERROR">
         <error type="ERROR" message="Test Cases/Canine_TestCases/Study-Combinations/TC29_Canine_StudyUBC-AllBreeds_StageOfDisease FAILED.
Reason:
java.lang.NullPointerException: null value in entry: url=null
	at com.google.common.collect.CollectPreconditions.checkEntryNotNull(CollectPreconditions.java:32)
	at com.google.common.collect.SingletonImmutableBiMap.&lt;init>(SingletonImmutableBiMap.java:42)
	at com.google.common.collect.ImmutableBiMap.of(ImmutableBiMap.java:72)
	at com.google.common.collect.ImmutableMap.of(ImmutableMap.java:124)
	at org.openqa.selenium.remote.RemoteWebDriver.get(RemoteWebDriver.java:277)
	at org.openqa.selenium.WebDriver$get.call(Unknown Source)
	at ctdc.utilities.runtestcaseforKatalon.excelparsingKatalon(runtestcaseforKatalon.groovy:137)
	at ctdc.utilities.runtestcaseforKatalon.RunKatalon(runtestcaseforKatalon.groovy:103)
	at ctdc.utilities.runtestcaseforKatalon.invokeMethod(runtestcaseforKatalon.groovy)
	at com.kms.katalon.core.main.CustomKeywordDelegatingMetaClass.invokeStaticMethod(CustomKeywordDelegatingMetaClass.java:50)
	at TC29_Canine_StudyUBC-AllBreeds_StageOfDisease.run(TC29_Canine_StudyUBC-AllBreeds_StageOfDisease:41)
	at com.kms.katalon.core.main.ScriptEngine.run(ScriptEngine.java:194)
	at com.kms.katalon.core.main.ScriptEngine.runScriptAsRawText(ScriptEngine.java:119)
	at com.kms.katalon.core.main.TestCaseExecutor.runScript(TestCaseExecutor.java:339)
	at com.kms.katalon.core.main.TestCaseExecutor.doExecute(TestCaseExecutor.java:330)
	at com.kms.katalon.core.main.TestCaseExecutor.processExecutionPhase(TestCaseExecutor.java:309)
	at com.kms.katalon.core.main.TestCaseExecutor.accessMainPhase(TestCaseExecutor.java:301)
	at com.kms.katalon.core.main.TestCaseExecutor.execute(TestCaseExecutor.java:235)
	at com.kms.katalon.core.main.TestSuiteExecutor.accessTestCaseMainPhase(TestSuiteExecutor.java:191)
	at com.kms.katalon.core.main.TestSuiteExecutor.accessTestSuiteMainPhase(TestSuiteExecutor.java:141)
	at com.kms.katalon.core.main.TestSuiteExecutor.execute(TestSuiteExecutor.java:90)
	at com.kms.katalon.core.main.TestCaseMain.startTestSuite(TestCaseMain.java:157)
	at com.kms.katalon.core.main.TestCaseMain$startTestSuite$0.call(Unknown Source)
	at TempTestSuite1618610111328.run(TempTestSuite1618610111328.groovy:39)
"/>
         <system-out><![CDATA[2021-04-16 14:55:45 - [TEST_CASE][ERROR] - Test Cases/Canine_TestCases/Study-Combinations/TC29_Canine_StudyUBC-AllBreeds_StageOfDisease: Test Cases/Canine_TestCases/Study-Combinations/TC29_Canine_StudyUBC-AllBreeds_StageOfDisease FAILED.
Reason:
java.lang.NullPointerException: null value in entry: url=null
	at com.google.common.collect.CollectPreconditions.checkEntryNotNull(CollectPreconditions.java:32)
	at com.google.common.collect.SingletonImmutableBiMap.<init>(SingletonImmutableBiMap.java:42)
	at com.google.common.collect.ImmutableBiMap.of(ImmutableBiMap.java:72)
	at com.google.common.collect.ImmutableMap.of(ImmutableMap.java:124)
	at org.openqa.selenium.remote.RemoteWebDriver.get(RemoteWebDriver.java:277)
	at org.openqa.selenium.WebDriver$get.call(Unknown Source)
	at ctdc.utilities.runtestcaseforKatalon.excelparsingKatalon(runtestcaseforKatalon.groovy:137)
	at ctdc.utilities.runtestcaseforKatalon.RunKatalon(runtestcaseforKatalon.groovy:103)
	at ctdc.utilities.runtestcaseforKatalon.invokeMethod(runtestcaseforKatalon.groovy)
	at com.kms.katalon.core.main.CustomKeywordDelegatingMetaClass.invokeStaticMethod(CustomKeywordDelegatingMetaClass.java:50)
	at TC29_Canine_StudyUBC-AllBreeds_StageOfDisease.run(TC29_Canine_StudyUBC-AllBreeds_StageOfDisease:41)
	at com.kms.katalon.core.main.ScriptEngine.run(ScriptEngine.java:194)
	at com.kms.katalon.core.main.ScriptEngine.runScriptAsRawText(ScriptEngine.java:119)
	at com.kms.katalon.core.main.TestCaseExecutor.runScript(TestCaseExecutor.java:339)
	at com.kms.katalon.core.main.TestCaseExecutor.doExecute(TestCaseExecutor.java:330)
	at com.kms.katalon.core.main.TestCaseExecutor.processExecutionPhase(TestCaseExecutor.java:309)
	at com.kms.katalon.core.main.TestCaseExecutor.accessMainPhase(TestCaseExecutor.java:301)
	at com.kms.katalon.core.main.TestCaseExecutor.execute(TestCaseExecutor.java:235)
	at com.kms.katalon.core.main.TestSuiteExecutor.accessTestCaseMainPhase(TestSuiteExecutor.java:191)
	at com.kms.katalon.core.main.TestSuiteExecutor.accessTestSuiteMainPhase(TestSuiteExecutor.java:141)
	at com.kms.katalon.core.main.TestSuiteExecutor.execute(TestSuiteExecutor.java:90)
	at com.kms.katalon.core.main.TestCaseMain.startTestSuite(TestCaseMain.java:157)
	at com.kms.katalon.core.main.TestCaseMain$startTestSuite$0.call(Unknown Source)
	at TempTestSuite1618610111328.run(TempTestSuite1618610111328.groovy:39)


2021-04-16 14:55:46 - [TEST_STEP][PASSED] - openBrowser(""): Browser is opened with url: ''

2021-04-16 14:55:46 - [MESSAGE][WARNING] - A browser is already opened. Closing browser and opening a new one

2021-04-16 14:55:47 - [MESSAGE][INFO] - Starting 'Chrome (headless)' driver

2021-04-16 14:55:47 - [MESSAGE][INFO] - User set preference: ['args', '[--no-sandbox]']

2021-04-16 14:55:47 - [MESSAGE][INFO] - Action delay is set to 5,000 milliseconds

2021-04-16 14:55:49 - [MESSAGE][PASSED] - Browser is opened with url: ''

2021-04-16 14:55:49 - [TEST_STEP][PASSED] - maximizeWindow(): Current window maximized

2021-04-16 14:55:50 - [MESSAGE][PASSED] - Current window maximized

2021-04-16 14:55:50 - [TEST_STEP][PASSED] - "Driver opened by Katalon is used in Selenium from this step.": null

2021-04-16 14:55:50 - [TEST_STEP][ERROR] - ctdc.utilities.runtestcaseforKatalon.RunKatalon("TC29_Canine_StudyUBC-AllBreeds_StageOfDisease.xlsx"): null value in entry: url=null

2021-04-16 14:55:50 - [MESSAGE][PASSED] - Test case file loaded This is the full filepath after converting to string :C:\Users\radhakrishnang2\Desktop\Commons_Automation\InputFiles\TC29_Canine_StudyUBC-AllBreeds_StageOfDisease.xlsx

2021-04-16 14:55:50 - [MESSAGE][INFO] - Global variable set for password file is :  C:\Users\radhakrishnang2\Desktop\Commons_Automation\InputFiles\TC29_Canine_StudyUBC-AllBreeds_StageOfDisease.xlsx

2021-04-16 14:55:50 - [MESSAGE][PASSED] - Data loaded from input file for the test case. 

2021-04-16 14:55:52 - [MESSAGE][ERROR] - null value in entry: url=null]]></system-out>
         <system-err><![CDATA[2021-04-16 14:55:45 - [TEST_CASE][ERROR] - Test Cases/Canine_TestCases/Study-Combinations/TC29_Canine_StudyUBC-AllBreeds_StageOfDisease: Test Cases/Canine_TestCases/Study-Combinations/TC29_Canine_StudyUBC-AllBreeds_StageOfDisease FAILED.
Reason:
java.lang.NullPointerException: null value in entry: url=null
	at com.google.common.collect.CollectPreconditions.checkEntryNotNull(CollectPreconditions.java:32)
	at com.google.common.collect.SingletonImmutableBiMap.<init>(SingletonImmutableBiMap.java:42)
	at com.google.common.collect.ImmutableBiMap.of(ImmutableBiMap.java:72)
	at com.google.common.collect.ImmutableMap.of(ImmutableMap.java:124)
	at org.openqa.selenium.remote.RemoteWebDriver.get(RemoteWebDriver.java:277)
	at org.openqa.selenium.WebDriver$get.call(Unknown Source)
	at ctdc.utilities.runtestcaseforKatalon.excelparsingKatalon(runtestcaseforKatalon.groovy:137)
	at ctdc.utilities.runtestcaseforKatalon.RunKatalon(runtestcaseforKatalon.groovy:103)
	at ctdc.utilities.runtestcaseforKatalon.invokeMethod(runtestcaseforKatalon.groovy)
	at com.kms.katalon.core.main.CustomKeywordDelegatingMetaClass.invokeStaticMethod(CustomKeywordDelegatingMetaClass.java:50)
	at TC29_Canine_StudyUBC-AllBreeds_StageOfDisease.run(TC29_Canine_StudyUBC-AllBreeds_StageOfDisease:41)
	at com.kms.katalon.core.main.ScriptEngine.run(ScriptEngine.java:194)
	at com.kms.katalon.core.main.ScriptEngine.runScriptAsRawText(ScriptEngine.java:119)
	at com.kms.katalon.core.main.TestCaseExecutor.runScript(TestCaseExecutor.java:339)
	at com.kms.katalon.core.main.TestCaseExecutor.doExecute(TestCaseExecutor.java:330)
	at com.kms.katalon.core.main.TestCaseExecutor.processExecutionPhase(TestCaseExecutor.java:309)
	at com.kms.katalon.core.main.TestCaseExecutor.accessMainPhase(TestCaseExecutor.java:301)
	at com.kms.katalon.core.main.TestCaseExecutor.execute(TestCaseExecutor.java:235)
	at com.kms.katalon.core.main.TestSuiteExecutor.accessTestCaseMainPhase(TestSuiteExecutor.java:191)
	at com.kms.katalon.core.main.TestSuiteExecutor.accessTestSuiteMainPhase(TestSuiteExecutor.java:141)
	at com.kms.katalon.core.main.TestSuiteExecutor.execute(TestSuiteExecutor.java:90)
	at com.kms.katalon.core.main.TestCaseMain.startTestSuite(TestCaseMain.java:157)
	at com.kms.katalon.core.main.TestCaseMain$startTestSuite$0.call(Unknown Source)
	at TempTestSuite1618610111328.run(TempTestSuite1618610111328.groovy:39)]]></system-err>
      </testcase>
      <testcase name="Test Cases/Canine_TestCases/Study-Combinations/TC30_Canine_StudyUBC-AllBreeds_StageOfDisease" time="6.953" classname="Test Cases/Canine_TestCases/Study-Combinations/TC30_Canine_StudyUBC-AllBreeds_StageOfDisease" status="ERROR">
         <error type="ERROR" message="Test Cases/Canine_TestCases/Study-Combinations/TC30_Canine_StudyUBC-AllBreeds_StageOfDisease FAILED.
Reason:
java.lang.NullPointerException: null value in entry: url=null
	at com.google.common.collect.CollectPreconditions.checkEntryNotNull(CollectPreconditions.java:32)
	at com.google.common.collect.SingletonImmutableBiMap.&lt;init>(SingletonImmutableBiMap.java:42)
	at com.google.common.collect.ImmutableBiMap.of(ImmutableBiMap.java:72)
	at com.google.common.collect.ImmutableMap.of(ImmutableMap.java:124)
	at org.openqa.selenium.remote.RemoteWebDriver.get(RemoteWebDriver.java:277)
	at org.openqa.selenium.WebDriver$get.call(Unknown Source)
	at ctdc.utilities.runtestcaseforKatalon.excelparsingKatalon(runtestcaseforKatalon.groovy:137)
	at ctdc.utilities.runtestcaseforKatalon.RunKatalon(runtestcaseforKatalon.groovy:103)
	at ctdc.utilities.runtestcaseforKatalon.invokeMethod(runtestcaseforKatalon.groovy)
	at com.kms.katalon.core.main.CustomKeywordDelegatingMetaClass.invokeStaticMethod(CustomKeywordDelegatingMetaClass.java:50)
	at TC30_Canine_StudyUBC-AllBreeds_StageOfDisease.run(TC30_Canine_StudyUBC-AllBreeds_StageOfDisease:41)
	at com.kms.katalon.core.main.ScriptEngine.run(ScriptEngine.java:194)
	at com.kms.katalon.core.main.ScriptEngine.runScriptAsRawText(ScriptEngine.java:119)
	at com.kms.katalon.core.main.TestCaseExecutor.runScript(TestCaseExecutor.java:339)
	at com.kms.katalon.core.main.TestCaseExecutor.doExecute(TestCaseExecutor.java:330)
	at com.kms.katalon.core.main.TestCaseExecutor.processExecutionPhase(TestCaseExecutor.java:309)
	at com.kms.katalon.core.main.TestCaseExecutor.accessMainPhase(TestCaseExecutor.java:301)
	at com.kms.katalon.core.main.TestCaseExecutor.execute(TestCaseExecutor.java:235)
	at com.kms.katalon.core.main.TestSuiteExecutor.accessTestCaseMainPhase(TestSuiteExecutor.java:191)
	at com.kms.katalon.core.main.TestSuiteExecutor.accessTestSuiteMainPhase(TestSuiteExecutor.java:141)
	at com.kms.katalon.core.main.TestSuiteExecutor.execute(TestSuiteExecutor.java:90)
	at com.kms.katalon.core.main.TestCaseMain.startTestSuite(TestCaseMain.java:157)
	at com.kms.katalon.core.main.TestCaseMain$startTestSuite$0.call(Unknown Source)
	at TempTestSuite1618610111328.run(TempTestSuite1618610111328.groovy:39)
"/>
         <system-out><![CDATA[2021-04-16 14:55:52 - [TEST_CASE][ERROR] - Test Cases/Canine_TestCases/Study-Combinations/TC30_Canine_StudyUBC-AllBreeds_StageOfDisease: Test Cases/Canine_TestCases/Study-Combinations/TC30_Canine_StudyUBC-AllBreeds_StageOfDisease FAILED.
Reason:
java.lang.NullPointerException: null value in entry: url=null
	at com.google.common.collect.CollectPreconditions.checkEntryNotNull(CollectPreconditions.java:32)
	at com.google.common.collect.SingletonImmutableBiMap.<init>(SingletonImmutableBiMap.java:42)
	at com.google.common.collect.ImmutableBiMap.of(ImmutableBiMap.java:72)
	at com.google.common.collect.ImmutableMap.of(ImmutableMap.java:124)
	at org.openqa.selenium.remote.RemoteWebDriver.get(RemoteWebDriver.java:277)
	at org.openqa.selenium.WebDriver$get.call(Unknown Source)
	at ctdc.utilities.runtestcaseforKatalon.excelparsingKatalon(runtestcaseforKatalon.groovy:137)
	at ctdc.utilities.runtestcaseforKatalon.RunKatalon(runtestcaseforKatalon.groovy:103)
	at ctdc.utilities.runtestcaseforKatalon.invokeMethod(runtestcaseforKatalon.groovy)
	at com.kms.katalon.core.main.CustomKeywordDelegatingMetaClass.invokeStaticMethod(CustomKeywordDelegatingMetaClass.java:50)
	at TC30_Canine_StudyUBC-AllBreeds_StageOfDisease.run(TC30_Canine_StudyUBC-AllBreeds_StageOfDisease:41)
	at com.kms.katalon.core.main.ScriptEngine.run(ScriptEngine.java:194)
	at com.kms.katalon.core.main.ScriptEngine.runScriptAsRawText(ScriptEngine.java:119)
	at com.kms.katalon.core.main.TestCaseExecutor.runScript(TestCaseExecutor.java:339)
	at com.kms.katalon.core.main.TestCaseExecutor.doExecute(TestCaseExecutor.java:330)
	at com.kms.katalon.core.main.TestCaseExecutor.processExecutionPhase(TestCaseExecutor.java:309)
	at com.kms.katalon.core.main.TestCaseExecutor.accessMainPhase(TestCaseExecutor.java:301)
	at com.kms.katalon.core.main.TestCaseExecutor.execute(TestCaseExecutor.java:235)
	at com.kms.katalon.core.main.TestSuiteExecutor.accessTestCaseMainPhase(TestSuiteExecutor.java:191)
	at com.kms.katalon.core.main.TestSuiteExecutor.accessTestSuiteMainPhase(TestSuiteExecutor.java:141)
	at com.kms.katalon.core.main.TestSuiteExecutor.execute(TestSuiteExecutor.java:90)
	at com.kms.katalon.core.main.TestCaseMain.startTestSuite(TestCaseMain.java:157)
	at com.kms.katalon.core.main.TestCaseMain$startTestSuite$0.call(Unknown Source)
	at TempTestSuite1618610111328.run(TempTestSuite1618610111328.groovy:39)


2021-04-16 14:55:53 - [TEST_STEP][PASSED] - openBrowser(""): Browser is opened with url: ''

2021-04-16 14:55:53 - [MESSAGE][WARNING] - A browser is already opened. Closing browser and opening a new one

2021-04-16 14:55:54 - [MESSAGE][INFO] - Starting 'Chrome (headless)' driver

2021-04-16 14:55:54 - [MESSAGE][INFO] - User set preference: ['args', '[--no-sandbox]']

2021-04-16 14:55:54 - [MESSAGE][INFO] - Action delay is set to 5,000 milliseconds

2021-04-16 14:55:56 - [MESSAGE][PASSED] - Browser is opened with url: ''

2021-04-16 14:55:56 - [TEST_STEP][PASSED] - maximizeWindow(): Current window maximized

2021-04-16 14:55:56 - [MESSAGE][PASSED] - Current window maximized

2021-04-16 14:55:56 - [TEST_STEP][PASSED] - "Driver opened by Katalon is used in Selenium from this step.": null

2021-04-16 14:55:56 - [TEST_STEP][ERROR] - ctdc.utilities.runtestcaseforKatalon.RunKatalon("TC30_Canine_StudyUBC-AllBreeds_StageOfDisease.xlsx"): null value in entry: url=null

2021-04-16 14:55:56 - [MESSAGE][PASSED] - Test case file loaded This is the full filepath after converting to string :C:\Users\radhakrishnang2\Desktop\Commons_Automation\InputFiles\TC30_Canine_StudyUBC-AllBreeds_StageOfDisease.xlsx

2021-04-16 14:55:56 - [MESSAGE][INFO] - Global variable set for password file is :  C:\Users\radhakrishnang2\Desktop\Commons_Automation\InputFiles\TC30_Canine_StudyUBC-AllBreeds_StageOfDisease.xlsx

2021-04-16 14:55:56 - [MESSAGE][PASSED] - Data loaded from input file for the test case. 

2021-04-16 14:55:58 - [MESSAGE][ERROR] - null value in entry: url=null]]></system-out>
         <system-err><![CDATA[2021-04-16 14:55:52 - [TEST_CASE][ERROR] - Test Cases/Canine_TestCases/Study-Combinations/TC30_Canine_StudyUBC-AllBreeds_StageOfDisease: Test Cases/Canine_TestCases/Study-Combinations/TC30_Canine_StudyUBC-AllBreeds_StageOfDisease FAILED.
Reason:
java.lang.NullPointerException: null value in entry: url=null
	at com.google.common.collect.CollectPreconditions.checkEntryNotNull(CollectPreconditions.java:32)
	at com.google.common.collect.SingletonImmutableBiMap.<init>(SingletonImmutableBiMap.java:42)
	at com.google.common.collect.ImmutableBiMap.of(ImmutableBiMap.java:72)
	at com.google.common.collect.ImmutableMap.of(ImmutableMap.java:124)
	at org.openqa.selenium.remote.RemoteWebDriver.get(RemoteWebDriver.java:277)
	at org.openqa.selenium.WebDriver$get.call(Unknown Source)
	at ctdc.utilities.runtestcaseforKatalon.excelparsingKatalon(runtestcaseforKatalon.groovy:137)
	at ctdc.utilities.runtestcaseforKatalon.RunKatalon(runtestcaseforKatalon.groovy:103)
	at ctdc.utilities.runtestcaseforKatalon.invokeMethod(runtestcaseforKatalon.groovy)
	at com.kms.katalon.core.main.CustomKeywordDelegatingMetaClass.invokeStaticMethod(CustomKeywordDelegatingMetaClass.java:50)
	at TC30_Canine_StudyUBC-AllBreeds_StageOfDisease.run(TC30_Canine_StudyUBC-AllBreeds_StageOfDisease:41)
	at com.kms.katalon.core.main.ScriptEngine.run(ScriptEngine.java:194)
	at com.kms.katalon.core.main.ScriptEngine.runScriptAsRawText(ScriptEngine.java:119)
	at com.kms.katalon.core.main.TestCaseExecutor.runScript(TestCaseExecutor.java:339)
	at com.kms.katalon.core.main.TestCaseExecutor.doExecute(TestCaseExecutor.java:330)
	at com.kms.katalon.core.main.TestCaseExecutor.processExecutionPhase(TestCaseExecutor.java:309)
	at com.kms.katalon.core.main.TestCaseExecutor.accessMainPhase(TestCaseExecutor.java:301)
	at com.kms.katalon.core.main.TestCaseExecutor.execute(TestCaseExecutor.java:235)
	at com.kms.katalon.core.main.TestSuiteExecutor.accessTestCaseMainPhase(TestSuiteExecutor.java:191)
	at com.kms.katalon.core.main.TestSuiteExecutor.accessTestSuiteMainPhase(TestSuiteExecutor.java:141)
	at com.kms.katalon.core.main.TestSuiteExecutor.execute(TestSuiteExecutor.java:90)
	at com.kms.katalon.core.main.TestCaseMain.startTestSuite(TestCaseMain.java:157)
	at com.kms.katalon.core.main.TestCaseMain$startTestSuite$0.call(Unknown Source)
	at TempTestSuite1618610111328.run(TempTestSuite1618610111328.groovy:39)]]></system-err>
      </testcase>
      <testcase name="Test Cases/Canine_TestCases/Study-Combinations/TC31_Canine_StudyUBC-AllBreeds_StageOfDisease" time="8.309" classname="Test Cases/Canine_TestCases/Study-Combinations/TC31_Canine_StudyUBC-AllBreeds_StageOfDisease" status="ERROR">
         <error type="ERROR" message="Test Cases/Canine_TestCases/Study-Combinations/TC31_Canine_StudyUBC-AllBreeds_StageOfDisease FAILED.
Reason:
java.lang.NullPointerException: null value in entry: url=null
	at com.google.common.collect.CollectPreconditions.checkEntryNotNull(CollectPreconditions.java:32)
	at com.google.common.collect.SingletonImmutableBiMap.&lt;init>(SingletonImmutableBiMap.java:42)
	at com.google.common.collect.ImmutableBiMap.of(ImmutableBiMap.java:72)
	at com.google.common.collect.ImmutableMap.of(ImmutableMap.java:124)
	at org.openqa.selenium.remote.RemoteWebDriver.get(RemoteWebDriver.java:277)
	at org.openqa.selenium.WebDriver$get.call(Unknown Source)
	at ctdc.utilities.runtestcaseforKatalon.excelparsingKatalon(runtestcaseforKatalon.groovy:137)
	at ctdc.utilities.runtestcaseforKatalon.RunKatalon(runtestcaseforKatalon.groovy:103)
	at ctdc.utilities.runtestcaseforKatalon.invokeMethod(runtestcaseforKatalon.groovy)
	at com.kms.katalon.core.main.CustomKeywordDelegatingMetaClass.invokeStaticMethod(CustomKeywordDelegatingMetaClass.java:50)
	at TC31_Canine_StudyUBC-AllBreeds_StageOfDisease.run(TC31_Canine_StudyUBC-AllBreeds_StageOfDisease:41)
	at com.kms.katalon.core.main.ScriptEngine.run(ScriptEngine.java:194)
	at com.kms.katalon.core.main.ScriptEngine.runScriptAsRawText(ScriptEngine.java:119)
	at com.kms.katalon.core.main.TestCaseExecutor.runScript(TestCaseExecutor.java:339)
	at com.kms.katalon.core.main.TestCaseExecutor.doExecute(TestCaseExecutor.java:330)
	at com.kms.katalon.core.main.TestCaseExecutor.processExecutionPhase(TestCaseExecutor.java:309)
	at com.kms.katalon.core.main.TestCaseExecutor.accessMainPhase(TestCaseExecutor.java:301)
	at com.kms.katalon.core.main.TestCaseExecutor.execute(TestCaseExecutor.java:235)
	at com.kms.katalon.core.main.TestSuiteExecutor.accessTestCaseMainPhase(TestSuiteExecutor.java:191)
	at com.kms.katalon.core.main.TestSuiteExecutor.accessTestSuiteMainPhase(TestSuiteExecutor.java:141)
	at com.kms.katalon.core.main.TestSuiteExecutor.execute(TestSuiteExecutor.java:90)
	at com.kms.katalon.core.main.TestCaseMain.startTestSuite(TestCaseMain.java:157)
	at com.kms.katalon.core.main.TestCaseMain$startTestSuite$0.call(Unknown Source)
	at TempTestSuite1618610111328.run(TempTestSuite1618610111328.groovy:39)
"/>
         <system-out><![CDATA[2021-04-16 14:55:58 - [TEST_CASE][ERROR] - Test Cases/Canine_TestCases/Study-Combinations/TC31_Canine_StudyUBC-AllBreeds_StageOfDisease: Test Cases/Canine_TestCases/Study-Combinations/TC31_Canine_StudyUBC-AllBreeds_StageOfDisease FAILED.
Reason:
java.lang.NullPointerException: null value in entry: url=null
	at com.google.common.collect.CollectPreconditions.checkEntryNotNull(CollectPreconditions.java:32)
	at com.google.common.collect.SingletonImmutableBiMap.<init>(SingletonImmutableBiMap.java:42)
	at com.google.common.collect.ImmutableBiMap.of(ImmutableBiMap.java:72)
	at com.google.common.collect.ImmutableMap.of(ImmutableMap.java:124)
	at org.openqa.selenium.remote.RemoteWebDriver.get(RemoteWebDriver.java:277)
	at org.openqa.selenium.WebDriver$get.call(Unknown Source)
	at ctdc.utilities.runtestcaseforKatalon.excelparsingKatalon(runtestcaseforKatalon.groovy:137)
	at ctdc.utilities.runtestcaseforKatalon.RunKatalon(runtestcaseforKatalon.groovy:103)
	at ctdc.utilities.runtestcaseforKatalon.invokeMethod(runtestcaseforKatalon.groovy)
	at com.kms.katalon.core.main.CustomKeywordDelegatingMetaClass.invokeStaticMethod(CustomKeywordDelegatingMetaClass.java:50)
	at TC31_Canine_StudyUBC-AllBreeds_StageOfDisease.run(TC31_Canine_StudyUBC-AllBreeds_StageOfDisease:41)
	at com.kms.katalon.core.main.ScriptEngine.run(ScriptEngine.java:194)
	at com.kms.katalon.core.main.ScriptEngine.runScriptAsRawText(ScriptEngine.java:119)
	at com.kms.katalon.core.main.TestCaseExecutor.runScript(TestCaseExecutor.java:339)
	at com.kms.katalon.core.main.TestCaseExecutor.doExecute(TestCaseExecutor.java:330)
	at com.kms.katalon.core.main.TestCaseExecutor.processExecutionPhase(TestCaseExecutor.java:309)
	at com.kms.katalon.core.main.TestCaseExecutor.accessMainPhase(TestCaseExecutor.java:301)
	at com.kms.katalon.core.main.TestCaseExecutor.execute(TestCaseExecutor.java:235)
	at com.kms.katalon.core.main.TestSuiteExecutor.accessTestCaseMainPhase(TestSuiteExecutor.java:191)
	at com.kms.katalon.core.main.TestSuiteExecutor.accessTestSuiteMainPhase(TestSuiteExecutor.java:141)
	at com.kms.katalon.core.main.TestSuiteExecutor.execute(TestSuiteExecutor.java:90)
	at com.kms.katalon.core.main.TestCaseMain.startTestSuite(TestCaseMain.java:157)
	at com.kms.katalon.core.main.TestCaseMain$startTestSuite$0.call(Unknown Source)
	at TempTestSuite1618610111328.run(TempTestSuite1618610111328.groovy:39)


2021-04-16 14:56:01 - [TEST_STEP][PASSED] - openBrowser(""): Browser is opened with url: ''

2021-04-16 14:56:01 - [MESSAGE][WARNING] - A browser is already opened. Closing browser and opening a new one

2021-04-16 14:56:02 - [MESSAGE][INFO] - Starting 'Chrome (headless)' driver

2021-04-16 14:56:02 - [MESSAGE][INFO] - User set preference: ['args', '[--no-sandbox]']

2021-04-16 14:56:02 - [MESSAGE][INFO] - Action delay is set to 5,000 milliseconds

2021-04-16 14:56:04 - [MESSAGE][PASSED] - Browser is opened with url: ''

2021-04-16 14:56:04 - [TEST_STEP][PASSED] - maximizeWindow(): Current window maximized

2021-04-16 14:56:04 - [MESSAGE][PASSED] - Current window maximized

2021-04-16 14:56:04 - [TEST_STEP][PASSED] - "Driver opened by Katalon is used in Selenium from this step.": null

2021-04-16 14:56:04 - [TEST_STEP][ERROR] - ctdc.utilities.runtestcaseforKatalon.RunKatalon("TC31_Canine_StudyUBC-AllBreeds_StageOfDisease.xlsx"): null value in entry: url=null

2021-04-16 14:56:04 - [MESSAGE][PASSED] - Test case file loaded This is the full filepath after converting to string :C:\Users\radhakrishnang2\Desktop\Commons_Automation\InputFiles\TC31_Canine_StudyUBC-AllBreeds_StageOfDisease.xlsx

2021-04-16 14:56:04 - [MESSAGE][INFO] - Global variable set for password file is :  C:\Users\radhakrishnang2\Desktop\Commons_Automation\InputFiles\TC31_Canine_StudyUBC-AllBreeds_StageOfDisease.xlsx

2021-04-16 14:56:05 - [MESSAGE][PASSED] - Data loaded from input file for the test case. 

2021-04-16 14:56:07 - [MESSAGE][ERROR] - null value in entry: url=null]]></system-out>
         <system-err><![CDATA[2021-04-16 14:55:58 - [TEST_CASE][ERROR] - Test Cases/Canine_TestCases/Study-Combinations/TC31_Canine_StudyUBC-AllBreeds_StageOfDisease: Test Cases/Canine_TestCases/Study-Combinations/TC31_Canine_StudyUBC-AllBreeds_StageOfDisease FAILED.
Reason:
java.lang.NullPointerException: null value in entry: url=null
	at com.google.common.collect.CollectPreconditions.checkEntryNotNull(CollectPreconditions.java:32)
	at com.google.common.collect.SingletonImmutableBiMap.<init>(SingletonImmutableBiMap.java:42)
	at com.google.common.collect.ImmutableBiMap.of(ImmutableBiMap.java:72)
	at com.google.common.collect.ImmutableMap.of(ImmutableMap.java:124)
	at org.openqa.selenium.remote.RemoteWebDriver.get(RemoteWebDriver.java:277)
	at org.openqa.selenium.WebDriver$get.call(Unknown Source)
	at ctdc.utilities.runtestcaseforKatalon.excelparsingKatalon(runtestcaseforKatalon.groovy:137)
	at ctdc.utilities.runtestcaseforKatalon.RunKatalon(runtestcaseforKatalon.groovy:103)
	at ctdc.utilities.runtestcaseforKatalon.invokeMethod(runtestcaseforKatalon.groovy)
	at com.kms.katalon.core.main.CustomKeywordDelegatingMetaClass.invokeStaticMethod(CustomKeywordDelegatingMetaClass.java:50)
	at TC31_Canine_StudyUBC-AllBreeds_StageOfDisease.run(TC31_Canine_StudyUBC-AllBreeds_StageOfDisease:41)
	at com.kms.katalon.core.main.ScriptEngine.run(ScriptEngine.java:194)
	at com.kms.katalon.core.main.ScriptEngine.runScriptAsRawText(ScriptEngine.java:119)
	at com.kms.katalon.core.main.TestCaseExecutor.runScript(TestCaseExecutor.java:339)
	at com.kms.katalon.core.main.TestCaseExecutor.doExecute(TestCaseExecutor.java:330)
	at com.kms.katalon.core.main.TestCaseExecutor.processExecutionPhase(TestCaseExecutor.java:309)
	at com.kms.katalon.core.main.TestCaseExecutor.accessMainPhase(TestCaseExecutor.java:301)
	at com.kms.katalon.core.main.TestCaseExecutor.execute(TestCaseExecutor.java:235)
	at com.kms.katalon.core.main.TestSuiteExecutor.accessTestCaseMainPhase(TestSuiteExecutor.java:191)
	at com.kms.katalon.core.main.TestSuiteExecutor.accessTestSuiteMainPhase(TestSuiteExecutor.java:141)
	at com.kms.katalon.core.main.TestSuiteExecutor.execute(TestSuiteExecutor.java:90)
	at com.kms.katalon.core.main.TestCaseMain.startTestSuite(TestCaseMain.java:157)
	at com.kms.katalon.core.main.TestCaseMain$startTestSuite$0.call(Unknown Source)
	at TempTestSuite1618610111328.run(TempTestSuite1618610111328.groovy:39)]]></system-err>
      </testcase>
      <system-out><![CDATA[2021-04-16 14:55:23 - [TEST_SUITE][ERROR] - ICDC_NewStudy: Test Cases/Canine_TestCases/Study-Combinations/TC28_Canine_StudyUBC-AllBreeds_StageOfDisease FAILED.
Reason:
com.kms.katalon.core.exception.KatalonRuntimeException: Could not evaluate variable of profile: QA_ICDC. Details: java.io.FileNotFoundException: C:\Users\radhakrishnang2\Desktop\Commons_Automation\Profiles\QA_ICDC.glbl (The system cannot find the file specified)
	at com.kms.katalon.core.main.TestCaseMain.getGlobalVariables(TestCaseMain.java:194)
	at com.kms.katalon.core.main.TestCaseMain$getGlobalVariables$1.call(Unknown Source)
	at internal.GlobalVariable.<clinit>(GlobalVariable.groovy:449)
	at ctdc.utilities.runtestcaseforKatalon.RunKatalon(runtestcaseforKatalon.groovy:66)
	at ctdc.utilities.runtestcaseforKatalon.invokeMethod(runtestcaseforKatalon.groovy)
	at com.kms.katalon.core.main.CustomKeywordDelegatingMetaClass.invokeStaticMethod(CustomKeywordDelegatingMetaClass.java:50)
	at TC28_Canine_StudyUBC-AllBreeds_StageOfDisease.run(TC28_Canine_StudyUBC-AllBreeds_StageOfDisease:41)
	at com.kms.katalon.core.main.ScriptEngine.run(ScriptEngine.java:194)
	at com.kms.katalon.core.main.ScriptEngine.runScriptAsRawText(ScriptEngine.java:119)
	at com.kms.katalon.core.main.TestCaseExecutor.runScript(TestCaseExecutor.java:339)
	at com.kms.katalon.core.main.TestCaseExecutor.doExecute(TestCaseExecutor.java:330)
	at com.kms.katalon.core.main.TestCaseExecutor.processExecutionPhase(TestCaseExecutor.java:309)
	at com.kms.katalon.core.main.TestCaseExecutor.accessMainPhase(TestCaseExecutor.java:301)
	at com.kms.katalon.core.main.TestCaseExecutor.execute(TestCaseExecutor.java:235)
	at com.kms.katalon.core.main.TestSuiteExecutor.accessTestCaseMainPhase(TestSuiteExecutor.java:191)
	at com.kms.katalon.core.main.TestSuiteExecutor.accessTestSuiteMainPhase(TestSuiteExecutor.java:141)
	at com.kms.katalon.core.main.TestSuiteExecutor.execute(TestSuiteExecutor.java:90)
	at com.kms.katalon.core.main.TestCaseMain.startTestSuite(TestCaseMain.java:157)
	at com.kms.katalon.core.main.TestCaseMain$startTestSuite$0.call(Unknown Source)
	at TempTestSuite1618610111328.run(TempTestSuite1618610111328.groovy:39)
Caused by: java.io.FileNotFoundException: C:\Users\radhakrishnang2\Desktop\Commons_Automation\Profiles\QA_ICDC.glbl (The system cannot find the file specified)
	at com.kms.katalon.core.main.TestCaseMain.getGlobalVariables(TestCaseMain.java:177)
	... 19 more]]></system-out>
      <system-err><![CDATA[2021-04-16 14:55:23 - [TEST_SUITE][ERROR] - ICDC_NewStudy: Test Cases/Canine_TestCases/Study-Combinations/TC28_Canine_StudyUBC-AllBreeds_StageOfDisease FAILED.
Reason:
com.kms.katalon.core.exception.KatalonRuntimeException: Could not evaluate variable of profile: QA_ICDC. Details: java.io.FileNotFoundException: C:\Users\radhakrishnang2\Desktop\Commons_Automation\Profiles\QA_ICDC.glbl (The system cannot find the file specified)
	at com.kms.katalon.core.main.TestCaseMain.getGlobalVariables(TestCaseMain.java:194)
	at com.kms.katalon.core.main.TestCaseMain$getGlobalVariables$1.call(Unknown Source)
	at internal.GlobalVariable.<clinit>(GlobalVariable.groovy:449)
	at ctdc.utilities.runtestcaseforKatalon.RunKatalon(runtestcaseforKatalon.groovy:66)
	at ctdc.utilities.runtestcaseforKatalon.invokeMethod(runtestcaseforKatalon.groovy)
	at com.kms.katalon.core.main.CustomKeywordDelegatingMetaClass.invokeStaticMethod(CustomKeywordDelegatingMetaClass.java:50)
	at TC28_Canine_StudyUBC-AllBreeds_StageOfDisease.run(TC28_Canine_StudyUBC-AllBreeds_StageOfDisease:41)
	at com.kms.katalon.core.main.ScriptEngine.run(ScriptEngine.java:194)
	at com.kms.katalon.core.main.ScriptEngine.runScriptAsRawText(ScriptEngine.java:119)
	at com.kms.katalon.core.main.TestCaseExecutor.runScript(TestCaseExecutor.java:339)
	at com.kms.katalon.core.main.TestCaseExecutor.doExecute(TestCaseExecutor.java:330)
	at com.kms.katalon.core.main.TestCaseExecutor.processExecutionPhase(TestCaseExecutor.java:309)
	at com.kms.katalon.core.main.TestCaseExecutor.accessMainPhase(TestCaseExecutor.java:301)
	at com.kms.katalon.core.main.TestCaseExecutor.execute(TestCaseExecutor.java:235)
	at com.kms.katalon.core.main.TestSuiteExecutor.accessTestCaseMainPhase(TestSuiteExecutor.java:191)
	at com.kms.katalon.core.main.TestSuiteExecutor.accessTestSuiteMainPhase(TestSuiteExecutor.java:141)
	at com.kms.katalon.core.main.TestSuiteExecutor.execute(TestSuiteExecutor.java:90)
	at com.kms.katalon.core.main.TestCaseMain.startTestSuite(TestCaseMain.java:157)
	at com.kms.katalon.core.main.TestCaseMain$startTestSuite$0.call(Unknown Source)
	at TempTestSuite1618610111328.run(TempTestSuite1618610111328.groovy:39)
Caused by: java.io.FileNotFoundException: C:\Users\radhakrishnang2\Desktop\Commons_Automation\Profiles\QA_ICDC.glbl (The system cannot find the file specified)
	at com.kms.katalon.core.main.TestCaseMain.getGlobalVariables(TestCaseMain.java:177)
	... 19 more]]></system-err>
   </testsuite>
</testsuites>
