<?xml version="1.0" encoding="UTF-8"?>
<testsuites name="G_sandboxTestSuite" time="1103.51" tests="10" failures="1" errors="4">
   <testsuite name="G_sandboxTestSuite" tests="10" failures="1" errors="4" time="1103.51" timestamp="2020-09-15 07:51:27" hostname="radhakrishnang2 - NCI-02150368-L.nci.nih.gov" id="Test Suites/G_sandboxTestSuite">
      <properties>
         <property name="deviceName" value=""/>
         <property name="devicePlatform" value=""/>
         <property name="logFolder" value="C:\\Users\\radhakrishnang2\\Desktop\\Commons_Automation\\Reports\\20200915_075122\\G_sandboxTestSuite\\20200915_075122"/>
         <property name="logFiles" value="C:\\Users\\radhakrishnang2\\Desktop\\Commons_Automation\\Reports\\20200915_075122\\G_sandboxTestSuite\\20200915_075122\\execution0.log"/>
         <property name="attachments" value="C:\\Users\\radhakrishnang2\\Desktop\\Commons_Automation\\Reports\\20200915_075122\\G_sandboxTestSuite\\20200915_075122\\1600182161021.png"/>
         <property name="hostName" value="radhakrishnang2 - NCI-02150368-L.nci.nih.gov"/>
         <property name="os" value="Windows 10 64bit"/>
         <property name="katalonVersion" value="7.4.0.1"/>
         <property name="browser" value="Firefox 68.0"/>
         <property name="hostAddress" value="10.243.4.231"/>
         <property name="sessionId" value="f2d8e608-49df-4dbd-848d-bebd859cd69e"/>
         <property name="seleniumVersion" value="3.141.59"/>
         <property name="proxyInformation" value="ProxyInformation{proxyOption=NO_PROXY, proxyServerType=HTTP, password=, proxyServerAddress=, proxyServerPort=0, executionList=}"/>
         <property name="platform" value="Windows 10"/>
      </properties>
      <testcase name="Test Cases/Canine_TestCases/Breed/TC01_Canine_Filter_Breed-Akita" time="101.532" classname="Test Cases/Canine_TestCases/Breed/TC01_Canine_Filter_Breed-Akita" status="PASSED">
         <system-out><![CDATA[2020-09-15 07:51:27 - [TEST_CASE][PASSED] - Test Cases/Canine_TestCases/Breed/TC01_Canine_Filter_Breed-Akita: Test Cases/Canine_TestCases/Breed/TC01_Canine_Filter_Breed-Akita

2020-09-15 07:51:28 - [TEST_STEP][PASSED] - closeBrowser(): Browser is closed

2020-09-15 07:51:28 - [MESSAGE][PASSED] - Browser is closed

2020-09-15 07:51:28 - [TEST_STEP][PASSED] - openBrowser(""): Browser is opened with url: ''

2020-09-15 07:51:28 - [MESSAGE][INFO] - Starting 'Firefox' driver

2020-09-15 07:51:29 - [MESSAGE][INFO] - User set preference: ['args', '[--no-sandbox]']

2020-09-15 07:51:29 - [MESSAGE][INFO] - Action delay is set to 5,000 milliseconds

2020-09-15 07:51:35 - [MESSAGE][PASSED] - Browser is opened with url: ''

2020-09-15 07:51:35 - [TEST_STEP][PASSED] - maximizeWindow(): Current window maximized

2020-09-15 07:51:35 - [MESSAGE][PASSED] - Current window maximized

2020-09-15 07:51:35 - [TEST_STEP][PASSED] - ctdc.utilities.runtestcaseforKatalon.testSetup(""): ctdc.utilities.runtestcaseforKatalon.testSetup is PASSED

2020-09-15 07:51:35 - [MESSAGE][PASSED] - ctdc.utilities.runtestcaseforKatalon.testSetup is PASSED

2020-09-15 07:51:35 - [TEST_STEP][PASSED] - ctdc.utilities.runtestcaseforKatalon.RunKatalon("TC01_Canine_Filter_Breed-Akita.xlsx"): Data loaded from input file for the test case. 

2020-09-15 07:51:35 - [MESSAGE][PASSED] - Test case file loaded This is the full filepath after converting to string :C:\Users\radhakrishnang2\Desktop\Commons_Automation\InputFiles\TC01_Canine_Filter_Breed-Akita.xlsx

2020-09-15 07:51:36 - [MESSAGE][WARNING] - Test object id is null

2020-09-15 07:51:36 - [MESSAGE][INFO] - Global variable set for password file is :  C:\Users\radhakrishnang2\Desktop\Commons_Automation\InputFiles\TC01_Canine_Filter_Breed-Akita.xlsx

2020-09-15 07:51:38 - [MESSAGE][PASSED] - Data loaded from input file for the test case. 

2020-09-15 07:51:47 - [TEST_STEP][PASSED] - click(findTestObject("Canine/NavBar/Canine_Cases_Btn")): Object: 'Object Repository/Canine/NavBar/Canine_Cases_Btn' is clicked on

2020-09-15 07:51:53 - [MESSAGE][PASSED] - Object: 'Object Repository/Canine/NavBar/Canine_Cases_Btn' is clicked on

2020-09-15 07:51:53 - [TEST_STEP][PASSED] - waitForElementPresent(findTestObject("Object Repository/Canine/Filter/Breed/BREED_Ddn"), 5): Object 'Object Repository/Canine/Filter/Breed/BREED_Ddn' is present

2020-09-15 07:51:56 - [MESSAGE][PASSED] - Object 'Object Repository/Canine/Filter/Breed/BREED_Ddn' is present

2020-09-15 07:51:56 - [TEST_STEP][PASSED] - click(findTestObject("Object Repository/Canine/Filter/Breed/BREED_Ddn")): Object: 'Object Repository/Canine/Filter/Breed/BREED_Ddn' is clicked on

2020-09-15 07:52:03 - [MESSAGE][PASSED] - Object: 'Object Repository/Canine/Filter/Breed/BREED_Ddn' is clicked on

2020-09-15 07:52:03 - [TEST_STEP][PASSED] - click(findTestObject("Object Repository/Canine/Filter/Breed/Akita_Chkbx")): Object: 'Object Repository/Canine/Filter/Breed/Akita_Chkbx' is clicked on

2020-09-15 07:52:10 - [MESSAGE][PASSED] - Object: 'Object Repository/Canine/Filter/Breed/Akita_Chkbx' is clicked on

2020-09-15 07:52:10 - [TEST_STEP][PASSED] - ctdc.utilities.runtestcaseforKatalon.readStatBar("Object Repository/Canine/StatBar/Canine_StatBar-Files", "Object Repository/Canine/StatBar/Canine_StatBar-Samples", "Object Repository/Canine/StatBar/Canine_StatBar-Cases", "Object Repository/Canine/StatBar/Canine_StatBar-Studies"): ctdc.utilities.runtestcaseforKatalon.readStatBar is PASSED

2020-09-15 07:52:13 - [MESSAGE][PASSED] - ctdc.utilities.runtestcaseforKatalon.readStatBar is PASSED

2020-09-15 07:52:13 - [TEST_STEP][PASSED] - click(findTestObject("Object Repository/Canine/CanineResults_Cases_Tab")): Object: 'Object Repository/Canine/CanineResults_Cases_Tab' is clicked on

2020-09-15 07:52:18 - [MESSAGE][PASSED] - Object: 'Object Repository/Canine/CanineResults_Cases_Tab' is clicked on

2020-09-15 07:52:18 - [TEST_STEP][PASSED] - ctdc.utilities.runtestcaseforKatalon.multiFunction(G_StatBar_Cases, "Object Repository/Canine/Canine_CasesTable", "Object Repository/Canine/Canine_TableHeader", "Object Repository/Canine/Canine_CasesTabNextBtn", G_WebTabnameCases, G_CypherTabnameCases, G_QueryCasesTab): Statbar Studies count matches

2020-09-15 07:52:32 - [MESSAGE][PASSED] - Statbar Files count matches

2020-09-15 07:52:32 - [MESSAGE][PASSED] - Statbar Samples count matches

2020-09-15 07:52:32 - [MESSAGE][PASSED] - Statbar Cases count matches

2020-09-15 07:52:32 - [MESSAGE][PASSED] - Statbar Studies count matches

2020-09-15 07:52:32 - [TEST_STEP][PASSED] - click(findTestObject("Object Repository/Canine/CanineResults_Samples_Tab")): Object: 'Object Repository/Canine/CanineResults_Samples_Tab' is clicked on

2020-09-15 07:52:38 - [MESSAGE][PASSED] - Object: 'Object Repository/Canine/CanineResults_Samples_Tab' is clicked on

2020-09-15 07:52:38 - [TEST_STEP][PASSED] - ctdc.utilities.runtestcaseforKatalon.multiFunction(G_StatBar_Samples, "Object Repository/Canine/Canine_Samples_Table", "Object Repository/Canine/Canine_Samples_TableHdr", "Object Repository/Canine/Canine_SamplesTabNextBtn", G_WebTabnameSamples, G_CypherTabnameSamples, G_QuerySamplesTab): Statbar Studies count matches

2020-09-15 07:52:52 - [MESSAGE][PASSED] - Statbar Files count matches

2020-09-15 07:52:52 - [MESSAGE][PASSED] - Statbar Samples count matches

2020-09-15 07:52:52 - [MESSAGE][PASSED] - Statbar Cases count matches

2020-09-15 07:52:52 - [MESSAGE][PASSED] - Statbar Studies count matches

2020-09-15 07:52:52 - [TEST_STEP][PASSED] - click(findTestObject("Object Repository/Canine/CanineResults_Files_Tab")): Object: 'Object Repository/Canine/CanineResults_Files_Tab' is clicked on

2020-09-15 07:52:58 - [MESSAGE][PASSED] - Object: 'Object Repository/Canine/CanineResults_Files_Tab' is clicked on

2020-09-15 07:52:58 - [TEST_STEP][PASSED] - ctdc.utilities.runtestcaseforKatalon.multiFunction(G_StatBar_Files, "Object Repository/Canine/Canine_Files_Table", "Object Repository/Canine/Canine_Files_TableHdr", "Object Repository/Canine/Canine_FilesTabNextBtn", G_WebTabnameFiles, G_CypherTabnameFiles, G_QueryFilesTab): Statbar Studies count matches

2020-09-15 07:53:09 - [MESSAGE][PASSED] - Statbar Files count matches

2020-09-15 07:53:09 - [MESSAGE][PASSED] - Statbar Samples count matches

2020-09-15 07:53:09 - [MESSAGE][PASSED] - Statbar Cases count matches

2020-09-15 07:53:09 - [MESSAGE][PASSED] - Statbar Studies count matches]]></system-out>
         <system-err><![CDATA[]]></system-err>
      </testcase>
      <testcase name="Test Cases/Canine_TestCases/Breed/TC02_Canine_Filter_Breed-AmerStaffd" time="147.458" classname="Test Cases/Canine_TestCases/Breed/TC02_Canine_Filter_Breed-AmerStaffd" status="ERROR">
         <error type="ERROR" message="Test Cases/Canine_TestCases/Breed/TC02_Canine_Filter_Breed-AmerStaffd FAILED.
Reason:
org.openqa.selenium.NoSuchElementException: Unable to locate element: //*[@id=&quot;file_tab_table&quot;]//tbody/tr[2]/*[3]
For documentation on this error, please visit: https://www.seleniumhq.org/exceptions/no_such_element.html
Build info: version: '3.141.59', revision: 'e82be7d358', time: '2018-11-14T08:25:53'
System info: host: 'NCI-02150368-L', ip: '10.243.4.231', os.name: 'Windows 10', os.arch: 'amd64', os.version: '10.0', java.version: '1.8.0_181'
Driver info: com.kms.katalon.core.webui.driver.firefox.CGeckoDriver
Capabilities {acceptInsecureCerts: true, browserName: firefox, browserVersion: 68.12.0, javascriptEnabled: true, moz:accessibilityChecks: false, moz:buildID: 20200817150009, moz:geckodriverVersion: 0.23.0, moz:headless: false, moz:processID: 26872, moz:profile: C:\Users\radhakrishnang2\Ap..., moz:shutdownTimeout: 60000, moz:useNonSpecCompliantPointerOrigin: false, moz:webdriverClick: true, pageLoadStrategy: normal, platform: WINDOWS, platformName: WINDOWS, platformVersion: 10.0, proxy: Proxy(direct), rotatable: false, setWindowRect: true, strictFileInteractability: false, timeouts: {implicit: 0, pageLoad: 300000, script: 30000}, unhandledPromptBehavior: dismiss and notify}
Session ID: 9a74633a-a89c-4948-ba2f-81d84673d81a
*** Element info: {Using=xpath, value=//*[@id=&quot;file_tab_table&quot;]//tbody/tr[2]/*[3]}
	at org.openqa.selenium.remote.http.W3CHttpResponseCodec.createException(W3CHttpResponseCodec.java:187)
	at org.openqa.selenium.remote.http.W3CHttpResponseCodec.decode(W3CHttpResponseCodec.java:122)
	at org.openqa.selenium.remote.http.W3CHttpResponseCodec.decode(W3CHttpResponseCodec.java:49)
	at org.openqa.selenium.remote.HttpCommandExecutor.execute(HttpCommandExecutor.java:158)
	at org.openqa.selenium.remote.service.DriverCommandExecutor.execute(DriverCommandExecutor.java:83)
	at org.openqa.selenium.remote.RemoteWebDriver.execute(RemoteWebDriver.java:552)
	at com.kms.katalon.selenium.driver.CFirefoxDriver.execute(CFirefoxDriver.java:27)
	at org.openqa.selenium.remote.RemoteWebDriver.findElement(RemoteWebDriver.java:323)
	at org.openqa.selenium.remote.RemoteWebDriver.findElementByXPath(RemoteWebDriver.java:428)
	at org.openqa.selenium.By$ByXPath.findElement(By.java:353)
	at org.openqa.selenium.remote.RemoteWebDriver.findElement(RemoteWebDriver.java:315)
	at org.openqa.selenium.support.events.EventFiringWebDriver.lambda$new$1(EventFiringWebDriver.java:105)
	at com.sun.proxy.$Proxy9.findElement(Unknown Source)
	at org.openqa.selenium.support.events.EventFiringWebDriver.findElement(EventFiringWebDriver.java:194)
	at org.openqa.selenium.WebDriver$findElement$1.call(Unknown Source)
	at ctdc.utilities.runtestcaseforKatalon.ReadCasesTableKatalon(runtestcaseforKatalon.groovy:366)
	at ctdc.utilities.runtestcaseforKatalon.multiFunction(runtestcaseforKatalon.groovy:222)
	at ctdc.utilities.runtestcaseforKatalon.invokeMethod(runtestcaseforKatalon.groovy)
	at com.kms.katalon.core.main.CustomKeywordDelegatingMetaClass.invokeStaticMethod(CustomKeywordDelegatingMetaClass.java:50)
	at TC02_Canine_Filter_Breed-AmerStaffd.run(TC02_Canine_Filter_Breed-AmerStaffd:75)
	at com.kms.katalon.core.main.ScriptEngine.run(ScriptEngine.java:194)
	at com.kms.katalon.core.main.ScriptEngine.runScriptAsRawText(ScriptEngine.java:119)
	at com.kms.katalon.core.main.TestCaseExecutor.runScript(TestCaseExecutor.java:337)
	at com.kms.katalon.core.main.TestCaseExecutor.doExecute(TestCaseExecutor.java:328)
	at com.kms.katalon.core.main.TestCaseExecutor.processExecutionPhase(TestCaseExecutor.java:307)
	at com.kms.katalon.core.main.TestCaseExecutor.accessMainPhase(TestCaseExecutor.java:299)
	at com.kms.katalon.core.main.TestCaseExecutor.execute(TestCaseExecutor.java:233)
	at com.kms.katalon.core.main.TestSuiteExecutor.accessTestCaseMainPhase(TestSuiteExecutor.java:169)
	at com.kms.katalon.core.main.TestSuiteExecutor.accessTestSuiteMainPhase(TestSuiteExecutor.java:142)
	at com.kms.katalon.core.main.TestSuiteExecutor.execute(TestSuiteExecutor.java:91)
	at com.kms.katalon.core.main.TestCaseMain.startTestSuite(TestCaseMain.java:157)
	at com.kms.katalon.core.main.TestCaseMain$startTestSuite$0.call(Unknown Source)
	at TempTestSuite1600181482512.run(TempTestSuite1600181482512.groovy:37)
"/>
         <system-out><![CDATA[2020-09-15 07:53:09 - [TEST_CASE][ERROR] - Test Cases/Canine_TestCases/Breed/TC02_Canine_Filter_Breed-AmerStaffd: Test Cases/Canine_TestCases/Breed/TC02_Canine_Filter_Breed-AmerStaffd FAILED.
Reason:
org.openqa.selenium.NoSuchElementException: Unable to locate element: //*[@id="file_tab_table"]//tbody/tr[2]/*[3]
For documentation on this error, please visit: https://www.seleniumhq.org/exceptions/no_such_element.html
Build info: version: '3.141.59', revision: 'e82be7d358', time: '2018-11-14T08:25:53'
System info: host: 'NCI-02150368-L', ip: '10.243.4.231', os.name: 'Windows 10', os.arch: 'amd64', os.version: '10.0', java.version: '1.8.0_181'
Driver info: com.kms.katalon.core.webui.driver.firefox.CGeckoDriver
Capabilities {acceptInsecureCerts: true, browserName: firefox, browserVersion: 68.12.0, javascriptEnabled: true, moz:accessibilityChecks: false, moz:buildID: 20200817150009, moz:geckodriverVersion: 0.23.0, moz:headless: false, moz:processID: 26872, moz:profile: C:\Users\radhakrishnang2\Ap..., moz:shutdownTimeout: 60000, moz:useNonSpecCompliantPointerOrigin: false, moz:webdriverClick: true, pageLoadStrategy: normal, platform: WINDOWS, platformName: WINDOWS, platformVersion: 10.0, proxy: Proxy(direct), rotatable: false, setWindowRect: true, strictFileInteractability: false, timeouts: {implicit: 0, pageLoad: 300000, script: 30000}, unhandledPromptBehavior: dismiss and notify}
Session ID: 9a74633a-a89c-4948-ba2f-81d84673d81a
*** Element info: {Using=xpath, value=//*[@id="file_tab_table"]//tbody/tr[2]/*[3]}
	at org.openqa.selenium.remote.http.W3CHttpResponseCodec.createException(W3CHttpResponseCodec.java:187)
	at org.openqa.selenium.remote.http.W3CHttpResponseCodec.decode(W3CHttpResponseCodec.java:122)
	at org.openqa.selenium.remote.http.W3CHttpResponseCodec.decode(W3CHttpResponseCodec.java:49)
	at org.openqa.selenium.remote.HttpCommandExecutor.execute(HttpCommandExecutor.java:158)
	at org.openqa.selenium.remote.service.DriverCommandExecutor.execute(DriverCommandExecutor.java:83)
	at org.openqa.selenium.remote.RemoteWebDriver.execute(RemoteWebDriver.java:552)
	at com.kms.katalon.selenium.driver.CFirefoxDriver.execute(CFirefoxDriver.java:27)
	at org.openqa.selenium.remote.RemoteWebDriver.findElement(RemoteWebDriver.java:323)
	at org.openqa.selenium.remote.RemoteWebDriver.findElementByXPath(RemoteWebDriver.java:428)
	at org.openqa.selenium.By$ByXPath.findElement(By.java:353)
	at org.openqa.selenium.remote.RemoteWebDriver.findElement(RemoteWebDriver.java:315)
	at org.openqa.selenium.support.events.EventFiringWebDriver.lambda$new$1(EventFiringWebDriver.java:105)
	at com.sun.proxy.$Proxy9.findElement(Unknown Source)
	at org.openqa.selenium.support.events.EventFiringWebDriver.findElement(EventFiringWebDriver.java:194)
	at org.openqa.selenium.WebDriver$findElement$1.call(Unknown Source)
	at ctdc.utilities.runtestcaseforKatalon.ReadCasesTableKatalon(runtestcaseforKatalon.groovy:366)
	at ctdc.utilities.runtestcaseforKatalon.multiFunction(runtestcaseforKatalon.groovy:222)
	at ctdc.utilities.runtestcaseforKatalon.invokeMethod(runtestcaseforKatalon.groovy)
	at com.kms.katalon.core.main.CustomKeywordDelegatingMetaClass.invokeStaticMethod(CustomKeywordDelegatingMetaClass.java:50)
	at TC02_Canine_Filter_Breed-AmerStaffd.run(TC02_Canine_Filter_Breed-AmerStaffd:75)
	at com.kms.katalon.core.main.ScriptEngine.run(ScriptEngine.java:194)
	at com.kms.katalon.core.main.ScriptEngine.runScriptAsRawText(ScriptEngine.java:119)
	at com.kms.katalon.core.main.TestCaseExecutor.runScript(TestCaseExecutor.java:337)
	at com.kms.katalon.core.main.TestCaseExecutor.doExecute(TestCaseExecutor.java:328)
	at com.kms.katalon.core.main.TestCaseExecutor.processExecutionPhase(TestCaseExecutor.java:307)
	at com.kms.katalon.core.main.TestCaseExecutor.accessMainPhase(TestCaseExecutor.java:299)
	at com.kms.katalon.core.main.TestCaseExecutor.execute(TestCaseExecutor.java:233)
	at com.kms.katalon.core.main.TestSuiteExecutor.accessTestCaseMainPhase(TestSuiteExecutor.java:169)
	at com.kms.katalon.core.main.TestSuiteExecutor.accessTestSuiteMainPhase(TestSuiteExecutor.java:142)
	at com.kms.katalon.core.main.TestSuiteExecutor.execute(TestSuiteExecutor.java:91)
	at com.kms.katalon.core.main.TestCaseMain.startTestSuite(TestCaseMain.java:157)
	at com.kms.katalon.core.main.TestCaseMain$startTestSuite$0.call(Unknown Source)
	at TempTestSuite1600181482512.run(TempTestSuite1600181482512.groovy:37)


2020-09-15 07:53:09 - [TEST_STEP][PASSED] - closeBrowser(): Browser is closed

2020-09-15 07:53:10 - [MESSAGE][PASSED] - Browser is closed

2020-09-15 07:53:10 - [TEST_STEP][PASSED] - openBrowser(""): Browser is opened with url: ''

2020-09-15 07:53:10 - [MESSAGE][INFO] - Starting 'Firefox' driver

2020-09-15 07:53:10 - [MESSAGE][INFO] - User set preference: ['args', '[--no-sandbox]']

2020-09-15 07:53:10 - [MESSAGE][INFO] - Action delay is set to 5,000 milliseconds

2020-09-15 07:53:14 - [MESSAGE][PASSED] - Browser is opened with url: ''

2020-09-15 07:53:14 - [TEST_STEP][PASSED] - maximizeWindow(): Current window maximized

2020-09-15 07:53:14 - [MESSAGE][PASSED] - Current window maximized

2020-09-15 07:53:14 - [TEST_STEP][PASSED] - ctdc.utilities.runtestcaseforKatalon.testSetup(""): ctdc.utilities.runtestcaseforKatalon.testSetup is PASSED

2020-09-15 07:53:14 - [MESSAGE][PASSED] - ctdc.utilities.runtestcaseforKatalon.testSetup is PASSED

2020-09-15 07:53:14 - [TEST_STEP][PASSED] - ctdc.utilities.runtestcaseforKatalon.RunKatalon("TC02_Canine_Filter_Breed-AmerStaffd.xlsx"): Data loaded from input file for the test case. 

2020-09-15 07:53:14 - [MESSAGE][PASSED] - Test case file loaded This is the full filepath after converting to string :C:\Users\radhakrishnang2\Desktop\Commons_Automation\InputFiles\TC02_Canine_Filter_Breed-AmerStaffd.xlsx

2020-09-15 07:53:14 - [MESSAGE][INFO] - Global variable set for password file is :  C:\Users\radhakrishnang2\Desktop\Commons_Automation\InputFiles\TC02_Canine_Filter_Breed-AmerStaffd.xlsx

2020-09-15 07:53:14 - [MESSAGE][PASSED] - Data loaded from input file for the test case. 

2020-09-15 07:53:24 - [TEST_STEP][PASSED] - click(findTestObject("Canine/NavBar/Canine_Cases_Btn")): Object: 'Object Repository/Canine/NavBar/Canine_Cases_Btn' is clicked on

2020-09-15 07:53:31 - [MESSAGE][PASSED] - Object: 'Object Repository/Canine/NavBar/Canine_Cases_Btn' is clicked on

2020-09-15 07:53:31 - [TEST_STEP][PASSED] - click(findTestObject("Object Repository/Canine/Filter/Breed/BREED_Ddn")): Object: 'Object Repository/Canine/Filter/Breed/BREED_Ddn' is clicked on

2020-09-15 07:53:41 - [MESSAGE][PASSED] - Object: 'Object Repository/Canine/Filter/Breed/BREED_Ddn' is clicked on

2020-09-15 07:53:41 - [TEST_STEP][PASSED] - click(findTestObject("Object Repository/Canine/Filter/Breed/AmerStaffd_Chkbx")): Object: 'Object Repository/Canine/Filter/Breed/AmerStaffd_Chkbx' is clicked on

2020-09-15 07:53:47 - [MESSAGE][PASSED] - Object: 'Object Repository/Canine/Filter/Breed/AmerStaffd_Chkbx' is clicked on

2020-09-15 07:53:47 - [TEST_STEP][PASSED] - ctdc.utilities.runtestcaseforKatalon.readStatBar("Object Repository/Canine/StatBar/Canine_StatBar-Files", "Object Repository/Canine/StatBar/Canine_StatBar-Samples", "Object Repository/Canine/StatBar/Canine_StatBar-Cases", "Object Repository/Canine/StatBar/Canine_StatBar-Studies"): ctdc.utilities.runtestcaseforKatalon.readStatBar is PASSED

2020-09-15 07:53:50 - [MESSAGE][PASSED] - ctdc.utilities.runtestcaseforKatalon.readStatBar is PASSED

2020-09-15 07:53:50 - [TEST_STEP][PASSED] - click(findTestObject("Object Repository/Canine/CanineResults_Cases_Tab")): Object: 'Object Repository/Canine/CanineResults_Cases_Tab' is clicked on

2020-09-15 07:53:55 - [MESSAGE][PASSED] - Object: 'Object Repository/Canine/CanineResults_Cases_Tab' is clicked on

2020-09-15 07:53:55 - [TEST_STEP][PASSED] - ctdc.utilities.runtestcaseforKatalon.multiFunction(G_StatBar_Cases, "Object Repository/Canine/Canine_CasesTable", "Object Repository/Canine/Canine_TableHeader", "Object Repository/Canine/Canine_CasesTabNextBtn", G_WebTabnameCases, G_CypherTabnameCases, G_QueryCasesTab): Statbar Studies count matches

2020-09-15 07:54:21 - [MESSAGE][PASSED] - Statbar Files count matches

2020-09-15 07:54:21 - [MESSAGE][PASSED] - Statbar Samples count matches

2020-09-15 07:54:21 - [MESSAGE][PASSED] - Statbar Cases count matches

2020-09-15 07:54:21 - [MESSAGE][PASSED] - Statbar Studies count matches

2020-09-15 07:54:21 - [TEST_STEP][PASSED] - click(findTestObject("Object Repository/Canine/CanineResults_Samples_Tab")): Object: 'Object Repository/Canine/CanineResults_Samples_Tab' is clicked on

2020-09-15 07:54:27 - [MESSAGE][PASSED] - Object: 'Object Repository/Canine/CanineResults_Samples_Tab' is clicked on

2020-09-15 07:54:27 - [TEST_STEP][PASSED] - ctdc.utilities.runtestcaseforKatalon.multiFunction(G_StatBar_Samples, "Object Repository/Canine/Canine_Samples_Table", "Object Repository/Canine/Canine_Samples_TableHdr", "Object Repository/Canine/Canine_SamplesTabNextBtn", G_WebTabnameSamples, G_CypherTabnameSamples, G_QuerySamplesTab): Statbar Studies count matches

2020-09-15 07:54:58 - [MESSAGE][PASSED] - Statbar Files count matches

2020-09-15 07:54:58 - [MESSAGE][PASSED] - Statbar Samples count matches

2020-09-15 07:54:58 - [MESSAGE][PASSED] - Statbar Cases count matches

2020-09-15 07:54:58 - [MESSAGE][PASSED] - Statbar Studies count matches

2020-09-15 07:54:58 - [TEST_STEP][PASSED] - click(findTestObject("Object Repository/Canine/CanineResults_Files_Tab")): Object: 'Object Repository/Canine/CanineResults_Files_Tab' is clicked on

2020-09-15 07:55:04 - [MESSAGE][PASSED] - Object: 'Object Repository/Canine/CanineResults_Files_Tab' is clicked on

2020-09-15 07:55:04 - [TEST_STEP][ERROR] - ctdc.utilities.runtestcaseforKatalon.multiFunction(G_StatBar_Files, "Object Repository/Canine/Canine_Files_Table", "Object Repository/Canine/Canine_Files_TableHdr", "Object Repository/Canine/Canine_FilesTabNextBtn", G_WebTabnameFiles, G_CypherTabnameFiles, G_QueryFilesTab): Unable to locate element: //*[@id="file_tab_table"]//tbody/tr[2]/*[3]
For documentation on this error, please visit: https://www.seleniumhq.org/exceptions/no_such_element.html
Build info: version: '3.141.59', revision: 'e82be7d358', time: '2018-11-14T08:25:53'
System info: host: 'NCI-02150368-L', ip: '10.243.4.231', os.name: 'Windows 10', os.arch: 'amd64', os.version: '10.0', java.version: '1.8.0_181'
Driver info: com.kms.katalon.core.webui.driver.firefox.CGeckoDriver
Capabilities {acceptInsecureCerts: true, browserName: firefox, browserVersion: 68.12.0, javascriptEnabled: true, moz:accessibilityChecks: false, moz:buildID: 20200817150009, moz:geckodriverVersion: 0.23.0, moz:headless: false, moz:processID: 26872, moz:profile: C:\Users\radhakrishnang2\Ap..., moz:shutdownTimeout: 60000, moz:useNonSpecCompliantPointerOrigin: false, moz:webdriverClick: true, pageLoadStrategy: normal, platform: WINDOWS, platformName: WINDOWS, platformVersion: 10.0, proxy: Proxy(direct), rotatable: false, setWindowRect: true, strictFileInteractability: false, timeouts: {implicit: 0, pageLoad: 300000, script: 30000}, unhandledPromptBehavior: dismiss and notify}
Session ID: 9a74633a-a89c-4948-ba2f-81d84673d81a
*** Element info: {Using=xpath, value=//*[@id="file_tab_table"]//tbody/tr[2]/*[3]}

2020-09-15 07:55:36 - [MESSAGE][ERROR] - Unable to locate element: //*[@id="file_tab_table"]//tbody/tr[2]/*[3]
For documentation on this error, please visit: https://www.seleniumhq.org/exceptions/no_such_element.html
Build info: version: '3.141.59', revision: 'e82be7d358', time: '2018-11-14T08:25:53'
System info: host: 'NCI-02150368-L', ip: '10.243.4.231', os.name: 'Windows 10', os.arch: 'amd64', os.version: '10.0', java.version: '1.8.0_181'
Driver info: com.kms.katalon.core.webui.driver.firefox.CGeckoDriver
Capabilities {acceptInsecureCerts: true, browserName: firefox, browserVersion: 68.12.0, javascriptEnabled: true, moz:accessibilityChecks: false, moz:buildID: 20200817150009, moz:geckodriverVersion: 0.23.0, moz:headless: false, moz:processID: 26872, moz:profile: C:\Users\radhakrishnang2\Ap..., moz:shutdownTimeout: 60000, moz:useNonSpecCompliantPointerOrigin: false, moz:webdriverClick: true, pageLoadStrategy: normal, platform: WINDOWS, platformName: WINDOWS, platformVersion: 10.0, proxy: Proxy(direct), rotatable: false, setWindowRect: true, strictFileInteractability: false, timeouts: {implicit: 0, pageLoad: 300000, script: 30000}, unhandledPromptBehavior: dismiss and notify}
Session ID: 9a74633a-a89c-4948-ba2f-81d84673d81a
*** Element info: {Using=xpath, value=//*[@id="file_tab_table"]//tbody/tr[2]/*[3]}]]></system-out>
         <system-err><![CDATA[2020-09-15 07:53:09 - [TEST_CASE][ERROR] - Test Cases/Canine_TestCases/Breed/TC02_Canine_Filter_Breed-AmerStaffd: Test Cases/Canine_TestCases/Breed/TC02_Canine_Filter_Breed-AmerStaffd FAILED.
Reason:
org.openqa.selenium.NoSuchElementException: Unable to locate element: //*[@id="file_tab_table"]//tbody/tr[2]/*[3]
For documentation on this error, please visit: https://www.seleniumhq.org/exceptions/no_such_element.html
Build info: version: '3.141.59', revision: 'e82be7d358', time: '2018-11-14T08:25:53'
System info: host: 'NCI-02150368-L', ip: '10.243.4.231', os.name: 'Windows 10', os.arch: 'amd64', os.version: '10.0', java.version: '1.8.0_181'
Driver info: com.kms.katalon.core.webui.driver.firefox.CGeckoDriver
Capabilities {acceptInsecureCerts: true, browserName: firefox, browserVersion: 68.12.0, javascriptEnabled: true, moz:accessibilityChecks: false, moz:buildID: 20200817150009, moz:geckodriverVersion: 0.23.0, moz:headless: false, moz:processID: 26872, moz:profile: C:\Users\radhakrishnang2\Ap..., moz:shutdownTimeout: 60000, moz:useNonSpecCompliantPointerOrigin: false, moz:webdriverClick: true, pageLoadStrategy: normal, platform: WINDOWS, platformName: WINDOWS, platformVersion: 10.0, proxy: Proxy(direct), rotatable: false, setWindowRect: true, strictFileInteractability: false, timeouts: {implicit: 0, pageLoad: 300000, script: 30000}, unhandledPromptBehavior: dismiss and notify}
Session ID: 9a74633a-a89c-4948-ba2f-81d84673d81a
*** Element info: {Using=xpath, value=//*[@id="file_tab_table"]//tbody/tr[2]/*[3]}
	at org.openqa.selenium.remote.http.W3CHttpResponseCodec.createException(W3CHttpResponseCodec.java:187)
	at org.openqa.selenium.remote.http.W3CHttpResponseCodec.decode(W3CHttpResponseCodec.java:122)
	at org.openqa.selenium.remote.http.W3CHttpResponseCodec.decode(W3CHttpResponseCodec.java:49)
	at org.openqa.selenium.remote.HttpCommandExecutor.execute(HttpCommandExecutor.java:158)
	at org.openqa.selenium.remote.service.DriverCommandExecutor.execute(DriverCommandExecutor.java:83)
	at org.openqa.selenium.remote.RemoteWebDriver.execute(RemoteWebDriver.java:552)
	at com.kms.katalon.selenium.driver.CFirefoxDriver.execute(CFirefoxDriver.java:27)
	at org.openqa.selenium.remote.RemoteWebDriver.findElement(RemoteWebDriver.java:323)
	at org.openqa.selenium.remote.RemoteWebDriver.findElementByXPath(RemoteWebDriver.java:428)
	at org.openqa.selenium.By$ByXPath.findElement(By.java:353)
	at org.openqa.selenium.remote.RemoteWebDriver.findElement(RemoteWebDriver.java:315)
	at org.openqa.selenium.support.events.EventFiringWebDriver.lambda$new$1(EventFiringWebDriver.java:105)
	at com.sun.proxy.$Proxy9.findElement(Unknown Source)
	at org.openqa.selenium.support.events.EventFiringWebDriver.findElement(EventFiringWebDriver.java:194)
	at org.openqa.selenium.WebDriver$findElement$1.call(Unknown Source)
	at ctdc.utilities.runtestcaseforKatalon.ReadCasesTableKatalon(runtestcaseforKatalon.groovy:366)
	at ctdc.utilities.runtestcaseforKatalon.multiFunction(runtestcaseforKatalon.groovy:222)
	at ctdc.utilities.runtestcaseforKatalon.invokeMethod(runtestcaseforKatalon.groovy)
	at com.kms.katalon.core.main.CustomKeywordDelegatingMetaClass.invokeStaticMethod(CustomKeywordDelegatingMetaClass.java:50)
	at TC02_Canine_Filter_Breed-AmerStaffd.run(TC02_Canine_Filter_Breed-AmerStaffd:75)
	at com.kms.katalon.core.main.ScriptEngine.run(ScriptEngine.java:194)
	at com.kms.katalon.core.main.ScriptEngine.runScriptAsRawText(ScriptEngine.java:119)
	at com.kms.katalon.core.main.TestCaseExecutor.runScript(TestCaseExecutor.java:337)
	at com.kms.katalon.core.main.TestCaseExecutor.doExecute(TestCaseExecutor.java:328)
	at com.kms.katalon.core.main.TestCaseExecutor.processExecutionPhase(TestCaseExecutor.java:307)
	at com.kms.katalon.core.main.TestCaseExecutor.accessMainPhase(TestCaseExecutor.java:299)
	at com.kms.katalon.core.main.TestCaseExecutor.execute(TestCaseExecutor.java:233)
	at com.kms.katalon.core.main.TestSuiteExecutor.accessTestCaseMainPhase(TestSuiteExecutor.java:169)
	at com.kms.katalon.core.main.TestSuiteExecutor.accessTestSuiteMainPhase(TestSuiteExecutor.java:142)
	at com.kms.katalon.core.main.TestSuiteExecutor.execute(TestSuiteExecutor.java:91)
	at com.kms.katalon.core.main.TestCaseMain.startTestSuite(TestCaseMain.java:157)
	at com.kms.katalon.core.main.TestCaseMain$startTestSuite$0.call(Unknown Source)
	at TempTestSuite1600181482512.run(TempTestSuite1600181482512.groovy:37)]]></system-err>
      </testcase>
      <testcase name="Test Cases/Canine_TestCases/Breed/TC03_Canine_Filter_Breed-AusShephd" time="106.509" classname="Test Cases/Canine_TestCases/Breed/TC03_Canine_Filter_Breed-AusShephd" status="ERROR">
         <error type="ERROR" message="Test Cases/Canine_TestCases/Breed/TC03_Canine_Filter_Breed-AusShephd FAILED.
Reason:
org.codehaus.groovy.runtime.metaclass.MissingMethodExceptionNoStack: No signature of method: ctdc.utilities.runtestcaseforKatalon.multiFunction() is applicable for argument types: (java.lang.String, java.lang.String, java.lang.String, java.lang.String, java.lang.String, java.lang.String, java.lang.String, java.lang.String, java.lang.String, java.lang.String) values: [Object Repository/Canine/Canine_CasesTable, Object Repository/Canine/Canine_TableHeader, ...]
Possible solutions: multiFunction(java.lang.String, java.lang.String, java.lang.String, java.lang.String, java.lang.String, java.lang.String, java.lang.String)
"/>
         <system-out><![CDATA[2020-09-15 07:55:36 - [TEST_CASE][ERROR] - Test Cases/Canine_TestCases/Breed/TC03_Canine_Filter_Breed-AusShephd: Test Cases/Canine_TestCases/Breed/TC03_Canine_Filter_Breed-AusShephd FAILED.
Reason:
org.codehaus.groovy.runtime.metaclass.MissingMethodExceptionNoStack: No signature of method: ctdc.utilities.runtestcaseforKatalon.multiFunction() is applicable for argument types: (java.lang.String, java.lang.String, java.lang.String, java.lang.String, java.lang.String, java.lang.String, java.lang.String, java.lang.String, java.lang.String, java.lang.String) values: [Object Repository/Canine/Canine_CasesTable, Object Repository/Canine/Canine_TableHeader, ...]
Possible solutions: multiFunction(java.lang.String, java.lang.String, java.lang.String, java.lang.String, java.lang.String, java.lang.String, java.lang.String)


2020-09-15 07:55:37 - [TEST_STEP][PASSED] - closeBrowser(): Browser is closed

2020-09-15 07:55:37 - [MESSAGE][PASSED] - Browser is closed

2020-09-15 07:55:37 - [TEST_STEP][PASSED] - openBrowser(""): Browser is opened with url: ''

2020-09-15 07:55:37 - [MESSAGE][INFO] - Starting 'Firefox' driver

2020-09-15 07:55:37 - [MESSAGE][INFO] - User set preference: ['args', '[--no-sandbox]']

2020-09-15 07:55:37 - [MESSAGE][INFO] - Action delay is set to 5,000 milliseconds

2020-09-15 07:55:41 - [MESSAGE][PASSED] - Browser is opened with url: ''

2020-09-15 07:55:41 - [TEST_STEP][PASSED] - maximizeWindow(): Current window maximized

2020-09-15 07:55:41 - [MESSAGE][PASSED] - Current window maximized

2020-09-15 07:55:41 - [TEST_STEP][PASSED] - ctdc.utilities.runtestcaseforKatalon.testSetup(""): ctdc.utilities.runtestcaseforKatalon.testSetup is PASSED

2020-09-15 07:55:41 - [MESSAGE][PASSED] - ctdc.utilities.runtestcaseforKatalon.testSetup is PASSED

2020-09-15 07:55:41 - [TEST_STEP][PASSED] - ctdc.utilities.runtestcaseforKatalon.RunKatalon("TC03_Canine_Filter_Breed-AusShephd.xlsx"): Data loaded from input file for the test case. 

2020-09-15 07:55:41 - [MESSAGE][PASSED] - Test case file loaded This is the full filepath after converting to string :C:\Users\radhakrishnang2\Desktop\Commons_Automation\InputFiles\TC03_Canine_Filter_Breed-AusShephd.xlsx

2020-09-15 07:55:41 - [MESSAGE][INFO] - Global variable set for password file is :  C:\Users\radhakrishnang2\Desktop\Commons_Automation\InputFiles\TC03_Canine_Filter_Breed-AusShephd.xlsx

2020-09-15 07:55:42 - [MESSAGE][PASSED] - Data loaded from input file for the test case. 

2020-09-15 07:55:52 - [TEST_STEP][PASSED] - click(findTestObject("Canine/NavBar/Canine_Cases_Btn")): Object: 'Object Repository/Canine/NavBar/Canine_Cases_Btn' is clicked on

2020-09-15 07:55:57 - [MESSAGE][PASSED] - Object: 'Object Repository/Canine/NavBar/Canine_Cases_Btn' is clicked on

2020-09-15 07:55:57 - [TEST_STEP][PASSED] - click(findTestObject("Object Repository/Canine/Filter/Breed/BREED_Ddn")): Object: 'Object Repository/Canine/Filter/Breed/BREED_Ddn' is clicked on

2020-09-15 07:56:08 - [MESSAGE][PASSED] - Object: 'Object Repository/Canine/Filter/Breed/BREED_Ddn' is clicked on

2020-09-15 07:56:08 - [TEST_STEP][PASSED] - click(findTestObject("Object Repository/Canine/Filter/Breed/AusShephd_Chkbx")): Object: 'Object Repository/Canine/Filter/Breed/AusShephd_Chkbx' is clicked on

2020-09-15 07:56:14 - [MESSAGE][PASSED] - Object: 'Object Repository/Canine/Filter/Breed/AusShephd_Chkbx' is clicked on

2020-09-15 07:56:14 - [TEST_STEP][PASSED] - ctdc.utilities.runtestcaseforKatalon.readStatBar("Object Repository/Canine/StatBar/Canine_StatBar-Files", "Object Repository/Canine/StatBar/Canine_StatBar-Samples", "Object Repository/Canine/StatBar/Canine_StatBar-Cases", "Object Repository/Canine/StatBar/Canine_StatBar-Studies"): ctdc.utilities.runtestcaseforKatalon.readStatBar is PASSED

2020-09-15 07:56:17 - [MESSAGE][PASSED] - ctdc.utilities.runtestcaseforKatalon.readStatBar is PASSED

2020-09-15 07:56:17 - [TEST_STEP][PASSED] - click(findTestObject("Object Repository/Canine/CanineResults_Cases_Tab")): Object: 'Object Repository/Canine/CanineResults_Cases_Tab' is clicked on

2020-09-15 07:56:22 - [MESSAGE][PASSED] - Object: 'Object Repository/Canine/CanineResults_Cases_Tab' is clicked on

2020-09-15 07:56:22 - [TEST_STEP][PASSED] - ctdc.utilities.runtestcaseforKatalon.multiFunction(G_StatBar_Cases, "Object Repository/Canine/Canine_CasesTable", "Object Repository/Canine/Canine_TableHeader", "Object Repository/Canine/Canine_CasesTabNextBtn", G_WebTabnameCases, G_CypherTabnameCases, G_QueryCasesTab): Statbar Studies count matches

2020-09-15 07:56:37 - [MESSAGE][PASSED] - Statbar Files count matches

2020-09-15 07:56:37 - [MESSAGE][PASSED] - Statbar Samples count matches

2020-09-15 07:56:37 - [MESSAGE][PASSED] - Statbar Cases count matches

2020-09-15 07:56:37 - [MESSAGE][PASSED] - Statbar Studies count matches

2020-09-15 07:56:37 - [TEST_STEP][PASSED] - click(findTestObject("Object Repository/Canine/CanineResults_Samples_Tab")): Object: 'Object Repository/Canine/CanineResults_Samples_Tab' is clicked on

2020-09-15 07:56:43 - [MESSAGE][PASSED] - Object: 'Object Repository/Canine/CanineResults_Samples_Tab' is clicked on

2020-09-15 07:56:43 - [TEST_STEP][PASSED] - ctdc.utilities.runtestcaseforKatalon.multiFunction(G_StatBar_Samples, "Object Repository/Canine/Canine_Samples_Table", "Object Repository/Canine/Canine_Samples_TableHdr", "Object Repository/Canine/Canine_SamplesTabNextBtn", G_WebTabnameSamples, G_CypherTabnameSamples, G_QuerySamplesTab): Statbar Studies count matches

2020-09-15 07:57:00 - [MESSAGE][PASSED] - Statbar Files count matches

2020-09-15 07:57:00 - [MESSAGE][PASSED] - Statbar Samples count matches

2020-09-15 07:57:00 - [MESSAGE][PASSED] - Statbar Cases count matches

2020-09-15 07:57:00 - [MESSAGE][PASSED] - Statbar Studies count matches

2020-09-15 07:57:00 - [TEST_STEP][PASSED] - click(findTestObject("Object Repository/Canine/CanineResults_Files_Tab")): Object: 'Object Repository/Canine/CanineResults_Files_Tab' is clicked on

2020-09-15 07:57:06 - [MESSAGE][PASSED] - Object: 'Object Repository/Canine/CanineResults_Files_Tab' is clicked on

2020-09-15 07:57:06 - [TEST_STEP][PASSED] - ctdc.utilities.runtestcaseforKatalon.multiFunction(G_StatBar_Files, "Object Repository/Canine/Canine_Files_Table", "Object Repository/Canine/Canine_Files_TableHdr", "Object Repository/Canine/Canine_FilesTabNextBtn", G_WebTabnameFiles, G_CypherTabnameFiles, G_QueryFilesTab): Statbar Studies count matches

2020-09-15 07:57:17 - [MESSAGE][PASSED] - Statbar Files count matches

2020-09-15 07:57:17 - [MESSAGE][PASSED] - Statbar Samples count matches

2020-09-15 07:57:17 - [MESSAGE][PASSED] - Statbar Cases count matches

2020-09-15 07:57:17 - [MESSAGE][PASSED] - Statbar Studies count matches

2020-09-15 07:57:17 - [TEST_STEP][PASSED] - click(findTestObject("Object Repository/Canine/CanineResults_Cases_Tab")): Object: 'Object Repository/Canine/CanineResults_Cases_Tab' is clicked on

2020-09-15 07:57:23 - [MESSAGE][PASSED] - Object: 'Object Repository/Canine/CanineResults_Cases_Tab' is clicked on

2020-09-15 07:57:23 - [TEST_STEP][ERROR] - ctdc.utilities.runtestcaseforKatalon.multiFunction("Object Repository/Canine/Canine_CasesTable", "Object Repository/Canine/Canine_TableHeader", "Object Repository/Canine/Canine_CasesTabNextBtn", G_WebTabnameCases, "Object Repository/Canine/StatBar/Canine_StatBar-Files", "Object Repository/Canine/StatBar/Canine_StatBar-Samples", "Object Repository/Canine/StatBar/Canine_StatBar-Cases", "Object Repository/Canine/StatBar/Canine_StatBar-Studies", G_CypherTabnameCases, G_QueryCasesTab): No signature of method: ctdc.utilities.runtestcaseforKatalon.multiFunction() is applicable for argument types: (java.lang.String, java.lang.String, java.lang.String, java.lang.String, java.lang.String, java.lang.String, java.lang.String, java.lang.String, java.lang.String, java.lang.String) values: [Object Repository/Canine/Canine_CasesTable, Object Repository/Canine/Canine_TableHeader, ...]
Possible solutions: multiFunction(java.lang.String, java.lang.String, java.lang.String, java.lang.String, java.lang.String, java.lang.String, java.lang.String)

2020-09-15 07:57:23 - [MESSAGE][ERROR] - No signature of method: ctdc.utilities.runtestcaseforKatalon.multiFunction() is applicable for argument types: (java.lang.String, java.lang.String, java.lang.String, java.lang.String, java.lang.String, java.lang.String, java.lang.String, java.lang.String, java.lang.String, java.lang.String) values: [Object Repository/Canine/Canine_CasesTable, Object Repository/Canine/Canine_TableHeader, ...]
Possible solutions: multiFunction(java.lang.String, java.lang.String, java.lang.String, java.lang.String, java.lang.String, java.lang.String, java.lang.String)]]></system-out>
         <system-err><![CDATA[2020-09-15 07:55:36 - [TEST_CASE][ERROR] - Test Cases/Canine_TestCases/Breed/TC03_Canine_Filter_Breed-AusShephd: Test Cases/Canine_TestCases/Breed/TC03_Canine_Filter_Breed-AusShephd FAILED.
Reason:
org.codehaus.groovy.runtime.metaclass.MissingMethodExceptionNoStack: No signature of method: ctdc.utilities.runtestcaseforKatalon.multiFunction() is applicable for argument types: (java.lang.String, java.lang.String, java.lang.String, java.lang.String, java.lang.String, java.lang.String, java.lang.String, java.lang.String, java.lang.String, java.lang.String) values: [Object Repository/Canine/Canine_CasesTable, Object Repository/Canine/Canine_TableHeader, ...]
Possible solutions: multiFunction(java.lang.String, java.lang.String, java.lang.String, java.lang.String, java.lang.String, java.lang.String, java.lang.String)]]></system-err>
      </testcase>
      <testcase name="Test Cases/Canine_TestCases/Breed/TC04_Canine_Filter_Breed-BassHnd" time="89.295" classname="Test Cases/Canine_TestCases/Breed/TC04_Canine_Filter_Breed-BassHnd" status="PASSED">
         <system-out><![CDATA[2020-09-15 07:57:23 - [TEST_CASE][PASSED] - Test Cases/Canine_TestCases/Breed/TC04_Canine_Filter_Breed-BassHnd: Test Cases/Canine_TestCases/Breed/TC04_Canine_Filter_Breed-BassHnd

2020-09-15 07:57:23 - [TEST_STEP][PASSED] - closeBrowser(): Browser is closed

2020-09-15 07:57:25 - [MESSAGE][PASSED] - Browser is closed

2020-09-15 07:57:25 - [TEST_STEP][PASSED] - openBrowser(""): Browser is opened with url: ''

2020-09-15 07:57:25 - [MESSAGE][INFO] - Starting 'Firefox' driver

2020-09-15 07:57:25 - [MESSAGE][INFO] - User set preference: ['args', '[--no-sandbox]']

2020-09-15 07:57:25 - [MESSAGE][INFO] - Action delay is set to 5,000 milliseconds

2020-09-15 07:57:29 - [MESSAGE][PASSED] - Browser is opened with url: ''

2020-09-15 07:57:29 - [TEST_STEP][PASSED] - maximizeWindow(): Current window maximized

2020-09-15 07:57:29 - [MESSAGE][PASSED] - Current window maximized

2020-09-15 07:57:29 - [TEST_STEP][PASSED] - ctdc.utilities.runtestcaseforKatalon.testSetup(""): ctdc.utilities.runtestcaseforKatalon.testSetup is PASSED

2020-09-15 07:57:29 - [MESSAGE][PASSED] - ctdc.utilities.runtestcaseforKatalon.testSetup is PASSED

2020-09-15 07:57:29 - [TEST_STEP][PASSED] - ctdc.utilities.runtestcaseforKatalon.RunKatalon("TC04_Canine_Filter_Breed-BassHnd.xlsx"): Data loaded from input file for the test case. 

2020-09-15 07:57:29 - [MESSAGE][PASSED] - Test case file loaded This is the full filepath after converting to string :C:\Users\radhakrishnang2\Desktop\Commons_Automation\InputFiles\TC04_Canine_Filter_Breed-BassHnd.xlsx

2020-09-15 07:57:29 - [MESSAGE][INFO] - Global variable set for password file is :  C:\Users\radhakrishnang2\Desktop\Commons_Automation\InputFiles\TC04_Canine_Filter_Breed-BassHnd.xlsx

2020-09-15 07:57:29 - [MESSAGE][PASSED] - Data loaded from input file for the test case. 

2020-09-15 07:57:38 - [TEST_STEP][PASSED] - click(findTestObject("Canine/NavBar/Canine_Cases_Btn")): Object: 'Object Repository/Canine/NavBar/Canine_Cases_Btn' is clicked on

2020-09-15 07:57:44 - [MESSAGE][PASSED] - Object: 'Object Repository/Canine/NavBar/Canine_Cases_Btn' is clicked on

2020-09-15 07:57:44 - [TEST_STEP][PASSED] - click(findTestObject("Object Repository/Canine/Filter/Breed/BREED_Ddn")): Object: 'Object Repository/Canine/Filter/Breed/BREED_Ddn' is clicked on

2020-09-15 07:57:54 - [MESSAGE][PASSED] - Object: 'Object Repository/Canine/Filter/Breed/BREED_Ddn' is clicked on

2020-09-15 07:57:54 - [TEST_STEP][PASSED] - click(findTestObject("Object Repository/Canine/Filter/Breed/BassHnd_Chkbx")): Object: 'Object Repository/Canine/Filter/Breed/BassHnd_Chkbx' is clicked on

2020-09-15 07:58:01 - [MESSAGE][PASSED] - Object: 'Object Repository/Canine/Filter/Breed/BassHnd_Chkbx' is clicked on

2020-09-15 07:58:01 - [TEST_STEP][PASSED] - ctdc.utilities.runtestcaseforKatalon.readStatBar("Object Repository/Canine/StatBar/Canine_StatBar-Files", "Object Repository/Canine/StatBar/Canine_StatBar-Samples", "Object Repository/Canine/StatBar/Canine_StatBar-Cases", "Object Repository/Canine/StatBar/Canine_StatBar-Studies"): ctdc.utilities.runtestcaseforKatalon.readStatBar is PASSED

2020-09-15 07:58:03 - [MESSAGE][PASSED] - ctdc.utilities.runtestcaseforKatalon.readStatBar is PASSED

2020-09-15 07:58:03 - [TEST_STEP][PASSED] - click(findTestObject("Object Repository/Canine/CanineResults_Cases_Tab")): Object: 'Object Repository/Canine/CanineResults_Cases_Tab' is clicked on

2020-09-15 07:58:09 - [MESSAGE][PASSED] - Object: 'Object Repository/Canine/CanineResults_Cases_Tab' is clicked on

2020-09-15 07:58:09 - [TEST_STEP][PASSED] - ctdc.utilities.runtestcaseforKatalon.multiFunction(G_StatBar_Cases, "Object Repository/Canine/Canine_CasesTable", "Object Repository/Canine/Canine_TableHeader", "Object Repository/Canine/Canine_CasesTabNextBtn", G_WebTabnameCases, G_CypherTabnameCases, G_QueryCasesTab): Statbar Studies count matches

2020-09-15 07:58:23 - [MESSAGE][PASSED] - Statbar Files count matches

2020-09-15 07:58:23 - [MESSAGE][PASSED] - Statbar Samples count matches

2020-09-15 07:58:23 - [MESSAGE][PASSED] - Statbar Cases count matches

2020-09-15 07:58:23 - [MESSAGE][PASSED] - Statbar Studies count matches

2020-09-15 07:58:23 - [TEST_STEP][PASSED] - click(findTestObject("Object Repository/Canine/CanineResults_Samples_Tab")): Object: 'Object Repository/Canine/CanineResults_Samples_Tab' is clicked on

2020-09-15 07:58:29 - [MESSAGE][PASSED] - Object: 'Object Repository/Canine/CanineResults_Samples_Tab' is clicked on

2020-09-15 07:58:29 - [TEST_STEP][PASSED] - ctdc.utilities.runtestcaseforKatalon.multiFunction(G_StatBar_Samples, "Object Repository/Canine/Canine_Samples_Table", "Object Repository/Canine/Canine_Samples_TableHdr", "Object Repository/Canine/Canine_SamplesTabNextBtn", G_WebTabnameSamples, G_CypherTabnameSamples, G_QuerySamplesTab): Statbar Studies count matches

2020-09-15 07:58:38 - [MESSAGE][PASSED] - Statbar Files count matches

2020-09-15 07:58:38 - [MESSAGE][PASSED] - Statbar Samples count matches

2020-09-15 07:58:38 - [MESSAGE][PASSED] - Statbar Cases count matches

2020-09-15 07:58:38 - [MESSAGE][PASSED] - Statbar Studies count matches

2020-09-15 07:58:38 - [TEST_STEP][PASSED] - click(findTestObject("Object Repository/Canine/CanineResults_Files_Tab")): Object: 'Object Repository/Canine/CanineResults_Files_Tab' is clicked on

2020-09-15 07:58:43 - [MESSAGE][PASSED] - Object: 'Object Repository/Canine/CanineResults_Files_Tab' is clicked on

2020-09-15 07:58:43 - [TEST_STEP][PASSED] - ctdc.utilities.runtestcaseforKatalon.multiFunction(G_StatBar_Files, "Object Repository/Canine/Canine_Files_Table", "Object Repository/Canine/Canine_Files_TableHdr", "Object Repository/Canine/Canine_FilesTabNextBtn", G_WebTabnameFiles, G_CypherTabnameFiles, G_QueryFilesTab): Statbar Studies count matches

2020-09-15 07:58:52 - [MESSAGE][PASSED] - Statbar Files count matches

2020-09-15 07:58:52 - [MESSAGE][PASSED] - Statbar Samples count matches

2020-09-15 07:58:52 - [MESSAGE][PASSED] - Statbar Cases count matches

2020-09-15 07:58:52 - [MESSAGE][PASSED] - Statbar Studies count matches]]></system-out>
         <system-err><![CDATA[]]></system-err>
      </testcase>
      <testcase name="Test Cases/Canine_TestCases/Breed/TC05_Canine_Filter_Breed-Beagle" time="152.693" classname="Test Cases/Canine_TestCases/Breed/TC05_Canine_Filter_Breed-Beagle" status="ERROR">
         <error type="ERROR" message="Test Cases/Canine_TestCases/Breed/TC05_Canine_Filter_Breed-Beagle FAILED.
Reason:
org.openqa.selenium.NoSuchElementException: Unable to locate element: //*[@id=&quot;file_tab_table&quot;]//tbody/tr[3]/*[3]
For documentation on this error, please visit: https://www.seleniumhq.org/exceptions/no_such_element.html
Build info: version: '3.141.59', revision: 'e82be7d358', time: '2018-11-14T08:25:53'
System info: host: 'NCI-02150368-L', ip: '10.243.4.231', os.name: 'Windows 10', os.arch: 'amd64', os.version: '10.0', java.version: '1.8.0_181'
Driver info: com.kms.katalon.core.webui.driver.firefox.CGeckoDriver
Capabilities {acceptInsecureCerts: true, browserName: firefox, browserVersion: 68.12.0, javascriptEnabled: true, moz:accessibilityChecks: false, moz:buildID: 20200817150009, moz:geckodriverVersion: 0.23.0, moz:headless: false, moz:processID: 41976, moz:profile: C:\Users\radhakrishnang2\Ap..., moz:shutdownTimeout: 60000, moz:useNonSpecCompliantPointerOrigin: false, moz:webdriverClick: true, pageLoadStrategy: normal, platform: WINDOWS, platformName: WINDOWS, platformVersion: 10.0, proxy: Proxy(direct), rotatable: false, setWindowRect: true, strictFileInteractability: false, timeouts: {implicit: 0, pageLoad: 300000, script: 30000}, unhandledPromptBehavior: dismiss and notify}
Session ID: bccc158d-8eb8-4463-bf31-6c59db21296f
*** Element info: {Using=xpath, value=//*[@id=&quot;file_tab_table&quot;]//tbody/tr[3]/*[3]}
	at org.openqa.selenium.remote.http.W3CHttpResponseCodec.createException(W3CHttpResponseCodec.java:187)
	at org.openqa.selenium.remote.http.W3CHttpResponseCodec.decode(W3CHttpResponseCodec.java:122)
	at org.openqa.selenium.remote.http.W3CHttpResponseCodec.decode(W3CHttpResponseCodec.java:49)
	at org.openqa.selenium.remote.HttpCommandExecutor.execute(HttpCommandExecutor.java:158)
	at org.openqa.selenium.remote.service.DriverCommandExecutor.execute(DriverCommandExecutor.java:83)
	at org.openqa.selenium.remote.RemoteWebDriver.execute(RemoteWebDriver.java:552)
	at com.kms.katalon.selenium.driver.CFirefoxDriver.execute(CFirefoxDriver.java:27)
	at org.openqa.selenium.remote.RemoteWebDriver.findElement(RemoteWebDriver.java:323)
	at org.openqa.selenium.remote.RemoteWebDriver.findElementByXPath(RemoteWebDriver.java:428)
	at org.openqa.selenium.By$ByXPath.findElement(By.java:353)
	at org.openqa.selenium.remote.RemoteWebDriver.findElement(RemoteWebDriver.java:315)
	at org.openqa.selenium.support.events.EventFiringWebDriver.lambda$new$1(EventFiringWebDriver.java:105)
	at com.sun.proxy.$Proxy9.findElement(Unknown Source)
	at org.openqa.selenium.support.events.EventFiringWebDriver.findElement(EventFiringWebDriver.java:194)
	at org.openqa.selenium.WebDriver$findElement$1.call(Unknown Source)
	at ctdc.utilities.runtestcaseforKatalon.ReadCasesTableKatalon(runtestcaseforKatalon.groovy:366)
	at ctdc.utilities.runtestcaseforKatalon.multiFunction(runtestcaseforKatalon.groovy:222)
	at ctdc.utilities.runtestcaseforKatalon.invokeMethod(runtestcaseforKatalon.groovy)
	at com.kms.katalon.core.main.CustomKeywordDelegatingMetaClass.invokeStaticMethod(CustomKeywordDelegatingMetaClass.java:50)
	at TC05_Canine_Filter_Breed-Beagle.run(TC05_Canine_Filter_Breed-Beagle:73)
	at com.kms.katalon.core.main.ScriptEngine.run(ScriptEngine.java:194)
	at com.kms.katalon.core.main.ScriptEngine.runScriptAsRawText(ScriptEngine.java:119)
	at com.kms.katalon.core.main.TestCaseExecutor.runScript(TestCaseExecutor.java:337)
	at com.kms.katalon.core.main.TestCaseExecutor.doExecute(TestCaseExecutor.java:328)
	at com.kms.katalon.core.main.TestCaseExecutor.processExecutionPhase(TestCaseExecutor.java:307)
	at com.kms.katalon.core.main.TestCaseExecutor.accessMainPhase(TestCaseExecutor.java:299)
	at com.kms.katalon.core.main.TestCaseExecutor.execute(TestCaseExecutor.java:233)
	at com.kms.katalon.core.main.TestSuiteExecutor.accessTestCaseMainPhase(TestSuiteExecutor.java:169)
	at com.kms.katalon.core.main.TestSuiteExecutor.accessTestSuiteMainPhase(TestSuiteExecutor.java:142)
	at com.kms.katalon.core.main.TestSuiteExecutor.execute(TestSuiteExecutor.java:91)
	at com.kms.katalon.core.main.TestCaseMain.startTestSuite(TestCaseMain.java:157)
	at com.kms.katalon.core.main.TestCaseMain$startTestSuite$0.call(Unknown Source)
	at TempTestSuite1600181482512.run(TempTestSuite1600181482512.groovy:37)
"/>
         <system-out><![CDATA[2020-09-15 07:58:52 - [TEST_CASE][ERROR] - Test Cases/Canine_TestCases/Breed/TC05_Canine_Filter_Breed-Beagle: Test Cases/Canine_TestCases/Breed/TC05_Canine_Filter_Breed-Beagle FAILED.
Reason:
org.openqa.selenium.NoSuchElementException: Unable to locate element: //*[@id="file_tab_table"]//tbody/tr[3]/*[3]
For documentation on this error, please visit: https://www.seleniumhq.org/exceptions/no_such_element.html
Build info: version: '3.141.59', revision: 'e82be7d358', time: '2018-11-14T08:25:53'
System info: host: 'NCI-02150368-L', ip: '10.243.4.231', os.name: 'Windows 10', os.arch: 'amd64', os.version: '10.0', java.version: '1.8.0_181'
Driver info: com.kms.katalon.core.webui.driver.firefox.CGeckoDriver
Capabilities {acceptInsecureCerts: true, browserName: firefox, browserVersion: 68.12.0, javascriptEnabled: true, moz:accessibilityChecks: false, moz:buildID: 20200817150009, moz:geckodriverVersion: 0.23.0, moz:headless: false, moz:processID: 41976, moz:profile: C:\Users\radhakrishnang2\Ap..., moz:shutdownTimeout: 60000, moz:useNonSpecCompliantPointerOrigin: false, moz:webdriverClick: true, pageLoadStrategy: normal, platform: WINDOWS, platformName: WINDOWS, platformVersion: 10.0, proxy: Proxy(direct), rotatable: false, setWindowRect: true, strictFileInteractability: false, timeouts: {implicit: 0, pageLoad: 300000, script: 30000}, unhandledPromptBehavior: dismiss and notify}
Session ID: bccc158d-8eb8-4463-bf31-6c59db21296f
*** Element info: {Using=xpath, value=//*[@id="file_tab_table"]//tbody/tr[3]/*[3]}
	at org.openqa.selenium.remote.http.W3CHttpResponseCodec.createException(W3CHttpResponseCodec.java:187)
	at org.openqa.selenium.remote.http.W3CHttpResponseCodec.decode(W3CHttpResponseCodec.java:122)
	at org.openqa.selenium.remote.http.W3CHttpResponseCodec.decode(W3CHttpResponseCodec.java:49)
	at org.openqa.selenium.remote.HttpCommandExecutor.execute(HttpCommandExecutor.java:158)
	at org.openqa.selenium.remote.service.DriverCommandExecutor.execute(DriverCommandExecutor.java:83)
	at org.openqa.selenium.remote.RemoteWebDriver.execute(RemoteWebDriver.java:552)
	at com.kms.katalon.selenium.driver.CFirefoxDriver.execute(CFirefoxDriver.java:27)
	at org.openqa.selenium.remote.RemoteWebDriver.findElement(RemoteWebDriver.java:323)
	at org.openqa.selenium.remote.RemoteWebDriver.findElementByXPath(RemoteWebDriver.java:428)
	at org.openqa.selenium.By$ByXPath.findElement(By.java:353)
	at org.openqa.selenium.remote.RemoteWebDriver.findElement(RemoteWebDriver.java:315)
	at org.openqa.selenium.support.events.EventFiringWebDriver.lambda$new$1(EventFiringWebDriver.java:105)
	at com.sun.proxy.$Proxy9.findElement(Unknown Source)
	at org.openqa.selenium.support.events.EventFiringWebDriver.findElement(EventFiringWebDriver.java:194)
	at org.openqa.selenium.WebDriver$findElement$1.call(Unknown Source)
	at ctdc.utilities.runtestcaseforKatalon.ReadCasesTableKatalon(runtestcaseforKatalon.groovy:366)
	at ctdc.utilities.runtestcaseforKatalon.multiFunction(runtestcaseforKatalon.groovy:222)
	at ctdc.utilities.runtestcaseforKatalon.invokeMethod(runtestcaseforKatalon.groovy)
	at com.kms.katalon.core.main.CustomKeywordDelegatingMetaClass.invokeStaticMethod(CustomKeywordDelegatingMetaClass.java:50)
	at TC05_Canine_Filter_Breed-Beagle.run(TC05_Canine_Filter_Breed-Beagle:73)
	at com.kms.katalon.core.main.ScriptEngine.run(ScriptEngine.java:194)
	at com.kms.katalon.core.main.ScriptEngine.runScriptAsRawText(ScriptEngine.java:119)
	at com.kms.katalon.core.main.TestCaseExecutor.runScript(TestCaseExecutor.java:337)
	at com.kms.katalon.core.main.TestCaseExecutor.doExecute(TestCaseExecutor.java:328)
	at com.kms.katalon.core.main.TestCaseExecutor.processExecutionPhase(TestCaseExecutor.java:307)
	at com.kms.katalon.core.main.TestCaseExecutor.accessMainPhase(TestCaseExecutor.java:299)
	at com.kms.katalon.core.main.TestCaseExecutor.execute(TestCaseExecutor.java:233)
	at com.kms.katalon.core.main.TestSuiteExecutor.accessTestCaseMainPhase(TestSuiteExecutor.java:169)
	at com.kms.katalon.core.main.TestSuiteExecutor.accessTestSuiteMainPhase(TestSuiteExecutor.java:142)
	at com.kms.katalon.core.main.TestSuiteExecutor.execute(TestSuiteExecutor.java:91)
	at com.kms.katalon.core.main.TestCaseMain.startTestSuite(TestCaseMain.java:157)
	at com.kms.katalon.core.main.TestCaseMain$startTestSuite$0.call(Unknown Source)
	at TempTestSuite1600181482512.run(TempTestSuite1600181482512.groovy:37)


2020-09-15 07:58:52 - [TEST_STEP][PASSED] - closeBrowser(): Browser is closed

2020-09-15 07:58:54 - [MESSAGE][PASSED] - Browser is closed

2020-09-15 07:58:54 - [TEST_STEP][PASSED] - openBrowser(""): Browser is opened with url: ''

2020-09-15 07:58:54 - [MESSAGE][INFO] - Starting 'Firefox' driver

2020-09-15 07:58:54 - [MESSAGE][INFO] - User set preference: ['args', '[--no-sandbox]']

2020-09-15 07:58:54 - [MESSAGE][INFO] - Action delay is set to 5,000 milliseconds

2020-09-15 07:58:58 - [MESSAGE][PASSED] - Browser is opened with url: ''

2020-09-15 07:58:58 - [TEST_STEP][PASSED] - maximizeWindow(): Current window maximized

2020-09-15 07:58:58 - [MESSAGE][PASSED] - Current window maximized

2020-09-15 07:58:58 - [TEST_STEP][PASSED] - ctdc.utilities.runtestcaseforKatalon.testSetup(""): ctdc.utilities.runtestcaseforKatalon.testSetup is PASSED

2020-09-15 07:58:58 - [MESSAGE][PASSED] - ctdc.utilities.runtestcaseforKatalon.testSetup is PASSED

2020-09-15 07:58:58 - [TEST_STEP][PASSED] - ctdc.utilities.runtestcaseforKatalon.RunKatalon("TC05_Canine_Filter_Breed-Beagle.xlsx"): Data loaded from input file for the test case. 

2020-09-15 07:58:58 - [MESSAGE][PASSED] - Test case file loaded This is the full filepath after converting to string :C:\Users\radhakrishnang2\Desktop\Commons_Automation\InputFiles\TC05_Canine_Filter_Breed-Beagle.xlsx

2020-09-15 07:58:58 - [MESSAGE][INFO] - Global variable set for password file is :  C:\Users\radhakrishnang2\Desktop\Commons_Automation\InputFiles\TC05_Canine_Filter_Breed-Beagle.xlsx

2020-09-15 07:58:58 - [MESSAGE][PASSED] - Data loaded from input file for the test case. 

2020-09-15 07:59:08 - [TEST_STEP][PASSED] - click(findTestObject("Canine/NavBar/Canine_Cases_Btn")): Object: 'Object Repository/Canine/NavBar/Canine_Cases_Btn' is clicked on

2020-09-15 07:59:15 - [MESSAGE][PASSED] - Object: 'Object Repository/Canine/NavBar/Canine_Cases_Btn' is clicked on

2020-09-15 07:59:15 - [TEST_STEP][PASSED] - click(findTestObject("Object Repository/Canine/Filter/Breed/BREED_Ddn")): Object: 'Object Repository/Canine/Filter/Breed/BREED_Ddn' is clicked on

2020-09-15 07:59:25 - [MESSAGE][PASSED] - Object: 'Object Repository/Canine/Filter/Breed/BREED_Ddn' is clicked on

2020-09-15 07:59:25 - [TEST_STEP][PASSED] - click(findTestObject("Object Repository/Canine/Filter/Breed/Beagle_Chkbx")): Object: 'Object Repository/Canine/Filter/Breed/Beagle_Chkbx' is clicked on

2020-09-15 07:59:32 - [MESSAGE][PASSED] - Object: 'Object Repository/Canine/Filter/Breed/Beagle_Chkbx' is clicked on

2020-09-15 07:59:32 - [TEST_STEP][PASSED] - ctdc.utilities.runtestcaseforKatalon.readStatBar("Object Repository/Canine/StatBar/Canine_StatBar-Files", "Object Repository/Canine/StatBar/Canine_StatBar-Samples", "Object Repository/Canine/StatBar/Canine_StatBar-Cases", "Object Repository/Canine/StatBar/Canine_StatBar-Studies"): ctdc.utilities.runtestcaseforKatalon.readStatBar is PASSED

2020-09-15 07:59:35 - [MESSAGE][PASSED] - ctdc.utilities.runtestcaseforKatalon.readStatBar is PASSED

2020-09-15 07:59:35 - [TEST_STEP][PASSED] - click(findTestObject("Object Repository/Canine/CanineResults_Cases_Tab")): Object: 'Object Repository/Canine/CanineResults_Cases_Tab' is clicked on

2020-09-15 07:59:40 - [MESSAGE][PASSED] - Object: 'Object Repository/Canine/CanineResults_Cases_Tab' is clicked on

2020-09-15 07:59:40 - [TEST_STEP][PASSED] - ctdc.utilities.runtestcaseforKatalon.multiFunction(G_StatBar_Cases, "Object Repository/Canine/Canine_CasesTable", "Object Repository/Canine/Canine_TableHeader", "Object Repository/Canine/Canine_CasesTabNextBtn", G_WebTabnameCases, G_CypherTabnameCases, G_QueryCasesTab): Statbar Studies count matches

2020-09-15 08:00:06 - [MESSAGE][PASSED] - Statbar Files count matches

2020-09-15 08:00:06 - [MESSAGE][PASSED] - Statbar Samples count matches

2020-09-15 08:00:06 - [MESSAGE][PASSED] - Statbar Cases count matches

2020-09-15 08:00:06 - [MESSAGE][PASSED] - Statbar Studies count matches

2020-09-15 08:00:06 - [TEST_STEP][PASSED] - click(findTestObject("Object Repository/Canine/CanineResults_Samples_Tab")): Object: 'Object Repository/Canine/CanineResults_Samples_Tab' is clicked on

2020-09-15 08:00:13 - [MESSAGE][PASSED] - Object: 'Object Repository/Canine/CanineResults_Samples_Tab' is clicked on

2020-09-15 08:00:13 - [TEST_STEP][PASSED] - ctdc.utilities.runtestcaseforKatalon.multiFunction(G_StatBar_Samples, "Object Repository/Canine/Canine_Samples_Table", "Object Repository/Canine/Canine_Samples_TableHdr", "Object Repository/Canine/Canine_SamplesTabNextBtn", G_WebTabnameSamples, G_CypherTabnameSamples, G_QuerySamplesTab): Statbar Studies count matches

2020-09-15 08:00:43 - [MESSAGE][PASSED] - Statbar Files count matches

2020-09-15 08:00:43 - [MESSAGE][PASSED] - Statbar Samples count matches

2020-09-15 08:00:43 - [MESSAGE][PASSED] - Statbar Cases count matches

2020-09-15 08:00:43 - [MESSAGE][PASSED] - Statbar Studies count matches

2020-09-15 08:00:43 - [TEST_STEP][PASSED] - click(findTestObject("Object Repository/Canine/CanineResults_Files_Tab")): Object: 'Object Repository/Canine/CanineResults_Files_Tab' is clicked on

2020-09-15 08:00:49 - [MESSAGE][PASSED] - Object: 'Object Repository/Canine/CanineResults_Files_Tab' is clicked on

2020-09-15 08:00:49 - [TEST_STEP][ERROR] - ctdc.utilities.runtestcaseforKatalon.multiFunction(G_StatBar_Files, "Object Repository/Canine/Canine_Files_Table", "Object Repository/Canine/Canine_Files_TableHdr", "Object Repository/Canine/Canine_FilesTabNextBtn", G_WebTabnameFiles, G_CypherTabnameFiles, G_QueryFilesTab): Unable to locate element: //*[@id="file_tab_table"]//tbody/tr[3]/*[3]
For documentation on this error, please visit: https://www.seleniumhq.org/exceptions/no_such_element.html
Build info: version: '3.141.59', revision: 'e82be7d358', time: '2018-11-14T08:25:53'
System info: host: 'NCI-02150368-L', ip: '10.243.4.231', os.name: 'Windows 10', os.arch: 'amd64', os.version: '10.0', java.version: '1.8.0_181'
Driver info: com.kms.katalon.core.webui.driver.firefox.CGeckoDriver
Capabilities {acceptInsecureCerts: true, browserName: firefox, browserVersion: 68.12.0, javascriptEnabled: true, moz:accessibilityChecks: false, moz:buildID: 20200817150009, moz:geckodriverVersion: 0.23.0, moz:headless: false, moz:processID: 41976, moz:profile: C:\Users\radhakrishnang2\Ap..., moz:shutdownTimeout: 60000, moz:useNonSpecCompliantPointerOrigin: false, moz:webdriverClick: true, pageLoadStrategy: normal, platform: WINDOWS, platformName: WINDOWS, platformVersion: 10.0, proxy: Proxy(direct), rotatable: false, setWindowRect: true, strictFileInteractability: false, timeouts: {implicit: 0, pageLoad: 300000, script: 30000}, unhandledPromptBehavior: dismiss and notify}
Session ID: bccc158d-8eb8-4463-bf31-6c59db21296f
*** Element info: {Using=xpath, value=//*[@id="file_tab_table"]//tbody/tr[3]/*[3]}

2020-09-15 08:01:25 - [MESSAGE][ERROR] - Unable to locate element: //*[@id="file_tab_table"]//tbody/tr[3]/*[3]
For documentation on this error, please visit: https://www.seleniumhq.org/exceptions/no_such_element.html
Build info: version: '3.141.59', revision: 'e82be7d358', time: '2018-11-14T08:25:53'
System info: host: 'NCI-02150368-L', ip: '10.243.4.231', os.name: 'Windows 10', os.arch: 'amd64', os.version: '10.0', java.version: '1.8.0_181'
Driver info: com.kms.katalon.core.webui.driver.firefox.CGeckoDriver
Capabilities {acceptInsecureCerts: true, browserName: firefox, browserVersion: 68.12.0, javascriptEnabled: true, moz:accessibilityChecks: false, moz:buildID: 20200817150009, moz:geckodriverVersion: 0.23.0, moz:headless: false, moz:processID: 41976, moz:profile: C:\Users\radhakrishnang2\Ap..., moz:shutdownTimeout: 60000, moz:useNonSpecCompliantPointerOrigin: false, moz:webdriverClick: true, pageLoadStrategy: normal, platform: WINDOWS, platformName: WINDOWS, platformVersion: 10.0, proxy: Proxy(direct), rotatable: false, setWindowRect: true, strictFileInteractability: false, timeouts: {implicit: 0, pageLoad: 300000, script: 30000}, unhandledPromptBehavior: dismiss and notify}
Session ID: bccc158d-8eb8-4463-bf31-6c59db21296f
*** Element info: {Using=xpath, value=//*[@id="file_tab_table"]//tbody/tr[3]/*[3]}]]></system-out>
         <system-err><![CDATA[2020-09-15 07:58:52 - [TEST_CASE][ERROR] - Test Cases/Canine_TestCases/Breed/TC05_Canine_Filter_Breed-Beagle: Test Cases/Canine_TestCases/Breed/TC05_Canine_Filter_Breed-Beagle FAILED.
Reason:
org.openqa.selenium.NoSuchElementException: Unable to locate element: //*[@id="file_tab_table"]//tbody/tr[3]/*[3]
For documentation on this error, please visit: https://www.seleniumhq.org/exceptions/no_such_element.html
Build info: version: '3.141.59', revision: 'e82be7d358', time: '2018-11-14T08:25:53'
System info: host: 'NCI-02150368-L', ip: '10.243.4.231', os.name: 'Windows 10', os.arch: 'amd64', os.version: '10.0', java.version: '1.8.0_181'
Driver info: com.kms.katalon.core.webui.driver.firefox.CGeckoDriver
Capabilities {acceptInsecureCerts: true, browserName: firefox, browserVersion: 68.12.0, javascriptEnabled: true, moz:accessibilityChecks: false, moz:buildID: 20200817150009, moz:geckodriverVersion: 0.23.0, moz:headless: false, moz:processID: 41976, moz:profile: C:\Users\radhakrishnang2\Ap..., moz:shutdownTimeout: 60000, moz:useNonSpecCompliantPointerOrigin: false, moz:webdriverClick: true, pageLoadStrategy: normal, platform: WINDOWS, platformName: WINDOWS, platformVersion: 10.0, proxy: Proxy(direct), rotatable: false, setWindowRect: true, strictFileInteractability: false, timeouts: {implicit: 0, pageLoad: 300000, script: 30000}, unhandledPromptBehavior: dismiss and notify}
Session ID: bccc158d-8eb8-4463-bf31-6c59db21296f
*** Element info: {Using=xpath, value=//*[@id="file_tab_table"]//tbody/tr[3]/*[3]}
	at org.openqa.selenium.remote.http.W3CHttpResponseCodec.createException(W3CHttpResponseCodec.java:187)
	at org.openqa.selenium.remote.http.W3CHttpResponseCodec.decode(W3CHttpResponseCodec.java:122)
	at org.openqa.selenium.remote.http.W3CHttpResponseCodec.decode(W3CHttpResponseCodec.java:49)
	at org.openqa.selenium.remote.HttpCommandExecutor.execute(HttpCommandExecutor.java:158)
	at org.openqa.selenium.remote.service.DriverCommandExecutor.execute(DriverCommandExecutor.java:83)
	at org.openqa.selenium.remote.RemoteWebDriver.execute(RemoteWebDriver.java:552)
	at com.kms.katalon.selenium.driver.CFirefoxDriver.execute(CFirefoxDriver.java:27)
	at org.openqa.selenium.remote.RemoteWebDriver.findElement(RemoteWebDriver.java:323)
	at org.openqa.selenium.remote.RemoteWebDriver.findElementByXPath(RemoteWebDriver.java:428)
	at org.openqa.selenium.By$ByXPath.findElement(By.java:353)
	at org.openqa.selenium.remote.RemoteWebDriver.findElement(RemoteWebDriver.java:315)
	at org.openqa.selenium.support.events.EventFiringWebDriver.lambda$new$1(EventFiringWebDriver.java:105)
	at com.sun.proxy.$Proxy9.findElement(Unknown Source)
	at org.openqa.selenium.support.events.EventFiringWebDriver.findElement(EventFiringWebDriver.java:194)
	at org.openqa.selenium.WebDriver$findElement$1.call(Unknown Source)
	at ctdc.utilities.runtestcaseforKatalon.ReadCasesTableKatalon(runtestcaseforKatalon.groovy:366)
	at ctdc.utilities.runtestcaseforKatalon.multiFunction(runtestcaseforKatalon.groovy:222)
	at ctdc.utilities.runtestcaseforKatalon.invokeMethod(runtestcaseforKatalon.groovy)
	at com.kms.katalon.core.main.CustomKeywordDelegatingMetaClass.invokeStaticMethod(CustomKeywordDelegatingMetaClass.java:50)
	at TC05_Canine_Filter_Breed-Beagle.run(TC05_Canine_Filter_Breed-Beagle:73)
	at com.kms.katalon.core.main.ScriptEngine.run(ScriptEngine.java:194)
	at com.kms.katalon.core.main.ScriptEngine.runScriptAsRawText(ScriptEngine.java:119)
	at com.kms.katalon.core.main.TestCaseExecutor.runScript(TestCaseExecutor.java:337)
	at com.kms.katalon.core.main.TestCaseExecutor.doExecute(TestCaseExecutor.java:328)
	at com.kms.katalon.core.main.TestCaseExecutor.processExecutionPhase(TestCaseExecutor.java:307)
	at com.kms.katalon.core.main.TestCaseExecutor.accessMainPhase(TestCaseExecutor.java:299)
	at com.kms.katalon.core.main.TestCaseExecutor.execute(TestCaseExecutor.java:233)
	at com.kms.katalon.core.main.TestSuiteExecutor.accessTestCaseMainPhase(TestSuiteExecutor.java:169)
	at com.kms.katalon.core.main.TestSuiteExecutor.accessTestSuiteMainPhase(TestSuiteExecutor.java:142)
	at com.kms.katalon.core.main.TestSuiteExecutor.execute(TestSuiteExecutor.java:91)
	at com.kms.katalon.core.main.TestCaseMain.startTestSuite(TestCaseMain.java:157)
	at com.kms.katalon.core.main.TestCaseMain$startTestSuite$0.call(Unknown Source)
	at TempTestSuite1600181482512.run(TempTestSuite1600181482512.groovy:37)]]></system-err>
      </testcase>
      <testcase name="Test Cases/Canine_TestCases/Breed/TC06_Canine_Filter_Breed-BelgMalin" time="76.145" classname="Test Cases/Canine_TestCases/Breed/TC06_Canine_Filter_Breed-BelgMalin" status="FAILED">
         <failure type="FAILED" message="Test Cases/Canine_TestCases/Breed/TC06_Canine_Filter_Breed-BelgMalin FAILED.
Reason:
com.kms.katalon.core.exception.StepFailedException: Unable to click on object 'Object Repository/Canine/Filter/Breed/BelgMalin_Chkbx'
	at com.kms.katalon.core.webui.keyword.internal.WebUIKeywordMain.stepFailed(WebUIKeywordMain.groovy:64)
	at com.kms.katalon.core.webui.keyword.internal.WebUIKeywordMain.runKeyword(WebUIKeywordMain.groovy:26)
	at com.kms.katalon.core.webui.keyword.builtin.ClickKeyword.click(ClickKeyword.groovy:76)
	at com.kms.katalon.core.webui.keyword.builtin.ClickKeyword.execute(ClickKeyword.groovy:43)
	at com.kms.katalon.core.keyword.internal.KeywordExecutor.executeKeywordForPlatform(KeywordExecutor.groovy:72)
	at com.kms.katalon.core.webui.keyword.WebUiBuiltInKeywords.click(WebUiBuiltInKeywords.groovy:616)
	at com.kms.katalon.core.webui.keyword.WebUiBuiltInKeywords$click$2.call(Unknown Source)
	at TC06_Canine_Filter_Breed-BelgMalin.run(TC06_Canine_Filter_Breed-BelgMalin:53)
	at com.kms.katalon.core.main.ScriptEngine.run(ScriptEngine.java:194)
	at com.kms.katalon.core.main.ScriptEngine.runScriptAsRawText(ScriptEngine.java:119)
	at com.kms.katalon.core.main.TestCaseExecutor.runScript(TestCaseExecutor.java:337)
	at com.kms.katalon.core.main.TestCaseExecutor.doExecute(TestCaseExecutor.java:328)
	at com.kms.katalon.core.main.TestCaseExecutor.processExecutionPhase(TestCaseExecutor.java:307)
	at com.kms.katalon.core.main.TestCaseExecutor.accessMainPhase(TestCaseExecutor.java:299)
	at com.kms.katalon.core.main.TestCaseExecutor.execute(TestCaseExecutor.java:233)
	at com.kms.katalon.core.main.TestSuiteExecutor.accessTestCaseMainPhase(TestSuiteExecutor.java:169)
	at com.kms.katalon.core.main.TestSuiteExecutor.accessTestSuiteMainPhase(TestSuiteExecutor.java:142)
	at com.kms.katalon.core.main.TestSuiteExecutor.execute(TestSuiteExecutor.java:91)
	at com.kms.katalon.core.main.TestCaseMain.startTestSuite(TestCaseMain.java:157)
	at com.kms.katalon.core.main.TestCaseMain$startTestSuite$0.call(Unknown Source)
	at TempTestSuite1600181482512.run(TempTestSuite1600181482512.groovy:37)
Caused by: com.kms.katalon.core.webui.exception.WebElementNotFoundException: Web element with id: 'Object Repository/Canine/Filter/Breed/BelgMalin_Chkbx' located by 'By.xpath: //p[contains(text(),'Belgian Malinois ')]' not found
	at com.kms.katalon.core.webui.common.WebUiCommonHelper.findWebElement(WebUiCommonHelper.java:1154)
	at com.kms.katalon.core.webui.keyword.internal.WebUIAbstractKeyword.findWebElement(WebUIAbstractKeyword.groovy:27)
	at com.kms.katalon.core.webui.keyword.internal.WebUIAbstractKeyword.findWebElement(WebUIAbstractKeyword.groovy:26)
	at com.kms.katalon.core.webui.keyword.builtin.ClickKeyword$_click_closure1.doCall(ClickKeyword.groovy:67)
	at com.kms.katalon.core.webui.keyword.builtin.ClickKeyword$_click_closure1.call(ClickKeyword.groovy)
	at com.kms.katalon.core.webui.keyword.internal.WebUIKeywordMain.runKeyword(WebUIKeywordMain.groovy:20)
	... 19 more
"/>
         <system-out><![CDATA[2020-09-15 08:01:25 - [TEST_CASE][FAILED] - Test Cases/Canine_TestCases/Breed/TC06_Canine_Filter_Breed-BelgMalin: Test Cases/Canine_TestCases/Breed/TC06_Canine_Filter_Breed-BelgMalin FAILED.
Reason:
com.kms.katalon.core.exception.StepFailedException: Unable to click on object 'Object Repository/Canine/Filter/Breed/BelgMalin_Chkbx'
	at com.kms.katalon.core.webui.keyword.internal.WebUIKeywordMain.stepFailed(WebUIKeywordMain.groovy:64)
	at com.kms.katalon.core.webui.keyword.internal.WebUIKeywordMain.runKeyword(WebUIKeywordMain.groovy:26)
	at com.kms.katalon.core.webui.keyword.builtin.ClickKeyword.click(ClickKeyword.groovy:76)
	at com.kms.katalon.core.webui.keyword.builtin.ClickKeyword.execute(ClickKeyword.groovy:43)
	at com.kms.katalon.core.keyword.internal.KeywordExecutor.executeKeywordForPlatform(KeywordExecutor.groovy:72)
	at com.kms.katalon.core.webui.keyword.WebUiBuiltInKeywords.click(WebUiBuiltInKeywords.groovy:616)
	at com.kms.katalon.core.webui.keyword.WebUiBuiltInKeywords$click$2.call(Unknown Source)
	at TC06_Canine_Filter_Breed-BelgMalin.run(TC06_Canine_Filter_Breed-BelgMalin:53)
	at com.kms.katalon.core.main.ScriptEngine.run(ScriptEngine.java:194)
	at com.kms.katalon.core.main.ScriptEngine.runScriptAsRawText(ScriptEngine.java:119)
	at com.kms.katalon.core.main.TestCaseExecutor.runScript(TestCaseExecutor.java:337)
	at com.kms.katalon.core.main.TestCaseExecutor.doExecute(TestCaseExecutor.java:328)
	at com.kms.katalon.core.main.TestCaseExecutor.processExecutionPhase(TestCaseExecutor.java:307)
	at com.kms.katalon.core.main.TestCaseExecutor.accessMainPhase(TestCaseExecutor.java:299)
	at com.kms.katalon.core.main.TestCaseExecutor.execute(TestCaseExecutor.java:233)
	at com.kms.katalon.core.main.TestSuiteExecutor.accessTestCaseMainPhase(TestSuiteExecutor.java:169)
	at com.kms.katalon.core.main.TestSuiteExecutor.accessTestSuiteMainPhase(TestSuiteExecutor.java:142)
	at com.kms.katalon.core.main.TestSuiteExecutor.execute(TestSuiteExecutor.java:91)
	at com.kms.katalon.core.main.TestCaseMain.startTestSuite(TestCaseMain.java:157)
	at com.kms.katalon.core.main.TestCaseMain$startTestSuite$0.call(Unknown Source)
	at TempTestSuite1600181482512.run(TempTestSuite1600181482512.groovy:37)
Caused by: com.kms.katalon.core.webui.exception.WebElementNotFoundException: Web element with id: 'Object Repository/Canine/Filter/Breed/BelgMalin_Chkbx' located by 'By.xpath: //p[contains(text(),'Belgian Malinois ')]' not found
	at com.kms.katalon.core.webui.common.WebUiCommonHelper.findWebElement(WebUiCommonHelper.java:1154)
	at com.kms.katalon.core.webui.keyword.internal.WebUIAbstractKeyword.findWebElement(WebUIAbstractKeyword.groovy:27)
	at com.kms.katalon.core.webui.keyword.internal.WebUIAbstractKeyword.findWebElement(WebUIAbstractKeyword.groovy:26)
	at com.kms.katalon.core.webui.keyword.builtin.ClickKeyword$_click_closure1.doCall(ClickKeyword.groovy:67)
	at com.kms.katalon.core.webui.keyword.builtin.ClickKeyword$_click_closure1.call(ClickKeyword.groovy)
	at com.kms.katalon.core.webui.keyword.internal.WebUIKeywordMain.runKeyword(WebUIKeywordMain.groovy:20)
	... 19 more


2020-09-15 08:01:25 - [TEST_STEP][PASSED] - closeBrowser(): Browser is closed

2020-09-15 08:01:26 - [MESSAGE][PASSED] - Browser is closed

2020-09-15 08:01:26 - [TEST_STEP][PASSED] - openBrowser(""): Browser is opened with url: ''

2020-09-15 08:01:26 - [MESSAGE][INFO] - Starting 'Firefox' driver

2020-09-15 08:01:26 - [MESSAGE][INFO] - User set preference: ['args', '[--no-sandbox]']

2020-09-15 08:01:26 - [MESSAGE][INFO] - Action delay is set to 5,000 milliseconds

2020-09-15 08:01:31 - [MESSAGE][PASSED] - Browser is opened with url: ''

2020-09-15 08:01:31 - [TEST_STEP][PASSED] - ctdc.utilities.runtestcaseforKatalon.testSetup(""): ctdc.utilities.runtestcaseforKatalon.testSetup is PASSED

2020-09-15 08:01:31 - [MESSAGE][PASSED] - ctdc.utilities.runtestcaseforKatalon.testSetup is PASSED

2020-09-15 08:01:31 - [TEST_STEP][PASSED] - ctdc.utilities.runtestcaseforKatalon.RunKatalon("TC06_Canine_Filter_Breed-BelgMalin.xlsx"): Data loaded from input file for the test case. 

2020-09-15 08:01:31 - [MESSAGE][PASSED] - Test case file loaded This is the full filepath after converting to string :C:\Users\radhakrishnang2\Desktop\Commons_Automation\InputFiles\TC06_Canine_Filter_Breed-BelgMalin.xlsx

2020-09-15 08:01:31 - [MESSAGE][INFO] - Global variable set for password file is :  C:\Users\radhakrishnang2\Desktop\Commons_Automation\InputFiles\TC06_Canine_Filter_Breed-BelgMalin.xlsx

2020-09-15 08:01:31 - [MESSAGE][PASSED] - Data loaded from input file for the test case. 

2020-09-15 08:01:40 - [TEST_STEP][PASSED] - click(findTestObject("Canine/NavBar/Canine_Cases_Btn")): Object: 'Object Repository/Canine/NavBar/Canine_Cases_Btn' is clicked on

2020-09-15 08:01:47 - [MESSAGE][PASSED] - Object: 'Object Repository/Canine/NavBar/Canine_Cases_Btn' is clicked on

2020-09-15 08:01:47 - [TEST_STEP][PASSED] - click(findTestObject("Object Repository/Canine/Filter/Breed/BREED_Ddn")): Object: 'Object Repository/Canine/Filter/Breed/BREED_Ddn' is clicked on

2020-09-15 08:01:57 - [MESSAGE][PASSED] - Object: 'Object Repository/Canine/Filter/Breed/BREED_Ddn' is clicked on

2020-09-15 08:01:57 - [TEST_STEP][FAILED] - click(findTestObject("Object Repository/Canine/Filter/Breed/BelgMalin_Chkbx")): Unable to click on object 'Object Repository/Canine/Filter/Breed/BelgMalin_Chkbx' (Root cause: com.kms.katalon.core.exception.StepFailedException: Unable to click on object 'Object Repository/Canine/Filter/Breed/BelgMalin_Chkbx'
	at com.kms.katalon.core.webui.keyword.internal.WebUIKeywordMain.stepFailed(WebUIKeywordMain.groovy:64)
	at com.kms.katalon.core.webui.keyword.internal.WebUIKeywordMain.runKeyword(WebUIKeywordMain.groovy:26)
	at com.kms.katalon.core.webui.keyword.builtin.ClickKeyword.click(ClickKeyword.groovy:76)
	at com.kms.katalon.core.webui.keyword.builtin.ClickKeyword.execute(ClickKeyword.groovy:43)
	at com.kms.katalon.core.keyword.internal.KeywordExecutor.executeKeywordForPlatform(KeywordExecutor.groovy:72)
	at com.kms.katalon.core.webui.keyword.WebUiBuiltInKeywords.click(WebUiBuiltInKeywords.groovy:616)
	at com.kms.katalon.core.webui.keyword.WebUiBuiltInKeywords$click$2.call(Unknown Source)
	at TC06_Canine_Filter_Breed-BelgMalin.run(TC06_Canine_Filter_Breed-BelgMalin:53)
	at com.kms.katalon.core.main.ScriptEngine.run(ScriptEngine.java:194)
	at com.kms.katalon.core.main.ScriptEngine.runScriptAsRawText(ScriptEngine.java:119)
	at com.kms.katalon.core.main.TestCaseExecutor.runScript(TestCaseExecutor.java:337)
	at com.kms.katalon.core.main.TestCaseExecutor.doExecute(TestCaseExecutor.java:328)
	at com.kms.katalon.core.main.TestCaseExecutor.processExecutionPhase(TestCaseExecutor.java:307)
	at com.kms.katalon.core.main.TestCaseExecutor.accessMainPhase(TestCaseExecutor.java:299)
	at com.kms.katalon.core.main.TestCaseExecutor.execute(TestCaseExecutor.java:233)
	at com.kms.katalon.core.main.TestSuiteExecutor.accessTestCaseMainPhase(TestSuiteExecutor.java:169)
	at com.kms.katalon.core.main.TestSuiteExecutor.accessTestSuiteMainPhase(TestSuiteExecutor.java:142)
	at com.kms.katalon.core.main.TestSuiteExecutor.execute(TestSuiteExecutor.java:91)
	at com.kms.katalon.core.main.TestCaseMain.startTestSuite(TestCaseMain.java:157)
	at com.kms.katalon.core.main.TestCaseMain$startTestSuite$0.call(Unknown Source)
	at TempTestSuite1600181482512.run(TempTestSuite1600181482512.groovy:37)
Caused by: com.kms.katalon.core.webui.exception.WebElementNotFoundException: Web element with id: 'Object Repository/Canine/Filter/Breed/BelgMalin_Chkbx' located by 'By.xpath: //p[contains(text(),'Belgian Malinois ')]' not found
	at com.kms.katalon.core.webui.common.WebUiCommonHelper.findWebElement(WebUiCommonHelper.java:1154)
	at com.kms.katalon.core.webui.keyword.internal.WebUIAbstractKeyword.findWebElement(WebUIAbstractKeyword.groovy:27)
	at com.kms.katalon.core.webui.keyword.internal.WebUIAbstractKeyword.findWebElement(WebUIAbstractKeyword.groovy:26)
	at com.kms.katalon.core.webui.keyword.builtin.ClickKeyword$_click_closure1.doCall(ClickKeyword.groovy:67)
	at com.kms.katalon.core.webui.keyword.builtin.ClickKeyword$_click_closure1.call(ClickKeyword.groovy)
	at com.kms.katalon.core.webui.keyword.internal.WebUIKeywordMain.runKeyword(WebUIKeywordMain.groovy:20)
	at com.kms.katalon.core.webui.keyword.builtin.ClickKeyword.click(ClickKeyword.groovy:76)
	at com.kms.katalon.core.webui.keyword.builtin.ClickKeyword.execute(ClickKeyword.groovy:43)
	at com.kms.katalon.core.keyword.internal.KeywordExecutor.executeKeywordForPlatform(KeywordExecutor.groovy:72)
	at com.kms.katalon.core.webui.keyword.WebUiBuiltInKeywords.click(WebUiBuiltInKeywords.groovy:616)
	at com.kms.katalon.core.webui.keyword.WebUiBuiltInKeywords$click$2.call(Unknown Source)
	at Script1589136370469.run(Script1589136370469.groovy:53)
	... 13 more
)

2020-09-15 08:02:41 - [MESSAGE][INFO] - Unable to find the element located by 'By.xpath: //p[contains(text(),'Belgian Malinois ')]'. Please recheck the objects properties to make sure the desired element is located. 

2020-09-15 08:02:41 - [MESSAGE][FAILED] - Unable to click on object 'Object Repository/Canine/Filter/Breed/BelgMalin_Chkbx' (Root cause: com.kms.katalon.core.exception.StepFailedException: Unable to click on object 'Object Repository/Canine/Filter/Breed/BelgMalin_Chkbx'
	at com.kms.katalon.core.webui.keyword.internal.WebUIKeywordMain.stepFailed(WebUIKeywordMain.groovy:64)
	at com.kms.katalon.core.webui.keyword.internal.WebUIKeywordMain.runKeyword(WebUIKeywordMain.groovy:26)
	at com.kms.katalon.core.webui.keyword.builtin.ClickKeyword.click(ClickKeyword.groovy:76)
	at com.kms.katalon.core.webui.keyword.builtin.ClickKeyword.execute(ClickKeyword.groovy:43)
	at com.kms.katalon.core.keyword.internal.KeywordExecutor.executeKeywordForPlatform(KeywordExecutor.groovy:72)
	at com.kms.katalon.core.webui.keyword.WebUiBuiltInKeywords.click(WebUiBuiltInKeywords.groovy:616)
	at com.kms.katalon.core.webui.keyword.WebUiBuiltInKeywords$click$2.call(Unknown Source)
	at TC06_Canine_Filter_Breed-BelgMalin.run(TC06_Canine_Filter_Breed-BelgMalin:53)
	at com.kms.katalon.core.main.ScriptEngine.run(ScriptEngine.java:194)
	at com.kms.katalon.core.main.ScriptEngine.runScriptAsRawText(ScriptEngine.java:119)
	at com.kms.katalon.core.main.TestCaseExecutor.runScript(TestCaseExecutor.java:337)
	at com.kms.katalon.core.main.TestCaseExecutor.doExecute(TestCaseExecutor.java:328)
	at com.kms.katalon.core.main.TestCaseExecutor.processExecutionPhase(TestCaseExecutor.java:307)
	at com.kms.katalon.core.main.TestCaseExecutor.accessMainPhase(TestCaseExecutor.java:299)
	at com.kms.katalon.core.main.TestCaseExecutor.execute(TestCaseExecutor.java:233)
	at com.kms.katalon.core.main.TestSuiteExecutor.accessTestCaseMainPhase(TestSuiteExecutor.java:169)
	at com.kms.katalon.core.main.TestSuiteExecutor.accessTestSuiteMainPhase(TestSuiteExecutor.java:142)
	at com.kms.katalon.core.main.TestSuiteExecutor.execute(TestSuiteExecutor.java:91)
	at com.kms.katalon.core.main.TestCaseMain.startTestSuite(TestCaseMain.java:157)
	at com.kms.katalon.core.main.TestCaseMain$startTestSuite$0.call(Unknown Source)
	at TempTestSuite1600181482512.run(TempTestSuite1600181482512.groovy:37)
Caused by: com.kms.katalon.core.webui.exception.WebElementNotFoundException: Web element with id: 'Object Repository/Canine/Filter/Breed/BelgMalin_Chkbx' located by 'By.xpath: //p[contains(text(),'Belgian Malinois ')]' not found
	at com.kms.katalon.core.webui.common.WebUiCommonHelper.findWebElement(WebUiCommonHelper.java:1154)
	at com.kms.katalon.core.webui.keyword.internal.WebUIAbstractKeyword.findWebElement(WebUIAbstractKeyword.groovy:27)
	at com.kms.katalon.core.webui.keyword.internal.WebUIAbstractKeyword.findWebElement(WebUIAbstractKeyword.groovy:26)
	at com.kms.katalon.core.webui.keyword.builtin.ClickKeyword$_click_closure1.doCall(ClickKeyword.groovy:67)
	at com.kms.katalon.core.webui.keyword.builtin.ClickKeyword$_click_closure1.call(ClickKeyword.groovy)
	at com.kms.katalon.core.webui.keyword.internal.WebUIKeywordMain.runKeyword(WebUIKeywordMain.groovy:20)
	at com.kms.katalon.core.webui.keyword.builtin.ClickKeyword.click(ClickKeyword.groovy:76)
	at com.kms.katalon.core.webui.keyword.builtin.ClickKeyword.execute(ClickKeyword.groovy:43)
	at com.kms.katalon.core.keyword.internal.KeywordExecutor.executeKeywordForPlatform(KeywordExecutor.groovy:72)
	at com.kms.katalon.core.webui.keyword.WebUiBuiltInKeywords.click(WebUiBuiltInKeywords.groovy:616)
	at com.kms.katalon.core.webui.keyword.WebUiBuiltInKeywords$click$2.call(Unknown Source)
	at Script1589136370469.run(Script1589136370469.groovy:53)
	... 13 more
)
[[ATTACHMENT|C:\\Users\\radhakrishnang2\\Desktop\\Commons_Automation\\Reports\\20200915_075122\\G_sandboxTestSuite\\20200915_075122\\1600182161021.png]]]]></system-out>
         <system-err><![CDATA[2020-09-15 08:01:25 - [TEST_CASE][FAILED] - Test Cases/Canine_TestCases/Breed/TC06_Canine_Filter_Breed-BelgMalin: Test Cases/Canine_TestCases/Breed/TC06_Canine_Filter_Breed-BelgMalin FAILED.
Reason:
com.kms.katalon.core.exception.StepFailedException: Unable to click on object 'Object Repository/Canine/Filter/Breed/BelgMalin_Chkbx'
	at com.kms.katalon.core.webui.keyword.internal.WebUIKeywordMain.stepFailed(WebUIKeywordMain.groovy:64)
	at com.kms.katalon.core.webui.keyword.internal.WebUIKeywordMain.runKeyword(WebUIKeywordMain.groovy:26)
	at com.kms.katalon.core.webui.keyword.builtin.ClickKeyword.click(ClickKeyword.groovy:76)
	at com.kms.katalon.core.webui.keyword.builtin.ClickKeyword.execute(ClickKeyword.groovy:43)
	at com.kms.katalon.core.keyword.internal.KeywordExecutor.executeKeywordForPlatform(KeywordExecutor.groovy:72)
	at com.kms.katalon.core.webui.keyword.WebUiBuiltInKeywords.click(WebUiBuiltInKeywords.groovy:616)
	at com.kms.katalon.core.webui.keyword.WebUiBuiltInKeywords$click$2.call(Unknown Source)
	at TC06_Canine_Filter_Breed-BelgMalin.run(TC06_Canine_Filter_Breed-BelgMalin:53)
	at com.kms.katalon.core.main.ScriptEngine.run(ScriptEngine.java:194)
	at com.kms.katalon.core.main.ScriptEngine.runScriptAsRawText(ScriptEngine.java:119)
	at com.kms.katalon.core.main.TestCaseExecutor.runScript(TestCaseExecutor.java:337)
	at com.kms.katalon.core.main.TestCaseExecutor.doExecute(TestCaseExecutor.java:328)
	at com.kms.katalon.core.main.TestCaseExecutor.processExecutionPhase(TestCaseExecutor.java:307)
	at com.kms.katalon.core.main.TestCaseExecutor.accessMainPhase(TestCaseExecutor.java:299)
	at com.kms.katalon.core.main.TestCaseExecutor.execute(TestCaseExecutor.java:233)
	at com.kms.katalon.core.main.TestSuiteExecutor.accessTestCaseMainPhase(TestSuiteExecutor.java:169)
	at com.kms.katalon.core.main.TestSuiteExecutor.accessTestSuiteMainPhase(TestSuiteExecutor.java:142)
	at com.kms.katalon.core.main.TestSuiteExecutor.execute(TestSuiteExecutor.java:91)
	at com.kms.katalon.core.main.TestCaseMain.startTestSuite(TestCaseMain.java:157)
	at com.kms.katalon.core.main.TestCaseMain$startTestSuite$0.call(Unknown Source)
	at TempTestSuite1600181482512.run(TempTestSuite1600181482512.groovy:37)
Caused by: com.kms.katalon.core.webui.exception.WebElementNotFoundException: Web element with id: 'Object Repository/Canine/Filter/Breed/BelgMalin_Chkbx' located by 'By.xpath: //p[contains(text(),'Belgian Malinois ')]' not found
	at com.kms.katalon.core.webui.common.WebUiCommonHelper.findWebElement(WebUiCommonHelper.java:1154)
	at com.kms.katalon.core.webui.keyword.internal.WebUIAbstractKeyword.findWebElement(WebUIAbstractKeyword.groovy:27)
	at com.kms.katalon.core.webui.keyword.internal.WebUIAbstractKeyword.findWebElement(WebUIAbstractKeyword.groovy:26)
	at com.kms.katalon.core.webui.keyword.builtin.ClickKeyword$_click_closure1.doCall(ClickKeyword.groovy:67)
	at com.kms.katalon.core.webui.keyword.builtin.ClickKeyword$_click_closure1.call(ClickKeyword.groovy)
	at com.kms.katalon.core.webui.keyword.internal.WebUIKeywordMain.runKeyword(WebUIKeywordMain.groovy:20)
	... 19 more]]></system-err>
      </testcase>
      <testcase name="Test Cases/Canine_TestCases/Breed/TC07_Canine_Filter_Breed-BrnMtnDog" time="109.944" classname="Test Cases/Canine_TestCases/Breed/TC07_Canine_Filter_Breed-BrnMtnDog" status="PASSED">
         <system-out><![CDATA[2020-09-15 08:02:41 - [TEST_CASE][PASSED] - Test Cases/Canine_TestCases/Breed/TC07_Canine_Filter_Breed-BrnMtnDog: Test Cases/Canine_TestCases/Breed/TC07_Canine_Filter_Breed-BrnMtnDog

2020-09-15 08:02:41 - [TEST_STEP][PASSED] - closeBrowser(): Browser is closed

2020-09-15 08:02:43 - [MESSAGE][PASSED] - Browser is closed

2020-09-15 08:02:43 - [TEST_STEP][PASSED] - openBrowser(""): Browser is opened with url: ''

2020-09-15 08:02:43 - [MESSAGE][INFO] - Starting 'Firefox' driver

2020-09-15 08:02:43 - [MESSAGE][INFO] - User set preference: ['args', '[--no-sandbox]']

2020-09-15 08:02:43 - [MESSAGE][INFO] - Action delay is set to 5,000 milliseconds

2020-09-15 08:02:47 - [MESSAGE][PASSED] - Browser is opened with url: ''

2020-09-15 08:02:47 - [TEST_STEP][PASSED] - ctdc.utilities.runtestcaseforKatalon.testSetup(""): ctdc.utilities.runtestcaseforKatalon.testSetup is PASSED

2020-09-15 08:02:47 - [MESSAGE][PASSED] - ctdc.utilities.runtestcaseforKatalon.testSetup is PASSED

2020-09-15 08:02:47 - [TEST_STEP][PASSED] - ctdc.utilities.runtestcaseforKatalon.RunKatalon("TC07_Canine_Filter_Breed-BrnMtnDog.xlsx"): Data loaded from input file for the test case. 

2020-09-15 08:02:47 - [MESSAGE][PASSED] - Test case file loaded This is the full filepath after converting to string :C:\Users\radhakrishnang2\Desktop\Commons_Automation\InputFiles\TC07_Canine_Filter_Breed-BrnMtnDog.xlsx

2020-09-15 08:02:47 - [MESSAGE][INFO] - Global variable set for password file is :  C:\Users\radhakrishnang2\Desktop\Commons_Automation\InputFiles\TC07_Canine_Filter_Breed-BrnMtnDog.xlsx

2020-09-15 08:02:47 - [MESSAGE][PASSED] - Data loaded from input file for the test case. 

2020-09-15 08:02:56 - [TEST_STEP][PASSED] - click(findTestObject("Canine/NavBar/Canine_Cases_Btn")): Object: 'Object Repository/Canine/NavBar/Canine_Cases_Btn' is clicked on

2020-09-15 08:03:03 - [MESSAGE][PASSED] - Object: 'Object Repository/Canine/NavBar/Canine_Cases_Btn' is clicked on

2020-09-15 08:03:03 - [TEST_STEP][PASSED] - click(findTestObject("Object Repository/Canine/Filter/Breed/BREED_Ddn")): Object: 'Object Repository/Canine/Filter/Breed/BREED_Ddn' is clicked on

2020-09-15 08:03:14 - [MESSAGE][PASSED] - Object: 'Object Repository/Canine/Filter/Breed/BREED_Ddn' is clicked on

2020-09-15 08:03:14 - [TEST_STEP][PASSED] - click(findTestObject("Object Repository/Canine/Filter/Breed/BernMtnDog_Chkbx")): Object: 'Object Repository/Canine/Filter/Breed/BernMtnDog_Chkbx' is clicked on

2020-09-15 08:03:20 - [MESSAGE][PASSED] - Object: 'Object Repository/Canine/Filter/Breed/BernMtnDog_Chkbx' is clicked on

2020-09-15 08:03:20 - [TEST_STEP][PASSED] - ctdc.utilities.runtestcaseforKatalon.readStatBar("Object Repository/Canine/StatBar/Canine_StatBar-Files", "Object Repository/Canine/StatBar/Canine_StatBar-Samples", "Object Repository/Canine/StatBar/Canine_StatBar-Cases", "Object Repository/Canine/StatBar/Canine_StatBar-Studies"): ctdc.utilities.runtestcaseforKatalon.readStatBar is PASSED

2020-09-15 08:03:23 - [MESSAGE][PASSED] - ctdc.utilities.runtestcaseforKatalon.readStatBar is PASSED

2020-09-15 08:03:23 - [TEST_STEP][PASSED] - click(findTestObject("Object Repository/Canine/CanineResults_Cases_Tab")): Object: 'Object Repository/Canine/CanineResults_Cases_Tab' is clicked on

2020-09-15 08:03:28 - [MESSAGE][PASSED] - Object: 'Object Repository/Canine/CanineResults_Cases_Tab' is clicked on

2020-09-15 08:03:28 - [TEST_STEP][PASSED] - ctdc.utilities.runtestcaseforKatalon.multiFunction(G_StatBar_Cases, "Object Repository/Canine/Canine_CasesTable", "Object Repository/Canine/Canine_TableHeader", "Object Repository/Canine/Canine_CasesTabNextBtn", G_WebTabnameCases, G_CypherTabnameCases, G_QueryCasesTab): Statbar Studies count matches

2020-09-15 08:03:54 - [MESSAGE][PASSED] - Statbar Files count matches

2020-09-15 08:03:54 - [MESSAGE][PASSED] - Statbar Samples count matches

2020-09-15 08:03:54 - [MESSAGE][PASSED] - Statbar Cases count matches

2020-09-15 08:03:54 - [MESSAGE][PASSED] - Statbar Studies count matches

2020-09-15 08:03:54 - [TEST_STEP][PASSED] - click(findTestObject("Object Repository/Canine/CanineResults_Samples_Tab")): Object: 'Object Repository/Canine/CanineResults_Samples_Tab' is clicked on

2020-09-15 08:04:00 - [MESSAGE][PASSED] - Object: 'Object Repository/Canine/CanineResults_Samples_Tab' is clicked on

2020-09-15 08:04:00 - [TEST_STEP][PASSED] - ctdc.utilities.runtestcaseforKatalon.multiFunction(G_StatBar_Samples, "Object Repository/Canine/Canine_Samples_Table", "Object Repository/Canine/Canine_Samples_TableHdr", "Object Repository/Canine/Canine_SamplesTabNextBtn", G_WebTabnameSamples, G_CypherTabnameSamples, G_QuerySamplesTab): Statbar Studies count matches

2020-09-15 08:04:14 - [MESSAGE][PASSED] - Statbar Files count matches

2020-09-15 08:04:14 - [MESSAGE][PASSED] - Statbar Samples count matches

2020-09-15 08:04:14 - [MESSAGE][PASSED] - Statbar Cases count matches

2020-09-15 08:04:14 - [MESSAGE][PASSED] - Statbar Studies count matches

2020-09-15 08:04:14 - [TEST_STEP][PASSED] - click(findTestObject("Object Repository/Canine/CanineResults_Files_Tab")): Object: 'Object Repository/Canine/CanineResults_Files_Tab' is clicked on

2020-09-15 08:04:20 - [MESSAGE][PASSED] - Object: 'Object Repository/Canine/CanineResults_Files_Tab' is clicked on

2020-09-15 08:04:20 - [TEST_STEP][PASSED] - ctdc.utilities.runtestcaseforKatalon.multiFunction(G_StatBar_Files, "Object Repository/Canine/Canine_Files_Table", "Object Repository/Canine/Canine_Files_TableHdr", "Object Repository/Canine/Canine_FilesTabNextBtn", G_WebTabnameFiles, G_CypherTabnameFiles, G_QueryFilesTab): Statbar Studies count matches

2020-09-15 08:04:31 - [MESSAGE][PASSED] - Statbar Files count matches

2020-09-15 08:04:31 - [MESSAGE][PASSED] - Statbar Samples count matches

2020-09-15 08:04:31 - [MESSAGE][PASSED] - Statbar Cases count matches

2020-09-15 08:04:31 - [MESSAGE][PASSED] - Statbar Studies count matches]]></system-out>
         <system-err><![CDATA[]]></system-err>
      </testcase>
      <testcase name="Test Cases/Canine_TestCases/Breed/TC08_Canine_Filter_Breed-BlkTanCoon" time="101.577" classname="Test Cases/Canine_TestCases/Breed/TC08_Canine_Filter_Breed-BlkTanCoon" status="PASSED">
         <system-out><![CDATA[2020-09-15 08:04:31 - [TEST_CASE][PASSED] - Test Cases/Canine_TestCases/Breed/TC08_Canine_Filter_Breed-BlkTanCoon: Test Cases/Canine_TestCases/Breed/TC08_Canine_Filter_Breed-BlkTanCoon

2020-09-15 08:04:31 - [TEST_STEP][PASSED] - closeBrowser(): Browser is closed

2020-09-15 08:04:32 - [MESSAGE][PASSED] - Browser is closed

2020-09-15 08:04:32 - [TEST_STEP][PASSED] - openBrowser(""): Browser is opened with url: ''

2020-09-15 08:04:32 - [MESSAGE][INFO] - Starting 'Firefox' driver

2020-09-15 08:04:32 - [MESSAGE][INFO] - User set preference: ['args', '[--no-sandbox]']

2020-09-15 08:04:32 - [MESSAGE][INFO] - Action delay is set to 5,000 milliseconds

2020-09-15 08:04:37 - [MESSAGE][PASSED] - Browser is opened with url: ''

2020-09-15 08:04:37 - [TEST_STEP][PASSED] - ctdc.utilities.runtestcaseforKatalon.testSetup(""): ctdc.utilities.runtestcaseforKatalon.testSetup is PASSED

2020-09-15 08:04:37 - [MESSAGE][PASSED] - ctdc.utilities.runtestcaseforKatalon.testSetup is PASSED

2020-09-15 08:04:37 - [TEST_STEP][PASSED] - ctdc.utilities.runtestcaseforKatalon.RunKatalon("TC08_Canine_Filter_Breed-BlkTanCoon.xlsx"): Data loaded from input file for the test case. 

2020-09-15 08:04:37 - [MESSAGE][PASSED] - Test case file loaded This is the full filepath after converting to string :C:\Users\radhakrishnang2\Desktop\Commons_Automation\InputFiles\TC08_Canine_Filter_Breed-BlkTanCoon.xlsx

2020-09-15 08:04:37 - [MESSAGE][INFO] - Global variable set for password file is :  C:\Users\radhakrishnang2\Desktop\Commons_Automation\InputFiles\TC08_Canine_Filter_Breed-BlkTanCoon.xlsx

2020-09-15 08:04:37 - [MESSAGE][PASSED] - Data loaded from input file for the test case. 

2020-09-15 08:04:46 - [TEST_STEP][PASSED] - click(findTestObject("Canine/NavBar/Canine_Cases_Btn")): Object: 'Object Repository/Canine/NavBar/Canine_Cases_Btn' is clicked on

2020-09-15 08:04:52 - [MESSAGE][PASSED] - Object: 'Object Repository/Canine/NavBar/Canine_Cases_Btn' is clicked on

2020-09-15 08:04:52 - [TEST_STEP][PASSED] - click(findTestObject("Object Repository/Canine/Filter/Breed/BREED_Ddn")): Object: 'Object Repository/Canine/Filter/Breed/BREED_Ddn' is clicked on

2020-09-15 08:05:02 - [MESSAGE][PASSED] - Object: 'Object Repository/Canine/Filter/Breed/BREED_Ddn' is clicked on

2020-09-15 08:05:02 - [TEST_STEP][PASSED] - click(findTestObject("Object Repository/Canine/Filter/Breed/BlkTanCoon_Chkbx")): Object: 'Object Repository/Canine/Filter/Breed/BlkTanCoon_Chkbx' is clicked on

2020-09-15 08:05:09 - [MESSAGE][PASSED] - Object: 'Object Repository/Canine/Filter/Breed/BlkTanCoon_Chkbx' is clicked on

2020-09-15 08:05:09 - [TEST_STEP][PASSED] - ctdc.utilities.runtestcaseforKatalon.readStatBar("Object Repository/Canine/StatBar/Canine_StatBar-Files", "Object Repository/Canine/StatBar/Canine_StatBar-Samples", "Object Repository/Canine/StatBar/Canine_StatBar-Cases", "Object Repository/Canine/StatBar/Canine_StatBar-Studies"): ctdc.utilities.runtestcaseforKatalon.readStatBar is PASSED

2020-09-15 08:05:12 - [MESSAGE][PASSED] - ctdc.utilities.runtestcaseforKatalon.readStatBar is PASSED

2020-09-15 08:05:12 - [TEST_STEP][PASSED] - click(findTestObject("Object Repository/Canine/CanineResults_Cases_Tab")): Object: 'Object Repository/Canine/CanineResults_Cases_Tab' is clicked on

2020-09-15 08:05:17 - [MESSAGE][PASSED] - Object: 'Object Repository/Canine/CanineResults_Cases_Tab' is clicked on

2020-09-15 08:05:17 - [TEST_STEP][PASSED] - ctdc.utilities.runtestcaseforKatalon.multiFunction(G_StatBar_Cases, "Object Repository/Canine/Canine_CasesTable", "Object Repository/Canine/Canine_TableHeader", "Object Repository/Canine/Canine_CasesTabNextBtn", G_WebTabnameCases, G_CypherTabnameCases, G_QueryCasesTab): Statbar Studies count matches

2020-09-15 08:05:32 - [MESSAGE][PASSED] - Statbar Files count matches

2020-09-15 08:05:32 - [MESSAGE][PASSED] - Statbar Samples count matches

2020-09-15 08:05:32 - [MESSAGE][PASSED] - Statbar Cases count matches

2020-09-15 08:05:32 - [MESSAGE][PASSED] - Statbar Studies count matches

2020-09-15 08:05:32 - [TEST_STEP][PASSED] - click(findTestObject("Object Repository/Canine/CanineResults_Samples_Tab")): Object: 'Object Repository/Canine/CanineResults_Samples_Tab' is clicked on

2020-09-15 08:05:38 - [MESSAGE][PASSED] - Object: 'Object Repository/Canine/CanineResults_Samples_Tab' is clicked on

2020-09-15 08:05:38 - [TEST_STEP][PASSED] - ctdc.utilities.runtestcaseforKatalon.multiFunction(G_StatBar_Samples, "Object Repository/Canine/Canine_Samples_Table", "Object Repository/Canine/Canine_Samples_TableHdr", "Object Repository/Canine/Canine_SamplesTabNextBtn", G_WebTabnameSamples, G_CypherTabnameSamples, G_QuerySamplesTab): Statbar Studies count matches

2020-09-15 08:05:55 - [MESSAGE][PASSED] - Statbar Files count matches

2020-09-15 08:05:55 - [MESSAGE][PASSED] - Statbar Samples count matches

2020-09-15 08:05:55 - [MESSAGE][PASSED] - Statbar Cases count matches

2020-09-15 08:05:55 - [MESSAGE][PASSED] - Statbar Studies count matches

2020-09-15 08:05:55 - [TEST_STEP][PASSED] - click(findTestObject("Object Repository/Canine/CanineResults_Files_Tab")): Object: 'Object Repository/Canine/CanineResults_Files_Tab' is clicked on

2020-09-15 08:06:01 - [MESSAGE][PASSED] - Object: 'Object Repository/Canine/CanineResults_Files_Tab' is clicked on

2020-09-15 08:06:01 - [TEST_STEP][PASSED] - ctdc.utilities.runtestcaseforKatalon.multiFunction(G_StatBar_Files, "Object Repository/Canine/Canine_Files_Table", "Object Repository/Canine/Canine_Files_TableHdr", "Object Repository/Canine/Canine_FilesTabNextBtn", G_WebTabnameFiles, G_CypherTabnameFiles, G_QueryFilesTab): Statbar Studies count matches

2020-09-15 08:06:12 - [MESSAGE][PASSED] - Statbar Files count matches

2020-09-15 08:06:12 - [MESSAGE][PASSED] - Statbar Samples count matches

2020-09-15 08:06:12 - [MESSAGE][PASSED] - Statbar Cases count matches

2020-09-15 08:06:12 - [MESSAGE][PASSED] - Statbar Studies count matches]]></system-out>
         <system-err><![CDATA[]]></system-err>
      </testcase>
      <testcase name="Test Cases/Canine_TestCases/Breed/TC09_Canine_Filter_Breed-BorderCol" time="119.212" classname="Test Cases/Canine_TestCases/Breed/TC09_Canine_Filter_Breed-BorderCol" status="PASSED">
         <system-out><![CDATA[2020-09-15 08:06:12 - [TEST_CASE][PASSED] - Test Cases/Canine_TestCases/Breed/TC09_Canine_Filter_Breed-BorderCol: Test Cases/Canine_TestCases/Breed/TC09_Canine_Filter_Breed-BorderCol

2020-09-15 08:06:13 - [TEST_STEP][PASSED] - closeBrowser(): Browser is closed

2020-09-15 08:06:14 - [MESSAGE][PASSED] - Browser is closed

2020-09-15 08:06:14 - [TEST_STEP][PASSED] - openBrowser(""): Browser is opened with url: ''

2020-09-15 08:06:14 - [MESSAGE][INFO] - Starting 'Firefox' driver

2020-09-15 08:06:14 - [MESSAGE][INFO] - User set preference: ['args', '[--no-sandbox]']

2020-09-15 08:06:14 - [MESSAGE][INFO] - Action delay is set to 5,000 milliseconds

2020-09-15 08:06:19 - [MESSAGE][PASSED] - Browser is opened with url: ''

2020-09-15 08:06:19 - [TEST_STEP][PASSED] - ctdc.utilities.runtestcaseforKatalon.testSetup(""): ctdc.utilities.runtestcaseforKatalon.testSetup is PASSED

2020-09-15 08:06:19 - [MESSAGE][PASSED] - ctdc.utilities.runtestcaseforKatalon.testSetup is PASSED

2020-09-15 08:06:19 - [TEST_STEP][PASSED] - ctdc.utilities.runtestcaseforKatalon.RunKatalon("TC09_Canine_Filter_Breed-BorderCol.xlsx"): Data loaded from input file for the test case. 

2020-09-15 08:06:19 - [MESSAGE][PASSED] - Test case file loaded This is the full filepath after converting to string :C:\Users\radhakrishnang2\Desktop\Commons_Automation\InputFiles\TC09_Canine_Filter_Breed-BorderCol.xlsx

2020-09-15 08:06:19 - [MESSAGE][INFO] - Global variable set for password file is :  C:\Users\radhakrishnang2\Desktop\Commons_Automation\InputFiles\TC09_Canine_Filter_Breed-BorderCol.xlsx

2020-09-15 08:06:19 - [MESSAGE][PASSED] - Data loaded from input file for the test case. 

2020-09-15 08:06:28 - [TEST_STEP][PASSED] - click(findTestObject("Canine/NavBar/Canine_Cases_Btn")): Object: 'Object Repository/Canine/NavBar/Canine_Cases_Btn' is clicked on

2020-09-15 08:06:34 - [MESSAGE][PASSED] - Object: 'Object Repository/Canine/NavBar/Canine_Cases_Btn' is clicked on

2020-09-15 08:06:34 - [TEST_STEP][PASSED] - click(findTestObject("Object Repository/Canine/Filter/Breed/BREED_Ddn")): Object: 'Object Repository/Canine/Filter/Breed/BREED_Ddn' is clicked on

2020-09-15 08:06:45 - [MESSAGE][PASSED] - Object: 'Object Repository/Canine/Filter/Breed/BREED_Ddn' is clicked on

2020-09-15 08:06:45 - [TEST_STEP][PASSED] - click(findTestObject("Object Repository/Canine/Filter/Breed/BorderCol_Chkbx")): Object: 'Object Repository/Canine/Filter/Breed/BorderCol_Chkbx' is clicked on

2020-09-15 08:06:51 - [MESSAGE][PASSED] - Object: 'Object Repository/Canine/Filter/Breed/BorderCol_Chkbx' is clicked on

2020-09-15 08:06:51 - [TEST_STEP][PASSED] - ctdc.utilities.runtestcaseforKatalon.readStatBar("Object Repository/Canine/StatBar/Canine_StatBar-Files", "Object Repository/Canine/StatBar/Canine_StatBar-Samples", "Object Repository/Canine/StatBar/Canine_StatBar-Cases", "Object Repository/Canine/StatBar/Canine_StatBar-Studies"): ctdc.utilities.runtestcaseforKatalon.readStatBar is PASSED

2020-09-15 08:06:54 - [MESSAGE][PASSED] - ctdc.utilities.runtestcaseforKatalon.readStatBar is PASSED

2020-09-15 08:06:54 - [TEST_STEP][PASSED] - click(findTestObject("Object Repository/Canine/CanineResults_Cases_Tab")): Object: 'Object Repository/Canine/CanineResults_Cases_Tab' is clicked on

2020-09-15 08:06:59 - [MESSAGE][PASSED] - Object: 'Object Repository/Canine/CanineResults_Cases_Tab' is clicked on

2020-09-15 08:06:59 - [TEST_STEP][PASSED] - ctdc.utilities.runtestcaseforKatalon.multiFunction(G_StatBar_Cases, "Object Repository/Canine/Canine_CasesTable", "Object Repository/Canine/Canine_TableHeader", "Object Repository/Canine/Canine_CasesTabNextBtn", G_WebTabnameCases, G_CypherTabnameCases, G_QueryCasesTab): Statbar Studies count matches

2020-09-15 08:07:17 - [MESSAGE][PASSED] - Statbar Files count matches

2020-09-15 08:07:17 - [MESSAGE][PASSED] - Statbar Samples count matches

2020-09-15 08:07:17 - [MESSAGE][PASSED] - Statbar Cases count matches

2020-09-15 08:07:17 - [MESSAGE][PASSED] - Statbar Studies count matches

2020-09-15 08:07:17 - [TEST_STEP][PASSED] - click(findTestObject("Object Repository/Canine/CanineResults_Samples_Tab")): Object: 'Object Repository/Canine/CanineResults_Samples_Tab' is clicked on

2020-09-15 08:07:23 - [MESSAGE][PASSED] - Object: 'Object Repository/Canine/CanineResults_Samples_Tab' is clicked on

2020-09-15 08:07:23 - [TEST_STEP][PASSED] - ctdc.utilities.runtestcaseforKatalon.multiFunction(G_StatBar_Samples, "Object Repository/Canine/Canine_Samples_Table", "Object Repository/Canine/Canine_Samples_TableHdr", "Object Repository/Canine/Canine_SamplesTabNextBtn", G_WebTabnameSamples, G_CypherTabnameSamples, G_QuerySamplesTab): Statbar Studies count matches

2020-09-15 08:07:41 - [MESSAGE][PASSED] - Statbar Files count matches

2020-09-15 08:07:41 - [MESSAGE][PASSED] - Statbar Samples count matches

2020-09-15 08:07:41 - [MESSAGE][PASSED] - Statbar Cases count matches

2020-09-15 08:07:41 - [MESSAGE][PASSED] - Statbar Studies count matches

2020-09-15 08:07:41 - [TEST_STEP][PASSED] - click(findTestObject("Object Repository/Canine/CanineResults_Files_Tab")): Object: 'Object Repository/Canine/CanineResults_Files_Tab' is clicked on

2020-09-15 08:07:47 - [MESSAGE][PASSED] - Object: 'Object Repository/Canine/CanineResults_Files_Tab' is clicked on

2020-09-15 08:07:47 - [TEST_STEP][PASSED] - ctdc.utilities.runtestcaseforKatalon.multiFunction(G_StatBar_Files, "Object Repository/Canine/Canine_Files_Table", "Object Repository/Canine/Canine_Files_TableHdr", "Object Repository/Canine/Canine_FilesTabNextBtn", G_WebTabnameFiles, G_CypherTabnameFiles, G_QueryFilesTab): Statbar Studies count matches

2020-09-15 08:08:12 - [MESSAGE][PASSED] - Statbar Files count matches

2020-09-15 08:08:12 - [MESSAGE][PASSED] - Statbar Samples count matches

2020-09-15 08:08:12 - [MESSAGE][PASSED] - Statbar Cases count matches

2020-09-15 08:08:12 - [MESSAGE][PASSED] - Statbar Studies count matches]]></system-out>
         <system-err><![CDATA[]]></system-err>
      </testcase>
      <testcase name="Test Cases/Canine_TestCases/Breed/TC10_Canine_Filter_Breed-BostonTerr" time="97.423" classname="Test Cases/Canine_TestCases/Breed/TC10_Canine_Filter_Breed-BostonTerr" status="ERROR">
         <error type="ERROR" message="Test Cases/Canine_TestCases/Breed/TC10_Canine_Filter_Breed-BostonTerr FAILED.
Reason:
org.openqa.selenium.NoSuchElementException: Unable to locate element: //*[@id=&quot;case_tab_table&quot;]//tbody/tr[6]/*[3]
For documentation on this error, please visit: https://www.seleniumhq.org/exceptions/no_such_element.html
Build info: version: '3.141.59', revision: 'e82be7d358', time: '2018-11-14T08:25:53'
System info: host: 'NCI-02150368-L', ip: '10.243.4.231', os.name: 'Windows 10', os.arch: 'amd64', os.version: '10.0', java.version: '1.8.0_181'
Driver info: com.kms.katalon.core.webui.driver.firefox.CGeckoDriver
Capabilities {acceptInsecureCerts: true, browserName: firefox, browserVersion: 68.12.0, javascriptEnabled: true, moz:accessibilityChecks: false, moz:buildID: 20200817150009, moz:geckodriverVersion: 0.23.0, moz:headless: false, moz:processID: 27424, moz:profile: C:\Users\radhakrishnang2\Ap..., moz:shutdownTimeout: 60000, moz:useNonSpecCompliantPointerOrigin: false, moz:webdriverClick: true, pageLoadStrategy: normal, platform: WINDOWS, platformName: WINDOWS, platformVersion: 10.0, proxy: Proxy(direct), rotatable: false, setWindowRect: true, strictFileInteractability: false, timeouts: {implicit: 0, pageLoad: 300000, script: 30000}, unhandledPromptBehavior: dismiss and notify}
Session ID: f2d8e608-49df-4dbd-848d-bebd859cd69e
*** Element info: {Using=xpath, value=//*[@id=&quot;case_tab_table&quot;]//tbody/tr[6]/*[3]}
	at org.openqa.selenium.remote.http.W3CHttpResponseCodec.createException(W3CHttpResponseCodec.java:187)
	at org.openqa.selenium.remote.http.W3CHttpResponseCodec.decode(W3CHttpResponseCodec.java:122)
	at org.openqa.selenium.remote.http.W3CHttpResponseCodec.decode(W3CHttpResponseCodec.java:49)
	at org.openqa.selenium.remote.HttpCommandExecutor.execute(HttpCommandExecutor.java:158)
	at org.openqa.selenium.remote.service.DriverCommandExecutor.execute(DriverCommandExecutor.java:83)
	at org.openqa.selenium.remote.RemoteWebDriver.execute(RemoteWebDriver.java:552)
	at com.kms.katalon.selenium.driver.CFirefoxDriver.execute(CFirefoxDriver.java:27)
	at org.openqa.selenium.remote.RemoteWebDriver.findElement(RemoteWebDriver.java:323)
	at org.openqa.selenium.remote.RemoteWebDriver.findElementByXPath(RemoteWebDriver.java:428)
	at org.openqa.selenium.By$ByXPath.findElement(By.java:353)
	at org.openqa.selenium.remote.RemoteWebDriver.findElement(RemoteWebDriver.java:315)
	at org.openqa.selenium.support.events.EventFiringWebDriver.lambda$new$1(EventFiringWebDriver.java:105)
	at com.sun.proxy.$Proxy9.findElement(Unknown Source)
	at org.openqa.selenium.support.events.EventFiringWebDriver.findElement(EventFiringWebDriver.java:194)
	at org.openqa.selenium.WebDriver$findElement$1.call(Unknown Source)
	at ctdc.utilities.runtestcaseforKatalon.ReadCasesTableKatalon(runtestcaseforKatalon.groovy:366)
	at ctdc.utilities.runtestcaseforKatalon.multiFunction(runtestcaseforKatalon.groovy:222)
	at ctdc.utilities.runtestcaseforKatalon.invokeMethod(runtestcaseforKatalon.groovy)
	at com.kms.katalon.core.main.CustomKeywordDelegatingMetaClass.invokeStaticMethod(CustomKeywordDelegatingMetaClass.java:50)
	at TC10_Canine_Filter_Breed-BostonTerr.run(TC10_Canine_Filter_Breed-BostonTerr:62)
	at com.kms.katalon.core.main.ScriptEngine.run(ScriptEngine.java:194)
	at com.kms.katalon.core.main.ScriptEngine.runScriptAsRawText(ScriptEngine.java:119)
	at com.kms.katalon.core.main.TestCaseExecutor.runScript(TestCaseExecutor.java:337)
	at com.kms.katalon.core.main.TestCaseExecutor.doExecute(TestCaseExecutor.java:328)
	at com.kms.katalon.core.main.TestCaseExecutor.processExecutionPhase(TestCaseExecutor.java:307)
	at com.kms.katalon.core.main.TestCaseExecutor.accessMainPhase(TestCaseExecutor.java:299)
	at com.kms.katalon.core.main.TestCaseExecutor.execute(TestCaseExecutor.java:233)
	at com.kms.katalon.core.main.TestSuiteExecutor.accessTestCaseMainPhase(TestSuiteExecutor.java:169)
	at com.kms.katalon.core.main.TestSuiteExecutor.accessTestSuiteMainPhase(TestSuiteExecutor.java:142)
	at com.kms.katalon.core.main.TestSuiteExecutor.execute(TestSuiteExecutor.java:91)
	at com.kms.katalon.core.main.TestCaseMain.startTestSuite(TestCaseMain.java:157)
	at com.kms.katalon.core.main.TestCaseMain$startTestSuite$0.call(Unknown Source)
	at TempTestSuite1600181482512.run(TempTestSuite1600181482512.groovy:37)
"/>
         <system-out><![CDATA[2020-09-15 08:08:12 - [TEST_CASE][ERROR] - Test Cases/Canine_TestCases/Breed/TC10_Canine_Filter_Breed-BostonTerr: Test Cases/Canine_TestCases/Breed/TC10_Canine_Filter_Breed-BostonTerr FAILED.
Reason:
org.openqa.selenium.NoSuchElementException: Unable to locate element: //*[@id="case_tab_table"]//tbody/tr[6]/*[3]
For documentation on this error, please visit: https://www.seleniumhq.org/exceptions/no_such_element.html
Build info: version: '3.141.59', revision: 'e82be7d358', time: '2018-11-14T08:25:53'
System info: host: 'NCI-02150368-L', ip: '10.243.4.231', os.name: 'Windows 10', os.arch: 'amd64', os.version: '10.0', java.version: '1.8.0_181'
Driver info: com.kms.katalon.core.webui.driver.firefox.CGeckoDriver
Capabilities {acceptInsecureCerts: true, browserName: firefox, browserVersion: 68.12.0, javascriptEnabled: true, moz:accessibilityChecks: false, moz:buildID: 20200817150009, moz:geckodriverVersion: 0.23.0, moz:headless: false, moz:processID: 27424, moz:profile: C:\Users\radhakrishnang2\Ap..., moz:shutdownTimeout: 60000, moz:useNonSpecCompliantPointerOrigin: false, moz:webdriverClick: true, pageLoadStrategy: normal, platform: WINDOWS, platformName: WINDOWS, platformVersion: 10.0, proxy: Proxy(direct), rotatable: false, setWindowRect: true, strictFileInteractability: false, timeouts: {implicit: 0, pageLoad: 300000, script: 30000}, unhandledPromptBehavior: dismiss and notify}
Session ID: f2d8e608-49df-4dbd-848d-bebd859cd69e
*** Element info: {Using=xpath, value=//*[@id="case_tab_table"]//tbody/tr[6]/*[3]}
	at org.openqa.selenium.remote.http.W3CHttpResponseCodec.createException(W3CHttpResponseCodec.java:187)
	at org.openqa.selenium.remote.http.W3CHttpResponseCodec.decode(W3CHttpResponseCodec.java:122)
	at org.openqa.selenium.remote.http.W3CHttpResponseCodec.decode(W3CHttpResponseCodec.java:49)
	at org.openqa.selenium.remote.HttpCommandExecutor.execute(HttpCommandExecutor.java:158)
	at org.openqa.selenium.remote.service.DriverCommandExecutor.execute(DriverCommandExecutor.java:83)
	at org.openqa.selenium.remote.RemoteWebDriver.execute(RemoteWebDriver.java:552)
	at com.kms.katalon.selenium.driver.CFirefoxDriver.execute(CFirefoxDriver.java:27)
	at org.openqa.selenium.remote.RemoteWebDriver.findElement(RemoteWebDriver.java:323)
	at org.openqa.selenium.remote.RemoteWebDriver.findElementByXPath(RemoteWebDriver.java:428)
	at org.openqa.selenium.By$ByXPath.findElement(By.java:353)
	at org.openqa.selenium.remote.RemoteWebDriver.findElement(RemoteWebDriver.java:315)
	at org.openqa.selenium.support.events.EventFiringWebDriver.lambda$new$1(EventFiringWebDriver.java:105)
	at com.sun.proxy.$Proxy9.findElement(Unknown Source)
	at org.openqa.selenium.support.events.EventFiringWebDriver.findElement(EventFiringWebDriver.java:194)
	at org.openqa.selenium.WebDriver$findElement$1.call(Unknown Source)
	at ctdc.utilities.runtestcaseforKatalon.ReadCasesTableKatalon(runtestcaseforKatalon.groovy:366)
	at ctdc.utilities.runtestcaseforKatalon.multiFunction(runtestcaseforKatalon.groovy:222)
	at ctdc.utilities.runtestcaseforKatalon.invokeMethod(runtestcaseforKatalon.groovy)
	at com.kms.katalon.core.main.CustomKeywordDelegatingMetaClass.invokeStaticMethod(CustomKeywordDelegatingMetaClass.java:50)
	at TC10_Canine_Filter_Breed-BostonTerr.run(TC10_Canine_Filter_Breed-BostonTerr:62)
	at com.kms.katalon.core.main.ScriptEngine.run(ScriptEngine.java:194)
	at com.kms.katalon.core.main.ScriptEngine.runScriptAsRawText(ScriptEngine.java:119)
	at com.kms.katalon.core.main.TestCaseExecutor.runScript(TestCaseExecutor.java:337)
	at com.kms.katalon.core.main.TestCaseExecutor.doExecute(TestCaseExecutor.java:328)
	at com.kms.katalon.core.main.TestCaseExecutor.processExecutionPhase(TestCaseExecutor.java:307)
	at com.kms.katalon.core.main.TestCaseExecutor.accessMainPhase(TestCaseExecutor.java:299)
	at com.kms.katalon.core.main.TestCaseExecutor.execute(TestCaseExecutor.java:233)
	at com.kms.katalon.core.main.TestSuiteExecutor.accessTestCaseMainPhase(TestSuiteExecutor.java:169)
	at com.kms.katalon.core.main.TestSuiteExecutor.accessTestSuiteMainPhase(TestSuiteExecutor.java:142)
	at com.kms.katalon.core.main.TestSuiteExecutor.execute(TestSuiteExecutor.java:91)
	at com.kms.katalon.core.main.TestCaseMain.startTestSuite(TestCaseMain.java:157)
	at com.kms.katalon.core.main.TestCaseMain$startTestSuite$0.call(Unknown Source)
	at TempTestSuite1600181482512.run(TempTestSuite1600181482512.groovy:37)


2020-09-15 08:08:12 - [TEST_STEP][PASSED] - closeBrowser(): Browser is closed

2020-09-15 08:08:14 - [MESSAGE][PASSED] - Browser is closed

2020-09-15 08:08:14 - [TEST_STEP][PASSED] - openBrowser(""): Browser is opened with url: ''

2020-09-15 08:08:14 - [MESSAGE][INFO] - Starting 'Firefox' driver

2020-09-15 08:08:14 - [MESSAGE][INFO] - User set preference: ['args', '[--no-sandbox]']

2020-09-15 08:08:14 - [MESSAGE][INFO] - Action delay is set to 5,000 milliseconds

2020-09-15 08:08:19 - [MESSAGE][PASSED] - Browser is opened with url: ''

2020-09-15 08:08:19 - [TEST_STEP][PASSED] - ctdc.utilities.runtestcaseforKatalon.testSetup(""): ctdc.utilities.runtestcaseforKatalon.testSetup is PASSED

2020-09-15 08:08:19 - [MESSAGE][PASSED] - ctdc.utilities.runtestcaseforKatalon.testSetup is PASSED

2020-09-15 08:08:19 - [TEST_STEP][PASSED] - ctdc.utilities.runtestcaseforKatalon.RunKatalon("TC10_Canine_Filter_Breed-BostonTerr.xlsx"): Data loaded from input file for the test case. 

2020-09-15 08:08:19 - [MESSAGE][PASSED] - Test case file loaded This is the full filepath after converting to string :C:\Users\radhakrishnang2\Desktop\Commons_Automation\InputFiles\TC10_Canine_Filter_Breed-BostonTerr.xlsx

2020-09-15 08:08:19 - [MESSAGE][INFO] - Global variable set for password file is :  C:\Users\radhakrishnang2\Desktop\Commons_Automation\InputFiles\TC10_Canine_Filter_Breed-BostonTerr.xlsx

2020-09-15 08:08:19 - [MESSAGE][PASSED] - Data loaded from input file for the test case. 

2020-09-15 08:08:28 - [TEST_STEP][PASSED] - click(findTestObject("Canine/NavBar/Canine_Cases_Btn")): Object: 'Object Repository/Canine/NavBar/Canine_Cases_Btn' is clicked on

2020-09-15 08:08:35 - [MESSAGE][PASSED] - Object: 'Object Repository/Canine/NavBar/Canine_Cases_Btn' is clicked on

2020-09-15 08:08:35 - [TEST_STEP][PASSED] - click(findTestObject("Object Repository/Canine/Filter/Breed/BREED_Ddn")): Object: 'Object Repository/Canine/Filter/Breed/BREED_Ddn' is clicked on

2020-09-15 08:08:44 - [MESSAGE][PASSED] - Object: 'Object Repository/Canine/Filter/Breed/BREED_Ddn' is clicked on

2020-09-15 08:08:44 - [TEST_STEP][PASSED] - click(findTestObject("Canine/Filter/Breed/Boston_Chkbx")): Object: 'Object Repository/Canine/Filter/Breed/Boston_Chkbx' is clicked on

2020-09-15 08:08:51 - [MESSAGE][PASSED] - Object: 'Object Repository/Canine/Filter/Breed/Boston_Chkbx' is clicked on

2020-09-15 08:08:51 - [TEST_STEP][PASSED] - ctdc.utilities.runtestcaseforKatalon.readStatBar("Object Repository/Canine/StatBar/Canine_StatBar-Files", "Object Repository/Canine/StatBar/Canine_StatBar-Samples", "Object Repository/Canine/StatBar/Canine_StatBar-Cases", "Object Repository/Canine/StatBar/Canine_StatBar-Studies"): ctdc.utilities.runtestcaseforKatalon.readStatBar is PASSED

2020-09-15 08:08:54 - [MESSAGE][PASSED] - ctdc.utilities.runtestcaseforKatalon.readStatBar is PASSED

2020-09-15 08:08:54 - [TEST_STEP][PASSED] - click(findTestObject("Object Repository/Canine/CanineResults_Cases_Tab")): Object: 'Object Repository/Canine/CanineResults_Cases_Tab' is clicked on

2020-09-15 08:09:00 - [MESSAGE][PASSED] - Object: 'Object Repository/Canine/CanineResults_Cases_Tab' is clicked on

2020-09-15 08:09:00 - [TEST_STEP][ERROR] - ctdc.utilities.runtestcaseforKatalon.multiFunction(G_StatBar_Cases, "Object Repository/Canine/Canine_CasesTable", "Object Repository/Canine/Canine_TableHeader", "Object Repository/Canine/Canine_CasesTabNextBtn", G_WebTabnameCases, G_CypherTabnameCases, G_QueryCasesTab): Unable to locate element: //*[@id="case_tab_table"]//tbody/tr[6]/*[3]
For documentation on this error, please visit: https://www.seleniumhq.org/exceptions/no_such_element.html
Build info: version: '3.141.59', revision: 'e82be7d358', time: '2018-11-14T08:25:53'
System info: host: 'NCI-02150368-L', ip: '10.243.4.231', os.name: 'Windows 10', os.arch: 'amd64', os.version: '10.0', java.version: '1.8.0_181'
Driver info: com.kms.katalon.core.webui.driver.firefox.CGeckoDriver
Capabilities {acceptInsecureCerts: true, browserName: firefox, browserVersion: 68.12.0, javascriptEnabled: true, moz:accessibilityChecks: false, moz:buildID: 20200817150009, moz:geckodriverVersion: 0.23.0, moz:headless: false, moz:processID: 27424, moz:profile: C:\Users\radhakrishnang2\Ap..., moz:shutdownTimeout: 60000, moz:useNonSpecCompliantPointerOrigin: false, moz:webdriverClick: true, pageLoadStrategy: normal, platform: WINDOWS, platformName: WINDOWS, platformVersion: 10.0, proxy: Proxy(direct), rotatable: false, setWindowRect: true, strictFileInteractability: false, timeouts: {implicit: 0, pageLoad: 300000, script: 30000}, unhandledPromptBehavior: dismiss and notify}
Session ID: f2d8e608-49df-4dbd-848d-bebd859cd69e
*** Element info: {Using=xpath, value=//*[@id="case_tab_table"]//tbody/tr[6]/*[3]}

2020-09-15 08:09:49 - [MESSAGE][ERROR] - Unable to locate element: //*[@id="case_tab_table"]//tbody/tr[6]/*[3]
For documentation on this error, please visit: https://www.seleniumhq.org/exceptions/no_such_element.html
Build info: version: '3.141.59', revision: 'e82be7d358', time: '2018-11-14T08:25:53'
System info: host: 'NCI-02150368-L', ip: '10.243.4.231', os.name: 'Windows 10', os.arch: 'amd64', os.version: '10.0', java.version: '1.8.0_181'
Driver info: com.kms.katalon.core.webui.driver.firefox.CGeckoDriver
Capabilities {acceptInsecureCerts: true, browserName: firefox, browserVersion: 68.12.0, javascriptEnabled: true, moz:accessibilityChecks: false, moz:buildID: 20200817150009, moz:geckodriverVersion: 0.23.0, moz:headless: false, moz:processID: 27424, moz:profile: C:\Users\radhakrishnang2\Ap..., moz:shutdownTimeout: 60000, moz:useNonSpecCompliantPointerOrigin: false, moz:webdriverClick: true, pageLoadStrategy: normal, platform: WINDOWS, platformName: WINDOWS, platformVersion: 10.0, proxy: Proxy(direct), rotatable: false, setWindowRect: true, strictFileInteractability: false, timeouts: {implicit: 0, pageLoad: 300000, script: 30000}, unhandledPromptBehavior: dismiss and notify}
Session ID: f2d8e608-49df-4dbd-848d-bebd859cd69e
*** Element info: {Using=xpath, value=//*[@id="case_tab_table"]//tbody/tr[6]/*[3]}]]></system-out>
         <system-err><![CDATA[2020-09-15 08:08:12 - [TEST_CASE][ERROR] - Test Cases/Canine_TestCases/Breed/TC10_Canine_Filter_Breed-BostonTerr: Test Cases/Canine_TestCases/Breed/TC10_Canine_Filter_Breed-BostonTerr FAILED.
Reason:
org.openqa.selenium.NoSuchElementException: Unable to locate element: //*[@id="case_tab_table"]//tbody/tr[6]/*[3]
For documentation on this error, please visit: https://www.seleniumhq.org/exceptions/no_such_element.html
Build info: version: '3.141.59', revision: 'e82be7d358', time: '2018-11-14T08:25:53'
System info: host: 'NCI-02150368-L', ip: '10.243.4.231', os.name: 'Windows 10', os.arch: 'amd64', os.version: '10.0', java.version: '1.8.0_181'
Driver info: com.kms.katalon.core.webui.driver.firefox.CGeckoDriver
Capabilities {acceptInsecureCerts: true, browserName: firefox, browserVersion: 68.12.0, javascriptEnabled: true, moz:accessibilityChecks: false, moz:buildID: 20200817150009, moz:geckodriverVersion: 0.23.0, moz:headless: false, moz:processID: 27424, moz:profile: C:\Users\radhakrishnang2\Ap..., moz:shutdownTimeout: 60000, moz:useNonSpecCompliantPointerOrigin: false, moz:webdriverClick: true, pageLoadStrategy: normal, platform: WINDOWS, platformName: WINDOWS, platformVersion: 10.0, proxy: Proxy(direct), rotatable: false, setWindowRect: true, strictFileInteractability: false, timeouts: {implicit: 0, pageLoad: 300000, script: 30000}, unhandledPromptBehavior: dismiss and notify}
Session ID: f2d8e608-49df-4dbd-848d-bebd859cd69e
*** Element info: {Using=xpath, value=//*[@id="case_tab_table"]//tbody/tr[6]/*[3]}
	at org.openqa.selenium.remote.http.W3CHttpResponseCodec.createException(W3CHttpResponseCodec.java:187)
	at org.openqa.selenium.remote.http.W3CHttpResponseCodec.decode(W3CHttpResponseCodec.java:122)
	at org.openqa.selenium.remote.http.W3CHttpResponseCodec.decode(W3CHttpResponseCodec.java:49)
	at org.openqa.selenium.remote.HttpCommandExecutor.execute(HttpCommandExecutor.java:158)
	at org.openqa.selenium.remote.service.DriverCommandExecutor.execute(DriverCommandExecutor.java:83)
	at org.openqa.selenium.remote.RemoteWebDriver.execute(RemoteWebDriver.java:552)
	at com.kms.katalon.selenium.driver.CFirefoxDriver.execute(CFirefoxDriver.java:27)
	at org.openqa.selenium.remote.RemoteWebDriver.findElement(RemoteWebDriver.java:323)
	at org.openqa.selenium.remote.RemoteWebDriver.findElementByXPath(RemoteWebDriver.java:428)
	at org.openqa.selenium.By$ByXPath.findElement(By.java:353)
	at org.openqa.selenium.remote.RemoteWebDriver.findElement(RemoteWebDriver.java:315)
	at org.openqa.selenium.support.events.EventFiringWebDriver.lambda$new$1(EventFiringWebDriver.java:105)
	at com.sun.proxy.$Proxy9.findElement(Unknown Source)
	at org.openqa.selenium.support.events.EventFiringWebDriver.findElement(EventFiringWebDriver.java:194)
	at org.openqa.selenium.WebDriver$findElement$1.call(Unknown Source)
	at ctdc.utilities.runtestcaseforKatalon.ReadCasesTableKatalon(runtestcaseforKatalon.groovy:366)
	at ctdc.utilities.runtestcaseforKatalon.multiFunction(runtestcaseforKatalon.groovy:222)
	at ctdc.utilities.runtestcaseforKatalon.invokeMethod(runtestcaseforKatalon.groovy)
	at com.kms.katalon.core.main.CustomKeywordDelegatingMetaClass.invokeStaticMethod(CustomKeywordDelegatingMetaClass.java:50)
	at TC10_Canine_Filter_Breed-BostonTerr.run(TC10_Canine_Filter_Breed-BostonTerr:62)
	at com.kms.katalon.core.main.ScriptEngine.run(ScriptEngine.java:194)
	at com.kms.katalon.core.main.ScriptEngine.runScriptAsRawText(ScriptEngine.java:119)
	at com.kms.katalon.core.main.TestCaseExecutor.runScript(TestCaseExecutor.java:337)
	at com.kms.katalon.core.main.TestCaseExecutor.doExecute(TestCaseExecutor.java:328)
	at com.kms.katalon.core.main.TestCaseExecutor.processExecutionPhase(TestCaseExecutor.java:307)
	at com.kms.katalon.core.main.TestCaseExecutor.accessMainPhase(TestCaseExecutor.java:299)
	at com.kms.katalon.core.main.TestCaseExecutor.execute(TestCaseExecutor.java:233)
	at com.kms.katalon.core.main.TestSuiteExecutor.accessTestCaseMainPhase(TestSuiteExecutor.java:169)
	at com.kms.katalon.core.main.TestSuiteExecutor.accessTestSuiteMainPhase(TestSuiteExecutor.java:142)
	at com.kms.katalon.core.main.TestSuiteExecutor.execute(TestSuiteExecutor.java:91)
	at com.kms.katalon.core.main.TestCaseMain.startTestSuite(TestCaseMain.java:157)
	at com.kms.katalon.core.main.TestCaseMain$startTestSuite$0.call(Unknown Source)
	at TempTestSuite1600181482512.run(TempTestSuite1600181482512.groovy:37)]]></system-err>
      </testcase>
      <system-out><![CDATA[2020-09-15 07:51:27 - [TEST_SUITE][ERROR] - G_sandboxTestSuite: Test Cases/Canine_TestCases/Breed/TC02_Canine_Filter_Breed-AmerStaffd FAILED.
Reason:
org.openqa.selenium.NoSuchElementException: Unable to locate element: //*[@id="file_tab_table"]//tbody/tr[2]/*[3]
For documentation on this error, please visit: https://www.seleniumhq.org/exceptions/no_such_element.html
Build info: version: '3.141.59', revision: 'e82be7d358', time: '2018-11-14T08:25:53'
System info: host: 'NCI-02150368-L', ip: '10.243.4.231', os.name: 'Windows 10', os.arch: 'amd64', os.version: '10.0', java.version: '1.8.0_181'
Driver info: com.kms.katalon.core.webui.driver.firefox.CGeckoDriver
Capabilities {acceptInsecureCerts: true, browserName: firefox, browserVersion: 68.12.0, javascriptEnabled: true, moz:accessibilityChecks: false, moz:buildID: 20200817150009, moz:geckodriverVersion: 0.23.0, moz:headless: false, moz:processID: 26872, moz:profile: C:\Users\radhakrishnang2\Ap..., moz:shutdownTimeout: 60000, moz:useNonSpecCompliantPointerOrigin: false, moz:webdriverClick: true, pageLoadStrategy: normal, platform: WINDOWS, platformName: WINDOWS, platformVersion: 10.0, proxy: Proxy(direct), rotatable: false, setWindowRect: true, strictFileInteractability: false, timeouts: {implicit: 0, pageLoad: 300000, script: 30000}, unhandledPromptBehavior: dismiss and notify}
Session ID: 9a74633a-a89c-4948-ba2f-81d84673d81a
*** Element info: {Using=xpath, value=//*[@id="file_tab_table"]//tbody/tr[2]/*[3]}
	at org.openqa.selenium.remote.http.W3CHttpResponseCodec.createException(W3CHttpResponseCodec.java:187)
	at org.openqa.selenium.remote.http.W3CHttpResponseCodec.decode(W3CHttpResponseCodec.java:122)
	at org.openqa.selenium.remote.http.W3CHttpResponseCodec.decode(W3CHttpResponseCodec.java:49)
	at org.openqa.selenium.remote.HttpCommandExecutor.execute(HttpCommandExecutor.java:158)
	at org.openqa.selenium.remote.service.DriverCommandExecutor.execute(DriverCommandExecutor.java:83)
	at org.openqa.selenium.remote.RemoteWebDriver.execute(RemoteWebDriver.java:552)
	at com.kms.katalon.selenium.driver.CFirefoxDriver.execute(CFirefoxDriver.java:27)
	at org.openqa.selenium.remote.RemoteWebDriver.findElement(RemoteWebDriver.java:323)
	at org.openqa.selenium.remote.RemoteWebDriver.findElementByXPath(RemoteWebDriver.java:428)
	at org.openqa.selenium.By$ByXPath.findElement(By.java:353)
	at org.openqa.selenium.remote.RemoteWebDriver.findElement(RemoteWebDriver.java:315)
	at org.openqa.selenium.support.events.EventFiringWebDriver.lambda$new$1(EventFiringWebDriver.java:105)
	at com.sun.proxy.$Proxy9.findElement(Unknown Source)
	at org.openqa.selenium.support.events.EventFiringWebDriver.findElement(EventFiringWebDriver.java:194)
	at org.openqa.selenium.WebDriver$findElement$1.call(Unknown Source)
	at ctdc.utilities.runtestcaseforKatalon.ReadCasesTableKatalon(runtestcaseforKatalon.groovy:366)
	at ctdc.utilities.runtestcaseforKatalon.multiFunction(runtestcaseforKatalon.groovy:222)
	at ctdc.utilities.runtestcaseforKatalon.invokeMethod(runtestcaseforKatalon.groovy)
	at com.kms.katalon.core.main.CustomKeywordDelegatingMetaClass.invokeStaticMethod(CustomKeywordDelegatingMetaClass.java:50)
	at TC02_Canine_Filter_Breed-AmerStaffd.run(TC02_Canine_Filter_Breed-AmerStaffd:75)
	at com.kms.katalon.core.main.ScriptEngine.run(ScriptEngine.java:194)
	at com.kms.katalon.core.main.ScriptEngine.runScriptAsRawText(ScriptEngine.java:119)
	at com.kms.katalon.core.main.TestCaseExecutor.runScript(TestCaseExecutor.java:337)
	at com.kms.katalon.core.main.TestCaseExecutor.doExecute(TestCaseExecutor.java:328)
	at com.kms.katalon.core.main.TestCaseExecutor.processExecutionPhase(TestCaseExecutor.java:307)
	at com.kms.katalon.core.main.TestCaseExecutor.accessMainPhase(TestCaseExecutor.java:299)
	at com.kms.katalon.core.main.TestCaseExecutor.execute(TestCaseExecutor.java:233)
	at com.kms.katalon.core.main.TestSuiteExecutor.accessTestCaseMainPhase(TestSuiteExecutor.java:169)
	at com.kms.katalon.core.main.TestSuiteExecutor.accessTestSuiteMainPhase(TestSuiteExecutor.java:142)
	at com.kms.katalon.core.main.TestSuiteExecutor.execute(TestSuiteExecutor.java:91)
	at com.kms.katalon.core.main.TestCaseMain.startTestSuite(TestCaseMain.java:157)
	at com.kms.katalon.core.main.TestCaseMain$startTestSuite$0.call(Unknown Source)
	at TempTestSuite1600181482512.run(TempTestSuite1600181482512.groovy:37)]]></system-out>
      <system-err><![CDATA[2020-09-15 07:51:27 - [TEST_SUITE][ERROR] - G_sandboxTestSuite: Test Cases/Canine_TestCases/Breed/TC02_Canine_Filter_Breed-AmerStaffd FAILED.
Reason:
org.openqa.selenium.NoSuchElementException: Unable to locate element: //*[@id="file_tab_table"]//tbody/tr[2]/*[3]
For documentation on this error, please visit: https://www.seleniumhq.org/exceptions/no_such_element.html
Build info: version: '3.141.59', revision: 'e82be7d358', time: '2018-11-14T08:25:53'
System info: host: 'NCI-02150368-L', ip: '10.243.4.231', os.name: 'Windows 10', os.arch: 'amd64', os.version: '10.0', java.version: '1.8.0_181'
Driver info: com.kms.katalon.core.webui.driver.firefox.CGeckoDriver
Capabilities {acceptInsecureCerts: true, browserName: firefox, browserVersion: 68.12.0, javascriptEnabled: true, moz:accessibilityChecks: false, moz:buildID: 20200817150009, moz:geckodriverVersion: 0.23.0, moz:headless: false, moz:processID: 26872, moz:profile: C:\Users\radhakrishnang2\Ap..., moz:shutdownTimeout: 60000, moz:useNonSpecCompliantPointerOrigin: false, moz:webdriverClick: true, pageLoadStrategy: normal, platform: WINDOWS, platformName: WINDOWS, platformVersion: 10.0, proxy: Proxy(direct), rotatable: false, setWindowRect: true, strictFileInteractability: false, timeouts: {implicit: 0, pageLoad: 300000, script: 30000}, unhandledPromptBehavior: dismiss and notify}
Session ID: 9a74633a-a89c-4948-ba2f-81d84673d81a
*** Element info: {Using=xpath, value=//*[@id="file_tab_table"]//tbody/tr[2]/*[3]}
	at org.openqa.selenium.remote.http.W3CHttpResponseCodec.createException(W3CHttpResponseCodec.java:187)
	at org.openqa.selenium.remote.http.W3CHttpResponseCodec.decode(W3CHttpResponseCodec.java:122)
	at org.openqa.selenium.remote.http.W3CHttpResponseCodec.decode(W3CHttpResponseCodec.java:49)
	at org.openqa.selenium.remote.HttpCommandExecutor.execute(HttpCommandExecutor.java:158)
	at org.openqa.selenium.remote.service.DriverCommandExecutor.execute(DriverCommandExecutor.java:83)
	at org.openqa.selenium.remote.RemoteWebDriver.execute(RemoteWebDriver.java:552)
	at com.kms.katalon.selenium.driver.CFirefoxDriver.execute(CFirefoxDriver.java:27)
	at org.openqa.selenium.remote.RemoteWebDriver.findElement(RemoteWebDriver.java:323)
	at org.openqa.selenium.remote.RemoteWebDriver.findElementByXPath(RemoteWebDriver.java:428)
	at org.openqa.selenium.By$ByXPath.findElement(By.java:353)
	at org.openqa.selenium.remote.RemoteWebDriver.findElement(RemoteWebDriver.java:315)
	at org.openqa.selenium.support.events.EventFiringWebDriver.lambda$new$1(EventFiringWebDriver.java:105)
	at com.sun.proxy.$Proxy9.findElement(Unknown Source)
	at org.openqa.selenium.support.events.EventFiringWebDriver.findElement(EventFiringWebDriver.java:194)
	at org.openqa.selenium.WebDriver$findElement$1.call(Unknown Source)
	at ctdc.utilities.runtestcaseforKatalon.ReadCasesTableKatalon(runtestcaseforKatalon.groovy:366)
	at ctdc.utilities.runtestcaseforKatalon.multiFunction(runtestcaseforKatalon.groovy:222)
	at ctdc.utilities.runtestcaseforKatalon.invokeMethod(runtestcaseforKatalon.groovy)
	at com.kms.katalon.core.main.CustomKeywordDelegatingMetaClass.invokeStaticMethod(CustomKeywordDelegatingMetaClass.java:50)
	at TC02_Canine_Filter_Breed-AmerStaffd.run(TC02_Canine_Filter_Breed-AmerStaffd:75)
	at com.kms.katalon.core.main.ScriptEngine.run(ScriptEngine.java:194)
	at com.kms.katalon.core.main.ScriptEngine.runScriptAsRawText(ScriptEngine.java:119)
	at com.kms.katalon.core.main.TestCaseExecutor.runScript(TestCaseExecutor.java:337)
	at com.kms.katalon.core.main.TestCaseExecutor.doExecute(TestCaseExecutor.java:328)
	at com.kms.katalon.core.main.TestCaseExecutor.processExecutionPhase(TestCaseExecutor.java:307)
	at com.kms.katalon.core.main.TestCaseExecutor.accessMainPhase(TestCaseExecutor.java:299)
	at com.kms.katalon.core.main.TestCaseExecutor.execute(TestCaseExecutor.java:233)
	at com.kms.katalon.core.main.TestSuiteExecutor.accessTestCaseMainPhase(TestSuiteExecutor.java:169)
	at com.kms.katalon.core.main.TestSuiteExecutor.accessTestSuiteMainPhase(TestSuiteExecutor.java:142)
	at com.kms.katalon.core.main.TestSuiteExecutor.execute(TestSuiteExecutor.java:91)
	at com.kms.katalon.core.main.TestCaseMain.startTestSuite(TestCaseMain.java:157)
	at com.kms.katalon.core.main.TestCaseMain$startTestSuite$0.call(Unknown Source)
	at TempTestSuite1600181482512.run(TempTestSuite1600181482512.groovy:37)]]></system-err>
   </testsuite>
</testsuites>
