<?xml version="1.0" encoding="UTF-8"?>
<testsuites name="BentoQA_TestSuite" time="1446.255" tests="16" failures="1" errors="0">
   <testsuite name="BentoQA_TestSuite" tests="16" failures="1" errors="0" time="1446.255" timestamp="2021-05-11 14:40:33" hostname="radhakrishnang2 - NCI-02150368-L.nci.nih.gov" id="Test Suites/BentoQA_TestSuite">
      <properties>
         <property name="deviceName" value=""/>
         <property name="devicePlatform" value=""/>
         <property name="logFolder" value="C:\\Users\\radhakrishnang2\\Desktop\\Commons_Automation\\Reports\\20210511_144026\\BentoQA_TestSuite\\20210511_144026"/>
         <property name="logFiles" value="C:\\Users\\radhakrishnang2\\Desktop\\Commons_Automation\\Reports\\20210511_144026\\BentoQA_TestSuite\\20210511_144026\\execution0.log"/>
         <property name="attachments" value=""/>
         <property name="hostName" value="radhakrishnang2 - NCI-02150368-L.nci.nih.gov"/>
         <property name="os" value="Windows 10 64bit"/>
         <property name="katalonVersion" value="7.7.0.205"/>
         <property name="browser" value="Chrome 90.0.4430.93"/>
         <property name="hostAddress" value="10.243.4.147"/>
         <property name="sessionId" value="c004f623adbbe0c53030f575731d619b"/>
         <property name="seleniumVersion" value="3.141.59"/>
         <property name="proxyInformation" value="ProxyInformation { proxyOption=NO_PROXY, proxyServerType=HTTP, username=, password=********, proxyServerAddress=, proxyServerPort=0, executionList=&quot;&quot;, isApplyToDesiredCapabilities=true }"/>
         <property name="platform" value="Windows 10"/>
      </properties>
      <testcase name="Test Cases/Bento_TestCases/Arm/TC01_Bento_Filter_Arm-A" time="92.004" classname="Test Cases/Bento_TestCases/Arm/TC01_Bento_Filter_Arm-A" status="PASSED">
         <system-out><![CDATA[2021-05-11 14:40:35 - [TEST_CASE][PASSED] - Test Cases/Bento_TestCases/Arm/TC01_Bento_Filter_Arm-A: Test Cases/Bento_TestCases/Arm/TC01_Bento_Filter_Arm-A

2021-05-11 14:40:35 - [TEST_STEP][PASSED] - Start listener action : getTestScriptName: null

2021-05-11 14:40:35 - [TEST_STEP][PASSED] - TestCaseId = testCaseContext.getTestCaseId(): null

2021-05-11 14:40:35 - [TEST_STEP][PASSED] - out.println("**********this is the value of test case id string******** " + testCaseContext.getTestCaseId()): null

2021-05-11 14:40:36 - [TEST_STEP][PASSED] - G_currentTCName = TestCaseId.substring(TestCaseId.lastIndexOf("TC")): null

2021-05-11 14:40:36 - [TEST_STEP][PASSED] - out.println("This is the test case name : " + G_currentTCName): null

2021-05-11 14:40:36 - [TEST_STEP][PASSED] - closeBrowser(): Browser is closed

2021-05-11 14:40:37 - [MESSAGE][PASSED] - Browser is closed

2021-05-11 14:40:37 - [TEST_STEP][PASSED] - openBrowser(""): Browser is opened with url: ''

2021-05-11 14:40:37 - [MESSAGE][INFO] - Starting 'Chrome (headless)' driver

2021-05-11 14:40:37 - [MESSAGE][INFO] - User set preference: ['args', '[--no-sandbox]']

2021-05-11 14:40:37 - [MESSAGE][INFO] - Action delay is set to 5,000 milliseconds

2021-05-11 14:40:41 - [MESSAGE][PASSED] - Browser is opened with url: ''

2021-05-11 14:40:41 - [TEST_STEP][PASSED] - maximizeWindow(): Current window maximized

2021-05-11 14:40:41 - [MESSAGE][PASSED] - Current window maximized

2021-05-11 14:40:41 - [TEST_STEP][PASSED] - ctdc.utilities.runtestcaseforKatalon.RunKatalon("TC01_Bento_Filter_Arm-A.xlsx"): Data loaded from input file for the test case. 

2021-05-11 14:40:41 - [MESSAGE][PASSED] - Test case file loaded This is the full filepath after converting to string :C:\Users\radhakrishnang2\Desktop\Commons_Automation\InputFiles\TC01_Bento_Filter_Arm-A.xlsx

2021-05-11 14:40:41 - [MESSAGE][INFO] - Global variable set for password file is :  C:\Users\radhakrishnang2\Desktop\Commons_Automation\InputFiles\TC01_Bento_Filter_Arm-A.xlsx

2021-05-11 14:40:43 - [MESSAGE][PASSED] - Data loaded from input file for the test case. 

2021-05-11 14:41:13 - [TEST_STEP][PASSED] - waitForElementClickable(findTestObject("Object Repository/Bento/NavBar/Bento_Cases-Btn"), 5): Web element with id: 'Object Repository/Bento/NavBar/Bento_Cases-Btn' located by '//a[contains(@href,'cases')]' not found

2021-05-11 14:41:19 - [MESSAGE][INFO] - Unable to find the element located by 'By.xpath: //a[contains(@href,'cases')]'. Please recheck the objects properties to make sure the desired element is located. 

2021-05-11 14:41:19 - [MESSAGE][WARNING] - Web element with id: 'Object Repository/Bento/NavBar/Bento_Cases-Btn' located by '//a[contains(@href,'cases')]' not found

2021-05-11 14:41:19 - [TEST_STEP][PASSED] - ctdc.utilities.runtestcaseforKatalon.clickTab("Object Repository/Bento/NavBar/Bento_Cases-Btn"): ctdc.utilities.runtestcaseforKatalon.clickTab is PASSED

2021-05-11 14:41:19 - [MESSAGE][PASSED] - ctdc.utilities.runtestcaseforKatalon.clickTab is PASSED

2021-05-11 14:41:19 - [TEST_STEP][PASSED] - waitForElementClickable(findTestObject("Bento/Cases_page/Filter/FilterByCases_Facet"), 5): Web element with id: 'Object Repository/Bento/Cases_page/Filter/FilterByCases_Facet' located by '//div[contains(text(),'Filter By Cases')]' not found

2021-05-11 14:41:25 - [MESSAGE][INFO] - Unable to find the element located by 'By.xpath: //div[contains(text(),'Filter By Cases')]'. Please recheck the objects properties to make sure the desired element is located. 

2021-05-11 14:41:25 - [MESSAGE][WARNING] - Web element with id: 'Object Repository/Bento/Cases_page/Filter/FilterByCases_Facet' located by '//div[contains(text(),'Filter By Cases')]' not found

2021-05-11 14:41:25 - [TEST_STEP][PASSED] - ctdc.utilities.runtestcaseforKatalon.clickTab("Bento/Cases_page/Filter/FilterByCases_Facet"): ctdc.utilities.runtestcaseforKatalon.clickTab is PASSED

2021-05-11 14:41:27 - [MESSAGE][PASSED] - ctdc.utilities.runtestcaseforKatalon.clickTab is PASSED

2021-05-11 14:41:27 - [TEST_STEP][PASSED] - waitForElementClickable(findTestObject("Bento/Cases_page/Filter/Arm/ARM_Ddn"), 5): Web element with id: 'Object Repository/Bento/Cases_page/Filter/Arm/ARM_Ddn' located by '//div[@id='Arm']' not found

2021-05-11 14:41:33 - [MESSAGE][INFO] - Unable to find the element located by 'By.xpath: //div[@id='Arm']'. Please recheck the objects properties to make sure the desired element is located. 

2021-05-11 14:41:33 - [MESSAGE][WARNING] - Web element with id: 'Object Repository/Bento/Cases_page/Filter/Arm/ARM_Ddn' located by '//div[@id='Arm']' not found

2021-05-11 14:41:33 - [TEST_STEP][PASSED] - ctdc.utilities.runtestcaseforKatalon.clickTab("Bento/Cases_page/Filter/Arm/ARM_Ddn"): ctdc.utilities.runtestcaseforKatalon.clickTab is PASSED

2021-05-11 14:41:33 - [MESSAGE][PASSED] - ctdc.utilities.runtestcaseforKatalon.clickTab is PASSED

2021-05-11 14:41:33 - [TEST_STEP][PASSED] - waitForElementClickable(findTestObject("Bento/Cases_page/Filter/Arm/A_Chkbx"), 5): Web element with id: 'Object Repository/Bento/Cases_page/Filter/Arm/A_Chkbx' located by '//div[contains(text(),'A: RS 0-10, assigned endocrine therapy alone')]' not found

2021-05-11 14:41:39 - [MESSAGE][INFO] - Unable to find the element located by 'By.xpath: //div[contains(text(),'A: RS 0-10, assigned endocrine therapy alone')]'. Please recheck the objects properties to make sure the desired element is located. 

2021-05-11 14:41:39 - [MESSAGE][WARNING] - Web element with id: 'Object Repository/Bento/Cases_page/Filter/Arm/A_Chkbx' located by '//div[contains(text(),'A: RS 0-10, assigned endocrine therapy alone')]' not found

2021-05-11 14:41:39 - [TEST_STEP][PASSED] - ctdc.utilities.runtestcaseforKatalon.clickTab("Bento/Cases_page/Filter/Arm/A_Chkbx"): ctdc.utilities.runtestcaseforKatalon.clickTab is PASSED

2021-05-11 14:41:40 - [MESSAGE][PASSED] - ctdc.utilities.runtestcaseforKatalon.clickTab is PASSED

2021-05-11 14:41:40 - [TEST_STEP][PASSED] - ctdc.utilities.runtestcaseforKatalon.clickTab("Bento/Cases_page/Filter/Arm/ARM_Ddn"): ctdc.utilities.runtestcaseforKatalon.clickTab is PASSED

2021-05-11 14:41:40 - [MESSAGE][PASSED] - ctdc.utilities.runtestcaseforKatalon.clickTab is PASSED

2021-05-11 14:41:40 - [TEST_STEP][PASSED] - ctdc.utilities.runtestcaseforKatalon.readStatBarBento("Object Repository/Bento/StatBar/Bento_StatBar-Programs", "Object Repository/Bento/StatBar/Bento_StatBar-Arms", "Object Repository/Bento/StatBar/Bento_StatBar-Cases", "Object Repository/Bento/StatBar/Bento_StatBar-Samples", "Object Repository/Bento/StatBar/Bento_StatBar-Assays", "Object Repository/Bento/StatBar/Bento_StatBar-Files"): ctdc.utilities.runtestcaseforKatalon.readStatBarBento is PASSED

2021-05-11 14:41:49 - [MESSAGE][PASSED] - ctdc.utilities.runtestcaseforKatalon.readStatBarBento is PASSED

2021-05-11 14:41:49 - [TEST_STEP][PASSED] - ctdc.utilities.ReadExcel.Neo4j(G_CypherTabnameCases, G_QueryCasesTab): ctdc.utilities.ReadExcel.Neo4j is PASSED

2021-05-11 14:42:06 - [MESSAGE][PASSED] - ctdc.utilities.ReadExcel.Neo4j is PASSED

2021-05-11 14:42:06 - [TEST_STEP][PASSED] - ctdc.utilities.runtestcaseforKatalon.validateStatBar("Bento"): Statbar Files count matches

2021-05-11 14:42:07 - [MESSAGE][PASSED] - Statbar Programs count matches

2021-05-11 14:42:07 - [MESSAGE][PASSED] - Statbar Arms count matches

2021-05-11 14:42:07 - [MESSAGE][PASSED] - Statbar Cases count matches

2021-05-11 14:42:07 - [MESSAGE][PASSED] - Statbar Samples count matches

2021-05-11 14:42:07 - [MESSAGE][PASSED] - Statbar Assays count matches

2021-05-11 14:42:07 - [MESSAGE][PASSED] - Statbar Files count matches

2021-05-11 14:42:07 - [TEST_STEP][PASSED] - closeBrowser(): Browser is closed

2021-05-11 14:42:07 - [MESSAGE][PASSED] - Browser is closed]]></system-out>
         <system-err><![CDATA[]]></system-err>
      </testcase>
      <testcase name="Test Cases/Bento_TestCases/Arm/TC02_Bento_Filter_Arm-B" time="70.77" classname="Test Cases/Bento_TestCases/Arm/TC02_Bento_Filter_Arm-B" status="PASSED">
         <system-out><![CDATA[2021-05-11 14:42:07 - [TEST_CASE][PASSED] - Test Cases/Bento_TestCases/Arm/TC02_Bento_Filter_Arm-B: Test Cases/Bento_TestCases/Arm/TC02_Bento_Filter_Arm-B

2021-05-11 14:42:07 - [TEST_STEP][PASSED] - Start listener action : getTestScriptName: null

2021-05-11 14:42:07 - [TEST_STEP][PASSED] - TestCaseId = testCaseContext.getTestCaseId(): null

2021-05-11 14:42:07 - [TEST_STEP][PASSED] - out.println("**********this is the value of test case id string******** " + testCaseContext.getTestCaseId()): null

2021-05-11 14:42:07 - [TEST_STEP][PASSED] - G_currentTCName = TestCaseId.substring(TestCaseId.lastIndexOf("TC")): null

2021-05-11 14:42:07 - [TEST_STEP][PASSED] - out.println("This is the test case name : " + G_currentTCName): null

2021-05-11 14:42:08 - [TEST_STEP][PASSED] - closeBrowser(): Browser is closed

2021-05-11 14:42:08 - [MESSAGE][PASSED] - Browser is closed

2021-05-11 14:42:08 - [TEST_STEP][PASSED] - openBrowser(""): Browser is opened with url: ''

2021-05-11 14:42:08 - [MESSAGE][INFO] - Starting 'Chrome (headless)' driver

2021-05-11 14:42:08 - [MESSAGE][INFO] - User set preference: ['args', '[--no-sandbox]']

2021-05-11 14:42:08 - [MESSAGE][INFO] - Action delay is set to 5,000 milliseconds

2021-05-11 14:42:10 - [MESSAGE][PASSED] - Browser is opened with url: ''

2021-05-11 14:42:10 - [TEST_STEP][PASSED] - maximizeWindow(): Current window maximized

2021-05-11 14:42:10 - [MESSAGE][PASSED] - Current window maximized

2021-05-11 14:42:10 - [TEST_STEP][PASSED] - ctdc.utilities.runtestcaseforKatalon.RunKatalon("TC02_Bento_Filter_Arm-B.xlsx"): Data loaded from input file for the test case. 

2021-05-11 14:42:10 - [MESSAGE][PASSED] - Test case file loaded This is the full filepath after converting to string :C:\Users\radhakrishnang2\Desktop\Commons_Automation\InputFiles\TC02_Bento_Filter_Arm-B.xlsx

2021-05-11 14:42:10 - [MESSAGE][INFO] - Global variable set for password file is :  C:\Users\radhakrishnang2\Desktop\Commons_Automation\InputFiles\TC02_Bento_Filter_Arm-B.xlsx

2021-05-11 14:42:10 - [MESSAGE][PASSED] - Data loaded from input file for the test case. 

2021-05-11 14:42:33 - [TEST_STEP][PASSED] - waitForElementClickable(findTestObject("Object Repository/Bento/NavBar/Bento_Cases-Btn"), 5): Web element with id: 'Object Repository/Bento/NavBar/Bento_Cases-Btn' located by '//a[contains(@href,'cases')]' not found

2021-05-11 14:42:39 - [MESSAGE][INFO] - Unable to find the element located by 'By.xpath: //a[contains(@href,'cases')]'. Please recheck the objects properties to make sure the desired element is located. 

2021-05-11 14:42:39 - [MESSAGE][WARNING] - Web element with id: 'Object Repository/Bento/NavBar/Bento_Cases-Btn' located by '//a[contains(@href,'cases')]' not found

2021-05-11 14:42:39 - [TEST_STEP][PASSED] - ctdc.utilities.runtestcaseforKatalon.clickTab("Object Repository/Bento/NavBar/Bento_Cases-Btn"): ctdc.utilities.runtestcaseforKatalon.clickTab is PASSED

2021-05-11 14:42:40 - [MESSAGE][PASSED] - ctdc.utilities.runtestcaseforKatalon.clickTab is PASSED

2021-05-11 14:42:40 - [TEST_STEP][PASSED] - waitForElementClickable(findTestObject("Bento/Cases_page/Filter/FilterByCases_Facet"), 5): Web element with id: 'Object Repository/Bento/Cases_page/Filter/FilterByCases_Facet' located by '//div[contains(text(),'Filter By Cases')]' not found

2021-05-11 14:42:46 - [MESSAGE][INFO] - Unable to find the element located by 'By.xpath: //div[contains(text(),'Filter By Cases')]'. Please recheck the objects properties to make sure the desired element is located. 

2021-05-11 14:42:46 - [MESSAGE][WARNING] - Web element with id: 'Object Repository/Bento/Cases_page/Filter/FilterByCases_Facet' located by '//div[contains(text(),'Filter By Cases')]' not found

2021-05-11 14:42:46 - [TEST_STEP][PASSED] - ctdc.utilities.runtestcaseforKatalon.clickTab("Bento/Cases_page/Filter/FilterByCases_Facet"): ctdc.utilities.runtestcaseforKatalon.clickTab is PASSED

2021-05-11 14:42:46 - [MESSAGE][PASSED] - ctdc.utilities.runtestcaseforKatalon.clickTab is PASSED

2021-05-11 14:42:46 - [TEST_STEP][PASSED] - waitForElementClickable(findTestObject("Bento/Cases_page/Filter/Arm/ARM_Ddn"), 5): Web element with id: 'Object Repository/Bento/Cases_page/Filter/Arm/ARM_Ddn' located by '//div[@id='Arm']' not found

2021-05-11 14:42:52 - [MESSAGE][INFO] - Unable to find the element located by 'By.xpath: //div[@id='Arm']'. Please recheck the objects properties to make sure the desired element is located. 

2021-05-11 14:42:52 - [MESSAGE][WARNING] - Web element with id: 'Object Repository/Bento/Cases_page/Filter/Arm/ARM_Ddn' located by '//div[@id='Arm']' not found

2021-05-11 14:42:52 - [TEST_STEP][PASSED] - ctdc.utilities.runtestcaseforKatalon.clickTab("Bento/Cases_page/Filter/Arm/ARM_Ddn"): ctdc.utilities.runtestcaseforKatalon.clickTab is PASSED

2021-05-11 14:42:52 - [MESSAGE][PASSED] - ctdc.utilities.runtestcaseforKatalon.clickTab is PASSED

2021-05-11 14:42:52 - [TEST_STEP][PASSED] - waitForElementClickable(findTestObject("Bento/Cases_page/Filter/Arm/B_Chkbx"), 5): Web element with id: 'Object Repository/Bento/Cases_page/Filter/Arm/B_Chkbx' located by '//div[contains(text(),'B: RS 11-25, randomized to endocrine therapy alone')]' not found

2021-05-11 14:42:58 - [MESSAGE][INFO] - Unable to find the element located by 'By.xpath: //div[contains(text(),'B: RS 11-25, randomized to endocrine therapy alone')]'. Please recheck the objects properties to make sure the desired element is located. 

2021-05-11 14:42:58 - [MESSAGE][WARNING] - Web element with id: 'Object Repository/Bento/Cases_page/Filter/Arm/B_Chkbx' located by '//div[contains(text(),'B: RS 11-25, randomized to endocrine therapy alone')]' not found

2021-05-11 14:42:58 - [TEST_STEP][PASSED] - ctdc.utilities.runtestcaseforKatalon.clickTab("Bento/Cases_page/Filter/Arm/B_Chkbx"): ctdc.utilities.runtestcaseforKatalon.clickTab is PASSED

2021-05-11 14:42:59 - [MESSAGE][PASSED] - ctdc.utilities.runtestcaseforKatalon.clickTab is PASSED

2021-05-11 14:42:59 - [TEST_STEP][PASSED] - ctdc.utilities.runtestcaseforKatalon.clickTab("Bento/Cases_page/Filter/Arm/ARM_Ddn"): ctdc.utilities.runtestcaseforKatalon.clickTab is PASSED

2021-05-11 14:42:59 - [MESSAGE][PASSED] - ctdc.utilities.runtestcaseforKatalon.clickTab is PASSED

2021-05-11 14:42:59 - [TEST_STEP][PASSED] - ctdc.utilities.runtestcaseforKatalon.readStatBarBento("Object Repository/Bento/StatBar/Bento_StatBar-Programs", "Object Repository/Bento/StatBar/Bento_StatBar-Arms", "Object Repository/Bento/StatBar/Bento_StatBar-Cases", "Object Repository/Bento/StatBar/Bento_StatBar-Samples", "Object Repository/Bento/StatBar/Bento_StatBar-Assays", "Object Repository/Bento/StatBar/Bento_StatBar-Files"): ctdc.utilities.runtestcaseforKatalon.readStatBarBento is PASSED

2021-05-11 14:43:08 - [MESSAGE][PASSED] - ctdc.utilities.runtestcaseforKatalon.readStatBarBento is PASSED

2021-05-11 14:43:08 - [TEST_STEP][PASSED] - ctdc.utilities.ReadExcel.Neo4j(G_CypherTabnameCases, G_QueryCasesTab): ctdc.utilities.ReadExcel.Neo4j is PASSED

2021-05-11 14:43:17 - [MESSAGE][PASSED] - ctdc.utilities.ReadExcel.Neo4j is PASSED

2021-05-11 14:43:17 - [TEST_STEP][PASSED] - ctdc.utilities.runtestcaseforKatalon.validateStatBar("Bento"): Statbar Files count matches

2021-05-11 14:43:17 - [MESSAGE][PASSED] - Statbar Programs count matches

2021-05-11 14:43:17 - [MESSAGE][PASSED] - Statbar Arms count matches

2021-05-11 14:43:17 - [MESSAGE][PASSED] - Statbar Cases count matches

2021-05-11 14:43:17 - [MESSAGE][PASSED] - Statbar Samples count matches

2021-05-11 14:43:17 - [MESSAGE][PASSED] - Statbar Assays count matches

2021-05-11 14:43:17 - [MESSAGE][PASSED] - Statbar Files count matches

2021-05-11 14:43:17 - [TEST_STEP][PASSED] - closeBrowser(): Browser is closed

2021-05-11 14:43:18 - [MESSAGE][PASSED] - Browser is closed]]></system-out>
         <system-err><![CDATA[]]></system-err>
      </testcase>
      <testcase name="Test Cases/Bento_TestCases/Arm/TC03_Bento_Filter_Arm-C" time="57.744" classname="Test Cases/Bento_TestCases/Arm/TC03_Bento_Filter_Arm-C" status="PASSED">
         <system-out><![CDATA[2021-05-11 14:43:18 - [TEST_CASE][PASSED] - Test Cases/Bento_TestCases/Arm/TC03_Bento_Filter_Arm-C: Test Cases/Bento_TestCases/Arm/TC03_Bento_Filter_Arm-C

2021-05-11 14:43:18 - [TEST_STEP][PASSED] - Start listener action : getTestScriptName: null

2021-05-11 14:43:18 - [TEST_STEP][PASSED] - TestCaseId = testCaseContext.getTestCaseId(): null

2021-05-11 14:43:18 - [TEST_STEP][PASSED] - out.println("**********this is the value of test case id string******** " + testCaseContext.getTestCaseId()): null

2021-05-11 14:43:18 - [TEST_STEP][PASSED] - G_currentTCName = TestCaseId.substring(TestCaseId.lastIndexOf("TC")): null

2021-05-11 14:43:18 - [TEST_STEP][PASSED] - out.println("This is the test case name : " + G_currentTCName): null

2021-05-11 14:43:19 - [TEST_STEP][PASSED] - closeBrowser(): Browser is closed

2021-05-11 14:43:19 - [MESSAGE][PASSED] - Browser is closed

2021-05-11 14:43:19 - [TEST_STEP][PASSED] - openBrowser(""): Browser is opened with url: ''

2021-05-11 14:43:19 - [MESSAGE][INFO] - Starting 'Chrome (headless)' driver

2021-05-11 14:43:19 - [MESSAGE][INFO] - User set preference: ['args', '[--no-sandbox]']

2021-05-11 14:43:19 - [MESSAGE][INFO] - Action delay is set to 5,000 milliseconds

2021-05-11 14:43:21 - [MESSAGE][PASSED] - Browser is opened with url: ''

2021-05-11 14:43:21 - [TEST_STEP][PASSED] - maximizeWindow(): Current window maximized

2021-05-11 14:43:21 - [MESSAGE][PASSED] - Current window maximized

2021-05-11 14:43:21 - [TEST_STEP][PASSED] - ctdc.utilities.runtestcaseforKatalon.RunKatalon("TC03_Bento_Filter_Arm-C.xlsx"): Data loaded from input file for the test case. 

2021-05-11 14:43:21 - [MESSAGE][PASSED] - Test case file loaded This is the full filepath after converting to string :C:\Users\radhakrishnang2\Desktop\Commons_Automation\InputFiles\TC03_Bento_Filter_Arm-C.xlsx

2021-05-11 14:43:21 - [MESSAGE][INFO] - Global variable set for password file is :  C:\Users\radhakrishnang2\Desktop\Commons_Automation\InputFiles\TC03_Bento_Filter_Arm-C.xlsx

2021-05-11 14:43:21 - [MESSAGE][PASSED] - Data loaded from input file for the test case. 

2021-05-11 14:43:32 - [TEST_STEP][PASSED] - waitForElementClickable(findTestObject("Object Repository/Bento/NavBar/Bento_Cases-Btn"), 5): Web element with id: 'Object Repository/Bento/NavBar/Bento_Cases-Btn' located by '//a[contains(@href,'cases')]' not found

2021-05-11 14:43:38 - [MESSAGE][INFO] - Unable to find the element located by 'By.xpath: //a[contains(@href,'cases')]'. Please recheck the objects properties to make sure the desired element is located. 

2021-05-11 14:43:38 - [MESSAGE][WARNING] - Web element with id: 'Object Repository/Bento/NavBar/Bento_Cases-Btn' located by '//a[contains(@href,'cases')]' not found

2021-05-11 14:43:38 - [TEST_STEP][PASSED] - ctdc.utilities.runtestcaseforKatalon.clickTab("Object Repository/Bento/NavBar/Bento_Cases-Btn"): ctdc.utilities.runtestcaseforKatalon.clickTab is PASSED

2021-05-11 14:43:38 - [MESSAGE][PASSED] - ctdc.utilities.runtestcaseforKatalon.clickTab is PASSED

2021-05-11 14:43:38 - [TEST_STEP][PASSED] - waitForElementClickable(findTestObject("Bento/Cases_page/Filter/FilterByCases_Facet"), 5): Web element with id: 'Object Repository/Bento/Cases_page/Filter/FilterByCases_Facet' located by '//div[contains(text(),'Filter By Cases')]' not found

2021-05-11 14:43:44 - [MESSAGE][INFO] - Unable to find the element located by 'By.xpath: //div[contains(text(),'Filter By Cases')]'. Please recheck the objects properties to make sure the desired element is located. 

2021-05-11 14:43:44 - [MESSAGE][WARNING] - Web element with id: 'Object Repository/Bento/Cases_page/Filter/FilterByCases_Facet' located by '//div[contains(text(),'Filter By Cases')]' not found

2021-05-11 14:43:44 - [TEST_STEP][PASSED] - ctdc.utilities.runtestcaseforKatalon.clickTab("Bento/Cases_page/Filter/FilterByCases_Facet"): ctdc.utilities.runtestcaseforKatalon.clickTab is PASSED

2021-05-11 14:43:45 - [MESSAGE][PASSED] - ctdc.utilities.runtestcaseforKatalon.clickTab is PASSED

2021-05-11 14:43:45 - [TEST_STEP][PASSED] - waitForElementClickable(findTestObject("Bento/Cases_page/Filter/Arm/ARM_Ddn"), 5): Web element with id: 'Object Repository/Bento/Cases_page/Filter/Arm/ARM_Ddn' located by '//div[@id='Arm']' not found

2021-05-11 14:43:51 - [MESSAGE][INFO] - Unable to find the element located by 'By.xpath: //div[@id='Arm']'. Please recheck the objects properties to make sure the desired element is located. 

2021-05-11 14:43:51 - [MESSAGE][WARNING] - Web element with id: 'Object Repository/Bento/Cases_page/Filter/Arm/ARM_Ddn' located by '//div[@id='Arm']' not found

2021-05-11 14:43:51 - [TEST_STEP][PASSED] - ctdc.utilities.runtestcaseforKatalon.clickTab("Bento/Cases_page/Filter/Arm/ARM_Ddn"): ctdc.utilities.runtestcaseforKatalon.clickTab is PASSED

2021-05-11 14:43:51 - [MESSAGE][PASSED] - ctdc.utilities.runtestcaseforKatalon.clickTab is PASSED

2021-05-11 14:43:51 - [TEST_STEP][PASSED] - waitForElementClickable(findTestObject("Bento/Cases_page/Filter/Arm/C_Chkbx"), 5): Web element with id: 'Object Repository/Bento/Cases_page/Filter/Arm/C_Chkbx' located by '//div[contains(text(),'C: RS 11-25, randomized to chemo + endocrine therapy')]' not found

2021-05-11 14:43:57 - [MESSAGE][INFO] - Unable to find the element located by 'By.xpath: //div[contains(text(),'C: RS 11-25, randomized to chemo + endocrine therapy')]'. Please recheck the objects properties to make sure the desired element is located. 

2021-05-11 14:43:57 - [MESSAGE][WARNING] - Web element with id: 'Object Repository/Bento/Cases_page/Filter/Arm/C_Chkbx' located by '//div[contains(text(),'C: RS 11-25, randomized to chemo + endocrine therapy')]' not found

2021-05-11 14:43:57 - [TEST_STEP][PASSED] - ctdc.utilities.runtestcaseforKatalon.clickTab("Bento/Cases_page/Filter/Arm/C_Chkbx"): ctdc.utilities.runtestcaseforKatalon.clickTab is PASSED

2021-05-11 14:43:57 - [MESSAGE][PASSED] - ctdc.utilities.runtestcaseforKatalon.clickTab is PASSED

2021-05-11 14:43:57 - [TEST_STEP][PASSED] - ctdc.utilities.runtestcaseforKatalon.clickTab("Bento/Cases_page/Filter/Arm/ARM_Ddn"): ctdc.utilities.runtestcaseforKatalon.clickTab is PASSED

2021-05-11 14:43:58 - [MESSAGE][PASSED] - ctdc.utilities.runtestcaseforKatalon.clickTab is PASSED

2021-05-11 14:43:58 - [TEST_STEP][PASSED] - ctdc.utilities.runtestcaseforKatalon.readStatBarBento("Object Repository/Bento/StatBar/Bento_StatBar-Programs", "Object Repository/Bento/StatBar/Bento_StatBar-Arms", "Object Repository/Bento/StatBar/Bento_StatBar-Cases", "Object Repository/Bento/StatBar/Bento_StatBar-Samples", "Object Repository/Bento/StatBar/Bento_StatBar-Assays", "Object Repository/Bento/StatBar/Bento_StatBar-Files"): ctdc.utilities.runtestcaseforKatalon.readStatBarBento is PASSED

2021-05-11 14:44:07 - [MESSAGE][PASSED] - ctdc.utilities.runtestcaseforKatalon.readStatBarBento is PASSED

2021-05-11 14:44:07 - [TEST_STEP][PASSED] - ctdc.utilities.ReadExcel.Neo4j(G_CypherTabnameCases, G_QueryCasesTab): ctdc.utilities.ReadExcel.Neo4j is PASSED

2021-05-11 14:44:15 - [MESSAGE][PASSED] - ctdc.utilities.ReadExcel.Neo4j is PASSED

2021-05-11 14:44:15 - [TEST_STEP][PASSED] - ctdc.utilities.runtestcaseforKatalon.validateStatBar("Bento"): Statbar Files count matches

2021-05-11 14:44:15 - [MESSAGE][PASSED] - Statbar Programs count matches

2021-05-11 14:44:15 - [MESSAGE][PASSED] - Statbar Arms count matches

2021-05-11 14:44:15 - [MESSAGE][PASSED] - Statbar Cases count matches

2021-05-11 14:44:15 - [MESSAGE][PASSED] - Statbar Samples count matches

2021-05-11 14:44:15 - [MESSAGE][PASSED] - Statbar Assays count matches

2021-05-11 14:44:15 - [MESSAGE][PASSED] - Statbar Files count matches

2021-05-11 14:44:15 - [TEST_STEP][PASSED] - closeBrowser(): Browser is closed

2021-05-11 14:44:16 - [MESSAGE][PASSED] - Browser is closed]]></system-out>
         <system-err><![CDATA[]]></system-err>
      </testcase>
      <testcase name="Test Cases/Bento_TestCases/Arm/TC04_Bento_Filter_Arm-D" time="57.022" classname="Test Cases/Bento_TestCases/Arm/TC04_Bento_Filter_Arm-D" status="PASSED">
         <system-out><![CDATA[2021-05-11 14:44:16 - [TEST_CASE][PASSED] - Test Cases/Bento_TestCases/Arm/TC04_Bento_Filter_Arm-D: Test Cases/Bento_TestCases/Arm/TC04_Bento_Filter_Arm-D

2021-05-11 14:44:16 - [TEST_STEP][PASSED] - Start listener action : getTestScriptName: null

2021-05-11 14:44:16 - [TEST_STEP][PASSED] - TestCaseId = testCaseContext.getTestCaseId(): null

2021-05-11 14:44:16 - [TEST_STEP][PASSED] - out.println("**********this is the value of test case id string******** " + testCaseContext.getTestCaseId()): null

2021-05-11 14:44:16 - [TEST_STEP][PASSED] - G_currentTCName = TestCaseId.substring(TestCaseId.lastIndexOf("TC")): null

2021-05-11 14:44:16 - [TEST_STEP][PASSED] - out.println("This is the test case name : " + G_currentTCName): null

2021-05-11 14:44:17 - [TEST_STEP][PASSED] - closeBrowser(): Browser is closed

2021-05-11 14:44:17 - [MESSAGE][PASSED] - Browser is closed

2021-05-11 14:44:17 - [TEST_STEP][PASSED] - openBrowser(""): Browser is opened with url: ''

2021-05-11 14:44:17 - [MESSAGE][INFO] - Starting 'Chrome (headless)' driver

2021-05-11 14:44:17 - [MESSAGE][INFO] - User set preference: ['args', '[--no-sandbox]']

2021-05-11 14:44:17 - [MESSAGE][INFO] - Action delay is set to 5,000 milliseconds

2021-05-11 14:44:19 - [MESSAGE][PASSED] - Browser is opened with url: ''

2021-05-11 14:44:19 - [TEST_STEP][PASSED] - maximizeWindow(): Current window maximized

2021-05-11 14:44:19 - [MESSAGE][PASSED] - Current window maximized

2021-05-11 14:44:19 - [TEST_STEP][PASSED] - ctdc.utilities.runtestcaseforKatalon.RunKatalon("TC04_Bento_Filter_Arm-D.xlsx"): Data loaded from input file for the test case. 

2021-05-11 14:44:19 - [MESSAGE][PASSED] - Test case file loaded This is the full filepath after converting to string :C:\Users\radhakrishnang2\Desktop\Commons_Automation\InputFiles\TC04_Bento_Filter_Arm-D.xlsx

2021-05-11 14:44:19 - [MESSAGE][INFO] - Global variable set for password file is :  C:\Users\radhakrishnang2\Desktop\Commons_Automation\InputFiles\TC04_Bento_Filter_Arm-D.xlsx

2021-05-11 14:44:19 - [MESSAGE][PASSED] - Data loaded from input file for the test case. 

2021-05-11 14:44:28 - [TEST_STEP][PASSED] - waitForElementClickable(findTestObject("Object Repository/Bento/NavBar/Bento_Cases-Btn"), 5): Web element with id: 'Object Repository/Bento/NavBar/Bento_Cases-Btn' located by '//a[contains(@href,'cases')]' not found

2021-05-11 14:44:34 - [MESSAGE][INFO] - Unable to find the element located by 'By.xpath: //a[contains(@href,'cases')]'. Please recheck the objects properties to make sure the desired element is located. 

2021-05-11 14:44:34 - [MESSAGE][WARNING] - Web element with id: 'Object Repository/Bento/NavBar/Bento_Cases-Btn' located by '//a[contains(@href,'cases')]' not found

2021-05-11 14:44:34 - [TEST_STEP][PASSED] - ctdc.utilities.runtestcaseforKatalon.clickTab("Object Repository/Bento/NavBar/Bento_Cases-Btn"): ctdc.utilities.runtestcaseforKatalon.clickTab is PASSED

2021-05-11 14:44:35 - [MESSAGE][PASSED] - ctdc.utilities.runtestcaseforKatalon.clickTab is PASSED

2021-05-11 14:44:35 - [TEST_STEP][PASSED] - waitForElementClickable(findTestObject("Bento/Cases_page/Filter/FilterByCases_Facet"), 5): Web element with id: 'Object Repository/Bento/Cases_page/Filter/FilterByCases_Facet' located by '//div[contains(text(),'Filter By Cases')]' not found

2021-05-11 14:44:41 - [MESSAGE][INFO] - Unable to find the element located by 'By.xpath: //div[contains(text(),'Filter By Cases')]'. Please recheck the objects properties to make sure the desired element is located. 

2021-05-11 14:44:41 - [MESSAGE][WARNING] - Web element with id: 'Object Repository/Bento/Cases_page/Filter/FilterByCases_Facet' located by '//div[contains(text(),'Filter By Cases')]' not found

2021-05-11 14:44:41 - [TEST_STEP][PASSED] - ctdc.utilities.runtestcaseforKatalon.clickTab("Bento/Cases_page/Filter/FilterByCases_Facet"): ctdc.utilities.runtestcaseforKatalon.clickTab is PASSED

2021-05-11 14:44:41 - [MESSAGE][PASSED] - ctdc.utilities.runtestcaseforKatalon.clickTab is PASSED

2021-05-11 14:44:41 - [TEST_STEP][PASSED] - waitForElementClickable(findTestObject("Bento/Cases_page/Filter/Arm/ARM_Ddn"), 5): Web element with id: 'Object Repository/Bento/Cases_page/Filter/Arm/ARM_Ddn' located by '//div[@id='Arm']' not found

2021-05-11 14:44:47 - [MESSAGE][INFO] - Unable to find the element located by 'By.xpath: //div[@id='Arm']'. Please recheck the objects properties to make sure the desired element is located. 

2021-05-11 14:44:47 - [MESSAGE][WARNING] - Web element with id: 'Object Repository/Bento/Cases_page/Filter/Arm/ARM_Ddn' located by '//div[@id='Arm']' not found

2021-05-11 14:44:47 - [TEST_STEP][PASSED] - ctdc.utilities.runtestcaseforKatalon.clickTab("Bento/Cases_page/Filter/Arm/ARM_Ddn"): ctdc.utilities.runtestcaseforKatalon.clickTab is PASSED

2021-05-11 14:44:48 - [MESSAGE][PASSED] - ctdc.utilities.runtestcaseforKatalon.clickTab is PASSED

2021-05-11 14:44:48 - [TEST_STEP][PASSED] - waitForElementClickable(findTestObject("Bento/Cases_page/Filter/Arm/D_Chkbx"), 5): Web element with id: 'Object Repository/Bento/Cases_page/Filter/Arm/D_Chkbx' located by '//div[contains(text(),'D: RS > 25, assigned to chemo +')]' not found

2021-05-11 14:44:54 - [MESSAGE][INFO] - Unable to find the element located by 'By.xpath: //div[contains(text(),'D: RS > 25, assigned to chemo +')]'. Please recheck the objects properties to make sure the desired element is located. 

2021-05-11 14:44:54 - [MESSAGE][WARNING] - Web element with id: 'Object Repository/Bento/Cases_page/Filter/Arm/D_Chkbx' located by '//div[contains(text(),'D: RS > 25, assigned to chemo +')]' not found

2021-05-11 14:44:54 - [TEST_STEP][PASSED] - ctdc.utilities.runtestcaseforKatalon.clickTab("Bento/Cases_page/Filter/Arm/D_Chkbx"): ctdc.utilities.runtestcaseforKatalon.clickTab is PASSED

2021-05-11 14:44:54 - [MESSAGE][PASSED] - ctdc.utilities.runtestcaseforKatalon.clickTab is PASSED

2021-05-11 14:44:54 - [TEST_STEP][PASSED] - ctdc.utilities.runtestcaseforKatalon.clickTab("Bento/Cases_page/Filter/Arm/ARM_Ddn"): ctdc.utilities.runtestcaseforKatalon.clickTab is PASSED

2021-05-11 14:44:54 - [MESSAGE][PASSED] - ctdc.utilities.runtestcaseforKatalon.clickTab is PASSED

2021-05-11 14:44:54 - [TEST_STEP][PASSED] - ctdc.utilities.runtestcaseforKatalon.readStatBarBento("Object Repository/Bento/StatBar/Bento_StatBar-Programs", "Object Repository/Bento/StatBar/Bento_StatBar-Arms", "Object Repository/Bento/StatBar/Bento_StatBar-Cases", "Object Repository/Bento/StatBar/Bento_StatBar-Samples", "Object Repository/Bento/StatBar/Bento_StatBar-Assays", "Object Repository/Bento/StatBar/Bento_StatBar-Files"): ctdc.utilities.runtestcaseforKatalon.readStatBarBento is PASSED

2021-05-11 14:45:03 - [MESSAGE][PASSED] - ctdc.utilities.runtestcaseforKatalon.readStatBarBento is PASSED

2021-05-11 14:45:03 - [TEST_STEP][PASSED] - ctdc.utilities.ReadExcel.Neo4j(G_CypherTabnameCases, G_QueryCasesTab): ctdc.utilities.ReadExcel.Neo4j is PASSED

2021-05-11 14:45:12 - [MESSAGE][PASSED] - ctdc.utilities.ReadExcel.Neo4j is PASSED

2021-05-11 14:45:12 - [TEST_STEP][PASSED] - ctdc.utilities.runtestcaseforKatalon.validateStatBar("Bento"): Statbar Files count matches

2021-05-11 14:45:12 - [MESSAGE][PASSED] - Statbar Programs count matches

2021-05-11 14:45:12 - [MESSAGE][PASSED] - Statbar Arms count matches

2021-05-11 14:45:12 - [MESSAGE][PASSED] - Statbar Cases count matches

2021-05-11 14:45:12 - [MESSAGE][PASSED] - Statbar Samples count matches

2021-05-11 14:45:12 - [MESSAGE][PASSED] - Statbar Assays count matches

2021-05-11 14:45:12 - [MESSAGE][PASSED] - Statbar Files count matches

2021-05-11 14:45:12 - [TEST_STEP][PASSED] - closeBrowser(): Browser is closed

2021-05-11 14:45:13 - [MESSAGE][PASSED] - Browser is closed]]></system-out>
         <system-err><![CDATA[]]></system-err>
      </testcase>
      <testcase name="Test Cases/Bento_TestCases/Diagnosis/TC01_Bento_Filter_Diagnosis-Adenocarcinoma" time="59.008" classname="Test Cases/Bento_TestCases/Diagnosis/TC01_Bento_Filter_Diagnosis-Adenocarcinoma" status="PASSED">
         <system-out><![CDATA[2021-05-11 14:45:13 - [TEST_CASE][PASSED] - Test Cases/Bento_TestCases/Diagnosis/TC01_Bento_Filter_Diagnosis-Adenocarcinoma: Test Cases/Bento_TestCases/Diagnosis/TC01_Bento_Filter_Diagnosis-Adenocarcinoma

2021-05-11 14:45:13 - [TEST_STEP][PASSED] - Start listener action : getTestScriptName: null

2021-05-11 14:45:13 - [TEST_STEP][PASSED] - TestCaseId = testCaseContext.getTestCaseId(): null

2021-05-11 14:45:13 - [TEST_STEP][PASSED] - out.println("**********this is the value of test case id string******** " + testCaseContext.getTestCaseId()): null

2021-05-11 14:45:13 - [TEST_STEP][PASSED] - G_currentTCName = TestCaseId.substring(TestCaseId.lastIndexOf("TC")): null

2021-05-11 14:45:13 - [TEST_STEP][PASSED] - out.println("This is the test case name : " + G_currentTCName): null

2021-05-11 14:45:14 - [TEST_STEP][PASSED] - closeBrowser(): Browser is closed

2021-05-11 14:45:14 - [MESSAGE][PASSED] - Browser is closed

2021-05-11 14:45:14 - [TEST_STEP][PASSED] - openBrowser(""): Browser is opened with url: ''

2021-05-11 14:45:14 - [MESSAGE][INFO] - Starting 'Chrome (headless)' driver

2021-05-11 14:45:14 - [MESSAGE][INFO] - User set preference: ['args', '[--no-sandbox]']

2021-05-11 14:45:14 - [MESSAGE][INFO] - Action delay is set to 5,000 milliseconds

2021-05-11 14:45:16 - [MESSAGE][PASSED] - Browser is opened with url: ''

2021-05-11 14:45:16 - [TEST_STEP][PASSED] - maximizeWindow(): Current window maximized

2021-05-11 14:45:16 - [MESSAGE][PASSED] - Current window maximized

2021-05-11 14:45:16 - [TEST_STEP][PASSED] - ctdc.utilities.runtestcaseforKatalon.RunKatalon("TC01_Bento_Filter_Diagnosis-Adenocarcinoma.xlsx"): Data loaded from input file for the test case. 

2021-05-11 14:45:16 - [MESSAGE][PASSED] - Test case file loaded This is the full filepath after converting to string :C:\Users\radhakrishnang2\Desktop\Commons_Automation\InputFiles\TC01_Bento_Filter_Diagnosis-Adenocarcinoma.xlsx

2021-05-11 14:45:16 - [MESSAGE][INFO] - Global variable set for password file is :  C:\Users\radhakrishnang2\Desktop\Commons_Automation\InputFiles\TC01_Bento_Filter_Diagnosis-Adenocarcinoma.xlsx

2021-05-11 14:45:16 - [MESSAGE][PASSED] - Data loaded from input file for the test case. 

2021-05-11 14:45:29 - [TEST_STEP][PASSED] - waitForElementClickable(findTestObject("Object Repository/Bento/NavBar/Bento_Cases-Btn"), 5): Web element with id: 'Object Repository/Bento/NavBar/Bento_Cases-Btn' located by '//a[contains(@href,'cases')]' not found

2021-05-11 14:45:35 - [MESSAGE][INFO] - Unable to find the element located by 'By.xpath: //a[contains(@href,'cases')]'. Please recheck the objects properties to make sure the desired element is located. 

2021-05-11 14:45:35 - [MESSAGE][WARNING] - Web element with id: 'Object Repository/Bento/NavBar/Bento_Cases-Btn' located by '//a[contains(@href,'cases')]' not found

2021-05-11 14:45:35 - [TEST_STEP][PASSED] - ctdc.utilities.runtestcaseforKatalon.clickTab("Object Repository/Bento/NavBar/Bento_Cases-Btn"): ctdc.utilities.runtestcaseforKatalon.clickTab is PASSED

2021-05-11 14:45:35 - [MESSAGE][PASSED] - ctdc.utilities.runtestcaseforKatalon.clickTab is PASSED

2021-05-11 14:45:35 - [TEST_STEP][PASSED] - waitForElementClickable(findTestObject("Bento/Cases_page/Filter/FilterByCases_Facet"), 5): Web element with id: 'Object Repository/Bento/Cases_page/Filter/FilterByCases_Facet' located by '//div[contains(text(),'Filter By Cases')]' not found

2021-05-11 14:45:41 - [MESSAGE][INFO] - Unable to find the element located by 'By.xpath: //div[contains(text(),'Filter By Cases')]'. Please recheck the objects properties to make sure the desired element is located. 

2021-05-11 14:45:41 - [MESSAGE][WARNING] - Web element with id: 'Object Repository/Bento/Cases_page/Filter/FilterByCases_Facet' located by '//div[contains(text(),'Filter By Cases')]' not found

2021-05-11 14:45:41 - [TEST_STEP][PASSED] - ctdc.utilities.runtestcaseforKatalon.clickTab("Bento/Cases_page/Filter/FilterByCases_Facet"): ctdc.utilities.runtestcaseforKatalon.clickTab is PASSED

2021-05-11 14:45:42 - [MESSAGE][PASSED] - ctdc.utilities.runtestcaseforKatalon.clickTab is PASSED

2021-05-11 14:45:42 - [TEST_STEP][PASSED] - waitForElementClickable(findTestObject("Bento/Cases_page/Filter/Diagnosis/DIAGNOSIS_Ddn"), 5): Web element with id: 'Object Repository/Bento/Cases_page/Filter/Diagnosis/DIAGNOSIS_Ddn' located by '(//div[@id='Diagnosis'])[1]' not found

2021-05-11 14:45:48 - [MESSAGE][INFO] - Unable to find the element located by 'By.xpath: (//div[@id='Diagnosis'])[1]'. Please recheck the objects properties to make sure the desired element is located. 

2021-05-11 14:45:48 - [MESSAGE][WARNING] - Web element with id: 'Object Repository/Bento/Cases_page/Filter/Diagnosis/DIAGNOSIS_Ddn' located by '(//div[@id='Diagnosis'])[1]' not found

2021-05-11 14:45:48 - [TEST_STEP][PASSED] - ctdc.utilities.runtestcaseforKatalon.clickTab("Bento/Cases_page/Filter/Diagnosis/DIAGNOSIS_Ddn"): ctdc.utilities.runtestcaseforKatalon.clickTab is PASSED

2021-05-11 14:45:48 - [MESSAGE][PASSED] - ctdc.utilities.runtestcaseforKatalon.clickTab is PASSED

2021-05-11 14:45:48 - [TEST_STEP][PASSED] - waitForElementClickable(findTestObject("Bento/Cases_page/Filter/Diagnosis/Adenocarcinoma_Chkbx"), 5): Web element with id: 'Object Repository/Bento/Cases_page/Filter/Diagnosis/Adenocarcinoma_Chkbx' located by '//div[contains(text(),'Adenocarcinoma')]' not found

2021-05-11 14:45:54 - [MESSAGE][INFO] - Unable to find the element located by 'By.xpath: //div[contains(text(),'Adenocarcinoma')]'. Please recheck the objects properties to make sure the desired element is located. 

2021-05-11 14:45:54 - [MESSAGE][WARNING] - Web element with id: 'Object Repository/Bento/Cases_page/Filter/Diagnosis/Adenocarcinoma_Chkbx' located by '//div[contains(text(),'Adenocarcinoma')]' not found

2021-05-11 14:45:54 - [TEST_STEP][PASSED] - ctdc.utilities.runtestcaseforKatalon.clickTab("Bento/Cases_page/Filter/Diagnosis/Adenocarcinoma_Chkbx"): ctdc.utilities.runtestcaseforKatalon.clickTab is PASSED

2021-05-11 14:45:54 - [MESSAGE][PASSED] - ctdc.utilities.runtestcaseforKatalon.clickTab is PASSED

2021-05-11 14:45:55 - [TEST_STEP][PASSED] - ctdc.utilities.runtestcaseforKatalon.clickTab("Bento/Cases_page/Filter/Diagnosis/DIAGNOSIS_Ddn"): ctdc.utilities.runtestcaseforKatalon.clickTab is PASSED

2021-05-11 14:45:55 - [MESSAGE][PASSED] - ctdc.utilities.runtestcaseforKatalon.clickTab is PASSED

2021-05-11 14:45:55 - [TEST_STEP][PASSED] - ctdc.utilities.runtestcaseforKatalon.readStatBarBento("Object Repository/Bento/StatBar/Bento_StatBar-Programs", "Object Repository/Bento/StatBar/Bento_StatBar-Arms", "Object Repository/Bento/StatBar/Bento_StatBar-Cases", "Object Repository/Bento/StatBar/Bento_StatBar-Samples", "Object Repository/Bento/StatBar/Bento_StatBar-Assays", "Object Repository/Bento/StatBar/Bento_StatBar-Files"): ctdc.utilities.runtestcaseforKatalon.readStatBarBento is PASSED

2021-05-11 14:46:04 - [MESSAGE][PASSED] - ctdc.utilities.runtestcaseforKatalon.readStatBarBento is PASSED

2021-05-11 14:46:04 - [TEST_STEP][PASSED] - ctdc.utilities.ReadExcel.Neo4j(G_CypherTabnameCases, G_QueryCasesTab): ctdc.utilities.ReadExcel.Neo4j is PASSED

2021-05-11 14:46:11 - [MESSAGE][PASSED] - ctdc.utilities.ReadExcel.Neo4j is PASSED

2021-05-11 14:46:11 - [TEST_STEP][PASSED] - ctdc.utilities.runtestcaseforKatalon.validateStatBar("Bento"): Statbar Files count matches

2021-05-11 14:46:11 - [MESSAGE][PASSED] - Statbar Programs count matches

2021-05-11 14:46:11 - [MESSAGE][PASSED] - Statbar Arms count matches

2021-05-11 14:46:11 - [MESSAGE][PASSED] - Statbar Cases count matches

2021-05-11 14:46:11 - [MESSAGE][PASSED] - Statbar Samples count matches

2021-05-11 14:46:11 - [MESSAGE][PASSED] - Statbar Assays count matches

2021-05-11 14:46:11 - [MESSAGE][PASSED] - Statbar Files count matches

2021-05-11 14:46:11 - [TEST_STEP][PASSED] - closeBrowser(): Browser is closed

2021-05-11 14:46:12 - [MESSAGE][PASSED] - Browser is closed]]></system-out>
         <system-err><![CDATA[]]></system-err>
      </testcase>
      <testcase name="Test Cases/Bento_TestCases/Diagnosis/TC02_Bento_Filter_Diagnosis-Carcinoma" time="70.747" classname="Test Cases/Bento_TestCases/Diagnosis/TC02_Bento_Filter_Diagnosis-Carcinoma" status="PASSED">
         <system-out><![CDATA[2021-05-11 14:46:12 - [TEST_CASE][PASSED] - Test Cases/Bento_TestCases/Diagnosis/TC02_Bento_Filter_Diagnosis-Carcinoma: Test Cases/Bento_TestCases/Diagnosis/TC02_Bento_Filter_Diagnosis-Carcinoma

2021-05-11 14:46:12 - [TEST_STEP][PASSED] - Start listener action : getTestScriptName: null

2021-05-11 14:46:12 - [TEST_STEP][PASSED] - TestCaseId = testCaseContext.getTestCaseId(): null

2021-05-11 14:46:12 - [TEST_STEP][PASSED] - out.println("**********this is the value of test case id string******** " + testCaseContext.getTestCaseId()): null

2021-05-11 14:46:12 - [TEST_STEP][PASSED] - G_currentTCName = TestCaseId.substring(TestCaseId.lastIndexOf("TC")): null

2021-05-11 14:46:12 - [TEST_STEP][PASSED] - out.println("This is the test case name : " + G_currentTCName): null

2021-05-11 14:46:13 - [TEST_STEP][PASSED] - closeBrowser(): Browser is closed

2021-05-11 14:46:13 - [MESSAGE][PASSED] - Browser is closed

2021-05-11 14:46:13 - [TEST_STEP][PASSED] - openBrowser(""): Browser is opened with url: ''

2021-05-11 14:46:13 - [MESSAGE][INFO] - Starting 'Chrome (headless)' driver

2021-05-11 14:46:13 - [MESSAGE][INFO] - User set preference: ['args', '[--no-sandbox]']

2021-05-11 14:46:13 - [MESSAGE][INFO] - Action delay is set to 5,000 milliseconds

2021-05-11 14:46:15 - [MESSAGE][PASSED] - Browser is opened with url: ''

2021-05-11 14:46:15 - [TEST_STEP][PASSED] - maximizeWindow(): Current window maximized

2021-05-11 14:46:15 - [MESSAGE][PASSED] - Current window maximized

2021-05-11 14:46:15 - [TEST_STEP][PASSED] - ctdc.utilities.runtestcaseforKatalon.RunKatalon("TC02_Bento_Filter_Diagnosis-Carcinoma.xlsx"): Data loaded from input file for the test case. 

2021-05-11 14:46:15 - [MESSAGE][PASSED] - Test case file loaded This is the full filepath after converting to string :C:\Users\radhakrishnang2\Desktop\Commons_Automation\InputFiles\TC02_Bento_Filter_Diagnosis-Carcinoma.xlsx

2021-05-11 14:46:15 - [MESSAGE][INFO] - Global variable set for password file is :  C:\Users\radhakrishnang2\Desktop\Commons_Automation\InputFiles\TC02_Bento_Filter_Diagnosis-Carcinoma.xlsx

2021-05-11 14:46:15 - [MESSAGE][PASSED] - Data loaded from input file for the test case. 

2021-05-11 14:46:38 - [TEST_STEP][PASSED] - waitForElementClickable(findTestObject("Object Repository/Bento/NavBar/Bento_Cases-Btn"), 5): Web element with id: 'Object Repository/Bento/NavBar/Bento_Cases-Btn' located by '//a[contains(@href,'cases')]' not found

2021-05-11 14:46:44 - [MESSAGE][INFO] - Unable to find the element located by 'By.xpath: //a[contains(@href,'cases')]'. Please recheck the objects properties to make sure the desired element is located. 

2021-05-11 14:46:44 - [MESSAGE][WARNING] - Web element with id: 'Object Repository/Bento/NavBar/Bento_Cases-Btn' located by '//a[contains(@href,'cases')]' not found

2021-05-11 14:46:44 - [TEST_STEP][PASSED] - ctdc.utilities.runtestcaseforKatalon.clickTab("Object Repository/Bento/NavBar/Bento_Cases-Btn"): ctdc.utilities.runtestcaseforKatalon.clickTab is PASSED

2021-05-11 14:46:44 - [MESSAGE][PASSED] - ctdc.utilities.runtestcaseforKatalon.clickTab is PASSED

2021-05-11 14:46:44 - [TEST_STEP][PASSED] - waitForElementClickable(findTestObject("Bento/Cases_page/Filter/FilterByCases_Facet"), 5): Web element with id: 'Object Repository/Bento/Cases_page/Filter/FilterByCases_Facet' located by '//div[contains(text(),'Filter By Cases')]' not found

2021-05-11 14:46:50 - [MESSAGE][INFO] - Unable to find the element located by 'By.xpath: //div[contains(text(),'Filter By Cases')]'. Please recheck the objects properties to make sure the desired element is located. 

2021-05-11 14:46:50 - [MESSAGE][WARNING] - Web element with id: 'Object Repository/Bento/Cases_page/Filter/FilterByCases_Facet' located by '//div[contains(text(),'Filter By Cases')]' not found

2021-05-11 14:46:50 - [TEST_STEP][PASSED] - ctdc.utilities.runtestcaseforKatalon.clickTab("Bento/Cases_page/Filter/FilterByCases_Facet"): ctdc.utilities.runtestcaseforKatalon.clickTab is PASSED

2021-05-11 14:46:51 - [MESSAGE][PASSED] - ctdc.utilities.runtestcaseforKatalon.clickTab is PASSED

2021-05-11 14:46:51 - [TEST_STEP][PASSED] - waitForElementClickable(findTestObject("Bento/Cases_page/Filter/Diagnosis/DIAGNOSIS_Ddn"), 5): Web element with id: 'Object Repository/Bento/Cases_page/Filter/Diagnosis/DIAGNOSIS_Ddn' located by '(//div[@id='Diagnosis'])[1]' not found

2021-05-11 14:46:57 - [MESSAGE][INFO] - Unable to find the element located by 'By.xpath: (//div[@id='Diagnosis'])[1]'. Please recheck the objects properties to make sure the desired element is located. 

2021-05-11 14:46:57 - [MESSAGE][WARNING] - Web element with id: 'Object Repository/Bento/Cases_page/Filter/Diagnosis/DIAGNOSIS_Ddn' located by '(//div[@id='Diagnosis'])[1]' not found

2021-05-11 14:46:57 - [TEST_STEP][PASSED] - ctdc.utilities.runtestcaseforKatalon.clickTab("Bento/Cases_page/Filter/Diagnosis/DIAGNOSIS_Ddn"): ctdc.utilities.runtestcaseforKatalon.clickTab is PASSED

2021-05-11 14:46:57 - [MESSAGE][PASSED] - ctdc.utilities.runtestcaseforKatalon.clickTab is PASSED

2021-05-11 14:46:57 - [TEST_STEP][PASSED] - waitForElementClickable(findTestObject("Bento/Cases_page/Filter/Diagnosis/CarcinomaNOS_Chkbx"), 5): Web element with id: 'Object Repository/Bento/Cases_page/Filter/Diagnosis/CarcinomaNOS_Chkbx' located by '//div[contains(text(),'Carcinoma, NOS')]' not found

2021-05-11 14:47:03 - [MESSAGE][INFO] - Unable to find the element located by 'By.xpath: //div[contains(text(),'Carcinoma, NOS')]'. Please recheck the objects properties to make sure the desired element is located. 

2021-05-11 14:47:03 - [MESSAGE][WARNING] - Web element with id: 'Object Repository/Bento/Cases_page/Filter/Diagnosis/CarcinomaNOS_Chkbx' located by '//div[contains(text(),'Carcinoma, NOS')]' not found

2021-05-11 14:47:03 - [TEST_STEP][PASSED] - ctdc.utilities.runtestcaseforKatalon.clickTab("Bento/Cases_page/Filter/Diagnosis/CarcinomaNOS_Chkbx"): ctdc.utilities.runtestcaseforKatalon.clickTab is PASSED

2021-05-11 14:47:04 - [MESSAGE][PASSED] - ctdc.utilities.runtestcaseforKatalon.clickTab is PASSED

2021-05-11 14:47:04 - [TEST_STEP][PASSED] - ctdc.utilities.runtestcaseforKatalon.clickTab("Bento/Cases_page/Filter/Diagnosis/DIAGNOSIS_Ddn"): ctdc.utilities.runtestcaseforKatalon.clickTab is PASSED

2021-05-11 14:47:04 - [MESSAGE][PASSED] - ctdc.utilities.runtestcaseforKatalon.clickTab is PASSED

2021-05-11 14:47:04 - [TEST_STEP][PASSED] - ctdc.utilities.runtestcaseforKatalon.readStatBarBento("Object Repository/Bento/StatBar/Bento_StatBar-Programs", "Object Repository/Bento/StatBar/Bento_StatBar-Arms", "Object Repository/Bento/StatBar/Bento_StatBar-Cases", "Object Repository/Bento/StatBar/Bento_StatBar-Samples", "Object Repository/Bento/StatBar/Bento_StatBar-Assays", "Object Repository/Bento/StatBar/Bento_StatBar-Files"): ctdc.utilities.runtestcaseforKatalon.readStatBarBento is PASSED

2021-05-11 14:47:14 - [MESSAGE][PASSED] - ctdc.utilities.runtestcaseforKatalon.readStatBarBento is PASSED

2021-05-11 14:47:14 - [TEST_STEP][PASSED] - ctdc.utilities.ReadExcel.Neo4j(G_CypherTabnameCases, G_QueryCasesTab): ctdc.utilities.ReadExcel.Neo4j is PASSED

2021-05-11 14:47:21 - [MESSAGE][PASSED] - ctdc.utilities.ReadExcel.Neo4j is PASSED

2021-05-11 14:47:22 - [TEST_STEP][PASSED] - ctdc.utilities.runtestcaseforKatalon.validateStatBar("Bento"): Statbar Files count matches

2021-05-11 14:47:22 - [MESSAGE][PASSED] - Statbar Programs count matches

2021-05-11 14:47:22 - [MESSAGE][PASSED] - Statbar Arms count matches

2021-05-11 14:47:22 - [MESSAGE][PASSED] - Statbar Cases count matches

2021-05-11 14:47:22 - [MESSAGE][PASSED] - Statbar Samples count matches

2021-05-11 14:47:22 - [MESSAGE][PASSED] - Statbar Assays count matches

2021-05-11 14:47:22 - [MESSAGE][PASSED] - Statbar Files count matches

2021-05-11 14:47:22 - [TEST_STEP][PASSED] - closeBrowser(): Browser is closed

2021-05-11 14:47:23 - [MESSAGE][PASSED] - Browser is closed]]></system-out>
         <system-err><![CDATA[]]></system-err>
      </testcase>
      <testcase name="Test Cases/Bento_TestCases/Diagnosis/TC03_Bento_Filter_Diagnosis-Comedocarcinoma" time="59.44" classname="Test Cases/Bento_TestCases/Diagnosis/TC03_Bento_Filter_Diagnosis-Comedocarcinoma" status="PASSED">
         <system-out><![CDATA[2021-05-11 14:47:23 - [TEST_CASE][PASSED] - Test Cases/Bento_TestCases/Diagnosis/TC03_Bento_Filter_Diagnosis-Comedocarcinoma: Test Cases/Bento_TestCases/Diagnosis/TC03_Bento_Filter_Diagnosis-Comedocarcinoma

2021-05-11 14:47:23 - [TEST_STEP][PASSED] - Start listener action : getTestScriptName: null

2021-05-11 14:47:23 - [TEST_STEP][PASSED] - TestCaseId = testCaseContext.getTestCaseId(): null

2021-05-11 14:47:23 - [TEST_STEP][PASSED] - out.println("**********this is the value of test case id string******** " + testCaseContext.getTestCaseId()): null

2021-05-11 14:47:23 - [TEST_STEP][PASSED] - G_currentTCName = TestCaseId.substring(TestCaseId.lastIndexOf("TC")): null

2021-05-11 14:47:23 - [TEST_STEP][PASSED] - out.println("This is the test case name : " + G_currentTCName): null

2021-05-11 14:47:24 - [TEST_STEP][PASSED] - closeBrowser(): Browser is closed

2021-05-11 14:47:24 - [MESSAGE][PASSED] - Browser is closed

2021-05-11 14:47:24 - [TEST_STEP][PASSED] - openBrowser(""): Browser is opened with url: ''

2021-05-11 14:47:24 - [MESSAGE][INFO] - Starting 'Chrome (headless)' driver

2021-05-11 14:47:24 - [MESSAGE][INFO] - User set preference: ['args', '[--no-sandbox]']

2021-05-11 14:47:24 - [MESSAGE][INFO] - Action delay is set to 5,000 milliseconds

2021-05-11 14:47:26 - [MESSAGE][PASSED] - Browser is opened with url: ''

2021-05-11 14:47:26 - [TEST_STEP][PASSED] - maximizeWindow(): Current window maximized

2021-05-11 14:47:26 - [MESSAGE][PASSED] - Current window maximized

2021-05-11 14:47:26 - [TEST_STEP][PASSED] - ctdc.utilities.runtestcaseforKatalon.RunKatalon("TC03_Bento_Filter_Diagnosis-Comedocarcinoma.xlsx"): Data loaded from input file for the test case. 

2021-05-11 14:47:26 - [MESSAGE][PASSED] - Test case file loaded This is the full filepath after converting to string :C:\Users\radhakrishnang2\Desktop\Commons_Automation\InputFiles\TC03_Bento_Filter_Diagnosis-Comedocarcinoma.xlsx

2021-05-11 14:47:26 - [MESSAGE][INFO] - Global variable set for password file is :  C:\Users\radhakrishnang2\Desktop\Commons_Automation\InputFiles\TC03_Bento_Filter_Diagnosis-Comedocarcinoma.xlsx

2021-05-11 14:47:26 - [MESSAGE][PASSED] - Data loaded from input file for the test case. 

2021-05-11 14:47:38 - [TEST_STEP][PASSED] - waitForElementClickable(findTestObject("Object Repository/Bento/NavBar/Bento_Cases-Btn"), 5): Web element with id: 'Object Repository/Bento/NavBar/Bento_Cases-Btn' located by '//a[contains(@href,'cases')]' not found

2021-05-11 14:47:44 - [MESSAGE][INFO] - Unable to find the element located by 'By.xpath: //a[contains(@href,'cases')]'. Please recheck the objects properties to make sure the desired element is located. 

2021-05-11 14:47:44 - [MESSAGE][WARNING] - Web element with id: 'Object Repository/Bento/NavBar/Bento_Cases-Btn' located by '//a[contains(@href,'cases')]' not found

2021-05-11 14:47:44 - [TEST_STEP][PASSED] - ctdc.utilities.runtestcaseforKatalon.clickTab("Object Repository/Bento/NavBar/Bento_Cases-Btn"): ctdc.utilities.runtestcaseforKatalon.clickTab is PASSED

2021-05-11 14:47:45 - [MESSAGE][PASSED] - ctdc.utilities.runtestcaseforKatalon.clickTab is PASSED

2021-05-11 14:47:45 - [TEST_STEP][PASSED] - waitForElementClickable(findTestObject("Bento/Cases_page/Filter/FilterByCases_Facet"), 5): Web element with id: 'Object Repository/Bento/Cases_page/Filter/FilterByCases_Facet' located by '//div[contains(text(),'Filter By Cases')]' not found

2021-05-11 14:47:51 - [MESSAGE][INFO] - Unable to find the element located by 'By.xpath: //div[contains(text(),'Filter By Cases')]'. Please recheck the objects properties to make sure the desired element is located. 

2021-05-11 14:47:51 - [MESSAGE][WARNING] - Web element with id: 'Object Repository/Bento/Cases_page/Filter/FilterByCases_Facet' located by '//div[contains(text(),'Filter By Cases')]' not found

2021-05-11 14:47:51 - [TEST_STEP][PASSED] - ctdc.utilities.runtestcaseforKatalon.clickTab("Bento/Cases_page/Filter/FilterByCases_Facet"): ctdc.utilities.runtestcaseforKatalon.clickTab is PASSED

2021-05-11 14:47:51 - [MESSAGE][PASSED] - ctdc.utilities.runtestcaseforKatalon.clickTab is PASSED

2021-05-11 14:47:51 - [TEST_STEP][PASSED] - waitForElementClickable(findTestObject("Bento/Cases_page/Filter/Diagnosis/DIAGNOSIS_Ddn"), 5): Web element with id: 'Object Repository/Bento/Cases_page/Filter/Diagnosis/DIAGNOSIS_Ddn' located by '(//div[@id='Diagnosis'])[1]' not found

2021-05-11 14:47:57 - [MESSAGE][INFO] - Unable to find the element located by 'By.xpath: (//div[@id='Diagnosis'])[1]'. Please recheck the objects properties to make sure the desired element is located. 

2021-05-11 14:47:57 - [MESSAGE][WARNING] - Web element with id: 'Object Repository/Bento/Cases_page/Filter/Diagnosis/DIAGNOSIS_Ddn' located by '(//div[@id='Diagnosis'])[1]' not found

2021-05-11 14:47:57 - [TEST_STEP][PASSED] - ctdc.utilities.runtestcaseforKatalon.clickTab("Bento/Cases_page/Filter/Diagnosis/DIAGNOSIS_Ddn"): ctdc.utilities.runtestcaseforKatalon.clickTab is PASSED

2021-05-11 14:47:58 - [MESSAGE][PASSED] - ctdc.utilities.runtestcaseforKatalon.clickTab is PASSED

2021-05-11 14:47:58 - [TEST_STEP][PASSED] - waitForElementClickable(findTestObject("Bento/Cases_page/Filter/Diagnosis/Comedocarcinoma_Chkbx"), 5): Web element with id: 'Object Repository/Bento/Cases_page/Filter/Diagnosis/Comedocarcinoma_Chkbx' located by '//div[contains(text(),'Comedocarcinoma')]' not found

2021-05-11 14:48:04 - [MESSAGE][INFO] - Unable to find the element located by 'By.xpath: //div[contains(text(),'Comedocarcinoma')]'. Please recheck the objects properties to make sure the desired element is located. 

2021-05-11 14:48:04 - [MESSAGE][WARNING] - Web element with id: 'Object Repository/Bento/Cases_page/Filter/Diagnosis/Comedocarcinoma_Chkbx' located by '//div[contains(text(),'Comedocarcinoma')]' not found

2021-05-11 14:48:04 - [TEST_STEP][PASSED] - ctdc.utilities.runtestcaseforKatalon.clickTab("Bento/Cases_page/Filter/Diagnosis/Comedocarcinoma_Chkbx"): ctdc.utilities.runtestcaseforKatalon.clickTab is PASSED

2021-05-11 14:48:04 - [MESSAGE][PASSED] - ctdc.utilities.runtestcaseforKatalon.clickTab is PASSED

2021-05-11 14:48:04 - [TEST_STEP][PASSED] - ctdc.utilities.runtestcaseforKatalon.clickTab("Bento/Cases_page/Filter/Diagnosis/DIAGNOSIS_Ddn"): ctdc.utilities.runtestcaseforKatalon.clickTab is PASSED

2021-05-11 14:48:05 - [MESSAGE][PASSED] - ctdc.utilities.runtestcaseforKatalon.clickTab is PASSED

2021-05-11 14:48:05 - [TEST_STEP][PASSED] - ctdc.utilities.runtestcaseforKatalon.readStatBarBento("Object Repository/Bento/StatBar/Bento_StatBar-Programs", "Object Repository/Bento/StatBar/Bento_StatBar-Arms", "Object Repository/Bento/StatBar/Bento_StatBar-Cases", "Object Repository/Bento/StatBar/Bento_StatBar-Samples", "Object Repository/Bento/StatBar/Bento_StatBar-Assays", "Object Repository/Bento/StatBar/Bento_StatBar-Files"): ctdc.utilities.runtestcaseforKatalon.readStatBarBento is PASSED

2021-05-11 14:48:14 - [MESSAGE][PASSED] - ctdc.utilities.runtestcaseforKatalon.readStatBarBento is PASSED

2021-05-11 14:48:14 - [TEST_STEP][PASSED] - ctdc.utilities.ReadExcel.Neo4j(G_CypherTabnameCases, G_QueryCasesTab): ctdc.utilities.ReadExcel.Neo4j is PASSED

2021-05-11 14:48:21 - [MESSAGE][PASSED] - ctdc.utilities.ReadExcel.Neo4j is PASSED

2021-05-11 14:48:21 - [TEST_STEP][PASSED] - ctdc.utilities.runtestcaseforKatalon.validateStatBar("Bento"): Statbar Files count matches

2021-05-11 14:48:21 - [MESSAGE][PASSED] - Statbar Programs count matches

2021-05-11 14:48:21 - [MESSAGE][PASSED] - Statbar Arms count matches

2021-05-11 14:48:21 - [MESSAGE][PASSED] - Statbar Cases count matches

2021-05-11 14:48:21 - [MESSAGE][PASSED] - Statbar Samples count matches

2021-05-11 14:48:21 - [MESSAGE][PASSED] - Statbar Assays count matches

2021-05-11 14:48:21 - [MESSAGE][PASSED] - Statbar Files count matches

2021-05-11 14:48:21 - [TEST_STEP][PASSED] - closeBrowser(): Browser is closed

2021-05-11 14:48:22 - [MESSAGE][PASSED] - Browser is closed]]></system-out>
         <system-err><![CDATA[]]></system-err>
      </testcase>
      <testcase name="Test Cases/Bento_TestCases/Diagnosis/TC04_Bento_Filter_Diagnosis-InfilDuctLobularCarcinoma" time="86.218" classname="Test Cases/Bento_TestCases/Diagnosis/TC04_Bento_Filter_Diagnosis-InfilDuctLobularCarcinoma" status="PASSED">
         <system-out><![CDATA[2021-05-11 14:48:22 - [TEST_CASE][PASSED] - Test Cases/Bento_TestCases/Diagnosis/TC04_Bento_Filter_Diagnosis-InfilDuctLobularCarcinoma: Test Cases/Bento_TestCases/Diagnosis/TC04_Bento_Filter_Diagnosis-InfilDuctLobularCarcinoma

2021-05-11 14:48:22 - [TEST_STEP][PASSED] - Start listener action : getTestScriptName: null

2021-05-11 14:48:22 - [TEST_STEP][PASSED] - TestCaseId = testCaseContext.getTestCaseId(): null

2021-05-11 14:48:22 - [TEST_STEP][PASSED] - out.println("**********this is the value of test case id string******** " + testCaseContext.getTestCaseId()): null

2021-05-11 14:48:22 - [TEST_STEP][PASSED] - G_currentTCName = TestCaseId.substring(TestCaseId.lastIndexOf("TC")): null

2021-05-11 14:48:22 - [TEST_STEP][PASSED] - out.println("This is the test case name : " + G_currentTCName): null

2021-05-11 14:48:23 - [TEST_STEP][PASSED] - closeBrowser(): Browser is closed

2021-05-11 14:48:23 - [MESSAGE][PASSED] - Browser is closed

2021-05-11 14:48:23 - [TEST_STEP][PASSED] - openBrowser(""): Browser is opened with url: ''

2021-05-11 14:48:23 - [MESSAGE][INFO] - Starting 'Chrome (headless)' driver

2021-05-11 14:48:23 - [MESSAGE][INFO] - User set preference: ['args', '[--no-sandbox]']

2021-05-11 14:48:24 - [MESSAGE][INFO] - Action delay is set to 5,000 milliseconds

2021-05-11 14:48:25 - [MESSAGE][PASSED] - Browser is opened with url: ''

2021-05-11 14:48:25 - [TEST_STEP][PASSED] - maximizeWindow(): Current window maximized

2021-05-11 14:48:25 - [MESSAGE][PASSED] - Current window maximized

2021-05-11 14:48:25 - [TEST_STEP][PASSED] - ctdc.utilities.runtestcaseforKatalon.RunKatalon("TC04_Bento_Filter_Diagnosis-InfilDuctLobularCarcinoma.xlsx"): Data loaded from input file for the test case. 

2021-05-11 14:48:25 - [MESSAGE][PASSED] - Test case file loaded This is the full filepath after converting to string :C:\Users\radhakrishnang2\Desktop\Commons_Automation\InputFiles\TC04_Bento_Filter_Diagnosis-InfilDuctLobularCarcinoma.xlsx

2021-05-11 14:48:25 - [MESSAGE][INFO] - Global variable set for password file is :  C:\Users\radhakrishnang2\Desktop\Commons_Automation\InputFiles\TC04_Bento_Filter_Diagnosis-InfilDuctLobularCarcinoma.xlsx

2021-05-11 14:48:25 - [MESSAGE][PASSED] - Data loaded from input file for the test case. 

2021-05-11 14:49:04 - [TEST_STEP][PASSED] - waitForElementClickable(findTestObject("Object Repository/Bento/NavBar/Bento_Cases-Btn"), 5): Web element with id: 'Object Repository/Bento/NavBar/Bento_Cases-Btn' located by '//a[contains(@href,'cases')]' not found

2021-05-11 14:49:10 - [MESSAGE][INFO] - Unable to find the element located by 'By.xpath: //a[contains(@href,'cases')]'. Please recheck the objects properties to make sure the desired element is located. 

2021-05-11 14:49:10 - [MESSAGE][WARNING] - Web element with id: 'Object Repository/Bento/NavBar/Bento_Cases-Btn' located by '//a[contains(@href,'cases')]' not found

2021-05-11 14:49:10 - [TEST_STEP][PASSED] - ctdc.utilities.runtestcaseforKatalon.clickTab("Object Repository/Bento/NavBar/Bento_Cases-Btn"): ctdc.utilities.runtestcaseforKatalon.clickTab is PASSED

2021-05-11 14:49:10 - [MESSAGE][PASSED] - ctdc.utilities.runtestcaseforKatalon.clickTab is PASSED

2021-05-11 14:49:10 - [TEST_STEP][PASSED] - waitForElementClickable(findTestObject("Bento/Cases_page/Filter/FilterByCases_Facet"), 5): Web element with id: 'Object Repository/Bento/Cases_page/Filter/FilterByCases_Facet' located by '//div[contains(text(),'Filter By Cases')]' not found

2021-05-11 14:49:16 - [MESSAGE][INFO] - Unable to find the element located by 'By.xpath: //div[contains(text(),'Filter By Cases')]'. Please recheck the objects properties to make sure the desired element is located. 

2021-05-11 14:49:16 - [MESSAGE][WARNING] - Web element with id: 'Object Repository/Bento/Cases_page/Filter/FilterByCases_Facet' located by '//div[contains(text(),'Filter By Cases')]' not found

2021-05-11 14:49:16 - [TEST_STEP][PASSED] - ctdc.utilities.runtestcaseforKatalon.clickTab("Bento/Cases_page/Filter/FilterByCases_Facet"): ctdc.utilities.runtestcaseforKatalon.clickTab is PASSED

2021-05-11 14:49:17 - [MESSAGE][PASSED] - ctdc.utilities.runtestcaseforKatalon.clickTab is PASSED

2021-05-11 14:49:17 - [TEST_STEP][PASSED] - waitForElementClickable(findTestObject("Bento/Cases_page/Filter/Diagnosis/DIAGNOSIS_Ddn"), 5): Web element with id: 'Object Repository/Bento/Cases_page/Filter/Diagnosis/DIAGNOSIS_Ddn' located by '(//div[@id='Diagnosis'])[1]' not found

2021-05-11 14:49:23 - [MESSAGE][INFO] - Unable to find the element located by 'By.xpath: (//div[@id='Diagnosis'])[1]'. Please recheck the objects properties to make sure the desired element is located. 

2021-05-11 14:49:23 - [MESSAGE][WARNING] - Web element with id: 'Object Repository/Bento/Cases_page/Filter/Diagnosis/DIAGNOSIS_Ddn' located by '(//div[@id='Diagnosis'])[1]' not found

2021-05-11 14:49:23 - [TEST_STEP][PASSED] - ctdc.utilities.runtestcaseforKatalon.clickTab("Bento/Cases_page/Filter/Diagnosis/DIAGNOSIS_Ddn"): ctdc.utilities.runtestcaseforKatalon.clickTab is PASSED

2021-05-11 14:49:23 - [MESSAGE][PASSED] - ctdc.utilities.runtestcaseforKatalon.clickTab is PASSED

2021-05-11 14:49:23 - [TEST_STEP][PASSED] - waitForElementClickable(findTestObject("Bento/Cases_page/Filter/Diagnosis/InfiltrDuctalLobularCarcinoma_Chkbx"), 5): Web element with id: 'Object Repository/Bento/Cases_page/Filter/Diagnosis/InfiltrDuctalLobularCarcinoma_Chkbx' located by '//div[contains(text(),'Infiltrating Ductal & Lobular Carcinoma')]' not found

2021-05-11 14:49:29 - [MESSAGE][INFO] - Unable to find the element located by 'By.xpath: //div[contains(text(),'Infiltrating Ductal & Lobular Carcinoma')]'. Please recheck the objects properties to make sure the desired element is located. 

2021-05-11 14:49:29 - [MESSAGE][WARNING] - Web element with id: 'Object Repository/Bento/Cases_page/Filter/Diagnosis/InfiltrDuctalLobularCarcinoma_Chkbx' located by '//div[contains(text(),'Infiltrating Ductal & Lobular Carcinoma')]' not found

2021-05-11 14:49:29 - [TEST_STEP][PASSED] - ctdc.utilities.runtestcaseforKatalon.clickTab("Bento/Cases_page/Filter/Diagnosis/InfiltrDuctalLobularCarcinoma_Chkbx"): ctdc.utilities.runtestcaseforKatalon.clickTab is PASSED

2021-05-11 14:49:30 - [MESSAGE][PASSED] - ctdc.utilities.runtestcaseforKatalon.clickTab is PASSED

2021-05-11 14:49:30 - [TEST_STEP][PASSED] - ctdc.utilities.runtestcaseforKatalon.clickTab("Bento/Cases_page/Filter/Diagnosis/DIAGNOSIS_Ddn"): ctdc.utilities.runtestcaseforKatalon.clickTab is PASSED

2021-05-11 14:49:30 - [MESSAGE][PASSED] - ctdc.utilities.runtestcaseforKatalon.clickTab is PASSED

2021-05-11 14:49:30 - [TEST_STEP][PASSED] - ctdc.utilities.runtestcaseforKatalon.readStatBarBento("Object Repository/Bento/StatBar/Bento_StatBar-Programs", "Object Repository/Bento/StatBar/Bento_StatBar-Arms", "Object Repository/Bento/StatBar/Bento_StatBar-Cases", "Object Repository/Bento/StatBar/Bento_StatBar-Samples", "Object Repository/Bento/StatBar/Bento_StatBar-Assays", "Object Repository/Bento/StatBar/Bento_StatBar-Files"): ctdc.utilities.runtestcaseforKatalon.readStatBarBento is PASSED

2021-05-11 14:49:39 - [MESSAGE][PASSED] - ctdc.utilities.runtestcaseforKatalon.readStatBarBento is PASSED

2021-05-11 14:49:39 - [TEST_STEP][PASSED] - ctdc.utilities.ReadExcel.Neo4j(G_CypherTabnameCases, G_QueryCasesTab): ctdc.utilities.ReadExcel.Neo4j is PASSED

2021-05-11 14:49:47 - [MESSAGE][PASSED] - ctdc.utilities.ReadExcel.Neo4j is PASSED

2021-05-11 14:49:47 - [TEST_STEP][PASSED] - ctdc.utilities.runtestcaseforKatalon.validateStatBar("Bento"): Statbar Files count matches

2021-05-11 14:49:48 - [MESSAGE][PASSED] - Statbar Programs count matches

2021-05-11 14:49:48 - [MESSAGE][PASSED] - Statbar Arms count matches

2021-05-11 14:49:48 - [MESSAGE][PASSED] - Statbar Cases count matches

2021-05-11 14:49:48 - [MESSAGE][PASSED] - Statbar Samples count matches

2021-05-11 14:49:48 - [MESSAGE][PASSED] - Statbar Assays count matches

2021-05-11 14:49:48 - [MESSAGE][PASSED] - Statbar Files count matches

2021-05-11 14:49:48 - [TEST_STEP][PASSED] - closeBrowser(): Browser is closed

2021-05-11 14:49:48 - [MESSAGE][PASSED] - Browser is closed]]></system-out>
         <system-err><![CDATA[]]></system-err>
      </testcase>
      <testcase name="Test Cases/Bento_TestCases/Diagnosis/TC05_Bento_Filter_Diagnosis-InfilDuctalCarcinoma" time="57.806" classname="Test Cases/Bento_TestCases/Diagnosis/TC05_Bento_Filter_Diagnosis-InfilDuctalCarcinoma" status="PASSED">
         <system-out><![CDATA[2021-05-11 14:49:48 - [TEST_CASE][PASSED] - Test Cases/Bento_TestCases/Diagnosis/TC05_Bento_Filter_Diagnosis-InfilDuctalCarcinoma: Test Cases/Bento_TestCases/Diagnosis/TC05_Bento_Filter_Diagnosis-InfilDuctalCarcinoma

2021-05-11 14:49:48 - [TEST_STEP][PASSED] - Start listener action : getTestScriptName: null

2021-05-11 14:49:48 - [TEST_STEP][PASSED] - TestCaseId = testCaseContext.getTestCaseId(): null

2021-05-11 14:49:48 - [TEST_STEP][PASSED] - out.println("**********this is the value of test case id string******** " + testCaseContext.getTestCaseId()): null

2021-05-11 14:49:48 - [TEST_STEP][PASSED] - G_currentTCName = TestCaseId.substring(TestCaseId.lastIndexOf("TC")): null

2021-05-11 14:49:48 - [TEST_STEP][PASSED] - out.println("This is the test case name : " + G_currentTCName): null

2021-05-11 14:49:50 - [TEST_STEP][PASSED] - closeBrowser(): Browser is closed

2021-05-11 14:49:50 - [MESSAGE][PASSED] - Browser is closed

2021-05-11 14:49:50 - [TEST_STEP][PASSED] - openBrowser(""): Browser is opened with url: ''

2021-05-11 14:49:50 - [MESSAGE][INFO] - Starting 'Chrome (headless)' driver

2021-05-11 14:49:50 - [MESSAGE][INFO] - User set preference: ['args', '[--no-sandbox]']

2021-05-11 14:49:50 - [MESSAGE][INFO] - Action delay is set to 5,000 milliseconds

2021-05-11 14:49:52 - [MESSAGE][PASSED] - Browser is opened with url: ''

2021-05-11 14:49:52 - [TEST_STEP][PASSED] - maximizeWindow(): Current window maximized

2021-05-11 14:49:53 - [MESSAGE][PASSED] - Current window maximized

2021-05-11 14:49:53 - [TEST_STEP][PASSED] - ctdc.utilities.runtestcaseforKatalon.RunKatalon("TC05_Bento_Filter_Diagnosis-InfilDuctalCarcinoma.xlsx"): Data loaded from input file for the test case. 

2021-05-11 14:49:53 - [MESSAGE][PASSED] - Test case file loaded This is the full filepath after converting to string :C:\Users\radhakrishnang2\Desktop\Commons_Automation\InputFiles\TC05_Bento_Filter_Diagnosis-InfilDuctalCarcinoma.xlsx

2021-05-11 14:49:53 - [MESSAGE][INFO] - Global variable set for password file is :  C:\Users\radhakrishnang2\Desktop\Commons_Automation\InputFiles\TC05_Bento_Filter_Diagnosis-InfilDuctalCarcinoma.xlsx

2021-05-11 14:49:53 - [MESSAGE][PASSED] - Data loaded from input file for the test case. 

2021-05-11 14:50:03 - [TEST_STEP][PASSED] - waitForElementClickable(findTestObject("Object Repository/Bento/NavBar/Bento_Cases-Btn"), 5): Web element with id: 'Object Repository/Bento/NavBar/Bento_Cases-Btn' located by '//a[contains(@href,'cases')]' not found

2021-05-11 14:50:09 - [MESSAGE][INFO] - Unable to find the element located by 'By.xpath: //a[contains(@href,'cases')]'. Please recheck the objects properties to make sure the desired element is located. 

2021-05-11 14:50:09 - [MESSAGE][WARNING] - Web element with id: 'Object Repository/Bento/NavBar/Bento_Cases-Btn' located by '//a[contains(@href,'cases')]' not found

2021-05-11 14:50:09 - [TEST_STEP][PASSED] - ctdc.utilities.runtestcaseforKatalon.clickTab("Object Repository/Bento/NavBar/Bento_Cases-Btn"): ctdc.utilities.runtestcaseforKatalon.clickTab is PASSED

2021-05-11 14:50:10 - [MESSAGE][PASSED] - ctdc.utilities.runtestcaseforKatalon.clickTab is PASSED

2021-05-11 14:50:10 - [TEST_STEP][PASSED] - waitForElementClickable(findTestObject("Bento/Cases_page/Filter/FilterByCases_Facet"), 5): Web element with id: 'Object Repository/Bento/Cases_page/Filter/FilterByCases_Facet' located by '//div[contains(text(),'Filter By Cases')]' not found

2021-05-11 14:50:16 - [MESSAGE][INFO] - Unable to find the element located by 'By.xpath: //div[contains(text(),'Filter By Cases')]'. Please recheck the objects properties to make sure the desired element is located. 

2021-05-11 14:50:16 - [MESSAGE][WARNING] - Web element with id: 'Object Repository/Bento/Cases_page/Filter/FilterByCases_Facet' located by '//div[contains(text(),'Filter By Cases')]' not found

2021-05-11 14:50:16 - [TEST_STEP][PASSED] - ctdc.utilities.runtestcaseforKatalon.clickTab("Bento/Cases_page/Filter/FilterByCases_Facet"): ctdc.utilities.runtestcaseforKatalon.clickTab is PASSED

2021-05-11 14:50:17 - [MESSAGE][PASSED] - ctdc.utilities.runtestcaseforKatalon.clickTab is PASSED

2021-05-11 14:50:17 - [TEST_STEP][PASSED] - waitForElementClickable(findTestObject("Bento/Cases_page/Filter/Diagnosis/DIAGNOSIS_Ddn"), 5): Web element with id: 'Object Repository/Bento/Cases_page/Filter/Diagnosis/DIAGNOSIS_Ddn' located by '(//div[@id='Diagnosis'])[1]' not found

2021-05-11 14:50:23 - [MESSAGE][INFO] - Unable to find the element located by 'By.xpath: (//div[@id='Diagnosis'])[1]'. Please recheck the objects properties to make sure the desired element is located. 

2021-05-11 14:50:23 - [MESSAGE][WARNING] - Web element with id: 'Object Repository/Bento/Cases_page/Filter/Diagnosis/DIAGNOSIS_Ddn' located by '(//div[@id='Diagnosis'])[1]' not found

2021-05-11 14:50:23 - [TEST_STEP][PASSED] - ctdc.utilities.runtestcaseforKatalon.clickTab("Bento/Cases_page/Filter/Diagnosis/DIAGNOSIS_Ddn"): ctdc.utilities.runtestcaseforKatalon.clickTab is PASSED

2021-05-11 14:50:23 - [MESSAGE][PASSED] - ctdc.utilities.runtestcaseforKatalon.clickTab is PASSED

2021-05-11 14:50:23 - [TEST_STEP][PASSED] - waitForElementClickable(findTestObject("Bento/Cases_page/Filter/Diagnosis/InfiltrDuctalCarcinoma_Chkbx"), 5): Web element with id: 'Object Repository/Bento/Cases_page/Filter/Diagnosis/InfiltrDuctalCarcinoma_Chkbx' located by '//div[contains(text(),'Infiltrating Ductal Carcinoma')]' not found

2021-05-11 14:50:30 - [MESSAGE][INFO] - Unable to find the element located by 'By.xpath: //div[contains(text(),'Infiltrating Ductal Carcinoma')]'. Please recheck the objects properties to make sure the desired element is located. 

2021-05-11 14:50:30 - [MESSAGE][WARNING] - Web element with id: 'Object Repository/Bento/Cases_page/Filter/Diagnosis/InfiltrDuctalCarcinoma_Chkbx' located by '//div[contains(text(),'Infiltrating Ductal Carcinoma')]' not found

2021-05-11 14:50:30 - [TEST_STEP][PASSED] - ctdc.utilities.runtestcaseforKatalon.clickTab("Bento/Cases_page/Filter/Diagnosis/InfiltrDuctalCarcinoma_Chkbx"): ctdc.utilities.runtestcaseforKatalon.clickTab is PASSED

2021-05-11 14:50:30 - [MESSAGE][PASSED] - ctdc.utilities.runtestcaseforKatalon.clickTab is PASSED

2021-05-11 14:50:30 - [TEST_STEP][PASSED] - ctdc.utilities.runtestcaseforKatalon.clickTab("Bento/Cases_page/Filter/Diagnosis/DIAGNOSIS_Ddn"): ctdc.utilities.runtestcaseforKatalon.clickTab is PASSED

2021-05-11 14:50:31 - [MESSAGE][PASSED] - ctdc.utilities.runtestcaseforKatalon.clickTab is PASSED

2021-05-11 14:50:31 - [TEST_STEP][PASSED] - ctdc.utilities.runtestcaseforKatalon.readStatBarBento("Object Repository/Bento/StatBar/Bento_StatBar-Programs", "Object Repository/Bento/StatBar/Bento_StatBar-Arms", "Object Repository/Bento/StatBar/Bento_StatBar-Cases", "Object Repository/Bento/StatBar/Bento_StatBar-Samples", "Object Repository/Bento/StatBar/Bento_StatBar-Assays", "Object Repository/Bento/StatBar/Bento_StatBar-Files"): ctdc.utilities.runtestcaseforKatalon.readStatBarBento is PASSED

2021-05-11 14:50:41 - [MESSAGE][PASSED] - ctdc.utilities.runtestcaseforKatalon.readStatBarBento is PASSED

2021-05-11 14:50:41 - [TEST_STEP][PASSED] - ctdc.utilities.ReadExcel.Neo4j(G_CypherTabnameCases, G_QueryCasesTab): ctdc.utilities.ReadExcel.Neo4j is PASSED

2021-05-11 14:50:45 - [MESSAGE][PASSED] - ctdc.utilities.ReadExcel.Neo4j is PASSED

2021-05-11 14:50:45 - [TEST_STEP][PASSED] - ctdc.utilities.runtestcaseforKatalon.validateStatBar("Bento"): Statbar Files count matches

2021-05-11 14:50:45 - [MESSAGE][PASSED] - Statbar Programs count matches

2021-05-11 14:50:45 - [MESSAGE][PASSED] - Statbar Arms count matches

2021-05-11 14:50:45 - [MESSAGE][PASSED] - Statbar Cases count matches

2021-05-11 14:50:45 - [MESSAGE][PASSED] - Statbar Samples count matches

2021-05-11 14:50:45 - [MESSAGE][PASSED] - Statbar Assays count matches

2021-05-11 14:50:45 - [MESSAGE][PASSED] - Statbar Files count matches

2021-05-11 14:50:45 - [TEST_STEP][PASSED] - closeBrowser(): Browser is closed

2021-05-11 14:50:46 - [MESSAGE][PASSED] - Browser is closed]]></system-out>
         <system-err><![CDATA[]]></system-err>
      </testcase>
      <testcase name="Test Cases/Bento_TestCases/Diagnosis/TC06_Bento_Filter_Diagnosis-InfilLobularCarcinoma" time="137.126" classname="Test Cases/Bento_TestCases/Diagnosis/TC06_Bento_Filter_Diagnosis-InfilLobularCarcinoma" status="PASSED">
         <system-out><![CDATA[2021-05-11 14:50:46 - [TEST_CASE][PASSED] - Test Cases/Bento_TestCases/Diagnosis/TC06_Bento_Filter_Diagnosis-InfilLobularCarcinoma: Test Cases/Bento_TestCases/Diagnosis/TC06_Bento_Filter_Diagnosis-InfilLobularCarcinoma

2021-05-11 14:50:46 - [TEST_STEP][PASSED] - Start listener action : getTestScriptName: null

2021-05-11 14:50:46 - [TEST_STEP][PASSED] - TestCaseId = testCaseContext.getTestCaseId(): null

2021-05-11 14:50:46 - [TEST_STEP][PASSED] - out.println("**********this is the value of test case id string******** " + testCaseContext.getTestCaseId()): null

2021-05-11 14:50:46 - [TEST_STEP][PASSED] - G_currentTCName = TestCaseId.substring(TestCaseId.lastIndexOf("TC")): null

2021-05-11 14:50:46 - [TEST_STEP][PASSED] - out.println("This is the test case name : " + G_currentTCName): null

2021-05-11 14:50:48 - [TEST_STEP][PASSED] - closeBrowser(): Browser is closed

2021-05-11 14:50:48 - [MESSAGE][PASSED] - Browser is closed

2021-05-11 14:50:48 - [TEST_STEP][PASSED] - openBrowser(""): Browser is opened with url: ''

2021-05-11 14:50:48 - [MESSAGE][INFO] - Starting 'Chrome (headless)' driver

2021-05-11 14:50:48 - [MESSAGE][INFO] - User set preference: ['args', '[--no-sandbox]']

2021-05-11 14:50:48 - [MESSAGE][INFO] - Action delay is set to 5,000 milliseconds

2021-05-11 14:50:51 - [MESSAGE][PASSED] - Browser is opened with url: ''

2021-05-11 14:50:51 - [TEST_STEP][PASSED] - maximizeWindow(): Current window maximized

2021-05-11 14:50:51 - [MESSAGE][PASSED] - Current window maximized

2021-05-11 14:50:51 - [TEST_STEP][PASSED] - ctdc.utilities.runtestcaseforKatalon.RunKatalon("TC06_Bento_Filter_Diagnosis-InfilLobularCarcinoma.xlsx"): Data loaded from input file for the test case. 

2021-05-11 14:50:51 - [MESSAGE][PASSED] - Test case file loaded This is the full filepath after converting to string :C:\Users\radhakrishnang2\Desktop\Commons_Automation\InputFiles\TC06_Bento_Filter_Diagnosis-InfilLobularCarcinoma.xlsx

2021-05-11 14:50:51 - [MESSAGE][INFO] - Global variable set for password file is :  C:\Users\radhakrishnang2\Desktop\Commons_Automation\InputFiles\TC06_Bento_Filter_Diagnosis-InfilLobularCarcinoma.xlsx

2021-05-11 14:50:52 - [MESSAGE][PASSED] - Data loaded from input file for the test case. 

2021-05-11 14:52:03 - [TEST_STEP][PASSED] - waitForElementClickable(findTestObject("Object Repository/Bento/NavBar/Bento_Cases-Btn"), 5): Web element with id: 'Object Repository/Bento/NavBar/Bento_Cases-Btn' located by '//a[contains(@href,'cases')]' not found

2021-05-11 14:52:10 - [MESSAGE][INFO] - Unable to find the element located by 'By.xpath: //a[contains(@href,'cases')]'. Please recheck the objects properties to make sure the desired element is located. 

2021-05-11 14:52:10 - [MESSAGE][WARNING] - Web element with id: 'Object Repository/Bento/NavBar/Bento_Cases-Btn' located by '//a[contains(@href,'cases')]' not found

2021-05-11 14:52:10 - [TEST_STEP][PASSED] - ctdc.utilities.runtestcaseforKatalon.clickTab("Object Repository/Bento/NavBar/Bento_Cases-Btn"): ctdc.utilities.runtestcaseforKatalon.clickTab is PASSED

2021-05-11 14:52:11 - [MESSAGE][PASSED] - ctdc.utilities.runtestcaseforKatalon.clickTab is PASSED

2021-05-11 14:52:11 - [TEST_STEP][PASSED] - waitForElementClickable(findTestObject("Bento/Cases_page/Filter/FilterByCases_Facet"), 5): Web element with id: 'Object Repository/Bento/Cases_page/Filter/FilterByCases_Facet' located by '//div[contains(text(),'Filter By Cases')]' not found

2021-05-11 14:52:18 - [MESSAGE][INFO] - Unable to find the element located by 'By.xpath: //div[contains(text(),'Filter By Cases')]'. Please recheck the objects properties to make sure the desired element is located. 

2021-05-11 14:52:18 - [MESSAGE][WARNING] - Web element with id: 'Object Repository/Bento/Cases_page/Filter/FilterByCases_Facet' located by '//div[contains(text(),'Filter By Cases')]' not found

2021-05-11 14:52:18 - [TEST_STEP][PASSED] - ctdc.utilities.runtestcaseforKatalon.clickTab("Bento/Cases_page/Filter/FilterByCases_Facet"): ctdc.utilities.runtestcaseforKatalon.clickTab is PASSED

2021-05-11 14:52:23 - [MESSAGE][PASSED] - ctdc.utilities.runtestcaseforKatalon.clickTab is PASSED

2021-05-11 14:52:23 - [TEST_STEP][PASSED] - waitForElementClickable(findTestObject("Bento/Cases_page/Filter/Diagnosis/DIAGNOSIS_Ddn"), 5): Web element with id: 'Object Repository/Bento/Cases_page/Filter/Diagnosis/DIAGNOSIS_Ddn' located by '(//div[@id='Diagnosis'])[1]' not found

2021-05-11 14:52:29 - [MESSAGE][INFO] - Unable to find the element located by 'By.xpath: (//div[@id='Diagnosis'])[1]'. Please recheck the objects properties to make sure the desired element is located. 

2021-05-11 14:52:29 - [MESSAGE][WARNING] - Web element with id: 'Object Repository/Bento/Cases_page/Filter/Diagnosis/DIAGNOSIS_Ddn' located by '(//div[@id='Diagnosis'])[1]' not found

2021-05-11 14:52:29 - [TEST_STEP][PASSED] - ctdc.utilities.runtestcaseforKatalon.clickTab("Bento/Cases_page/Filter/Diagnosis/DIAGNOSIS_Ddn"): ctdc.utilities.runtestcaseforKatalon.clickTab is PASSED

2021-05-11 14:52:30 - [MESSAGE][PASSED] - ctdc.utilities.runtestcaseforKatalon.clickTab is PASSED

2021-05-11 14:52:30 - [TEST_STEP][PASSED] - waitForElementClickable(findTestObject("Bento/Cases_page/Filter/Diagnosis/InfiltrLobuCarcinoma_Chkbx"), 5): Web element with id: 'Object Repository/Bento/Cases_page/Filter/Diagnosis/InfiltrLobuCarcinoma_Chkbx' located by '//div[contains(text(),'Infiltrating Lobular Carcinoma')]' not found

2021-05-11 14:52:37 - [MESSAGE][INFO] - Unable to find the element located by 'By.xpath: //div[contains(text(),'Infiltrating Lobular Carcinoma')]'. Please recheck the objects properties to make sure the desired element is located. 

2021-05-11 14:52:37 - [MESSAGE][WARNING] - Web element with id: 'Object Repository/Bento/Cases_page/Filter/Diagnosis/InfiltrLobuCarcinoma_Chkbx' located by '//div[contains(text(),'Infiltrating Lobular Carcinoma')]' not found

2021-05-11 14:52:37 - [TEST_STEP][PASSED] - ctdc.utilities.runtestcaseforKatalon.clickTab("Bento/Cases_page/Filter/Diagnosis/InfiltrLobuCarcinoma_Chkbx"): ctdc.utilities.runtestcaseforKatalon.clickTab is PASSED

2021-05-11 14:52:38 - [MESSAGE][PASSED] - ctdc.utilities.runtestcaseforKatalon.clickTab is PASSED

2021-05-11 14:52:38 - [TEST_STEP][PASSED] - ctdc.utilities.runtestcaseforKatalon.clickTab("Bento/Cases_page/Filter/Diagnosis/DIAGNOSIS_Ddn"): ctdc.utilities.runtestcaseforKatalon.clickTab is PASSED

2021-05-11 14:52:38 - [MESSAGE][PASSED] - ctdc.utilities.runtestcaseforKatalon.clickTab is PASSED

2021-05-11 14:52:38 - [TEST_STEP][PASSED] - ctdc.utilities.runtestcaseforKatalon.readStatBarBento("Object Repository/Bento/StatBar/Bento_StatBar-Programs", "Object Repository/Bento/StatBar/Bento_StatBar-Arms", "Object Repository/Bento/StatBar/Bento_StatBar-Cases", "Object Repository/Bento/StatBar/Bento_StatBar-Samples", "Object Repository/Bento/StatBar/Bento_StatBar-Assays", "Object Repository/Bento/StatBar/Bento_StatBar-Files"): ctdc.utilities.runtestcaseforKatalon.readStatBarBento is PASSED

2021-05-11 14:52:49 - [MESSAGE][PASSED] - ctdc.utilities.runtestcaseforKatalon.readStatBarBento is PASSED

2021-05-11 14:52:49 - [TEST_STEP][PASSED] - ctdc.utilities.ReadExcel.Neo4j(G_CypherTabnameCases, G_QueryCasesTab): ctdc.utilities.ReadExcel.Neo4j is PASSED

2021-05-11 14:53:02 - [MESSAGE][PASSED] - ctdc.utilities.ReadExcel.Neo4j is PASSED

2021-05-11 14:53:02 - [TEST_STEP][PASSED] - ctdc.utilities.runtestcaseforKatalon.validateStatBar("Bento"): Statbar Files count matches

2021-05-11 14:53:02 - [MESSAGE][PASSED] - Statbar Programs count matches

2021-05-11 14:53:02 - [MESSAGE][PASSED] - Statbar Arms count matches

2021-05-11 14:53:02 - [MESSAGE][PASSED] - Statbar Cases count matches

2021-05-11 14:53:02 - [MESSAGE][PASSED] - Statbar Samples count matches

2021-05-11 14:53:02 - [MESSAGE][PASSED] - Statbar Assays count matches

2021-05-11 14:53:03 - [MESSAGE][PASSED] - Statbar Files count matches

2021-05-11 14:53:03 - [TEST_STEP][PASSED] - closeBrowser(): Browser is closed

2021-05-11 14:53:03 - [MESSAGE][PASSED] - Browser is closed]]></system-out>
         <system-err><![CDATA[]]></system-err>
      </testcase>
      <testcase name="Test Cases/Bento_TestCases/Diagnosis/TC07_Bento_Filter_Diagnosis-MedullaryCarcinoma" time="113.242" classname="Test Cases/Bento_TestCases/Diagnosis/TC07_Bento_Filter_Diagnosis-MedullaryCarcinoma" status="PASSED">
         <system-out><![CDATA[2021-05-11 14:53:03 - [TEST_CASE][PASSED] - Test Cases/Bento_TestCases/Diagnosis/TC07_Bento_Filter_Diagnosis-MedullaryCarcinoma: Test Cases/Bento_TestCases/Diagnosis/TC07_Bento_Filter_Diagnosis-MedullaryCarcinoma

2021-05-11 14:53:03 - [TEST_STEP][PASSED] - Start listener action : getTestScriptName: null

2021-05-11 14:53:03 - [TEST_STEP][PASSED] - TestCaseId = testCaseContext.getTestCaseId(): null

2021-05-11 14:53:03 - [TEST_STEP][PASSED] - out.println("**********this is the value of test case id string******** " + testCaseContext.getTestCaseId()): null

2021-05-11 14:53:03 - [TEST_STEP][PASSED] - G_currentTCName = TestCaseId.substring(TestCaseId.lastIndexOf("TC")): null

2021-05-11 14:53:03 - [TEST_STEP][PASSED] - out.println("This is the test case name : " + G_currentTCName): null

2021-05-11 14:53:05 - [TEST_STEP][PASSED] - closeBrowser(): Browser is closed

2021-05-11 14:53:05 - [MESSAGE][PASSED] - Browser is closed

2021-05-11 14:53:05 - [TEST_STEP][PASSED] - openBrowser(""): Browser is opened with url: ''

2021-05-11 14:53:05 - [MESSAGE][INFO] - Starting 'Chrome (headless)' driver

2021-05-11 14:53:05 - [MESSAGE][INFO] - User set preference: ['args', '[--no-sandbox]']

2021-05-11 14:53:05 - [MESSAGE][INFO] - Action delay is set to 5,000 milliseconds

2021-05-11 14:53:08 - [MESSAGE][PASSED] - Browser is opened with url: ''

2021-05-11 14:53:08 - [TEST_STEP][PASSED] - maximizeWindow(): Current window maximized

2021-05-11 14:53:09 - [MESSAGE][PASSED] - Current window maximized

2021-05-11 14:53:09 - [TEST_STEP][PASSED] - ctdc.utilities.runtestcaseforKatalon.RunKatalon("TC07_Bento_Filter_Diagnosis-MedullaryCarcinoma.xlsx"): Data loaded from input file for the test case. 

2021-05-11 14:53:09 - [MESSAGE][PASSED] - Test case file loaded This is the full filepath after converting to string :C:\Users\radhakrishnang2\Desktop\Commons_Automation\InputFiles\TC07_Bento_Filter_Diagnosis-MedullaryCarcinoma.xlsx

2021-05-11 14:53:09 - [MESSAGE][INFO] - Global variable set for password file is :  C:\Users\radhakrishnang2\Desktop\Commons_Automation\InputFiles\TC07_Bento_Filter_Diagnosis-MedullaryCarcinoma.xlsx

2021-05-11 14:53:09 - [MESSAGE][PASSED] - Data loaded from input file for the test case. 

2021-05-11 14:54:04 - [TEST_STEP][PASSED] - waitForElementClickable(findTestObject("Object Repository/Bento/NavBar/Bento_Cases-Btn"), 5): Web element with id: 'Object Repository/Bento/NavBar/Bento_Cases-Btn' located by '//a[contains(@href,'cases')]' not found

2021-05-11 14:54:10 - [MESSAGE][INFO] - Unable to find the element located by 'By.xpath: //a[contains(@href,'cases')]'. Please recheck the objects properties to make sure the desired element is located. 

2021-05-11 14:54:10 - [MESSAGE][WARNING] - Web element with id: 'Object Repository/Bento/NavBar/Bento_Cases-Btn' located by '//a[contains(@href,'cases')]' not found

2021-05-11 14:54:10 - [TEST_STEP][PASSED] - ctdc.utilities.runtestcaseforKatalon.clickTab("Object Repository/Bento/NavBar/Bento_Cases-Btn"): ctdc.utilities.runtestcaseforKatalon.clickTab is PASSED

2021-05-11 14:54:10 - [MESSAGE][PASSED] - ctdc.utilities.runtestcaseforKatalon.clickTab is PASSED

2021-05-11 14:54:10 - [TEST_STEP][PASSED] - waitForElementClickable(findTestObject("Bento/Cases_page/Filter/FilterByCases_Facet"), 5): Web element with id: 'Object Repository/Bento/Cases_page/Filter/FilterByCases_Facet' located by '//div[contains(text(),'Filter By Cases')]' not found

2021-05-11 14:54:17 - [MESSAGE][INFO] - Unable to find the element located by 'By.xpath: //div[contains(text(),'Filter By Cases')]'. Please recheck the objects properties to make sure the desired element is located. 

2021-05-11 14:54:17 - [MESSAGE][WARNING] - Web element with id: 'Object Repository/Bento/Cases_page/Filter/FilterByCases_Facet' located by '//div[contains(text(),'Filter By Cases')]' not found

2021-05-11 14:54:17 - [TEST_STEP][PASSED] - ctdc.utilities.runtestcaseforKatalon.clickTab("Bento/Cases_page/Filter/FilterByCases_Facet"): ctdc.utilities.runtestcaseforKatalon.clickTab is PASSED

2021-05-11 14:54:21 - [MESSAGE][PASSED] - ctdc.utilities.runtestcaseforKatalon.clickTab is PASSED

2021-05-11 14:54:21 - [TEST_STEP][PASSED] - waitForElementClickable(findTestObject("Bento/Cases_page/Filter/Diagnosis/DIAGNOSIS_Ddn"), 5): Web element with id: 'Object Repository/Bento/Cases_page/Filter/Diagnosis/DIAGNOSIS_Ddn' located by '(//div[@id='Diagnosis'])[1]' not found

2021-05-11 14:54:27 - [MESSAGE][INFO] - Unable to find the element located by 'By.xpath: (//div[@id='Diagnosis'])[1]'. Please recheck the objects properties to make sure the desired element is located. 

2021-05-11 14:54:27 - [MESSAGE][WARNING] - Web element with id: 'Object Repository/Bento/Cases_page/Filter/Diagnosis/DIAGNOSIS_Ddn' located by '(//div[@id='Diagnosis'])[1]' not found

2021-05-11 14:54:27 - [TEST_STEP][PASSED] - ctdc.utilities.runtestcaseforKatalon.clickTab("Bento/Cases_page/Filter/Diagnosis/DIAGNOSIS_Ddn"): ctdc.utilities.runtestcaseforKatalon.clickTab is PASSED

2021-05-11 14:54:28 - [MESSAGE][PASSED] - ctdc.utilities.runtestcaseforKatalon.clickTab is PASSED

2021-05-11 14:54:28 - [TEST_STEP][PASSED] - waitForElementClickable(findTestObject("Bento/Cases_page/Filter/Diagnosis/MedullaryCarcinoma_Chkbx"), 5): Web element with id: 'Object Repository/Bento/Cases_page/Filter/Diagnosis/MedullaryCarcinoma_Chkbx' located by '//div[contains(text(),'Medullary Carcinoma')]' not found

2021-05-11 14:54:34 - [MESSAGE][INFO] - Unable to find the element located by 'By.xpath: //div[contains(text(),'Medullary Carcinoma')]'. Please recheck the objects properties to make sure the desired element is located. 

2021-05-11 14:54:34 - [MESSAGE][WARNING] - Web element with id: 'Object Repository/Bento/Cases_page/Filter/Diagnosis/MedullaryCarcinoma_Chkbx' located by '//div[contains(text(),'Medullary Carcinoma')]' not found

2021-05-11 14:54:34 - [TEST_STEP][PASSED] - ctdc.utilities.runtestcaseforKatalon.clickTab("Bento/Cases_page/Filter/Diagnosis/MedullaryCarcinoma_Chkbx"): ctdc.utilities.runtestcaseforKatalon.clickTab is PASSED

2021-05-11 14:54:35 - [MESSAGE][PASSED] - ctdc.utilities.runtestcaseforKatalon.clickTab is PASSED

2021-05-11 14:54:35 - [TEST_STEP][PASSED] - ctdc.utilities.runtestcaseforKatalon.clickTab("Bento/Cases_page/Filter/Diagnosis/DIAGNOSIS_Ddn"): ctdc.utilities.runtestcaseforKatalon.clickTab is PASSED

2021-05-11 14:54:35 - [MESSAGE][PASSED] - ctdc.utilities.runtestcaseforKatalon.clickTab is PASSED

2021-05-11 14:54:35 - [TEST_STEP][PASSED] - ctdc.utilities.runtestcaseforKatalon.readStatBarBento("Object Repository/Bento/StatBar/Bento_StatBar-Programs", "Object Repository/Bento/StatBar/Bento_StatBar-Arms", "Object Repository/Bento/StatBar/Bento_StatBar-Cases", "Object Repository/Bento/StatBar/Bento_StatBar-Samples", "Object Repository/Bento/StatBar/Bento_StatBar-Assays", "Object Repository/Bento/StatBar/Bento_StatBar-Files"): ctdc.utilities.runtestcaseforKatalon.readStatBarBento is PASSED

2021-05-11 14:54:46 - [MESSAGE][PASSED] - ctdc.utilities.runtestcaseforKatalon.readStatBarBento is PASSED

2021-05-11 14:54:46 - [TEST_STEP][PASSED] - ctdc.utilities.ReadExcel.Neo4j(G_CypherTabnameCases, G_QueryCasesTab): ctdc.utilities.ReadExcel.Neo4j is PASSED

2021-05-11 14:54:54 - [MESSAGE][PASSED] - ctdc.utilities.ReadExcel.Neo4j is PASSED

2021-05-11 14:54:54 - [TEST_STEP][PASSED] - ctdc.utilities.runtestcaseforKatalon.validateStatBar("Bento"): Statbar Files count matches

2021-05-11 14:54:55 - [MESSAGE][PASSED] - Statbar Programs count matches

2021-05-11 14:54:55 - [MESSAGE][PASSED] - Statbar Arms count matches

2021-05-11 14:54:55 - [MESSAGE][PASSED] - Statbar Cases count matches

2021-05-11 14:54:55 - [MESSAGE][PASSED] - Statbar Samples count matches

2021-05-11 14:54:55 - [MESSAGE][PASSED] - Statbar Assays count matches

2021-05-11 14:54:55 - [MESSAGE][PASSED] - Statbar Files count matches

2021-05-11 14:54:55 - [TEST_STEP][PASSED] - closeBrowser(): Browser is closed

2021-05-11 14:54:57 - [MESSAGE][PASSED] - Browser is closed]]></system-out>
         <system-err><![CDATA[]]></system-err>
      </testcase>
      <testcase name="Test Cases/Bento_TestCases/Diagnosis/TC08_Bento_Filter_Diagnosis-MucinousColloidCarcinoma" time="82.756" classname="Test Cases/Bento_TestCases/Diagnosis/TC08_Bento_Filter_Diagnosis-MucinousColloidCarcinoma" status="PASSED">
         <system-out><![CDATA[2021-05-11 14:54:57 - [TEST_CASE][PASSED] - Test Cases/Bento_TestCases/Diagnosis/TC08_Bento_Filter_Diagnosis-MucinousColloidCarcinoma: Test Cases/Bento_TestCases/Diagnosis/TC08_Bento_Filter_Diagnosis-MucinousColloidCarcinoma

2021-05-11 14:54:57 - [TEST_STEP][PASSED] - Start listener action : getTestScriptName: null

2021-05-11 14:54:57 - [TEST_STEP][PASSED] - TestCaseId = testCaseContext.getTestCaseId(): null

2021-05-11 14:54:57 - [TEST_STEP][PASSED] - out.println("**********this is the value of test case id string******** " + testCaseContext.getTestCaseId()): null

2021-05-11 14:54:57 - [TEST_STEP][PASSED] - G_currentTCName = TestCaseId.substring(TestCaseId.lastIndexOf("TC")): null

2021-05-11 14:54:57 - [TEST_STEP][PASSED] - out.println("This is the test case name : " + G_currentTCName): null

2021-05-11 14:54:59 - [TEST_STEP][PASSED] - closeBrowser(): Browser is closed

2021-05-11 14:54:59 - [MESSAGE][PASSED] - Browser is closed

2021-05-11 14:54:59 - [TEST_STEP][PASSED] - openBrowser(""): Browser is opened with url: ''

2021-05-11 14:54:59 - [MESSAGE][INFO] - Starting 'Chrome (headless)' driver

2021-05-11 14:54:59 - [MESSAGE][INFO] - User set preference: ['args', '[--no-sandbox]']

2021-05-11 14:54:59 - [MESSAGE][INFO] - Action delay is set to 5,000 milliseconds

2021-05-11 14:55:02 - [MESSAGE][PASSED] - Browser is opened with url: ''

2021-05-11 14:55:02 - [TEST_STEP][PASSED] - maximizeWindow(): Current window maximized

2021-05-11 14:55:03 - [MESSAGE][PASSED] - Current window maximized

2021-05-11 14:55:03 - [TEST_STEP][PASSED] - ctdc.utilities.runtestcaseforKatalon.RunKatalon("TC08_Bento_Filter_Diagnosis-MucinousColloidCarcinoma.xlsx"): Data loaded from input file for the test case. 

2021-05-11 14:55:03 - [MESSAGE][PASSED] - Test case file loaded This is the full filepath after converting to string :C:\Users\radhakrishnang2\Desktop\Commons_Automation\InputFiles\TC08_Bento_Filter_Diagnosis-MucinousColloidCarcinoma.xlsx

2021-05-11 14:55:03 - [MESSAGE][INFO] - Global variable set for password file is :  C:\Users\radhakrishnang2\Desktop\Commons_Automation\InputFiles\TC08_Bento_Filter_Diagnosis-MucinousColloidCarcinoma.xlsx

2021-05-11 14:55:03 - [MESSAGE][PASSED] - Data loaded from input file for the test case. 

2021-05-11 14:55:28 - [TEST_STEP][PASSED] - waitForElementClickable(findTestObject("Object Repository/Bento/NavBar/Bento_Cases-Btn"), 5): Web element with id: 'Object Repository/Bento/NavBar/Bento_Cases-Btn' located by '//a[contains(@href,'cases')]' not found

2021-05-11 14:55:34 - [MESSAGE][INFO] - Unable to find the element located by 'By.xpath: //a[contains(@href,'cases')]'. Please recheck the objects properties to make sure the desired element is located. 

2021-05-11 14:55:34 - [MESSAGE][WARNING] - Web element with id: 'Object Repository/Bento/NavBar/Bento_Cases-Btn' located by '//a[contains(@href,'cases')]' not found

2021-05-11 14:55:34 - [TEST_STEP][PASSED] - ctdc.utilities.runtestcaseforKatalon.clickTab("Object Repository/Bento/NavBar/Bento_Cases-Btn"): ctdc.utilities.runtestcaseforKatalon.clickTab is PASSED

2021-05-11 14:55:35 - [MESSAGE][PASSED] - ctdc.utilities.runtestcaseforKatalon.clickTab is PASSED

2021-05-11 14:55:35 - [TEST_STEP][PASSED] - waitForElementClickable(findTestObject("Bento/Cases_page/Filter/FilterByCases_Facet"), 5): Web element with id: 'Object Repository/Bento/Cases_page/Filter/FilterByCases_Facet' located by '//div[contains(text(),'Filter By Cases')]' not found

2021-05-11 14:55:41 - [MESSAGE][INFO] - Unable to find the element located by 'By.xpath: //div[contains(text(),'Filter By Cases')]'. Please recheck the objects properties to make sure the desired element is located. 

2021-05-11 14:55:41 - [MESSAGE][WARNING] - Web element with id: 'Object Repository/Bento/Cases_page/Filter/FilterByCases_Facet' located by '//div[contains(text(),'Filter By Cases')]' not found

2021-05-11 14:55:41 - [TEST_STEP][PASSED] - ctdc.utilities.runtestcaseforKatalon.clickTab("Bento/Cases_page/Filter/FilterByCases_Facet"): ctdc.utilities.runtestcaseforKatalon.clickTab is PASSED

2021-05-11 14:55:42 - [MESSAGE][PASSED] - ctdc.utilities.runtestcaseforKatalon.clickTab is PASSED

2021-05-11 14:55:42 - [TEST_STEP][PASSED] - waitForElementClickable(findTestObject("Bento/Cases_page/Filter/Diagnosis/DIAGNOSIS_Ddn"), 5): Web element with id: 'Object Repository/Bento/Cases_page/Filter/Diagnosis/DIAGNOSIS_Ddn' located by '(//div[@id='Diagnosis'])[1]' not found

2021-05-11 14:55:48 - [MESSAGE][INFO] - Unable to find the element located by 'By.xpath: (//div[@id='Diagnosis'])[1]'. Please recheck the objects properties to make sure the desired element is located. 

2021-05-11 14:55:48 - [MESSAGE][WARNING] - Web element with id: 'Object Repository/Bento/Cases_page/Filter/Diagnosis/DIAGNOSIS_Ddn' located by '(//div[@id='Diagnosis'])[1]' not found

2021-05-11 14:55:48 - [TEST_STEP][PASSED] - ctdc.utilities.runtestcaseforKatalon.clickTab("Bento/Cases_page/Filter/Diagnosis/DIAGNOSIS_Ddn"): ctdc.utilities.runtestcaseforKatalon.clickTab is PASSED

2021-05-11 14:55:50 - [MESSAGE][PASSED] - ctdc.utilities.runtestcaseforKatalon.clickTab is PASSED

2021-05-11 14:55:50 - [TEST_STEP][PASSED] - waitForElementClickable(findTestObject("Bento/Cases_page/Filter/Diagnosis/MucinousCollCarcinoma_Chkbx"), 5): Web element with id: 'Object Repository/Bento/Cases_page/Filter/Diagnosis/MucinousCollCarcinoma_Chkbx' located by '//div[contains(text(),'Mucinous (colloid) Carcinoma')]' not found

2021-05-11 14:55:57 - [MESSAGE][INFO] - Unable to find the element located by 'By.xpath: //div[contains(text(),'Mucinous (colloid) Carcinoma')]'. Please recheck the objects properties to make sure the desired element is located. 

2021-05-11 14:55:57 - [MESSAGE][WARNING] - Web element with id: 'Object Repository/Bento/Cases_page/Filter/Diagnosis/MucinousCollCarcinoma_Chkbx' located by '//div[contains(text(),'Mucinous (colloid) Carcinoma')]' not found

2021-05-11 14:55:57 - [TEST_STEP][PASSED] - ctdc.utilities.runtestcaseforKatalon.clickTab("Bento/Cases_page/Filter/Diagnosis/MucinousCollCarcinoma_Chkbx"): ctdc.utilities.runtestcaseforKatalon.clickTab is PASSED

2021-05-11 14:55:57 - [MESSAGE][PASSED] - ctdc.utilities.runtestcaseforKatalon.clickTab is PASSED

2021-05-11 14:55:57 - [TEST_STEP][PASSED] - ctdc.utilities.runtestcaseforKatalon.clickTab("Bento/Cases_page/Filter/Diagnosis/DIAGNOSIS_Ddn"): ctdc.utilities.runtestcaseforKatalon.clickTab is PASSED

2021-05-11 14:55:58 - [MESSAGE][PASSED] - ctdc.utilities.runtestcaseforKatalon.clickTab is PASSED

2021-05-11 14:55:58 - [TEST_STEP][PASSED] - ctdc.utilities.runtestcaseforKatalon.readStatBarBento("Object Repository/Bento/StatBar/Bento_StatBar-Programs", "Object Repository/Bento/StatBar/Bento_StatBar-Arms", "Object Repository/Bento/StatBar/Bento_StatBar-Cases", "Object Repository/Bento/StatBar/Bento_StatBar-Samples", "Object Repository/Bento/StatBar/Bento_StatBar-Assays", "Object Repository/Bento/StatBar/Bento_StatBar-Files"): ctdc.utilities.runtestcaseforKatalon.readStatBarBento is PASSED

2021-05-11 14:56:09 - [MESSAGE][PASSED] - ctdc.utilities.runtestcaseforKatalon.readStatBarBento is PASSED

2021-05-11 14:56:09 - [TEST_STEP][PASSED] - ctdc.utilities.ReadExcel.Neo4j(G_CypherTabnameCases, G_QueryCasesTab): ctdc.utilities.ReadExcel.Neo4j is PASSED

2021-05-11 14:56:18 - [MESSAGE][PASSED] - ctdc.utilities.ReadExcel.Neo4j is PASSED

2021-05-11 14:56:18 - [TEST_STEP][PASSED] - ctdc.utilities.runtestcaseforKatalon.validateStatBar("Bento"): Statbar Files count matches

2021-05-11 14:56:18 - [MESSAGE][PASSED] - Statbar Programs count matches

2021-05-11 14:56:18 - [MESSAGE][PASSED] - Statbar Arms count matches

2021-05-11 14:56:18 - [MESSAGE][PASSED] - Statbar Cases count matches

2021-05-11 14:56:18 - [MESSAGE][PASSED] - Statbar Samples count matches

2021-05-11 14:56:18 - [MESSAGE][PASSED] - Statbar Assays count matches

2021-05-11 14:56:18 - [MESSAGE][PASSED] - Statbar Files count matches

2021-05-11 14:56:18 - [TEST_STEP][PASSED] - closeBrowser(): Browser is closed

2021-05-11 14:56:19 - [MESSAGE][PASSED] - Browser is closed]]></system-out>
         <system-err><![CDATA[]]></system-err>
      </testcase>
      <testcase name="Test Cases/Bento_TestCases/Diagnosis/TC09_Bento_Filter_Diagnosis-NotReported" time="77.325" classname="Test Cases/Bento_TestCases/Diagnosis/TC09_Bento_Filter_Diagnosis-NotReported" status="PASSED">
         <system-out><![CDATA[2021-05-11 14:56:19 - [TEST_CASE][PASSED] - Test Cases/Bento_TestCases/Diagnosis/TC09_Bento_Filter_Diagnosis-NotReported: Test Cases/Bento_TestCases/Diagnosis/TC09_Bento_Filter_Diagnosis-NotReported

2021-05-11 14:56:19 - [TEST_STEP][PASSED] - Start listener action : getTestScriptName: null

2021-05-11 14:56:19 - [TEST_STEP][PASSED] - TestCaseId = testCaseContext.getTestCaseId(): null

2021-05-11 14:56:19 - [TEST_STEP][PASSED] - out.println("**********this is the value of test case id string******** " + testCaseContext.getTestCaseId()): null

2021-05-11 14:56:19 - [TEST_STEP][PASSED] - G_currentTCName = TestCaseId.substring(TestCaseId.lastIndexOf("TC")): null

2021-05-11 14:56:19 - [TEST_STEP][PASSED] - out.println("This is the test case name : " + G_currentTCName): null

2021-05-11 14:56:22 - [TEST_STEP][PASSED] - closeBrowser(): Browser is closed

2021-05-11 14:56:22 - [MESSAGE][PASSED] - Browser is closed

2021-05-11 14:56:22 - [TEST_STEP][PASSED] - openBrowser(""): Browser is opened with url: ''

2021-05-11 14:56:22 - [MESSAGE][INFO] - Starting 'Chrome (headless)' driver

2021-05-11 14:56:22 - [MESSAGE][INFO] - User set preference: ['args', '[--no-sandbox]']

2021-05-11 14:56:22 - [MESSAGE][INFO] - Action delay is set to 5,000 milliseconds

2021-05-11 14:56:25 - [MESSAGE][PASSED] - Browser is opened with url: ''

2021-05-11 14:56:25 - [TEST_STEP][PASSED] - maximizeWindow(): Current window maximized

2021-05-11 14:56:26 - [MESSAGE][PASSED] - Current window maximized

2021-05-11 14:56:26 - [TEST_STEP][PASSED] - ctdc.utilities.runtestcaseforKatalon.RunKatalon("TC09_Bento_Filter_Diagnosis-NotReported.xlsx"): Data loaded from input file for the test case. 

2021-05-11 14:56:26 - [MESSAGE][PASSED] - Test case file loaded This is the full filepath after converting to string :C:\Users\radhakrishnang2\Desktop\Commons_Automation\InputFiles\TC09_Bento_Filter_Diagnosis-NotReported.xlsx

2021-05-11 14:56:26 - [MESSAGE][INFO] - Global variable set for password file is :  C:\Users\radhakrishnang2\Desktop\Commons_Automation\InputFiles\TC09_Bento_Filter_Diagnosis-NotReported.xlsx

2021-05-11 14:56:26 - [MESSAGE][PASSED] - Data loaded from input file for the test case. 

2021-05-11 14:56:41 - [TEST_STEP][PASSED] - waitForElementClickable(findTestObject("Object Repository/Bento/NavBar/Bento_Cases-Btn"), 5): Web element with id: 'Object Repository/Bento/NavBar/Bento_Cases-Btn' located by '//a[contains(@href,'cases')]' not found

2021-05-11 14:56:47 - [MESSAGE][INFO] - Unable to find the element located by 'By.xpath: //a[contains(@href,'cases')]'. Please recheck the objects properties to make sure the desired element is located. 

2021-05-11 14:56:47 - [MESSAGE][WARNING] - Web element with id: 'Object Repository/Bento/NavBar/Bento_Cases-Btn' located by '//a[contains(@href,'cases')]' not found

2021-05-11 14:56:48 - [TEST_STEP][PASSED] - ctdc.utilities.runtestcaseforKatalon.clickTab("Object Repository/Bento/NavBar/Bento_Cases-Btn"): ctdc.utilities.runtestcaseforKatalon.clickTab is PASSED

2021-05-11 14:56:48 - [MESSAGE][PASSED] - ctdc.utilities.runtestcaseforKatalon.clickTab is PASSED

2021-05-11 14:56:48 - [TEST_STEP][PASSED] - waitForElementClickable(findTestObject("Bento/Cases_page/Filter/FilterByCases_Facet"), 5): Web element with id: 'Object Repository/Bento/Cases_page/Filter/FilterByCases_Facet' located by '//div[contains(text(),'Filter By Cases')]' not found

2021-05-11 14:56:55 - [MESSAGE][INFO] - Unable to find the element located by 'By.xpath: //div[contains(text(),'Filter By Cases')]'. Please recheck the objects properties to make sure the desired element is located. 

2021-05-11 14:56:55 - [MESSAGE][WARNING] - Web element with id: 'Object Repository/Bento/Cases_page/Filter/FilterByCases_Facet' located by '//div[contains(text(),'Filter By Cases')]' not found

2021-05-11 14:56:55 - [TEST_STEP][PASSED] - ctdc.utilities.runtestcaseforKatalon.clickTab("Bento/Cases_page/Filter/FilterByCases_Facet"): ctdc.utilities.runtestcaseforKatalon.clickTab is PASSED

2021-05-11 14:56:59 - [MESSAGE][PASSED] - ctdc.utilities.runtestcaseforKatalon.clickTab is PASSED

2021-05-11 14:56:59 - [TEST_STEP][PASSED] - waitForElementClickable(findTestObject("Bento/Cases_page/Filter/Diagnosis/DIAGNOSIS_Ddn"), 5): Web element with id: 'Object Repository/Bento/Cases_page/Filter/Diagnosis/DIAGNOSIS_Ddn' located by '(//div[@id='Diagnosis'])[1]' not found

2021-05-11 14:57:05 - [MESSAGE][INFO] - Unable to find the element located by 'By.xpath: (//div[@id='Diagnosis'])[1]'. Please recheck the objects properties to make sure the desired element is located. 

2021-05-11 14:57:05 - [MESSAGE][WARNING] - Web element with id: 'Object Repository/Bento/Cases_page/Filter/Diagnosis/DIAGNOSIS_Ddn' located by '(//div[@id='Diagnosis'])[1]' not found

2021-05-11 14:57:05 - [TEST_STEP][PASSED] - ctdc.utilities.runtestcaseforKatalon.clickTab("Bento/Cases_page/Filter/Diagnosis/DIAGNOSIS_Ddn"): ctdc.utilities.runtestcaseforKatalon.clickTab is PASSED

2021-05-11 14:57:06 - [MESSAGE][PASSED] - ctdc.utilities.runtestcaseforKatalon.clickTab is PASSED

2021-05-11 14:57:06 - [TEST_STEP][PASSED] - waitForElementClickable(findTestObject("Bento/Cases_page/Filter/Diagnosis/NotReported_Chkbx"), 5): Web element with id: 'Object Repository/Bento/Cases_page/Filter/Diagnosis/NotReported_Chkbx' located by '//div[contains(text(),'Not Reported')]' not found

2021-05-11 14:57:12 - [MESSAGE][INFO] - Unable to find the element located by 'By.xpath: //div[contains(text(),'Not Reported')]'. Please recheck the objects properties to make sure the desired element is located. 

2021-05-11 14:57:12 - [MESSAGE][WARNING] - Web element with id: 'Object Repository/Bento/Cases_page/Filter/Diagnosis/NotReported_Chkbx' located by '//div[contains(text(),'Not Reported')]' not found

2021-05-11 14:57:12 - [TEST_STEP][PASSED] - ctdc.utilities.runtestcaseforKatalon.clickTab("Bento/Cases_page/Filter/Diagnosis/NotReported_Chkbx"): ctdc.utilities.runtestcaseforKatalon.clickTab is PASSED

2021-05-11 14:57:13 - [MESSAGE][PASSED] - ctdc.utilities.runtestcaseforKatalon.clickTab is PASSED

2021-05-11 14:57:13 - [TEST_STEP][PASSED] - ctdc.utilities.runtestcaseforKatalon.clickTab("Bento/Cases_page/Filter/Diagnosis/DIAGNOSIS_Ddn"): ctdc.utilities.runtestcaseforKatalon.clickTab is PASSED

2021-05-11 14:57:14 - [MESSAGE][PASSED] - ctdc.utilities.runtestcaseforKatalon.clickTab is PASSED

2021-05-11 14:57:14 - [TEST_STEP][PASSED] - ctdc.utilities.runtestcaseforKatalon.readStatBarBento("Object Repository/Bento/StatBar/Bento_StatBar-Programs", "Object Repository/Bento/StatBar/Bento_StatBar-Arms", "Object Repository/Bento/StatBar/Bento_StatBar-Cases", "Object Repository/Bento/StatBar/Bento_StatBar-Samples", "Object Repository/Bento/StatBar/Bento_StatBar-Assays", "Object Repository/Bento/StatBar/Bento_StatBar-Files"): ctdc.utilities.runtestcaseforKatalon.readStatBarBento is PASSED

2021-05-11 14:57:26 - [MESSAGE][PASSED] - ctdc.utilities.runtestcaseforKatalon.readStatBarBento is PASSED

2021-05-11 14:57:26 - [TEST_STEP][PASSED] - ctdc.utilities.ReadExcel.Neo4j(G_CypherTabnameCases, G_QueryCasesTab): ctdc.utilities.ReadExcel.Neo4j is PASSED

2021-05-11 14:57:35 - [MESSAGE][PASSED] - ctdc.utilities.ReadExcel.Neo4j is PASSED

2021-05-11 14:57:35 - [TEST_STEP][PASSED] - ctdc.utilities.runtestcaseforKatalon.validateStatBar("Bento"): Statbar Files count matches

2021-05-11 14:57:35 - [MESSAGE][PASSED] - Statbar Programs count matches

2021-05-11 14:57:35 - [MESSAGE][PASSED] - Statbar Arms count matches

2021-05-11 14:57:35 - [MESSAGE][PASSED] - Statbar Cases count matches

2021-05-11 14:57:35 - [MESSAGE][PASSED] - Statbar Samples count matches

2021-05-11 14:57:35 - [MESSAGE][PASSED] - Statbar Assays count matches

2021-05-11 14:57:35 - [MESSAGE][PASSED] - Statbar Files count matches

2021-05-11 14:57:35 - [TEST_STEP][PASSED] - closeBrowser(): Browser is closed

2021-05-11 14:57:37 - [MESSAGE][PASSED] - Browser is closed]]></system-out>
         <system-err><![CDATA[]]></system-err>
      </testcase>
      <testcase name="Test Cases/Bento_TestCases/Diagnosis/TC10_Bento_Filter_Diagnosis-PagetsDisease" time="201.826" classname="Test Cases/Bento_TestCases/Diagnosis/TC10_Bento_Filter_Diagnosis-PagetsDisease" status="PASSED">
         <system-out><![CDATA[2021-05-11 14:57:37 - [TEST_CASE][PASSED] - Test Cases/Bento_TestCases/Diagnosis/TC10_Bento_Filter_Diagnosis-PagetsDisease: Test Cases/Bento_TestCases/Diagnosis/TC10_Bento_Filter_Diagnosis-PagetsDisease

2021-05-11 14:57:37 - [TEST_STEP][PASSED] - Start listener action : getTestScriptName: null

2021-05-11 14:57:37 - [TEST_STEP][PASSED] - TestCaseId = testCaseContext.getTestCaseId(): null

2021-05-11 14:57:37 - [TEST_STEP][PASSED] - out.println("**********this is the value of test case id string******** " + testCaseContext.getTestCaseId()): null

2021-05-11 14:57:37 - [TEST_STEP][PASSED] - G_currentTCName = TestCaseId.substring(TestCaseId.lastIndexOf("TC")): null

2021-05-11 14:57:37 - [TEST_STEP][PASSED] - out.println("This is the test case name : " + G_currentTCName): null

2021-05-11 14:57:40 - [TEST_STEP][PASSED] - closeBrowser(): Browser is closed

2021-05-11 14:57:40 - [MESSAGE][PASSED] - Browser is closed

2021-05-11 14:57:40 - [TEST_STEP][PASSED] - openBrowser(""): Browser is opened with url: ''

2021-05-11 14:57:40 - [MESSAGE][INFO] - Starting 'Chrome (headless)' driver

2021-05-11 14:57:40 - [MESSAGE][INFO] - User set preference: ['args', '[--no-sandbox]']

2021-05-11 14:57:40 - [MESSAGE][INFO] - Action delay is set to 5,000 milliseconds

2021-05-11 14:57:44 - [MESSAGE][PASSED] - Browser is opened with url: ''

2021-05-11 14:57:44 - [TEST_STEP][PASSED] - maximizeWindow(): Current window maximized

2021-05-11 14:57:45 - [MESSAGE][PASSED] - Current window maximized

2021-05-11 14:57:45 - [TEST_STEP][PASSED] - ctdc.utilities.runtestcaseforKatalon.RunKatalon("TC10_Bento_Filter_Diagnosis-PagetsDisease.xlsx"): Data loaded from input file for the test case. 

2021-05-11 14:57:45 - [MESSAGE][PASSED] - Test case file loaded This is the full filepath after converting to string :C:\Users\radhakrishnang2\Desktop\Commons_Automation\InputFiles\TC10_Bento_Filter_Diagnosis-PagetsDisease.xlsx

2021-05-11 14:57:45 - [MESSAGE][INFO] - Global variable set for password file is :  C:\Users\radhakrishnang2\Desktop\Commons_Automation\InputFiles\TC10_Bento_Filter_Diagnosis-PagetsDisease.xlsx

2021-05-11 14:57:45 - [MESSAGE][PASSED] - Data loaded from input file for the test case. 

2021-05-11 14:59:47 - [TEST_STEP][PASSED] - waitForElementClickable(findTestObject("Object Repository/Bento/NavBar/Bento_Cases-Btn"), 5): Web element with id: 'Object Repository/Bento/NavBar/Bento_Cases-Btn' located by '//a[contains(@href,'cases')]' not found

2021-05-11 14:59:53 - [MESSAGE][INFO] - Unable to find the element located by 'By.xpath: //a[contains(@href,'cases')]'. Please recheck the objects properties to make sure the desired element is located. 

2021-05-11 14:59:53 - [MESSAGE][WARNING] - Web element with id: 'Object Repository/Bento/NavBar/Bento_Cases-Btn' located by '//a[contains(@href,'cases')]' not found

2021-05-11 14:59:53 - [TEST_STEP][PASSED] - ctdc.utilities.runtestcaseforKatalon.clickTab("Object Repository/Bento/NavBar/Bento_Cases-Btn"): ctdc.utilities.runtestcaseforKatalon.clickTab is PASSED

2021-05-11 14:59:54 - [MESSAGE][PASSED] - ctdc.utilities.runtestcaseforKatalon.clickTab is PASSED

2021-05-11 14:59:54 - [TEST_STEP][PASSED] - waitForElementClickable(findTestObject("Bento/Cases_page/Filter/FilterByCases_Facet"), 5): Web element with id: 'Object Repository/Bento/Cases_page/Filter/FilterByCases_Facet' located by '//div[contains(text(),'Filter By Cases')]' not found

2021-05-11 15:00:02 - [MESSAGE][INFO] - Unable to find the element located by 'By.xpath: //div[contains(text(),'Filter By Cases')]'. Please recheck the objects properties to make sure the desired element is located. 

2021-05-11 15:00:02 - [MESSAGE][WARNING] - Web element with id: 'Object Repository/Bento/Cases_page/Filter/FilterByCases_Facet' located by '//div[contains(text(),'Filter By Cases')]' not found

2021-05-11 15:00:02 - [TEST_STEP][PASSED] - ctdc.utilities.runtestcaseforKatalon.clickTab("Bento/Cases_page/Filter/FilterByCases_Facet"): ctdc.utilities.runtestcaseforKatalon.clickTab is PASSED

2021-05-11 15:00:07 - [MESSAGE][PASSED] - ctdc.utilities.runtestcaseforKatalon.clickTab is PASSED

2021-05-11 15:00:07 - [TEST_STEP][PASSED] - waitForElementClickable(findTestObject("Bento/Cases_page/Filter/Diagnosis/DIAGNOSIS_Ddn"), 5): Web element with id: 'Object Repository/Bento/Cases_page/Filter/Diagnosis/DIAGNOSIS_Ddn' located by '(//div[@id='Diagnosis'])[1]' not found

2021-05-11 15:00:14 - [MESSAGE][INFO] - Unable to find the element located by 'By.xpath: (//div[@id='Diagnosis'])[1]'. Please recheck the objects properties to make sure the desired element is located. 

2021-05-11 15:00:14 - [MESSAGE][WARNING] - Web element with id: 'Object Repository/Bento/Cases_page/Filter/Diagnosis/DIAGNOSIS_Ddn' located by '(//div[@id='Diagnosis'])[1]' not found

2021-05-11 15:00:14 - [TEST_STEP][PASSED] - ctdc.utilities.runtestcaseforKatalon.clickTab("Bento/Cases_page/Filter/Diagnosis/DIAGNOSIS_Ddn"): ctdc.utilities.runtestcaseforKatalon.clickTab is PASSED

2021-05-11 15:00:18 - [MESSAGE][PASSED] - ctdc.utilities.runtestcaseforKatalon.clickTab is PASSED

2021-05-11 15:00:18 - [TEST_STEP][PASSED] - waitForElementClickable(findTestObject("Bento/Cases_page/Filter/Diagnosis/PagetsDisease_Chkbx"), 5): Web element with id: 'Object Repository/Bento/Cases_page/Filter/Diagnosis/PagetsDisease_Chkbx' located by '//div[contains(text(),'Paget')]' not found

2021-05-11 15:00:24 - [MESSAGE][INFO] - Unable to find the element located by 'By.xpath: //div[contains(text(),'Paget')]'. Please recheck the objects properties to make sure the desired element is located. 

2021-05-11 15:00:24 - [MESSAGE][WARNING] - Web element with id: 'Object Repository/Bento/Cases_page/Filter/Diagnosis/PagetsDisease_Chkbx' located by '//div[contains(text(),'Paget')]' not found

2021-05-11 15:00:24 - [TEST_STEP][PASSED] - ctdc.utilities.runtestcaseforKatalon.clickTab("Bento/Cases_page/Filter/Diagnosis/PagetsDisease_Chkbx"): ctdc.utilities.runtestcaseforKatalon.clickTab is PASSED

2021-05-11 15:00:28 - [MESSAGE][PASSED] - ctdc.utilities.runtestcaseforKatalon.clickTab is PASSED

2021-05-11 15:00:28 - [TEST_STEP][PASSED] - ctdc.utilities.runtestcaseforKatalon.clickTab("Bento/Cases_page/Filter/Diagnosis/DIAGNOSIS_Ddn"): ctdc.utilities.runtestcaseforKatalon.clickTab is PASSED

2021-05-11 15:00:34 - [MESSAGE][PASSED] - ctdc.utilities.runtestcaseforKatalon.clickTab is PASSED

2021-05-11 15:00:34 - [TEST_STEP][PASSED] - ctdc.utilities.runtestcaseforKatalon.readStatBarBento("Object Repository/Bento/StatBar/Bento_StatBar-Programs", "Object Repository/Bento/StatBar/Bento_StatBar-Arms", "Object Repository/Bento/StatBar/Bento_StatBar-Cases", "Object Repository/Bento/StatBar/Bento_StatBar-Samples", "Object Repository/Bento/StatBar/Bento_StatBar-Assays", "Object Repository/Bento/StatBar/Bento_StatBar-Files"): ctdc.utilities.runtestcaseforKatalon.readStatBarBento is PASSED

2021-05-11 15:00:48 - [MESSAGE][PASSED] - ctdc.utilities.runtestcaseforKatalon.readStatBarBento is PASSED

2021-05-11 15:00:48 - [TEST_STEP][PASSED] - ctdc.utilities.ReadExcel.Neo4j(G_CypherTabnameCases, G_QueryCasesTab): ctdc.utilities.ReadExcel.Neo4j is PASSED

2021-05-11 15:00:57 - [MESSAGE][PASSED] - ctdc.utilities.ReadExcel.Neo4j is PASSED

2021-05-11 15:00:57 - [TEST_STEP][PASSED] - ctdc.utilities.runtestcaseforKatalon.validateStatBar("Bento"): Statbar Files count matches

2021-05-11 15:00:57 - [MESSAGE][PASSED] - Statbar Programs count matches

2021-05-11 15:00:57 - [MESSAGE][PASSED] - Statbar Arms count matches

2021-05-11 15:00:57 - [MESSAGE][PASSED] - Statbar Cases count matches

2021-05-11 15:00:57 - [MESSAGE][PASSED] - Statbar Samples count matches

2021-05-11 15:00:57 - [MESSAGE][PASSED] - Statbar Assays count matches

2021-05-11 15:00:57 - [MESSAGE][PASSED] - Statbar Files count matches

2021-05-11 15:00:57 - [TEST_STEP][PASSED] - closeBrowser(): Browser is closed

2021-05-11 15:00:59 - [MESSAGE][PASSED] - Browser is closed]]></system-out>
         <system-err><![CDATA[]]></system-err>
      </testcase>
      <testcase name="Test Cases/Bento_TestCases/Diagnosis/TC11_Bento_Filter_Diagnosis-PapillaryCarcinoma" time="100.991" classname="Test Cases/Bento_TestCases/Diagnosis/TC11_Bento_Filter_Diagnosis-PapillaryCarcinoma" status="FAILED">
         <failure type="FAILED" message="Test Cases/Bento_TestCases/Diagnosis/TC11_Bento_Filter_Diagnosis-PapillaryCarcinoma FAILED.
Reason:
com.kms.katalon.core.exception.StepFailedException: Mismatch in Stat Bar Cases count
	at com.kms.katalon.core.util.KeywordUtil.markFailed(KeywordUtil.java:19)
	at com.kms.katalon.core.util.KeywordUtil$markFailed$1.call(Unknown Source)
	at ctdc.utilities.runtestcaseforKatalon.validateStatBar(runtestcaseforKatalon.groovy:941)
	at ctdc.utilities.runtestcaseforKatalon.invokeMethod(runtestcaseforKatalon.groovy)
	at com.kms.katalon.core.main.CustomKeywordDelegatingMetaClass.invokeStaticMethod(CustomKeywordDelegatingMetaClass.java:50)
	at TC11_Bento_Filter_Diagnosis-PapillaryCarcinoma.run(TC11_Bento_Filter_Diagnosis-PapillaryCarcinoma:68)
	at com.kms.katalon.core.main.ScriptEngine.run(ScriptEngine.java:194)
	at com.kms.katalon.core.main.ScriptEngine.runScriptAsRawText(ScriptEngine.java:119)
	at com.kms.katalon.core.main.TestCaseExecutor.runScript(TestCaseExecutor.java:339)
	at com.kms.katalon.core.main.TestCaseExecutor.doExecute(TestCaseExecutor.java:330)
	at com.kms.katalon.core.main.TestCaseExecutor.processExecutionPhase(TestCaseExecutor.java:309)
	at com.kms.katalon.core.main.TestCaseExecutor.accessMainPhase(TestCaseExecutor.java:301)
	at com.kms.katalon.core.main.TestCaseExecutor.execute(TestCaseExecutor.java:235)
	at com.kms.katalon.core.main.TestSuiteExecutor.accessTestCaseMainPhase(TestSuiteExecutor.java:191)
	at com.kms.katalon.core.main.TestSuiteExecutor.accessTestSuiteMainPhase(TestSuiteExecutor.java:141)
	at com.kms.katalon.core.main.TestSuiteExecutor.execute(TestSuiteExecutor.java:90)
	at com.kms.katalon.core.main.TestCaseMain.startTestSuite(TestCaseMain.java:157)
	at com.kms.katalon.core.main.TestCaseMain$startTestSuite$0.call(Unknown Source)
	at TempTestSuite1620769226651.run(TempTestSuite1620769226651.groovy:39)
"/>
         <system-out><![CDATA[2021-05-11 15:00:59 - [TEST_CASE][FAILED] - Test Cases/Bento_TestCases/Diagnosis/TC11_Bento_Filter_Diagnosis-PapillaryCarcinoma: Test Cases/Bento_TestCases/Diagnosis/TC11_Bento_Filter_Diagnosis-PapillaryCarcinoma FAILED.
Reason:
com.kms.katalon.core.exception.StepFailedException: Mismatch in Stat Bar Cases count
	at com.kms.katalon.core.util.KeywordUtil.markFailed(KeywordUtil.java:19)
	at com.kms.katalon.core.util.KeywordUtil$markFailed$1.call(Unknown Source)
	at ctdc.utilities.runtestcaseforKatalon.validateStatBar(runtestcaseforKatalon.groovy:941)
	at ctdc.utilities.runtestcaseforKatalon.invokeMethod(runtestcaseforKatalon.groovy)
	at com.kms.katalon.core.main.CustomKeywordDelegatingMetaClass.invokeStaticMethod(CustomKeywordDelegatingMetaClass.java:50)
	at TC11_Bento_Filter_Diagnosis-PapillaryCarcinoma.run(TC11_Bento_Filter_Diagnosis-PapillaryCarcinoma:68)
	at com.kms.katalon.core.main.ScriptEngine.run(ScriptEngine.java:194)
	at com.kms.katalon.core.main.ScriptEngine.runScriptAsRawText(ScriptEngine.java:119)
	at com.kms.katalon.core.main.TestCaseExecutor.runScript(TestCaseExecutor.java:339)
	at com.kms.katalon.core.main.TestCaseExecutor.doExecute(TestCaseExecutor.java:330)
	at com.kms.katalon.core.main.TestCaseExecutor.processExecutionPhase(TestCaseExecutor.java:309)
	at com.kms.katalon.core.main.TestCaseExecutor.accessMainPhase(TestCaseExecutor.java:301)
	at com.kms.katalon.core.main.TestCaseExecutor.execute(TestCaseExecutor.java:235)
	at com.kms.katalon.core.main.TestSuiteExecutor.accessTestCaseMainPhase(TestSuiteExecutor.java:191)
	at com.kms.katalon.core.main.TestSuiteExecutor.accessTestSuiteMainPhase(TestSuiteExecutor.java:141)
	at com.kms.katalon.core.main.TestSuiteExecutor.execute(TestSuiteExecutor.java:90)
	at com.kms.katalon.core.main.TestCaseMain.startTestSuite(TestCaseMain.java:157)
	at com.kms.katalon.core.main.TestCaseMain$startTestSuite$0.call(Unknown Source)
	at TempTestSuite1620769226651.run(TempTestSuite1620769226651.groovy:39)


2021-05-11 15:00:59 - [TEST_STEP][PASSED] - Start listener action : getTestScriptName: null

2021-05-11 15:00:59 - [TEST_STEP][PASSED] - TestCaseId = testCaseContext.getTestCaseId(): null

2021-05-11 15:00:59 - [TEST_STEP][PASSED] - out.println("**********this is the value of test case id string******** " + testCaseContext.getTestCaseId()): null

2021-05-11 15:00:59 - [TEST_STEP][PASSED] - G_currentTCName = TestCaseId.substring(TestCaseId.lastIndexOf("TC")): null

2021-05-11 15:00:59 - [TEST_STEP][PASSED] - out.println("This is the test case name : " + G_currentTCName): null

2021-05-11 15:01:02 - [TEST_STEP][PASSED] - closeBrowser(): Browser is closed

2021-05-11 15:01:02 - [MESSAGE][PASSED] - Browser is closed

2021-05-11 15:01:02 - [TEST_STEP][PASSED] - openBrowser(""): Browser is opened with url: ''

2021-05-11 15:01:02 - [MESSAGE][INFO] - Starting 'Chrome (headless)' driver

2021-05-11 15:01:02 - [MESSAGE][INFO] - User set preference: ['args', '[--no-sandbox]']

2021-05-11 15:01:02 - [MESSAGE][INFO] - Action delay is set to 5,000 milliseconds

2021-05-11 15:01:08 - [MESSAGE][PASSED] - Browser is opened with url: ''

2021-05-11 15:01:08 - [TEST_STEP][PASSED] - maximizeWindow(): Current window maximized

2021-05-11 15:01:09 - [MESSAGE][PASSED] - Current window maximized

2021-05-11 15:01:09 - [TEST_STEP][PASSED] - ctdc.utilities.runtestcaseforKatalon.RunKatalon("TC11_Bento_Filter_Diagnosis-PapillaryCarcinoma.xlsx"): Data loaded from input file for the test case. 

2021-05-11 15:01:09 - [MESSAGE][PASSED] - Test case file loaded This is the full filepath after converting to string :C:\Users\radhakrishnang2\Desktop\Commons_Automation\InputFiles\TC11_Bento_Filter_Diagnosis-PapillaryCarcinoma.xlsx

2021-05-11 15:01:09 - [MESSAGE][INFO] - Global variable set for password file is :  C:\Users\radhakrishnang2\Desktop\Commons_Automation\InputFiles\TC11_Bento_Filter_Diagnosis-PapillaryCarcinoma.xlsx

2021-05-11 15:01:09 - [MESSAGE][PASSED] - Data loaded from input file for the test case. 

2021-05-11 15:01:32 - [TEST_STEP][PASSED] - waitForElementClickable(findTestObject("Object Repository/Bento/NavBar/Bento_Cases-Btn"), 5): Web element with id: 'Object Repository/Bento/NavBar/Bento_Cases-Btn' located by '//a[contains(@href,'cases')]' not found

2021-05-11 15:01:39 - [MESSAGE][INFO] - Unable to find the element located by 'By.xpath: //a[contains(@href,'cases')]'. Please recheck the objects properties to make sure the desired element is located. 

2021-05-11 15:01:39 - [MESSAGE][WARNING] - Web element with id: 'Object Repository/Bento/NavBar/Bento_Cases-Btn' located by '//a[contains(@href,'cases')]' not found

2021-05-11 15:01:39 - [TEST_STEP][PASSED] - ctdc.utilities.runtestcaseforKatalon.clickTab("Object Repository/Bento/NavBar/Bento_Cases-Btn"): ctdc.utilities.runtestcaseforKatalon.clickTab is PASSED

2021-05-11 15:01:40 - [MESSAGE][PASSED] - ctdc.utilities.runtestcaseforKatalon.clickTab is PASSED

2021-05-11 15:01:40 - [TEST_STEP][PASSED] - waitForElementClickable(findTestObject("Bento/Cases_page/Filter/FilterByCases_Facet"), 5): Web element with id: 'Object Repository/Bento/Cases_page/Filter/FilterByCases_Facet' located by '//div[contains(text(),'Filter By Cases')]' not found

2021-05-11 15:01:47 - [MESSAGE][INFO] - Unable to find the element located by 'By.xpath: //div[contains(text(),'Filter By Cases')]'. Please recheck the objects properties to make sure the desired element is located. 

2021-05-11 15:01:47 - [MESSAGE][WARNING] - Web element with id: 'Object Repository/Bento/Cases_page/Filter/FilterByCases_Facet' located by '//div[contains(text(),'Filter By Cases')]' not found

2021-05-11 15:01:47 - [TEST_STEP][PASSED] - ctdc.utilities.runtestcaseforKatalon.clickTab("Bento/Cases_page/Filter/FilterByCases_Facet"): ctdc.utilities.runtestcaseforKatalon.clickTab is PASSED

2021-05-11 15:01:48 - [MESSAGE][PASSED] - ctdc.utilities.runtestcaseforKatalon.clickTab is PASSED

2021-05-11 15:01:48 - [TEST_STEP][PASSED] - waitForElementClickable(findTestObject("Bento/Cases_page/Filter/Diagnosis/DIAGNOSIS_Ddn"), 5): Web element with id: 'Object Repository/Bento/Cases_page/Filter/Diagnosis/DIAGNOSIS_Ddn' located by '(//div[@id='Diagnosis'])[1]' not found

2021-05-11 15:01:54 - [MESSAGE][INFO] - Unable to find the element located by 'By.xpath: (//div[@id='Diagnosis'])[1]'. Please recheck the objects properties to make sure the desired element is located. 

2021-05-11 15:01:54 - [MESSAGE][WARNING] - Web element with id: 'Object Repository/Bento/Cases_page/Filter/Diagnosis/DIAGNOSIS_Ddn' located by '(//div[@id='Diagnosis'])[1]' not found

2021-05-11 15:01:54 - [TEST_STEP][PASSED] - ctdc.utilities.runtestcaseforKatalon.clickTab("Bento/Cases_page/Filter/Diagnosis/DIAGNOSIS_Ddn"): ctdc.utilities.runtestcaseforKatalon.clickTab is PASSED

2021-05-11 15:01:55 - [MESSAGE][PASSED] - ctdc.utilities.runtestcaseforKatalon.clickTab is PASSED

2021-05-11 15:01:55 - [TEST_STEP][PASSED] - waitForElementClickable(findTestObject("Bento/Cases_page/Filter/Diagnosis/PapillaryCarcinoma_Chkbx"), 5): Web element with id: 'Object Repository/Bento/Cases_page/Filter/Diagnosis/PapillaryCarcinoma_Chkbx' located by '//div[contains(text(),'Papillary Carcinoma')]' not found

2021-05-11 15:02:03 - [MESSAGE][INFO] - Unable to find the element located by 'By.xpath: //div[contains(text(),'Papillary Carcinoma')]'. Please recheck the objects properties to make sure the desired element is located. 

2021-05-11 15:02:03 - [MESSAGE][WARNING] - Web element with id: 'Object Repository/Bento/Cases_page/Filter/Diagnosis/PapillaryCarcinoma_Chkbx' located by '//div[contains(text(),'Papillary Carcinoma')]' not found

2021-05-11 15:02:03 - [TEST_STEP][PASSED] - ctdc.utilities.runtestcaseforKatalon.clickTab("Bento/Cases_page/Filter/Diagnosis/PapillaryCarcinoma_Chkbx"): ctdc.utilities.runtestcaseforKatalon.clickTab is PASSED

2021-05-11 15:02:07 - [MESSAGE][PASSED] - ctdc.utilities.runtestcaseforKatalon.clickTab is PASSED

2021-05-11 15:02:07 - [TEST_STEP][PASSED] - ctdc.utilities.runtestcaseforKatalon.clickTab("Bento/Cases_page/Filter/Diagnosis/DIAGNOSIS_Ddn"): ctdc.utilities.runtestcaseforKatalon.clickTab is PASSED

2021-05-11 15:02:10 - [MESSAGE][PASSED] - ctdc.utilities.runtestcaseforKatalon.clickTab is PASSED

2021-05-11 15:02:10 - [TEST_STEP][PASSED] - ctdc.utilities.runtestcaseforKatalon.readStatBarBento("Object Repository/Bento/StatBar/Bento_StatBar-Programs", "Object Repository/Bento/StatBar/Bento_StatBar-Arms", "Object Repository/Bento/StatBar/Bento_StatBar-Cases", "Object Repository/Bento/StatBar/Bento_StatBar-Samples", "Object Repository/Bento/StatBar/Bento_StatBar-Assays", "Object Repository/Bento/StatBar/Bento_StatBar-Files"): ctdc.utilities.runtestcaseforKatalon.readStatBarBento is PASSED

2021-05-11 15:02:27 - [MESSAGE][PASSED] - ctdc.utilities.runtestcaseforKatalon.readStatBarBento is PASSED

2021-05-11 15:02:27 - [TEST_STEP][PASSED] - ctdc.utilities.ReadExcel.Neo4j(G_CypherTabnameCases, G_QueryCasesTab): ctdc.utilities.ReadExcel.Neo4j is PASSED

2021-05-11 15:02:37 - [MESSAGE][PASSED] - ctdc.utilities.ReadExcel.Neo4j is PASSED

2021-05-11 15:02:37 - [TEST_STEP][FAILED] - ctdc.utilities.runtestcaseforKatalon.validateStatBar("Bento"): com.kms.katalon.core.exception.StepFailedException: Mismatch in Stat Bar Cases count

2021-05-11 15:02:38 - [MESSAGE][PASSED] - Statbar Programs count matches

2021-05-11 15:02:38 - [MESSAGE][PASSED] - Statbar Arms count matches

2021-05-11 15:02:38 - [MESSAGE][FAILED] - Mismatch in Stat Bar Cases count

2021-05-11 15:02:38 - [MESSAGE][FAILED] - Mismatch in Stat Bar Samples count

2021-05-11 15:02:38 - [MESSAGE][PASSED] - Statbar Assays count matches

2021-05-11 15:02:38 - [MESSAGE][FAILED] - Mismatch in Stat Bar Files count

2021-05-11 15:02:38 - [MESSAGE][FAILED] - com.kms.katalon.core.exception.StepFailedException: Mismatch in Stat Bar Cases count

2021-05-11 15:02:38 - [TEST_STEP][PASSED] - closeBrowser(): Browser is closed

2021-05-11 15:02:40 - [MESSAGE][PASSED] - Browser is closed]]></system-out>
         <system-err><![CDATA[2021-05-11 15:00:59 - [TEST_CASE][FAILED] - Test Cases/Bento_TestCases/Diagnosis/TC11_Bento_Filter_Diagnosis-PapillaryCarcinoma: Test Cases/Bento_TestCases/Diagnosis/TC11_Bento_Filter_Diagnosis-PapillaryCarcinoma FAILED.
Reason:
com.kms.katalon.core.exception.StepFailedException: Mismatch in Stat Bar Cases count
	at com.kms.katalon.core.util.KeywordUtil.markFailed(KeywordUtil.java:19)
	at com.kms.katalon.core.util.KeywordUtil$markFailed$1.call(Unknown Source)
	at ctdc.utilities.runtestcaseforKatalon.validateStatBar(runtestcaseforKatalon.groovy:941)
	at ctdc.utilities.runtestcaseforKatalon.invokeMethod(runtestcaseforKatalon.groovy)
	at com.kms.katalon.core.main.CustomKeywordDelegatingMetaClass.invokeStaticMethod(CustomKeywordDelegatingMetaClass.java:50)
	at TC11_Bento_Filter_Diagnosis-PapillaryCarcinoma.run(TC11_Bento_Filter_Diagnosis-PapillaryCarcinoma:68)
	at com.kms.katalon.core.main.ScriptEngine.run(ScriptEngine.java:194)
	at com.kms.katalon.core.main.ScriptEngine.runScriptAsRawText(ScriptEngine.java:119)
	at com.kms.katalon.core.main.TestCaseExecutor.runScript(TestCaseExecutor.java:339)
	at com.kms.katalon.core.main.TestCaseExecutor.doExecute(TestCaseExecutor.java:330)
	at com.kms.katalon.core.main.TestCaseExecutor.processExecutionPhase(TestCaseExecutor.java:309)
	at com.kms.katalon.core.main.TestCaseExecutor.accessMainPhase(TestCaseExecutor.java:301)
	at com.kms.katalon.core.main.TestCaseExecutor.execute(TestCaseExecutor.java:235)
	at com.kms.katalon.core.main.TestSuiteExecutor.accessTestCaseMainPhase(TestSuiteExecutor.java:191)
	at com.kms.katalon.core.main.TestSuiteExecutor.accessTestSuiteMainPhase(TestSuiteExecutor.java:141)
	at com.kms.katalon.core.main.TestSuiteExecutor.execute(TestSuiteExecutor.java:90)
	at com.kms.katalon.core.main.TestCaseMain.startTestSuite(TestCaseMain.java:157)
	at com.kms.katalon.core.main.TestCaseMain$startTestSuite$0.call(Unknown Source)
	at TempTestSuite1620769226651.run(TempTestSuite1620769226651.groovy:39)]]></system-err>
      </testcase>
      <testcase name="Test Cases/Bento_TestCases/Diagnosis/TC12_Bento_Filter_Diagnosis-TubularCarcinoma" time="116.065" classname="Test Cases/Bento_TestCases/Diagnosis/TC12_Bento_Filter_Diagnosis-TubularCarcinoma" status="PASSED">
         <system-out><![CDATA[2021-05-11 15:02:40 - [TEST_CASE][PASSED] - Test Cases/Bento_TestCases/Diagnosis/TC12_Bento_Filter_Diagnosis-TubularCarcinoma: Test Cases/Bento_TestCases/Diagnosis/TC12_Bento_Filter_Diagnosis-TubularCarcinoma

2021-05-11 15:02:40 - [TEST_STEP][PASSED] - Start listener action : getTestScriptName: null

2021-05-11 15:02:40 - [TEST_STEP][PASSED] - TestCaseId = testCaseContext.getTestCaseId(): null

2021-05-11 15:02:40 - [TEST_STEP][PASSED] - out.println("**********this is the value of test case id string******** " + testCaseContext.getTestCaseId()): null

2021-05-11 15:02:40 - [TEST_STEP][PASSED] - G_currentTCName = TestCaseId.substring(TestCaseId.lastIndexOf("TC")): null

2021-05-11 15:02:40 - [TEST_STEP][PASSED] - out.println("This is the test case name : " + G_currentTCName): null

2021-05-11 15:02:43 - [TEST_STEP][PASSED] - closeBrowser(): Browser is closed

2021-05-11 15:02:43 - [MESSAGE][PASSED] - Browser is closed

2021-05-11 15:02:43 - [TEST_STEP][PASSED] - openBrowser(""): Browser is opened with url: ''

2021-05-11 15:02:43 - [MESSAGE][INFO] - Starting 'Chrome (headless)' driver

2021-05-11 15:02:43 - [MESSAGE][INFO] - User set preference: ['args', '[--no-sandbox]']

2021-05-11 15:02:43 - [MESSAGE][INFO] - Action delay is set to 5,000 milliseconds

2021-05-11 15:02:52 - [MESSAGE][PASSED] - Browser is opened with url: ''

2021-05-11 15:02:52 - [TEST_STEP][PASSED] - maximizeWindow(): Current window maximized

2021-05-11 15:02:53 - [MESSAGE][PASSED] - Current window maximized

2021-05-11 15:02:53 - [TEST_STEP][PASSED] - ctdc.utilities.runtestcaseforKatalon.RunKatalon("TC12_Bento_Filter_Diagnosis-TubularCarcinoma.xlsx"): Data loaded from input file for the test case. 

2021-05-11 15:02:53 - [MESSAGE][PASSED] - Test case file loaded This is the full filepath after converting to string :C:\Users\radhakrishnang2\Desktop\Commons_Automation\InputFiles\TC12_Bento_Filter_Diagnosis-TubularCarcinoma.xlsx

2021-05-11 15:02:53 - [MESSAGE][INFO] - Global variable set for password file is :  C:\Users\radhakrishnang2\Desktop\Commons_Automation\InputFiles\TC12_Bento_Filter_Diagnosis-TubularCarcinoma.xlsx

2021-05-11 15:02:53 - [MESSAGE][PASSED] - Data loaded from input file for the test case. 

2021-05-11 15:03:28 - [TEST_STEP][PASSED] - waitForElementClickable(findTestObject("Object Repository/Bento/NavBar/Bento_Cases-Btn"), 5): Web element with id: 'Object Repository/Bento/NavBar/Bento_Cases-Btn' located by '//a[contains(@href,'cases')]' not found

2021-05-11 15:03:36 - [MESSAGE][INFO] - Unable to find the element located by 'By.xpath: //a[contains(@href,'cases')]'. Please recheck the objects properties to make sure the desired element is located. 

2021-05-11 15:03:36 - [MESSAGE][WARNING] - Web element with id: 'Object Repository/Bento/NavBar/Bento_Cases-Btn' located by '//a[contains(@href,'cases')]' not found

2021-05-11 15:03:36 - [TEST_STEP][PASSED] - ctdc.utilities.runtestcaseforKatalon.clickTab("Object Repository/Bento/NavBar/Bento_Cases-Btn"): ctdc.utilities.runtestcaseforKatalon.clickTab is PASSED

2021-05-11 15:03:38 - [MESSAGE][PASSED] - ctdc.utilities.runtestcaseforKatalon.clickTab is PASSED

2021-05-11 15:03:38 - [TEST_STEP][PASSED] - waitForElementClickable(findTestObject("Bento/Cases_page/Filter/FilterByCases_Facet"), 5): Web element with id: 'Object Repository/Bento/Cases_page/Filter/FilterByCases_Facet' located by '//div[contains(text(),'Filter By Cases')]' not found

2021-05-11 15:03:45 - [MESSAGE][INFO] - Unable to find the element located by 'By.xpath: //div[contains(text(),'Filter By Cases')]'. Please recheck the objects properties to make sure the desired element is located. 

2021-05-11 15:03:45 - [MESSAGE][WARNING] - Web element with id: 'Object Repository/Bento/Cases_page/Filter/FilterByCases_Facet' located by '//div[contains(text(),'Filter By Cases')]' not found

2021-05-11 15:03:45 - [TEST_STEP][PASSED] - ctdc.utilities.runtestcaseforKatalon.clickTab("Bento/Cases_page/Filter/FilterByCases_Facet"): ctdc.utilities.runtestcaseforKatalon.clickTab is PASSED

2021-05-11 15:03:47 - [MESSAGE][PASSED] - ctdc.utilities.runtestcaseforKatalon.clickTab is PASSED

2021-05-11 15:03:47 - [TEST_STEP][PASSED] - waitForElementClickable(findTestObject("Bento/Cases_page/Filter/Diagnosis/DIAGNOSIS_Ddn"), 5): Web element with id: 'Object Repository/Bento/Cases_page/Filter/Diagnosis/DIAGNOSIS_Ddn' located by '(//div[@id='Diagnosis'])[1]' not found

2021-05-11 15:03:55 - [MESSAGE][INFO] - Unable to find the element located by 'By.xpath: (//div[@id='Diagnosis'])[1]'. Please recheck the objects properties to make sure the desired element is located. 

2021-05-11 15:03:55 - [MESSAGE][WARNING] - Web element with id: 'Object Repository/Bento/Cases_page/Filter/Diagnosis/DIAGNOSIS_Ddn' located by '(//div[@id='Diagnosis'])[1]' not found

2021-05-11 15:03:55 - [TEST_STEP][PASSED] - ctdc.utilities.runtestcaseforKatalon.clickTab("Bento/Cases_page/Filter/Diagnosis/DIAGNOSIS_Ddn"): ctdc.utilities.runtestcaseforKatalon.clickTab is PASSED

2021-05-11 15:04:00 - [MESSAGE][PASSED] - ctdc.utilities.runtestcaseforKatalon.clickTab is PASSED

2021-05-11 15:04:00 - [TEST_STEP][PASSED] - waitForElementClickable(findTestObject("Bento/Cases_page/Filter/Diagnosis/TubularCarcinoma_Chkbx"), 5): Web element with id: 'Object Repository/Bento/Cases_page/Filter/Diagnosis/TubularCarcinoma_Chkbx' located by '//div[contains(text(),'Tubular Carcinoma')]' not found

2021-05-11 15:04:07 - [MESSAGE][INFO] - Unable to find the element located by 'By.xpath: //div[contains(text(),'Tubular Carcinoma')]'. Please recheck the objects properties to make sure the desired element is located. 

2021-05-11 15:04:07 - [MESSAGE][WARNING] - Web element with id: 'Object Repository/Bento/Cases_page/Filter/Diagnosis/TubularCarcinoma_Chkbx' located by '//div[contains(text(),'Tubular Carcinoma')]' not found

2021-05-11 15:04:07 - [TEST_STEP][PASSED] - ctdc.utilities.runtestcaseforKatalon.clickTab("Bento/Cases_page/Filter/Diagnosis/TubularCarcinoma_Chkbx"): ctdc.utilities.runtestcaseforKatalon.clickTab is PASSED

2021-05-11 15:04:09 - [MESSAGE][PASSED] - ctdc.utilities.runtestcaseforKatalon.clickTab is PASSED

2021-05-11 15:04:09 - [TEST_STEP][PASSED] - ctdc.utilities.runtestcaseforKatalon.clickTab("Bento/Cases_page/Filter/Diagnosis/DIAGNOSIS_Ddn"): ctdc.utilities.runtestcaseforKatalon.clickTab is PASSED

2021-05-11 15:04:11 - [MESSAGE][PASSED] - ctdc.utilities.runtestcaseforKatalon.clickTab is PASSED

2021-05-11 15:04:11 - [TEST_STEP][PASSED] - ctdc.utilities.runtestcaseforKatalon.readStatBarBento("Object Repository/Bento/StatBar/Bento_StatBar-Programs", "Object Repository/Bento/StatBar/Bento_StatBar-Arms", "Object Repository/Bento/StatBar/Bento_StatBar-Cases", "Object Repository/Bento/StatBar/Bento_StatBar-Samples", "Object Repository/Bento/StatBar/Bento_StatBar-Assays", "Object Repository/Bento/StatBar/Bento_StatBar-Files"): ctdc.utilities.runtestcaseforKatalon.readStatBarBento is PASSED

2021-05-11 15:04:25 - [MESSAGE][PASSED] - ctdc.utilities.runtestcaseforKatalon.readStatBarBento is PASSED

2021-05-11 15:04:25 - [TEST_STEP][PASSED] - ctdc.utilities.ReadExcel.Neo4j(G_CypherTabnameCases, G_QueryCasesTab): ctdc.utilities.ReadExcel.Neo4j is PASSED

2021-05-11 15:04:34 - [MESSAGE][PASSED] - ctdc.utilities.ReadExcel.Neo4j is PASSED

2021-05-11 15:04:34 - [TEST_STEP][PASSED] - ctdc.utilities.runtestcaseforKatalon.validateStatBar("Bento"): Statbar Files count matches

2021-05-11 15:04:34 - [MESSAGE][PASSED] - Statbar Programs count matches

2021-05-11 15:04:34 - [MESSAGE][PASSED] - Statbar Arms count matches

2021-05-11 15:04:34 - [MESSAGE][PASSED] - Statbar Cases count matches

2021-05-11 15:04:34 - [MESSAGE][PASSED] - Statbar Samples count matches

2021-05-11 15:04:34 - [MESSAGE][PASSED] - Statbar Assays count matches

2021-05-11 15:04:34 - [MESSAGE][PASSED] - Statbar Files count matches

2021-05-11 15:04:34 - [TEST_STEP][PASSED] - closeBrowser(): Browser is closed

2021-05-11 15:04:36 - [MESSAGE][PASSED] - Browser is closed]]></system-out>
         <system-err><![CDATA[]]></system-err>
      </testcase>
      <system-out><![CDATA[2021-05-11 14:40:33 - [TEST_SUITE][FAILED] - BentoQA_TestSuite: Test Cases/Bento_TestCases/Diagnosis/TC11_Bento_Filter_Diagnosis-PapillaryCarcinoma FAILED.
Reason:
com.kms.katalon.core.exception.StepFailedException: Mismatch in Stat Bar Cases count
	at com.kms.katalon.core.util.KeywordUtil.markFailed(KeywordUtil.java:19)
	at com.kms.katalon.core.util.KeywordUtil$markFailed$1.call(Unknown Source)
	at ctdc.utilities.runtestcaseforKatalon.validateStatBar(runtestcaseforKatalon.groovy:941)
	at ctdc.utilities.runtestcaseforKatalon.invokeMethod(runtestcaseforKatalon.groovy)
	at com.kms.katalon.core.main.CustomKeywordDelegatingMetaClass.invokeStaticMethod(CustomKeywordDelegatingMetaClass.java:50)
	at TC11_Bento_Filter_Diagnosis-PapillaryCarcinoma.run(TC11_Bento_Filter_Diagnosis-PapillaryCarcinoma:68)
	at com.kms.katalon.core.main.ScriptEngine.run(ScriptEngine.java:194)
	at com.kms.katalon.core.main.ScriptEngine.runScriptAsRawText(ScriptEngine.java:119)
	at com.kms.katalon.core.main.TestCaseExecutor.runScript(TestCaseExecutor.java:339)
	at com.kms.katalon.core.main.TestCaseExecutor.doExecute(TestCaseExecutor.java:330)
	at com.kms.katalon.core.main.TestCaseExecutor.processExecutionPhase(TestCaseExecutor.java:309)
	at com.kms.katalon.core.main.TestCaseExecutor.accessMainPhase(TestCaseExecutor.java:301)
	at com.kms.katalon.core.main.TestCaseExecutor.execute(TestCaseExecutor.java:235)
	at com.kms.katalon.core.main.TestSuiteExecutor.accessTestCaseMainPhase(TestSuiteExecutor.java:191)
	at com.kms.katalon.core.main.TestSuiteExecutor.accessTestSuiteMainPhase(TestSuiteExecutor.java:141)
	at com.kms.katalon.core.main.TestSuiteExecutor.execute(TestSuiteExecutor.java:90)
	at com.kms.katalon.core.main.TestCaseMain.startTestSuite(TestCaseMain.java:157)
	at com.kms.katalon.core.main.TestCaseMain$startTestSuite$0.call(Unknown Source)
	at TempTestSuite1620769226651.run(TempTestSuite1620769226651.groovy:39)]]></system-out>
      <system-err><![CDATA[2021-05-11 14:40:33 - [TEST_SUITE][FAILED] - BentoQA_TestSuite: Test Cases/Bento_TestCases/Diagnosis/TC11_Bento_Filter_Diagnosis-PapillaryCarcinoma FAILED.
Reason:
com.kms.katalon.core.exception.StepFailedException: Mismatch in Stat Bar Cases count
	at com.kms.katalon.core.util.KeywordUtil.markFailed(KeywordUtil.java:19)
	at com.kms.katalon.core.util.KeywordUtil$markFailed$1.call(Unknown Source)
	at ctdc.utilities.runtestcaseforKatalon.validateStatBar(runtestcaseforKatalon.groovy:941)
	at ctdc.utilities.runtestcaseforKatalon.invokeMethod(runtestcaseforKatalon.groovy)
	at com.kms.katalon.core.main.CustomKeywordDelegatingMetaClass.invokeStaticMethod(CustomKeywordDelegatingMetaClass.java:50)
	at TC11_Bento_Filter_Diagnosis-PapillaryCarcinoma.run(TC11_Bento_Filter_Diagnosis-PapillaryCarcinoma:68)
	at com.kms.katalon.core.main.ScriptEngine.run(ScriptEngine.java:194)
	at com.kms.katalon.core.main.ScriptEngine.runScriptAsRawText(ScriptEngine.java:119)
	at com.kms.katalon.core.main.TestCaseExecutor.runScript(TestCaseExecutor.java:339)
	at com.kms.katalon.core.main.TestCaseExecutor.doExecute(TestCaseExecutor.java:330)
	at com.kms.katalon.core.main.TestCaseExecutor.processExecutionPhase(TestCaseExecutor.java:309)
	at com.kms.katalon.core.main.TestCaseExecutor.accessMainPhase(TestCaseExecutor.java:301)
	at com.kms.katalon.core.main.TestCaseExecutor.execute(TestCaseExecutor.java:235)
	at com.kms.katalon.core.main.TestSuiteExecutor.accessTestCaseMainPhase(TestSuiteExecutor.java:191)
	at com.kms.katalon.core.main.TestSuiteExecutor.accessTestSuiteMainPhase(TestSuiteExecutor.java:141)
	at com.kms.katalon.core.main.TestSuiteExecutor.execute(TestSuiteExecutor.java:90)
	at com.kms.katalon.core.main.TestCaseMain.startTestSuite(TestCaseMain.java:157)
	at com.kms.katalon.core.main.TestCaseMain$startTestSuite$0.call(Unknown Source)
	at TempTestSuite1620769226651.run(TempTestSuite1620769226651.groovy:39)]]></system-err>
   </testsuite>
</testsuites>
