<?xml version="1.0" encoding="UTF-8"?>
<testsuites name="MGT01_Study_TestSuite" time="90.752" tests="11" failures="0" errors="11">
   <testsuite name="MGT01_Study_TestSuite" tests="11" failures="0" errors="11" time="90.752" skipped="0" timestamp="2021-12-08 13:33:49" hostname="sohilz2 - host.docker.internal" id="Test Suites/MGT01_Study_TestSuite">
      <properties>
         <property name="deviceName" value=""/>
         <property name="devicePlatform" value=""/>
         <property name="logFolder" value="C:\\Users\\sohilz2\\Commons_Automation\\Reports\\20211208_133346\\MGT01_Study_TestSuite\\20211208_133346"/>
         <property name="logFiles" value="C:\\Users\\sohilz2\\Commons_Automation\\Reports\\20211208_133346\\MGT01_Study_TestSuite\\20211208_133346\\execution0.log"/>
         <property name="attachments" value=""/>
         <property name="hostName" value="sohilz2 - host.docker.internal"/>
         <property name="os" value="Windows 10 64bit"/>
         <property name="katalonVersion" value="8.2.0.208"/>
         <property name="browser" value="Chrome 96.0.4664.45"/>
         <property name="hostAddress" value="192.168.0.86"/>
         <property name="sessionId" value="d6516cbedc5e3ee7b332cd95e136b979"/>
         <property name="seleniumVersion" value="3.141.59"/>
         <property name="proxyInformation" value="ProxyInformation { proxyOption=NO_PROXY, proxyServerType=HTTP, username=, password=********, proxyServerAddress=, proxyServerPort=0, executionList=&quot;&quot;, isApplyToDesiredCapabilities=true }"/>
         <property name="platform" value="Windows 10"/>
      </properties>
      <testcase name="Test Cases/Canine_TestCases/StudyCombinations/Study-Combinations-MGT01/TC01_Canine_StudyMGT-Breed_Diagnosis_PrimDiseaseSite" time="78.042" classname="Test Cases/Canine_TestCases/StudyCombinations/Study-Combinations-MGT01/TC01_Canine_StudyMGT-Breed_Diagnosis_PrimDiseaseSite" status="ERROR">
         <error type="ERROR" message="Test Cases/Canine_TestCases/StudyCombinations/Study-Combinations-MGT01/TC01_Canine_StudyMGT-Breed_Diagnosis_PrimDiseaseSite FAILED.
Reason:
org.codehaus.groovy.runtime.InvokerInvocationException: java.io.FileNotFoundException: C:\Users\sohilz2\Commons_Automation\OutputFiles\TC01_Canine_StudyMGT-Breed_Diagnosis_PrimDiseaseSite_WebData.xlsx (The system cannot find the path specified)
	at ctdc.utilities.runtestcaseforKatalon.invokeMethod(runtestcaseforKatalon.groovy)
	at com.kms.katalon.core.main.CustomKeywordDelegatingMetaClass.invokeStaticMethod(CustomKeywordDelegatingMetaClass.java:50)
	at TC01_Canine_StudyMGT-Breed_Diagnosis_PrimDiseaseSite.run(TC01_Canine_StudyMGT-Breed_Diagnosis_PrimDiseaseSite:140)
	at com.kms.katalon.core.main.ScriptEngine.run(ScriptEngine.java:194)
	at com.kms.katalon.core.main.ScriptEngine.runScriptAsRawText(ScriptEngine.java:119)
	at com.kms.katalon.core.main.TestCaseExecutor.runScript(TestCaseExecutor.java:442)
	at com.kms.katalon.core.main.TestCaseExecutor.doExecute(TestCaseExecutor.java:433)
	at com.kms.katalon.core.main.TestCaseExecutor.processExecutionPhase(TestCaseExecutor.java:412)
	at com.kms.katalon.core.main.TestCaseExecutor.accessMainPhase(TestCaseExecutor.java:404)
	at com.kms.katalon.core.main.TestCaseExecutor.execute(TestCaseExecutor.java:281)
	at com.kms.katalon.core.main.TestSuiteExecutor.accessTestCaseMainPhase(TestSuiteExecutor.java:202)
	at com.kms.katalon.core.main.TestSuiteExecutor.accessTestSuiteMainPhase(TestSuiteExecutor.java:164)
	at com.kms.katalon.core.main.TestSuiteExecutor.execute(TestSuiteExecutor.java:105)
	at com.kms.katalon.core.main.TestCaseMain.startTestSuite(TestCaseMain.java:181)
	at com.kms.katalon.core.main.TestCaseMain$startTestSuite$0.call(Unknown Source)
	at TempTestSuite1638988426092.run(TempTestSuite1638988426092.groovy:36)
Caused by: java.io.FileNotFoundException: C:\Users\sohilz2\Commons_Automation\OutputFiles\TC01_Canine_StudyMGT-Breed_Diagnosis_PrimDiseaseSite_WebData.xlsx (The system cannot find the path specified)
	at ctdc.utilities.ReadExcel.readExceltoWeblist(ReadExcel.groovy:96)
	at ctdc.utilities.ReadExcel$readExceltoWeblist$0.call(Unknown Source)
	at ctdc.utilities.runtestcaseforKatalon.compareLists(runtestcaseforKatalon.groovy:904)
	at ctdc.utilities.runtestcaseforKatalon.multiFunction(runtestcaseforKatalon.groovy:258)
	... 16 more
"/>
         <system-out><![CDATA[2021-12-08 13:33:51 - [TEST_CASE][ERROR] - Test Cases/Canine_TestCases/StudyCombinations/Study-Combinations-MGT01/TC01_Canine_StudyMGT-Breed_Diagnosis_PrimDiseaseSite: Test Cases/Canine_TestCases/StudyCombinations/Study-Combinations-MGT01/TC01_Canine_StudyMGT-Breed_Diagnosis_PrimDiseaseSite FAILED.
Reason:
org.codehaus.groovy.runtime.InvokerInvocationException: java.io.FileNotFoundException: C:\Users\sohilz2\Commons_Automation\OutputFiles\TC01_Canine_StudyMGT-Breed_Diagnosis_PrimDiseaseSite_WebData.xlsx (The system cannot find the path specified)
	at ctdc.utilities.runtestcaseforKatalon.invokeMethod(runtestcaseforKatalon.groovy)
	at com.kms.katalon.core.main.CustomKeywordDelegatingMetaClass.invokeStaticMethod(CustomKeywordDelegatingMetaClass.java:50)
	at TC01_Canine_StudyMGT-Breed_Diagnosis_PrimDiseaseSite.run(TC01_Canine_StudyMGT-Breed_Diagnosis_PrimDiseaseSite:140)
	at com.kms.katalon.core.main.ScriptEngine.run(ScriptEngine.java:194)
	at com.kms.katalon.core.main.ScriptEngine.runScriptAsRawText(ScriptEngine.java:119)
	at com.kms.katalon.core.main.TestCaseExecutor.runScript(TestCaseExecutor.java:442)
	at com.kms.katalon.core.main.TestCaseExecutor.doExecute(TestCaseExecutor.java:433)
	at com.kms.katalon.core.main.TestCaseExecutor.processExecutionPhase(TestCaseExecutor.java:412)
	at com.kms.katalon.core.main.TestCaseExecutor.accessMainPhase(TestCaseExecutor.java:404)
	at com.kms.katalon.core.main.TestCaseExecutor.execute(TestCaseExecutor.java:281)
	at com.kms.katalon.core.main.TestSuiteExecutor.accessTestCaseMainPhase(TestSuiteExecutor.java:202)
	at com.kms.katalon.core.main.TestSuiteExecutor.accessTestSuiteMainPhase(TestSuiteExecutor.java:164)
	at com.kms.katalon.core.main.TestSuiteExecutor.execute(TestSuiteExecutor.java:105)
	at com.kms.katalon.core.main.TestCaseMain.startTestSuite(TestCaseMain.java:181)
	at com.kms.katalon.core.main.TestCaseMain$startTestSuite$0.call(Unknown Source)
	at TempTestSuite1638988426092.run(TempTestSuite1638988426092.groovy:36)
Caused by: java.io.FileNotFoundException: C:\Users\sohilz2\Commons_Automation\OutputFiles\TC01_Canine_StudyMGT-Breed_Diagnosis_PrimDiseaseSite_WebData.xlsx (The system cannot find the path specified)
	at ctdc.utilities.ReadExcel.readExceltoWeblist(ReadExcel.groovy:96)
	at ctdc.utilities.ReadExcel$readExceltoWeblist$0.call(Unknown Source)
	at ctdc.utilities.runtestcaseforKatalon.compareLists(runtestcaseforKatalon.groovy:904)
	at ctdc.utilities.runtestcaseforKatalon.multiFunction(runtestcaseforKatalon.groovy:258)
	... 16 more


2021-12-08 13:33:51 - [TEST_STEP][PASSED] - Start listener action : getTestScriptName: null

2021-12-08 13:33:51 - [TEST_STEP][PASSED] - TestCaseId = testCaseContext.getTestCaseId(): null

2021-12-08 13:33:51 - [TEST_STEP][PASSED] - out.println("**********this is the value of test case id string******** " + testCaseContext.getTestCaseId()): null

2021-12-08 13:33:51 - [TEST_STEP][PASSED] - G_currentTCName = TestCaseId.substring(TestCaseId.lastIndexOf("TC")): null

2021-12-08 13:33:51 - [TEST_STEP][PASSED] - out.println("This is the test case name : " + G_currentTCName): null

2021-12-08 13:33:52 - [TEST_STEP][PASSED] - closeBrowser(): Browser is closed

2021-12-08 13:33:52 - [MESSAGE][PASSED] - Browser is closed

2021-12-08 13:33:52 - [TEST_STEP][PASSED] - "Driver opened by Katalon is used in Selenium from this step.": null

2021-12-08 13:33:52 - [TEST_STEP][PASSED] - ctdc.utilities.runtestcaseforKatalon.RunKatalon("TC01_Canine_StudyMGT-Breed_Diagnosis_PrimDiseaseSite.xlsx"): Data loaded from input file for the test case. 

2021-12-08 13:33:52 - [MESSAGE][PASSED] - Test case file loaded This is the full filepath after converting to string :C:\Users\sohilz2\Commons_Automation\InputFiles\TC01_Canine_StudyMGT-Breed_Diagnosis_PrimDiseaseSite.xlsx

2021-12-08 13:33:52 - [MESSAGE][INFO] - Global variable set for password file is :  C:\Users\sohilz2\Commons_Automation\InputFiles\TC01_Canine_StudyMGT-Breed_Diagnosis_PrimDiseaseSite.xlsx

2021-12-08 13:33:57 - [MESSAGE][PASSED] - Data loaded from input file for the test case. 

2021-12-08 13:34:15 - [TEST_STEP][PASSED] - waitForElementPresent(findTestObject("Canine/NavBar/Canine_Cases_Btn"), 20): Object 'Object Repository/Canine/NavBar/Canine_Cases_Btn' is present

2021-12-08 13:34:15 - [MESSAGE][PASSED] - Object 'Object Repository/Canine/NavBar/Canine_Cases_Btn' is present

2021-12-08 13:34:15 - [TEST_STEP][PASSED] - ctdc.utilities.runtestcaseforKatalon.clickTab("Object Repository/Canine/Canine_PopUp_Continue_Btn"): ctdc.utilities.runtestcaseforKatalon.clickTab is PASSED

2021-12-08 13:34:15 - [MESSAGE][PASSED] - ctdc.utilities.runtestcaseforKatalon.clickTab is PASSED

2021-12-08 13:34:15 - [TEST_STEP][PASSED] - out.println("Closed the popup window"): null

2021-12-08 13:34:15 - [TEST_STEP][PASSED] - waitForElementPresent(findTestObject("Canine/NavBar/Canine_Cases_Btn"), 20): Object 'Object Repository/Canine/NavBar/Canine_Cases_Btn' is present

2021-12-08 13:34:16 - [MESSAGE][PASSED] - Object 'Object Repository/Canine/NavBar/Canine_Cases_Btn' is present

2021-12-08 13:34:16 - [TEST_STEP][PASSED] - ctdc.utilities.runtestcaseforKatalon.clickTab("Canine/NavBar/Canine_Cases_Btn"): ctdc.utilities.runtestcaseforKatalon.clickTab is PASSED

2021-12-08 13:34:16 - [MESSAGE][PASSED] - ctdc.utilities.runtestcaseforKatalon.clickTab is PASSED

2021-12-08 13:34:16 - [TEST_STEP][PASSED] - waitForElementPresent(findTestObject("Object Repository/Canine/Filter/FilterByCases_Facet"), 20): Object 'Object Repository/Canine/Filter/FilterByCases_Facet' is present

2021-12-08 13:34:17 - [MESSAGE][PASSED] - Object 'Object Repository/Canine/Filter/FilterByCases_Facet' is present

2021-12-08 13:34:17 - [TEST_STEP][PASSED] - verifyElementPresent(findTestObject("Object Repository/Canine/Filter/FilterByCases_Facet"), 5): Object 'Object Repository/Canine/Filter/FilterByCases_Facet' is present

2021-12-08 13:34:18 - [MESSAGE][PASSED] - Object 'Object Repository/Canine/Filter/FilterByCases_Facet' is present

2021-12-08 13:34:18 - [TEST_STEP][PASSED] - ctdc.utilities.runtestcaseforKatalon.clickTab("Object Repository/Canine/Filter/FilterByCases_Facet"): ctdc.utilities.runtestcaseforKatalon.clickTab is PASSED

2021-12-08 13:34:18 - [MESSAGE][PASSED] - ctdc.utilities.runtestcaseforKatalon.clickTab is PASSED

2021-12-08 13:34:18 - [TEST_STEP][PASSED] - waitForElementPresent(findTestObject("Object Repository/Canine/Filter/Study/Canine_Filter_Study"), 30): Object 'Object Repository/Canine/Filter/Study/Canine_Filter_Study' is present

2021-12-08 13:34:19 - [MESSAGE][PASSED] - Object 'Object Repository/Canine/Filter/Study/Canine_Filter_Study' is present

2021-12-08 13:34:19 - [TEST_STEP][PASSED] - verifyElementPresent(findTestObject("Object Repository/Canine/Filter/Study/Canine_Filter_Study"), 5): Object 'Object Repository/Canine/Filter/Study/Canine_Filter_Study' is present

2021-12-08 13:34:19 - [MESSAGE][PASSED] - Object 'Object Repository/Canine/Filter/Study/Canine_Filter_Study' is present

2021-12-08 13:34:19 - [TEST_STEP][PASSED] - ctdc.utilities.runtestcaseforKatalon.clickTab("Object Repository/Canine/Filter/Study/Canine_Filter_Study"): ctdc.utilities.runtestcaseforKatalon.clickTab is PASSED

2021-12-08 13:34:19 - [MESSAGE][PASSED] - ctdc.utilities.runtestcaseforKatalon.clickTab is PASSED

2021-12-08 13:34:19 - [TEST_STEP][PASSED] - waitForElementPresent(findTestObject("Object Repository/Canine/Filter/Study/Canine_Filter_Study-MGT01_Chkbx"), 30): Object 'Object Repository/Canine/Filter/Study/Canine_Filter_Study-MGT01_Chkbx' is present

2021-12-08 13:34:20 - [MESSAGE][PASSED] - Object 'Object Repository/Canine/Filter/Study/Canine_Filter_Study-MGT01_Chkbx' is present

2021-12-08 13:34:20 - [TEST_STEP][PASSED] - verifyElementPresent(findTestObject("Object Repository/Canine/Filter/Study/Canine_Filter_Study-MGT01_Chkbx"), 5): Object 'Object Repository/Canine/Filter/Study/Canine_Filter_Study-MGT01_Chkbx' is present

2021-12-08 13:34:20 - [MESSAGE][PASSED] - Object 'Object Repository/Canine/Filter/Study/Canine_Filter_Study-MGT01_Chkbx' is present

2021-12-08 13:34:20 - [TEST_STEP][PASSED] - ctdc.utilities.runtestcaseforKatalon.clickTab("Object Repository/Canine/Filter/Study/Canine_Filter_Study-MGT01_Chkbx"): ctdc.utilities.runtestcaseforKatalon.clickTab is PASSED

2021-12-08 13:34:20 - [MESSAGE][PASSED] - ctdc.utilities.runtestcaseforKatalon.clickTab is PASSED

2021-12-08 13:34:20 - [TEST_STEP][PASSED] - waitForElementPresent(findTestObject("Object Repository/Canine/Filter/Breed/BREED_Ddn"), 30): Object 'Object Repository/Canine/Filter/Breed/BREED_Ddn' is present

2021-12-08 13:34:21 - [MESSAGE][PASSED] - Object 'Object Repository/Canine/Filter/Breed/BREED_Ddn' is present

2021-12-08 13:34:21 - [TEST_STEP][PASSED] - verifyElementPresent(findTestObject("Object Repository/Canine/Filter/Breed/BREED_Ddn"), 5): Object 'Object Repository/Canine/Filter/Breed/BREED_Ddn' is present

2021-12-08 13:34:21 - [MESSAGE][PASSED] - Object 'Object Repository/Canine/Filter/Breed/BREED_Ddn' is present

2021-12-08 13:34:21 - [TEST_STEP][PASSED] - ctdc.utilities.runtestcaseforKatalon.clickTab("Object Repository/Canine/Filter/Breed/BREED_Ddn"): ctdc.utilities.runtestcaseforKatalon.clickTab is PASSED

2021-12-08 13:34:22 - [MESSAGE][PASSED] - ctdc.utilities.runtestcaseforKatalon.clickTab is PASSED

2021-12-08 13:34:22 - [TEST_STEP][PASSED] - waitForElementPresent(findTestObject("Object Repository/Canine/Filter/Breed/AustlanCtleDogChkbx"), 30): Object 'Object Repository/Canine/Filter/Breed/AustlanCtleDogChkbx' is present

2021-12-08 13:34:22 - [MESSAGE][PASSED] - Object 'Object Repository/Canine/Filter/Breed/AustlanCtleDogChkbx' is present

2021-12-08 13:34:22 - [TEST_STEP][PASSED] - verifyElementPresent(findTestObject("Object Repository/Canine/Filter/Breed/AustlanCtleDogChkbx"), 5): Object 'Object Repository/Canine/Filter/Breed/AustlanCtleDogChkbx' is present

2021-12-08 13:34:22 - [MESSAGE][PASSED] - Object 'Object Repository/Canine/Filter/Breed/AustlanCtleDogChkbx' is present

2021-12-08 13:34:22 - [TEST_STEP][PASSED] - ctdc.utilities.runtestcaseforKatalon.clickTabCanineStat("Object Repository/Canine/Filter/Breed/AustlanCtleDogChkbx"): ctdc.utilities.runtestcaseforKatalon.clickTabCanineStat is PASSED

2021-12-08 13:34:24 - [MESSAGE][PASSED] - ctdc.utilities.runtestcaseforKatalon.clickTabCanineStat is PASSED

2021-12-08 13:34:24 - [TEST_STEP][PASSED] - waitForElementPresent(findTestObject("Object Repository/Canine/Filter/Breed/Mixed_Chkbx"), 30): Object 'Object Repository/Canine/Filter/Breed/Mixed_Chkbx' is present

2021-12-08 13:34:24 - [MESSAGE][PASSED] - Object 'Object Repository/Canine/Filter/Breed/Mixed_Chkbx' is present

2021-12-08 13:34:24 - [TEST_STEP][PASSED] - verifyElementPresent(findTestObject("Object Repository/Canine/Filter/Breed/Mixed_Chkbx"), 5): Object 'Object Repository/Canine/Filter/Breed/Mixed_Chkbx' is present

2021-12-08 13:34:24 - [MESSAGE][PASSED] - Object 'Object Repository/Canine/Filter/Breed/Mixed_Chkbx' is present

2021-12-08 13:34:24 - [TEST_STEP][PASSED] - ctdc.utilities.runtestcaseforKatalon.clickTabCanineStat("Object Repository/Canine/Filter/Breed/Mixed_Chkbx"): ctdc.utilities.runtestcaseforKatalon.clickTabCanineStat is PASSED

2021-12-08 13:34:25 - [MESSAGE][PASSED] - ctdc.utilities.runtestcaseforKatalon.clickTabCanineStat is PASSED

2021-12-08 13:34:25 - [TEST_STEP][PASSED] - ctdc.utilities.runtestcaseforKatalon.clickTabCanineStat("Object Repository/Canine/Filter/Breed/BREED_Ddn"): ctdc.utilities.runtestcaseforKatalon.clickTabCanineStat is PASSED

2021-12-08 13:34:27 - [MESSAGE][PASSED] - ctdc.utilities.runtestcaseforKatalon.clickTabCanineStat is PASSED

2021-12-08 13:34:27 - [TEST_STEP][PASSED] - waitForElementPresent(findTestObject("Object Repository/Canine/Filter/Diagnosis/DIAGNOSIS_Ddn"), 30): Object 'Object Repository/Canine/Filter/Diagnosis/DIAGNOSIS_Ddn' is present

2021-12-08 13:34:27 - [MESSAGE][PASSED] - Object 'Object Repository/Canine/Filter/Diagnosis/DIAGNOSIS_Ddn' is present

2021-12-08 13:34:27 - [TEST_STEP][PASSED] - verifyElementPresent(findTestObject("Object Repository/Canine/Filter/Diagnosis/DIAGNOSIS_Ddn"), 5): Object 'Object Repository/Canine/Filter/Diagnosis/DIAGNOSIS_Ddn' is present

2021-12-08 13:34:27 - [MESSAGE][PASSED] - Object 'Object Repository/Canine/Filter/Diagnosis/DIAGNOSIS_Ddn' is present

2021-12-08 13:34:27 - [TEST_STEP][PASSED] - ctdc.utilities.runtestcaseforKatalon.clickTabCanineStat("Object Repository/Canine/Filter/Diagnosis/DIAGNOSIS_Ddn"): ctdc.utilities.runtestcaseforKatalon.clickTabCanineStat is PASSED

2021-12-08 13:34:28 - [MESSAGE][PASSED] - ctdc.utilities.runtestcaseforKatalon.clickTabCanineStat is PASSED

2021-12-08 13:34:29 - [TEST_STEP][PASSED] - waitForElementPresent(findTestObject("Object Repository/Canine/Filter/Diagnosis/MammaryCancer_Chkbx"), 30): Object 'Object Repository/Canine/Filter/Diagnosis/MammaryCancer_Chkbx' is present

2021-12-08 13:34:29 - [MESSAGE][PASSED] - Object 'Object Repository/Canine/Filter/Diagnosis/MammaryCancer_Chkbx' is present

2021-12-08 13:34:29 - [TEST_STEP][PASSED] - verifyElementPresent(findTestObject("Object Repository/Canine/Filter/Diagnosis/MammaryCancer_Chkbx"), 5): Object 'Object Repository/Canine/Filter/Diagnosis/MammaryCancer_Chkbx' is present

2021-12-08 13:34:29 - [MESSAGE][PASSED] - Object 'Object Repository/Canine/Filter/Diagnosis/MammaryCancer_Chkbx' is present

2021-12-08 13:34:29 - [TEST_STEP][PASSED] - ctdc.utilities.runtestcaseforKatalon.clickTabCanineStat("Object Repository/Canine/Filter/Diagnosis/MammaryCancer_Chkbx"): ctdc.utilities.runtestcaseforKatalon.clickTabCanineStat is PASSED

2021-12-08 13:34:31 - [MESSAGE][PASSED] - ctdc.utilities.runtestcaseforKatalon.clickTabCanineStat is PASSED

2021-12-08 13:34:31 - [TEST_STEP][PASSED] - delay(3): Delayed 3 second(s)

2021-12-08 13:34:34 - [MESSAGE][PASSED] - Delayed 3 second(s)

2021-12-08 13:34:34 - [TEST_STEP][PASSED] - waitForElementPresent(findTestObject("Object Repository/Canine/Filter/Diagnosis/HealthyControl_Chkbx"), 30): Object 'Object Repository/Canine/Filter/Diagnosis/HealthyControl_Chkbx' is present

2021-12-08 13:34:34 - [MESSAGE][PASSED] - Object 'Object Repository/Canine/Filter/Diagnosis/HealthyControl_Chkbx' is present

2021-12-08 13:34:34 - [TEST_STEP][PASSED] - verifyElementPresent(findTestObject("Object Repository/Canine/Filter/Diagnosis/HealthyControl_Chkbx"), 5): Object 'Object Repository/Canine/Filter/Diagnosis/HealthyControl_Chkbx' is present

2021-12-08 13:34:34 - [MESSAGE][PASSED] - Object 'Object Repository/Canine/Filter/Diagnosis/HealthyControl_Chkbx' is present

2021-12-08 13:34:34 - [TEST_STEP][PASSED] - ctdc.utilities.runtestcaseforKatalon.clickTabCanineStat("Object Repository/Canine/Filter/Diagnosis/HealthyControl_Chkbx"): ctdc.utilities.runtestcaseforKatalon.clickTabCanineStat is PASSED

2021-12-08 13:34:35 - [MESSAGE][PASSED] - ctdc.utilities.runtestcaseforKatalon.clickTabCanineStat is PASSED

2021-12-08 13:34:35 - [TEST_STEP][PASSED] - ctdc.utilities.runtestcaseforKatalon.clickTab("Object Repository/Canine/Filter/Diagnosis/DIAGNOSIS_Ddn"): ctdc.utilities.runtestcaseforKatalon.clickTab is PASSED

2021-12-08 13:34:35 - [MESSAGE][PASSED] - ctdc.utilities.runtestcaseforKatalon.clickTab is PASSED

2021-12-08 13:34:35 - [TEST_STEP][PASSED] - waitForElementPresent(findTestObject("Object Repository/Canine/Filter/PrimDiseaseSite/PRIMARYDISEASESITE_Ddn"), 30): Object 'Object Repository/Canine/Filter/PrimDiseaseSite/PRIMARYDISEASESITE_Ddn' is present

2021-12-08 13:34:35 - [MESSAGE][PASSED] - Object 'Object Repository/Canine/Filter/PrimDiseaseSite/PRIMARYDISEASESITE_Ddn' is present

2021-12-08 13:34:35 - [TEST_STEP][PASSED] - verifyElementPresent(findTestObject("Object Repository/Canine/Filter/PrimDiseaseSite/PRIMARYDISEASESITE_Ddn"), 5): Object 'Object Repository/Canine/Filter/PrimDiseaseSite/PRIMARYDISEASESITE_Ddn' is present

2021-12-08 13:34:35 - [MESSAGE][PASSED] - Object 'Object Repository/Canine/Filter/PrimDiseaseSite/PRIMARYDISEASESITE_Ddn' is present

2021-12-08 13:34:35 - [TEST_STEP][PASSED] - ctdc.utilities.runtestcaseforKatalon.clickTabCanineStat("Object Repository/Canine/Filter/PrimDiseaseSite/PRIMARYDISEASESITE_Ddn"): ctdc.utilities.runtestcaseforKatalon.clickTabCanineStat is PASSED

2021-12-08 13:34:37 - [MESSAGE][PASSED] - ctdc.utilities.runtestcaseforKatalon.clickTabCanineStat is PASSED

2021-12-08 13:34:37 - [TEST_STEP][PASSED] - waitForElementPresent(findTestObject("Object Repository/Canine/Filter/PrimDiseaseSite/MammaryGland_Chkbx"), 30): Object 'Object Repository/Canine/Filter/PrimDiseaseSite/MammaryGland_Chkbx' is present

2021-12-08 13:34:37 - [MESSAGE][PASSED] - Object 'Object Repository/Canine/Filter/PrimDiseaseSite/MammaryGland_Chkbx' is present

2021-12-08 13:34:37 - [TEST_STEP][PASSED] - verifyElementPresent(findTestObject("Object Repository/Canine/Filter/PrimDiseaseSite/MammaryGland_Chkbx"), 5): Object 'Object Repository/Canine/Filter/PrimDiseaseSite/MammaryGland_Chkbx' is present

2021-12-08 13:34:37 - [MESSAGE][PASSED] - Object 'Object Repository/Canine/Filter/PrimDiseaseSite/MammaryGland_Chkbx' is present

2021-12-08 13:34:37 - [TEST_STEP][PASSED] - waitForElementClickable(findTestObject("Object Repository/Canine/Filter/PrimDiseaseSite/MammaryGland_Chkbx"), 30): Object 'Object Repository/Canine/Filter/PrimDiseaseSite/MammaryGland_Chkbx' is clickable

2021-12-08 13:34:37 - [MESSAGE][PASSED] - Object 'Object Repository/Canine/Filter/PrimDiseaseSite/MammaryGland_Chkbx' is clickable

2021-12-08 13:34:37 - [TEST_STEP][PASSED] - ctdc.utilities.runtestcaseforKatalon.clickTabCanineStat("Object Repository/Canine/Filter/PrimDiseaseSite/MammaryGland_Chkbx"): ctdc.utilities.runtestcaseforKatalon.clickTabCanineStat is PASSED

2021-12-08 13:34:39 - [MESSAGE][PASSED] - ctdc.utilities.runtestcaseforKatalon.clickTabCanineStat is PASSED

2021-12-08 13:34:39 - [TEST_STEP][PASSED] - ctdc.utilities.runtestcaseforKatalon.clickTab("Object Repository/Canine/Filter/PrimDiseaseSite/PRIMARYDISEASESITE_Ddn"): ctdc.utilities.runtestcaseforKatalon.clickTab is PASSED

2021-12-08 13:34:39 - [MESSAGE][PASSED] - ctdc.utilities.runtestcaseforKatalon.clickTab is PASSED

2021-12-08 13:34:39 - [TEST_STEP][PASSED] - ctdc.utilities.runtestcaseforKatalon.readStatBarCanine("Object Repository/Canine/StatBar/Canine_StatBar-Studies", "Object Repository/Canine/StatBar/Canine_StatBar-Cases", "Object Repository/Canine/StatBar/Canine_StatBar-Samples", "Object Repository/Canine/StatBar/Canine_StatBar-CaseFiles", "Object Repository/Canine/StatBar/Canine_StatBar-StudyFiles"): ctdc.utilities.runtestcaseforKatalon.readStatBarCanine is PASSED

2021-12-08 13:34:54 - [MESSAGE][PASSED] - ctdc.utilities.runtestcaseforKatalon.readStatBarCanine is PASSED

2021-12-08 13:34:54 - [TEST_STEP][PASSED] - waitForElementPresent(findTestObject("Object Repository/Canine/CanineResults_Cases_Tab"), 30): Object 'Object Repository/Canine/CanineResults_Cases_Tab' is present

2021-12-08 13:34:54 - [MESSAGE][PASSED] - Object 'Object Repository/Canine/CanineResults_Cases_Tab' is present

2021-12-08 13:34:54 - [TEST_STEP][PASSED] - verifyElementPresent(findTestObject("Object Repository/Canine/CanineResults_Cases_Tab"), 5): Object 'Object Repository/Canine/CanineResults_Cases_Tab' is present

2021-12-08 13:34:54 - [MESSAGE][PASSED] - Object 'Object Repository/Canine/CanineResults_Cases_Tab' is present

2021-12-08 13:34:54 - [TEST_STEP][PASSED] - ctdc.utilities.runtestcaseforKatalon.clickTab("Object Repository/Canine/CanineResults_Cases_Tab"): ctdc.utilities.runtestcaseforKatalon.clickTab is PASSED

2021-12-08 13:34:54 - [MESSAGE][PASSED] - ctdc.utilities.runtestcaseforKatalon.clickTab is PASSED

2021-12-08 13:34:54 - [TEST_STEP][ERROR] - ctdc.utilities.runtestcaseforKatalon.multiFunction("ICDC", G_StatBar_Cases, "Object Repository/Canine/Canine_CasesTable", "Object Repository/Canine/Canine_TableHeader", "Object Repository/Canine/Canine_CasesTabNextBtn", G_WebTabnameCases, G_CypherTabnameCases, G_QueryCasesTab): Test Cases/Canine_TestCases/StudyCombinations/Study-Combinations-MGT01/TC01_Canine_StudyMGT-Breed_Diagnosis_PrimDiseaseSite FAILED.
Reason:
com.kms.katalon.core.exception.StepErrorException: org.codehaus.groovy.runtime.InvokerInvocationException: java.io.FileNotFoundException: C:\Users\sohilz2\Commons_Automation\OutputFiles\TC01_Canine_StudyMGT-Breed_Diagnosis_PrimDiseaseSite_WebData.xlsx (The system cannot find the path specified)
	at com.kms.katalon.core.main.CustomKeywordDelegatingMetaClass.throwError(CustomKeywordDelegatingMetaClass.java:96)
	at com.kms.katalon.core.main.CustomKeywordDelegatingMetaClass.invokeStaticMethod(CustomKeywordDelegatingMetaClass.java:68)
	at TC01_Canine_StudyMGT-Breed_Diagnosis_PrimDiseaseSite.run(TC01_Canine_StudyMGT-Breed_Diagnosis_PrimDiseaseSite:140)
	at com.kms.katalon.core.main.ScriptEngine.run(ScriptEngine.java:194)
	at com.kms.katalon.core.main.ScriptEngine.runScriptAsRawText(ScriptEngine.java:119)
	at com.kms.katalon.core.main.TestCaseExecutor.runScript(TestCaseExecutor.java:442)
	at com.kms.katalon.core.main.TestCaseExecutor.doExecute(TestCaseExecutor.java:433)
	at com.kms.katalon.core.main.TestCaseExecutor.processExecutionPhase(TestCaseExecutor.java:412)
	at com.kms.katalon.core.main.TestCaseExecutor.accessMainPhase(TestCaseExecutor.java:404)
	at com.kms.katalon.core.main.TestCaseExecutor.execute(TestCaseExecutor.java:281)
	at com.kms.katalon.core.main.TestSuiteExecutor.accessTestCaseMainPhase(TestSuiteExecutor.java:202)
	at com.kms.katalon.core.main.TestSuiteExecutor.accessTestSuiteMainPhase(TestSuiteExecutor.java:164)
	at com.kms.katalon.core.main.TestSuiteExecutor.execute(TestSuiteExecutor.java:105)
	at com.kms.katalon.core.main.TestCaseMain.startTestSuite(TestCaseMain.java:181)
	at com.kms.katalon.core.main.TestCaseMain$startTestSuite$0.call(Unknown Source)
	at TempTestSuite1638988426092.run(TempTestSuite1638988426092.groovy:36)
Caused by: org.codehaus.groovy.runtime.InvokerInvocationException: java.io.FileNotFoundException: C:\Users\sohilz2\Commons_Automation\OutputFiles\TC01_Canine_StudyMGT-Breed_Diagnosis_PrimDiseaseSite_WebData.xlsx (The system cannot find the path specified)
	at ctdc.utilities.runtestcaseforKatalon.invokeMethod(runtestcaseforKatalon.groovy)
	at com.kms.katalon.core.main.CustomKeywordDelegatingMetaClass.invokeStaticMethod(CustomKeywordDelegatingMetaClass.java:50)
	at Script1635894688566.run(Script1635894688566.groovy:140)
	... 13 more
Caused by: java.io.FileNotFoundException: C:\Users\sohilz2\Commons_Automation\OutputFiles\TC01_Canine_StudyMGT-Breed_Diagnosis_PrimDiseaseSite_WebData.xlsx (The system cannot find the path specified)
	at ctdc.utilities.ReadExcel.readExceltoWeblist(ReadExcel.groovy:96)
	at ctdc.utilities.ReadExcel$readExceltoWeblist$0.call(Unknown Source)
	at ctdc.utilities.runtestcaseforKatalon.compareLists(runtestcaseforKatalon.groovy:904)
	at ctdc.utilities.runtestcaseforKatalon.multiFunction(runtestcaseforKatalon.groovy:258)
	at ctdc.utilities.runtestcaseforKatalon.invokeMethod(runtestcaseforKatalon.groovy)
	at com.kms.katalon.core.main.CustomKeywordDelegatingMetaClass.invokeStaticMethod(CustomKeywordDelegatingMetaClass.java:50)
	at TC01_Canine_StudyMGT-Breed_Diagnosis_PrimDiseaseSite.run(TC01_Canine_StudyMGT-Breed_Diagnosis_PrimDiseaseSite:140)
	... 13 more


2021-12-08 13:35:09 - [MESSAGE][ERROR] - java.io.FileNotFoundException: C:\Users\sohilz2\Commons_Automation\OutputFiles\TC01_Canine_StudyMGT-Breed_Diagnosis_PrimDiseaseSite_WebData.xlsx (The system cannot find the path specified)

2021-12-08 13:35:09 - [MESSAGE][ERROR] - Test Cases/Canine_TestCases/StudyCombinations/Study-Combinations-MGT01/TC01_Canine_StudyMGT-Breed_Diagnosis_PrimDiseaseSite FAILED.
Reason:
com.kms.katalon.core.exception.StepErrorException: org.codehaus.groovy.runtime.InvokerInvocationException: java.io.FileNotFoundException: C:\Users\sohilz2\Commons_Automation\OutputFiles\TC01_Canine_StudyMGT-Breed_Diagnosis_PrimDiseaseSite_WebData.xlsx (The system cannot find the path specified)
	at com.kms.katalon.core.main.CustomKeywordDelegatingMetaClass.throwError(CustomKeywordDelegatingMetaClass.java:96)
	at com.kms.katalon.core.main.CustomKeywordDelegatingMetaClass.invokeStaticMethod(CustomKeywordDelegatingMetaClass.java:68)
	at TC01_Canine_StudyMGT-Breed_Diagnosis_PrimDiseaseSite.run(TC01_Canine_StudyMGT-Breed_Diagnosis_PrimDiseaseSite:140)
	at com.kms.katalon.core.main.ScriptEngine.run(ScriptEngine.java:194)
	at com.kms.katalon.core.main.ScriptEngine.runScriptAsRawText(ScriptEngine.java:119)
	at com.kms.katalon.core.main.TestCaseExecutor.runScript(TestCaseExecutor.java:442)
	at com.kms.katalon.core.main.TestCaseExecutor.doExecute(TestCaseExecutor.java:433)
	at com.kms.katalon.core.main.TestCaseExecutor.processExecutionPhase(TestCaseExecutor.java:412)
	at com.kms.katalon.core.main.TestCaseExecutor.accessMainPhase(TestCaseExecutor.java:404)
	at com.kms.katalon.core.main.TestCaseExecutor.execute(TestCaseExecutor.java:281)
	at com.kms.katalon.core.main.TestSuiteExecutor.accessTestCaseMainPhase(TestSuiteExecutor.java:202)
	at com.kms.katalon.core.main.TestSuiteExecutor.accessTestSuiteMainPhase(TestSuiteExecutor.java:164)
	at com.kms.katalon.core.main.TestSuiteExecutor.execute(TestSuiteExecutor.java:105)
	at com.kms.katalon.core.main.TestCaseMain.startTestSuite(TestCaseMain.java:181)
	at com.kms.katalon.core.main.TestCaseMain$startTestSuite$0.call(Unknown Source)
	at TempTestSuite1638988426092.run(TempTestSuite1638988426092.groovy:36)
Caused by: org.codehaus.groovy.runtime.InvokerInvocationException: java.io.FileNotFoundException: C:\Users\sohilz2\Commons_Automation\OutputFiles\TC01_Canine_StudyMGT-Breed_Diagnosis_PrimDiseaseSite_WebData.xlsx (The system cannot find the path specified)
	at ctdc.utilities.runtestcaseforKatalon.invokeMethod(runtestcaseforKatalon.groovy)
	at com.kms.katalon.core.main.CustomKeywordDelegatingMetaClass.invokeStaticMethod(CustomKeywordDelegatingMetaClass.java:50)
	at Script1635894688566.run(Script1635894688566.groovy:140)
	... 13 more
Caused by: java.io.FileNotFoundException: C:\Users\sohilz2\Commons_Automation\OutputFiles\TC01_Canine_StudyMGT-Breed_Diagnosis_PrimDiseaseSite_WebData.xlsx (The system cannot find the path specified)
	at ctdc.utilities.ReadExcel.readExceltoWeblist(ReadExcel.groovy:96)
	at ctdc.utilities.ReadExcel$readExceltoWeblist$0.call(Unknown Source)
	at ctdc.utilities.runtestcaseforKatalon.compareLists(runtestcaseforKatalon.groovy:904)
	at ctdc.utilities.runtestcaseforKatalon.multiFunction(runtestcaseforKatalon.groovy:258)
	at ctdc.utilities.runtestcaseforKatalon.invokeMethod(runtestcaseforKatalon.groovy)
	at com.kms.katalon.core.main.CustomKeywordDelegatingMetaClass.invokeStaticMethod(CustomKeywordDelegatingMetaClass.java:50)
	at TC01_Canine_StudyMGT-Breed_Diagnosis_PrimDiseaseSite.run(TC01_Canine_StudyMGT-Breed_Diagnosis_PrimDiseaseSite:140)
	... 13 more]]></system-out>
         <system-err><![CDATA[2021-12-08 13:33:51 - [TEST_CASE][ERROR] - Test Cases/Canine_TestCases/StudyCombinations/Study-Combinations-MGT01/TC01_Canine_StudyMGT-Breed_Diagnosis_PrimDiseaseSite: Test Cases/Canine_TestCases/StudyCombinations/Study-Combinations-MGT01/TC01_Canine_StudyMGT-Breed_Diagnosis_PrimDiseaseSite FAILED.
Reason:
org.codehaus.groovy.runtime.InvokerInvocationException: java.io.FileNotFoundException: C:\Users\sohilz2\Commons_Automation\OutputFiles\TC01_Canine_StudyMGT-Breed_Diagnosis_PrimDiseaseSite_WebData.xlsx (The system cannot find the path specified)
	at ctdc.utilities.runtestcaseforKatalon.invokeMethod(runtestcaseforKatalon.groovy)
	at com.kms.katalon.core.main.CustomKeywordDelegatingMetaClass.invokeStaticMethod(CustomKeywordDelegatingMetaClass.java:50)
	at TC01_Canine_StudyMGT-Breed_Diagnosis_PrimDiseaseSite.run(TC01_Canine_StudyMGT-Breed_Diagnosis_PrimDiseaseSite:140)
	at com.kms.katalon.core.main.ScriptEngine.run(ScriptEngine.java:194)
	at com.kms.katalon.core.main.ScriptEngine.runScriptAsRawText(ScriptEngine.java:119)
	at com.kms.katalon.core.main.TestCaseExecutor.runScript(TestCaseExecutor.java:442)
	at com.kms.katalon.core.main.TestCaseExecutor.doExecute(TestCaseExecutor.java:433)
	at com.kms.katalon.core.main.TestCaseExecutor.processExecutionPhase(TestCaseExecutor.java:412)
	at com.kms.katalon.core.main.TestCaseExecutor.accessMainPhase(TestCaseExecutor.java:404)
	at com.kms.katalon.core.main.TestCaseExecutor.execute(TestCaseExecutor.java:281)
	at com.kms.katalon.core.main.TestSuiteExecutor.accessTestCaseMainPhase(TestSuiteExecutor.java:202)
	at com.kms.katalon.core.main.TestSuiteExecutor.accessTestSuiteMainPhase(TestSuiteExecutor.java:164)
	at com.kms.katalon.core.main.TestSuiteExecutor.execute(TestSuiteExecutor.java:105)
	at com.kms.katalon.core.main.TestCaseMain.startTestSuite(TestCaseMain.java:181)
	at com.kms.katalon.core.main.TestCaseMain$startTestSuite$0.call(Unknown Source)
	at TempTestSuite1638988426092.run(TempTestSuite1638988426092.groovy:36)
Caused by: java.io.FileNotFoundException: C:\Users\sohilz2\Commons_Automation\OutputFiles\TC01_Canine_StudyMGT-Breed_Diagnosis_PrimDiseaseSite_WebData.xlsx (The system cannot find the path specified)
	at ctdc.utilities.ReadExcel.readExceltoWeblist(ReadExcel.groovy:96)
	at ctdc.utilities.ReadExcel$readExceltoWeblist$0.call(Unknown Source)
	at ctdc.utilities.runtestcaseforKatalon.compareLists(runtestcaseforKatalon.groovy:904)
	at ctdc.utilities.runtestcaseforKatalon.multiFunction(runtestcaseforKatalon.groovy:258)
	... 16 more]]></system-err>
      </testcase>
      <testcase name="Test Cases/Canine_TestCases/StudyCombinations/Study-Combinations-MGT01/TC02_Canine_StudyMGT-Breed_Diagnosis_PrimDiseaseSite" time="1.02" classname="Test Cases/Canine_TestCases/StudyCombinations/Study-Combinations-MGT01/TC02_Canine_StudyMGT-Breed_Diagnosis_PrimDiseaseSite" status="ERROR">
         <error type="ERROR" message="Test Cases/Canine_TestCases/StudyCombinations/Study-Combinations-MGT01/TC02_Canine_StudyMGT-Breed_Diagnosis_PrimDiseaseSite FAILED.
Reason:
java.lang.ClassFormatError: Illegal method name &quot;ctdc.utilities.ExtraFunctions.compareLists_1D&quot; in class CustomKeywords
	at com.kms.katalon.core.main.ScriptEngine.getScript(ScriptEngine.java:199)
	at com.kms.katalon.core.main.ScriptEngine.run(ScriptEngine.java:194)
	at com.kms.katalon.core.main.ScriptEngine.runScriptAsRawText(ScriptEngine.java:119)
	at com.kms.katalon.core.main.TestCaseExecutor.runScript(TestCaseExecutor.java:442)
	at com.kms.katalon.core.main.TestCaseExecutor.doExecute(TestCaseExecutor.java:433)
	at com.kms.katalon.core.main.TestCaseExecutor.processExecutionPhase(TestCaseExecutor.java:412)
	at com.kms.katalon.core.main.TestCaseExecutor.accessMainPhase(TestCaseExecutor.java:404)
	at com.kms.katalon.core.main.TestCaseExecutor.execute(TestCaseExecutor.java:281)
	at com.kms.katalon.core.main.TestSuiteExecutor.accessTestCaseMainPhase(TestSuiteExecutor.java:202)
	at com.kms.katalon.core.main.TestSuiteExecutor.accessTestSuiteMainPhase(TestSuiteExecutor.java:164)
	at com.kms.katalon.core.main.TestSuiteExecutor.execute(TestSuiteExecutor.java:105)
	at com.kms.katalon.core.main.TestCaseMain.startTestSuite(TestCaseMain.java:181)
	at com.kms.katalon.core.main.TestCaseMain$startTestSuite$0.call(Unknown Source)
	at TempTestSuite1638988426092.run(TempTestSuite1638988426092.groovy:36)
"/>
         <system-out><![CDATA[2021-12-08 13:35:09 - [TEST_CASE][ERROR] - Test Cases/Canine_TestCases/StudyCombinations/Study-Combinations-MGT01/TC02_Canine_StudyMGT-Breed_Diagnosis_PrimDiseaseSite: Test Cases/Canine_TestCases/StudyCombinations/Study-Combinations-MGT01/TC02_Canine_StudyMGT-Breed_Diagnosis_PrimDiseaseSite FAILED.
Reason:
java.lang.ClassFormatError: Illegal method name "ctdc.utilities.ExtraFunctions.compareLists_1D" in class CustomKeywords
	at com.kms.katalon.core.main.ScriptEngine.getScript(ScriptEngine.java:199)
	at com.kms.katalon.core.main.ScriptEngine.run(ScriptEngine.java:194)
	at com.kms.katalon.core.main.ScriptEngine.runScriptAsRawText(ScriptEngine.java:119)
	at com.kms.katalon.core.main.TestCaseExecutor.runScript(TestCaseExecutor.java:442)
	at com.kms.katalon.core.main.TestCaseExecutor.doExecute(TestCaseExecutor.java:433)
	at com.kms.katalon.core.main.TestCaseExecutor.processExecutionPhase(TestCaseExecutor.java:412)
	at com.kms.katalon.core.main.TestCaseExecutor.accessMainPhase(TestCaseExecutor.java:404)
	at com.kms.katalon.core.main.TestCaseExecutor.execute(TestCaseExecutor.java:281)
	at com.kms.katalon.core.main.TestSuiteExecutor.accessTestCaseMainPhase(TestSuiteExecutor.java:202)
	at com.kms.katalon.core.main.TestSuiteExecutor.accessTestSuiteMainPhase(TestSuiteExecutor.java:164)
	at com.kms.katalon.core.main.TestSuiteExecutor.execute(TestSuiteExecutor.java:105)
	at com.kms.katalon.core.main.TestCaseMain.startTestSuite(TestCaseMain.java:181)
	at com.kms.katalon.core.main.TestCaseMain$startTestSuite$0.call(Unknown Source)
	at TempTestSuite1638988426092.run(TempTestSuite1638988426092.groovy:36)


2021-12-08 13:35:09 - [TEST_STEP][PASSED] - Start listener action : getTestScriptName: null

2021-12-08 13:35:09 - [TEST_STEP][PASSED] - TestCaseId = testCaseContext.getTestCaseId(): null

2021-12-08 13:35:09 - [TEST_STEP][PASSED] - out.println("**********this is the value of test case id string******** " + testCaseContext.getTestCaseId()): null

2021-12-08 13:35:09 - [TEST_STEP][PASSED] - G_currentTCName = TestCaseId.substring(TestCaseId.lastIndexOf("TC")): null

2021-12-08 13:35:09 - [TEST_STEP][PASSED] - out.println("This is the test case name : " + G_currentTCName): null]]></system-out>
         <system-err><![CDATA[2021-12-08 13:35:09 - [TEST_CASE][ERROR] - Test Cases/Canine_TestCases/StudyCombinations/Study-Combinations-MGT01/TC02_Canine_StudyMGT-Breed_Diagnosis_PrimDiseaseSite: Test Cases/Canine_TestCases/StudyCombinations/Study-Combinations-MGT01/TC02_Canine_StudyMGT-Breed_Diagnosis_PrimDiseaseSite FAILED.
Reason:
java.lang.ClassFormatError: Illegal method name "ctdc.utilities.ExtraFunctions.compareLists_1D" in class CustomKeywords
	at com.kms.katalon.core.main.ScriptEngine.getScript(ScriptEngine.java:199)
	at com.kms.katalon.core.main.ScriptEngine.run(ScriptEngine.java:194)
	at com.kms.katalon.core.main.ScriptEngine.runScriptAsRawText(ScriptEngine.java:119)
	at com.kms.katalon.core.main.TestCaseExecutor.runScript(TestCaseExecutor.java:442)
	at com.kms.katalon.core.main.TestCaseExecutor.doExecute(TestCaseExecutor.java:433)
	at com.kms.katalon.core.main.TestCaseExecutor.processExecutionPhase(TestCaseExecutor.java:412)
	at com.kms.katalon.core.main.TestCaseExecutor.accessMainPhase(TestCaseExecutor.java:404)
	at com.kms.katalon.core.main.TestCaseExecutor.execute(TestCaseExecutor.java:281)
	at com.kms.katalon.core.main.TestSuiteExecutor.accessTestCaseMainPhase(TestSuiteExecutor.java:202)
	at com.kms.katalon.core.main.TestSuiteExecutor.accessTestSuiteMainPhase(TestSuiteExecutor.java:164)
	at com.kms.katalon.core.main.TestSuiteExecutor.execute(TestSuiteExecutor.java:105)
	at com.kms.katalon.core.main.TestCaseMain.startTestSuite(TestCaseMain.java:181)
	at com.kms.katalon.core.main.TestCaseMain$startTestSuite$0.call(Unknown Source)
	at TempTestSuite1638988426092.run(TempTestSuite1638988426092.groovy:36)]]></system-err>
      </testcase>
      <testcase name="Test Cases/Canine_TestCases/StudyCombinations/Study-Combinations-MGT01/TC03_Canine_StudyMGT-Breed_Diagnosis_PrimDiseaseSite" time="1.064" classname="Test Cases/Canine_TestCases/StudyCombinations/Study-Combinations-MGT01/TC03_Canine_StudyMGT-Breed_Diagnosis_PrimDiseaseSite" status="ERROR">
         <error type="ERROR" message="Test Cases/Canine_TestCases/StudyCombinations/Study-Combinations-MGT01/TC03_Canine_StudyMGT-Breed_Diagnosis_PrimDiseaseSite FAILED.
Reason:
java.lang.ClassFormatError: Illegal method name &quot;ctdc.utilities.ExtraFunctions.compareLists_1D&quot; in class CustomKeywords
	at com.kms.katalon.core.main.ScriptEngine.getScript(ScriptEngine.java:199)
	at com.kms.katalon.core.main.ScriptEngine.run(ScriptEngine.java:194)
	at com.kms.katalon.core.main.ScriptEngine.runScriptAsRawText(ScriptEngine.java:119)
	at com.kms.katalon.core.main.TestCaseExecutor.runScript(TestCaseExecutor.java:442)
	at com.kms.katalon.core.main.TestCaseExecutor.doExecute(TestCaseExecutor.java:433)
	at com.kms.katalon.core.main.TestCaseExecutor.processExecutionPhase(TestCaseExecutor.java:412)
	at com.kms.katalon.core.main.TestCaseExecutor.accessMainPhase(TestCaseExecutor.java:404)
	at com.kms.katalon.core.main.TestCaseExecutor.execute(TestCaseExecutor.java:281)
	at com.kms.katalon.core.main.TestSuiteExecutor.accessTestCaseMainPhase(TestSuiteExecutor.java:202)
	at com.kms.katalon.core.main.TestSuiteExecutor.accessTestSuiteMainPhase(TestSuiteExecutor.java:164)
	at com.kms.katalon.core.main.TestSuiteExecutor.execute(TestSuiteExecutor.java:105)
	at com.kms.katalon.core.main.TestCaseMain.startTestSuite(TestCaseMain.java:181)
	at com.kms.katalon.core.main.TestCaseMain$startTestSuite$0.call(Unknown Source)
	at TempTestSuite1638988426092.run(TempTestSuite1638988426092.groovy:36)
"/>
         <system-out><![CDATA[2021-12-08 13:35:10 - [TEST_CASE][ERROR] - Test Cases/Canine_TestCases/StudyCombinations/Study-Combinations-MGT01/TC03_Canine_StudyMGT-Breed_Diagnosis_PrimDiseaseSite: Test Cases/Canine_TestCases/StudyCombinations/Study-Combinations-MGT01/TC03_Canine_StudyMGT-Breed_Diagnosis_PrimDiseaseSite FAILED.
Reason:
java.lang.ClassFormatError: Illegal method name "ctdc.utilities.ExtraFunctions.compareLists_1D" in class CustomKeywords
	at com.kms.katalon.core.main.ScriptEngine.getScript(ScriptEngine.java:199)
	at com.kms.katalon.core.main.ScriptEngine.run(ScriptEngine.java:194)
	at com.kms.katalon.core.main.ScriptEngine.runScriptAsRawText(ScriptEngine.java:119)
	at com.kms.katalon.core.main.TestCaseExecutor.runScript(TestCaseExecutor.java:442)
	at com.kms.katalon.core.main.TestCaseExecutor.doExecute(TestCaseExecutor.java:433)
	at com.kms.katalon.core.main.TestCaseExecutor.processExecutionPhase(TestCaseExecutor.java:412)
	at com.kms.katalon.core.main.TestCaseExecutor.accessMainPhase(TestCaseExecutor.java:404)
	at com.kms.katalon.core.main.TestCaseExecutor.execute(TestCaseExecutor.java:281)
	at com.kms.katalon.core.main.TestSuiteExecutor.accessTestCaseMainPhase(TestSuiteExecutor.java:202)
	at com.kms.katalon.core.main.TestSuiteExecutor.accessTestSuiteMainPhase(TestSuiteExecutor.java:164)
	at com.kms.katalon.core.main.TestSuiteExecutor.execute(TestSuiteExecutor.java:105)
	at com.kms.katalon.core.main.TestCaseMain.startTestSuite(TestCaseMain.java:181)
	at com.kms.katalon.core.main.TestCaseMain$startTestSuite$0.call(Unknown Source)
	at TempTestSuite1638988426092.run(TempTestSuite1638988426092.groovy:36)


2021-12-08 13:35:10 - [TEST_STEP][PASSED] - Start listener action : getTestScriptName: null

2021-12-08 13:35:10 - [TEST_STEP][PASSED] - TestCaseId = testCaseContext.getTestCaseId(): null

2021-12-08 13:35:10 - [TEST_STEP][PASSED] - out.println("**********this is the value of test case id string******** " + testCaseContext.getTestCaseId()): null

2021-12-08 13:35:10 - [TEST_STEP][PASSED] - G_currentTCName = TestCaseId.substring(TestCaseId.lastIndexOf("TC")): null

2021-12-08 13:35:10 - [TEST_STEP][PASSED] - out.println("This is the test case name : " + G_currentTCName): null]]></system-out>
         <system-err><![CDATA[2021-12-08 13:35:10 - [TEST_CASE][ERROR] - Test Cases/Canine_TestCases/StudyCombinations/Study-Combinations-MGT01/TC03_Canine_StudyMGT-Breed_Diagnosis_PrimDiseaseSite: Test Cases/Canine_TestCases/StudyCombinations/Study-Combinations-MGT01/TC03_Canine_StudyMGT-Breed_Diagnosis_PrimDiseaseSite FAILED.
Reason:
java.lang.ClassFormatError: Illegal method name "ctdc.utilities.ExtraFunctions.compareLists_1D" in class CustomKeywords
	at com.kms.katalon.core.main.ScriptEngine.getScript(ScriptEngine.java:199)
	at com.kms.katalon.core.main.ScriptEngine.run(ScriptEngine.java:194)
	at com.kms.katalon.core.main.ScriptEngine.runScriptAsRawText(ScriptEngine.java:119)
	at com.kms.katalon.core.main.TestCaseExecutor.runScript(TestCaseExecutor.java:442)
	at com.kms.katalon.core.main.TestCaseExecutor.doExecute(TestCaseExecutor.java:433)
	at com.kms.katalon.core.main.TestCaseExecutor.processExecutionPhase(TestCaseExecutor.java:412)
	at com.kms.katalon.core.main.TestCaseExecutor.accessMainPhase(TestCaseExecutor.java:404)
	at com.kms.katalon.core.main.TestCaseExecutor.execute(TestCaseExecutor.java:281)
	at com.kms.katalon.core.main.TestSuiteExecutor.accessTestCaseMainPhase(TestSuiteExecutor.java:202)
	at com.kms.katalon.core.main.TestSuiteExecutor.accessTestSuiteMainPhase(TestSuiteExecutor.java:164)
	at com.kms.katalon.core.main.TestSuiteExecutor.execute(TestSuiteExecutor.java:105)
	at com.kms.katalon.core.main.TestCaseMain.startTestSuite(TestCaseMain.java:181)
	at com.kms.katalon.core.main.TestCaseMain$startTestSuite$0.call(Unknown Source)
	at TempTestSuite1638988426092.run(TempTestSuite1638988426092.groovy:36)]]></system-err>
      </testcase>
      <testcase name="Test Cases/Canine_TestCases/StudyCombinations/Study-Combinations-MGT01/TC04_Canine_StudyMGT-StageOfDisease_Sex" time="0.975" classname="Test Cases/Canine_TestCases/StudyCombinations/Study-Combinations-MGT01/TC04_Canine_StudyMGT-StageOfDisease_Sex" status="ERROR">
         <error type="ERROR" message="Test Cases/Canine_TestCases/StudyCombinations/Study-Combinations-MGT01/TC04_Canine_StudyMGT-StageOfDisease_Sex FAILED.
Reason:
java.lang.ClassFormatError: Illegal method name &quot;ctdc.utilities.ExtraFunctions.compareLists_1D&quot; in class CustomKeywords
	at com.kms.katalon.core.main.ScriptEngine.getScript(ScriptEngine.java:199)
	at com.kms.katalon.core.main.ScriptEngine.run(ScriptEngine.java:194)
	at com.kms.katalon.core.main.ScriptEngine.runScriptAsRawText(ScriptEngine.java:119)
	at com.kms.katalon.core.main.TestCaseExecutor.runScript(TestCaseExecutor.java:442)
	at com.kms.katalon.core.main.TestCaseExecutor.doExecute(TestCaseExecutor.java:433)
	at com.kms.katalon.core.main.TestCaseExecutor.processExecutionPhase(TestCaseExecutor.java:412)
	at com.kms.katalon.core.main.TestCaseExecutor.accessMainPhase(TestCaseExecutor.java:404)
	at com.kms.katalon.core.main.TestCaseExecutor.execute(TestCaseExecutor.java:281)
	at com.kms.katalon.core.main.TestSuiteExecutor.accessTestCaseMainPhase(TestSuiteExecutor.java:202)
	at com.kms.katalon.core.main.TestSuiteExecutor.accessTestSuiteMainPhase(TestSuiteExecutor.java:164)
	at com.kms.katalon.core.main.TestSuiteExecutor.execute(TestSuiteExecutor.java:105)
	at com.kms.katalon.core.main.TestCaseMain.startTestSuite(TestCaseMain.java:181)
	at com.kms.katalon.core.main.TestCaseMain$startTestSuite$0.call(Unknown Source)
	at TempTestSuite1638988426092.run(TempTestSuite1638988426092.groovy:36)
"/>
         <system-out><![CDATA[2021-12-08 13:35:11 - [TEST_CASE][ERROR] - Test Cases/Canine_TestCases/StudyCombinations/Study-Combinations-MGT01/TC04_Canine_StudyMGT-StageOfDisease_Sex: Test Cases/Canine_TestCases/StudyCombinations/Study-Combinations-MGT01/TC04_Canine_StudyMGT-StageOfDisease_Sex FAILED.
Reason:
java.lang.ClassFormatError: Illegal method name "ctdc.utilities.ExtraFunctions.compareLists_1D" in class CustomKeywords
	at com.kms.katalon.core.main.ScriptEngine.getScript(ScriptEngine.java:199)
	at com.kms.katalon.core.main.ScriptEngine.run(ScriptEngine.java:194)
	at com.kms.katalon.core.main.ScriptEngine.runScriptAsRawText(ScriptEngine.java:119)
	at com.kms.katalon.core.main.TestCaseExecutor.runScript(TestCaseExecutor.java:442)
	at com.kms.katalon.core.main.TestCaseExecutor.doExecute(TestCaseExecutor.java:433)
	at com.kms.katalon.core.main.TestCaseExecutor.processExecutionPhase(TestCaseExecutor.java:412)
	at com.kms.katalon.core.main.TestCaseExecutor.accessMainPhase(TestCaseExecutor.java:404)
	at com.kms.katalon.core.main.TestCaseExecutor.execute(TestCaseExecutor.java:281)
	at com.kms.katalon.core.main.TestSuiteExecutor.accessTestCaseMainPhase(TestSuiteExecutor.java:202)
	at com.kms.katalon.core.main.TestSuiteExecutor.accessTestSuiteMainPhase(TestSuiteExecutor.java:164)
	at com.kms.katalon.core.main.TestSuiteExecutor.execute(TestSuiteExecutor.java:105)
	at com.kms.katalon.core.main.TestCaseMain.startTestSuite(TestCaseMain.java:181)
	at com.kms.katalon.core.main.TestCaseMain$startTestSuite$0.call(Unknown Source)
	at TempTestSuite1638988426092.run(TempTestSuite1638988426092.groovy:36)


2021-12-08 13:35:11 - [TEST_STEP][PASSED] - Start listener action : getTestScriptName: null

2021-12-08 13:35:11 - [TEST_STEP][PASSED] - TestCaseId = testCaseContext.getTestCaseId(): null

2021-12-08 13:35:11 - [TEST_STEP][PASSED] - out.println("**********this is the value of test case id string******** " + testCaseContext.getTestCaseId()): null

2021-12-08 13:35:11 - [TEST_STEP][PASSED] - G_currentTCName = TestCaseId.substring(TestCaseId.lastIndexOf("TC")): null

2021-12-08 13:35:11 - [TEST_STEP][PASSED] - out.println("This is the test case name : " + G_currentTCName): null]]></system-out>
         <system-err><![CDATA[2021-12-08 13:35:11 - [TEST_CASE][ERROR] - Test Cases/Canine_TestCases/StudyCombinations/Study-Combinations-MGT01/TC04_Canine_StudyMGT-StageOfDisease_Sex: Test Cases/Canine_TestCases/StudyCombinations/Study-Combinations-MGT01/TC04_Canine_StudyMGT-StageOfDisease_Sex FAILED.
Reason:
java.lang.ClassFormatError: Illegal method name "ctdc.utilities.ExtraFunctions.compareLists_1D" in class CustomKeywords
	at com.kms.katalon.core.main.ScriptEngine.getScript(ScriptEngine.java:199)
	at com.kms.katalon.core.main.ScriptEngine.run(ScriptEngine.java:194)
	at com.kms.katalon.core.main.ScriptEngine.runScriptAsRawText(ScriptEngine.java:119)
	at com.kms.katalon.core.main.TestCaseExecutor.runScript(TestCaseExecutor.java:442)
	at com.kms.katalon.core.main.TestCaseExecutor.doExecute(TestCaseExecutor.java:433)
	at com.kms.katalon.core.main.TestCaseExecutor.processExecutionPhase(TestCaseExecutor.java:412)
	at com.kms.katalon.core.main.TestCaseExecutor.accessMainPhase(TestCaseExecutor.java:404)
	at com.kms.katalon.core.main.TestCaseExecutor.execute(TestCaseExecutor.java:281)
	at com.kms.katalon.core.main.TestSuiteExecutor.accessTestCaseMainPhase(TestSuiteExecutor.java:202)
	at com.kms.katalon.core.main.TestSuiteExecutor.accessTestSuiteMainPhase(TestSuiteExecutor.java:164)
	at com.kms.katalon.core.main.TestSuiteExecutor.execute(TestSuiteExecutor.java:105)
	at com.kms.katalon.core.main.TestCaseMain.startTestSuite(TestCaseMain.java:181)
	at com.kms.katalon.core.main.TestCaseMain$startTestSuite$0.call(Unknown Source)
	at TempTestSuite1638988426092.run(TempTestSuite1638988426092.groovy:36)]]></system-err>
      </testcase>
      <testcase name="Test Cases/Canine_TestCases/StudyCombinations/Study-Combinations-MGT01/TC05_Canine_StudyMGT-StageOfDisease_Sex" time="1.03" classname="Test Cases/Canine_TestCases/StudyCombinations/Study-Combinations-MGT01/TC05_Canine_StudyMGT-StageOfDisease_Sex" status="ERROR">
         <error type="ERROR" message="Test Cases/Canine_TestCases/StudyCombinations/Study-Combinations-MGT01/TC05_Canine_StudyMGT-StageOfDisease_Sex FAILED.
Reason:
java.lang.ClassFormatError: Illegal method name &quot;ctdc.utilities.ExtraFunctions.compareLists_1D&quot; in class CustomKeywords
	at com.kms.katalon.core.main.ScriptEngine.getScript(ScriptEngine.java:199)
	at com.kms.katalon.core.main.ScriptEngine.run(ScriptEngine.java:194)
	at com.kms.katalon.core.main.ScriptEngine.runScriptAsRawText(ScriptEngine.java:119)
	at com.kms.katalon.core.main.TestCaseExecutor.runScript(TestCaseExecutor.java:442)
	at com.kms.katalon.core.main.TestCaseExecutor.doExecute(TestCaseExecutor.java:433)
	at com.kms.katalon.core.main.TestCaseExecutor.processExecutionPhase(TestCaseExecutor.java:412)
	at com.kms.katalon.core.main.TestCaseExecutor.accessMainPhase(TestCaseExecutor.java:404)
	at com.kms.katalon.core.main.TestCaseExecutor.execute(TestCaseExecutor.java:281)
	at com.kms.katalon.core.main.TestSuiteExecutor.accessTestCaseMainPhase(TestSuiteExecutor.java:202)
	at com.kms.katalon.core.main.TestSuiteExecutor.accessTestSuiteMainPhase(TestSuiteExecutor.java:164)
	at com.kms.katalon.core.main.TestSuiteExecutor.execute(TestSuiteExecutor.java:105)
	at com.kms.katalon.core.main.TestCaseMain.startTestSuite(TestCaseMain.java:181)
	at com.kms.katalon.core.main.TestCaseMain$startTestSuite$0.call(Unknown Source)
	at TempTestSuite1638988426092.run(TempTestSuite1638988426092.groovy:36)
"/>
         <system-out><![CDATA[2021-12-08 13:35:12 - [TEST_CASE][ERROR] - Test Cases/Canine_TestCases/StudyCombinations/Study-Combinations-MGT01/TC05_Canine_StudyMGT-StageOfDisease_Sex: Test Cases/Canine_TestCases/StudyCombinations/Study-Combinations-MGT01/TC05_Canine_StudyMGT-StageOfDisease_Sex FAILED.
Reason:
java.lang.ClassFormatError: Illegal method name "ctdc.utilities.ExtraFunctions.compareLists_1D" in class CustomKeywords
	at com.kms.katalon.core.main.ScriptEngine.getScript(ScriptEngine.java:199)
	at com.kms.katalon.core.main.ScriptEngine.run(ScriptEngine.java:194)
	at com.kms.katalon.core.main.ScriptEngine.runScriptAsRawText(ScriptEngine.java:119)
	at com.kms.katalon.core.main.TestCaseExecutor.runScript(TestCaseExecutor.java:442)
	at com.kms.katalon.core.main.TestCaseExecutor.doExecute(TestCaseExecutor.java:433)
	at com.kms.katalon.core.main.TestCaseExecutor.processExecutionPhase(TestCaseExecutor.java:412)
	at com.kms.katalon.core.main.TestCaseExecutor.accessMainPhase(TestCaseExecutor.java:404)
	at com.kms.katalon.core.main.TestCaseExecutor.execute(TestCaseExecutor.java:281)
	at com.kms.katalon.core.main.TestSuiteExecutor.accessTestCaseMainPhase(TestSuiteExecutor.java:202)
	at com.kms.katalon.core.main.TestSuiteExecutor.accessTestSuiteMainPhase(TestSuiteExecutor.java:164)
	at com.kms.katalon.core.main.TestSuiteExecutor.execute(TestSuiteExecutor.java:105)
	at com.kms.katalon.core.main.TestCaseMain.startTestSuite(TestCaseMain.java:181)
	at com.kms.katalon.core.main.TestCaseMain$startTestSuite$0.call(Unknown Source)
	at TempTestSuite1638988426092.run(TempTestSuite1638988426092.groovy:36)


2021-12-08 13:35:12 - [TEST_STEP][PASSED] - Start listener action : getTestScriptName: null

2021-12-08 13:35:12 - [TEST_STEP][PASSED] - TestCaseId = testCaseContext.getTestCaseId(): null

2021-12-08 13:35:12 - [TEST_STEP][PASSED] - out.println("**********this is the value of test case id string******** " + testCaseContext.getTestCaseId()): null

2021-12-08 13:35:12 - [TEST_STEP][PASSED] - G_currentTCName = TestCaseId.substring(TestCaseId.lastIndexOf("TC")): null

2021-12-08 13:35:12 - [TEST_STEP][PASSED] - out.println("This is the test case name : " + G_currentTCName): null]]></system-out>
         <system-err><![CDATA[2021-12-08 13:35:12 - [TEST_CASE][ERROR] - Test Cases/Canine_TestCases/StudyCombinations/Study-Combinations-MGT01/TC05_Canine_StudyMGT-StageOfDisease_Sex: Test Cases/Canine_TestCases/StudyCombinations/Study-Combinations-MGT01/TC05_Canine_StudyMGT-StageOfDisease_Sex FAILED.
Reason:
java.lang.ClassFormatError: Illegal method name "ctdc.utilities.ExtraFunctions.compareLists_1D" in class CustomKeywords
	at com.kms.katalon.core.main.ScriptEngine.getScript(ScriptEngine.java:199)
	at com.kms.katalon.core.main.ScriptEngine.run(ScriptEngine.java:194)
	at com.kms.katalon.core.main.ScriptEngine.runScriptAsRawText(ScriptEngine.java:119)
	at com.kms.katalon.core.main.TestCaseExecutor.runScript(TestCaseExecutor.java:442)
	at com.kms.katalon.core.main.TestCaseExecutor.doExecute(TestCaseExecutor.java:433)
	at com.kms.katalon.core.main.TestCaseExecutor.processExecutionPhase(TestCaseExecutor.java:412)
	at com.kms.katalon.core.main.TestCaseExecutor.accessMainPhase(TestCaseExecutor.java:404)
	at com.kms.katalon.core.main.TestCaseExecutor.execute(TestCaseExecutor.java:281)
	at com.kms.katalon.core.main.TestSuiteExecutor.accessTestCaseMainPhase(TestSuiteExecutor.java:202)
	at com.kms.katalon.core.main.TestSuiteExecutor.accessTestSuiteMainPhase(TestSuiteExecutor.java:164)
	at com.kms.katalon.core.main.TestSuiteExecutor.execute(TestSuiteExecutor.java:105)
	at com.kms.katalon.core.main.TestCaseMain.startTestSuite(TestCaseMain.java:181)
	at com.kms.katalon.core.main.TestCaseMain$startTestSuite$0.call(Unknown Source)
	at TempTestSuite1638988426092.run(TempTestSuite1638988426092.groovy:36)]]></system-err>
      </testcase>
      <testcase name="Test Cases/Canine_TestCases/StudyCombinations/Study-Combinations-MGT01/TC06_Canine_StudyMGT-Breed_RespToTreatmt_Sex" time="0.882" classname="Test Cases/Canine_TestCases/StudyCombinations/Study-Combinations-MGT01/TC06_Canine_StudyMGT-Breed_RespToTreatmt_Sex" status="ERROR">
         <error type="ERROR" message="Test Cases/Canine_TestCases/StudyCombinations/Study-Combinations-MGT01/TC06_Canine_StudyMGT-Breed_RespToTreatmt_Sex FAILED.
Reason:
java.lang.ClassFormatError: Illegal method name &quot;ctdc.utilities.ExtraFunctions.compareLists_1D&quot; in class CustomKeywords
	at com.kms.katalon.core.main.ScriptEngine.getScript(ScriptEngine.java:199)
	at com.kms.katalon.core.main.ScriptEngine.run(ScriptEngine.java:194)
	at com.kms.katalon.core.main.ScriptEngine.runScriptAsRawText(ScriptEngine.java:119)
	at com.kms.katalon.core.main.TestCaseExecutor.runScript(TestCaseExecutor.java:442)
	at com.kms.katalon.core.main.TestCaseExecutor.doExecute(TestCaseExecutor.java:433)
	at com.kms.katalon.core.main.TestCaseExecutor.processExecutionPhase(TestCaseExecutor.java:412)
	at com.kms.katalon.core.main.TestCaseExecutor.accessMainPhase(TestCaseExecutor.java:404)
	at com.kms.katalon.core.main.TestCaseExecutor.execute(TestCaseExecutor.java:281)
	at com.kms.katalon.core.main.TestSuiteExecutor.accessTestCaseMainPhase(TestSuiteExecutor.java:202)
	at com.kms.katalon.core.main.TestSuiteExecutor.accessTestSuiteMainPhase(TestSuiteExecutor.java:164)
	at com.kms.katalon.core.main.TestSuiteExecutor.execute(TestSuiteExecutor.java:105)
	at com.kms.katalon.core.main.TestCaseMain.startTestSuite(TestCaseMain.java:181)
	at com.kms.katalon.core.main.TestCaseMain$startTestSuite$0.call(Unknown Source)
	at TempTestSuite1638988426092.run(TempTestSuite1638988426092.groovy:36)
"/>
         <system-out><![CDATA[2021-12-08 13:35:13 - [TEST_CASE][ERROR] - Test Cases/Canine_TestCases/StudyCombinations/Study-Combinations-MGT01/TC06_Canine_StudyMGT-Breed_RespToTreatmt_Sex: Test Cases/Canine_TestCases/StudyCombinations/Study-Combinations-MGT01/TC06_Canine_StudyMGT-Breed_RespToTreatmt_Sex FAILED.
Reason:
java.lang.ClassFormatError: Illegal method name "ctdc.utilities.ExtraFunctions.compareLists_1D" in class CustomKeywords
	at com.kms.katalon.core.main.ScriptEngine.getScript(ScriptEngine.java:199)
	at com.kms.katalon.core.main.ScriptEngine.run(ScriptEngine.java:194)
	at com.kms.katalon.core.main.ScriptEngine.runScriptAsRawText(ScriptEngine.java:119)
	at com.kms.katalon.core.main.TestCaseExecutor.runScript(TestCaseExecutor.java:442)
	at com.kms.katalon.core.main.TestCaseExecutor.doExecute(TestCaseExecutor.java:433)
	at com.kms.katalon.core.main.TestCaseExecutor.processExecutionPhase(TestCaseExecutor.java:412)
	at com.kms.katalon.core.main.TestCaseExecutor.accessMainPhase(TestCaseExecutor.java:404)
	at com.kms.katalon.core.main.TestCaseExecutor.execute(TestCaseExecutor.java:281)
	at com.kms.katalon.core.main.TestSuiteExecutor.accessTestCaseMainPhase(TestSuiteExecutor.java:202)
	at com.kms.katalon.core.main.TestSuiteExecutor.accessTestSuiteMainPhase(TestSuiteExecutor.java:164)
	at com.kms.katalon.core.main.TestSuiteExecutor.execute(TestSuiteExecutor.java:105)
	at com.kms.katalon.core.main.TestCaseMain.startTestSuite(TestCaseMain.java:181)
	at com.kms.katalon.core.main.TestCaseMain$startTestSuite$0.call(Unknown Source)
	at TempTestSuite1638988426092.run(TempTestSuite1638988426092.groovy:36)


2021-12-08 13:35:13 - [TEST_STEP][PASSED] - Start listener action : getTestScriptName: null

2021-12-08 13:35:13 - [TEST_STEP][PASSED] - TestCaseId = testCaseContext.getTestCaseId(): null

2021-12-08 13:35:13 - [TEST_STEP][PASSED] - out.println("**********this is the value of test case id string******** " + testCaseContext.getTestCaseId()): null

2021-12-08 13:35:13 - [TEST_STEP][PASSED] - G_currentTCName = TestCaseId.substring(TestCaseId.lastIndexOf("TC")): null

2021-12-08 13:35:13 - [TEST_STEP][PASSED] - out.println("This is the test case name : " + G_currentTCName): null]]></system-out>
         <system-err><![CDATA[2021-12-08 13:35:13 - [TEST_CASE][ERROR] - Test Cases/Canine_TestCases/StudyCombinations/Study-Combinations-MGT01/TC06_Canine_StudyMGT-Breed_RespToTreatmt_Sex: Test Cases/Canine_TestCases/StudyCombinations/Study-Combinations-MGT01/TC06_Canine_StudyMGT-Breed_RespToTreatmt_Sex FAILED.
Reason:
java.lang.ClassFormatError: Illegal method name "ctdc.utilities.ExtraFunctions.compareLists_1D" in class CustomKeywords
	at com.kms.katalon.core.main.ScriptEngine.getScript(ScriptEngine.java:199)
	at com.kms.katalon.core.main.ScriptEngine.run(ScriptEngine.java:194)
	at com.kms.katalon.core.main.ScriptEngine.runScriptAsRawText(ScriptEngine.java:119)
	at com.kms.katalon.core.main.TestCaseExecutor.runScript(TestCaseExecutor.java:442)
	at com.kms.katalon.core.main.TestCaseExecutor.doExecute(TestCaseExecutor.java:433)
	at com.kms.katalon.core.main.TestCaseExecutor.processExecutionPhase(TestCaseExecutor.java:412)
	at com.kms.katalon.core.main.TestCaseExecutor.accessMainPhase(TestCaseExecutor.java:404)
	at com.kms.katalon.core.main.TestCaseExecutor.execute(TestCaseExecutor.java:281)
	at com.kms.katalon.core.main.TestSuiteExecutor.accessTestCaseMainPhase(TestSuiteExecutor.java:202)
	at com.kms.katalon.core.main.TestSuiteExecutor.accessTestSuiteMainPhase(TestSuiteExecutor.java:164)
	at com.kms.katalon.core.main.TestSuiteExecutor.execute(TestSuiteExecutor.java:105)
	at com.kms.katalon.core.main.TestCaseMain.startTestSuite(TestCaseMain.java:181)
	at com.kms.katalon.core.main.TestCaseMain$startTestSuite$0.call(Unknown Source)
	at TempTestSuite1638988426092.run(TempTestSuite1638988426092.groovy:36)]]></system-err>
      </testcase>
      <testcase name="Test Cases/Canine_TestCases/StudyCombinations/Study-Combinations-MGT01/TC07_Canine_StudyMGT-Breed_RespToTreatmt_Sex" time="0.954" classname="Test Cases/Canine_TestCases/StudyCombinations/Study-Combinations-MGT01/TC07_Canine_StudyMGT-Breed_RespToTreatmt_Sex" status="ERROR">
         <error type="ERROR" message="Test Cases/Canine_TestCases/StudyCombinations/Study-Combinations-MGT01/TC07_Canine_StudyMGT-Breed_RespToTreatmt_Sex FAILED.
Reason:
java.lang.ClassFormatError: Illegal method name &quot;ctdc.utilities.ExtraFunctions.compareLists_1D&quot; in class CustomKeywords
	at com.kms.katalon.core.main.ScriptEngine.getScript(ScriptEngine.java:199)
	at com.kms.katalon.core.main.ScriptEngine.run(ScriptEngine.java:194)
	at com.kms.katalon.core.main.ScriptEngine.runScriptAsRawText(ScriptEngine.java:119)
	at com.kms.katalon.core.main.TestCaseExecutor.runScript(TestCaseExecutor.java:442)
	at com.kms.katalon.core.main.TestCaseExecutor.doExecute(TestCaseExecutor.java:433)
	at com.kms.katalon.core.main.TestCaseExecutor.processExecutionPhase(TestCaseExecutor.java:412)
	at com.kms.katalon.core.main.TestCaseExecutor.accessMainPhase(TestCaseExecutor.java:404)
	at com.kms.katalon.core.main.TestCaseExecutor.execute(TestCaseExecutor.java:281)
	at com.kms.katalon.core.main.TestSuiteExecutor.accessTestCaseMainPhase(TestSuiteExecutor.java:202)
	at com.kms.katalon.core.main.TestSuiteExecutor.accessTestSuiteMainPhase(TestSuiteExecutor.java:164)
	at com.kms.katalon.core.main.TestSuiteExecutor.execute(TestSuiteExecutor.java:105)
	at com.kms.katalon.core.main.TestCaseMain.startTestSuite(TestCaseMain.java:181)
	at com.kms.katalon.core.main.TestCaseMain$startTestSuite$0.call(Unknown Source)
	at TempTestSuite1638988426092.run(TempTestSuite1638988426092.groovy:36)
"/>
         <system-out><![CDATA[2021-12-08 13:35:14 - [TEST_CASE][ERROR] - Test Cases/Canine_TestCases/StudyCombinations/Study-Combinations-MGT01/TC07_Canine_StudyMGT-Breed_RespToTreatmt_Sex: Test Cases/Canine_TestCases/StudyCombinations/Study-Combinations-MGT01/TC07_Canine_StudyMGT-Breed_RespToTreatmt_Sex FAILED.
Reason:
java.lang.ClassFormatError: Illegal method name "ctdc.utilities.ExtraFunctions.compareLists_1D" in class CustomKeywords
	at com.kms.katalon.core.main.ScriptEngine.getScript(ScriptEngine.java:199)
	at com.kms.katalon.core.main.ScriptEngine.run(ScriptEngine.java:194)
	at com.kms.katalon.core.main.ScriptEngine.runScriptAsRawText(ScriptEngine.java:119)
	at com.kms.katalon.core.main.TestCaseExecutor.runScript(TestCaseExecutor.java:442)
	at com.kms.katalon.core.main.TestCaseExecutor.doExecute(TestCaseExecutor.java:433)
	at com.kms.katalon.core.main.TestCaseExecutor.processExecutionPhase(TestCaseExecutor.java:412)
	at com.kms.katalon.core.main.TestCaseExecutor.accessMainPhase(TestCaseExecutor.java:404)
	at com.kms.katalon.core.main.TestCaseExecutor.execute(TestCaseExecutor.java:281)
	at com.kms.katalon.core.main.TestSuiteExecutor.accessTestCaseMainPhase(TestSuiteExecutor.java:202)
	at com.kms.katalon.core.main.TestSuiteExecutor.accessTestSuiteMainPhase(TestSuiteExecutor.java:164)
	at com.kms.katalon.core.main.TestSuiteExecutor.execute(TestSuiteExecutor.java:105)
	at com.kms.katalon.core.main.TestCaseMain.startTestSuite(TestCaseMain.java:181)
	at com.kms.katalon.core.main.TestCaseMain$startTestSuite$0.call(Unknown Source)
	at TempTestSuite1638988426092.run(TempTestSuite1638988426092.groovy:36)


2021-12-08 13:35:14 - [TEST_STEP][PASSED] - Start listener action : getTestScriptName: null

2021-12-08 13:35:14 - [TEST_STEP][PASSED] - TestCaseId = testCaseContext.getTestCaseId(): null

2021-12-08 13:35:14 - [TEST_STEP][PASSED] - out.println("**********this is the value of test case id string******** " + testCaseContext.getTestCaseId()): null

2021-12-08 13:35:14 - [TEST_STEP][PASSED] - G_currentTCName = TestCaseId.substring(TestCaseId.lastIndexOf("TC")): null

2021-12-08 13:35:14 - [TEST_STEP][PASSED] - out.println("This is the test case name : " + G_currentTCName): null]]></system-out>
         <system-err><![CDATA[2021-12-08 13:35:14 - [TEST_CASE][ERROR] - Test Cases/Canine_TestCases/StudyCombinations/Study-Combinations-MGT01/TC07_Canine_StudyMGT-Breed_RespToTreatmt_Sex: Test Cases/Canine_TestCases/StudyCombinations/Study-Combinations-MGT01/TC07_Canine_StudyMGT-Breed_RespToTreatmt_Sex FAILED.
Reason:
java.lang.ClassFormatError: Illegal method name "ctdc.utilities.ExtraFunctions.compareLists_1D" in class CustomKeywords
	at com.kms.katalon.core.main.ScriptEngine.getScript(ScriptEngine.java:199)
	at com.kms.katalon.core.main.ScriptEngine.run(ScriptEngine.java:194)
	at com.kms.katalon.core.main.ScriptEngine.runScriptAsRawText(ScriptEngine.java:119)
	at com.kms.katalon.core.main.TestCaseExecutor.runScript(TestCaseExecutor.java:442)
	at com.kms.katalon.core.main.TestCaseExecutor.doExecute(TestCaseExecutor.java:433)
	at com.kms.katalon.core.main.TestCaseExecutor.processExecutionPhase(TestCaseExecutor.java:412)
	at com.kms.katalon.core.main.TestCaseExecutor.accessMainPhase(TestCaseExecutor.java:404)
	at com.kms.katalon.core.main.TestCaseExecutor.execute(TestCaseExecutor.java:281)
	at com.kms.katalon.core.main.TestSuiteExecutor.accessTestCaseMainPhase(TestSuiteExecutor.java:202)
	at com.kms.katalon.core.main.TestSuiteExecutor.accessTestSuiteMainPhase(TestSuiteExecutor.java:164)
	at com.kms.katalon.core.main.TestSuiteExecutor.execute(TestSuiteExecutor.java:105)
	at com.kms.katalon.core.main.TestCaseMain.startTestSuite(TestCaseMain.java:181)
	at com.kms.katalon.core.main.TestCaseMain$startTestSuite$0.call(Unknown Source)
	at TempTestSuite1638988426092.run(TempTestSuite1638988426092.groovy:36)]]></system-err>
      </testcase>
      <testcase name="Test Cases/Canine_TestCases/StudyCombinations/Study-Combinations-MGT01/TC08_Canine_StudyMGT-StageOfDisease_NeutStatus" time="0.874" classname="Test Cases/Canine_TestCases/StudyCombinations/Study-Combinations-MGT01/TC08_Canine_StudyMGT-StageOfDisease_NeutStatus" status="ERROR">
         <error type="ERROR" message="Test Cases/Canine_TestCases/StudyCombinations/Study-Combinations-MGT01/TC08_Canine_StudyMGT-StageOfDisease_NeutStatus FAILED.
Reason:
java.lang.ClassFormatError: Illegal method name &quot;ctdc.utilities.ExtraFunctions.compareLists_1D&quot; in class CustomKeywords
	at com.kms.katalon.core.main.ScriptEngine.getScript(ScriptEngine.java:199)
	at com.kms.katalon.core.main.ScriptEngine.run(ScriptEngine.java:194)
	at com.kms.katalon.core.main.ScriptEngine.runScriptAsRawText(ScriptEngine.java:119)
	at com.kms.katalon.core.main.TestCaseExecutor.runScript(TestCaseExecutor.java:442)
	at com.kms.katalon.core.main.TestCaseExecutor.doExecute(TestCaseExecutor.java:433)
	at com.kms.katalon.core.main.TestCaseExecutor.processExecutionPhase(TestCaseExecutor.java:412)
	at com.kms.katalon.core.main.TestCaseExecutor.accessMainPhase(TestCaseExecutor.java:404)
	at com.kms.katalon.core.main.TestCaseExecutor.execute(TestCaseExecutor.java:281)
	at com.kms.katalon.core.main.TestSuiteExecutor.accessTestCaseMainPhase(TestSuiteExecutor.java:202)
	at com.kms.katalon.core.main.TestSuiteExecutor.accessTestSuiteMainPhase(TestSuiteExecutor.java:164)
	at com.kms.katalon.core.main.TestSuiteExecutor.execute(TestSuiteExecutor.java:105)
	at com.kms.katalon.core.main.TestCaseMain.startTestSuite(TestCaseMain.java:181)
	at com.kms.katalon.core.main.TestCaseMain$startTestSuite$0.call(Unknown Source)
	at TempTestSuite1638988426092.run(TempTestSuite1638988426092.groovy:36)
"/>
         <system-out><![CDATA[2021-12-08 13:35:15 - [TEST_CASE][ERROR] - Test Cases/Canine_TestCases/StudyCombinations/Study-Combinations-MGT01/TC08_Canine_StudyMGT-StageOfDisease_NeutStatus: Test Cases/Canine_TestCases/StudyCombinations/Study-Combinations-MGT01/TC08_Canine_StudyMGT-StageOfDisease_NeutStatus FAILED.
Reason:
java.lang.ClassFormatError: Illegal method name "ctdc.utilities.ExtraFunctions.compareLists_1D" in class CustomKeywords
	at com.kms.katalon.core.main.ScriptEngine.getScript(ScriptEngine.java:199)
	at com.kms.katalon.core.main.ScriptEngine.run(ScriptEngine.java:194)
	at com.kms.katalon.core.main.ScriptEngine.runScriptAsRawText(ScriptEngine.java:119)
	at com.kms.katalon.core.main.TestCaseExecutor.runScript(TestCaseExecutor.java:442)
	at com.kms.katalon.core.main.TestCaseExecutor.doExecute(TestCaseExecutor.java:433)
	at com.kms.katalon.core.main.TestCaseExecutor.processExecutionPhase(TestCaseExecutor.java:412)
	at com.kms.katalon.core.main.TestCaseExecutor.accessMainPhase(TestCaseExecutor.java:404)
	at com.kms.katalon.core.main.TestCaseExecutor.execute(TestCaseExecutor.java:281)
	at com.kms.katalon.core.main.TestSuiteExecutor.accessTestCaseMainPhase(TestSuiteExecutor.java:202)
	at com.kms.katalon.core.main.TestSuiteExecutor.accessTestSuiteMainPhase(TestSuiteExecutor.java:164)
	at com.kms.katalon.core.main.TestSuiteExecutor.execute(TestSuiteExecutor.java:105)
	at com.kms.katalon.core.main.TestCaseMain.startTestSuite(TestCaseMain.java:181)
	at com.kms.katalon.core.main.TestCaseMain$startTestSuite$0.call(Unknown Source)
	at TempTestSuite1638988426092.run(TempTestSuite1638988426092.groovy:36)


2021-12-08 13:35:15 - [TEST_STEP][PASSED] - Start listener action : getTestScriptName: null

2021-12-08 13:35:15 - [TEST_STEP][PASSED] - TestCaseId = testCaseContext.getTestCaseId(): null

2021-12-08 13:35:15 - [TEST_STEP][PASSED] - out.println("**********this is the value of test case id string******** " + testCaseContext.getTestCaseId()): null

2021-12-08 13:35:15 - [TEST_STEP][PASSED] - G_currentTCName = TestCaseId.substring(TestCaseId.lastIndexOf("TC")): null

2021-12-08 13:35:15 - [TEST_STEP][PASSED] - out.println("This is the test case name : " + G_currentTCName): null]]></system-out>
         <system-err><![CDATA[2021-12-08 13:35:15 - [TEST_CASE][ERROR] - Test Cases/Canine_TestCases/StudyCombinations/Study-Combinations-MGT01/TC08_Canine_StudyMGT-StageOfDisease_NeutStatus: Test Cases/Canine_TestCases/StudyCombinations/Study-Combinations-MGT01/TC08_Canine_StudyMGT-StageOfDisease_NeutStatus FAILED.
Reason:
java.lang.ClassFormatError: Illegal method name "ctdc.utilities.ExtraFunctions.compareLists_1D" in class CustomKeywords
	at com.kms.katalon.core.main.ScriptEngine.getScript(ScriptEngine.java:199)
	at com.kms.katalon.core.main.ScriptEngine.run(ScriptEngine.java:194)
	at com.kms.katalon.core.main.ScriptEngine.runScriptAsRawText(ScriptEngine.java:119)
	at com.kms.katalon.core.main.TestCaseExecutor.runScript(TestCaseExecutor.java:442)
	at com.kms.katalon.core.main.TestCaseExecutor.doExecute(TestCaseExecutor.java:433)
	at com.kms.katalon.core.main.TestCaseExecutor.processExecutionPhase(TestCaseExecutor.java:412)
	at com.kms.katalon.core.main.TestCaseExecutor.accessMainPhase(TestCaseExecutor.java:404)
	at com.kms.katalon.core.main.TestCaseExecutor.execute(TestCaseExecutor.java:281)
	at com.kms.katalon.core.main.TestSuiteExecutor.accessTestCaseMainPhase(TestSuiteExecutor.java:202)
	at com.kms.katalon.core.main.TestSuiteExecutor.accessTestSuiteMainPhase(TestSuiteExecutor.java:164)
	at com.kms.katalon.core.main.TestSuiteExecutor.execute(TestSuiteExecutor.java:105)
	at com.kms.katalon.core.main.TestCaseMain.startTestSuite(TestCaseMain.java:181)
	at com.kms.katalon.core.main.TestCaseMain$startTestSuite$0.call(Unknown Source)
	at TempTestSuite1638988426092.run(TempTestSuite1638988426092.groovy:36)]]></system-err>
      </testcase>
      <testcase name="Test Cases/Canine_TestCases/StudyCombinations/Study-Combinations-MGT01/TC09_Canine_StudyMGT-StageOfDisease_NeutStatus" time="1.294" classname="Test Cases/Canine_TestCases/StudyCombinations/Study-Combinations-MGT01/TC09_Canine_StudyMGT-StageOfDisease_NeutStatus" status="ERROR">
         <error type="ERROR" message="Test Cases/Canine_TestCases/StudyCombinations/Study-Combinations-MGT01/TC09_Canine_StudyMGT-StageOfDisease_NeutStatus FAILED.
Reason:
java.lang.ClassFormatError: Illegal method name &quot;ctdc.utilities.ExtraFunctions.compareLists_1D&quot; in class CustomKeywords
	at com.kms.katalon.core.main.ScriptEngine.getScript(ScriptEngine.java:199)
	at com.kms.katalon.core.main.ScriptEngine.run(ScriptEngine.java:194)
	at com.kms.katalon.core.main.ScriptEngine.runScriptAsRawText(ScriptEngine.java:119)
	at com.kms.katalon.core.main.TestCaseExecutor.runScript(TestCaseExecutor.java:442)
	at com.kms.katalon.core.main.TestCaseExecutor.doExecute(TestCaseExecutor.java:433)
	at com.kms.katalon.core.main.TestCaseExecutor.processExecutionPhase(TestCaseExecutor.java:412)
	at com.kms.katalon.core.main.TestCaseExecutor.accessMainPhase(TestCaseExecutor.java:404)
	at com.kms.katalon.core.main.TestCaseExecutor.execute(TestCaseExecutor.java:281)
	at com.kms.katalon.core.main.TestSuiteExecutor.accessTestCaseMainPhase(TestSuiteExecutor.java:202)
	at com.kms.katalon.core.main.TestSuiteExecutor.accessTestSuiteMainPhase(TestSuiteExecutor.java:164)
	at com.kms.katalon.core.main.TestSuiteExecutor.execute(TestSuiteExecutor.java:105)
	at com.kms.katalon.core.main.TestCaseMain.startTestSuite(TestCaseMain.java:181)
	at com.kms.katalon.core.main.TestCaseMain$startTestSuite$0.call(Unknown Source)
	at TempTestSuite1638988426092.run(TempTestSuite1638988426092.groovy:36)
"/>
         <system-out><![CDATA[2021-12-08 13:35:16 - [TEST_CASE][ERROR] - Test Cases/Canine_TestCases/StudyCombinations/Study-Combinations-MGT01/TC09_Canine_StudyMGT-StageOfDisease_NeutStatus: Test Cases/Canine_TestCases/StudyCombinations/Study-Combinations-MGT01/TC09_Canine_StudyMGT-StageOfDisease_NeutStatus FAILED.
Reason:
java.lang.ClassFormatError: Illegal method name "ctdc.utilities.ExtraFunctions.compareLists_1D" in class CustomKeywords
	at com.kms.katalon.core.main.ScriptEngine.getScript(ScriptEngine.java:199)
	at com.kms.katalon.core.main.ScriptEngine.run(ScriptEngine.java:194)
	at com.kms.katalon.core.main.ScriptEngine.runScriptAsRawText(ScriptEngine.java:119)
	at com.kms.katalon.core.main.TestCaseExecutor.runScript(TestCaseExecutor.java:442)
	at com.kms.katalon.core.main.TestCaseExecutor.doExecute(TestCaseExecutor.java:433)
	at com.kms.katalon.core.main.TestCaseExecutor.processExecutionPhase(TestCaseExecutor.java:412)
	at com.kms.katalon.core.main.TestCaseExecutor.accessMainPhase(TestCaseExecutor.java:404)
	at com.kms.katalon.core.main.TestCaseExecutor.execute(TestCaseExecutor.java:281)
	at com.kms.katalon.core.main.TestSuiteExecutor.accessTestCaseMainPhase(TestSuiteExecutor.java:202)
	at com.kms.katalon.core.main.TestSuiteExecutor.accessTestSuiteMainPhase(TestSuiteExecutor.java:164)
	at com.kms.katalon.core.main.TestSuiteExecutor.execute(TestSuiteExecutor.java:105)
	at com.kms.katalon.core.main.TestCaseMain.startTestSuite(TestCaseMain.java:181)
	at com.kms.katalon.core.main.TestCaseMain$startTestSuite$0.call(Unknown Source)
	at TempTestSuite1638988426092.run(TempTestSuite1638988426092.groovy:36)


2021-12-08 13:35:16 - [TEST_STEP][PASSED] - Start listener action : getTestScriptName: null

2021-12-08 13:35:16 - [TEST_STEP][PASSED] - TestCaseId = testCaseContext.getTestCaseId(): null

2021-12-08 13:35:16 - [TEST_STEP][PASSED] - out.println("**********this is the value of test case id string******** " + testCaseContext.getTestCaseId()): null

2021-12-08 13:35:16 - [TEST_STEP][PASSED] - G_currentTCName = TestCaseId.substring(TestCaseId.lastIndexOf("TC")): null

2021-12-08 13:35:16 - [TEST_STEP][PASSED] - out.println("This is the test case name : " + G_currentTCName): null]]></system-out>
         <system-err><![CDATA[2021-12-08 13:35:16 - [TEST_CASE][ERROR] - Test Cases/Canine_TestCases/StudyCombinations/Study-Combinations-MGT01/TC09_Canine_StudyMGT-StageOfDisease_NeutStatus: Test Cases/Canine_TestCases/StudyCombinations/Study-Combinations-MGT01/TC09_Canine_StudyMGT-StageOfDisease_NeutStatus FAILED.
Reason:
java.lang.ClassFormatError: Illegal method name "ctdc.utilities.ExtraFunctions.compareLists_1D" in class CustomKeywords
	at com.kms.katalon.core.main.ScriptEngine.getScript(ScriptEngine.java:199)
	at com.kms.katalon.core.main.ScriptEngine.run(ScriptEngine.java:194)
	at com.kms.katalon.core.main.ScriptEngine.runScriptAsRawText(ScriptEngine.java:119)
	at com.kms.katalon.core.main.TestCaseExecutor.runScript(TestCaseExecutor.java:442)
	at com.kms.katalon.core.main.TestCaseExecutor.doExecute(TestCaseExecutor.java:433)
	at com.kms.katalon.core.main.TestCaseExecutor.processExecutionPhase(TestCaseExecutor.java:412)
	at com.kms.katalon.core.main.TestCaseExecutor.accessMainPhase(TestCaseExecutor.java:404)
	at com.kms.katalon.core.main.TestCaseExecutor.execute(TestCaseExecutor.java:281)
	at com.kms.katalon.core.main.TestSuiteExecutor.accessTestCaseMainPhase(TestSuiteExecutor.java:202)
	at com.kms.katalon.core.main.TestSuiteExecutor.accessTestSuiteMainPhase(TestSuiteExecutor.java:164)
	at com.kms.katalon.core.main.TestSuiteExecutor.execute(TestSuiteExecutor.java:105)
	at com.kms.katalon.core.main.TestCaseMain.startTestSuite(TestCaseMain.java:181)
	at com.kms.katalon.core.main.TestCaseMain$startTestSuite$0.call(Unknown Source)
	at TempTestSuite1638988426092.run(TempTestSuite1638988426092.groovy:36)]]></system-err>
      </testcase>
      <testcase name="Test Cases/Canine_TestCases/StudyCombinations/Study-Combinations-MGT01/TC10_Canine_StudyMGT-StageOfDisease_NeutStatus" time="1.766" classname="Test Cases/Canine_TestCases/StudyCombinations/Study-Combinations-MGT01/TC10_Canine_StudyMGT-StageOfDisease_NeutStatus" status="ERROR">
         <error type="ERROR" message="Test Cases/Canine_TestCases/StudyCombinations/Study-Combinations-MGT01/TC10_Canine_StudyMGT-StageOfDisease_NeutStatus FAILED.
Reason:
java.lang.ClassFormatError: Illegal method name &quot;ctdc.utilities.ExtraFunctions.compareLists_1D&quot; in class CustomKeywords
	at com.kms.katalon.core.main.ScriptEngine.getScript(ScriptEngine.java:199)
	at com.kms.katalon.core.main.ScriptEngine.run(ScriptEngine.java:194)
	at com.kms.katalon.core.main.ScriptEngine.runScriptAsRawText(ScriptEngine.java:119)
	at com.kms.katalon.core.main.TestCaseExecutor.runScript(TestCaseExecutor.java:442)
	at com.kms.katalon.core.main.TestCaseExecutor.doExecute(TestCaseExecutor.java:433)
	at com.kms.katalon.core.main.TestCaseExecutor.processExecutionPhase(TestCaseExecutor.java:412)
	at com.kms.katalon.core.main.TestCaseExecutor.accessMainPhase(TestCaseExecutor.java:404)
	at com.kms.katalon.core.main.TestCaseExecutor.execute(TestCaseExecutor.java:281)
	at com.kms.katalon.core.main.TestSuiteExecutor.accessTestCaseMainPhase(TestSuiteExecutor.java:202)
	at com.kms.katalon.core.main.TestSuiteExecutor.accessTestSuiteMainPhase(TestSuiteExecutor.java:164)
	at com.kms.katalon.core.main.TestSuiteExecutor.execute(TestSuiteExecutor.java:105)
	at com.kms.katalon.core.main.TestCaseMain.startTestSuite(TestCaseMain.java:181)
	at com.kms.katalon.core.main.TestCaseMain$startTestSuite$0.call(Unknown Source)
	at TempTestSuite1638988426092.run(TempTestSuite1638988426092.groovy:36)
"/>
         <system-out><![CDATA[2021-12-08 13:35:17 - [TEST_CASE][ERROR] - Test Cases/Canine_TestCases/StudyCombinations/Study-Combinations-MGT01/TC10_Canine_StudyMGT-StageOfDisease_NeutStatus: Test Cases/Canine_TestCases/StudyCombinations/Study-Combinations-MGT01/TC10_Canine_StudyMGT-StageOfDisease_NeutStatus FAILED.
Reason:
java.lang.ClassFormatError: Illegal method name "ctdc.utilities.ExtraFunctions.compareLists_1D" in class CustomKeywords
	at com.kms.katalon.core.main.ScriptEngine.getScript(ScriptEngine.java:199)
	at com.kms.katalon.core.main.ScriptEngine.run(ScriptEngine.java:194)
	at com.kms.katalon.core.main.ScriptEngine.runScriptAsRawText(ScriptEngine.java:119)
	at com.kms.katalon.core.main.TestCaseExecutor.runScript(TestCaseExecutor.java:442)
	at com.kms.katalon.core.main.TestCaseExecutor.doExecute(TestCaseExecutor.java:433)
	at com.kms.katalon.core.main.TestCaseExecutor.processExecutionPhase(TestCaseExecutor.java:412)
	at com.kms.katalon.core.main.TestCaseExecutor.accessMainPhase(TestCaseExecutor.java:404)
	at com.kms.katalon.core.main.TestCaseExecutor.execute(TestCaseExecutor.java:281)
	at com.kms.katalon.core.main.TestSuiteExecutor.accessTestCaseMainPhase(TestSuiteExecutor.java:202)
	at com.kms.katalon.core.main.TestSuiteExecutor.accessTestSuiteMainPhase(TestSuiteExecutor.java:164)
	at com.kms.katalon.core.main.TestSuiteExecutor.execute(TestSuiteExecutor.java:105)
	at com.kms.katalon.core.main.TestCaseMain.startTestSuite(TestCaseMain.java:181)
	at com.kms.katalon.core.main.TestCaseMain$startTestSuite$0.call(Unknown Source)
	at TempTestSuite1638988426092.run(TempTestSuite1638988426092.groovy:36)


2021-12-08 13:35:17 - [TEST_STEP][PASSED] - Start listener action : getTestScriptName: null

2021-12-08 13:35:17 - [TEST_STEP][PASSED] - TestCaseId = testCaseContext.getTestCaseId(): null

2021-12-08 13:35:17 - [TEST_STEP][PASSED] - out.println("**********this is the value of test case id string******** " + testCaseContext.getTestCaseId()): null

2021-12-08 13:35:17 - [TEST_STEP][PASSED] - G_currentTCName = TestCaseId.substring(TestCaseId.lastIndexOf("TC")): null

2021-12-08 13:35:17 - [TEST_STEP][PASSED] - out.println("This is the test case name : " + G_currentTCName): null]]></system-out>
         <system-err><![CDATA[2021-12-08 13:35:17 - [TEST_CASE][ERROR] - Test Cases/Canine_TestCases/StudyCombinations/Study-Combinations-MGT01/TC10_Canine_StudyMGT-StageOfDisease_NeutStatus: Test Cases/Canine_TestCases/StudyCombinations/Study-Combinations-MGT01/TC10_Canine_StudyMGT-StageOfDisease_NeutStatus FAILED.
Reason:
java.lang.ClassFormatError: Illegal method name "ctdc.utilities.ExtraFunctions.compareLists_1D" in class CustomKeywords
	at com.kms.katalon.core.main.ScriptEngine.getScript(ScriptEngine.java:199)
	at com.kms.katalon.core.main.ScriptEngine.run(ScriptEngine.java:194)
	at com.kms.katalon.core.main.ScriptEngine.runScriptAsRawText(ScriptEngine.java:119)
	at com.kms.katalon.core.main.TestCaseExecutor.runScript(TestCaseExecutor.java:442)
	at com.kms.katalon.core.main.TestCaseExecutor.doExecute(TestCaseExecutor.java:433)
	at com.kms.katalon.core.main.TestCaseExecutor.processExecutionPhase(TestCaseExecutor.java:412)
	at com.kms.katalon.core.main.TestCaseExecutor.accessMainPhase(TestCaseExecutor.java:404)
	at com.kms.katalon.core.main.TestCaseExecutor.execute(TestCaseExecutor.java:281)
	at com.kms.katalon.core.main.TestSuiteExecutor.accessTestCaseMainPhase(TestSuiteExecutor.java:202)
	at com.kms.katalon.core.main.TestSuiteExecutor.accessTestSuiteMainPhase(TestSuiteExecutor.java:164)
	at com.kms.katalon.core.main.TestSuiteExecutor.execute(TestSuiteExecutor.java:105)
	at com.kms.katalon.core.main.TestCaseMain.startTestSuite(TestCaseMain.java:181)
	at com.kms.katalon.core.main.TestCaseMain$startTestSuite$0.call(Unknown Source)
	at TempTestSuite1638988426092.run(TempTestSuite1638988426092.groovy:36)]]></system-err>
      </testcase>
      <testcase name="Test Cases/Canine_TestCases/StudyCombinations/Study-Combinations-MGT01/TC11_Canine_StudyMGT-StageOfDisease_NeutStatus" time="1.286" classname="Test Cases/Canine_TestCases/StudyCombinations/Study-Combinations-MGT01/TC11_Canine_StudyMGT-StageOfDisease_NeutStatus" status="ERROR">
         <error type="ERROR" message="Test Cases/Canine_TestCases/StudyCombinations/Study-Combinations-MGT01/TC11_Canine_StudyMGT-StageOfDisease_NeutStatus FAILED.
Reason:
java.lang.ClassFormatError: Illegal method name &quot;ctdc.utilities.ExtraFunctions.compareLists_1D&quot; in class CustomKeywords
	at com.kms.katalon.core.main.ScriptEngine.getScript(ScriptEngine.java:199)
	at com.kms.katalon.core.main.ScriptEngine.run(ScriptEngine.java:194)
	at com.kms.katalon.core.main.ScriptEngine.runScriptAsRawText(ScriptEngine.java:119)
	at com.kms.katalon.core.main.TestCaseExecutor.runScript(TestCaseExecutor.java:442)
	at com.kms.katalon.core.main.TestCaseExecutor.doExecute(TestCaseExecutor.java:433)
	at com.kms.katalon.core.main.TestCaseExecutor.processExecutionPhase(TestCaseExecutor.java:412)
	at com.kms.katalon.core.main.TestCaseExecutor.accessMainPhase(TestCaseExecutor.java:404)
	at com.kms.katalon.core.main.TestCaseExecutor.execute(TestCaseExecutor.java:281)
	at com.kms.katalon.core.main.TestSuiteExecutor.accessTestCaseMainPhase(TestSuiteExecutor.java:202)
	at com.kms.katalon.core.main.TestSuiteExecutor.accessTestSuiteMainPhase(TestSuiteExecutor.java:164)
	at com.kms.katalon.core.main.TestSuiteExecutor.execute(TestSuiteExecutor.java:105)
	at com.kms.katalon.core.main.TestCaseMain.startTestSuite(TestCaseMain.java:181)
	at com.kms.katalon.core.main.TestCaseMain$startTestSuite$0.call(Unknown Source)
	at TempTestSuite1638988426092.run(TempTestSuite1638988426092.groovy:36)
"/>
         <system-out><![CDATA[2021-12-08 13:35:19 - [TEST_CASE][ERROR] - Test Cases/Canine_TestCases/StudyCombinations/Study-Combinations-MGT01/TC11_Canine_StudyMGT-StageOfDisease_NeutStatus: Test Cases/Canine_TestCases/StudyCombinations/Study-Combinations-MGT01/TC11_Canine_StudyMGT-StageOfDisease_NeutStatus FAILED.
Reason:
java.lang.ClassFormatError: Illegal method name "ctdc.utilities.ExtraFunctions.compareLists_1D" in class CustomKeywords
	at com.kms.katalon.core.main.ScriptEngine.getScript(ScriptEngine.java:199)
	at com.kms.katalon.core.main.ScriptEngine.run(ScriptEngine.java:194)
	at com.kms.katalon.core.main.ScriptEngine.runScriptAsRawText(ScriptEngine.java:119)
	at com.kms.katalon.core.main.TestCaseExecutor.runScript(TestCaseExecutor.java:442)
	at com.kms.katalon.core.main.TestCaseExecutor.doExecute(TestCaseExecutor.java:433)
	at com.kms.katalon.core.main.TestCaseExecutor.processExecutionPhase(TestCaseExecutor.java:412)
	at com.kms.katalon.core.main.TestCaseExecutor.accessMainPhase(TestCaseExecutor.java:404)
	at com.kms.katalon.core.main.TestCaseExecutor.execute(TestCaseExecutor.java:281)
	at com.kms.katalon.core.main.TestSuiteExecutor.accessTestCaseMainPhase(TestSuiteExecutor.java:202)
	at com.kms.katalon.core.main.TestSuiteExecutor.accessTestSuiteMainPhase(TestSuiteExecutor.java:164)
	at com.kms.katalon.core.main.TestSuiteExecutor.execute(TestSuiteExecutor.java:105)
	at com.kms.katalon.core.main.TestCaseMain.startTestSuite(TestCaseMain.java:181)
	at com.kms.katalon.core.main.TestCaseMain$startTestSuite$0.call(Unknown Source)
	at TempTestSuite1638988426092.run(TempTestSuite1638988426092.groovy:36)


2021-12-08 13:35:19 - [TEST_STEP][PASSED] - Start listener action : getTestScriptName: null

2021-12-08 13:35:19 - [TEST_STEP][PASSED] - TestCaseId = testCaseContext.getTestCaseId(): null

2021-12-08 13:35:19 - [TEST_STEP][PASSED] - out.println("**********this is the value of test case id string******** " + testCaseContext.getTestCaseId()): null

2021-12-08 13:35:19 - [TEST_STEP][PASSED] - G_currentTCName = TestCaseId.substring(TestCaseId.lastIndexOf("TC")): null

2021-12-08 13:35:19 - [TEST_STEP][PASSED] - out.println("This is the test case name : " + G_currentTCName): null]]></system-out>
         <system-err><![CDATA[2021-12-08 13:35:19 - [TEST_CASE][ERROR] - Test Cases/Canine_TestCases/StudyCombinations/Study-Combinations-MGT01/TC11_Canine_StudyMGT-StageOfDisease_NeutStatus: Test Cases/Canine_TestCases/StudyCombinations/Study-Combinations-MGT01/TC11_Canine_StudyMGT-StageOfDisease_NeutStatus FAILED.
Reason:
java.lang.ClassFormatError: Illegal method name "ctdc.utilities.ExtraFunctions.compareLists_1D" in class CustomKeywords
	at com.kms.katalon.core.main.ScriptEngine.getScript(ScriptEngine.java:199)
	at com.kms.katalon.core.main.ScriptEngine.run(ScriptEngine.java:194)
	at com.kms.katalon.core.main.ScriptEngine.runScriptAsRawText(ScriptEngine.java:119)
	at com.kms.katalon.core.main.TestCaseExecutor.runScript(TestCaseExecutor.java:442)
	at com.kms.katalon.core.main.TestCaseExecutor.doExecute(TestCaseExecutor.java:433)
	at com.kms.katalon.core.main.TestCaseExecutor.processExecutionPhase(TestCaseExecutor.java:412)
	at com.kms.katalon.core.main.TestCaseExecutor.accessMainPhase(TestCaseExecutor.java:404)
	at com.kms.katalon.core.main.TestCaseExecutor.execute(TestCaseExecutor.java:281)
	at com.kms.katalon.core.main.TestSuiteExecutor.accessTestCaseMainPhase(TestSuiteExecutor.java:202)
	at com.kms.katalon.core.main.TestSuiteExecutor.accessTestSuiteMainPhase(TestSuiteExecutor.java:164)
	at com.kms.katalon.core.main.TestSuiteExecutor.execute(TestSuiteExecutor.java:105)
	at com.kms.katalon.core.main.TestCaseMain.startTestSuite(TestCaseMain.java:181)
	at com.kms.katalon.core.main.TestCaseMain$startTestSuite$0.call(Unknown Source)
	at TempTestSuite1638988426092.run(TempTestSuite1638988426092.groovy:36)]]></system-err>
      </testcase>
      <system-out><![CDATA[2021-12-08 13:33:49 - [TEST_SUITE][ERROR] - MGT01_Study_TestSuite: Test Cases/Canine_TestCases/StudyCombinations/Study-Combinations-MGT01/TC01_Canine_StudyMGT-Breed_Diagnosis_PrimDiseaseSite FAILED.
Reason:
org.codehaus.groovy.runtime.InvokerInvocationException: java.io.FileNotFoundException: C:\Users\sohilz2\Commons_Automation\OutputFiles\TC01_Canine_StudyMGT-Breed_Diagnosis_PrimDiseaseSite_WebData.xlsx (The system cannot find the path specified)
	at ctdc.utilities.runtestcaseforKatalon.invokeMethod(runtestcaseforKatalon.groovy)
	at com.kms.katalon.core.main.CustomKeywordDelegatingMetaClass.invokeStaticMethod(CustomKeywordDelegatingMetaClass.java:50)
	at TC01_Canine_StudyMGT-Breed_Diagnosis_PrimDiseaseSite.run(TC01_Canine_StudyMGT-Breed_Diagnosis_PrimDiseaseSite:140)
	at com.kms.katalon.core.main.ScriptEngine.run(ScriptEngine.java:194)
	at com.kms.katalon.core.main.ScriptEngine.runScriptAsRawText(ScriptEngine.java:119)
	at com.kms.katalon.core.main.TestCaseExecutor.runScript(TestCaseExecutor.java:442)
	at com.kms.katalon.core.main.TestCaseExecutor.doExecute(TestCaseExecutor.java:433)
	at com.kms.katalon.core.main.TestCaseExecutor.processExecutionPhase(TestCaseExecutor.java:412)
	at com.kms.katalon.core.main.TestCaseExecutor.accessMainPhase(TestCaseExecutor.java:404)
	at com.kms.katalon.core.main.TestCaseExecutor.execute(TestCaseExecutor.java:281)
	at com.kms.katalon.core.main.TestSuiteExecutor.accessTestCaseMainPhase(TestSuiteExecutor.java:202)
	at com.kms.katalon.core.main.TestSuiteExecutor.accessTestSuiteMainPhase(TestSuiteExecutor.java:164)
	at com.kms.katalon.core.main.TestSuiteExecutor.execute(TestSuiteExecutor.java:105)
	at com.kms.katalon.core.main.TestCaseMain.startTestSuite(TestCaseMain.java:181)
	at com.kms.katalon.core.main.TestCaseMain$startTestSuite$0.call(Unknown Source)
	at TempTestSuite1638988426092.run(TempTestSuite1638988426092.groovy:36)
Caused by: java.io.FileNotFoundException: C:\Users\sohilz2\Commons_Automation\OutputFiles\TC01_Canine_StudyMGT-Breed_Diagnosis_PrimDiseaseSite_WebData.xlsx (The system cannot find the path specified)
	at ctdc.utilities.ReadExcel.readExceltoWeblist(ReadExcel.groovy:96)
	at ctdc.utilities.ReadExcel$readExceltoWeblist$0.call(Unknown Source)
	at ctdc.utilities.runtestcaseforKatalon.compareLists(runtestcaseforKatalon.groovy:904)
	at ctdc.utilities.runtestcaseforKatalon.multiFunction(runtestcaseforKatalon.groovy:258)
	... 16 more]]></system-out>
      <system-err><![CDATA[2021-12-08 13:33:49 - [TEST_SUITE][ERROR] - MGT01_Study_TestSuite: Test Cases/Canine_TestCases/StudyCombinations/Study-Combinations-MGT01/TC01_Canine_StudyMGT-Breed_Diagnosis_PrimDiseaseSite FAILED.
Reason:
org.codehaus.groovy.runtime.InvokerInvocationException: java.io.FileNotFoundException: C:\Users\sohilz2\Commons_Automation\OutputFiles\TC01_Canine_StudyMGT-Breed_Diagnosis_PrimDiseaseSite_WebData.xlsx (The system cannot find the path specified)
	at ctdc.utilities.runtestcaseforKatalon.invokeMethod(runtestcaseforKatalon.groovy)
	at com.kms.katalon.core.main.CustomKeywordDelegatingMetaClass.invokeStaticMethod(CustomKeywordDelegatingMetaClass.java:50)
	at TC01_Canine_StudyMGT-Breed_Diagnosis_PrimDiseaseSite.run(TC01_Canine_StudyMGT-Breed_Diagnosis_PrimDiseaseSite:140)
	at com.kms.katalon.core.main.ScriptEngine.run(ScriptEngine.java:194)
	at com.kms.katalon.core.main.ScriptEngine.runScriptAsRawText(ScriptEngine.java:119)
	at com.kms.katalon.core.main.TestCaseExecutor.runScript(TestCaseExecutor.java:442)
	at com.kms.katalon.core.main.TestCaseExecutor.doExecute(TestCaseExecutor.java:433)
	at com.kms.katalon.core.main.TestCaseExecutor.processExecutionPhase(TestCaseExecutor.java:412)
	at com.kms.katalon.core.main.TestCaseExecutor.accessMainPhase(TestCaseExecutor.java:404)
	at com.kms.katalon.core.main.TestCaseExecutor.execute(TestCaseExecutor.java:281)
	at com.kms.katalon.core.main.TestSuiteExecutor.accessTestCaseMainPhase(TestSuiteExecutor.java:202)
	at com.kms.katalon.core.main.TestSuiteExecutor.accessTestSuiteMainPhase(TestSuiteExecutor.java:164)
	at com.kms.katalon.core.main.TestSuiteExecutor.execute(TestSuiteExecutor.java:105)
	at com.kms.katalon.core.main.TestCaseMain.startTestSuite(TestCaseMain.java:181)
	at com.kms.katalon.core.main.TestCaseMain$startTestSuite$0.call(Unknown Source)
	at TempTestSuite1638988426092.run(TempTestSuite1638988426092.groovy:36)
Caused by: java.io.FileNotFoundException: C:\Users\sohilz2\Commons_Automation\OutputFiles\TC01_Canine_StudyMGT-Breed_Diagnosis_PrimDiseaseSite_WebData.xlsx (The system cannot find the path specified)
	at ctdc.utilities.ReadExcel.readExceltoWeblist(ReadExcel.groovy:96)
	at ctdc.utilities.ReadExcel$readExceltoWeblist$0.call(Unknown Source)
	at ctdc.utilities.runtestcaseforKatalon.compareLists(runtestcaseforKatalon.groovy:904)
	at ctdc.utilities.runtestcaseforKatalon.multiFunction(runtestcaseforKatalon.groovy:258)
	... 16 more]]></system-err>
   </testsuite>
</testsuites>
