<?xml version="1.0" encoding="UTF-8"?>
<testsuites name="Bento_TestSuite" time="20.735" tests="3" failures="0" errors="3">
   <testsuite name="Bento_TestSuite" tests="3" failures="0" errors="3" time="20.735" timestamp="2021-04-08 08:52:21" hostname="radhakrishnang2 - NCI-02150368-L.nci.nih.gov" id="Test Suites/Bento_TestSuite">
      <properties>
         <property name="deviceName" value=""/>
         <property name="devicePlatform" value=""/>
         <property name="logFolder" value="C:\\Users\\radhakrishnang2\\Desktop\\Commons_Automation\\Reports\\20210408_085215\\Bento_TestSuite\\20210408_085215"/>
         <property name="logFiles" value="C:\\Users\\radhakrishnang2\\Desktop\\Commons_Automation\\Reports\\20210408_085215\\Bento_TestSuite\\20210408_085215\\execution0.log"/>
         <property name="attachments" value=""/>
         <property name="hostName" value="radhakrishnang2 - NCI-02150368-L.nci.nih.gov"/>
         <property name="os" value="Windows 10 64bit"/>
         <property name="katalonVersion" value="7.7.0.205"/>
         <property name="browser" value="Chrome 89.0.4389.90"/>
         <property name="hostAddress" value="10.242.242.144"/>
         <property name="sessionId" value="3d0ef90b9c3258772b5c10801ff90970"/>
         <property name="seleniumVersion" value="3.141.59"/>
         <property name="proxyInformation" value="ProxyInformation { proxyOption=NO_PROXY, proxyServerType=HTTP, username=, password=********, proxyServerAddress=, proxyServerPort=0, executionList=&quot;&quot;, isApplyToDesiredCapabilities=true }"/>
         <property name="platform" value="Windows 10"/>
      </properties>
      <testcase name="Test Cases/Bento_TestCases/MultipleFilters/TC01_Bento_MultiFilter_Diagnosis-Recurrence-TumorSize-Chemo_1" time="7.044" classname="Test Cases/Bento_TestCases/MultipleFilters/TC01_Bento_MultiFilter_Diagnosis-Recurrence-TumorSize-Chemo_1" status="ERROR">
         <error type="ERROR" message="Test Cases/Bento_TestCases/MultipleFilters/TC01_Bento_MultiFilter_Diagnosis-Recurrence-TumorSize-Chemo_1 FAILED.
Reason:
org.codehaus.groovy.runtime.metaclass.MissingMethodExceptionNoStack: No signature of method: ctdc.utilities.runtestcaseforKatalon.testSetup() is applicable for argument types: (java.lang.String) values: []
"/>
         <system-out><![CDATA[2021-04-08 08:52:23 - [TEST_CASE][ERROR] - Test Cases/Bento_TestCases/MultipleFilters/TC01_Bento_MultiFilter_Diagnosis-Recurrence-TumorSize-Chemo_1: Test Cases/Bento_TestCases/MultipleFilters/TC01_Bento_MultiFilter_Diagnosis-Recurrence-TumorSize-Chemo_1 FAILED.
Reason:
org.codehaus.groovy.runtime.metaclass.MissingMethodExceptionNoStack: No signature of method: ctdc.utilities.runtestcaseforKatalon.testSetup() is applicable for argument types: (java.lang.String) values: []


2021-04-08 08:52:23 - [TEST_STEP][PASSED] - Start listener action : getTestScriptName: null

2021-04-08 08:52:23 - [TEST_STEP][PASSED] - TestCaseId = testCaseContext.getTestCaseId(): null

2021-04-08 08:52:23 - [TEST_STEP][PASSED] - out.println("**********this is the value of test case id string******** " + testCaseContext.getTestCaseId()): null

2021-04-08 08:52:23 - [TEST_STEP][PASSED] - G_currentTCName = TestCaseId.substring(TestCaseId.lastIndexOf("TC")): null

2021-04-08 08:52:23 - [TEST_STEP][PASSED] - out.println("This is the test case name : " + G_currentTCName): null

2021-04-08 08:52:24 - [TEST_STEP][PASSED] - closeBrowser(): Browser is closed

2021-04-08 08:52:24 - [MESSAGE][PASSED] - Browser is closed

2021-04-08 08:52:24 - [TEST_STEP][PASSED] - openBrowser(""): Browser is opened with url: ''

2021-04-08 08:52:24 - [MESSAGE][INFO] - Starting 'Chrome (headless)' driver

2021-04-08 08:52:24 - [MESSAGE][INFO] - User set preference: ['args', '[--no-sandbox]']

2021-04-08 08:52:24 - [MESSAGE][INFO] - Action delay is set to 5,000 milliseconds

2021-04-08 08:52:30 - [MESSAGE][PASSED] - Browser is opened with url: ''

2021-04-08 08:52:30 - [TEST_STEP][PASSED] - maximizeWindow(): Current window maximized

2021-04-08 08:52:30 - [MESSAGE][PASSED] - Current window maximized

2021-04-08 08:52:30 - [TEST_STEP][ERROR] - ctdc.utilities.runtestcaseforKatalon.testSetup(""): No signature of method: ctdc.utilities.runtestcaseforKatalon.testSetup() is applicable for argument types: (java.lang.String) values: []

2021-04-08 08:52:30 - [MESSAGE][ERROR] - No signature of method: ctdc.utilities.runtestcaseforKatalon.testSetup() is applicable for argument types: (java.lang.String) values: []

2021-04-08 08:52:30 - [TEST_STEP][PASSED] - Start listener action : renameManifestFile: null]]></system-out>
         <system-err><![CDATA[2021-04-08 08:52:23 - [TEST_CASE][ERROR] - Test Cases/Bento_TestCases/MultipleFilters/TC01_Bento_MultiFilter_Diagnosis-Recurrence-TumorSize-Chemo_1: Test Cases/Bento_TestCases/MultipleFilters/TC01_Bento_MultiFilter_Diagnosis-Recurrence-TumorSize-Chemo_1 FAILED.
Reason:
org.codehaus.groovy.runtime.metaclass.MissingMethodExceptionNoStack: No signature of method: ctdc.utilities.runtestcaseforKatalon.testSetup() is applicable for argument types: (java.lang.String) values: []]]></system-err>
      </testcase>
      <testcase name="Test Cases/Bento_TestCases/MultipleFilters/TC02_Bento_MultiFilter_Diagnosis-Recurrence-TumorSize-Chemo_2" time="4.971" classname="Test Cases/Bento_TestCases/MultipleFilters/TC02_Bento_MultiFilter_Diagnosis-Recurrence-TumorSize-Chemo_2" status="ERROR">
         <error type="ERROR" message="Test Cases/Bento_TestCases/MultipleFilters/TC02_Bento_MultiFilter_Diagnosis-Recurrence-TumorSize-Chemo_2 FAILED.
Reason:
org.codehaus.groovy.runtime.metaclass.MissingMethodExceptionNoStack: No signature of method: ctdc.utilities.runtestcaseforKatalon.testSetup() is applicable for argument types: (java.lang.String) values: []
"/>
         <system-out><![CDATA[2021-04-08 08:52:30 - [TEST_CASE][ERROR] - Test Cases/Bento_TestCases/MultipleFilters/TC02_Bento_MultiFilter_Diagnosis-Recurrence-TumorSize-Chemo_2: Test Cases/Bento_TestCases/MultipleFilters/TC02_Bento_MultiFilter_Diagnosis-Recurrence-TumorSize-Chemo_2 FAILED.
Reason:
org.codehaus.groovy.runtime.metaclass.MissingMethodExceptionNoStack: No signature of method: ctdc.utilities.runtestcaseforKatalon.testSetup() is applicable for argument types: (java.lang.String) values: []


2021-04-08 08:52:30 - [TEST_STEP][PASSED] - Start listener action : getTestScriptName: null

2021-04-08 08:52:30 - [TEST_STEP][PASSED] - TestCaseId = testCaseContext.getTestCaseId(): null

2021-04-08 08:52:30 - [TEST_STEP][PASSED] - out.println("**********this is the value of test case id string******** " + testCaseContext.getTestCaseId()): null

2021-04-08 08:52:30 - [TEST_STEP][PASSED] - G_currentTCName = TestCaseId.substring(TestCaseId.lastIndexOf("TC")): null

2021-04-08 08:52:30 - [TEST_STEP][PASSED] - out.println("This is the test case name : " + G_currentTCName): null

2021-04-08 08:52:31 - [TEST_STEP][PASSED] - closeBrowser(): Browser is closed

2021-04-08 08:52:32 - [MESSAGE][PASSED] - Browser is closed

2021-04-08 08:52:32 - [TEST_STEP][PASSED] - openBrowser(""): Browser is opened with url: ''

2021-04-08 08:52:32 - [MESSAGE][INFO] - Starting 'Chrome (headless)' driver

2021-04-08 08:52:32 - [MESSAGE][INFO] - User set preference: ['args', '[--no-sandbox]']

2021-04-08 08:52:32 - [MESSAGE][INFO] - Action delay is set to 5,000 milliseconds

2021-04-08 08:52:35 - [MESSAGE][PASSED] - Browser is opened with url: ''

2021-04-08 08:52:35 - [TEST_STEP][PASSED] - maximizeWindow(): Current window maximized

2021-04-08 08:52:35 - [MESSAGE][PASSED] - Current window maximized

2021-04-08 08:52:35 - [TEST_STEP][ERROR] - ctdc.utilities.runtestcaseforKatalon.testSetup(""): No signature of method: ctdc.utilities.runtestcaseforKatalon.testSetup() is applicable for argument types: (java.lang.String) values: []

2021-04-08 08:52:35 - [MESSAGE][ERROR] - No signature of method: ctdc.utilities.runtestcaseforKatalon.testSetup() is applicable for argument types: (java.lang.String) values: []

2021-04-08 08:52:35 - [TEST_STEP][PASSED] - Start listener action : renameManifestFile: null]]></system-out>
         <system-err><![CDATA[2021-04-08 08:52:30 - [TEST_CASE][ERROR] - Test Cases/Bento_TestCases/MultipleFilters/TC02_Bento_MultiFilter_Diagnosis-Recurrence-TumorSize-Chemo_2: Test Cases/Bento_TestCases/MultipleFilters/TC02_Bento_MultiFilter_Diagnosis-Recurrence-TumorSize-Chemo_2 FAILED.
Reason:
org.codehaus.groovy.runtime.metaclass.MissingMethodExceptionNoStack: No signature of method: ctdc.utilities.runtestcaseforKatalon.testSetup() is applicable for argument types: (java.lang.String) values: []]]></system-err>
      </testcase>
      <testcase name="Test Cases/Bento_TestCases/MultipleFilters/TC03_Bento_MultiFilter_Diagnosis-Recurrence-TumorSize-TumorGrade" time="5.35" classname="Test Cases/Bento_TestCases/MultipleFilters/TC03_Bento_MultiFilter_Diagnosis-Recurrence-TumorSize-TumorGrade" status="ERROR">
         <error type="ERROR" message="Test Cases/Bento_TestCases/MultipleFilters/TC03_Bento_MultiFilter_Diagnosis-Recurrence-TumorSize-TumorGrade FAILED.
Reason:
org.codehaus.groovy.runtime.metaclass.MissingMethodExceptionNoStack: No signature of method: ctdc.utilities.runtestcaseforKatalon.testSetup() is applicable for argument types: (java.lang.String) values: []
"/>
         <system-out><![CDATA[2021-04-08 08:52:35 - [TEST_CASE][ERROR] - Test Cases/Bento_TestCases/MultipleFilters/TC03_Bento_MultiFilter_Diagnosis-Recurrence-TumorSize-TumorGrade: Test Cases/Bento_TestCases/MultipleFilters/TC03_Bento_MultiFilter_Diagnosis-Recurrence-TumorSize-TumorGrade FAILED.
Reason:
org.codehaus.groovy.runtime.metaclass.MissingMethodExceptionNoStack: No signature of method: ctdc.utilities.runtestcaseforKatalon.testSetup() is applicable for argument types: (java.lang.String) values: []


2021-04-08 08:52:35 - [TEST_STEP][PASSED] - Start listener action : getTestScriptName: null

2021-04-08 08:52:35 - [TEST_STEP][PASSED] - TestCaseId = testCaseContext.getTestCaseId(): null

2021-04-08 08:52:35 - [TEST_STEP][PASSED] - out.println("**********this is the value of test case id string******** " + testCaseContext.getTestCaseId()): null

2021-04-08 08:52:35 - [TEST_STEP][PASSED] - G_currentTCName = TestCaseId.substring(TestCaseId.lastIndexOf("TC")): null

2021-04-08 08:52:35 - [TEST_STEP][PASSED] - out.println("This is the test case name : " + G_currentTCName): null

2021-04-08 08:52:36 - [TEST_STEP][PASSED] - closeBrowser(): Browser is closed

2021-04-08 08:52:37 - [MESSAGE][PASSED] - Browser is closed

2021-04-08 08:52:37 - [TEST_STEP][PASSED] - openBrowser(""): Browser is opened with url: ''

2021-04-08 08:52:37 - [MESSAGE][INFO] - Starting 'Chrome (headless)' driver

2021-04-08 08:52:37 - [MESSAGE][INFO] - User set preference: ['args', '[--no-sandbox]']

2021-04-08 08:52:37 - [MESSAGE][INFO] - Action delay is set to 5,000 milliseconds

2021-04-08 08:52:40 - [MESSAGE][PASSED] - Browser is opened with url: ''

2021-04-08 08:52:40 - [TEST_STEP][PASSED] - maximizeWindow(): Current window maximized

2021-04-08 08:52:40 - [MESSAGE][PASSED] - Current window maximized

2021-04-08 08:52:40 - [TEST_STEP][ERROR] - ctdc.utilities.runtestcaseforKatalon.testSetup(""): No signature of method: ctdc.utilities.runtestcaseforKatalon.testSetup() is applicable for argument types: (java.lang.String) values: []

2021-04-08 08:52:40 - [MESSAGE][ERROR] - No signature of method: ctdc.utilities.runtestcaseforKatalon.testSetup() is applicable for argument types: (java.lang.String) values: []

2021-04-08 08:52:40 - [TEST_STEP][PASSED] - Start listener action : renameManifestFile: null]]></system-out>
         <system-err><![CDATA[2021-04-08 08:52:35 - [TEST_CASE][ERROR] - Test Cases/Bento_TestCases/MultipleFilters/TC03_Bento_MultiFilter_Diagnosis-Recurrence-TumorSize-TumorGrade: Test Cases/Bento_TestCases/MultipleFilters/TC03_Bento_MultiFilter_Diagnosis-Recurrence-TumorSize-TumorGrade FAILED.
Reason:
org.codehaus.groovy.runtime.metaclass.MissingMethodExceptionNoStack: No signature of method: ctdc.utilities.runtestcaseforKatalon.testSetup() is applicable for argument types: (java.lang.String) values: []]]></system-err>
      </testcase>
      <system-out><![CDATA[2021-04-08 08:52:21 - [TEST_SUITE][ERROR] - Bento_TestSuite: Test Cases/Bento_TestCases/MultipleFilters/TC01_Bento_MultiFilter_Diagnosis-Recurrence-TumorSize-Chemo_1 FAILED.
Reason:
org.codehaus.groovy.runtime.metaclass.MissingMethodExceptionNoStack: No signature of method: ctdc.utilities.runtestcaseforKatalon.testSetup() is applicable for argument types: (java.lang.String) values: []]]></system-out>
      <system-err><![CDATA[2021-04-08 08:52:21 - [TEST_SUITE][ERROR] - Bento_TestSuite: Test Cases/Bento_TestCases/MultipleFilters/TC01_Bento_MultiFilter_Diagnosis-Recurrence-TumorSize-Chemo_1 FAILED.
Reason:
org.codehaus.groovy.runtime.metaclass.MissingMethodExceptionNoStack: No signature of method: ctdc.utilities.runtestcaseforKatalon.testSetup() is applicable for argument types: (java.lang.String) values: []]]></system-err>
   </testsuite>
</testsuites>
