<?xml version="1.0" encoding="UTF-8"?>
<testsuites name="ICDC_NewStudy" time="8785.194" tests="11" failures="0" errors="1">
   <testsuite name="ICDC_NewStudy" tests="11" failures="0" errors="1" time="8785.194" timestamp="2021-04-14 21:39:57" hostname="radhakrishnang2 - 10.242.162.61" id="Test Suites/ICDC_NewStudy">
      <properties>
         <property name="deviceName" value=""/>
         <property name="devicePlatform" value=""/>
         <property name="logFolder" value="C:\\Users\\radhakrishnang2\\Desktop\\Commons_Automation\\Reports\\20210414_213945\\ICDC_NewStudy\\20210414_213945"/>
         <property name="logFiles" value="C:\\Users\\radhakrishnang2\\Desktop\\Commons_Automation\\Reports\\20210414_213945\\ICDC_NewStudy\\20210414_213945\\execution0.log"/>
         <property name="attachments" value=""/>
         <property name="hostName" value="radhakrishnang2 - 10.242.162.61"/>
         <property name="os" value="Windows 10 64bit"/>
         <property name="katalonVersion" value="7.7.0.205"/>
         <property name="browser" value="Chrome 89.0.4389.114"/>
         <property name="hostAddress" value="10.242.162.61"/>
         <property name="sessionId" value="17631910e3616a87badb990df91bfb7a"/>
         <property name="seleniumVersion" value="3.141.59"/>
         <property name="proxyInformation" value="ProxyInformation { proxyOption=NO_PROXY, proxyServerType=HTTP, username=, password=********, proxyServerAddress=, proxyServerPort=0, executionList=&quot;&quot;, isApplyToDesiredCapabilities=true }"/>
         <property name="platform" value="Windows 10"/>
      </properties>
      <testcase name="Test Cases/Canine_TestCases/Study/TC04_Canine_Filter_Study-UBC" time="883.068" classname="Test Cases/Canine_TestCases/Study/TC04_Canine_Filter_Study-UBC" status="PASSED">
         <system-out><![CDATA[2021-04-14 21:39:58 - [TEST_CASE][PASSED] - Test Cases/Canine_TestCases/Study/TC04_Canine_Filter_Study-UBC: Test Cases/Canine_TestCases/Study/TC04_Canine_Filter_Study-UBC

2021-04-14 21:40:02 - [TEST_STEP][PASSED] - openBrowser(""): Browser is opened with url: ''

2021-04-14 21:40:04 - [MESSAGE][INFO] - Starting 'Chrome (headless)' driver

2021-04-14 21:40:04 - [MESSAGE][INFO] - User set preference: ['args', '[--no-sandbox]']

2021-04-14 21:40:04 - [MESSAGE][INFO] - Action delay is set to 5,000 milliseconds

2021-04-14 21:40:13 - [MESSAGE][PASSED] - Browser is opened with url: ''

2021-04-14 21:40:13 - [TEST_STEP][PASSED] - maximizeWindow(): Current window maximized

2021-04-14 21:40:13 - [MESSAGE][PASSED] - Current window maximized

2021-04-14 21:40:13 - [TEST_STEP][PASSED] - "Driver opened by Katalon is used in Selenium from this step.": null

2021-04-14 21:40:13 - [TEST_STEP][PASSED] - ctdc.utilities.runtestcaseforKatalon.RunKatalon("TC04_Canine_Filter_Study-UBC.xlsx"): Data loaded from input file for the test case. 

2021-04-14 21:40:14 - [MESSAGE][PASSED] - Test case file loaded This is the full filepath after converting to string :C:\Users\radhakrishnang2\Desktop\Commons_Automation\InputFiles\TC04_Canine_Filter_Study-UBC.xlsx

2021-04-14 21:40:15 - [MESSAGE][WARNING] - Test object id is null

2021-04-14 21:40:16 - [MESSAGE][INFO] - Global variable set for password file is :  C:\Users\radhakrishnang2\Desktop\Commons_Automation\InputFiles\TC04_Canine_Filter_Study-UBC.xlsx

2021-04-14 21:40:19 - [MESSAGE][PASSED] - Data loaded from input file for the test case. 

2021-04-14 21:40:59 - [TEST_STEP][PASSED] - waitForElementPresent(findTestObject("Canine/NavBar/Canine_Cases_Btn"), 5): Object 'Object Repository/Canine/NavBar/Canine_Cases_Btn' is not present after 5 second(s)

2021-04-14 21:41:05 - [MESSAGE][INFO] - Unable to find the element located by 'By.xpath: //a[contains(@href,'cases')]'. Please recheck the objects properties to make sure the desired element is located. 

2021-04-14 21:41:05 - [MESSAGE][WARNING] - Object 'Object Repository/Canine/NavBar/Canine_Cases_Btn' is not present after 5 second(s)

2021-04-14 21:41:05 - [TEST_STEP][PASSED] - ctdc.utilities.runtestcaseforKatalon.clickTab("Canine/NavBar/Canine_Cases_Btn"): ctdc.utilities.runtestcaseforKatalon.clickTab is PASSED

2021-04-14 21:41:06 - [MESSAGE][PASSED] - ctdc.utilities.runtestcaseforKatalon.clickTab is PASSED

2021-04-14 21:41:06 - [TEST_STEP][PASSED] - waitForElementPresent(findTestObject("Object Repository/Canine/Filter/FilterByCases_Facet"), 5): Object 'Object Repository/Canine/Filter/FilterByCases_Facet' is not present after 5 second(s)

2021-04-14 21:41:12 - [MESSAGE][INFO] - Unable to find the element located by 'By.xpath: //*[contains(text(),'Filter By Cases')]'. Please recheck the objects properties to make sure the desired element is located. 

2021-04-14 21:41:12 - [MESSAGE][WARNING] - Object 'Object Repository/Canine/Filter/FilterByCases_Facet' is not present after 5 second(s)

2021-04-14 21:41:12 - [TEST_STEP][PASSED] - ctdc.utilities.runtestcaseforKatalon.clickTab("Object Repository/Canine/Filter/FilterByCases_Facet"): ctdc.utilities.runtestcaseforKatalon.clickTab is PASSED

2021-04-14 21:41:13 - [MESSAGE][PASSED] - ctdc.utilities.runtestcaseforKatalon.clickTab is PASSED

2021-04-14 21:41:13 - [TEST_STEP][PASSED] - waitForElementPresent(findTestObject("Object Repository/Canine/Filter/Study/Canine_Filter_Study"), 5): Object 'Object Repository/Canine/Filter/Study/Canine_Filter_Study' is not present after 5 second(s)

2021-04-14 21:41:20 - [MESSAGE][INFO] - Unable to find the element located by 'By.xpath: //*[@id='Study']'. Please recheck the objects properties to make sure the desired element is located. 

2021-04-14 21:41:20 - [MESSAGE][WARNING] - Object 'Object Repository/Canine/Filter/Study/Canine_Filter_Study' is not present after 5 second(s)

2021-04-14 21:41:20 - [TEST_STEP][PASSED] - ctdc.utilities.runtestcaseforKatalon.clickTab("Object Repository/Canine/Filter/Study/Canine_Filter_Study"): ctdc.utilities.runtestcaseforKatalon.clickTab is PASSED

2021-04-14 21:41:21 - [MESSAGE][PASSED] - ctdc.utilities.runtestcaseforKatalon.clickTab is PASSED

2021-04-14 21:41:21 - [TEST_STEP][PASSED] - ctdc.utilities.runtestcaseforKatalon.clickTab("Object Repository/Canine/Filter/Study/Canine_Filter_Study-UBC_Chkbx"): ctdc.utilities.runtestcaseforKatalon.clickTab is PASSED

2021-04-14 21:41:21 - [MESSAGE][PASSED] - ctdc.utilities.runtestcaseforKatalon.clickTab is PASSED

2021-04-14 21:41:21 - [TEST_STEP][PASSED] - ctdc.utilities.runtestcaseforKatalon.readStatBarCanine("Object Repository/Canine/StatBar/Canine_StatBar-Studies", "Object Repository/Canine/StatBar/Canine_StatBar-Cases", "Object Repository/Canine/StatBar/Canine_StatBar-Samples", "Object Repository/Canine/StatBar/Canine_StatBar-Files", "Object Repository/Canine/StatBar/Canine_StatBar-Aliquots"): ctdc.utilities.runtestcaseforKatalon.readStatBarCanine is PASSED

2021-04-14 21:41:38 - [MESSAGE][PASSED] - ctdc.utilities.runtestcaseforKatalon.readStatBarCanine is PASSED

2021-04-14 21:41:38 - [TEST_STEP][PASSED] - waitForElementPresent(findTestObject("Object Repository/Canine/CanineResults_Cases_Tab"), 5): Object 'Object Repository/Canine/CanineResults_Cases_Tab' is not present after 5 second(s)

2021-04-14 21:41:45 - [MESSAGE][INFO] - Unable to find the element located by 'By.xpath: //*[@id="case_tab"]'. Please recheck the objects properties to make sure the desired element is located. 

2021-04-14 21:41:45 - [MESSAGE][WARNING] - Object 'Object Repository/Canine/CanineResults_Cases_Tab' is not present after 5 second(s)

2021-04-14 21:41:45 - [TEST_STEP][PASSED] - ctdc.utilities.runtestcaseforKatalon.clickTab("Object Repository/Canine/CanineResults_Cases_Tab"): ctdc.utilities.runtestcaseforKatalon.clickTab is PASSED

2021-04-14 21:41:46 - [MESSAGE][PASSED] - ctdc.utilities.runtestcaseforKatalon.clickTab is PASSED

2021-04-14 21:41:46 - [TEST_STEP][PASSED] - ctdc.utilities.runtestcaseforKatalon.multiFunction("ICDC", G_StatBar_Cases, "Object Repository/Canine/Canine_CasesTable", "Object Repository/Canine/Canine_TableHeader", "Object Repository/Canine/Canine_CasesTabNextBtn", G_WebTabnameCases, G_CypherTabnameCases, G_QueryCasesTab): Statbar Arms count matches

2021-04-14 21:43:41 - [MESSAGE][PASSED] - Statbar Files count matches

2021-04-14 21:43:41 - [MESSAGE][PASSED] - Statbar Samples count matches

2021-04-14 21:43:41 - [MESSAGE][PASSED] - Statbar Cases count matches

2021-04-14 21:43:41 - [MESSAGE][PASSED] - Statbar Arms count matches

2021-04-14 21:43:41 - [TEST_STEP][PASSED] - waitForElementPresent(findTestObject("Object Repository/Canine/CanineResults_Samples_Tab"), 5): Object 'Object Repository/Canine/CanineResults_Samples_Tab' is not present after 5 second(s)

2021-04-14 21:43:47 - [MESSAGE][INFO] - Unable to find the element located by 'By.xpath: //*[@id="sample_tab"]'. Please recheck the objects properties to make sure the desired element is located. 

2021-04-14 21:43:47 - [MESSAGE][WARNING] - Object 'Object Repository/Canine/CanineResults_Samples_Tab' is not present after 5 second(s)

2021-04-14 21:43:47 - [TEST_STEP][PASSED] - ctdc.utilities.runtestcaseforKatalon.clickTab("Object Repository/Canine/CanineResults_Samples_Tab"): ctdc.utilities.runtestcaseforKatalon.clickTab is PASSED

2021-04-14 21:43:49 - [MESSAGE][PASSED] - ctdc.utilities.runtestcaseforKatalon.clickTab is PASSED

2021-04-14 21:43:49 - [TEST_STEP][PASSED] - ctdc.utilities.runtestcaseforKatalon.multiFunction("ICDC", G_StatBar_Samples, "Object Repository/Canine/Canine_Samples_Table", "Object Repository/Canine/Canine_Samples_TableHdr", "Object Repository/Canine/Canine_SamplesTabNextBtn", G_WebTabnameSamples, G_CypherTabnameSamples, G_QuerySamplesTab): Statbar Arms count matches

2021-04-14 21:47:44 - [MESSAGE][PASSED] - Statbar Files count matches

2021-04-14 21:47:44 - [MESSAGE][PASSED] - Statbar Samples count matches

2021-04-14 21:47:44 - [MESSAGE][PASSED] - Statbar Cases count matches

2021-04-14 21:47:44 - [MESSAGE][PASSED] - Statbar Arms count matches

2021-04-14 21:47:44 - [TEST_STEP][PASSED] - waitForElementPresent(findTestObject("Object Repository/Canine/CanineResults_Files_Tab"), 5): Object 'Object Repository/Canine/CanineResults_Files_Tab' is not present after 5 second(s)

2021-04-14 21:47:51 - [MESSAGE][INFO] - Unable to find the element located by 'By.xpath: //*[@id="file_tab"]'. Please recheck the objects properties to make sure the desired element is located. 

2021-04-14 21:47:51 - [MESSAGE][WARNING] - Object 'Object Repository/Canine/CanineResults_Files_Tab' is not present after 5 second(s)

2021-04-14 21:47:51 - [TEST_STEP][PASSED] - ctdc.utilities.runtestcaseforKatalon.clickTab("Object Repository/Canine/CanineResults_Files_Tab"): ctdc.utilities.runtestcaseforKatalon.clickTab is PASSED

2021-04-14 21:47:53 - [MESSAGE][PASSED] - ctdc.utilities.runtestcaseforKatalon.clickTab is PASSED

2021-04-14 21:47:53 - [TEST_STEP][PASSED] - ctdc.utilities.runtestcaseforKatalon.multiFunction("ICDC", G_StatBar_Files, "Object Repository/Canine/Canine_Files_Table", "Object Repository/Canine/Canine_Files_TableHdr", "Object Repository/Canine/Canine_FilesTabNextBtn", G_WebTabnameFiles, G_CypherTabnameFiles, G_QueryFilesTab): Statbar Arms count matches

2021-04-14 21:54:39 - [MESSAGE][PASSED] - Statbar Files count matches

2021-04-14 21:54:39 - [MESSAGE][PASSED] - Statbar Samples count matches

2021-04-14 21:54:39 - [MESSAGE][PASSED] - Statbar Cases count matches

2021-04-14 21:54:39 - [MESSAGE][PASSED] - Statbar Arms count matches

2021-04-14 21:54:39 - [TEST_STEP][PASSED] - closeBrowser(): Browser is closed

2021-04-14 21:54:41 - [MESSAGE][PASSED] - Browser is closed]]></system-out>
         <system-err><![CDATA[]]></system-err>
      </testcase>
      <testcase name="Test Cases/Canine_TestCases/Study-Combinations/TC01_Canine_StudyUBC-Breed_Diagnosis_PrimDiseaseSite" time="578.082" classname="Test Cases/Canine_TestCases/Study-Combinations/TC01_Canine_StudyUBC-Breed_Diagnosis_PrimDiseaseSite" status="PASSED">
         <system-out><![CDATA[2021-04-14 21:54:42 - [TEST_CASE][PASSED] - Test Cases/Canine_TestCases/Study-Combinations/TC01_Canine_StudyUBC-Breed_Diagnosis_PrimDiseaseSite: Test Cases/Canine_TestCases/Study-Combinations/TC01_Canine_StudyUBC-Breed_Diagnosis_PrimDiseaseSite

2021-04-14 21:54:44 - [TEST_STEP][PASSED] - openBrowser(""): Browser is opened with url: ''

2021-04-14 21:54:44 - [MESSAGE][INFO] - Starting 'Chrome (headless)' driver

2021-04-14 21:54:44 - [MESSAGE][INFO] - User set preference: ['args', '[--no-sandbox]']

2021-04-14 21:54:44 - [MESSAGE][INFO] - Action delay is set to 5,000 milliseconds

2021-04-14 21:54:49 - [MESSAGE][PASSED] - Browser is opened with url: ''

2021-04-14 21:54:49 - [TEST_STEP][PASSED] - maximizeWindow(): Current window maximized

2021-04-14 21:54:49 - [MESSAGE][PASSED] - Current window maximized

2021-04-14 21:54:49 - [TEST_STEP][PASSED] - "Driver opened by Katalon is used in Selenium from this step.": null

2021-04-14 21:54:49 - [TEST_STEP][PASSED] - ctdc.utilities.runtestcaseforKatalon.RunKatalon("TC01_Canine_StudyUBC-Breed_Diagnosis_PrimDiseaseSite.xlsx"): Data loaded from input file for the test case. 

2021-04-14 21:54:49 - [MESSAGE][PASSED] - Test case file loaded This is the full filepath after converting to string :C:\Users\radhakrishnang2\Desktop\Commons_Automation\InputFiles\TC01_Canine_StudyUBC-Breed_Diagnosis_PrimDiseaseSite.xlsx

2021-04-14 21:54:49 - [MESSAGE][INFO] - Global variable set for password file is :  C:\Users\radhakrishnang2\Desktop\Commons_Automation\InputFiles\TC01_Canine_StudyUBC-Breed_Diagnosis_PrimDiseaseSite.xlsx

2021-04-14 21:54:49 - [MESSAGE][PASSED] - Data loaded from input file for the test case. 

2021-04-14 21:56:24 - [TEST_STEP][PASSED] - waitForElementPresent(findTestObject("Canine/NavBar/Canine_Cases_Btn"), 10): Object 'Object Repository/Canine/NavBar/Canine_Cases_Btn' is not present after 10 second(s)

2021-04-14 21:56:35 - [MESSAGE][INFO] - Unable to find the element located by 'By.xpath: //a[contains(@href,'cases')]'. Please recheck the objects properties to make sure the desired element is located. 

2021-04-14 21:56:35 - [MESSAGE][WARNING] - Object 'Object Repository/Canine/NavBar/Canine_Cases_Btn' is not present after 10 second(s)

2021-04-14 21:56:35 - [TEST_STEP][PASSED] - ctdc.utilities.runtestcaseforKatalon.clickTab("Canine/NavBar/Canine_Cases_Btn"): ctdc.utilities.runtestcaseforKatalon.clickTab is PASSED

2021-04-14 21:56:36 - [MESSAGE][PASSED] - ctdc.utilities.runtestcaseforKatalon.clickTab is PASSED

2021-04-14 21:56:36 - [TEST_STEP][PASSED] - waitForElementPresent(findTestObject("Object Repository/Canine/Filter/FilterByCases_Facet"), 10): Object 'Object Repository/Canine/Filter/FilterByCases_Facet' is not present after 10 second(s)

2021-04-14 21:56:47 - [MESSAGE][INFO] - Unable to find the element located by 'By.xpath: //*[contains(text(),'Filter By Cases')]'. Please recheck the objects properties to make sure the desired element is located. 

2021-04-14 21:56:47 - [MESSAGE][WARNING] - Object 'Object Repository/Canine/Filter/FilterByCases_Facet' is not present after 10 second(s)

2021-04-14 21:56:47 - [TEST_STEP][PASSED] - ctdc.utilities.runtestcaseforKatalon.clickTab("Object Repository/Canine/Filter/FilterByCases_Facet"): ctdc.utilities.runtestcaseforKatalon.clickTab is PASSED

2021-04-14 21:56:48 - [MESSAGE][PASSED] - ctdc.utilities.runtestcaseforKatalon.clickTab is PASSED

2021-04-14 21:56:48 - [TEST_STEP][PASSED] - waitForElementPresent(findTestObject("Object Repository/Canine/Filter/Study/Canine_Filter_Study"), 10): Object 'Object Repository/Canine/Filter/Study/Canine_Filter_Study' is not present after 10 second(s)

2021-04-14 21:56:59 - [MESSAGE][INFO] - Unable to find the element located by 'By.xpath: //*[@id='Study']'. Please recheck the objects properties to make sure the desired element is located. 

2021-04-14 21:56:59 - [MESSAGE][WARNING] - Object 'Object Repository/Canine/Filter/Study/Canine_Filter_Study' is not present after 10 second(s)

2021-04-14 21:56:59 - [TEST_STEP][PASSED] - ctdc.utilities.runtestcaseforKatalon.clickTab("Object Repository/Canine/Filter/Study/Canine_Filter_Study"): ctdc.utilities.runtestcaseforKatalon.clickTab is PASSED

2021-04-14 21:57:00 - [MESSAGE][PASSED] - ctdc.utilities.runtestcaseforKatalon.clickTab is PASSED

2021-04-14 21:57:00 - [TEST_STEP][PASSED] - waitForElementPresent(findTestObject("Object Repository/Canine/Filter/Study/Canine_Filter_Study-UBC_Chkbx"), 10): Object 'Object Repository/Canine/Filter/Study/Canine_Filter_Study-UBC_Chkbx' is not present after 10 second(s)

2021-04-14 21:57:12 - [MESSAGE][INFO] - Unable to find the element located by 'By.xpath: (//*[contains(text(),'UBC')])[1]'. Please recheck the objects properties to make sure the desired element is located. 

2021-04-14 21:57:12 - [MESSAGE][WARNING] - Object 'Object Repository/Canine/Filter/Study/Canine_Filter_Study-UBC_Chkbx' is not present after 10 second(s)

2021-04-14 21:57:12 - [TEST_STEP][PASSED] - ctdc.utilities.runtestcaseforKatalon.clickTab("Object Repository/Canine/Filter/Study/Canine_Filter_Study-UBC_Chkbx"): ctdc.utilities.runtestcaseforKatalon.clickTab is PASSED

2021-04-14 21:57:12 - [MESSAGE][PASSED] - ctdc.utilities.runtestcaseforKatalon.clickTab is PASSED

2021-04-14 21:57:12 - [TEST_STEP][PASSED] - Thread.sleep(2000): null

2021-04-14 21:57:14 - [TEST_STEP][PASSED] - waitForElementPresent(findTestObject("Object Repository/Canine/Filter/Breed/BREED_Ddn"), 10): Object 'Object Repository/Canine/Filter/Breed/BREED_Ddn' is not present after 10 second(s)

2021-04-14 21:57:26 - [MESSAGE][INFO] - Unable to find the element located by 'By.xpath: //*[@id='Breed']'. Please recheck the objects properties to make sure the desired element is located. 

2021-04-14 21:57:26 - [MESSAGE][WARNING] - Object 'Object Repository/Canine/Filter/Breed/BREED_Ddn' is not present after 10 second(s)

2021-04-14 21:57:26 - [TEST_STEP][PASSED] - ctdc.utilities.runtestcaseforKatalon.clickTab("Object Repository/Canine/Filter/Breed/BREED_Ddn"): ctdc.utilities.runtestcaseforKatalon.clickTab is PASSED

2021-04-14 21:57:26 - [MESSAGE][PASSED] - ctdc.utilities.runtestcaseforKatalon.clickTab is PASSED

2021-04-14 21:57:26 - [TEST_STEP][PASSED] - waitForElementPresent(findTestObject("Object Repository/Canine/Filter/Breed/Beagle_Chkbx"), 10): Object 'Object Repository/Canine/Filter/Breed/Beagle_Chkbx' is not present after 10 second(s)

2021-04-14 21:57:37 - [MESSAGE][INFO] - Unable to find the element located by 'By.xpath: //*[contains(text(),'Beagle')]'. Please recheck the objects properties to make sure the desired element is located. 

2021-04-14 21:57:37 - [MESSAGE][WARNING] - Object 'Object Repository/Canine/Filter/Breed/Beagle_Chkbx' is not present after 10 second(s)

2021-04-14 21:57:37 - [TEST_STEP][PASSED] - ctdc.utilities.runtestcaseforKatalon.clickTab("Object Repository/Canine/Filter/Breed/Beagle_Chkbx"): ctdc.utilities.runtestcaseforKatalon.clickTab is PASSED

2021-04-14 21:57:38 - [MESSAGE][PASSED] - ctdc.utilities.runtestcaseforKatalon.clickTab is PASSED

2021-04-14 21:57:38 - [TEST_STEP][PASSED] - waitForElementPresent(findTestObject("Object Repository/Canine/Filter/Breed/Mixed_Chkbx"), 10): Object 'Object Repository/Canine/Filter/Breed/Mixed_Chkbx' is not present after 10 second(s)

2021-04-14 21:57:49 - [MESSAGE][INFO] - Unable to find the element located by 'By.xpath: //*[contains(text(),'Mixed Breed')]'. Please recheck the objects properties to make sure the desired element is located. 

2021-04-14 21:57:49 - [MESSAGE][WARNING] - Object 'Object Repository/Canine/Filter/Breed/Mixed_Chkbx' is not present after 10 second(s)

2021-04-14 21:57:49 - [TEST_STEP][PASSED] - ctdc.utilities.runtestcaseforKatalon.clickTab("Object Repository/Canine/Filter/Breed/Mixed_Chkbx"): ctdc.utilities.runtestcaseforKatalon.clickTab is PASSED

2021-04-14 21:57:50 - [MESSAGE][PASSED] - ctdc.utilities.runtestcaseforKatalon.clickTab is PASSED

2021-04-14 21:57:50 - [TEST_STEP][PASSED] - ctdc.utilities.runtestcaseforKatalon.clickTab("Object Repository/Canine/Filter/Breed/BREED_Ddn"): ctdc.utilities.runtestcaseforKatalon.clickTab is PASSED

2021-04-14 21:57:50 - [MESSAGE][PASSED] - ctdc.utilities.runtestcaseforKatalon.clickTab is PASSED

2021-04-14 21:57:50 - [TEST_STEP][PASSED] - Thread.sleep(2000): null

2021-04-14 21:57:52 - [TEST_STEP][PASSED] - waitForElementPresent(findTestObject("Object Repository/Canine/Filter/Diagnosis/DIAGNOSIS_Ddn"), 10): Object 'Object Repository/Canine/Filter/Diagnosis/DIAGNOSIS_Ddn' is not present after 10 second(s)

2021-04-14 21:58:04 - [MESSAGE][INFO] - Unable to find the element located by 'By.xpath: (//*[@id='Diagnosis'])[1]'. Please recheck the objects properties to make sure the desired element is located. 

2021-04-14 21:58:04 - [MESSAGE][WARNING] - Object 'Object Repository/Canine/Filter/Diagnosis/DIAGNOSIS_Ddn' is not present after 10 second(s)

2021-04-14 21:58:04 - [TEST_STEP][PASSED] - ctdc.utilities.runtestcaseforKatalon.clickTab("Object Repository/Canine/Filter/Diagnosis/DIAGNOSIS_Ddn"): ctdc.utilities.runtestcaseforKatalon.clickTab is PASSED

2021-04-14 21:58:05 - [MESSAGE][PASSED] - ctdc.utilities.runtestcaseforKatalon.clickTab is PASSED

2021-04-14 21:58:05 - [TEST_STEP][PASSED] - waitForElementPresent(findTestObject("Object Repository/Canine/Filter/Diagnosis/BladderCancer_Chkbx"), 10): Object 'Object Repository/Canine/Filter/Diagnosis/BladderCancer_Chkbx' is not present after 10 second(s)

2021-04-14 21:58:16 - [MESSAGE][INFO] - Unable to find the element located by 'By.xpath: //*[contains(text(),'Bladder Cancer')]'. Please recheck the objects properties to make sure the desired element is located. 

2021-04-14 21:58:16 - [MESSAGE][WARNING] - Object 'Object Repository/Canine/Filter/Diagnosis/BladderCancer_Chkbx' is not present after 10 second(s)

2021-04-14 21:58:16 - [TEST_STEP][PASSED] - ctdc.utilities.runtestcaseforKatalon.clickTab("Object Repository/Canine/Filter/Diagnosis/BladderCancer_Chkbx"): ctdc.utilities.runtestcaseforKatalon.clickTab is PASSED

2021-04-14 21:58:16 - [MESSAGE][PASSED] - ctdc.utilities.runtestcaseforKatalon.clickTab is PASSED

2021-04-14 21:58:16 - [TEST_STEP][PASSED] - waitForElementPresent(findTestObject("Object Repository/Canine/Filter/Diagnosis/HealthyControl_Chkbx"), 10): Object 'Object Repository/Canine/Filter/Diagnosis/HealthyControl_Chkbx' is not present after 10 second(s)

2021-04-14 21:58:28 - [MESSAGE][INFO] - Unable to find the element located by 'By.xpath: //*[contains(text(),'Healthy Control')]'. Please recheck the objects properties to make sure the desired element is located. 

2021-04-14 21:58:28 - [MESSAGE][WARNING] - Object 'Object Repository/Canine/Filter/Diagnosis/HealthyControl_Chkbx' is not present after 10 second(s)

2021-04-14 21:58:28 - [TEST_STEP][PASSED] - ctdc.utilities.runtestcaseforKatalon.clickTab("Object Repository/Canine/Filter/Diagnosis/HealthyControl_Chkbx"): ctdc.utilities.runtestcaseforKatalon.clickTab is PASSED

2021-04-14 21:58:29 - [MESSAGE][PASSED] - ctdc.utilities.runtestcaseforKatalon.clickTab is PASSED

2021-04-14 21:58:29 - [TEST_STEP][PASSED] - ctdc.utilities.runtestcaseforKatalon.clickTab("Object Repository/Canine/Filter/Diagnosis/DIAGNOSIS_Ddn"): ctdc.utilities.runtestcaseforKatalon.clickTab is PASSED

2021-04-14 21:58:31 - [MESSAGE][PASSED] - ctdc.utilities.runtestcaseforKatalon.clickTab is PASSED

2021-04-14 21:58:31 - [TEST_STEP][PASSED] - Thread.sleep(2000): null

2021-04-14 21:58:33 - [TEST_STEP][PASSED] - waitForElementPresent(findTestObject("Object Repository/Canine/Filter/PrimDiseaseSite/PRIMARYDISEASESITE_Ddn"), 10): Object 'Object Repository/Canine/Filter/PrimDiseaseSite/PRIMARYDISEASESITE_Ddn' is not present after 10 second(s)

2021-04-14 21:58:44 - [MESSAGE][INFO] - Unable to find the element located by 'By.xpath: //*[@id='Primary Disease Site']'. Please recheck the objects properties to make sure the desired element is located. 

2021-04-14 21:58:44 - [MESSAGE][WARNING] - Object 'Object Repository/Canine/Filter/PrimDiseaseSite/PRIMARYDISEASESITE_Ddn' is not present after 10 second(s)

2021-04-14 21:58:44 - [TEST_STEP][PASSED] - ctdc.utilities.runtestcaseforKatalon.clickTab("Object Repository/Canine/Filter/PrimDiseaseSite/PRIMARYDISEASESITE_Ddn"): ctdc.utilities.runtestcaseforKatalon.clickTab is PASSED

2021-04-14 21:58:45 - [MESSAGE][PASSED] - ctdc.utilities.runtestcaseforKatalon.clickTab is PASSED

2021-04-14 21:58:45 - [TEST_STEP][PASSED] - waitForElementPresent(findTestObject("Object Repository/Canine/Filter/PrimDiseaseSite/BladderProstate_Chkbx"), 10): Object 'Object Repository/Canine/Filter/PrimDiseaseSite/BladderProstate_Chkbx' is not present after 10 second(s)

2021-04-14 21:58:56 - [MESSAGE][INFO] - Unable to find the element located by 'By.xpath: //*[contains(text(),'Bladder, Prostate')]'. Please recheck the objects properties to make sure the desired element is located. 

2021-04-14 21:58:56 - [MESSAGE][WARNING] - Object 'Object Repository/Canine/Filter/PrimDiseaseSite/BladderProstate_Chkbx' is not present after 10 second(s)

2021-04-14 21:58:56 - [TEST_STEP][PASSED] - ctdc.utilities.runtestcaseforKatalon.clickTab("Object Repository/Canine/Filter/PrimDiseaseSite/BladderProstate_Chkbx"): ctdc.utilities.runtestcaseforKatalon.clickTab is PASSED

2021-04-14 21:58:57 - [MESSAGE][PASSED] - ctdc.utilities.runtestcaseforKatalon.clickTab is PASSED

2021-04-14 21:58:57 - [TEST_STEP][PASSED] - waitForElementPresent(findTestObject("Object Repository/Canine/Filter/PrimDiseaseSite/BladderUrethra_Chkbx"), 10): Object 'Object Repository/Canine/Filter/PrimDiseaseSite/BladderUrethra_Chkbx' is not present after 10 second(s)

2021-04-14 21:59:08 - [MESSAGE][INFO] - Unable to find the element located by 'By.xpath: (//*[contains(text(),'Bladder, Urethra')])[1]'. Please recheck the objects properties to make sure the desired element is located. 

2021-04-14 21:59:08 - [MESSAGE][WARNING] - Object 'Object Repository/Canine/Filter/PrimDiseaseSite/BladderUrethra_Chkbx' is not present after 10 second(s)

2021-04-14 21:59:08 - [TEST_STEP][PASSED] - ctdc.utilities.runtestcaseforKatalon.clickTab("Object Repository/Canine/Filter/PrimDiseaseSite/BladderUrethra_Chkbx"): ctdc.utilities.runtestcaseforKatalon.clickTab is PASSED

2021-04-14 21:59:09 - [MESSAGE][PASSED] - ctdc.utilities.runtestcaseforKatalon.clickTab is PASSED

2021-04-14 21:59:09 - [TEST_STEP][PASSED] - ctdc.utilities.runtestcaseforKatalon.clickTab("Object Repository/Canine/Filter/PrimDiseaseSite/PRIMARYDISEASESITE_Ddn"): ctdc.utilities.runtestcaseforKatalon.clickTab is PASSED

2021-04-14 21:59:09 - [MESSAGE][PASSED] - ctdc.utilities.runtestcaseforKatalon.clickTab is PASSED

2021-04-14 21:59:09 - [TEST_STEP][PASSED] - Thread.sleep(2000): null

2021-04-14 21:59:11 - [TEST_STEP][PASSED] - ctdc.utilities.runtestcaseforKatalon.readStatBarCanine("Object Repository/Canine/StatBar/Canine_StatBar-Studies", "Object Repository/Canine/StatBar/Canine_StatBar-Cases", "Object Repository/Canine/StatBar/Canine_StatBar-Samples", "Object Repository/Canine/StatBar/Canine_StatBar-Files", "Object Repository/Canine/StatBar/Canine_StatBar-Aliquots"): ctdc.utilities.runtestcaseforKatalon.readStatBarCanine is PASSED

2021-04-14 21:59:27 - [MESSAGE][PASSED] - ctdc.utilities.runtestcaseforKatalon.readStatBarCanine is PASSED

2021-04-14 21:59:27 - [TEST_STEP][PASSED] - waitForElementPresent(findTestObject("Object Repository/Canine/CanineResults_Cases_Tab"), 5): Object 'Object Repository/Canine/CanineResults_Cases_Tab' is not present after 5 second(s)

2021-04-14 21:59:33 - [MESSAGE][INFO] - Unable to find the element located by 'By.xpath: //*[@id="case_tab"]'. Please recheck the objects properties to make sure the desired element is located. 

2021-04-14 21:59:33 - [MESSAGE][WARNING] - Object 'Object Repository/Canine/CanineResults_Cases_Tab' is not present after 5 second(s)

2021-04-14 21:59:33 - [TEST_STEP][PASSED] - ctdc.utilities.runtestcaseforKatalon.clickTab("Object Repository/Canine/CanineResults_Cases_Tab"): ctdc.utilities.runtestcaseforKatalon.clickTab is PASSED

2021-04-14 21:59:34 - [MESSAGE][PASSED] - ctdc.utilities.runtestcaseforKatalon.clickTab is PASSED

2021-04-14 21:59:34 - [TEST_STEP][PASSED] - ctdc.utilities.runtestcaseforKatalon.multiFunction("ICDC", G_StatBar_Cases, "Object Repository/Canine/Canine_CasesTable", "Object Repository/Canine/Canine_TableHeader", "Object Repository/Canine/Canine_CasesTabNextBtn", G_WebTabnameCases, G_CypherTabnameCases, G_QueryCasesTab): Statbar Arms count matches

2021-04-14 22:00:11 - [MESSAGE][PASSED] - Statbar Files count matches

2021-04-14 22:00:11 - [MESSAGE][PASSED] - Statbar Samples count matches

2021-04-14 22:00:11 - [MESSAGE][PASSED] - Statbar Cases count matches

2021-04-14 22:00:11 - [MESSAGE][PASSED] - Statbar Arms count matches

2021-04-14 22:00:11 - [TEST_STEP][PASSED] - waitForElementPresent(findTestObject("Object Repository/Canine/CanineResults_Samples_Tab"), 5): Object 'Object Repository/Canine/CanineResults_Samples_Tab' is not present after 5 second(s)

2021-04-14 22:00:18 - [MESSAGE][INFO] - Unable to find the element located by 'By.xpath: //*[@id="sample_tab"]'. Please recheck the objects properties to make sure the desired element is located. 

2021-04-14 22:00:18 - [MESSAGE][WARNING] - Object 'Object Repository/Canine/CanineResults_Samples_Tab' is not present after 5 second(s)

2021-04-14 22:00:18 - [TEST_STEP][PASSED] - ctdc.utilities.runtestcaseforKatalon.clickTab("Object Repository/Canine/CanineResults_Samples_Tab"): ctdc.utilities.runtestcaseforKatalon.clickTab is PASSED

2021-04-14 22:00:19 - [MESSAGE][PASSED] - ctdc.utilities.runtestcaseforKatalon.clickTab is PASSED

2021-04-14 22:00:19 - [TEST_STEP][PASSED] - ctdc.utilities.runtestcaseforKatalon.multiFunction("ICDC", G_StatBar_Samples, "Object Repository/Canine/Canine_Samples_Table", "Object Repository/Canine/Canine_Samples_TableHdr", "Object Repository/Canine/Canine_SamplesTabNextBtn", G_WebTabnameSamples, G_CypherTabnameSamples, G_QuerySamplesTab): Statbar Arms count matches

2021-04-14 22:01:22 - [MESSAGE][PASSED] - Statbar Files count matches

2021-04-14 22:01:22 - [MESSAGE][PASSED] - Statbar Samples count matches

2021-04-14 22:01:22 - [MESSAGE][PASSED] - Statbar Cases count matches

2021-04-14 22:01:22 - [MESSAGE][PASSED] - Statbar Arms count matches

2021-04-14 22:01:22 - [TEST_STEP][PASSED] - waitForElementPresent(findTestObject("Object Repository/Canine/CanineResults_Files_Tab"), 5): Object 'Object Repository/Canine/CanineResults_Files_Tab' is not present after 5 second(s)

2021-04-14 22:01:29 - [MESSAGE][INFO] - Unable to find the element located by 'By.xpath: //*[@id="file_tab"]'. Please recheck the objects properties to make sure the desired element is located. 

2021-04-14 22:01:29 - [MESSAGE][WARNING] - Object 'Object Repository/Canine/CanineResults_Files_Tab' is not present after 5 second(s)

2021-04-14 22:01:29 - [TEST_STEP][PASSED] - ctdc.utilities.runtestcaseforKatalon.clickTab("Object Repository/Canine/CanineResults_Files_Tab"): ctdc.utilities.runtestcaseforKatalon.clickTab is PASSED

2021-04-14 22:01:30 - [MESSAGE][PASSED] - ctdc.utilities.runtestcaseforKatalon.clickTab is PASSED

2021-04-14 22:01:30 - [TEST_STEP][PASSED] - ctdc.utilities.runtestcaseforKatalon.multiFunction("ICDC", G_StatBar_Files, "Object Repository/Canine/Canine_Files_Table", "Object Repository/Canine/Canine_Files_TableHdr", "Object Repository/Canine/Canine_FilesTabNextBtn", G_WebTabnameFiles, G_CypherTabnameFiles, G_QueryFilesTab): Statbar Arms count matches

2021-04-14 22:04:18 - [MESSAGE][PASSED] - Statbar Files count matches

2021-04-14 22:04:18 - [MESSAGE][PASSED] - Statbar Samples count matches

2021-04-14 22:04:18 - [MESSAGE][PASSED] - Statbar Cases count matches

2021-04-14 22:04:18 - [MESSAGE][PASSED] - Statbar Arms count matches

2021-04-14 22:04:18 - [TEST_STEP][PASSED] - closeBrowser(): Browser is closed

2021-04-14 22:04:20 - [MESSAGE][PASSED] - Browser is closed]]></system-out>
         <system-err><![CDATA[]]></system-err>
      </testcase>
      <testcase name="Test Cases/Canine_TestCases/Study-Combinations/TC02_Canine_StudyUBC-Breed_Diagnosis_PrimDiseaseSite" time="425.364" classname="Test Cases/Canine_TestCases/Study-Combinations/TC02_Canine_StudyUBC-Breed_Diagnosis_PrimDiseaseSite" status="PASSED">
         <system-out><![CDATA[2021-04-14 22:04:20 - [TEST_CASE][PASSED] - Test Cases/Canine_TestCases/Study-Combinations/TC02_Canine_StudyUBC-Breed_Diagnosis_PrimDiseaseSite: Test Cases/Canine_TestCases/Study-Combinations/TC02_Canine_StudyUBC-Breed_Diagnosis_PrimDiseaseSite

2021-04-14 22:04:22 - [TEST_STEP][PASSED] - openBrowser(""): Browser is opened with url: ''

2021-04-14 22:04:23 - [MESSAGE][INFO] - Starting 'Chrome (headless)' driver

2021-04-14 22:04:23 - [MESSAGE][INFO] - User set preference: ['args', '[--no-sandbox]']

2021-04-14 22:04:23 - [MESSAGE][INFO] - Action delay is set to 5,000 milliseconds

2021-04-14 22:04:27 - [MESSAGE][PASSED] - Browser is opened with url: ''

2021-04-14 22:04:27 - [TEST_STEP][PASSED] - maximizeWindow(): Current window maximized

2021-04-14 22:04:27 - [MESSAGE][PASSED] - Current window maximized

2021-04-14 22:04:27 - [TEST_STEP][PASSED] - "Driver opened by Katalon is used in Selenium from this step.": null

2021-04-14 22:04:27 - [TEST_STEP][PASSED] - ctdc.utilities.runtestcaseforKatalon.RunKatalon("TC02_Canine_StudyUBC-Breed_Diagnosis_PrimDiseaseSite.xlsx"): Data loaded from input file for the test case. 

2021-04-14 22:04:27 - [MESSAGE][PASSED] - Test case file loaded This is the full filepath after converting to string :C:\Users\radhakrishnang2\Desktop\Commons_Automation\InputFiles\TC02_Canine_StudyUBC-Breed_Diagnosis_PrimDiseaseSite.xlsx

2021-04-14 22:04:27 - [MESSAGE][INFO] - Global variable set for password file is :  C:\Users\radhakrishnang2\Desktop\Commons_Automation\InputFiles\TC02_Canine_StudyUBC-Breed_Diagnosis_PrimDiseaseSite.xlsx

2021-04-14 22:04:27 - [MESSAGE][PASSED] - Data loaded from input file for the test case. 

2021-04-14 22:04:51 - [TEST_STEP][PASSED] - waitForElementPresent(findTestObject("Canine/NavBar/Canine_Cases_Btn"), 10): Object 'Object Repository/Canine/NavBar/Canine_Cases_Btn' is not present after 10 second(s)

2021-04-14 22:05:02 - [MESSAGE][INFO] - Unable to find the element located by 'By.xpath: //a[contains(@href,'cases')]'. Please recheck the objects properties to make sure the desired element is located. 

2021-04-14 22:05:02 - [MESSAGE][WARNING] - Object 'Object Repository/Canine/NavBar/Canine_Cases_Btn' is not present after 10 second(s)

2021-04-14 22:05:02 - [TEST_STEP][PASSED] - ctdc.utilities.runtestcaseforKatalon.clickTab("Canine/NavBar/Canine_Cases_Btn"): ctdc.utilities.runtestcaseforKatalon.clickTab is PASSED

2021-04-14 22:05:04 - [MESSAGE][PASSED] - ctdc.utilities.runtestcaseforKatalon.clickTab is PASSED

2021-04-14 22:05:04 - [TEST_STEP][PASSED] - waitForElementPresent(findTestObject("Object Repository/Canine/Filter/FilterByCases_Facet"), 10): Object 'Object Repository/Canine/Filter/FilterByCases_Facet' is not present after 10 second(s)

2021-04-14 22:05:15 - [MESSAGE][INFO] - Unable to find the element located by 'By.xpath: //*[contains(text(),'Filter By Cases')]'. Please recheck the objects properties to make sure the desired element is located. 

2021-04-14 22:05:15 - [MESSAGE][WARNING] - Object 'Object Repository/Canine/Filter/FilterByCases_Facet' is not present after 10 second(s)

2021-04-14 22:05:15 - [TEST_STEP][PASSED] - ctdc.utilities.runtestcaseforKatalon.clickTab("Object Repository/Canine/Filter/FilterByCases_Facet"): ctdc.utilities.runtestcaseforKatalon.clickTab is PASSED

2021-04-14 22:05:18 - [MESSAGE][PASSED] - ctdc.utilities.runtestcaseforKatalon.clickTab is PASSED

2021-04-14 22:05:18 - [TEST_STEP][PASSED] - waitForElementPresent(findTestObject("Object Repository/Canine/Filter/Study/Canine_Filter_Study"), 10): Object 'Object Repository/Canine/Filter/Study/Canine_Filter_Study' is not present after 10 second(s)

2021-04-14 22:05:29 - [MESSAGE][INFO] - Unable to find the element located by 'By.xpath: //*[@id='Study']'. Please recheck the objects properties to make sure the desired element is located. 

2021-04-14 22:05:29 - [MESSAGE][WARNING] - Object 'Object Repository/Canine/Filter/Study/Canine_Filter_Study' is not present after 10 second(s)

2021-04-14 22:05:29 - [TEST_STEP][PASSED] - ctdc.utilities.runtestcaseforKatalon.clickTab("Object Repository/Canine/Filter/Study/Canine_Filter_Study"): ctdc.utilities.runtestcaseforKatalon.clickTab is PASSED

2021-04-14 22:05:30 - [MESSAGE][PASSED] - ctdc.utilities.runtestcaseforKatalon.clickTab is PASSED

2021-04-14 22:05:30 - [TEST_STEP][PASSED] - waitForElementPresent(findTestObject("Object Repository/Canine/Filter/Study/Canine_Filter_Study-UBC_Chkbx"), 10): Object 'Object Repository/Canine/Filter/Study/Canine_Filter_Study-UBC_Chkbx' is not present after 10 second(s)

2021-04-14 22:05:41 - [MESSAGE][INFO] - Unable to find the element located by 'By.xpath: (//*[contains(text(),'UBC')])[1]'. Please recheck the objects properties to make sure the desired element is located. 

2021-04-14 22:05:41 - [MESSAGE][WARNING] - Object 'Object Repository/Canine/Filter/Study/Canine_Filter_Study-UBC_Chkbx' is not present after 10 second(s)

2021-04-14 22:05:41 - [TEST_STEP][PASSED] - ctdc.utilities.runtestcaseforKatalon.clickTab("Object Repository/Canine/Filter/Study/Canine_Filter_Study-UBC_Chkbx"): ctdc.utilities.runtestcaseforKatalon.clickTab is PASSED

2021-04-14 22:05:43 - [MESSAGE][PASSED] - ctdc.utilities.runtestcaseforKatalon.clickTab is PASSED

2021-04-14 22:05:43 - [TEST_STEP][PASSED] - Thread.sleep(2000): null

2021-04-14 22:05:45 - [TEST_STEP][PASSED] - waitForElementPresent(findTestObject("Object Repository/Canine/Filter/Breed/BREED_Ddn"), 10): Object 'Object Repository/Canine/Filter/Breed/BREED_Ddn' is not present after 10 second(s)

2021-04-14 22:05:56 - [MESSAGE][INFO] - Unable to find the element located by 'By.xpath: //*[@id='Breed']'. Please recheck the objects properties to make sure the desired element is located. 

2021-04-14 22:05:56 - [MESSAGE][WARNING] - Object 'Object Repository/Canine/Filter/Breed/BREED_Ddn' is not present after 10 second(s)

2021-04-14 22:05:56 - [TEST_STEP][PASSED] - ctdc.utilities.runtestcaseforKatalon.clickTab("Object Repository/Canine/Filter/Breed/BREED_Ddn"): ctdc.utilities.runtestcaseforKatalon.clickTab is PASSED

2021-04-14 22:05:57 - [MESSAGE][PASSED] - ctdc.utilities.runtestcaseforKatalon.clickTab is PASSED

2021-04-14 22:05:57 - [TEST_STEP][PASSED] - waitForElementPresent(findTestObject("Object Repository/Canine/Filter/Breed/BorderCol_Chkbx"), 10): Object 'Object Repository/Canine/Filter/Breed/BorderCol_Chkbx' is not present after 10 second(s)

2021-04-14 22:06:09 - [MESSAGE][INFO] - Unable to find the element located by 'By.xpath: //*[contains(text(),'Border Collie')]'. Please recheck the objects properties to make sure the desired element is located. 

2021-04-14 22:06:09 - [MESSAGE][WARNING] - Object 'Object Repository/Canine/Filter/Breed/BorderCol_Chkbx' is not present after 10 second(s)

2021-04-14 22:06:09 - [TEST_STEP][PASSED] - ctdc.utilities.runtestcaseforKatalon.clickTab("Object Repository/Canine/Filter/Breed/BorderCol_Chkbx"): ctdc.utilities.runtestcaseforKatalon.clickTab is PASSED

2021-04-14 22:06:10 - [MESSAGE][PASSED] - ctdc.utilities.runtestcaseforKatalon.clickTab is PASSED

2021-04-14 22:06:10 - [TEST_STEP][PASSED] - waitForElementPresent(findTestObject("Object Repository/Canine/Filter/Breed/Chihuahua_Chkbx"), 10): Object 'Object Repository/Canine/Filter/Breed/Chihuahua_Chkbx' is not present after 10 second(s)

2021-04-14 22:06:22 - [MESSAGE][INFO] - Unable to find the element located by 'By.xpath: //*[contains(text(),'Chihuahua')]'. Please recheck the objects properties to make sure the desired element is located. 

2021-04-14 22:06:22 - [MESSAGE][WARNING] - Object 'Object Repository/Canine/Filter/Breed/Chihuahua_Chkbx' is not present after 10 second(s)

2021-04-14 22:06:22 - [TEST_STEP][PASSED] - ctdc.utilities.runtestcaseforKatalon.clickTab("Object Repository/Canine/Filter/Breed/Chihuahua_Chkbx"): ctdc.utilities.runtestcaseforKatalon.clickTab is PASSED

2021-04-14 22:06:23 - [MESSAGE][PASSED] - ctdc.utilities.runtestcaseforKatalon.clickTab is PASSED

2021-04-14 22:06:23 - [TEST_STEP][PASSED] - waitForElementPresent(findTestObject("Object Repository/Canine/Filter/Breed/Maltese_Chkbx"), 10): Object 'Object Repository/Canine/Filter/Breed/Maltese_Chkbx' is not present after 10 second(s)

2021-04-14 22:06:35 - [MESSAGE][INFO] - Unable to find the element located by 'By.xpath: //*[contains(text(),'Maltese')]'. Please recheck the objects properties to make sure the desired element is located. 

2021-04-14 22:06:35 - [MESSAGE][WARNING] - Object 'Object Repository/Canine/Filter/Breed/Maltese_Chkbx' is not present after 10 second(s)

2021-04-14 22:06:35 - [TEST_STEP][PASSED] - ctdc.utilities.runtestcaseforKatalon.clickTab("Object Repository/Canine/Filter/Breed/Maltese_Chkbx"): ctdc.utilities.runtestcaseforKatalon.clickTab is PASSED

2021-04-14 22:06:36 - [MESSAGE][PASSED] - ctdc.utilities.runtestcaseforKatalon.clickTab is PASSED

2021-04-14 22:06:36 - [TEST_STEP][PASSED] - waitForElementPresent(findTestObject("Object Repository/Canine/Filter/Breed/ScottTerr_Chkbx"), 10): Object 'Object Repository/Canine/Filter/Breed/ScottTerr_Chkbx' is not present after 10 second(s)

2021-04-14 22:06:48 - [MESSAGE][INFO] - Unable to find the element located by 'By.xpath: //*[contains(text(),'Scottish Terrier')]'. Please recheck the objects properties to make sure the desired element is located. 

2021-04-14 22:06:48 - [MESSAGE][WARNING] - Object 'Object Repository/Canine/Filter/Breed/ScottTerr_Chkbx' is not present after 10 second(s)

2021-04-14 22:06:48 - [TEST_STEP][PASSED] - ctdc.utilities.runtestcaseforKatalon.clickTab("Object Repository/Canine/Filter/Breed/ScottTerr_Chkbx"): ctdc.utilities.runtestcaseforKatalon.clickTab is PASSED

2021-04-14 22:06:49 - [MESSAGE][PASSED] - ctdc.utilities.runtestcaseforKatalon.clickTab is PASSED

2021-04-14 22:06:49 - [TEST_STEP][PASSED] - ctdc.utilities.runtestcaseforKatalon.clickTab("Object Repository/Canine/Filter/Breed/BREED_Ddn"): ctdc.utilities.runtestcaseforKatalon.clickTab is PASSED

2021-04-14 22:06:49 - [MESSAGE][PASSED] - ctdc.utilities.runtestcaseforKatalon.clickTab is PASSED

2021-04-14 22:06:49 - [TEST_STEP][PASSED] - Thread.sleep(2000): null

2021-04-14 22:06:51 - [TEST_STEP][PASSED] - waitForElementPresent(findTestObject("Object Repository/Canine/Filter/Diagnosis/DIAGNOSIS_Ddn"), 10): Object 'Object Repository/Canine/Filter/Diagnosis/DIAGNOSIS_Ddn' is not present after 10 second(s)

2021-04-14 22:07:03 - [MESSAGE][INFO] - Unable to find the element located by 'By.xpath: (//*[@id='Diagnosis'])[1]'. Please recheck the objects properties to make sure the desired element is located. 

2021-04-14 22:07:03 - [MESSAGE][WARNING] - Object 'Object Repository/Canine/Filter/Diagnosis/DIAGNOSIS_Ddn' is not present after 10 second(s)

2021-04-14 22:07:03 - [TEST_STEP][PASSED] - ctdc.utilities.runtestcaseforKatalon.clickTab("Object Repository/Canine/Filter/Diagnosis/DIAGNOSIS_Ddn"): ctdc.utilities.runtestcaseforKatalon.clickTab is PASSED

2021-04-14 22:07:03 - [MESSAGE][PASSED] - ctdc.utilities.runtestcaseforKatalon.clickTab is PASSED

2021-04-14 22:07:03 - [TEST_STEP][PASSED] - waitForElementPresent(findTestObject("Object Repository/Canine/Filter/Diagnosis/BladderCancer_Chkbx"), 10): Object 'Object Repository/Canine/Filter/Diagnosis/BladderCancer_Chkbx' is not present after 10 second(s)

2021-04-14 22:07:15 - [MESSAGE][INFO] - Unable to find the element located by 'By.xpath: //*[contains(text(),'Bladder Cancer')]'. Please recheck the objects properties to make sure the desired element is located. 

2021-04-14 22:07:15 - [MESSAGE][WARNING] - Object 'Object Repository/Canine/Filter/Diagnosis/BladderCancer_Chkbx' is not present after 10 second(s)

2021-04-14 22:07:15 - [TEST_STEP][PASSED] - ctdc.utilities.runtestcaseforKatalon.clickTab("Object Repository/Canine/Filter/Diagnosis/BladderCancer_Chkbx"): ctdc.utilities.runtestcaseforKatalon.clickTab is PASSED

2021-04-14 22:07:15 - [MESSAGE][PASSED] - ctdc.utilities.runtestcaseforKatalon.clickTab is PASSED

2021-04-14 22:07:15 - [TEST_STEP][PASSED] - ctdc.utilities.runtestcaseforKatalon.clickTab("Object Repository/Canine/Filter/Diagnosis/DIAGNOSIS_Ddn"): ctdc.utilities.runtestcaseforKatalon.clickTab is PASSED

2021-04-14 22:07:20 - [MESSAGE][PASSED] - ctdc.utilities.runtestcaseforKatalon.clickTab is PASSED

2021-04-14 22:07:20 - [TEST_STEP][PASSED] - Thread.sleep(2000): null

2021-04-14 22:07:22 - [TEST_STEP][PASSED] - waitForElementPresent(findTestObject("Object Repository/Canine/Filter/PrimDiseaseSite/PRIMARYDISEASESITE_Ddn"), 10): Object 'Object Repository/Canine/Filter/PrimDiseaseSite/PRIMARYDISEASESITE_Ddn' is not present after 10 second(s)

2021-04-14 22:07:34 - [MESSAGE][INFO] - Unable to find the element located by 'By.xpath: //*[@id='Primary Disease Site']'. Please recheck the objects properties to make sure the desired element is located. 

2021-04-14 22:07:34 - [MESSAGE][WARNING] - Object 'Object Repository/Canine/Filter/PrimDiseaseSite/PRIMARYDISEASESITE_Ddn' is not present after 10 second(s)

2021-04-14 22:07:34 - [TEST_STEP][PASSED] - ctdc.utilities.runtestcaseforKatalon.clickTab("Object Repository/Canine/Filter/PrimDiseaseSite/PRIMARYDISEASESITE_Ddn"): ctdc.utilities.runtestcaseforKatalon.clickTab is PASSED

2021-04-14 22:07:35 - [MESSAGE][PASSED] - ctdc.utilities.runtestcaseforKatalon.clickTab is PASSED

2021-04-14 22:07:35 - [TEST_STEP][PASSED] - waitForElementPresent(findTestObject("Object Repository/Canine/Filter/PrimDiseaseSite/BladderUrethra_Chkbx"), 10): Object 'Object Repository/Canine/Filter/PrimDiseaseSite/BladderUrethra_Chkbx' is not present after 10 second(s)

2021-04-14 22:07:46 - [MESSAGE][INFO] - Unable to find the element located by 'By.xpath: (//*[contains(text(),'Bladder, Urethra')])[1]'. Please recheck the objects properties to make sure the desired element is located. 

2021-04-14 22:07:46 - [MESSAGE][WARNING] - Object 'Object Repository/Canine/Filter/PrimDiseaseSite/BladderUrethra_Chkbx' is not present after 10 second(s)

2021-04-14 22:07:46 - [TEST_STEP][PASSED] - ctdc.utilities.runtestcaseforKatalon.clickTab("Object Repository/Canine/Filter/PrimDiseaseSite/BladderUrethra_Chkbx"): ctdc.utilities.runtestcaseforKatalon.clickTab is PASSED

2021-04-14 22:07:47 - [MESSAGE][PASSED] - ctdc.utilities.runtestcaseforKatalon.clickTab is PASSED

2021-04-14 22:07:47 - [TEST_STEP][PASSED] - waitForElementPresent(findTestObject("Object Repository/Canine/Filter/PrimDiseaseSite/BladderUrethraProstate_Chkbx"), 10): Object 'Object Repository/Canine/Filter/PrimDiseaseSite/BladderUrethraProstate_Chkbx' is not present after 10 second(s)

2021-04-14 22:07:58 - [MESSAGE][INFO] - Unable to find the element located by 'By.xpath: //*[contains(text(),'Bladder, Urethra, Prostate')]'. Please recheck the objects properties to make sure the desired element is located. 

2021-04-14 22:07:58 - [MESSAGE][WARNING] - Object 'Object Repository/Canine/Filter/PrimDiseaseSite/BladderUrethraProstate_Chkbx' is not present after 10 second(s)

2021-04-14 22:07:58 - [TEST_STEP][PASSED] - ctdc.utilities.runtestcaseforKatalon.clickTab("Object Repository/Canine/Filter/PrimDiseaseSite/BladderUrethraProstate_Chkbx"): ctdc.utilities.runtestcaseforKatalon.clickTab is PASSED

2021-04-14 22:07:59 - [MESSAGE][PASSED] - ctdc.utilities.runtestcaseforKatalon.clickTab is PASSED

2021-04-14 22:07:59 - [TEST_STEP][PASSED] - ctdc.utilities.runtestcaseforKatalon.clickTab("Object Repository/Canine/Filter/PrimDiseaseSite/PRIMARYDISEASESITE_Ddn"): ctdc.utilities.runtestcaseforKatalon.clickTab is PASSED

2021-04-14 22:08:02 - [MESSAGE][PASSED] - ctdc.utilities.runtestcaseforKatalon.clickTab is PASSED

2021-04-14 22:08:02 - [TEST_STEP][PASSED] - Thread.sleep(2000): null

2021-04-14 22:08:04 - [TEST_STEP][PASSED] - ctdc.utilities.runtestcaseforKatalon.readStatBarCanine("Object Repository/Canine/StatBar/Canine_StatBar-Studies", "Object Repository/Canine/StatBar/Canine_StatBar-Cases", "Object Repository/Canine/StatBar/Canine_StatBar-Samples", "Object Repository/Canine/StatBar/Canine_StatBar-Files", "Object Repository/Canine/StatBar/Canine_StatBar-Aliquots"): ctdc.utilities.runtestcaseforKatalon.readStatBarCanine is PASSED

2021-04-14 22:08:22 - [MESSAGE][PASSED] - ctdc.utilities.runtestcaseforKatalon.readStatBarCanine is PASSED

2021-04-14 22:08:22 - [TEST_STEP][PASSED] - waitForElementPresent(findTestObject("Object Repository/Canine/CanineResults_Cases_Tab"), 5): Object 'Object Repository/Canine/CanineResults_Cases_Tab' is not present after 5 second(s)

2021-04-14 22:08:28 - [MESSAGE][INFO] - Unable to find the element located by 'By.xpath: //*[@id="case_tab"]'. Please recheck the objects properties to make sure the desired element is located. 

2021-04-14 22:08:28 - [MESSAGE][WARNING] - Object 'Object Repository/Canine/CanineResults_Cases_Tab' is not present after 5 second(s)

2021-04-14 22:08:28 - [TEST_STEP][PASSED] - ctdc.utilities.runtestcaseforKatalon.clickTab("Object Repository/Canine/CanineResults_Cases_Tab"): ctdc.utilities.runtestcaseforKatalon.clickTab is PASSED

2021-04-14 22:08:30 - [MESSAGE][PASSED] - ctdc.utilities.runtestcaseforKatalon.clickTab is PASSED

2021-04-14 22:08:30 - [TEST_STEP][PASSED] - ctdc.utilities.runtestcaseforKatalon.multiFunction("ICDC", G_StatBar_Cases, "Object Repository/Canine/Canine_CasesTable", "Object Repository/Canine/Canine_TableHeader", "Object Repository/Canine/Canine_CasesTabNextBtn", G_WebTabnameCases, G_CypherTabnameCases, G_QueryCasesTab): Statbar Arms count matches

2021-04-14 22:09:01 - [MESSAGE][PASSED] - Statbar Files count matches

2021-04-14 22:09:01 - [MESSAGE][PASSED] - Statbar Samples count matches

2021-04-14 22:09:01 - [MESSAGE][PASSED] - Statbar Cases count matches

2021-04-14 22:09:01 - [MESSAGE][PASSED] - Statbar Arms count matches

2021-04-14 22:09:01 - [TEST_STEP][PASSED] - waitForElementPresent(findTestObject("Object Repository/Canine/CanineResults_Samples_Tab"), 5): Object 'Object Repository/Canine/CanineResults_Samples_Tab' is not present after 5 second(s)

2021-04-14 22:09:08 - [MESSAGE][INFO] - Unable to find the element located by 'By.xpath: //*[@id="sample_tab"]'. Please recheck the objects properties to make sure the desired element is located. 

2021-04-14 22:09:08 - [MESSAGE][WARNING] - Object 'Object Repository/Canine/CanineResults_Samples_Tab' is not present after 5 second(s)

2021-04-14 22:09:08 - [TEST_STEP][PASSED] - ctdc.utilities.runtestcaseforKatalon.clickTab("Object Repository/Canine/CanineResults_Samples_Tab"): ctdc.utilities.runtestcaseforKatalon.clickTab is PASSED

2021-04-14 22:09:09 - [MESSAGE][PASSED] - ctdc.utilities.runtestcaseforKatalon.clickTab is PASSED

2021-04-14 22:09:09 - [TEST_STEP][PASSED] - ctdc.utilities.runtestcaseforKatalon.multiFunction("ICDC", G_StatBar_Samples, "Object Repository/Canine/Canine_Samples_Table", "Object Repository/Canine/Canine_Samples_TableHdr", "Object Repository/Canine/Canine_SamplesTabNextBtn", G_WebTabnameSamples, G_CypherTabnameSamples, G_QuerySamplesTab): Statbar Arms count matches

2021-04-14 22:10:06 - [MESSAGE][PASSED] - Statbar Files count matches

2021-04-14 22:10:06 - [MESSAGE][PASSED] - Statbar Samples count matches

2021-04-14 22:10:06 - [MESSAGE][PASSED] - Statbar Cases count matches

2021-04-14 22:10:06 - [MESSAGE][PASSED] - Statbar Arms count matches

2021-04-14 22:10:06 - [TEST_STEP][PASSED] - waitForElementPresent(findTestObject("Object Repository/Canine/CanineResults_Files_Tab"), 5): Object 'Object Repository/Canine/CanineResults_Files_Tab' is not present after 5 second(s)

2021-04-14 22:10:12 - [MESSAGE][INFO] - Unable to find the element located by 'By.xpath: //*[@id="file_tab"]'. Please recheck the objects properties to make sure the desired element is located. 

2021-04-14 22:10:12 - [MESSAGE][WARNING] - Object 'Object Repository/Canine/CanineResults_Files_Tab' is not present after 5 second(s)

2021-04-14 22:10:12 - [TEST_STEP][PASSED] - ctdc.utilities.runtestcaseforKatalon.clickTab("Object Repository/Canine/CanineResults_Files_Tab"): ctdc.utilities.runtestcaseforKatalon.clickTab is PASSED

2021-04-14 22:10:13 - [MESSAGE][PASSED] - ctdc.utilities.runtestcaseforKatalon.clickTab is PASSED

2021-04-14 22:10:13 - [TEST_STEP][PASSED] - ctdc.utilities.runtestcaseforKatalon.multiFunction("ICDC", G_StatBar_Files, "Object Repository/Canine/Canine_Files_Table", "Object Repository/Canine/Canine_Files_TableHdr", "Object Repository/Canine/Canine_FilesTabNextBtn", G_WebTabnameFiles, G_CypherTabnameFiles, G_QueryFilesTab): Statbar Arms count matches

2021-04-14 22:11:24 - [MESSAGE][PASSED] - Statbar Files count matches

2021-04-14 22:11:24 - [MESSAGE][PASSED] - Statbar Samples count matches

2021-04-14 22:11:24 - [MESSAGE][PASSED] - Statbar Cases count matches

2021-04-14 22:11:24 - [MESSAGE][PASSED] - Statbar Arms count matches

2021-04-14 22:11:24 - [TEST_STEP][PASSED] - closeBrowser(): Browser is closed

2021-04-14 22:11:25 - [MESSAGE][PASSED] - Browser is closed]]></system-out>
         <system-err><![CDATA[]]></system-err>
      </testcase>
      <testcase name="Test Cases/Canine_TestCases/Study-Combinations/TC03_Canine_StudyUBC-Breed_Diagnosis_PrimDiseaseSite" time="310.034" classname="Test Cases/Canine_TestCases/Study-Combinations/TC03_Canine_StudyUBC-Breed_Diagnosis_PrimDiseaseSite" status="PASSED">
         <system-out><![CDATA[2021-04-14 22:11:25 - [TEST_CASE][PASSED] - Test Cases/Canine_TestCases/Study-Combinations/TC03_Canine_StudyUBC-Breed_Diagnosis_PrimDiseaseSite: Test Cases/Canine_TestCases/Study-Combinations/TC03_Canine_StudyUBC-Breed_Diagnosis_PrimDiseaseSite

2021-04-14 22:11:28 - [TEST_STEP][PASSED] - openBrowser(""): Browser is opened with url: ''

2021-04-14 22:11:28 - [MESSAGE][INFO] - Starting 'Chrome (headless)' driver

2021-04-14 22:11:28 - [MESSAGE][INFO] - User set preference: ['args', '[--no-sandbox]']

2021-04-14 22:11:28 - [MESSAGE][INFO] - Action delay is set to 5,000 milliseconds

2021-04-14 22:11:32 - [MESSAGE][PASSED] - Browser is opened with url: ''

2021-04-14 22:11:32 - [TEST_STEP][PASSED] - maximizeWindow(): Current window maximized

2021-04-14 22:11:32 - [MESSAGE][PASSED] - Current window maximized

2021-04-14 22:11:32 - [TEST_STEP][PASSED] - "Driver opened by Katalon is used in Selenium from this step.": null

2021-04-14 22:11:32 - [TEST_STEP][PASSED] - ctdc.utilities.runtestcaseforKatalon.RunKatalon("TC03_Canine_StudyUBC-Breed_Diagnosis_PrimDiseaseSite.xlsx"): Data loaded from input file for the test case. 

2021-04-14 22:11:32 - [MESSAGE][PASSED] - Test case file loaded This is the full filepath after converting to string :C:\Users\radhakrishnang2\Desktop\Commons_Automation\InputFiles\TC03_Canine_StudyUBC-Breed_Diagnosis_PrimDiseaseSite.xlsx

2021-04-14 22:11:32 - [MESSAGE][INFO] - Global variable set for password file is :  C:\Users\radhakrishnang2\Desktop\Commons_Automation\InputFiles\TC03_Canine_StudyUBC-Breed_Diagnosis_PrimDiseaseSite.xlsx

2021-04-14 22:11:33 - [MESSAGE][PASSED] - Data loaded from input file for the test case. 

2021-04-14 22:12:00 - [TEST_STEP][PASSED] - waitForElementPresent(findTestObject("Canine/NavBar/Canine_Cases_Btn"), 10): Object 'Object Repository/Canine/NavBar/Canine_Cases_Btn' is not present after 10 second(s)

2021-04-14 22:12:12 - [MESSAGE][INFO] - Unable to find the element located by 'By.xpath: //a[contains(@href,'cases')]'. Please recheck the objects properties to make sure the desired element is located. 

2021-04-14 22:12:12 - [MESSAGE][WARNING] - Object 'Object Repository/Canine/NavBar/Canine_Cases_Btn' is not present after 10 second(s)

2021-04-14 22:12:12 - [TEST_STEP][PASSED] - ctdc.utilities.runtestcaseforKatalon.clickTab("Canine/NavBar/Canine_Cases_Btn"): ctdc.utilities.runtestcaseforKatalon.clickTab is PASSED

2021-04-14 22:12:13 - [MESSAGE][PASSED] - ctdc.utilities.runtestcaseforKatalon.clickTab is PASSED

2021-04-14 22:12:13 - [TEST_STEP][PASSED] - waitForElementPresent(findTestObject("Object Repository/Canine/Filter/FilterByCases_Facet"), 10): Object 'Object Repository/Canine/Filter/FilterByCases_Facet' is not present after 10 second(s)

2021-04-14 22:12:24 - [MESSAGE][INFO] - Unable to find the element located by 'By.xpath: //*[contains(text(),'Filter By Cases')]'. Please recheck the objects properties to make sure the desired element is located. 

2021-04-14 22:12:24 - [MESSAGE][WARNING] - Object 'Object Repository/Canine/Filter/FilterByCases_Facet' is not present after 10 second(s)

2021-04-14 22:12:24 - [TEST_STEP][PASSED] - ctdc.utilities.runtestcaseforKatalon.clickTab("Object Repository/Canine/Filter/FilterByCases_Facet"): ctdc.utilities.runtestcaseforKatalon.clickTab is PASSED

2021-04-14 22:12:25 - [MESSAGE][PASSED] - ctdc.utilities.runtestcaseforKatalon.clickTab is PASSED

2021-04-14 22:12:25 - [TEST_STEP][PASSED] - waitForElementPresent(findTestObject("Object Repository/Canine/Filter/Study/Canine_Filter_Study"), 10): Object 'Object Repository/Canine/Filter/Study/Canine_Filter_Study' is not present after 10 second(s)

2021-04-14 22:12:36 - [MESSAGE][INFO] - Unable to find the element located by 'By.xpath: //*[@id='Study']'. Please recheck the objects properties to make sure the desired element is located. 

2021-04-14 22:12:36 - [MESSAGE][WARNING] - Object 'Object Repository/Canine/Filter/Study/Canine_Filter_Study' is not present after 10 second(s)

2021-04-14 22:12:36 - [TEST_STEP][PASSED] - ctdc.utilities.runtestcaseforKatalon.clickTab("Object Repository/Canine/Filter/Study/Canine_Filter_Study"): ctdc.utilities.runtestcaseforKatalon.clickTab is PASSED

2021-04-14 22:12:37 - [MESSAGE][PASSED] - ctdc.utilities.runtestcaseforKatalon.clickTab is PASSED

2021-04-14 22:12:37 - [TEST_STEP][PASSED] - waitForElementPresent(findTestObject("Object Repository/Canine/Filter/Study/Canine_Filter_Study-UBC_Chkbx"), 10): Object 'Object Repository/Canine/Filter/Study/Canine_Filter_Study-UBC_Chkbx' is not present after 10 second(s)

2021-04-14 22:12:49 - [MESSAGE][INFO] - Unable to find the element located by 'By.xpath: (//*[contains(text(),'UBC')])[1]'. Please recheck the objects properties to make sure the desired element is located. 

2021-04-14 22:12:49 - [MESSAGE][WARNING] - Object 'Object Repository/Canine/Filter/Study/Canine_Filter_Study-UBC_Chkbx' is not present after 10 second(s)

2021-04-14 22:12:49 - [TEST_STEP][PASSED] - ctdc.utilities.runtestcaseforKatalon.clickTab("Object Repository/Canine/Filter/Study/Canine_Filter_Study-UBC_Chkbx"): ctdc.utilities.runtestcaseforKatalon.clickTab is PASSED

2021-04-14 22:12:49 - [MESSAGE][PASSED] - ctdc.utilities.runtestcaseforKatalon.clickTab is PASSED

2021-04-14 22:12:49 - [TEST_STEP][PASSED] - Thread.sleep(2000): null

2021-04-14 22:12:51 - [TEST_STEP][PASSED] - waitForElementPresent(findTestObject("Object Repository/Canine/Filter/Breed/BREED_Ddn"), 10): Object 'Object Repository/Canine/Filter/Breed/BREED_Ddn' is not present after 10 second(s)

2021-04-14 22:13:03 - [MESSAGE][INFO] - Unable to find the element located by 'By.xpath: //*[@id='Breed']'. Please recheck the objects properties to make sure the desired element is located. 

2021-04-14 22:13:03 - [MESSAGE][WARNING] - Object 'Object Repository/Canine/Filter/Breed/BREED_Ddn' is not present after 10 second(s)

2021-04-14 22:13:03 - [TEST_STEP][PASSED] - ctdc.utilities.runtestcaseforKatalon.clickTab("Object Repository/Canine/Filter/Breed/BREED_Ddn"): ctdc.utilities.runtestcaseforKatalon.clickTab is PASSED

2021-04-14 22:13:05 - [MESSAGE][PASSED] - ctdc.utilities.runtestcaseforKatalon.clickTab is PASSED

2021-04-14 22:13:05 - [TEST_STEP][PASSED] - waitForElementPresent(findTestObject("Object Repository/Canine/Filter/Breed/IrishTerr_Chkbx"), 10): Object 'Object Repository/Canine/Filter/Breed/IrishTerr_Chkbx' is not present after 10 second(s)

2021-04-14 22:13:16 - [MESSAGE][INFO] - Unable to find the element located by 'By.xpath: //*[contains(text(),'Irish Terrier')]'. Please recheck the objects properties to make sure the desired element is located. 

2021-04-14 22:13:16 - [MESSAGE][WARNING] - Object 'Object Repository/Canine/Filter/Breed/IrishTerr_Chkbx' is not present after 10 second(s)

2021-04-14 22:13:16 - [TEST_STEP][PASSED] - ctdc.utilities.runtestcaseforKatalon.clickTab("Object Repository/Canine/Filter/Breed/IrishTerr_Chkbx"): ctdc.utilities.runtestcaseforKatalon.clickTab is PASSED

2021-04-14 22:13:18 - [MESSAGE][PASSED] - ctdc.utilities.runtestcaseforKatalon.clickTab is PASSED

2021-04-14 22:13:18 - [TEST_STEP][PASSED] - waitForElementPresent(findTestObject("Object Repository/Canine/Filter/Breed/MiniaturePinscher_Chkbx"), 10): Object 'Object Repository/Canine/Filter/Breed/MiniaturePinscher_Chkbx' is not present after 10 second(s)

2021-04-14 22:13:29 - [MESSAGE][INFO] - Unable to find the element located by 'By.xpath: //*[contains(text(),'Miniature Pinscher')]'. Please recheck the objects properties to make sure the desired element is located. 

2021-04-14 22:13:29 - [MESSAGE][WARNING] - Object 'Object Repository/Canine/Filter/Breed/MiniaturePinscher_Chkbx' is not present after 10 second(s)

2021-04-14 22:13:29 - [TEST_STEP][PASSED] - ctdc.utilities.runtestcaseforKatalon.clickTab("Object Repository/Canine/Filter/Breed/MiniaturePinscher_Chkbx"): ctdc.utilities.runtestcaseforKatalon.clickTab is PASSED

2021-04-14 22:13:30 - [MESSAGE][PASSED] - ctdc.utilities.runtestcaseforKatalon.clickTab is PASSED

2021-04-14 22:13:30 - [TEST_STEP][PASSED] - waitForElementPresent(findTestObject("Object Repository/Canine/Filter/Breed/Poodle_Chkbx"), 10): Object 'Object Repository/Canine/Filter/Breed/Poodle_Chkbx' is not present after 10 second(s)

2021-04-14 22:13:41 - [MESSAGE][INFO] - Unable to find the element located by 'By.xpath: //*[contains(text(),'Poodle')]'. Please recheck the objects properties to make sure the desired element is located. 

2021-04-14 22:13:41 - [MESSAGE][WARNING] - Object 'Object Repository/Canine/Filter/Breed/Poodle_Chkbx' is not present after 10 second(s)

2021-04-14 22:13:41 - [TEST_STEP][PASSED] - ctdc.utilities.runtestcaseforKatalon.clickTab("Object Repository/Canine/Filter/Breed/Poodle_Chkbx"): ctdc.utilities.runtestcaseforKatalon.clickTab is PASSED

2021-04-14 22:13:41 - [MESSAGE][PASSED] - ctdc.utilities.runtestcaseforKatalon.clickTab is PASSED

2021-04-14 22:13:41 - [TEST_STEP][PASSED] - ctdc.utilities.runtestcaseforKatalon.clickTab("Object Repository/Canine/Filter/Breed/BREED_Ddn"): ctdc.utilities.runtestcaseforKatalon.clickTab is PASSED

2021-04-14 22:13:42 - [MESSAGE][PASSED] - ctdc.utilities.runtestcaseforKatalon.clickTab is PASSED

2021-04-14 22:13:42 - [TEST_STEP][PASSED] - Thread.sleep(2000): null

2021-04-14 22:13:44 - [TEST_STEP][PASSED] - waitForElementPresent(findTestObject("Object Repository/Canine/Filter/Diagnosis/DIAGNOSIS_Ddn"), 10): Object 'Object Repository/Canine/Filter/Diagnosis/DIAGNOSIS_Ddn' is not present after 10 second(s)

2021-04-14 22:13:55 - [MESSAGE][INFO] - Unable to find the element located by 'By.xpath: (//*[@id='Diagnosis'])[1]'. Please recheck the objects properties to make sure the desired element is located. 

2021-04-14 22:13:55 - [MESSAGE][WARNING] - Object 'Object Repository/Canine/Filter/Diagnosis/DIAGNOSIS_Ddn' is not present after 10 second(s)

2021-04-14 22:13:55 - [TEST_STEP][PASSED] - ctdc.utilities.runtestcaseforKatalon.clickTab("Object Repository/Canine/Filter/Diagnosis/DIAGNOSIS_Ddn"): ctdc.utilities.runtestcaseforKatalon.clickTab is PASSED

2021-04-14 22:13:56 - [MESSAGE][PASSED] - ctdc.utilities.runtestcaseforKatalon.clickTab is PASSED

2021-04-14 22:13:56 - [TEST_STEP][PASSED] - waitForElementPresent(findTestObject("Object Repository/Canine/Filter/Diagnosis/BladderCancer_Chkbx"), 10): Object 'Object Repository/Canine/Filter/Diagnosis/BladderCancer_Chkbx' is not present after 10 second(s)

2021-04-14 22:14:07 - [MESSAGE][INFO] - Unable to find the element located by 'By.xpath: //*[contains(text(),'Bladder Cancer')]'. Please recheck the objects properties to make sure the desired element is located. 

2021-04-14 22:14:07 - [MESSAGE][WARNING] - Object 'Object Repository/Canine/Filter/Diagnosis/BladderCancer_Chkbx' is not present after 10 second(s)

2021-04-14 22:14:07 - [TEST_STEP][PASSED] - ctdc.utilities.runtestcaseforKatalon.clickTab("Object Repository/Canine/Filter/Diagnosis/BladderCancer_Chkbx"): ctdc.utilities.runtestcaseforKatalon.clickTab is PASSED

2021-04-14 22:14:08 - [MESSAGE][PASSED] - ctdc.utilities.runtestcaseforKatalon.clickTab is PASSED

2021-04-14 22:14:08 - [TEST_STEP][PASSED] - ctdc.utilities.runtestcaseforKatalon.clickTab("Object Repository/Canine/Filter/Diagnosis/DIAGNOSIS_Ddn"): ctdc.utilities.runtestcaseforKatalon.clickTab is PASSED

2021-04-14 22:14:10 - [MESSAGE][PASSED] - ctdc.utilities.runtestcaseforKatalon.clickTab is PASSED

2021-04-14 22:14:10 - [TEST_STEP][PASSED] - Thread.sleep(2000): null

2021-04-14 22:14:12 - [TEST_STEP][PASSED] - waitForElementPresent(findTestObject("Object Repository/Canine/Filter/PrimDiseaseSite/PRIMARYDISEASESITE_Ddn"), 10): Object 'Object Repository/Canine/Filter/PrimDiseaseSite/PRIMARYDISEASESITE_Ddn' is not present after 10 second(s)

2021-04-14 22:14:24 - [MESSAGE][INFO] - Unable to find the element located by 'By.xpath: //*[@id='Primary Disease Site']'. Please recheck the objects properties to make sure the desired element is located. 

2021-04-14 22:14:24 - [MESSAGE][WARNING] - Object 'Object Repository/Canine/Filter/PrimDiseaseSite/PRIMARYDISEASESITE_Ddn' is not present after 10 second(s)

2021-04-14 22:14:24 - [TEST_STEP][PASSED] - ctdc.utilities.runtestcaseforKatalon.clickTab("Object Repository/Canine/Filter/PrimDiseaseSite/PRIMARYDISEASESITE_Ddn"): ctdc.utilities.runtestcaseforKatalon.clickTab is PASSED

2021-04-14 22:14:24 - [MESSAGE][PASSED] - ctdc.utilities.runtestcaseforKatalon.clickTab is PASSED

2021-04-14 22:14:24 - [TEST_STEP][PASSED] - waitForElementPresent(findTestObject("Object Repository/Canine/Filter/PrimDiseaseSite/BladderUrethra_Chkbx"), 10): Object 'Object Repository/Canine/Filter/PrimDiseaseSite/BladderUrethra_Chkbx' is not present after 10 second(s)

2021-04-14 22:14:36 - [MESSAGE][INFO] - Unable to find the element located by 'By.xpath: (//*[contains(text(),'Bladder, Urethra')])[1]'. Please recheck the objects properties to make sure the desired element is located. 

2021-04-14 22:14:36 - [MESSAGE][WARNING] - Object 'Object Repository/Canine/Filter/PrimDiseaseSite/BladderUrethra_Chkbx' is not present after 10 second(s)

2021-04-14 22:14:36 - [TEST_STEP][PASSED] - ctdc.utilities.runtestcaseforKatalon.clickTab("Object Repository/Canine/Filter/PrimDiseaseSite/BladderUrethra_Chkbx"): ctdc.utilities.runtestcaseforKatalon.clickTab is PASSED

2021-04-14 22:14:36 - [MESSAGE][PASSED] - ctdc.utilities.runtestcaseforKatalon.clickTab is PASSED

2021-04-14 22:14:36 - [TEST_STEP][PASSED] - ctdc.utilities.runtestcaseforKatalon.clickTab("Object Repository/Canine/Filter/PrimDiseaseSite/PRIMARYDISEASESITE_Ddn"): ctdc.utilities.runtestcaseforKatalon.clickTab is PASSED

2021-04-14 22:14:37 - [MESSAGE][PASSED] - ctdc.utilities.runtestcaseforKatalon.clickTab is PASSED

2021-04-14 22:14:37 - [TEST_STEP][PASSED] - Thread.sleep(2000): null

2021-04-14 22:14:39 - [TEST_STEP][PASSED] - ctdc.utilities.runtestcaseforKatalon.readStatBarCanine("Object Repository/Canine/StatBar/Canine_StatBar-Studies", "Object Repository/Canine/StatBar/Canine_StatBar-Cases", "Object Repository/Canine/StatBar/Canine_StatBar-Samples", "Object Repository/Canine/StatBar/Canine_StatBar-Files", "Object Repository/Canine/StatBar/Canine_StatBar-Aliquots"): ctdc.utilities.runtestcaseforKatalon.readStatBarCanine is PASSED

2021-04-14 22:14:56 - [MESSAGE][PASSED] - ctdc.utilities.runtestcaseforKatalon.readStatBarCanine is PASSED

2021-04-14 22:14:56 - [TEST_STEP][PASSED] - waitForElementPresent(findTestObject("Object Repository/Canine/CanineResults_Cases_Tab"), 5): Object 'Object Repository/Canine/CanineResults_Cases_Tab' is not present after 5 second(s)

2021-04-14 22:15:02 - [MESSAGE][INFO] - Unable to find the element located by 'By.xpath: //*[@id="case_tab"]'. Please recheck the objects properties to make sure the desired element is located. 

2021-04-14 22:15:02 - [MESSAGE][WARNING] - Object 'Object Repository/Canine/CanineResults_Cases_Tab' is not present after 5 second(s)

2021-04-14 22:15:02 - [TEST_STEP][PASSED] - ctdc.utilities.runtestcaseforKatalon.clickTab("Object Repository/Canine/CanineResults_Cases_Tab"): ctdc.utilities.runtestcaseforKatalon.clickTab is PASSED

2021-04-14 22:15:04 - [MESSAGE][PASSED] - ctdc.utilities.runtestcaseforKatalon.clickTab is PASSED

2021-04-14 22:15:04 - [TEST_STEP][PASSED] - ctdc.utilities.runtestcaseforKatalon.multiFunction("ICDC", G_StatBar_Cases, "Object Repository/Canine/Canine_CasesTable", "Object Repository/Canine/Canine_TableHeader", "Object Repository/Canine/Canine_CasesTabNextBtn", G_WebTabnameCases, G_CypherTabnameCases, G_QueryCasesTab): Statbar Arms count matches

2021-04-14 22:15:25 - [MESSAGE][PASSED] - Statbar Files count matches

2021-04-14 22:15:25 - [MESSAGE][PASSED] - Statbar Samples count matches

2021-04-14 22:15:25 - [MESSAGE][PASSED] - Statbar Cases count matches

2021-04-14 22:15:25 - [MESSAGE][PASSED] - Statbar Arms count matches

2021-04-14 22:15:25 - [TEST_STEP][PASSED] - waitForElementPresent(findTestObject("Object Repository/Canine/CanineResults_Samples_Tab"), 5): Object 'Object Repository/Canine/CanineResults_Samples_Tab' is not present after 5 second(s)

2021-04-14 22:15:32 - [MESSAGE][INFO] - Unable to find the element located by 'By.xpath: //*[@id="sample_tab"]'. Please recheck the objects properties to make sure the desired element is located. 

2021-04-14 22:15:32 - [MESSAGE][WARNING] - Object 'Object Repository/Canine/CanineResults_Samples_Tab' is not present after 5 second(s)

2021-04-14 22:15:32 - [TEST_STEP][PASSED] - ctdc.utilities.runtestcaseforKatalon.clickTab("Object Repository/Canine/CanineResults_Samples_Tab"): ctdc.utilities.runtestcaseforKatalon.clickTab is PASSED

2021-04-14 22:15:33 - [MESSAGE][PASSED] - ctdc.utilities.runtestcaseforKatalon.clickTab is PASSED

2021-04-14 22:15:33 - [TEST_STEP][PASSED] - ctdc.utilities.runtestcaseforKatalon.multiFunction("ICDC", G_StatBar_Samples, "Object Repository/Canine/Canine_Samples_Table", "Object Repository/Canine/Canine_Samples_TableHdr", "Object Repository/Canine/Canine_SamplesTabNextBtn", G_WebTabnameSamples, G_CypherTabnameSamples, G_QuerySamplesTab): Statbar Arms count matches

2021-04-14 22:15:59 - [MESSAGE][PASSED] - Statbar Files count matches

2021-04-14 22:15:59 - [MESSAGE][PASSED] - Statbar Samples count matches

2021-04-14 22:15:59 - [MESSAGE][PASSED] - Statbar Cases count matches

2021-04-14 22:15:59 - [MESSAGE][PASSED] - Statbar Arms count matches

2021-04-14 22:15:59 - [TEST_STEP][PASSED] - waitForElementPresent(findTestObject("Object Repository/Canine/CanineResults_Files_Tab"), 5): Object 'Object Repository/Canine/CanineResults_Files_Tab' is not present after 5 second(s)

2021-04-14 22:16:06 - [MESSAGE][INFO] - Unable to find the element located by 'By.xpath: //*[@id="file_tab"]'. Please recheck the objects properties to make sure the desired element is located. 

2021-04-14 22:16:06 - [MESSAGE][WARNING] - Object 'Object Repository/Canine/CanineResults_Files_Tab' is not present after 5 second(s)

2021-04-14 22:16:06 - [TEST_STEP][PASSED] - ctdc.utilities.runtestcaseforKatalon.clickTab("Object Repository/Canine/CanineResults_Files_Tab"): ctdc.utilities.runtestcaseforKatalon.clickTab is PASSED

2021-04-14 22:16:07 - [MESSAGE][PASSED] - ctdc.utilities.runtestcaseforKatalon.clickTab is PASSED

2021-04-14 22:16:07 - [TEST_STEP][PASSED] - ctdc.utilities.runtestcaseforKatalon.multiFunction("ICDC", G_StatBar_Files, "Object Repository/Canine/Canine_Files_Table", "Object Repository/Canine/Canine_Files_TableHdr", "Object Repository/Canine/Canine_FilesTabNextBtn", G_WebTabnameFiles, G_CypherTabnameFiles, G_QueryFilesTab): Statbar Arms count matches

2021-04-14 22:16:34 - [MESSAGE][PASSED] - Statbar Files count matches

2021-04-14 22:16:34 - [MESSAGE][PASSED] - Statbar Samples count matches

2021-04-14 22:16:34 - [MESSAGE][PASSED] - Statbar Cases count matches

2021-04-14 22:16:34 - [MESSAGE][PASSED] - Statbar Arms count matches

2021-04-14 22:16:34 - [TEST_STEP][PASSED] - closeBrowser(): Browser is closed

2021-04-14 22:16:35 - [MESSAGE][PASSED] - Browser is closed]]></system-out>
         <system-err><![CDATA[]]></system-err>
      </testcase>
      <testcase name="Test Cases/Canine_TestCases/Study-Combinations/TC04_Canine_StudyUBC-Breed_Diagnosis_PrimDiseaseSite" time="476.615" classname="Test Cases/Canine_TestCases/Study-Combinations/TC04_Canine_StudyUBC-Breed_Diagnosis_PrimDiseaseSite" status="PASSED">
         <system-out><![CDATA[2021-04-14 22:16:35 - [TEST_CASE][PASSED] - Test Cases/Canine_TestCases/Study-Combinations/TC04_Canine_StudyUBC-Breed_Diagnosis_PrimDiseaseSite: Test Cases/Canine_TestCases/Study-Combinations/TC04_Canine_StudyUBC-Breed_Diagnosis_PrimDiseaseSite

2021-04-14 22:16:38 - [TEST_STEP][PASSED] - openBrowser(""): Browser is opened with url: ''

2021-04-14 22:16:38 - [MESSAGE][INFO] - Starting 'Chrome (headless)' driver

2021-04-14 22:16:38 - [MESSAGE][INFO] - User set preference: ['args', '[--no-sandbox]']

2021-04-14 22:16:38 - [MESSAGE][INFO] - Action delay is set to 5,000 milliseconds

2021-04-14 22:16:44 - [MESSAGE][PASSED] - Browser is opened with url: ''

2021-04-14 22:16:44 - [TEST_STEP][PASSED] - maximizeWindow(): Current window maximized

2021-04-14 22:16:44 - [MESSAGE][PASSED] - Current window maximized

2021-04-14 22:16:44 - [TEST_STEP][PASSED] - "Driver opened by Katalon is used in Selenium from this step.": null

2021-04-14 22:16:44 - [TEST_STEP][PASSED] - ctdc.utilities.runtestcaseforKatalon.RunKatalon("TC04_Canine_StudyUBC-Breed_Diagnosis_PrimDiseaseSite.xlsx"): Data loaded from input file for the test case. 

2021-04-14 22:16:44 - [MESSAGE][PASSED] - Test case file loaded This is the full filepath after converting to string :C:\Users\radhakrishnang2\Desktop\Commons_Automation\InputFiles\TC04_Canine_StudyUBC-Breed_Diagnosis_PrimDiseaseSite.xlsx

2021-04-14 22:16:44 - [MESSAGE][INFO] - Global variable set for password file is :  C:\Users\radhakrishnang2\Desktop\Commons_Automation\InputFiles\TC04_Canine_StudyUBC-Breed_Diagnosis_PrimDiseaseSite.xlsx

2021-04-14 22:16:44 - [MESSAGE][PASSED] - Data loaded from input file for the test case. 

2021-04-14 22:17:46 - [TEST_STEP][PASSED] - waitForElementPresent(findTestObject("Canine/NavBar/Canine_Cases_Btn"), 10): Object 'Object Repository/Canine/NavBar/Canine_Cases_Btn' is not present after 10 second(s)

2021-04-14 22:17:57 - [MESSAGE][INFO] - Unable to find the element located by 'By.xpath: //a[contains(@href,'cases')]'. Please recheck the objects properties to make sure the desired element is located. 

2021-04-14 22:17:57 - [MESSAGE][WARNING] - Object 'Object Repository/Canine/NavBar/Canine_Cases_Btn' is not present after 10 second(s)

2021-04-14 22:17:57 - [TEST_STEP][PASSED] - ctdc.utilities.runtestcaseforKatalon.clickTab("Canine/NavBar/Canine_Cases_Btn"): ctdc.utilities.runtestcaseforKatalon.clickTab is PASSED

2021-04-14 22:17:58 - [MESSAGE][PASSED] - ctdc.utilities.runtestcaseforKatalon.clickTab is PASSED

2021-04-14 22:17:58 - [TEST_STEP][PASSED] - waitForElementPresent(findTestObject("Object Repository/Canine/Filter/FilterByCases_Facet"), 10): Object 'Object Repository/Canine/Filter/FilterByCases_Facet' is not present after 10 second(s)

2021-04-14 22:18:09 - [MESSAGE][INFO] - Unable to find the element located by 'By.xpath: //*[contains(text(),'Filter By Cases')]'. Please recheck the objects properties to make sure the desired element is located. 

2021-04-14 22:18:09 - [MESSAGE][WARNING] - Object 'Object Repository/Canine/Filter/FilterByCases_Facet' is not present after 10 second(s)

2021-04-14 22:18:09 - [TEST_STEP][PASSED] - ctdc.utilities.runtestcaseforKatalon.clickTab("Object Repository/Canine/Filter/FilterByCases_Facet"): ctdc.utilities.runtestcaseforKatalon.clickTab is PASSED

2021-04-14 22:18:13 - [MESSAGE][PASSED] - ctdc.utilities.runtestcaseforKatalon.clickTab is PASSED

2021-04-14 22:18:13 - [TEST_STEP][PASSED] - waitForElementPresent(findTestObject("Object Repository/Canine/Filter/Study/Canine_Filter_Study"), 10): Object 'Object Repository/Canine/Filter/Study/Canine_Filter_Study' is not present after 10 second(s)

2021-04-14 22:18:25 - [MESSAGE][INFO] - Unable to find the element located by 'By.xpath: //*[@id='Study']'. Please recheck the objects properties to make sure the desired element is located. 

2021-04-14 22:18:25 - [MESSAGE][WARNING] - Object 'Object Repository/Canine/Filter/Study/Canine_Filter_Study' is not present after 10 second(s)

2021-04-14 22:18:25 - [TEST_STEP][PASSED] - ctdc.utilities.runtestcaseforKatalon.clickTab("Object Repository/Canine/Filter/Study/Canine_Filter_Study"): ctdc.utilities.runtestcaseforKatalon.clickTab is PASSED

2021-04-14 22:18:26 - [MESSAGE][PASSED] - ctdc.utilities.runtestcaseforKatalon.clickTab is PASSED

2021-04-14 22:18:26 - [TEST_STEP][PASSED] - waitForElementPresent(findTestObject("Object Repository/Canine/Filter/Study/Canine_Filter_Study-UBC_Chkbx"), 10): Object 'Object Repository/Canine/Filter/Study/Canine_Filter_Study-UBC_Chkbx' is not present after 10 second(s)

2021-04-14 22:18:38 - [MESSAGE][INFO] - Unable to find the element located by 'By.xpath: (//*[contains(text(),'UBC')])[1]'. Please recheck the objects properties to make sure the desired element is located. 

2021-04-14 22:18:38 - [MESSAGE][WARNING] - Object 'Object Repository/Canine/Filter/Study/Canine_Filter_Study-UBC_Chkbx' is not present after 10 second(s)

2021-04-14 22:18:38 - [TEST_STEP][PASSED] - ctdc.utilities.runtestcaseforKatalon.clickTab("Object Repository/Canine/Filter/Study/Canine_Filter_Study-UBC_Chkbx"): ctdc.utilities.runtestcaseforKatalon.clickTab is PASSED

2021-04-14 22:18:42 - [MESSAGE][PASSED] - ctdc.utilities.runtestcaseforKatalon.clickTab is PASSED

2021-04-14 22:18:42 - [TEST_STEP][PASSED] - Thread.sleep(2000): null

2021-04-14 22:18:44 - [TEST_STEP][PASSED] - waitForElementPresent(findTestObject("Object Repository/Canine/Filter/Breed/BREED_Ddn"), 10): Object 'Object Repository/Canine/Filter/Breed/BREED_Ddn' is not present after 10 second(s)

2021-04-14 22:18:56 - [MESSAGE][INFO] - Unable to find the element located by 'By.xpath: //*[@id='Breed']'. Please recheck the objects properties to make sure the desired element is located. 

2021-04-14 22:18:56 - [MESSAGE][WARNING] - Object 'Object Repository/Canine/Filter/Breed/BREED_Ddn' is not present after 10 second(s)

2021-04-14 22:18:56 - [TEST_STEP][PASSED] - ctdc.utilities.runtestcaseforKatalon.clickTab("Object Repository/Canine/Filter/Breed/BREED_Ddn"): ctdc.utilities.runtestcaseforKatalon.clickTab is PASSED

2021-04-14 22:18:57 - [MESSAGE][PASSED] - ctdc.utilities.runtestcaseforKatalon.clickTab is PASSED

2021-04-14 22:18:57 - [TEST_STEP][PASSED] - waitForElementPresent(findTestObject("Object Repository/Canine/Filter/Breed/IrishTerr_Chkbx"), 10): Object 'Object Repository/Canine/Filter/Breed/IrishTerr_Chkbx' is not present after 10 second(s)

2021-04-14 22:19:10 - [MESSAGE][INFO] - Unable to find the element located by 'By.xpath: //*[contains(text(),'Irish Terrier')]'. Please recheck the objects properties to make sure the desired element is located. 

2021-04-14 22:19:10 - [MESSAGE][WARNING] - Object 'Object Repository/Canine/Filter/Breed/IrishTerr_Chkbx' is not present after 10 second(s)

2021-04-14 22:19:10 - [TEST_STEP][PASSED] - ctdc.utilities.runtestcaseforKatalon.clickTab("Object Repository/Canine/Filter/Breed/IrishTerr_Chkbx"): ctdc.utilities.runtestcaseforKatalon.clickTab is PASSED

2021-04-14 22:19:12 - [MESSAGE][PASSED] - ctdc.utilities.runtestcaseforKatalon.clickTab is PASSED

2021-04-14 22:19:12 - [TEST_STEP][PASSED] - waitForElementPresent(findTestObject("Object Repository/Canine/Filter/Breed/Poodle_Chkbx"), 10): Object 'Object Repository/Canine/Filter/Breed/Poodle_Chkbx' is not present after 10 second(s)

2021-04-14 22:19:24 - [MESSAGE][INFO] - Unable to find the element located by 'By.xpath: //*[contains(text(),'Poodle')]'. Please recheck the objects properties to make sure the desired element is located. 

2021-04-14 22:19:24 - [MESSAGE][WARNING] - Object 'Object Repository/Canine/Filter/Breed/Poodle_Chkbx' is not present after 10 second(s)

2021-04-14 22:19:24 - [TEST_STEP][PASSED] - ctdc.utilities.runtestcaseforKatalon.clickTab("Object Repository/Canine/Filter/Breed/Poodle_Chkbx"): ctdc.utilities.runtestcaseforKatalon.clickTab is PASSED

2021-04-14 22:19:26 - [MESSAGE][PASSED] - ctdc.utilities.runtestcaseforKatalon.clickTab is PASSED

2021-04-14 22:19:26 - [TEST_STEP][PASSED] - waitForElementPresent(findTestObject("Object Repository/Canine/Filter/Breed/WireFoxTerr_Chkbx"), 10): Object 'Object Repository/Canine/Filter/Breed/WireFoxTerr_Chkbx' is not present after 10 second(s)

2021-04-14 22:19:39 - [MESSAGE][INFO] - Unable to find the element located by 'By.xpath: //*[contains(text(),'Wire Fox Terrier')]'. Please recheck the objects properties to make sure the desired element is located. 

2021-04-14 22:19:39 - [MESSAGE][WARNING] - Object 'Object Repository/Canine/Filter/Breed/WireFoxTerr_Chkbx' is not present after 10 second(s)

2021-04-14 22:19:39 - [TEST_STEP][PASSED] - ctdc.utilities.runtestcaseforKatalon.clickTab("Object Repository/Canine/Filter/Breed/WireFoxTerr_Chkbx"): ctdc.utilities.runtestcaseforKatalon.clickTab is PASSED

2021-04-14 22:19:44 - [MESSAGE][PASSED] - ctdc.utilities.runtestcaseforKatalon.clickTab is PASSED

2021-04-14 22:19:44 - [TEST_STEP][PASSED] - ctdc.utilities.runtestcaseforKatalon.clickTab("Object Repository/Canine/Filter/Breed/BREED_Ddn"): ctdc.utilities.runtestcaseforKatalon.clickTab is PASSED

2021-04-14 22:19:51 - [MESSAGE][PASSED] - ctdc.utilities.runtestcaseforKatalon.clickTab is PASSED

2021-04-14 22:19:51 - [TEST_STEP][PASSED] - Thread.sleep(2000): null

2021-04-14 22:19:53 - [TEST_STEP][PASSED] - waitForElementPresent(findTestObject("Object Repository/Canine/Filter/Diagnosis/DIAGNOSIS_Ddn"), 10): Object 'Object Repository/Canine/Filter/Diagnosis/DIAGNOSIS_Ddn' is not present after 10 second(s)

2021-04-14 22:20:06 - [MESSAGE][INFO] - Unable to find the element located by 'By.xpath: (//*[@id='Diagnosis'])[1]'. Please recheck the objects properties to make sure the desired element is located. 

2021-04-14 22:20:06 - [MESSAGE][WARNING] - Object 'Object Repository/Canine/Filter/Diagnosis/DIAGNOSIS_Ddn' is not present after 10 second(s)

2021-04-14 22:20:06 - [TEST_STEP][PASSED] - ctdc.utilities.runtestcaseforKatalon.clickTab("Object Repository/Canine/Filter/Diagnosis/DIAGNOSIS_Ddn"): ctdc.utilities.runtestcaseforKatalon.clickTab is PASSED

2021-04-14 22:20:08 - [MESSAGE][PASSED] - ctdc.utilities.runtestcaseforKatalon.clickTab is PASSED

2021-04-14 22:20:08 - [TEST_STEP][PASSED] - waitForElementPresent(findTestObject("Object Repository/Canine/Filter/Diagnosis/BladderCancer_Chkbx"), 10): Object 'Object Repository/Canine/Filter/Diagnosis/BladderCancer_Chkbx' is not present after 10 second(s)

2021-04-14 22:20:20 - [MESSAGE][INFO] - Unable to find the element located by 'By.xpath: //*[contains(text(),'Bladder Cancer')]'. Please recheck the objects properties to make sure the desired element is located. 

2021-04-14 22:20:20 - [MESSAGE][WARNING] - Object 'Object Repository/Canine/Filter/Diagnosis/BladderCancer_Chkbx' is not present after 10 second(s)

2021-04-14 22:20:20 - [TEST_STEP][PASSED] - ctdc.utilities.runtestcaseforKatalon.clickTab("Object Repository/Canine/Filter/Diagnosis/BladderCancer_Chkbx"): ctdc.utilities.runtestcaseforKatalon.clickTab is PASSED

2021-04-14 22:20:21 - [MESSAGE][PASSED] - ctdc.utilities.runtestcaseforKatalon.clickTab is PASSED

2021-04-14 22:20:21 - [TEST_STEP][PASSED] - ctdc.utilities.runtestcaseforKatalon.clickTab("Object Repository/Canine/Filter/Diagnosis/DIAGNOSIS_Ddn"): ctdc.utilities.runtestcaseforKatalon.clickTab is PASSED

2021-04-14 22:20:26 - [MESSAGE][PASSED] - ctdc.utilities.runtestcaseforKatalon.clickTab is PASSED

2021-04-14 22:20:26 - [TEST_STEP][PASSED] - Thread.sleep(2000): null

2021-04-14 22:20:28 - [TEST_STEP][PASSED] - waitForElementPresent(findTestObject("Object Repository/Canine/Filter/PrimDiseaseSite/PRIMARYDISEASESITE_Ddn"), 10): Object 'Object Repository/Canine/Filter/PrimDiseaseSite/PRIMARYDISEASESITE_Ddn' is not present after 10 second(s)

2021-04-14 22:20:39 - [MESSAGE][INFO] - Unable to find the element located by 'By.xpath: //*[@id='Primary Disease Site']'. Please recheck the objects properties to make sure the desired element is located. 

2021-04-14 22:20:39 - [MESSAGE][WARNING] - Object 'Object Repository/Canine/Filter/PrimDiseaseSite/PRIMARYDISEASESITE_Ddn' is not present after 10 second(s)

2021-04-14 22:20:39 - [TEST_STEP][PASSED] - ctdc.utilities.runtestcaseforKatalon.clickTab("Object Repository/Canine/Filter/PrimDiseaseSite/PRIMARYDISEASESITE_Ddn"): ctdc.utilities.runtestcaseforKatalon.clickTab is PASSED

2021-04-14 22:20:41 - [MESSAGE][PASSED] - ctdc.utilities.runtestcaseforKatalon.clickTab is PASSED

2021-04-14 22:20:41 - [TEST_STEP][PASSED] - waitForElementPresent(findTestObject("Object Repository/Canine/Filter/PrimDiseaseSite/BladderUrethra_Chkbx"), 10): Object 'Object Repository/Canine/Filter/PrimDiseaseSite/BladderUrethra_Chkbx' is not present after 10 second(s)

2021-04-14 22:20:53 - [MESSAGE][INFO] - Unable to find the element located by 'By.xpath: (//*[contains(text(),'Bladder, Urethra')])[1]'. Please recheck the objects properties to make sure the desired element is located. 

2021-04-14 22:20:53 - [MESSAGE][WARNING] - Object 'Object Repository/Canine/Filter/PrimDiseaseSite/BladderUrethra_Chkbx' is not present after 10 second(s)

2021-04-14 22:20:53 - [TEST_STEP][PASSED] - ctdc.utilities.runtestcaseforKatalon.clickTab("Object Repository/Canine/Filter/PrimDiseaseSite/BladderUrethra_Chkbx"): ctdc.utilities.runtestcaseforKatalon.clickTab is PASSED

2021-04-14 22:20:59 - [MESSAGE][PASSED] - ctdc.utilities.runtestcaseforKatalon.clickTab is PASSED

2021-04-14 22:20:59 - [TEST_STEP][PASSED] - ctdc.utilities.runtestcaseforKatalon.clickTab("Object Repository/Canine/Filter/PrimDiseaseSite/PRIMARYDISEASESITE_Ddn"): ctdc.utilities.runtestcaseforKatalon.clickTab is PASSED

2021-04-14 22:21:02 - [MESSAGE][PASSED] - ctdc.utilities.runtestcaseforKatalon.clickTab is PASSED

2021-04-14 22:21:02 - [TEST_STEP][PASSED] - Thread.sleep(2000): null

2021-04-14 22:21:04 - [TEST_STEP][PASSED] - ctdc.utilities.runtestcaseforKatalon.readStatBarCanine("Object Repository/Canine/StatBar/Canine_StatBar-Studies", "Object Repository/Canine/StatBar/Canine_StatBar-Cases", "Object Repository/Canine/StatBar/Canine_StatBar-Samples", "Object Repository/Canine/StatBar/Canine_StatBar-Files", "Object Repository/Canine/StatBar/Canine_StatBar-Aliquots"): ctdc.utilities.runtestcaseforKatalon.readStatBarCanine is PASSED

2021-04-14 22:21:27 - [MESSAGE][PASSED] - ctdc.utilities.runtestcaseforKatalon.readStatBarCanine is PASSED

2021-04-14 22:21:27 - [TEST_STEP][PASSED] - waitForElementPresent(findTestObject("Object Repository/Canine/CanineResults_Cases_Tab"), 5): Object 'Object Repository/Canine/CanineResults_Cases_Tab' is not present after 5 second(s)

2021-04-14 22:21:33 - [MESSAGE][INFO] - Unable to find the element located by 'By.xpath: //*[@id="case_tab"]'. Please recheck the objects properties to make sure the desired element is located. 

2021-04-14 22:21:33 - [MESSAGE][WARNING] - Object 'Object Repository/Canine/CanineResults_Cases_Tab' is not present after 5 second(s)

2021-04-14 22:21:33 - [TEST_STEP][PASSED] - ctdc.utilities.runtestcaseforKatalon.clickTab("Object Repository/Canine/CanineResults_Cases_Tab"): ctdc.utilities.runtestcaseforKatalon.clickTab is PASSED

2021-04-14 22:21:35 - [MESSAGE][PASSED] - ctdc.utilities.runtestcaseforKatalon.clickTab is PASSED

2021-04-14 22:21:35 - [TEST_STEP][PASSED] - ctdc.utilities.runtestcaseforKatalon.multiFunction("ICDC", G_StatBar_Cases, "Object Repository/Canine/Canine_CasesTable", "Object Repository/Canine/Canine_TableHeader", "Object Repository/Canine/Canine_CasesTabNextBtn", G_WebTabnameCases, G_CypherTabnameCases, G_QueryCasesTab): Statbar Arms count matches

2021-04-14 22:22:09 - [MESSAGE][PASSED] - Statbar Files count matches

2021-04-14 22:22:09 - [MESSAGE][PASSED] - Statbar Samples count matches

2021-04-14 22:22:09 - [MESSAGE][PASSED] - Statbar Cases count matches

2021-04-14 22:22:09 - [MESSAGE][PASSED] - Statbar Arms count matches

2021-04-14 22:22:09 - [TEST_STEP][PASSED] - waitForElementPresent(findTestObject("Object Repository/Canine/CanineResults_Samples_Tab"), 5): Object 'Object Repository/Canine/CanineResults_Samples_Tab' is not present after 5 second(s)

2021-04-14 22:22:16 - [MESSAGE][INFO] - Unable to find the element located by 'By.xpath: //*[@id="sample_tab"]'. Please recheck the objects properties to make sure the desired element is located. 

2021-04-14 22:22:16 - [MESSAGE][WARNING] - Object 'Object Repository/Canine/CanineResults_Samples_Tab' is not present after 5 second(s)

2021-04-14 22:22:16 - [TEST_STEP][PASSED] - ctdc.utilities.runtestcaseforKatalon.clickTab("Object Repository/Canine/CanineResults_Samples_Tab"): ctdc.utilities.runtestcaseforKatalon.clickTab is PASSED

2021-04-14 22:22:17 - [MESSAGE][PASSED] - ctdc.utilities.runtestcaseforKatalon.clickTab is PASSED

2021-04-14 22:22:17 - [TEST_STEP][PASSED] - ctdc.utilities.runtestcaseforKatalon.multiFunction("ICDC", G_StatBar_Samples, "Object Repository/Canine/Canine_Samples_Table", "Object Repository/Canine/Canine_Samples_TableHdr", "Object Repository/Canine/Canine_SamplesTabNextBtn", G_WebTabnameSamples, G_CypherTabnameSamples, G_QuerySamplesTab): Statbar Arms count matches

2021-04-14 22:23:09 - [MESSAGE][PASSED] - Statbar Files count matches

2021-04-14 22:23:09 - [MESSAGE][PASSED] - Statbar Samples count matches

2021-04-14 22:23:09 - [MESSAGE][PASSED] - Statbar Cases count matches

2021-04-14 22:23:09 - [MESSAGE][PASSED] - Statbar Arms count matches

2021-04-14 22:23:09 - [TEST_STEP][PASSED] - waitForElementPresent(findTestObject("Object Repository/Canine/CanineResults_Files_Tab"), 5): Object 'Object Repository/Canine/CanineResults_Files_Tab' is not present after 5 second(s)

2021-04-14 22:23:17 - [MESSAGE][INFO] - Unable to find the element located by 'By.xpath: //*[@id="file_tab"]'. Please recheck the objects properties to make sure the desired element is located. 

2021-04-14 22:23:17 - [MESSAGE][WARNING] - Object 'Object Repository/Canine/CanineResults_Files_Tab' is not present after 5 second(s)

2021-04-14 22:23:17 - [TEST_STEP][PASSED] - ctdc.utilities.runtestcaseforKatalon.clickTab("Object Repository/Canine/CanineResults_Files_Tab"): ctdc.utilities.runtestcaseforKatalon.clickTab is PASSED

2021-04-14 22:23:25 - [MESSAGE][PASSED] - ctdc.utilities.runtestcaseforKatalon.clickTab is PASSED

2021-04-14 22:23:25 - [TEST_STEP][PASSED] - ctdc.utilities.runtestcaseforKatalon.multiFunction("ICDC", G_StatBar_Files, "Object Repository/Canine/Canine_Files_Table", "Object Repository/Canine/Canine_Files_TableHdr", "Object Repository/Canine/Canine_FilesTabNextBtn", G_WebTabnameFiles, G_CypherTabnameFiles, G_QueryFilesTab): Statbar Arms count matches

2021-04-14 22:24:30 - [MESSAGE][PASSED] - Statbar Files count matches

2021-04-14 22:24:30 - [MESSAGE][PASSED] - Statbar Samples count matches

2021-04-14 22:24:30 - [MESSAGE][PASSED] - Statbar Cases count matches

2021-04-14 22:24:30 - [MESSAGE][PASSED] - Statbar Arms count matches

2021-04-14 22:24:30 - [TEST_STEP][PASSED] - closeBrowser(): Browser is closed

2021-04-14 22:24:32 - [MESSAGE][PASSED] - Browser is closed]]></system-out>
         <system-err><![CDATA[]]></system-err>
      </testcase>
      <testcase name="Test Cases/Canine_TestCases/Study-Combinations/TC05_Canine_StudyUBC-Breed_Diagnosis_PrimDiseaseSite" time="1129.392" classname="Test Cases/Canine_TestCases/Study-Combinations/TC05_Canine_StudyUBC-Breed_Diagnosis_PrimDiseaseSite" status="PASSED">
         <system-out><![CDATA[2021-04-14 22:24:32 - [TEST_CASE][PASSED] - Test Cases/Canine_TestCases/Study-Combinations/TC05_Canine_StudyUBC-Breed_Diagnosis_PrimDiseaseSite: Test Cases/Canine_TestCases/Study-Combinations/TC05_Canine_StudyUBC-Breed_Diagnosis_PrimDiseaseSite

2021-04-14 22:24:35 - [TEST_STEP][PASSED] - openBrowser(""): Browser is opened with url: ''

2021-04-14 22:24:35 - [MESSAGE][INFO] - Starting 'Chrome (headless)' driver

2021-04-14 22:24:35 - [MESSAGE][INFO] - User set preference: ['args', '[--no-sandbox]']

2021-04-14 22:24:35 - [MESSAGE][INFO] - Action delay is set to 5,000 milliseconds

2021-04-14 22:24:44 - [MESSAGE][PASSED] - Browser is opened with url: ''

2021-04-14 22:24:44 - [TEST_STEP][PASSED] - maximizeWindow(): Current window maximized

2021-04-14 22:24:45 - [MESSAGE][PASSED] - Current window maximized

2021-04-14 22:24:45 - [TEST_STEP][PASSED] - "Driver opened by Katalon is used in Selenium from this step.": null

2021-04-14 22:24:45 - [TEST_STEP][PASSED] - ctdc.utilities.runtestcaseforKatalon.RunKatalon("TC05_Canine_StudyUBC-Breed_Diagnosis_PrimDiseaseSite.xlsx"): Data loaded from input file for the test case. 

2021-04-14 22:24:45 - [MESSAGE][PASSED] - Test case file loaded This is the full filepath after converting to string :C:\Users\radhakrishnang2\Desktop\Commons_Automation\InputFiles\TC05_Canine_StudyUBC-Breed_Diagnosis_PrimDiseaseSite.xlsx

2021-04-14 22:24:45 - [MESSAGE][INFO] - Global variable set for password file is :  C:\Users\radhakrishnang2\Desktop\Commons_Automation\InputFiles\TC05_Canine_StudyUBC-Breed_Diagnosis_PrimDiseaseSite.xlsx

2021-04-14 22:24:45 - [MESSAGE][PASSED] - Data loaded from input file for the test case. 

2021-04-14 22:25:40 - [TEST_STEP][PASSED] - waitForElementPresent(findTestObject("Canine/NavBar/Canine_Cases_Btn"), 10): Object 'Object Repository/Canine/NavBar/Canine_Cases_Btn' is not present after 10 second(s)

2021-04-14 22:25:51 - [MESSAGE][INFO] - Unable to find the element located by 'By.xpath: //a[contains(@href,'cases')]'. Please recheck the objects properties to make sure the desired element is located. 

2021-04-14 22:25:51 - [MESSAGE][WARNING] - Object 'Object Repository/Canine/NavBar/Canine_Cases_Btn' is not present after 10 second(s)

2021-04-14 22:25:51 - [TEST_STEP][PASSED] - ctdc.utilities.runtestcaseforKatalon.clickTab("Canine/NavBar/Canine_Cases_Btn"): ctdc.utilities.runtestcaseforKatalon.clickTab is PASSED

2021-04-14 22:25:52 - [MESSAGE][PASSED] - ctdc.utilities.runtestcaseforKatalon.clickTab is PASSED

2021-04-14 22:25:52 - [TEST_STEP][PASSED] - waitForElementPresent(findTestObject("Object Repository/Canine/Filter/FilterByCases_Facet"), 10): Object 'Object Repository/Canine/Filter/FilterByCases_Facet' is not present after 10 second(s)

2021-04-14 22:26:04 - [MESSAGE][INFO] - Unable to find the element located by 'By.xpath: //*[contains(text(),'Filter By Cases')]'. Please recheck the objects properties to make sure the desired element is located. 

2021-04-14 22:26:04 - [MESSAGE][WARNING] - Object 'Object Repository/Canine/Filter/FilterByCases_Facet' is not present after 10 second(s)

2021-04-14 22:26:04 - [TEST_STEP][PASSED] - ctdc.utilities.runtestcaseforKatalon.clickTab("Object Repository/Canine/Filter/FilterByCases_Facet"): ctdc.utilities.runtestcaseforKatalon.clickTab is PASSED

2021-04-14 22:26:07 - [MESSAGE][PASSED] - ctdc.utilities.runtestcaseforKatalon.clickTab is PASSED

2021-04-14 22:26:07 - [TEST_STEP][PASSED] - waitForElementPresent(findTestObject("Object Repository/Canine/Filter/Study/Canine_Filter_Study"), 10): Object 'Object Repository/Canine/Filter/Study/Canine_Filter_Study' is not present after 10 second(s)

2021-04-14 22:26:18 - [MESSAGE][INFO] - Unable to find the element located by 'By.xpath: //*[@id='Study']'. Please recheck the objects properties to make sure the desired element is located. 

2021-04-14 22:26:18 - [MESSAGE][WARNING] - Object 'Object Repository/Canine/Filter/Study/Canine_Filter_Study' is not present after 10 second(s)

2021-04-14 22:26:18 - [TEST_STEP][PASSED] - ctdc.utilities.runtestcaseforKatalon.clickTab("Object Repository/Canine/Filter/Study/Canine_Filter_Study"): ctdc.utilities.runtestcaseforKatalon.clickTab is PASSED

2021-04-14 22:26:20 - [MESSAGE][PASSED] - ctdc.utilities.runtestcaseforKatalon.clickTab is PASSED

2021-04-14 22:26:20 - [TEST_STEP][PASSED] - waitForElementPresent(findTestObject("Object Repository/Canine/Filter/Study/Canine_Filter_Study-UBC_Chkbx"), 10): Object 'Object Repository/Canine/Filter/Study/Canine_Filter_Study-UBC_Chkbx' is not present after 10 second(s)

2021-04-14 22:26:31 - [MESSAGE][INFO] - Unable to find the element located by 'By.xpath: (//*[contains(text(),'UBC')])[1]'. Please recheck the objects properties to make sure the desired element is located. 

2021-04-14 22:26:31 - [MESSAGE][WARNING] - Object 'Object Repository/Canine/Filter/Study/Canine_Filter_Study-UBC_Chkbx' is not present after 10 second(s)

2021-04-14 22:26:31 - [TEST_STEP][PASSED] - ctdc.utilities.runtestcaseforKatalon.clickTab("Object Repository/Canine/Filter/Study/Canine_Filter_Study-UBC_Chkbx"): ctdc.utilities.runtestcaseforKatalon.clickTab is PASSED

2021-04-14 22:26:33 - [MESSAGE][PASSED] - ctdc.utilities.runtestcaseforKatalon.clickTab is PASSED

2021-04-14 22:26:33 - [TEST_STEP][PASSED] - Thread.sleep(2000): null

2021-04-14 22:26:35 - [TEST_STEP][PASSED] - waitForElementPresent(findTestObject("Object Repository/Canine/Filter/Breed/BREED_Ddn"), 10): Object 'Object Repository/Canine/Filter/Breed/BREED_Ddn' is not present after 10 second(s)

2021-04-14 22:26:47 - [MESSAGE][INFO] - Unable to find the element located by 'By.xpath: //*[@id='Breed']'. Please recheck the objects properties to make sure the desired element is located. 

2021-04-14 22:26:47 - [MESSAGE][WARNING] - Object 'Object Repository/Canine/Filter/Breed/BREED_Ddn' is not present after 10 second(s)

2021-04-14 22:26:47 - [TEST_STEP][PASSED] - ctdc.utilities.runtestcaseforKatalon.clickTab("Object Repository/Canine/Filter/Breed/BREED_Ddn"): ctdc.utilities.runtestcaseforKatalon.clickTab is PASSED

2021-04-14 22:26:48 - [MESSAGE][PASSED] - ctdc.utilities.runtestcaseforKatalon.clickTab is PASSED

2021-04-14 22:26:48 - [TEST_STEP][PASSED] - waitForElementPresent(findTestObject("Object Repository/Canine/Filter/Breed/Mixed_Chkbx"), 10): Object 'Object Repository/Canine/Filter/Breed/Mixed_Chkbx' is not present after 10 second(s)

2021-04-14 22:27:00 - [MESSAGE][INFO] - Unable to find the element located by 'By.xpath: //*[contains(text(),'Mixed Breed')]'. Please recheck the objects properties to make sure the desired element is located. 

2021-04-14 22:27:00 - [MESSAGE][WARNING] - Object 'Object Repository/Canine/Filter/Breed/Mixed_Chkbx' is not present after 10 second(s)

2021-04-14 22:27:00 - [TEST_STEP][PASSED] - ctdc.utilities.runtestcaseforKatalon.clickTab("Object Repository/Canine/Filter/Breed/Mixed_Chkbx"): ctdc.utilities.runtestcaseforKatalon.clickTab is PASSED

2021-04-14 22:27:02 - [MESSAGE][PASSED] - ctdc.utilities.runtestcaseforKatalon.clickTab is PASSED

2021-04-14 22:27:02 - [TEST_STEP][PASSED] - waitForElementPresent(findTestObject("Object Repository/Canine/Filter/Breed/ScottTerr_Chkbx"), 10): Object 'Object Repository/Canine/Filter/Breed/ScottTerr_Chkbx' is not present after 10 second(s)

2021-04-14 22:27:15 - [MESSAGE][INFO] - Unable to find the element located by 'By.xpath: //*[contains(text(),'Scottish Terrier')]'. Please recheck the objects properties to make sure the desired element is located. 

2021-04-14 22:27:15 - [MESSAGE][WARNING] - Object 'Object Repository/Canine/Filter/Breed/ScottTerr_Chkbx' is not present after 10 second(s)

2021-04-14 22:27:15 - [TEST_STEP][PASSED] - ctdc.utilities.runtestcaseforKatalon.clickTab("Object Repository/Canine/Filter/Breed/ScottTerr_Chkbx"): ctdc.utilities.runtestcaseforKatalon.clickTab is PASSED

2021-04-14 22:27:17 - [MESSAGE][PASSED] - ctdc.utilities.runtestcaseforKatalon.clickTab is PASSED

2021-04-14 22:27:17 - [TEST_STEP][PASSED] - waitForElementPresent(findTestObject("Object Repository/Canine/Filter/Breed/ShetlandShpdog_Chkbx"), 10): Object 'Object Repository/Canine/Filter/Breed/ShetlandShpdog_Chkbx' is not present after 10 second(s)

2021-04-14 22:27:29 - [MESSAGE][INFO] - Unable to find the element located by 'By.xpath: //*[contains(text(),'Shetland Sheepdog')]'. Please recheck the objects properties to make sure the desired element is located. 

2021-04-14 22:27:29 - [MESSAGE][WARNING] - Object 'Object Repository/Canine/Filter/Breed/ShetlandShpdog_Chkbx' is not present after 10 second(s)

2021-04-14 22:27:29 - [TEST_STEP][PASSED] - ctdc.utilities.runtestcaseforKatalon.clickTab("Object Repository/Canine/Filter/Breed/ShetlandShpdog_Chkbx"): ctdc.utilities.runtestcaseforKatalon.clickTab is PASSED

2021-04-14 22:27:30 - [MESSAGE][PASSED] - ctdc.utilities.runtestcaseforKatalon.clickTab is PASSED

2021-04-14 22:27:30 - [TEST_STEP][PASSED] - ctdc.utilities.runtestcaseforKatalon.clickTab("Object Repository/Canine/Filter/Breed/BREED_Ddn"): ctdc.utilities.runtestcaseforKatalon.clickTab is PASSED

2021-04-14 22:27:34 - [MESSAGE][PASSED] - ctdc.utilities.runtestcaseforKatalon.clickTab is PASSED

2021-04-14 22:27:34 - [TEST_STEP][PASSED] - waitForElementPresent(findTestObject("Object Repository/Canine/Filter/Diagnosis/DIAGNOSIS_Ddn"), 10): Object 'Object Repository/Canine/Filter/Diagnosis/DIAGNOSIS_Ddn' is not present after 10 second(s)

2021-04-14 22:27:46 - [MESSAGE][INFO] - Unable to find the element located by 'By.xpath: (//*[@id='Diagnosis'])[1]'. Please recheck the objects properties to make sure the desired element is located. 

2021-04-14 22:27:46 - [MESSAGE][WARNING] - Object 'Object Repository/Canine/Filter/Diagnosis/DIAGNOSIS_Ddn' is not present after 10 second(s)

2021-04-14 22:27:46 - [TEST_STEP][PASSED] - ctdc.utilities.runtestcaseforKatalon.clickTab("Object Repository/Canine/Filter/Diagnosis/DIAGNOSIS_Ddn"): ctdc.utilities.runtestcaseforKatalon.clickTab is PASSED

2021-04-14 22:27:47 - [MESSAGE][PASSED] - ctdc.utilities.runtestcaseforKatalon.clickTab is PASSED

2021-04-14 22:27:47 - [TEST_STEP][PASSED] - waitForElementPresent(findTestObject("Object Repository/Canine/Filter/Diagnosis/BladderCancer_Chkbx"), 10): Object 'Object Repository/Canine/Filter/Diagnosis/BladderCancer_Chkbx' is not present after 10 second(s)

2021-04-14 22:27:59 - [MESSAGE][INFO] - Unable to find the element located by 'By.xpath: //*[contains(text(),'Bladder Cancer')]'. Please recheck the objects properties to make sure the desired element is located. 

2021-04-14 22:27:59 - [MESSAGE][WARNING] - Object 'Object Repository/Canine/Filter/Diagnosis/BladderCancer_Chkbx' is not present after 10 second(s)

2021-04-14 22:27:59 - [TEST_STEP][PASSED] - ctdc.utilities.runtestcaseforKatalon.clickTab("Object Repository/Canine/Filter/Diagnosis/BladderCancer_Chkbx"): ctdc.utilities.runtestcaseforKatalon.clickTab is PASSED

2021-04-14 22:28:02 - [MESSAGE][PASSED] - ctdc.utilities.runtestcaseforKatalon.clickTab is PASSED

2021-04-14 22:28:02 - [TEST_STEP][PASSED] - waitForElementPresent(findTestObject("Object Repository/Canine/Filter/Diagnosis/HealthyControl_Chkbx"), 10): Object 'Object Repository/Canine/Filter/Diagnosis/HealthyControl_Chkbx' is not present after 10 second(s)

2021-04-14 22:28:14 - [MESSAGE][INFO] - Unable to find the element located by 'By.xpath: //*[contains(text(),'Healthy Control')]'. Please recheck the objects properties to make sure the desired element is located. 

2021-04-14 22:28:14 - [MESSAGE][WARNING] - Object 'Object Repository/Canine/Filter/Diagnosis/HealthyControl_Chkbx' is not present after 10 second(s)

2021-04-14 22:28:14 - [TEST_STEP][PASSED] - ctdc.utilities.runtestcaseforKatalon.clickTab("Object Repository/Canine/Filter/Diagnosis/HealthyControl_Chkbx"): ctdc.utilities.runtestcaseforKatalon.clickTab is PASSED

2021-04-14 22:28:16 - [MESSAGE][PASSED] - ctdc.utilities.runtestcaseforKatalon.clickTab is PASSED

2021-04-14 22:28:16 - [TEST_STEP][PASSED] - ctdc.utilities.runtestcaseforKatalon.clickTab("Object Repository/Canine/Filter/Diagnosis/DIAGNOSIS_Ddn"): ctdc.utilities.runtestcaseforKatalon.clickTab is PASSED

2021-04-14 22:28:22 - [MESSAGE][PASSED] - ctdc.utilities.runtestcaseforKatalon.clickTab is PASSED

2021-04-14 22:28:22 - [TEST_STEP][PASSED] - Thread.sleep(2000): null

2021-04-14 22:28:24 - [TEST_STEP][PASSED] - waitForElementPresent(findTestObject("Object Repository/Canine/Filter/PrimDiseaseSite/PRIMARYDISEASESITE_Ddn"), 10): Object 'Object Repository/Canine/Filter/PrimDiseaseSite/PRIMARYDISEASESITE_Ddn' is not present after 10 second(s)

2021-04-14 22:28:37 - [MESSAGE][INFO] - Unable to find the element located by 'By.xpath: //*[@id='Primary Disease Site']'. Please recheck the objects properties to make sure the desired element is located. 

2021-04-14 22:28:37 - [MESSAGE][WARNING] - Object 'Object Repository/Canine/Filter/PrimDiseaseSite/PRIMARYDISEASESITE_Ddn' is not present after 10 second(s)

2021-04-14 22:28:37 - [TEST_STEP][PASSED] - ctdc.utilities.runtestcaseforKatalon.clickTab("Object Repository/Canine/Filter/PrimDiseaseSite/PRIMARYDISEASESITE_Ddn"): ctdc.utilities.runtestcaseforKatalon.clickTab is PASSED

2021-04-14 22:28:39 - [MESSAGE][PASSED] - ctdc.utilities.runtestcaseforKatalon.clickTab is PASSED

2021-04-14 22:28:39 - [TEST_STEP][PASSED] - waitForElementPresent(findTestObject("Object Repository/Canine/Filter/PrimDiseaseSite/Bladder_Chkbx"), 10): Object 'Object Repository/Canine/Filter/PrimDiseaseSite/Bladder_Chkbx' is not present after 10 second(s)

2021-04-14 22:28:51 - [MESSAGE][INFO] - Unable to find the element located by 'By.xpath: (//*[contains(text(),'Bladder')])[2]'. Please recheck the objects properties to make sure the desired element is located. 

2021-04-14 22:28:51 - [MESSAGE][WARNING] - Object 'Object Repository/Canine/Filter/PrimDiseaseSite/Bladder_Chkbx' is not present after 10 second(s)

2021-04-14 22:28:51 - [TEST_STEP][PASSED] - ctdc.utilities.runtestcaseforKatalon.clickTab("Object Repository/Canine/Filter/PrimDiseaseSite/Bladder_Chkbx"): ctdc.utilities.runtestcaseforKatalon.clickTab is PASSED

2021-04-14 22:28:52 - [MESSAGE][PASSED] - ctdc.utilities.runtestcaseforKatalon.clickTab is PASSED

2021-04-14 22:28:52 - [TEST_STEP][PASSED] - waitForElementPresent(findTestObject("Object Repository/Canine/Filter/PrimDiseaseSite/BladderProstate_Chkbx"), 10): Object 'Object Repository/Canine/Filter/PrimDiseaseSite/BladderProstate_Chkbx' is not present after 10 second(s)

2021-04-14 22:29:04 - [MESSAGE][INFO] - Unable to find the element located by 'By.xpath: //*[contains(text(),'Bladder, Prostate')]'. Please recheck the objects properties to make sure the desired element is located. 

2021-04-14 22:29:04 - [MESSAGE][WARNING] - Object 'Object Repository/Canine/Filter/PrimDiseaseSite/BladderProstate_Chkbx' is not present after 10 second(s)

2021-04-14 22:29:04 - [TEST_STEP][PASSED] - ctdc.utilities.runtestcaseforKatalon.clickTab("Object Repository/Canine/Filter/PrimDiseaseSite/BladderProstate_Chkbx"): ctdc.utilities.runtestcaseforKatalon.clickTab is PASSED

2021-04-14 22:29:05 - [MESSAGE][PASSED] - ctdc.utilities.runtestcaseforKatalon.clickTab is PASSED

2021-04-14 22:29:05 - [TEST_STEP][PASSED] - waitForElementPresent(findTestObject("Object Repository/Canine/Filter/PrimDiseaseSite/BladderUrethra_Chkbx"), 10): Object 'Object Repository/Canine/Filter/PrimDiseaseSite/BladderUrethra_Chkbx' is not present after 10 second(s)

2021-04-14 22:29:17 - [MESSAGE][INFO] - Unable to find the element located by 'By.xpath: (//*[contains(text(),'Bladder, Urethra')])[1]'. Please recheck the objects properties to make sure the desired element is located. 

2021-04-14 22:29:17 - [MESSAGE][WARNING] - Object 'Object Repository/Canine/Filter/PrimDiseaseSite/BladderUrethra_Chkbx' is not present after 10 second(s)

2021-04-14 22:29:17 - [TEST_STEP][PASSED] - ctdc.utilities.runtestcaseforKatalon.clickTab("Object Repository/Canine/Filter/PrimDiseaseSite/BladderUrethra_Chkbx"): ctdc.utilities.runtestcaseforKatalon.clickTab is PASSED

2021-04-14 22:29:18 - [MESSAGE][PASSED] - ctdc.utilities.runtestcaseforKatalon.clickTab is PASSED

2021-04-14 22:29:18 - [TEST_STEP][PASSED] - waitForElementPresent(findTestObject("Object Repository/Canine/Filter/PrimDiseaseSite/BladderUrethraProstate_Chkbx"), 10): Object 'Object Repository/Canine/Filter/PrimDiseaseSite/BladderUrethraProstate_Chkbx' is not present after 10 second(s)

2021-04-14 22:29:30 - [MESSAGE][INFO] - Unable to find the element located by 'By.xpath: //*[contains(text(),'Bladder, Urethra, Prostate')]'. Please recheck the objects properties to make sure the desired element is located. 

2021-04-14 22:29:30 - [MESSAGE][WARNING] - Object 'Object Repository/Canine/Filter/PrimDiseaseSite/BladderUrethraProstate_Chkbx' is not present after 10 second(s)

2021-04-14 22:29:30 - [TEST_STEP][PASSED] - ctdc.utilities.runtestcaseforKatalon.clickTab("Object Repository/Canine/Filter/PrimDiseaseSite/BladderUrethraProstate_Chkbx"): ctdc.utilities.runtestcaseforKatalon.clickTab is PASSED

2021-04-14 22:29:31 - [MESSAGE][PASSED] - ctdc.utilities.runtestcaseforKatalon.clickTab is PASSED

2021-04-14 22:29:31 - [TEST_STEP][PASSED] - waitForElementPresent(findTestObject("Object Repository/Canine/Filter/PrimDiseaseSite/NotApplicable_Chkbx"), 10): Object 'Object Repository/Canine/Filter/PrimDiseaseSite/NotApplicable_Chkbx' is not present after 10 second(s)

2021-04-14 22:29:42 - [MESSAGE][INFO] - Unable to find the element located by 'By.xpath: (//*[contains(text(),'Not Applicable')])[1]'. Please recheck the objects properties to make sure the desired element is located. 

2021-04-14 22:29:42 - [MESSAGE][WARNING] - Object 'Object Repository/Canine/Filter/PrimDiseaseSite/NotApplicable_Chkbx' is not present after 10 second(s)

2021-04-14 22:29:42 - [TEST_STEP][PASSED] - ctdc.utilities.runtestcaseforKatalon.clickTab("Object Repository/Canine/Filter/PrimDiseaseSite/NotApplicable_Chkbx"): ctdc.utilities.runtestcaseforKatalon.clickTab is PASSED

2021-04-14 22:29:44 - [MESSAGE][PASSED] - ctdc.utilities.runtestcaseforKatalon.clickTab is PASSED

2021-04-14 22:29:44 - [TEST_STEP][PASSED] - ctdc.utilities.runtestcaseforKatalon.clickTab("Object Repository/Canine/Filter/PrimDiseaseSite/PRIMARYDISEASESITE_Ddn"): ctdc.utilities.runtestcaseforKatalon.clickTab is PASSED

2021-04-14 22:29:48 - [MESSAGE][PASSED] - ctdc.utilities.runtestcaseforKatalon.clickTab is PASSED

2021-04-14 22:29:48 - [TEST_STEP][PASSED] - Thread.sleep(2000): null

2021-04-14 22:29:50 - [TEST_STEP][PASSED] - ctdc.utilities.runtestcaseforKatalon.readStatBarCanine("Object Repository/Canine/StatBar/Canine_StatBar-Studies", "Object Repository/Canine/StatBar/Canine_StatBar-Cases", "Object Repository/Canine/StatBar/Canine_StatBar-Samples", "Object Repository/Canine/StatBar/Canine_StatBar-Files", "Object Repository/Canine/StatBar/Canine_StatBar-Aliquots"): ctdc.utilities.runtestcaseforKatalon.readStatBarCanine is PASSED

2021-04-14 22:30:11 - [MESSAGE][PASSED] - ctdc.utilities.runtestcaseforKatalon.readStatBarCanine is PASSED

2021-04-14 22:30:11 - [TEST_STEP][PASSED] - waitForElementPresent(findTestObject("Object Repository/Canine/CanineResults_Cases_Tab"), 5): Object 'Object Repository/Canine/CanineResults_Cases_Tab' is not present after 5 second(s)

2021-04-14 22:30:18 - [MESSAGE][INFO] - Unable to find the element located by 'By.xpath: //*[@id="case_tab"]'. Please recheck the objects properties to make sure the desired element is located. 

2021-04-14 22:30:18 - [MESSAGE][WARNING] - Object 'Object Repository/Canine/CanineResults_Cases_Tab' is not present after 5 second(s)

2021-04-14 22:30:18 - [TEST_STEP][PASSED] - ctdc.utilities.runtestcaseforKatalon.clickTab("Object Repository/Canine/CanineResults_Cases_Tab"): ctdc.utilities.runtestcaseforKatalon.clickTab is PASSED

2021-04-14 22:30:20 - [MESSAGE][PASSED] - ctdc.utilities.runtestcaseforKatalon.clickTab is PASSED

2021-04-14 22:30:20 - [TEST_STEP][PASSED] - ctdc.utilities.runtestcaseforKatalon.multiFunction("ICDC", G_StatBar_Cases, "Object Repository/Canine/Canine_CasesTable", "Object Repository/Canine/Canine_TableHeader", "Object Repository/Canine/Canine_CasesTabNextBtn", G_WebTabnameCases, G_CypherTabnameCases, G_QueryCasesTab): Statbar Arms count matches

2021-04-14 22:31:55 - [MESSAGE][PASSED] - Statbar Files count matches

2021-04-14 22:31:55 - [MESSAGE][PASSED] - Statbar Samples count matches

2021-04-14 22:31:55 - [MESSAGE][PASSED] - Statbar Cases count matches

2021-04-14 22:31:55 - [MESSAGE][PASSED] - Statbar Arms count matches

2021-04-14 22:31:56 - [TEST_STEP][PASSED] - waitForElementPresent(findTestObject("Object Repository/Canine/CanineResults_Samples_Tab"), 5): Object 'Object Repository/Canine/CanineResults_Samples_Tab' is not present after 5 second(s)

2021-04-14 22:32:02 - [MESSAGE][INFO] - Unable to find the element located by 'By.xpath: //*[@id="sample_tab"]'. Please recheck the objects properties to make sure the desired element is located. 

2021-04-14 22:32:02 - [MESSAGE][WARNING] - Object 'Object Repository/Canine/CanineResults_Samples_Tab' is not present after 5 second(s)

2021-04-14 22:32:02 - [TEST_STEP][PASSED] - ctdc.utilities.runtestcaseforKatalon.clickTab("Object Repository/Canine/CanineResults_Samples_Tab"): ctdc.utilities.runtestcaseforKatalon.clickTab is PASSED

2021-04-14 22:32:04 - [MESSAGE][PASSED] - ctdc.utilities.runtestcaseforKatalon.clickTab is PASSED

2021-04-14 22:32:04 - [TEST_STEP][PASSED] - ctdc.utilities.runtestcaseforKatalon.multiFunction("ICDC", G_StatBar_Samples, "Object Repository/Canine/Canine_Samples_Table", "Object Repository/Canine/Canine_Samples_TableHdr", "Object Repository/Canine/Canine_SamplesTabNextBtn", G_WebTabnameSamples, G_CypherTabnameSamples, G_QuerySamplesTab): Statbar Arms count matches

2021-04-14 22:36:40 - [MESSAGE][PASSED] - Statbar Files count matches

2021-04-14 22:36:40 - [MESSAGE][PASSED] - Statbar Samples count matches

2021-04-14 22:36:40 - [MESSAGE][PASSED] - Statbar Cases count matches

2021-04-14 22:36:40 - [MESSAGE][PASSED] - Statbar Arms count matches

2021-04-14 22:36:40 - [TEST_STEP][PASSED] - waitForElementPresent(findTestObject("Object Repository/Canine/CanineResults_Files_Tab"), 5): Object 'Object Repository/Canine/CanineResults_Files_Tab' is not present after 5 second(s)

2021-04-14 22:36:47 - [MESSAGE][INFO] - Unable to find the element located by 'By.xpath: //*[@id="file_tab"]'. Please recheck the objects properties to make sure the desired element is located. 

2021-04-14 22:36:47 - [MESSAGE][WARNING] - Object 'Object Repository/Canine/CanineResults_Files_Tab' is not present after 5 second(s)

2021-04-14 22:36:47 - [TEST_STEP][PASSED] - ctdc.utilities.runtestcaseforKatalon.clickTab("Object Repository/Canine/CanineResults_Files_Tab"): ctdc.utilities.runtestcaseforKatalon.clickTab is PASSED

2021-04-14 22:36:49 - [MESSAGE][PASSED] - ctdc.utilities.runtestcaseforKatalon.clickTab is PASSED

2021-04-14 22:36:49 - [TEST_STEP][PASSED] - ctdc.utilities.runtestcaseforKatalon.multiFunction("ICDC", G_StatBar_Files, "Object Repository/Canine/Canine_Files_Table", "Object Repository/Canine/Canine_Files_TableHdr", "Object Repository/Canine/Canine_FilesTabNextBtn", G_WebTabnameFiles, G_CypherTabnameFiles, G_QueryFilesTab): Statbar Arms count matches

2021-04-14 22:43:15 - [MESSAGE][PASSED] - Statbar Files count matches

2021-04-14 22:43:15 - [MESSAGE][PASSED] - Statbar Samples count matches

2021-04-14 22:43:15 - [MESSAGE][PASSED] - Statbar Cases count matches

2021-04-14 22:43:15 - [MESSAGE][PASSED] - Statbar Arms count matches

2021-04-14 22:43:15 - [TEST_STEP][PASSED] - closeBrowser(): Browser is closed

2021-04-14 22:43:21 - [MESSAGE][PASSED] - Browser is closed]]></system-out>
         <system-err><![CDATA[]]></system-err>
      </testcase>
      <testcase name="Test Cases/Canine_TestCases/Study-Combinations/TC06_Canine_StudyUBC-Breed_Diagnosis_PrimDiseaseSite" time="1387.162" classname="Test Cases/Canine_TestCases/Study-Combinations/TC06_Canine_StudyUBC-Breed_Diagnosis_PrimDiseaseSite" status="PASSED">
         <system-out><![CDATA[2021-04-14 22:43:22 - [TEST_CASE][PASSED] - Test Cases/Canine_TestCases/Study-Combinations/TC06_Canine_StudyUBC-Breed_Diagnosis_PrimDiseaseSite: Test Cases/Canine_TestCases/Study-Combinations/TC06_Canine_StudyUBC-Breed_Diagnosis_PrimDiseaseSite

2021-04-14 22:43:29 - [TEST_STEP][PASSED] - openBrowser(""): Browser is opened with url: ''

2021-04-14 22:43:29 - [MESSAGE][INFO] - Starting 'Chrome (headless)' driver

2021-04-14 22:43:29 - [MESSAGE][INFO] - User set preference: ['args', '[--no-sandbox]']

2021-04-14 22:43:30 - [MESSAGE][INFO] - Action delay is set to 5,000 milliseconds

2021-04-14 22:43:38 - [MESSAGE][PASSED] - Browser is opened with url: ''

2021-04-14 22:43:38 - [TEST_STEP][PASSED] - maximizeWindow(): Current window maximized

2021-04-14 22:43:38 - [MESSAGE][PASSED] - Current window maximized

2021-04-14 22:43:38 - [TEST_STEP][PASSED] - "Driver opened by Katalon is used in Selenium from this step.": null

2021-04-14 22:43:38 - [TEST_STEP][PASSED] - ctdc.utilities.runtestcaseforKatalon.RunKatalon("TC06_Canine_StudyUBC-Breed_Diagnosis_PrimDiseaseSite.xlsx"): Data loaded from input file for the test case. 

2021-04-14 22:43:38 - [MESSAGE][PASSED] - Test case file loaded This is the full filepath after converting to string :C:\Users\radhakrishnang2\Desktop\Commons_Automation\InputFiles\TC06_Canine_StudyUBC-Breed_Diagnosis_PrimDiseaseSite.xlsx

2021-04-14 22:43:38 - [MESSAGE][INFO] - Global variable set for password file is :  C:\Users\radhakrishnang2\Desktop\Commons_Automation\InputFiles\TC06_Canine_StudyUBC-Breed_Diagnosis_PrimDiseaseSite.xlsx

2021-04-14 22:43:38 - [MESSAGE][PASSED] - Data loaded from input file for the test case. 

2021-04-14 22:44:05 - [TEST_STEP][PASSED] - waitForElementPresent(findTestObject("Canine/NavBar/Canine_Cases_Btn"), 10): Object 'Object Repository/Canine/NavBar/Canine_Cases_Btn' is not present after 10 second(s)

2021-04-14 22:44:18 - [MESSAGE][INFO] - Unable to find the element located by 'By.xpath: //a[contains(@href,'cases')]'. Please recheck the objects properties to make sure the desired element is located. 

2021-04-14 22:44:18 - [MESSAGE][WARNING] - Object 'Object Repository/Canine/NavBar/Canine_Cases_Btn' is not present after 10 second(s)

2021-04-14 22:44:18 - [TEST_STEP][PASSED] - ctdc.utilities.runtestcaseforKatalon.clickTab("Canine/NavBar/Canine_Cases_Btn"): ctdc.utilities.runtestcaseforKatalon.clickTab is PASSED

2021-04-14 22:44:20 - [MESSAGE][PASSED] - ctdc.utilities.runtestcaseforKatalon.clickTab is PASSED

2021-04-14 22:44:20 - [TEST_STEP][PASSED] - waitForElementPresent(findTestObject("Object Repository/Canine/Filter/FilterByCases_Facet"), 10): Object 'Object Repository/Canine/Filter/FilterByCases_Facet' is not present after 10 second(s)

2021-04-14 22:44:32 - [MESSAGE][INFO] - Unable to find the element located by 'By.xpath: //*[contains(text(),'Filter By Cases')]'. Please recheck the objects properties to make sure the desired element is located. 

2021-04-14 22:44:32 - [MESSAGE][WARNING] - Object 'Object Repository/Canine/Filter/FilterByCases_Facet' is not present after 10 second(s)

2021-04-14 22:44:32 - [TEST_STEP][PASSED] - ctdc.utilities.runtestcaseforKatalon.clickTab("Object Repository/Canine/Filter/FilterByCases_Facet"): ctdc.utilities.runtestcaseforKatalon.clickTab is PASSED

2021-04-14 22:44:35 - [MESSAGE][PASSED] - ctdc.utilities.runtestcaseforKatalon.clickTab is PASSED

2021-04-14 22:44:35 - [TEST_STEP][PASSED] - waitForElementPresent(findTestObject("Object Repository/Canine/Filter/Study/Canine_Filter_Study"), 10): Object 'Object Repository/Canine/Filter/Study/Canine_Filter_Study' is not present after 10 second(s)

2021-04-14 22:44:46 - [MESSAGE][INFO] - Unable to find the element located by 'By.xpath: //*[@id='Study']'. Please recheck the objects properties to make sure the desired element is located. 

2021-04-14 22:44:46 - [MESSAGE][WARNING] - Object 'Object Repository/Canine/Filter/Study/Canine_Filter_Study' is not present after 10 second(s)

2021-04-14 22:44:46 - [TEST_STEP][PASSED] - ctdc.utilities.runtestcaseforKatalon.clickTab("Object Repository/Canine/Filter/Study/Canine_Filter_Study"): ctdc.utilities.runtestcaseforKatalon.clickTab is PASSED

2021-04-14 22:44:48 - [MESSAGE][PASSED] - ctdc.utilities.runtestcaseforKatalon.clickTab is PASSED

2021-04-14 22:44:48 - [TEST_STEP][PASSED] - waitForElementPresent(findTestObject("Object Repository/Canine/Filter/Study/Canine_Filter_Study-UBC_Chkbx"), 10): Object 'Object Repository/Canine/Filter/Study/Canine_Filter_Study-UBC_Chkbx' is not present after 10 second(s)

2021-04-14 22:45:00 - [MESSAGE][INFO] - Unable to find the element located by 'By.xpath: (//*[contains(text(),'UBC')])[1]'. Please recheck the objects properties to make sure the desired element is located. 

2021-04-14 22:45:00 - [MESSAGE][WARNING] - Object 'Object Repository/Canine/Filter/Study/Canine_Filter_Study-UBC_Chkbx' is not present after 10 second(s)

2021-04-14 22:45:00 - [TEST_STEP][PASSED] - ctdc.utilities.runtestcaseforKatalon.clickTab("Object Repository/Canine/Filter/Study/Canine_Filter_Study-UBC_Chkbx"): ctdc.utilities.runtestcaseforKatalon.clickTab is PASSED

2021-04-14 22:45:02 - [MESSAGE][PASSED] - ctdc.utilities.runtestcaseforKatalon.clickTab is PASSED

2021-04-14 22:45:02 - [TEST_STEP][PASSED] - Thread.sleep(2000): null

2021-04-14 22:45:04 - [TEST_STEP][PASSED] - waitForElementPresent(findTestObject("Object Repository/Canine/Filter/Breed/BREED_Ddn"), 10): Object 'Object Repository/Canine/Filter/Breed/BREED_Ddn' is not present after 10 second(s)

2021-04-14 22:45:15 - [MESSAGE][INFO] - Unable to find the element located by 'By.xpath: //*[@id='Breed']'. Please recheck the objects properties to make sure the desired element is located. 

2021-04-14 22:45:15 - [MESSAGE][WARNING] - Object 'Object Repository/Canine/Filter/Breed/BREED_Ddn' is not present after 10 second(s)

2021-04-14 22:45:15 - [TEST_STEP][PASSED] - ctdc.utilities.runtestcaseforKatalon.clickTab("Object Repository/Canine/Filter/Breed/BREED_Ddn"): ctdc.utilities.runtestcaseforKatalon.clickTab is PASSED

2021-04-14 22:45:17 - [MESSAGE][PASSED] - ctdc.utilities.runtestcaseforKatalon.clickTab is PASSED

2021-04-14 22:45:17 - [TEST_STEP][PASSED] - waitForElementPresent(findTestObject("Object Repository/Canine/Filter/Breed/Mixed_Chkbx"), 10): Object 'Object Repository/Canine/Filter/Breed/Mixed_Chkbx' is not present after 10 second(s)

2021-04-14 22:45:29 - [MESSAGE][INFO] - Unable to find the element located by 'By.xpath: //*[contains(text(),'Mixed Breed')]'. Please recheck the objects properties to make sure the desired element is located. 

2021-04-14 22:45:29 - [MESSAGE][WARNING] - Object 'Object Repository/Canine/Filter/Breed/Mixed_Chkbx' is not present after 10 second(s)

2021-04-14 22:45:29 - [TEST_STEP][PASSED] - ctdc.utilities.runtestcaseforKatalon.clickTab("Object Repository/Canine/Filter/Breed/Mixed_Chkbx"): ctdc.utilities.runtestcaseforKatalon.clickTab is PASSED

2021-04-14 22:45:30 - [MESSAGE][PASSED] - ctdc.utilities.runtestcaseforKatalon.clickTab is PASSED

2021-04-14 22:45:30 - [TEST_STEP][PASSED] - waitForElementPresent(findTestObject("Object Repository/Canine/Filter/Breed/ScottTerr_Chkbx"), 10): Object 'Object Repository/Canine/Filter/Breed/ScottTerr_Chkbx' is not present after 10 second(s)

2021-04-14 22:45:41 - [MESSAGE][INFO] - Unable to find the element located by 'By.xpath: //*[contains(text(),'Scottish Terrier')]'. Please recheck the objects properties to make sure the desired element is located. 

2021-04-14 22:45:41 - [MESSAGE][WARNING] - Object 'Object Repository/Canine/Filter/Breed/ScottTerr_Chkbx' is not present after 10 second(s)

2021-04-14 22:45:41 - [TEST_STEP][PASSED] - ctdc.utilities.runtestcaseforKatalon.clickTab("Object Repository/Canine/Filter/Breed/ScottTerr_Chkbx"): ctdc.utilities.runtestcaseforKatalon.clickTab is PASSED

2021-04-14 22:45:43 - [MESSAGE][PASSED] - ctdc.utilities.runtestcaseforKatalon.clickTab is PASSED

2021-04-14 22:45:43 - [TEST_STEP][PASSED] - waitForElementPresent(findTestObject("Object Repository/Canine/Filter/Breed/ShetlandShpdog_Chkbx"), 10): Object 'Object Repository/Canine/Filter/Breed/ShetlandShpdog_Chkbx' is not present after 10 second(s)

2021-04-14 22:45:55 - [MESSAGE][INFO] - Unable to find the element located by 'By.xpath: //*[contains(text(),'Shetland Sheepdog')]'. Please recheck the objects properties to make sure the desired element is located. 

2021-04-14 22:45:55 - [MESSAGE][WARNING] - Object 'Object Repository/Canine/Filter/Breed/ShetlandShpdog_Chkbx' is not present after 10 second(s)

2021-04-14 22:45:55 - [TEST_STEP][PASSED] - ctdc.utilities.runtestcaseforKatalon.clickTab("Object Repository/Canine/Filter/Breed/ShetlandShpdog_Chkbx"): ctdc.utilities.runtestcaseforKatalon.clickTab is PASSED

2021-04-14 22:45:56 - [MESSAGE][PASSED] - ctdc.utilities.runtestcaseforKatalon.clickTab is PASSED

2021-04-14 22:45:56 - [TEST_STEP][PASSED] - ctdc.utilities.runtestcaseforKatalon.clickTab("Object Repository/Canine/Filter/Breed/BREED_Ddn"): ctdc.utilities.runtestcaseforKatalon.clickTab is PASSED

2021-04-14 22:46:02 - [MESSAGE][PASSED] - ctdc.utilities.runtestcaseforKatalon.clickTab is PASSED

2021-04-14 22:46:02 - [TEST_STEP][PASSED] - waitForElementPresent(findTestObject("Object Repository/Canine/Filter/Diagnosis/DIAGNOSIS_Ddn"), 10): Object 'Object Repository/Canine/Filter/Diagnosis/DIAGNOSIS_Ddn' is not present after 10 second(s)

2021-04-14 22:46:14 - [MESSAGE][INFO] - Unable to find the element located by 'By.xpath: (//*[@id='Diagnosis'])[1]'. Please recheck the objects properties to make sure the desired element is located. 

2021-04-14 22:46:14 - [MESSAGE][WARNING] - Object 'Object Repository/Canine/Filter/Diagnosis/DIAGNOSIS_Ddn' is not present after 10 second(s)

2021-04-14 22:46:14 - [TEST_STEP][PASSED] - ctdc.utilities.runtestcaseforKatalon.clickTab("Object Repository/Canine/Filter/Diagnosis/DIAGNOSIS_Ddn"): ctdc.utilities.runtestcaseforKatalon.clickTab is PASSED

2021-04-14 22:46:15 - [MESSAGE][PASSED] - ctdc.utilities.runtestcaseforKatalon.clickTab is PASSED

2021-04-14 22:46:15 - [TEST_STEP][PASSED] - waitForElementPresent(findTestObject("Object Repository/Canine/Filter/Diagnosis/BladderCancer_Chkbx"), 10): Object 'Object Repository/Canine/Filter/Diagnosis/BladderCancer_Chkbx' is not present after 10 second(s)

2021-04-14 22:46:26 - [MESSAGE][INFO] - Unable to find the element located by 'By.xpath: //*[contains(text(),'Bladder Cancer')]'. Please recheck the objects properties to make sure the desired element is located. 

2021-04-14 22:46:26 - [MESSAGE][WARNING] - Object 'Object Repository/Canine/Filter/Diagnosis/BladderCancer_Chkbx' is not present after 10 second(s)

2021-04-14 22:46:26 - [TEST_STEP][PASSED] - ctdc.utilities.runtestcaseforKatalon.clickTab("Object Repository/Canine/Filter/Diagnosis/BladderCancer_Chkbx"): ctdc.utilities.runtestcaseforKatalon.clickTab is PASSED

2021-04-14 22:46:28 - [MESSAGE][PASSED] - ctdc.utilities.runtestcaseforKatalon.clickTab is PASSED

2021-04-14 22:46:28 - [TEST_STEP][PASSED] - waitForElementPresent(findTestObject("Object Repository/Canine/Filter/Diagnosis/HealthyControl_Chkbx"), 10): Object 'Object Repository/Canine/Filter/Diagnosis/HealthyControl_Chkbx' is not present after 10 second(s)

2021-04-14 22:46:40 - [MESSAGE][INFO] - Unable to find the element located by 'By.xpath: //*[contains(text(),'Healthy Control')]'. Please recheck the objects properties to make sure the desired element is located. 

2021-04-14 22:46:40 - [MESSAGE][WARNING] - Object 'Object Repository/Canine/Filter/Diagnosis/HealthyControl_Chkbx' is not present after 10 second(s)

2021-04-14 22:46:40 - [TEST_STEP][PASSED] - ctdc.utilities.runtestcaseforKatalon.clickTab("Object Repository/Canine/Filter/Diagnosis/HealthyControl_Chkbx"): ctdc.utilities.runtestcaseforKatalon.clickTab is PASSED

2021-04-14 22:46:41 - [MESSAGE][PASSED] - ctdc.utilities.runtestcaseforKatalon.clickTab is PASSED

2021-04-14 22:46:41 - [TEST_STEP][PASSED] - ctdc.utilities.runtestcaseforKatalon.clickTab("Object Repository/Canine/Filter/Diagnosis/DIAGNOSIS_Ddn"): ctdc.utilities.runtestcaseforKatalon.clickTab is PASSED

2021-04-14 22:46:46 - [MESSAGE][PASSED] - ctdc.utilities.runtestcaseforKatalon.clickTab is PASSED

2021-04-14 22:46:46 - [TEST_STEP][PASSED] - Thread.sleep(2000): null

2021-04-14 22:46:48 - [TEST_STEP][PASSED] - waitForElementPresent(findTestObject("Object Repository/Canine/Filter/PrimDiseaseSite/PRIMARYDISEASESITE_Ddn"), 10): Object 'Object Repository/Canine/Filter/PrimDiseaseSite/PRIMARYDISEASESITE_Ddn' is not present after 10 second(s)

2021-04-14 22:47:00 - [MESSAGE][INFO] - Unable to find the element located by 'By.xpath: //*[@id='Primary Disease Site']'. Please recheck the objects properties to make sure the desired element is located. 

2021-04-14 22:47:00 - [MESSAGE][WARNING] - Object 'Object Repository/Canine/Filter/PrimDiseaseSite/PRIMARYDISEASESITE_Ddn' is not present after 10 second(s)

2021-04-14 22:47:00 - [TEST_STEP][PASSED] - ctdc.utilities.runtestcaseforKatalon.clickTab("Object Repository/Canine/Filter/PrimDiseaseSite/PRIMARYDISEASESITE_Ddn"): ctdc.utilities.runtestcaseforKatalon.clickTab is PASSED

2021-04-14 22:47:01 - [MESSAGE][PASSED] - ctdc.utilities.runtestcaseforKatalon.clickTab is PASSED

2021-04-14 22:47:01 - [TEST_STEP][PASSED] - waitForElementPresent(findTestObject("Object Repository/Canine/Filter/PrimDiseaseSite/Bladder_Chkbx"), 10): Object 'Object Repository/Canine/Filter/PrimDiseaseSite/Bladder_Chkbx' is not present after 10 second(s)

2021-04-14 22:47:13 - [MESSAGE][INFO] - Unable to find the element located by 'By.xpath: (//*[contains(text(),'Bladder')])[2]'. Please recheck the objects properties to make sure the desired element is located. 

2021-04-14 22:47:13 - [MESSAGE][WARNING] - Object 'Object Repository/Canine/Filter/PrimDiseaseSite/Bladder_Chkbx' is not present after 10 second(s)

2021-04-14 22:47:13 - [TEST_STEP][PASSED] - ctdc.utilities.runtestcaseforKatalon.clickTab("Object Repository/Canine/Filter/PrimDiseaseSite/Bladder_Chkbx"): ctdc.utilities.runtestcaseforKatalon.clickTab is PASSED

2021-04-14 22:47:15 - [MESSAGE][PASSED] - ctdc.utilities.runtestcaseforKatalon.clickTab is PASSED

2021-04-14 22:47:15 - [TEST_STEP][PASSED] - waitForElementPresent(findTestObject("Object Repository/Canine/Filter/PrimDiseaseSite/BladderProstate_Chkbx"), 10): Object 'Object Repository/Canine/Filter/PrimDiseaseSite/BladderProstate_Chkbx' is not present after 10 second(s)

2021-04-14 22:47:26 - [MESSAGE][INFO] - Unable to find the element located by 'By.xpath: //*[contains(text(),'Bladder, Prostate')]'. Please recheck the objects properties to make sure the desired element is located. 

2021-04-14 22:47:26 - [MESSAGE][WARNING] - Object 'Object Repository/Canine/Filter/PrimDiseaseSite/BladderProstate_Chkbx' is not present after 10 second(s)

2021-04-14 22:47:26 - [TEST_STEP][PASSED] - ctdc.utilities.runtestcaseforKatalon.clickTab("Object Repository/Canine/Filter/PrimDiseaseSite/BladderProstate_Chkbx"): ctdc.utilities.runtestcaseforKatalon.clickTab is PASSED

2021-04-14 22:47:27 - [MESSAGE][PASSED] - ctdc.utilities.runtestcaseforKatalon.clickTab is PASSED

2021-04-14 22:47:27 - [TEST_STEP][PASSED] - waitForElementPresent(findTestObject("Object Repository/Canine/Filter/PrimDiseaseSite/BladderUrethra_Chkbx"), 10): Object 'Object Repository/Canine/Filter/PrimDiseaseSite/BladderUrethra_Chkbx' is not present after 10 second(s)

2021-04-14 22:47:39 - [MESSAGE][INFO] - Unable to find the element located by 'By.xpath: (//*[contains(text(),'Bladder, Urethra')])[1]'. Please recheck the objects properties to make sure the desired element is located. 

2021-04-14 22:47:39 - [MESSAGE][WARNING] - Object 'Object Repository/Canine/Filter/PrimDiseaseSite/BladderUrethra_Chkbx' is not present after 10 second(s)

2021-04-14 22:47:39 - [TEST_STEP][PASSED] - ctdc.utilities.runtestcaseforKatalon.clickTab("Object Repository/Canine/Filter/PrimDiseaseSite/BladderUrethra_Chkbx"): ctdc.utilities.runtestcaseforKatalon.clickTab is PASSED

2021-04-14 22:47:41 - [MESSAGE][PASSED] - ctdc.utilities.runtestcaseforKatalon.clickTab is PASSED

2021-04-14 22:47:41 - [TEST_STEP][PASSED] - waitForElementPresent(findTestObject("Object Repository/Canine/Filter/PrimDiseaseSite/BladderUrethraProstate_Chkbx"), 10): Object 'Object Repository/Canine/Filter/PrimDiseaseSite/BladderUrethraProstate_Chkbx' is not present after 10 second(s)

2021-04-14 22:47:53 - [MESSAGE][INFO] - Unable to find the element located by 'By.xpath: //*[contains(text(),'Bladder, Urethra, Prostate')]'. Please recheck the objects properties to make sure the desired element is located. 

2021-04-14 22:47:53 - [MESSAGE][WARNING] - Object 'Object Repository/Canine/Filter/PrimDiseaseSite/BladderUrethraProstate_Chkbx' is not present after 10 second(s)

2021-04-14 22:47:53 - [TEST_STEP][PASSED] - ctdc.utilities.runtestcaseforKatalon.clickTab("Object Repository/Canine/Filter/PrimDiseaseSite/BladderUrethraProstate_Chkbx"): ctdc.utilities.runtestcaseforKatalon.clickTab is PASSED

2021-04-14 22:47:56 - [MESSAGE][PASSED] - ctdc.utilities.runtestcaseforKatalon.clickTab is PASSED

2021-04-14 22:47:56 - [TEST_STEP][PASSED] - ctdc.utilities.runtestcaseforKatalon.clickTab("Object Repository/Canine/Filter/PrimDiseaseSite/PRIMARYDISEASESITE_Ddn"): ctdc.utilities.runtestcaseforKatalon.clickTab is PASSED

2021-04-14 22:48:01 - [MESSAGE][PASSED] - ctdc.utilities.runtestcaseforKatalon.clickTab is PASSED

2021-04-14 22:48:01 - [TEST_STEP][PASSED] - Thread.sleep(2000): null

2021-04-14 22:48:03 - [TEST_STEP][PASSED] - ctdc.utilities.runtestcaseforKatalon.readStatBarCanine("Object Repository/Canine/StatBar/Canine_StatBar-Studies", "Object Repository/Canine/StatBar/Canine_StatBar-Cases", "Object Repository/Canine/StatBar/Canine_StatBar-Samples", "Object Repository/Canine/StatBar/Canine_StatBar-Files", "Object Repository/Canine/StatBar/Canine_StatBar-Aliquots"): ctdc.utilities.runtestcaseforKatalon.readStatBarCanine is PASSED

2021-04-14 22:48:24 - [MESSAGE][PASSED] - ctdc.utilities.runtestcaseforKatalon.readStatBarCanine is PASSED

2021-04-14 22:48:24 - [TEST_STEP][PASSED] - waitForElementPresent(findTestObject("Object Repository/Canine/CanineResults_Cases_Tab"), 5): Object 'Object Repository/Canine/CanineResults_Cases_Tab' is not present after 5 second(s)

2021-04-14 22:48:31 - [MESSAGE][INFO] - Unable to find the element located by 'By.xpath: //*[@id="case_tab"]'. Please recheck the objects properties to make sure the desired element is located. 

2021-04-14 22:48:31 - [MESSAGE][WARNING] - Object 'Object Repository/Canine/CanineResults_Cases_Tab' is not present after 5 second(s)

2021-04-14 22:48:31 - [TEST_STEP][PASSED] - ctdc.utilities.runtestcaseforKatalon.clickTab("Object Repository/Canine/CanineResults_Cases_Tab"): ctdc.utilities.runtestcaseforKatalon.clickTab is PASSED

2021-04-14 22:48:34 - [MESSAGE][PASSED] - ctdc.utilities.runtestcaseforKatalon.clickTab is PASSED

2021-04-14 22:48:34 - [TEST_STEP][PASSED] - ctdc.utilities.runtestcaseforKatalon.multiFunction("ICDC", G_StatBar_Cases, "Object Repository/Canine/Canine_CasesTable", "Object Repository/Canine/Canine_TableHeader", "Object Repository/Canine/Canine_CasesTabNextBtn", G_WebTabnameCases, G_CypherTabnameCases, G_QueryCasesTab): Statbar Arms count matches

2021-04-14 22:51:28 - [MESSAGE][PASSED] - Statbar Files count matches

2021-04-14 22:51:28 - [MESSAGE][PASSED] - Statbar Samples count matches

2021-04-14 22:51:28 - [MESSAGE][PASSED] - Statbar Cases count matches

2021-04-14 22:51:28 - [MESSAGE][PASSED] - Statbar Arms count matches

2021-04-14 22:51:28 - [TEST_STEP][PASSED] - waitForElementPresent(findTestObject("Object Repository/Canine/CanineResults_Samples_Tab"), 5): Object 'Object Repository/Canine/CanineResults_Samples_Tab' is not present after 5 second(s)

2021-04-14 22:51:36 - [MESSAGE][INFO] - Unable to find the element located by 'By.xpath: //*[@id="sample_tab"]'. Please recheck the objects properties to make sure the desired element is located. 

2021-04-14 22:51:36 - [MESSAGE][WARNING] - Object 'Object Repository/Canine/CanineResults_Samples_Tab' is not present after 5 second(s)

2021-04-14 22:51:36 - [TEST_STEP][PASSED] - ctdc.utilities.runtestcaseforKatalon.clickTab("Object Repository/Canine/CanineResults_Samples_Tab"): ctdc.utilities.runtestcaseforKatalon.clickTab is PASSED

2021-04-14 22:51:38 - [MESSAGE][PASSED] - ctdc.utilities.runtestcaseforKatalon.clickTab is PASSED

2021-04-14 22:51:38 - [TEST_STEP][PASSED] - ctdc.utilities.runtestcaseforKatalon.multiFunction("ICDC", G_StatBar_Samples, "Object Repository/Canine/Canine_Samples_Table", "Object Repository/Canine/Canine_Samples_TableHdr", "Object Repository/Canine/Canine_SamplesTabNextBtn", G_WebTabnameSamples, G_CypherTabnameSamples, G_QuerySamplesTab): Statbar Arms count matches

2021-04-14 22:56:03 - [MESSAGE][PASSED] - Statbar Files count matches

2021-04-14 22:56:03 - [MESSAGE][PASSED] - Statbar Samples count matches

2021-04-14 22:56:03 - [MESSAGE][PASSED] - Statbar Cases count matches

2021-04-14 22:56:03 - [MESSAGE][PASSED] - Statbar Arms count matches

2021-04-14 22:56:03 - [TEST_STEP][PASSED] - waitForElementPresent(findTestObject("Object Repository/Canine/CanineResults_Files_Tab"), 5): Object 'Object Repository/Canine/CanineResults_Files_Tab' is not present after 5 second(s)

2021-04-14 22:56:10 - [MESSAGE][INFO] - Unable to find the element located by 'By.xpath: //*[@id="file_tab"]'. Please recheck the objects properties to make sure the desired element is located. 

2021-04-14 22:56:10 - [MESSAGE][WARNING] - Object 'Object Repository/Canine/CanineResults_Files_Tab' is not present after 5 second(s)

2021-04-14 22:56:10 - [TEST_STEP][PASSED] - ctdc.utilities.runtestcaseforKatalon.clickTab("Object Repository/Canine/CanineResults_Files_Tab"): ctdc.utilities.runtestcaseforKatalon.clickTab is PASSED

2021-04-14 22:56:14 - [MESSAGE][PASSED] - ctdc.utilities.runtestcaseforKatalon.clickTab is PASSED

2021-04-14 22:56:14 - [TEST_STEP][PASSED] - ctdc.utilities.runtestcaseforKatalon.multiFunction("ICDC", G_StatBar_Files, "Object Repository/Canine/Canine_Files_Table", "Object Repository/Canine/Canine_Files_TableHdr", "Object Repository/Canine/Canine_FilesTabNextBtn", G_WebTabnameFiles, G_CypherTabnameFiles, G_QueryFilesTab): Statbar Arms count matches

2021-04-14 23:06:25 - [MESSAGE][PASSED] - Statbar Files count matches

2021-04-14 23:06:25 - [MESSAGE][PASSED] - Statbar Samples count matches

2021-04-14 23:06:25 - [MESSAGE][PASSED] - Statbar Cases count matches

2021-04-14 23:06:25 - [MESSAGE][PASSED] - Statbar Arms count matches

2021-04-14 23:06:25 - [TEST_STEP][PASSED] - closeBrowser(): Browser is closed

2021-04-14 23:06:29 - [MESSAGE][PASSED] - Browser is closed]]></system-out>
         <system-err><![CDATA[]]></system-err>
      </testcase>
      <testcase name="Test Cases/Canine_TestCases/Study-Combinations/TC07_Canine_StudyUBC-Breed_Diagnosis_PrimDiseaseSite" time="1320.612" classname="Test Cases/Canine_TestCases/Study-Combinations/TC07_Canine_StudyUBC-Breed_Diagnosis_PrimDiseaseSite" status="PASSED">
         <system-out><![CDATA[2021-04-14 23:06:30 - [TEST_CASE][PASSED] - Test Cases/Canine_TestCases/Study-Combinations/TC07_Canine_StudyUBC-Breed_Diagnosis_PrimDiseaseSite: Test Cases/Canine_TestCases/Study-Combinations/TC07_Canine_StudyUBC-Breed_Diagnosis_PrimDiseaseSite

2021-04-14 23:06:37 - [TEST_STEP][PASSED] - openBrowser(""): Browser is opened with url: ''

2021-04-14 23:06:37 - [MESSAGE][INFO] - Starting 'Chrome (headless)' driver

2021-04-14 23:06:37 - [MESSAGE][INFO] - User set preference: ['args', '[--no-sandbox]']

2021-04-14 23:06:37 - [MESSAGE][INFO] - Action delay is set to 5,000 milliseconds

2021-04-14 23:06:54 - [MESSAGE][PASSED] - Browser is opened with url: ''

2021-04-14 23:06:54 - [TEST_STEP][PASSED] - maximizeWindow(): Current window maximized

2021-04-14 23:06:54 - [MESSAGE][PASSED] - Current window maximized

2021-04-14 23:06:54 - [TEST_STEP][PASSED] - "Driver opened by Katalon is used in Selenium from this step.": null

2021-04-14 23:06:54 - [TEST_STEP][PASSED] - ctdc.utilities.runtestcaseforKatalon.RunKatalon("TC07_Canine_StudyUBC-Breed_Diagnosis_PrimDiseaseSite.xlsx"): Data loaded from input file for the test case. 

2021-04-14 23:06:54 - [MESSAGE][PASSED] - Test case file loaded This is the full filepath after converting to string :C:\Users\radhakrishnang2\Desktop\Commons_Automation\InputFiles\TC07_Canine_StudyUBC-Breed_Diagnosis_PrimDiseaseSite.xlsx

2021-04-14 23:06:54 - [MESSAGE][INFO] - Global variable set for password file is :  C:\Users\radhakrishnang2\Desktop\Commons_Automation\InputFiles\TC07_Canine_StudyUBC-Breed_Diagnosis_PrimDiseaseSite.xlsx

2021-04-14 23:06:54 - [MESSAGE][PASSED] - Data loaded from input file for the test case. 

2021-04-14 23:08:31 - [TEST_STEP][PASSED] - waitForElementPresent(findTestObject("Canine/NavBar/Canine_Cases_Btn"), 10): Object 'Object Repository/Canine/NavBar/Canine_Cases_Btn' is not present after 10 second(s)

2021-04-14 23:08:46 - [MESSAGE][INFO] - Unable to find the element located by 'By.xpath: //a[contains(@href,'cases')]'. Please recheck the objects properties to make sure the desired element is located. 

2021-04-14 23:08:46 - [MESSAGE][WARNING] - Object 'Object Repository/Canine/NavBar/Canine_Cases_Btn' is not present after 10 second(s)

2021-04-14 23:08:46 - [TEST_STEP][PASSED] - ctdc.utilities.runtestcaseforKatalon.clickTab("Canine/NavBar/Canine_Cases_Btn"): ctdc.utilities.runtestcaseforKatalon.clickTab is PASSED

2021-04-14 23:08:47 - [MESSAGE][PASSED] - ctdc.utilities.runtestcaseforKatalon.clickTab is PASSED

2021-04-14 23:08:47 - [TEST_STEP][PASSED] - waitForElementPresent(findTestObject("Object Repository/Canine/Filter/FilterByCases_Facet"), 10): Object 'Object Repository/Canine/Filter/FilterByCases_Facet' is not present after 10 second(s)

2021-04-14 23:09:00 - [MESSAGE][INFO] - Unable to find the element located by 'By.xpath: //*[contains(text(),'Filter By Cases')]'. Please recheck the objects properties to make sure the desired element is located. 

2021-04-14 23:09:00 - [MESSAGE][WARNING] - Object 'Object Repository/Canine/Filter/FilterByCases_Facet' is not present after 10 second(s)

2021-04-14 23:09:00 - [TEST_STEP][PASSED] - ctdc.utilities.runtestcaseforKatalon.clickTab("Object Repository/Canine/Filter/FilterByCases_Facet"): ctdc.utilities.runtestcaseforKatalon.clickTab is PASSED

2021-04-14 23:09:04 - [MESSAGE][PASSED] - ctdc.utilities.runtestcaseforKatalon.clickTab is PASSED

2021-04-14 23:09:04 - [TEST_STEP][PASSED] - waitForElementPresent(findTestObject("Object Repository/Canine/Filter/Study/Canine_Filter_Study"), 10): Object 'Object Repository/Canine/Filter/Study/Canine_Filter_Study' is not present after 10 second(s)

2021-04-14 23:09:16 - [MESSAGE][INFO] - Unable to find the element located by 'By.xpath: //*[@id='Study']'. Please recheck the objects properties to make sure the desired element is located. 

2021-04-14 23:09:16 - [MESSAGE][WARNING] - Object 'Object Repository/Canine/Filter/Study/Canine_Filter_Study' is not present after 10 second(s)

2021-04-14 23:09:16 - [TEST_STEP][PASSED] - ctdc.utilities.runtestcaseforKatalon.clickTab("Object Repository/Canine/Filter/Study/Canine_Filter_Study"): ctdc.utilities.runtestcaseforKatalon.clickTab is PASSED

2021-04-14 23:09:20 - [MESSAGE][PASSED] - ctdc.utilities.runtestcaseforKatalon.clickTab is PASSED

2021-04-14 23:09:20 - [TEST_STEP][PASSED] - waitForElementPresent(findTestObject("Object Repository/Canine/Filter/Study/Canine_Filter_Study-UBC_Chkbx"), 10): Object 'Object Repository/Canine/Filter/Study/Canine_Filter_Study-UBC_Chkbx' is not present after 10 second(s)

2021-04-14 23:09:32 - [MESSAGE][INFO] - Unable to find the element located by 'By.xpath: (//*[contains(text(),'UBC')])[1]'. Please recheck the objects properties to make sure the desired element is located. 

2021-04-14 23:09:32 - [MESSAGE][WARNING] - Object 'Object Repository/Canine/Filter/Study/Canine_Filter_Study-UBC_Chkbx' is not present after 10 second(s)

2021-04-14 23:09:32 - [TEST_STEP][PASSED] - ctdc.utilities.runtestcaseforKatalon.clickTab("Object Repository/Canine/Filter/Study/Canine_Filter_Study-UBC_Chkbx"): ctdc.utilities.runtestcaseforKatalon.clickTab is PASSED

2021-04-14 23:09:35 - [MESSAGE][PASSED] - ctdc.utilities.runtestcaseforKatalon.clickTab is PASSED

2021-04-14 23:09:35 - [TEST_STEP][PASSED] - waitForElementPresent(findTestObject("Object Repository/Canine/Filter/Breed/BREED_Ddn"), 10): Object 'Object Repository/Canine/Filter/Breed/BREED_Ddn' is not present after 10 second(s)

2021-04-14 23:09:48 - [MESSAGE][INFO] - Unable to find the element located by 'By.xpath: //*[@id='Breed']'. Please recheck the objects properties to make sure the desired element is located. 

2021-04-14 23:09:48 - [MESSAGE][WARNING] - Object 'Object Repository/Canine/Filter/Breed/BREED_Ddn' is not present after 10 second(s)

2021-04-14 23:09:48 - [TEST_STEP][PASSED] - ctdc.utilities.runtestcaseforKatalon.clickTab("Object Repository/Canine/Filter/Breed/BREED_Ddn"): ctdc.utilities.runtestcaseforKatalon.clickTab is PASSED

2021-04-14 23:09:50 - [MESSAGE][PASSED] - ctdc.utilities.runtestcaseforKatalon.clickTab is PASSED

2021-04-14 23:09:50 - [TEST_STEP][PASSED] - waitForElementPresent(findTestObject("Object Repository/Canine/Filter/Breed/Mixed_Chkbx"), 10): Object 'Object Repository/Canine/Filter/Breed/Mixed_Chkbx' is not present after 10 second(s)

2021-04-14 23:10:02 - [MESSAGE][INFO] - Unable to find the element located by 'By.xpath: //*[contains(text(),'Mixed Breed')]'. Please recheck the objects properties to make sure the desired element is located. 

2021-04-14 23:10:02 - [MESSAGE][WARNING] - Object 'Object Repository/Canine/Filter/Breed/Mixed_Chkbx' is not present after 10 second(s)

2021-04-14 23:10:02 - [TEST_STEP][PASSED] - ctdc.utilities.runtestcaseforKatalon.clickTab("Object Repository/Canine/Filter/Breed/Mixed_Chkbx"): ctdc.utilities.runtestcaseforKatalon.clickTab is PASSED

2021-04-14 23:10:04 - [MESSAGE][PASSED] - ctdc.utilities.runtestcaseforKatalon.clickTab is PASSED

2021-04-14 23:10:04 - [TEST_STEP][PASSED] - waitForElementPresent(findTestObject("Object Repository/Canine/Filter/Breed/ScottTerr_Chkbx"), 10): Object 'Object Repository/Canine/Filter/Breed/ScottTerr_Chkbx' is not present after 10 second(s)

2021-04-14 23:10:16 - [MESSAGE][INFO] - Unable to find the element located by 'By.xpath: //*[contains(text(),'Scottish Terrier')]'. Please recheck the objects properties to make sure the desired element is located. 

2021-04-14 23:10:16 - [MESSAGE][WARNING] - Object 'Object Repository/Canine/Filter/Breed/ScottTerr_Chkbx' is not present after 10 second(s)

2021-04-14 23:10:16 - [TEST_STEP][PASSED] - ctdc.utilities.runtestcaseforKatalon.clickTab("Object Repository/Canine/Filter/Breed/ScottTerr_Chkbx"): ctdc.utilities.runtestcaseforKatalon.clickTab is PASSED

2021-04-14 23:10:18 - [MESSAGE][PASSED] - ctdc.utilities.runtestcaseforKatalon.clickTab is PASSED

2021-04-14 23:10:18 - [TEST_STEP][PASSED] - waitForElementPresent(findTestObject("Object Repository/Canine/Filter/Breed/ShetlandShpdog_Chkbx"), 10): Object 'Object Repository/Canine/Filter/Breed/ShetlandShpdog_Chkbx' is not present after 10 second(s)

2021-04-14 23:10:30 - [MESSAGE][INFO] - Unable to find the element located by 'By.xpath: //*[contains(text(),'Shetland Sheepdog')]'. Please recheck the objects properties to make sure the desired element is located. 

2021-04-14 23:10:30 - [MESSAGE][WARNING] - Object 'Object Repository/Canine/Filter/Breed/ShetlandShpdog_Chkbx' is not present after 10 second(s)

2021-04-14 23:10:30 - [TEST_STEP][PASSED] - ctdc.utilities.runtestcaseforKatalon.clickTab("Object Repository/Canine/Filter/Breed/ShetlandShpdog_Chkbx"): ctdc.utilities.runtestcaseforKatalon.clickTab is PASSED

2021-04-14 23:10:31 - [MESSAGE][PASSED] - ctdc.utilities.runtestcaseforKatalon.clickTab is PASSED

2021-04-14 23:10:31 - [TEST_STEP][PASSED] - ctdc.utilities.runtestcaseforKatalon.clickTab("Object Repository/Canine/Filter/Breed/BREED_Ddn"): ctdc.utilities.runtestcaseforKatalon.clickTab is PASSED

2021-04-14 23:10:37 - [MESSAGE][PASSED] - ctdc.utilities.runtestcaseforKatalon.clickTab is PASSED

2021-04-14 23:10:37 - [TEST_STEP][PASSED] - waitForElementPresent(findTestObject("Object Repository/Canine/Filter/Diagnosis/DIAGNOSIS_Ddn"), 10): Object 'Object Repository/Canine/Filter/Diagnosis/DIAGNOSIS_Ddn' is not present after 10 second(s)

2021-04-14 23:10:49 - [MESSAGE][INFO] - Unable to find the element located by 'By.xpath: (//*[@id='Diagnosis'])[1]'. Please recheck the objects properties to make sure the desired element is located. 

2021-04-14 23:10:49 - [MESSAGE][WARNING] - Object 'Object Repository/Canine/Filter/Diagnosis/DIAGNOSIS_Ddn' is not present after 10 second(s)

2021-04-14 23:10:49 - [TEST_STEP][PASSED] - ctdc.utilities.runtestcaseforKatalon.clickTab("Object Repository/Canine/Filter/Diagnosis/DIAGNOSIS_Ddn"): ctdc.utilities.runtestcaseforKatalon.clickTab is PASSED

2021-04-14 23:10:50 - [MESSAGE][PASSED] - ctdc.utilities.runtestcaseforKatalon.clickTab is PASSED

2021-04-14 23:10:50 - [TEST_STEP][PASSED] - waitForElementPresent(findTestObject("Object Repository/Canine/Filter/Diagnosis/BladderCancer_Chkbx"), 10): Object 'Object Repository/Canine/Filter/Diagnosis/BladderCancer_Chkbx' is not present after 10 second(s)

2021-04-14 23:11:02 - [MESSAGE][INFO] - Unable to find the element located by 'By.xpath: //*[contains(text(),'Bladder Cancer')]'. Please recheck the objects properties to make sure the desired element is located. 

2021-04-14 23:11:02 - [MESSAGE][WARNING] - Object 'Object Repository/Canine/Filter/Diagnosis/BladderCancer_Chkbx' is not present after 10 second(s)

2021-04-14 23:11:02 - [TEST_STEP][PASSED] - ctdc.utilities.runtestcaseforKatalon.clickTab("Object Repository/Canine/Filter/Diagnosis/BladderCancer_Chkbx"): ctdc.utilities.runtestcaseforKatalon.clickTab is PASSED

2021-04-14 23:11:04 - [MESSAGE][PASSED] - ctdc.utilities.runtestcaseforKatalon.clickTab is PASSED

2021-04-14 23:11:04 - [TEST_STEP][PASSED] - waitForElementPresent(findTestObject("Object Repository/Canine/Filter/Diagnosis/HealthyControl_Chkbx"), 10): Object 'Object Repository/Canine/Filter/Diagnosis/HealthyControl_Chkbx' is not present after 10 second(s)

2021-04-14 23:11:16 - [MESSAGE][INFO] - Unable to find the element located by 'By.xpath: //*[contains(text(),'Healthy Control')]'. Please recheck the objects properties to make sure the desired element is located. 

2021-04-14 23:11:16 - [MESSAGE][WARNING] - Object 'Object Repository/Canine/Filter/Diagnosis/HealthyControl_Chkbx' is not present after 10 second(s)

2021-04-14 23:11:16 - [TEST_STEP][PASSED] - ctdc.utilities.runtestcaseforKatalon.clickTab("Object Repository/Canine/Filter/Diagnosis/HealthyControl_Chkbx"): ctdc.utilities.runtestcaseforKatalon.clickTab is PASSED

2021-04-14 23:11:17 - [MESSAGE][PASSED] - ctdc.utilities.runtestcaseforKatalon.clickTab is PASSED

2021-04-14 23:11:17 - [TEST_STEP][PASSED] - ctdc.utilities.runtestcaseforKatalon.clickTab("Object Repository/Canine/Filter/Diagnosis/DIAGNOSIS_Ddn"): ctdc.utilities.runtestcaseforKatalon.clickTab is PASSED

2021-04-14 23:11:23 - [MESSAGE][PASSED] - ctdc.utilities.runtestcaseforKatalon.clickTab is PASSED

2021-04-14 23:11:23 - [TEST_STEP][PASSED] - waitForElementPresent(findTestObject("Object Repository/Canine/Filter/PrimDiseaseSite/PRIMARYDISEASESITE_Ddn"), 10): Object 'Object Repository/Canine/Filter/PrimDiseaseSite/PRIMARYDISEASESITE_Ddn' is not present after 10 second(s)

2021-04-14 23:11:34 - [MESSAGE][INFO] - Unable to find the element located by 'By.xpath: //*[@id='Primary Disease Site']'. Please recheck the objects properties to make sure the desired element is located. 

2021-04-14 23:11:34 - [MESSAGE][WARNING] - Object 'Object Repository/Canine/Filter/PrimDiseaseSite/PRIMARYDISEASESITE_Ddn' is not present after 10 second(s)

2021-04-14 23:11:34 - [TEST_STEP][PASSED] - ctdc.utilities.runtestcaseforKatalon.clickTab("Object Repository/Canine/Filter/PrimDiseaseSite/PRIMARYDISEASESITE_Ddn"): ctdc.utilities.runtestcaseforKatalon.clickTab is PASSED

2021-04-14 23:11:37 - [MESSAGE][PASSED] - ctdc.utilities.runtestcaseforKatalon.clickTab is PASSED

2021-04-14 23:11:37 - [TEST_STEP][PASSED] - waitForElementPresent(findTestObject("Object Repository/Canine/Filter/PrimDiseaseSite/Bladder_Chkbx"), 10): Object 'Object Repository/Canine/Filter/PrimDiseaseSite/Bladder_Chkbx' is not present after 10 second(s)

2021-04-14 23:11:48 - [MESSAGE][INFO] - Unable to find the element located by 'By.xpath: (//*[contains(text(),'Bladder')])[2]'. Please recheck the objects properties to make sure the desired element is located. 

2021-04-14 23:11:48 - [MESSAGE][WARNING] - Object 'Object Repository/Canine/Filter/PrimDiseaseSite/Bladder_Chkbx' is not present after 10 second(s)

2021-04-14 23:11:48 - [TEST_STEP][PASSED] - ctdc.utilities.runtestcaseforKatalon.clickTab("Object Repository/Canine/Filter/PrimDiseaseSite/Bladder_Chkbx"): ctdc.utilities.runtestcaseforKatalon.clickTab is PASSED

2021-04-14 23:11:50 - [MESSAGE][PASSED] - ctdc.utilities.runtestcaseforKatalon.clickTab is PASSED

2021-04-14 23:11:50 - [TEST_STEP][PASSED] - waitForElementPresent(findTestObject("Object Repository/Canine/Filter/PrimDiseaseSite/BladderProstate_Chkbx"), 10): Object 'Object Repository/Canine/Filter/PrimDiseaseSite/BladderProstate_Chkbx' is not present after 10 second(s)

2021-04-14 23:12:02 - [MESSAGE][INFO] - Unable to find the element located by 'By.xpath: //*[contains(text(),'Bladder, Prostate')]'. Please recheck the objects properties to make sure the desired element is located. 

2021-04-14 23:12:02 - [MESSAGE][WARNING] - Object 'Object Repository/Canine/Filter/PrimDiseaseSite/BladderProstate_Chkbx' is not present after 10 second(s)

2021-04-14 23:12:02 - [TEST_STEP][PASSED] - ctdc.utilities.runtestcaseforKatalon.clickTab("Object Repository/Canine/Filter/PrimDiseaseSite/BladderProstate_Chkbx"): ctdc.utilities.runtestcaseforKatalon.clickTab is PASSED

2021-04-14 23:12:03 - [MESSAGE][PASSED] - ctdc.utilities.runtestcaseforKatalon.clickTab is PASSED

2021-04-14 23:12:03 - [TEST_STEP][PASSED] - waitForElementPresent(findTestObject("Object Repository/Canine/Filter/PrimDiseaseSite/BladderUrethra_Chkbx"), 10): Object 'Object Repository/Canine/Filter/PrimDiseaseSite/BladderUrethra_Chkbx' is not present after 10 second(s)

2021-04-14 23:12:15 - [MESSAGE][INFO] - Unable to find the element located by 'By.xpath: (//*[contains(text(),'Bladder, Urethra')])[1]'. Please recheck the objects properties to make sure the desired element is located. 

2021-04-14 23:12:15 - [MESSAGE][WARNING] - Object 'Object Repository/Canine/Filter/PrimDiseaseSite/BladderUrethra_Chkbx' is not present after 10 second(s)

2021-04-14 23:12:15 - [TEST_STEP][PASSED] - ctdc.utilities.runtestcaseforKatalon.clickTab("Object Repository/Canine/Filter/PrimDiseaseSite/BladderUrethra_Chkbx"): ctdc.utilities.runtestcaseforKatalon.clickTab is PASSED

2021-04-14 23:12:16 - [MESSAGE][PASSED] - ctdc.utilities.runtestcaseforKatalon.clickTab is PASSED

2021-04-14 23:12:16 - [TEST_STEP][PASSED] - ctdc.utilities.runtestcaseforKatalon.clickTab("Object Repository/Canine/Filter/PrimDiseaseSite/PRIMARYDISEASESITE_Ddn"): ctdc.utilities.runtestcaseforKatalon.clickTab is PASSED

2021-04-14 23:12:22 - [MESSAGE][PASSED] - ctdc.utilities.runtestcaseforKatalon.clickTab is PASSED

2021-04-14 23:12:22 - [TEST_STEP][PASSED] - Thread.sleep(2000): null

2021-04-14 23:12:24 - [TEST_STEP][PASSED] - ctdc.utilities.runtestcaseforKatalon.readStatBarCanine("Object Repository/Canine/StatBar/Canine_StatBar-Studies", "Object Repository/Canine/StatBar/Canine_StatBar-Cases", "Object Repository/Canine/StatBar/Canine_StatBar-Samples", "Object Repository/Canine/StatBar/Canine_StatBar-Files", "Object Repository/Canine/StatBar/Canine_StatBar-Aliquots"): ctdc.utilities.runtestcaseforKatalon.readStatBarCanine is PASSED

2021-04-14 23:12:44 - [MESSAGE][PASSED] - ctdc.utilities.runtestcaseforKatalon.readStatBarCanine is PASSED

2021-04-14 23:12:44 - [TEST_STEP][PASSED] - waitForElementPresent(findTestObject("Object Repository/Canine/CanineResults_Cases_Tab"), 5): Object 'Object Repository/Canine/CanineResults_Cases_Tab' is not present after 5 second(s)

2021-04-14 23:12:50 - [MESSAGE][INFO] - Unable to find the element located by 'By.xpath: //*[@id="case_tab"]'. Please recheck the objects properties to make sure the desired element is located. 

2021-04-14 23:12:50 - [MESSAGE][WARNING] - Object 'Object Repository/Canine/CanineResults_Cases_Tab' is not present after 5 second(s)

2021-04-14 23:12:50 - [TEST_STEP][PASSED] - ctdc.utilities.runtestcaseforKatalon.clickTab("Object Repository/Canine/CanineResults_Cases_Tab"): ctdc.utilities.runtestcaseforKatalon.clickTab is PASSED

2021-04-14 23:12:53 - [MESSAGE][PASSED] - ctdc.utilities.runtestcaseforKatalon.clickTab is PASSED

2021-04-14 23:12:53 - [TEST_STEP][PASSED] - ctdc.utilities.runtestcaseforKatalon.multiFunction("ICDC", G_StatBar_Cases, "Object Repository/Canine/Canine_CasesTable", "Object Repository/Canine/Canine_TableHeader", "Object Repository/Canine/Canine_CasesTabNextBtn", G_WebTabnameCases, G_CypherTabnameCases, G_QueryCasesTab): Statbar Arms count matches

2021-04-14 23:15:29 - [MESSAGE][PASSED] - Statbar Files count matches

2021-04-14 23:15:29 - [MESSAGE][PASSED] - Statbar Samples count matches

2021-04-14 23:15:29 - [MESSAGE][PASSED] - Statbar Cases count matches

2021-04-14 23:15:29 - [MESSAGE][PASSED] - Statbar Arms count matches

2021-04-14 23:15:29 - [TEST_STEP][PASSED] - waitForElementPresent(findTestObject("Object Repository/Canine/CanineResults_Samples_Tab"), 5): Object 'Object Repository/Canine/CanineResults_Samples_Tab' is not present after 5 second(s)

2021-04-14 23:15:36 - [MESSAGE][INFO] - Unable to find the element located by 'By.xpath: //*[@id="sample_tab"]'. Please recheck the objects properties to make sure the desired element is located. 

2021-04-14 23:15:36 - [MESSAGE][WARNING] - Object 'Object Repository/Canine/CanineResults_Samples_Tab' is not present after 5 second(s)

2021-04-14 23:15:36 - [TEST_STEP][PASSED] - ctdc.utilities.runtestcaseforKatalon.clickTab("Object Repository/Canine/CanineResults_Samples_Tab"): ctdc.utilities.runtestcaseforKatalon.clickTab is PASSED

2021-04-14 23:15:39 - [MESSAGE][PASSED] - ctdc.utilities.runtestcaseforKatalon.clickTab is PASSED

2021-04-14 23:15:39 - [TEST_STEP][PASSED] - ctdc.utilities.runtestcaseforKatalon.multiFunction("ICDC", G_StatBar_Samples, "Object Repository/Canine/Canine_Samples_Table", "Object Repository/Canine/Canine_Samples_TableHdr", "Object Repository/Canine/Canine_SamplesTabNextBtn", G_WebTabnameSamples, G_CypherTabnameSamples, G_QuerySamplesTab): Statbar Arms count matches

2021-04-14 23:20:31 - [MESSAGE][PASSED] - Statbar Files count matches

2021-04-14 23:20:31 - [MESSAGE][PASSED] - Statbar Samples count matches

2021-04-14 23:20:31 - [MESSAGE][PASSED] - Statbar Cases count matches

2021-04-14 23:20:31 - [MESSAGE][PASSED] - Statbar Arms count matches

2021-04-14 23:20:31 - [TEST_STEP][PASSED] - waitForElementPresent(findTestObject("Object Repository/Canine/CanineResults_Files_Tab"), 5): Object 'Object Repository/Canine/CanineResults_Files_Tab' is not present after 5 second(s)

2021-04-14 23:20:42 - [MESSAGE][INFO] - Unable to find the element located by 'By.xpath: //*[@id="file_tab"]'. Please recheck the objects properties to make sure the desired element is located. 

2021-04-14 23:20:42 - [MESSAGE][WARNING] - Object 'Object Repository/Canine/CanineResults_Files_Tab' is not present after 5 second(s)

2021-04-14 23:20:42 - [TEST_STEP][PASSED] - ctdc.utilities.runtestcaseforKatalon.clickTab("Object Repository/Canine/CanineResults_Files_Tab"): ctdc.utilities.runtestcaseforKatalon.clickTab is PASSED

2021-04-14 23:20:46 - [MESSAGE][PASSED] - ctdc.utilities.runtestcaseforKatalon.clickTab is PASSED

2021-04-14 23:20:46 - [TEST_STEP][PASSED] - ctdc.utilities.runtestcaseforKatalon.multiFunction("ICDC", G_StatBar_Files, "Object Repository/Canine/Canine_Files_Table", "Object Repository/Canine/Canine_Files_TableHdr", "Object Repository/Canine/Canine_FilesTabNextBtn", G_WebTabnameFiles, G_CypherTabnameFiles, G_QueryFilesTab): Statbar Arms count matches

2021-04-14 23:28:28 - [MESSAGE][PASSED] - Statbar Files count matches

2021-04-14 23:28:28 - [MESSAGE][PASSED] - Statbar Samples count matches

2021-04-14 23:28:28 - [MESSAGE][PASSED] - Statbar Cases count matches

2021-04-14 23:28:28 - [MESSAGE][PASSED] - Statbar Arms count matches

2021-04-14 23:28:28 - [TEST_STEP][PASSED] - closeBrowser(): Browser is closed

2021-04-14 23:28:30 - [MESSAGE][PASSED] - Browser is closed]]></system-out>
         <system-err><![CDATA[]]></system-err>
      </testcase>
      <testcase name="Test Cases/Canine_TestCases/Study-Combinations/TC08_Canine_StudyUBC-Breed_Diagnosis_PrimDiseaseSite" time="918.395" classname="Test Cases/Canine_TestCases/Study-Combinations/TC08_Canine_StudyUBC-Breed_Diagnosis_PrimDiseaseSite" status="PASSED">
         <system-out><![CDATA[2021-04-14 23:28:30 - [TEST_CASE][PASSED] - Test Cases/Canine_TestCases/Study-Combinations/TC08_Canine_StudyUBC-Breed_Diagnosis_PrimDiseaseSite: Test Cases/Canine_TestCases/Study-Combinations/TC08_Canine_StudyUBC-Breed_Diagnosis_PrimDiseaseSite

2021-04-14 23:28:39 - [TEST_STEP][PASSED] - openBrowser(""): Browser is opened with url: ''

2021-04-14 23:28:39 - [MESSAGE][INFO] - Starting 'Chrome (headless)' driver

2021-04-14 23:28:39 - [MESSAGE][INFO] - User set preference: ['args', '[--no-sandbox]']

2021-04-14 23:28:39 - [MESSAGE][INFO] - Action delay is set to 5,000 milliseconds

2021-04-14 23:29:03 - [MESSAGE][PASSED] - Browser is opened with url: ''

2021-04-14 23:29:03 - [TEST_STEP][PASSED] - maximizeWindow(): Current window maximized

2021-04-14 23:29:04 - [MESSAGE][PASSED] - Current window maximized

2021-04-14 23:29:04 - [TEST_STEP][PASSED] - "Driver opened by Katalon is used in Selenium from this step.": null

2021-04-14 23:29:04 - [TEST_STEP][PASSED] - ctdc.utilities.runtestcaseforKatalon.RunKatalon("TC08_Canine_StudyUBC-Breed_Diagnosis_PrimDiseaseSite.xlsx"): Data loaded from input file for the test case. 

2021-04-14 23:29:04 - [MESSAGE][PASSED] - Test case file loaded This is the full filepath after converting to string :C:\Users\radhakrishnang2\Desktop\Commons_Automation\InputFiles\TC08_Canine_StudyUBC-Breed_Diagnosis_PrimDiseaseSite.xlsx

2021-04-14 23:29:04 - [MESSAGE][INFO] - Global variable set for password file is :  C:\Users\radhakrishnang2\Desktop\Commons_Automation\InputFiles\TC08_Canine_StudyUBC-Breed_Diagnosis_PrimDiseaseSite.xlsx

2021-04-14 23:29:04 - [MESSAGE][PASSED] - Data loaded from input file for the test case. 

2021-04-14 23:29:45 - [TEST_STEP][PASSED] - waitForElementPresent(findTestObject("Canine/NavBar/Canine_Cases_Btn"), 10): Object 'Object Repository/Canine/NavBar/Canine_Cases_Btn' is not present after 10 second(s)

2021-04-14 23:29:56 - [MESSAGE][INFO] - Unable to find the element located by 'By.xpath: //a[contains(@href,'cases')]'. Please recheck the objects properties to make sure the desired element is located. 

2021-04-14 23:29:56 - [MESSAGE][WARNING] - Object 'Object Repository/Canine/NavBar/Canine_Cases_Btn' is not present after 10 second(s)

2021-04-14 23:29:56 - [TEST_STEP][PASSED] - ctdc.utilities.runtestcaseforKatalon.clickTab("Canine/NavBar/Canine_Cases_Btn"): ctdc.utilities.runtestcaseforKatalon.clickTab is PASSED

2021-04-14 23:29:58 - [MESSAGE][PASSED] - ctdc.utilities.runtestcaseforKatalon.clickTab is PASSED

2021-04-14 23:29:58 - [TEST_STEP][PASSED] - waitForElementPresent(findTestObject("Object Repository/Canine/Filter/FilterByCases_Facet"), 10): Object 'Object Repository/Canine/Filter/FilterByCases_Facet' is not present after 10 second(s)

2021-04-14 23:30:10 - [MESSAGE][INFO] - Unable to find the element located by 'By.xpath: //*[contains(text(),'Filter By Cases')]'. Please recheck the objects properties to make sure the desired element is located. 

2021-04-14 23:30:10 - [MESSAGE][WARNING] - Object 'Object Repository/Canine/Filter/FilterByCases_Facet' is not present after 10 second(s)

2021-04-14 23:30:10 - [TEST_STEP][PASSED] - ctdc.utilities.runtestcaseforKatalon.clickTab("Object Repository/Canine/Filter/FilterByCases_Facet"): ctdc.utilities.runtestcaseforKatalon.clickTab is PASSED

2021-04-14 23:30:14 - [MESSAGE][PASSED] - ctdc.utilities.runtestcaseforKatalon.clickTab is PASSED

2021-04-14 23:30:14 - [TEST_STEP][PASSED] - waitForElementPresent(findTestObject("Object Repository/Canine/Filter/Study/Canine_Filter_Study"), 10): Object 'Object Repository/Canine/Filter/Study/Canine_Filter_Study' is not present after 10 second(s)

2021-04-14 23:30:26 - [MESSAGE][INFO] - Unable to find the element located by 'By.xpath: //*[@id='Study']'. Please recheck the objects properties to make sure the desired element is located. 

2021-04-14 23:30:26 - [MESSAGE][WARNING] - Object 'Object Repository/Canine/Filter/Study/Canine_Filter_Study' is not present after 10 second(s)

2021-04-14 23:30:26 - [TEST_STEP][PASSED] - ctdc.utilities.runtestcaseforKatalon.clickTab("Object Repository/Canine/Filter/Study/Canine_Filter_Study"): ctdc.utilities.runtestcaseforKatalon.clickTab is PASSED

2021-04-14 23:30:28 - [MESSAGE][PASSED] - ctdc.utilities.runtestcaseforKatalon.clickTab is PASSED

2021-04-14 23:30:28 - [TEST_STEP][PASSED] - waitForElementPresent(findTestObject("Object Repository/Canine/Filter/Study/Canine_Filter_Study-UBC_Chkbx"), 10): Object 'Object Repository/Canine/Filter/Study/Canine_Filter_Study-UBC_Chkbx' is not present after 10 second(s)

2021-04-14 23:30:40 - [MESSAGE][INFO] - Unable to find the element located by 'By.xpath: (//*[contains(text(),'UBC')])[1]'. Please recheck the objects properties to make sure the desired element is located. 

2021-04-14 23:30:40 - [MESSAGE][WARNING] - Object 'Object Repository/Canine/Filter/Study/Canine_Filter_Study-UBC_Chkbx' is not present after 10 second(s)

2021-04-14 23:30:40 - [TEST_STEP][PASSED] - ctdc.utilities.runtestcaseforKatalon.clickTab("Object Repository/Canine/Filter/Study/Canine_Filter_Study-UBC_Chkbx"): ctdc.utilities.runtestcaseforKatalon.clickTab is PASSED

2021-04-14 23:30:42 - [MESSAGE][PASSED] - ctdc.utilities.runtestcaseforKatalon.clickTab is PASSED

2021-04-14 23:30:42 - [TEST_STEP][PASSED] - waitForElementPresent(findTestObject("Object Repository/Canine/Filter/Breed/BREED_Ddn"), 10): Object 'Object Repository/Canine/Filter/Breed/BREED_Ddn' is not present after 10 second(s)

2021-04-14 23:30:53 - [MESSAGE][INFO] - Unable to find the element located by 'By.xpath: //*[@id='Breed']'. Please recheck the objects properties to make sure the desired element is located. 

2021-04-14 23:30:53 - [MESSAGE][WARNING] - Object 'Object Repository/Canine/Filter/Breed/BREED_Ddn' is not present after 10 second(s)

2021-04-14 23:30:53 - [TEST_STEP][PASSED] - ctdc.utilities.runtestcaseforKatalon.clickTab("Object Repository/Canine/Filter/Breed/BREED_Ddn"): ctdc.utilities.runtestcaseforKatalon.clickTab is PASSED

2021-04-14 23:30:56 - [MESSAGE][PASSED] - ctdc.utilities.runtestcaseforKatalon.clickTab is PASSED

2021-04-14 23:30:56 - [TEST_STEP][PASSED] - waitForElementPresent(findTestObject("Object Repository/Canine/Filter/Breed/Mixed_Chkbx"), 10): Object 'Object Repository/Canine/Filter/Breed/Mixed_Chkbx' is not present after 10 second(s)

2021-04-14 23:31:07 - [MESSAGE][INFO] - Unable to find the element located by 'By.xpath: //*[contains(text(),'Mixed Breed')]'. Please recheck the objects properties to make sure the desired element is located. 

2021-04-14 23:31:07 - [MESSAGE][WARNING] - Object 'Object Repository/Canine/Filter/Breed/Mixed_Chkbx' is not present after 10 second(s)

2021-04-14 23:31:07 - [TEST_STEP][PASSED] - ctdc.utilities.runtestcaseforKatalon.clickTab("Object Repository/Canine/Filter/Breed/Mixed_Chkbx"): ctdc.utilities.runtestcaseforKatalon.clickTab is PASSED

2021-04-14 23:31:08 - [MESSAGE][PASSED] - ctdc.utilities.runtestcaseforKatalon.clickTab is PASSED

2021-04-14 23:31:08 - [TEST_STEP][PASSED] - waitForElementPresent(findTestObject("Object Repository/Canine/Filter/Breed/ScottTerr_Chkbx"), 10): Object 'Object Repository/Canine/Filter/Breed/ScottTerr_Chkbx' is not present after 10 second(s)

2021-04-14 23:31:20 - [MESSAGE][INFO] - Unable to find the element located by 'By.xpath: //*[contains(text(),'Scottish Terrier')]'. Please recheck the objects properties to make sure the desired element is located. 

2021-04-14 23:31:20 - [MESSAGE][WARNING] - Object 'Object Repository/Canine/Filter/Breed/ScottTerr_Chkbx' is not present after 10 second(s)

2021-04-14 23:31:20 - [TEST_STEP][PASSED] - ctdc.utilities.runtestcaseforKatalon.clickTab("Object Repository/Canine/Filter/Breed/ScottTerr_Chkbx"): ctdc.utilities.runtestcaseforKatalon.clickTab is PASSED

2021-04-14 23:31:23 - [MESSAGE][PASSED] - ctdc.utilities.runtestcaseforKatalon.clickTab is PASSED

2021-04-14 23:31:23 - [TEST_STEP][PASSED] - waitForElementPresent(findTestObject("Object Repository/Canine/Filter/Breed/ShetlandShpdog_Chkbx"), 10): Object 'Object Repository/Canine/Filter/Breed/ShetlandShpdog_Chkbx' is not present after 10 second(s)

2021-04-14 23:31:35 - [MESSAGE][INFO] - Unable to find the element located by 'By.xpath: //*[contains(text(),'Shetland Sheepdog')]'. Please recheck the objects properties to make sure the desired element is located. 

2021-04-14 23:31:35 - [MESSAGE][WARNING] - Object 'Object Repository/Canine/Filter/Breed/ShetlandShpdog_Chkbx' is not present after 10 second(s)

2021-04-14 23:31:35 - [TEST_STEP][PASSED] - ctdc.utilities.runtestcaseforKatalon.clickTab("Object Repository/Canine/Filter/Breed/ShetlandShpdog_Chkbx"): ctdc.utilities.runtestcaseforKatalon.clickTab is PASSED

2021-04-14 23:31:38 - [MESSAGE][PASSED] - ctdc.utilities.runtestcaseforKatalon.clickTab is PASSED

2021-04-14 23:31:38 - [TEST_STEP][PASSED] - ctdc.utilities.runtestcaseforKatalon.clickTab("Object Repository/Canine/Filter/Breed/BREED_Ddn"): ctdc.utilities.runtestcaseforKatalon.clickTab is PASSED

2021-04-14 23:31:45 - [MESSAGE][PASSED] - ctdc.utilities.runtestcaseforKatalon.clickTab is PASSED

2021-04-14 23:31:45 - [TEST_STEP][PASSED] - waitForElementPresent(findTestObject("Object Repository/Canine/Filter/Diagnosis/DIAGNOSIS_Ddn"), 10): Object 'Object Repository/Canine/Filter/Diagnosis/DIAGNOSIS_Ddn' is not present after 10 second(s)

2021-04-14 23:31:57 - [MESSAGE][INFO] - Unable to find the element located by 'By.xpath: (//*[@id='Diagnosis'])[1]'. Please recheck the objects properties to make sure the desired element is located. 

2021-04-14 23:31:57 - [MESSAGE][WARNING] - Object 'Object Repository/Canine/Filter/Diagnosis/DIAGNOSIS_Ddn' is not present after 10 second(s)

2021-04-14 23:31:57 - [TEST_STEP][PASSED] - ctdc.utilities.runtestcaseforKatalon.clickTab("Object Repository/Canine/Filter/Diagnosis/DIAGNOSIS_Ddn"): ctdc.utilities.runtestcaseforKatalon.clickTab is PASSED

2021-04-14 23:31:59 - [MESSAGE][PASSED] - ctdc.utilities.runtestcaseforKatalon.clickTab is PASSED

2021-04-14 23:31:59 - [TEST_STEP][PASSED] - waitForElementPresent(findTestObject("Object Repository/Canine/Filter/Diagnosis/BladderCancer_Chkbx"), 10): Object 'Object Repository/Canine/Filter/Diagnosis/BladderCancer_Chkbx' is not present after 10 second(s)

2021-04-14 23:32:11 - [MESSAGE][INFO] - Unable to find the element located by 'By.xpath: //*[contains(text(),'Bladder Cancer')]'. Please recheck the objects properties to make sure the desired element is located. 

2021-04-14 23:32:11 - [MESSAGE][WARNING] - Object 'Object Repository/Canine/Filter/Diagnosis/BladderCancer_Chkbx' is not present after 10 second(s)

2021-04-14 23:32:11 - [TEST_STEP][PASSED] - ctdc.utilities.runtestcaseforKatalon.clickTab("Object Repository/Canine/Filter/Diagnosis/BladderCancer_Chkbx"): ctdc.utilities.runtestcaseforKatalon.clickTab is PASSED

2021-04-14 23:32:13 - [MESSAGE][PASSED] - ctdc.utilities.runtestcaseforKatalon.clickTab is PASSED

2021-04-14 23:32:13 - [TEST_STEP][PASSED] - waitForElementPresent(findTestObject("Object Repository/Canine/Filter/Diagnosis/HealthyControl_Chkbx"), 10): Object 'Object Repository/Canine/Filter/Diagnosis/HealthyControl_Chkbx' is not present after 10 second(s)

2021-04-14 23:32:24 - [MESSAGE][INFO] - Unable to find the element located by 'By.xpath: //*[contains(text(),'Healthy Control')]'. Please recheck the objects properties to make sure the desired element is located. 

2021-04-14 23:32:24 - [MESSAGE][WARNING] - Object 'Object Repository/Canine/Filter/Diagnosis/HealthyControl_Chkbx' is not present after 10 second(s)

2021-04-14 23:32:24 - [TEST_STEP][PASSED] - ctdc.utilities.runtestcaseforKatalon.clickTab("Object Repository/Canine/Filter/Diagnosis/HealthyControl_Chkbx"): ctdc.utilities.runtestcaseforKatalon.clickTab is PASSED

2021-04-14 23:32:26 - [MESSAGE][PASSED] - ctdc.utilities.runtestcaseforKatalon.clickTab is PASSED

2021-04-14 23:32:26 - [TEST_STEP][PASSED] - ctdc.utilities.runtestcaseforKatalon.clickTab("Object Repository/Canine/Filter/Diagnosis/DIAGNOSIS_Ddn"): ctdc.utilities.runtestcaseforKatalon.clickTab is PASSED

2021-04-14 23:32:33 - [MESSAGE][PASSED] - ctdc.utilities.runtestcaseforKatalon.clickTab is PASSED

2021-04-14 23:32:33 - [TEST_STEP][PASSED] - Thread.sleep(2000): null

2021-04-14 23:32:35 - [TEST_STEP][PASSED] - waitForElementPresent(findTestObject("Object Repository/Canine/Filter/PrimDiseaseSite/PRIMARYDISEASESITE_Ddn"), 10): Object 'Object Repository/Canine/Filter/PrimDiseaseSite/PRIMARYDISEASESITE_Ddn' is not present after 10 second(s)

2021-04-14 23:32:47 - [MESSAGE][INFO] - Unable to find the element located by 'By.xpath: //*[@id='Primary Disease Site']'. Please recheck the objects properties to make sure the desired element is located. 

2021-04-14 23:32:47 - [MESSAGE][WARNING] - Object 'Object Repository/Canine/Filter/PrimDiseaseSite/PRIMARYDISEASESITE_Ddn' is not present after 10 second(s)

2021-04-14 23:32:47 - [TEST_STEP][PASSED] - ctdc.utilities.runtestcaseforKatalon.clickTab("Object Repository/Canine/Filter/PrimDiseaseSite/PRIMARYDISEASESITE_Ddn"): ctdc.utilities.runtestcaseforKatalon.clickTab is PASSED

2021-04-14 23:32:48 - [MESSAGE][PASSED] - ctdc.utilities.runtestcaseforKatalon.clickTab is PASSED

2021-04-14 23:32:48 - [TEST_STEP][PASSED] - waitForElementPresent(findTestObject("Object Repository/Canine/Filter/PrimDiseaseSite/Bladder_Chkbx"), 10): Object 'Object Repository/Canine/Filter/PrimDiseaseSite/Bladder_Chkbx' is not present after 10 second(s)

2021-04-14 23:33:00 - [MESSAGE][INFO] - Unable to find the element located by 'By.xpath: (//*[contains(text(),'Bladder')])[2]'. Please recheck the objects properties to make sure the desired element is located. 

2021-04-14 23:33:00 - [MESSAGE][WARNING] - Object 'Object Repository/Canine/Filter/PrimDiseaseSite/Bladder_Chkbx' is not present after 10 second(s)

2021-04-14 23:33:00 - [TEST_STEP][PASSED] - ctdc.utilities.runtestcaseforKatalon.clickTab("Object Repository/Canine/Filter/PrimDiseaseSite/Bladder_Chkbx"): ctdc.utilities.runtestcaseforKatalon.clickTab is PASSED

2021-04-14 23:33:02 - [MESSAGE][PASSED] - ctdc.utilities.runtestcaseforKatalon.clickTab is PASSED

2021-04-14 23:33:02 - [TEST_STEP][PASSED] - waitForElementPresent(findTestObject("Object Repository/Canine/Filter/PrimDiseaseSite/BladderProstate_Chkbx"), 10): Object 'Object Repository/Canine/Filter/PrimDiseaseSite/BladderProstate_Chkbx' is not present after 10 second(s)

2021-04-14 23:33:14 - [MESSAGE][INFO] - Unable to find the element located by 'By.xpath: //*[contains(text(),'Bladder, Prostate')]'. Please recheck the objects properties to make sure the desired element is located. 

2021-04-14 23:33:14 - [MESSAGE][WARNING] - Object 'Object Repository/Canine/Filter/PrimDiseaseSite/BladderProstate_Chkbx' is not present after 10 second(s)

2021-04-14 23:33:14 - [TEST_STEP][PASSED] - ctdc.utilities.runtestcaseforKatalon.clickTab("Object Repository/Canine/Filter/PrimDiseaseSite/BladderProstate_Chkbx"): ctdc.utilities.runtestcaseforKatalon.clickTab is PASSED

2021-04-14 23:33:15 - [MESSAGE][PASSED] - ctdc.utilities.runtestcaseforKatalon.clickTab is PASSED

2021-04-14 23:33:15 - [TEST_STEP][PASSED] - ctdc.utilities.runtestcaseforKatalon.clickTab("Object Repository/Canine/Filter/PrimDiseaseSite/PRIMARYDISEASESITE_Ddn"): ctdc.utilities.runtestcaseforKatalon.clickTab is PASSED

2021-04-14 23:33:20 - [MESSAGE][PASSED] - ctdc.utilities.runtestcaseforKatalon.clickTab is PASSED

2021-04-14 23:33:20 - [TEST_STEP][PASSED] - Thread.sleep(2000): null

2021-04-14 23:33:22 - [TEST_STEP][PASSED] - ctdc.utilities.runtestcaseforKatalon.readStatBarCanine("Object Repository/Canine/StatBar/Canine_StatBar-Studies", "Object Repository/Canine/StatBar/Canine_StatBar-Cases", "Object Repository/Canine/StatBar/Canine_StatBar-Samples", "Object Repository/Canine/StatBar/Canine_StatBar-Files", "Object Repository/Canine/StatBar/Canine_StatBar-Aliquots"): ctdc.utilities.runtestcaseforKatalon.readStatBarCanine is PASSED

2021-04-14 23:33:42 - [MESSAGE][PASSED] - ctdc.utilities.runtestcaseforKatalon.readStatBarCanine is PASSED

2021-04-14 23:33:42 - [TEST_STEP][PASSED] - waitForElementPresent(findTestObject("Object Repository/Canine/CanineResults_Cases_Tab"), 5): Object 'Object Repository/Canine/CanineResults_Cases_Tab' is not present after 5 second(s)

2021-04-14 23:33:49 - [MESSAGE][INFO] - Unable to find the element located by 'By.xpath: //*[@id="case_tab"]'. Please recheck the objects properties to make sure the desired element is located. 

2021-04-14 23:33:49 - [MESSAGE][WARNING] - Object 'Object Repository/Canine/CanineResults_Cases_Tab' is not present after 5 second(s)

2021-04-14 23:33:49 - [TEST_STEP][PASSED] - ctdc.utilities.runtestcaseforKatalon.clickTab("Object Repository/Canine/CanineResults_Cases_Tab"): ctdc.utilities.runtestcaseforKatalon.clickTab is PASSED

2021-04-14 23:33:56 - [MESSAGE][PASSED] - ctdc.utilities.runtestcaseforKatalon.clickTab is PASSED

2021-04-14 23:33:56 - [TEST_STEP][PASSED] - ctdc.utilities.runtestcaseforKatalon.multiFunction("ICDC", G_StatBar_Cases, "Object Repository/Canine/Canine_CasesTable", "Object Repository/Canine/Canine_TableHeader", "Object Repository/Canine/Canine_CasesTabNextBtn", G_WebTabnameCases, G_CypherTabnameCases, G_QueryCasesTab): Statbar Arms count matches

2021-04-14 23:35:15 - [MESSAGE][PASSED] - Statbar Files count matches

2021-04-14 23:35:15 - [MESSAGE][PASSED] - Statbar Samples count matches

2021-04-14 23:35:15 - [MESSAGE][PASSED] - Statbar Cases count matches

2021-04-14 23:35:15 - [MESSAGE][PASSED] - Statbar Arms count matches

2021-04-14 23:35:15 - [TEST_STEP][PASSED] - waitForElementPresent(findTestObject("Object Repository/Canine/CanineResults_Samples_Tab"), 5): Object 'Object Repository/Canine/CanineResults_Samples_Tab' is not present after 5 second(s)

2021-04-14 23:35:22 - [MESSAGE][INFO] - Unable to find the element located by 'By.xpath: //*[@id="sample_tab"]'. Please recheck the objects properties to make sure the desired element is located. 

2021-04-14 23:35:22 - [MESSAGE][WARNING] - Object 'Object Repository/Canine/CanineResults_Samples_Tab' is not present after 5 second(s)

2021-04-14 23:35:22 - [TEST_STEP][PASSED] - ctdc.utilities.runtestcaseforKatalon.clickTab("Object Repository/Canine/CanineResults_Samples_Tab"): ctdc.utilities.runtestcaseforKatalon.clickTab is PASSED

2021-04-14 23:35:26 - [MESSAGE][PASSED] - ctdc.utilities.runtestcaseforKatalon.clickTab is PASSED

2021-04-14 23:35:26 - [TEST_STEP][PASSED] - ctdc.utilities.runtestcaseforKatalon.multiFunction("ICDC", G_StatBar_Samples, "Object Repository/Canine/Canine_Samples_Table", "Object Repository/Canine/Canine_Samples_TableHdr", "Object Repository/Canine/Canine_SamplesTabNextBtn", G_WebTabnameSamples, G_CypherTabnameSamples, G_QuerySamplesTab): Statbar Arms count matches

2021-04-14 23:39:03 - [MESSAGE][PASSED] - Statbar Files count matches

2021-04-14 23:39:03 - [MESSAGE][PASSED] - Statbar Samples count matches

2021-04-14 23:39:03 - [MESSAGE][PASSED] - Statbar Cases count matches

2021-04-14 23:39:03 - [MESSAGE][PASSED] - Statbar Arms count matches

2021-04-14 23:39:03 - [TEST_STEP][PASSED] - waitForElementPresent(findTestObject("Object Repository/Canine/CanineResults_Files_Tab"), 5): Object 'Object Repository/Canine/CanineResults_Files_Tab' is not present after 5 second(s)

2021-04-14 23:39:12 - [MESSAGE][INFO] - Unable to find the element located by 'By.xpath: //*[@id="file_tab"]'. Please recheck the objects properties to make sure the desired element is located. 

2021-04-14 23:39:12 - [MESSAGE][WARNING] - Object 'Object Repository/Canine/CanineResults_Files_Tab' is not present after 5 second(s)

2021-04-14 23:39:12 - [TEST_STEP][PASSED] - ctdc.utilities.runtestcaseforKatalon.clickTab("Object Repository/Canine/CanineResults_Files_Tab"): ctdc.utilities.runtestcaseforKatalon.clickTab is PASSED

2021-04-14 23:39:15 - [MESSAGE][PASSED] - ctdc.utilities.runtestcaseforKatalon.clickTab is PASSED

2021-04-14 23:39:15 - [TEST_STEP][PASSED] - ctdc.utilities.runtestcaseforKatalon.multiFunction("ICDC", G_StatBar_Files, "Object Repository/Canine/Canine_Files_Table", "Object Repository/Canine/Canine_Files_TableHdr", "Object Repository/Canine/Canine_FilesTabNextBtn", G_WebTabnameFiles, G_CypherTabnameFiles, G_QueryFilesTab): Statbar Arms count matches

2021-04-14 23:43:31 - [MESSAGE][PASSED] - Statbar Files count matches

2021-04-14 23:43:31 - [MESSAGE][PASSED] - Statbar Samples count matches

2021-04-14 23:43:31 - [MESSAGE][PASSED] - Statbar Cases count matches

2021-04-14 23:43:31 - [MESSAGE][PASSED] - Statbar Arms count matches

2021-04-14 23:43:31 - [TEST_STEP][PASSED] - closeBrowser(): Browser is closed

2021-04-14 23:43:49 - [MESSAGE][PASSED] - Browser is closed]]></system-out>
         <system-err><![CDATA[]]></system-err>
      </testcase>
      <testcase name="Test Cases/Canine_TestCases/Study-Combinations/TC09_Canine_StudyUBC-Breed_Diagnosis_PrimDiseaseSite" time="999.252" classname="Test Cases/Canine_TestCases/Study-Combinations/TC09_Canine_StudyUBC-Breed_Diagnosis_PrimDiseaseSite" status="PASSED">
         <system-out><![CDATA[2021-04-14 23:43:49 - [TEST_CASE][PASSED] - Test Cases/Canine_TestCases/Study-Combinations/TC09_Canine_StudyUBC-Breed_Diagnosis_PrimDiseaseSite: Test Cases/Canine_TestCases/Study-Combinations/TC09_Canine_StudyUBC-Breed_Diagnosis_PrimDiseaseSite

2021-04-14 23:43:55 - [TEST_STEP][PASSED] - openBrowser(""): Browser is opened with url: ''

2021-04-14 23:43:55 - [MESSAGE][INFO] - Starting 'Chrome (headless)' driver

2021-04-14 23:43:55 - [MESSAGE][INFO] - User set preference: ['args', '[--no-sandbox]']

2021-04-14 23:43:55 - [MESSAGE][INFO] - Action delay is set to 5,000 milliseconds

2021-04-14 23:44:08 - [MESSAGE][PASSED] - Browser is opened with url: ''

2021-04-14 23:44:08 - [TEST_STEP][PASSED] - maximizeWindow(): Current window maximized

2021-04-14 23:44:09 - [MESSAGE][PASSED] - Current window maximized

2021-04-14 23:44:09 - [TEST_STEP][PASSED] - "Driver opened by Katalon is used in Selenium from this step.": null

2021-04-14 23:44:09 - [TEST_STEP][PASSED] - ctdc.utilities.runtestcaseforKatalon.RunKatalon("TC09_Canine_StudyUBC-Breed_Diagnosis_PrimDiseaseSite.xlsx"): Data loaded from input file for the test case. 

2021-04-14 23:44:09 - [MESSAGE][PASSED] - Test case file loaded This is the full filepath after converting to string :C:\Users\radhakrishnang2\Desktop\Commons_Automation\InputFiles\TC09_Canine_StudyUBC-Breed_Diagnosis_PrimDiseaseSite.xlsx

2021-04-14 23:44:09 - [MESSAGE][INFO] - Global variable set for password file is :  C:\Users\radhakrishnang2\Desktop\Commons_Automation\InputFiles\TC09_Canine_StudyUBC-Breed_Diagnosis_PrimDiseaseSite.xlsx

2021-04-14 23:44:09 - [MESSAGE][PASSED] - Data loaded from input file for the test case. 

2021-04-14 23:44:57 - [TEST_STEP][PASSED] - waitForElementPresent(findTestObject("Canine/NavBar/Canine_Cases_Btn"), 10): Object 'Object Repository/Canine/NavBar/Canine_Cases_Btn' is not present after 10 second(s)

2021-04-14 23:45:09 - [MESSAGE][INFO] - Unable to find the element located by 'By.xpath: //a[contains(@href,'cases')]'. Please recheck the objects properties to make sure the desired element is located. 

2021-04-14 23:45:09 - [MESSAGE][WARNING] - Object 'Object Repository/Canine/NavBar/Canine_Cases_Btn' is not present after 10 second(s)

2021-04-14 23:45:09 - [TEST_STEP][PASSED] - ctdc.utilities.runtestcaseforKatalon.clickTab("Canine/NavBar/Canine_Cases_Btn"): ctdc.utilities.runtestcaseforKatalon.clickTab is PASSED

2021-04-14 23:45:10 - [MESSAGE][PASSED] - ctdc.utilities.runtestcaseforKatalon.clickTab is PASSED

2021-04-14 23:45:10 - [TEST_STEP][PASSED] - waitForElementPresent(findTestObject("Object Repository/Canine/Filter/FilterByCases_Facet"), 10): Object 'Object Repository/Canine/Filter/FilterByCases_Facet' is not present after 10 second(s)

2021-04-14 23:45:22 - [MESSAGE][INFO] - Unable to find the element located by 'By.xpath: //*[contains(text(),'Filter By Cases')]'. Please recheck the objects properties to make sure the desired element is located. 

2021-04-14 23:45:22 - [MESSAGE][WARNING] - Object 'Object Repository/Canine/Filter/FilterByCases_Facet' is not present after 10 second(s)

2021-04-14 23:45:22 - [TEST_STEP][PASSED] - ctdc.utilities.runtestcaseforKatalon.clickTab("Object Repository/Canine/Filter/FilterByCases_Facet"): ctdc.utilities.runtestcaseforKatalon.clickTab is PASSED

2021-04-14 23:45:25 - [MESSAGE][PASSED] - ctdc.utilities.runtestcaseforKatalon.clickTab is PASSED

2021-04-14 23:45:25 - [TEST_STEP][PASSED] - waitForElementPresent(findTestObject("Object Repository/Canine/Filter/Study/Canine_Filter_Study"), 10): Object 'Object Repository/Canine/Filter/Study/Canine_Filter_Study' is not present after 10 second(s)

2021-04-14 23:45:37 - [MESSAGE][INFO] - Unable to find the element located by 'By.xpath: //*[@id='Study']'. Please recheck the objects properties to make sure the desired element is located. 

2021-04-14 23:45:37 - [MESSAGE][WARNING] - Object 'Object Repository/Canine/Filter/Study/Canine_Filter_Study' is not present after 10 second(s)

2021-04-14 23:45:37 - [TEST_STEP][PASSED] - ctdc.utilities.runtestcaseforKatalon.clickTab("Object Repository/Canine/Filter/Study/Canine_Filter_Study"): ctdc.utilities.runtestcaseforKatalon.clickTab is PASSED

2021-04-14 23:45:40 - [MESSAGE][PASSED] - ctdc.utilities.runtestcaseforKatalon.clickTab is PASSED

2021-04-14 23:45:40 - [TEST_STEP][PASSED] - waitForElementPresent(findTestObject("Object Repository/Canine/Filter/Study/Canine_Filter_Study-UBC_Chkbx"), 10): Object 'Object Repository/Canine/Filter/Study/Canine_Filter_Study-UBC_Chkbx' is not present after 10 second(s)

2021-04-14 23:45:52 - [MESSAGE][INFO] - Unable to find the element located by 'By.xpath: (//*[contains(text(),'UBC')])[1]'. Please recheck the objects properties to make sure the desired element is located. 

2021-04-14 23:45:52 - [MESSAGE][WARNING] - Object 'Object Repository/Canine/Filter/Study/Canine_Filter_Study-UBC_Chkbx' is not present after 10 second(s)

2021-04-14 23:45:52 - [TEST_STEP][PASSED] - ctdc.utilities.runtestcaseforKatalon.clickTab("Object Repository/Canine/Filter/Study/Canine_Filter_Study-UBC_Chkbx"): ctdc.utilities.runtestcaseforKatalon.clickTab is PASSED

2021-04-14 23:45:54 - [MESSAGE][PASSED] - ctdc.utilities.runtestcaseforKatalon.clickTab is PASSED

2021-04-14 23:45:54 - [TEST_STEP][PASSED] - waitForElementPresent(findTestObject("Object Repository/Canine/Filter/Breed/BREED_Ddn"), 10): Object 'Object Repository/Canine/Filter/Breed/BREED_Ddn' is not present after 10 second(s)

2021-04-14 23:46:07 - [MESSAGE][INFO] - Unable to find the element located by 'By.xpath: //*[@id='Breed']'. Please recheck the objects properties to make sure the desired element is located. 

2021-04-14 23:46:07 - [MESSAGE][WARNING] - Object 'Object Repository/Canine/Filter/Breed/BREED_Ddn' is not present after 10 second(s)

2021-04-14 23:46:07 - [TEST_STEP][PASSED] - ctdc.utilities.runtestcaseforKatalon.clickTab("Object Repository/Canine/Filter/Breed/BREED_Ddn"): ctdc.utilities.runtestcaseforKatalon.clickTab is PASSED

2021-04-14 23:46:09 - [MESSAGE][PASSED] - ctdc.utilities.runtestcaseforKatalon.clickTab is PASSED

2021-04-14 23:46:09 - [TEST_STEP][PASSED] - waitForElementPresent(findTestObject("Object Repository/Canine/Filter/Breed/Mixed_Chkbx"), 10): Object 'Object Repository/Canine/Filter/Breed/Mixed_Chkbx' is not present after 10 second(s)

2021-04-14 23:46:23 - [MESSAGE][INFO] - Unable to find the element located by 'By.xpath: //*[contains(text(),'Mixed Breed')]'. Please recheck the objects properties to make sure the desired element is located. 

2021-04-14 23:46:23 - [MESSAGE][WARNING] - Object 'Object Repository/Canine/Filter/Breed/Mixed_Chkbx' is not present after 10 second(s)

2021-04-14 23:46:23 - [TEST_STEP][PASSED] - ctdc.utilities.runtestcaseforKatalon.clickTab("Object Repository/Canine/Filter/Breed/Mixed_Chkbx"): ctdc.utilities.runtestcaseforKatalon.clickTab is PASSED

2021-04-14 23:46:26 - [MESSAGE][PASSED] - ctdc.utilities.runtestcaseforKatalon.clickTab is PASSED

2021-04-14 23:46:26 - [TEST_STEP][PASSED] - waitForElementPresent(findTestObject("Object Repository/Canine/Filter/Breed/ScottTerr_Chkbx"), 10): Object 'Object Repository/Canine/Filter/Breed/ScottTerr_Chkbx' is not present after 10 second(s)

2021-04-14 23:46:37 - [MESSAGE][INFO] - Unable to find the element located by 'By.xpath: //*[contains(text(),'Scottish Terrier')]'. Please recheck the objects properties to make sure the desired element is located. 

2021-04-14 23:46:37 - [MESSAGE][WARNING] - Object 'Object Repository/Canine/Filter/Breed/ScottTerr_Chkbx' is not present after 10 second(s)

2021-04-14 23:46:37 - [TEST_STEP][PASSED] - ctdc.utilities.runtestcaseforKatalon.clickTab("Object Repository/Canine/Filter/Breed/ScottTerr_Chkbx"): ctdc.utilities.runtestcaseforKatalon.clickTab is PASSED

2021-04-14 23:46:39 - [MESSAGE][PASSED] - ctdc.utilities.runtestcaseforKatalon.clickTab is PASSED

2021-04-14 23:46:39 - [TEST_STEP][PASSED] - waitForElementPresent(findTestObject("Object Repository/Canine/Filter/Breed/ShetlandShpdog_Chkbx"), 10): Object 'Object Repository/Canine/Filter/Breed/ShetlandShpdog_Chkbx' is not present after 10 second(s)

2021-04-14 23:46:51 - [MESSAGE][INFO] - Unable to find the element located by 'By.xpath: //*[contains(text(),'Shetland Sheepdog')]'. Please recheck the objects properties to make sure the desired element is located. 

2021-04-14 23:46:51 - [MESSAGE][WARNING] - Object 'Object Repository/Canine/Filter/Breed/ShetlandShpdog_Chkbx' is not present after 10 second(s)

2021-04-14 23:46:51 - [TEST_STEP][PASSED] - ctdc.utilities.runtestcaseforKatalon.clickTab("Object Repository/Canine/Filter/Breed/ShetlandShpdog_Chkbx"): ctdc.utilities.runtestcaseforKatalon.clickTab is PASSED

2021-04-14 23:46:53 - [MESSAGE][PASSED] - ctdc.utilities.runtestcaseforKatalon.clickTab is PASSED

2021-04-14 23:46:53 - [TEST_STEP][PASSED] - ctdc.utilities.runtestcaseforKatalon.clickTab("Object Repository/Canine/Filter/Breed/BREED_Ddn"): ctdc.utilities.runtestcaseforKatalon.clickTab is PASSED

2021-04-14 23:47:00 - [MESSAGE][PASSED] - ctdc.utilities.runtestcaseforKatalon.clickTab is PASSED

2021-04-14 23:47:00 - [TEST_STEP][PASSED] - waitForElementPresent(findTestObject("Object Repository/Canine/Filter/Diagnosis/DIAGNOSIS_Ddn"), 10): Object 'Object Repository/Canine/Filter/Diagnosis/DIAGNOSIS_Ddn' is not present after 10 second(s)

2021-04-14 23:47:12 - [MESSAGE][INFO] - Unable to find the element located by 'By.xpath: (//*[@id='Diagnosis'])[1]'. Please recheck the objects properties to make sure the desired element is located. 

2021-04-14 23:47:12 - [MESSAGE][WARNING] - Object 'Object Repository/Canine/Filter/Diagnosis/DIAGNOSIS_Ddn' is not present after 10 second(s)

2021-04-14 23:47:12 - [TEST_STEP][PASSED] - ctdc.utilities.runtestcaseforKatalon.clickTab("Object Repository/Canine/Filter/Diagnosis/DIAGNOSIS_Ddn"): ctdc.utilities.runtestcaseforKatalon.clickTab is PASSED

2021-04-14 23:47:15 - [MESSAGE][PASSED] - ctdc.utilities.runtestcaseforKatalon.clickTab is PASSED

2021-04-14 23:47:15 - [TEST_STEP][PASSED] - waitForElementPresent(findTestObject("Object Repository/Canine/Filter/Diagnosis/BladderCancer_Chkbx"), 10): Object 'Object Repository/Canine/Filter/Diagnosis/BladderCancer_Chkbx' is not present after 10 second(s)

2021-04-14 23:47:26 - [MESSAGE][INFO] - Unable to find the element located by 'By.xpath: //*[contains(text(),'Bladder Cancer')]'. Please recheck the objects properties to make sure the desired element is located. 

2021-04-14 23:47:26 - [MESSAGE][WARNING] - Object 'Object Repository/Canine/Filter/Diagnosis/BladderCancer_Chkbx' is not present after 10 second(s)

2021-04-14 23:47:26 - [TEST_STEP][PASSED] - ctdc.utilities.runtestcaseforKatalon.clickTab("Object Repository/Canine/Filter/Diagnosis/BladderCancer_Chkbx"): ctdc.utilities.runtestcaseforKatalon.clickTab is PASSED

2021-04-14 23:47:28 - [MESSAGE][PASSED] - ctdc.utilities.runtestcaseforKatalon.clickTab is PASSED

2021-04-14 23:47:28 - [TEST_STEP][PASSED] - waitForElementPresent(findTestObject("Object Repository/Canine/Filter/Diagnosis/HealthyControl_Chkbx"), 10): Object 'Object Repository/Canine/Filter/Diagnosis/HealthyControl_Chkbx' is not present after 10 second(s)

2021-04-14 23:47:41 - [MESSAGE][INFO] - Unable to find the element located by 'By.xpath: //*[contains(text(),'Healthy Control')]'. Please recheck the objects properties to make sure the desired element is located. 

2021-04-14 23:47:41 - [MESSAGE][WARNING] - Object 'Object Repository/Canine/Filter/Diagnosis/HealthyControl_Chkbx' is not present after 10 second(s)

2021-04-14 23:47:41 - [TEST_STEP][PASSED] - ctdc.utilities.runtestcaseforKatalon.clickTab("Object Repository/Canine/Filter/Diagnosis/HealthyControl_Chkbx"): ctdc.utilities.runtestcaseforKatalon.clickTab is PASSED

2021-04-14 23:47:43 - [MESSAGE][PASSED] - ctdc.utilities.runtestcaseforKatalon.clickTab is PASSED

2021-04-14 23:47:43 - [TEST_STEP][PASSED] - ctdc.utilities.runtestcaseforKatalon.clickTab("Object Repository/Canine/Filter/Diagnosis/DIAGNOSIS_Ddn"): ctdc.utilities.runtestcaseforKatalon.clickTab is PASSED

2021-04-14 23:47:50 - [MESSAGE][PASSED] - ctdc.utilities.runtestcaseforKatalon.clickTab is PASSED

2021-04-14 23:47:50 - [TEST_STEP][PASSED] - waitForElementPresent(findTestObject("Object Repository/Canine/Filter/PrimDiseaseSite/PRIMARYDISEASESITE_Ddn"), 10): Object 'Object Repository/Canine/Filter/PrimDiseaseSite/PRIMARYDISEASESITE_Ddn' is not present after 10 second(s)

2021-04-14 23:48:02 - [MESSAGE][INFO] - Unable to find the element located by 'By.xpath: //*[@id='Primary Disease Site']'. Please recheck the objects properties to make sure the desired element is located. 

2021-04-14 23:48:02 - [MESSAGE][WARNING] - Object 'Object Repository/Canine/Filter/PrimDiseaseSite/PRIMARYDISEASESITE_Ddn' is not present after 10 second(s)

2021-04-14 23:48:02 - [TEST_STEP][PASSED] - ctdc.utilities.runtestcaseforKatalon.clickTab("Object Repository/Canine/Filter/PrimDiseaseSite/PRIMARYDISEASESITE_Ddn"): ctdc.utilities.runtestcaseforKatalon.clickTab is PASSED

2021-04-14 23:48:04 - [MESSAGE][PASSED] - ctdc.utilities.runtestcaseforKatalon.clickTab is PASSED

2021-04-14 23:48:04 - [TEST_STEP][PASSED] - waitForElementPresent(findTestObject("Object Repository/Canine/Filter/PrimDiseaseSite/Bladder_Chkbx"), 10): Object 'Object Repository/Canine/Filter/PrimDiseaseSite/Bladder_Chkbx' is not present after 10 second(s)

2021-04-14 23:48:16 - [MESSAGE][INFO] - Unable to find the element located by 'By.xpath: (//*[contains(text(),'Bladder')])[2]'. Please recheck the objects properties to make sure the desired element is located. 

2021-04-14 23:48:16 - [MESSAGE][WARNING] - Object 'Object Repository/Canine/Filter/PrimDiseaseSite/Bladder_Chkbx' is not present after 10 second(s)

2021-04-14 23:48:16 - [TEST_STEP][PASSED] - ctdc.utilities.runtestcaseforKatalon.clickTab("Object Repository/Canine/Filter/PrimDiseaseSite/Bladder_Chkbx"): ctdc.utilities.runtestcaseforKatalon.clickTab is PASSED

2021-04-14 23:48:19 - [MESSAGE][PASSED] - ctdc.utilities.runtestcaseforKatalon.clickTab is PASSED

2021-04-14 23:48:19 - [TEST_STEP][PASSED] - ctdc.utilities.runtestcaseforKatalon.clickTab("Object Repository/Canine/Filter/PrimDiseaseSite/PRIMARYDISEASESITE_Ddn"): ctdc.utilities.runtestcaseforKatalon.clickTab is PASSED

2021-04-14 23:48:25 - [MESSAGE][PASSED] - ctdc.utilities.runtestcaseforKatalon.clickTab is PASSED

2021-04-14 23:48:25 - [TEST_STEP][PASSED] - ctdc.utilities.runtestcaseforKatalon.readStatBarCanine("Object Repository/Canine/StatBar/Canine_StatBar-Studies", "Object Repository/Canine/StatBar/Canine_StatBar-Cases", "Object Repository/Canine/StatBar/Canine_StatBar-Samples", "Object Repository/Canine/StatBar/Canine_StatBar-Files", "Object Repository/Canine/StatBar/Canine_StatBar-Aliquots"): ctdc.utilities.runtestcaseforKatalon.readStatBarCanine is PASSED

2021-04-14 23:48:50 - [MESSAGE][PASSED] - ctdc.utilities.runtestcaseforKatalon.readStatBarCanine is PASSED

2021-04-14 23:48:50 - [TEST_STEP][PASSED] - waitForElementPresent(findTestObject("Object Repository/Canine/CanineResults_Cases_Tab"), 5): Object 'Object Repository/Canine/CanineResults_Cases_Tab' is not present after 5 second(s)

2021-04-14 23:48:57 - [MESSAGE][INFO] - Unable to find the element located by 'By.xpath: //*[@id="case_tab"]'. Please recheck the objects properties to make sure the desired element is located. 

2021-04-14 23:48:57 - [MESSAGE][WARNING] - Object 'Object Repository/Canine/CanineResults_Cases_Tab' is not present after 5 second(s)

2021-04-14 23:48:57 - [TEST_STEP][PASSED] - ctdc.utilities.runtestcaseforKatalon.clickTab("Object Repository/Canine/CanineResults_Cases_Tab"): ctdc.utilities.runtestcaseforKatalon.clickTab is PASSED

2021-04-14 23:49:01 - [MESSAGE][PASSED] - ctdc.utilities.runtestcaseforKatalon.clickTab is PASSED

2021-04-14 23:49:01 - [TEST_STEP][PASSED] - ctdc.utilities.runtestcaseforKatalon.multiFunction("ICDC", G_StatBar_Cases, "Object Repository/Canine/Canine_CasesTable", "Object Repository/Canine/Canine_TableHeader", "Object Repository/Canine/Canine_CasesTabNextBtn", G_WebTabnameCases, G_CypherTabnameCases, G_QueryCasesTab): Statbar Arms count matches

2021-04-14 23:50:37 - [MESSAGE][PASSED] - Statbar Files count matches

2021-04-14 23:50:37 - [MESSAGE][PASSED] - Statbar Samples count matches

2021-04-14 23:50:37 - [MESSAGE][PASSED] - Statbar Cases count matches

2021-04-14 23:50:37 - [MESSAGE][PASSED] - Statbar Arms count matches

2021-04-14 23:50:37 - [TEST_STEP][PASSED] - waitForElementPresent(findTestObject("Object Repository/Canine/CanineResults_Samples_Tab"), 5): Object 'Object Repository/Canine/CanineResults_Samples_Tab' is not present after 5 second(s)

2021-04-14 23:50:45 - [MESSAGE][INFO] - Unable to find the element located by 'By.xpath: //*[@id="sample_tab"]'. Please recheck the objects properties to make sure the desired element is located. 

2021-04-14 23:50:45 - [MESSAGE][WARNING] - Object 'Object Repository/Canine/CanineResults_Samples_Tab' is not present after 5 second(s)

2021-04-14 23:50:45 - [TEST_STEP][PASSED] - ctdc.utilities.runtestcaseforKatalon.clickTab("Object Repository/Canine/CanineResults_Samples_Tab"): ctdc.utilities.runtestcaseforKatalon.clickTab is PASSED

2021-04-14 23:50:48 - [MESSAGE][PASSED] - ctdc.utilities.runtestcaseforKatalon.clickTab is PASSED

2021-04-14 23:50:48 - [TEST_STEP][PASSED] - ctdc.utilities.runtestcaseforKatalon.multiFunction("ICDC", G_StatBar_Samples, "Object Repository/Canine/Canine_Samples_Table", "Object Repository/Canine/Canine_Samples_TableHdr", "Object Repository/Canine/Canine_SamplesTabNextBtn", G_WebTabnameSamples, G_CypherTabnameSamples, G_QuerySamplesTab): Statbar Arms count matches

2021-04-14 23:54:34 - [MESSAGE][PASSED] - Statbar Files count matches

2021-04-14 23:54:34 - [MESSAGE][PASSED] - Statbar Samples count matches

2021-04-14 23:54:34 - [MESSAGE][PASSED] - Statbar Cases count matches

2021-04-14 23:54:34 - [MESSAGE][PASSED] - Statbar Arms count matches

2021-04-14 23:54:34 - [TEST_STEP][PASSED] - waitForElementPresent(findTestObject("Object Repository/Canine/CanineResults_Files_Tab"), 5): Object 'Object Repository/Canine/CanineResults_Files_Tab' is not present after 5 second(s)

2021-04-14 23:54:45 - [MESSAGE][INFO] - Unable to find the element located by 'By.xpath: //*[@id="file_tab"]'. Please recheck the objects properties to make sure the desired element is located. 

2021-04-14 23:54:45 - [MESSAGE][WARNING] - Object 'Object Repository/Canine/CanineResults_Files_Tab' is not present after 5 second(s)

2021-04-14 23:54:45 - [TEST_STEP][PASSED] - ctdc.utilities.runtestcaseforKatalon.clickTab("Object Repository/Canine/CanineResults_Files_Tab"): ctdc.utilities.runtestcaseforKatalon.clickTab is PASSED

2021-04-14 23:54:49 - [MESSAGE][PASSED] - ctdc.utilities.runtestcaseforKatalon.clickTab is PASSED

2021-04-14 23:54:49 - [TEST_STEP][PASSED] - ctdc.utilities.runtestcaseforKatalon.multiFunction("ICDC", G_StatBar_Files, "Object Repository/Canine/Canine_Files_Table", "Object Repository/Canine/Canine_Files_TableHdr", "Object Repository/Canine/Canine_FilesTabNextBtn", G_WebTabnameFiles, G_CypherTabnameFiles, G_QueryFilesTab): Statbar Arms count matches

2021-04-14 23:59:53 - [MESSAGE][PASSED] - Statbar Files count matches

2021-04-14 23:59:53 - [MESSAGE][PASSED] - Statbar Samples count matches

2021-04-14 23:59:53 - [MESSAGE][PASSED] - Statbar Cases count matches

2021-04-14 23:59:53 - [MESSAGE][PASSED] - Statbar Arms count matches

2021-04-14 23:59:53 - [TEST_STEP][PASSED] - closeBrowser(): Browser is closed

2021-04-15 00:00:28 - [MESSAGE][PASSED] - Browser is closed]]></system-out>
         <system-err><![CDATA[]]></system-err>
      </testcase>
      <testcase name="Test Cases/Canine_TestCases/Study-Combinations/TC10_Canine_StudyUBC-Breed_Diagnosis_PrimDiseaseSite" time="328.222" classname="Test Cases/Canine_TestCases/Study-Combinations/TC10_Canine_StudyUBC-Breed_Diagnosis_PrimDiseaseSite" status="ERROR">
         <error type="ERROR" message="Test Cases/Canine_TestCases/Study-Combinations/TC10_Canine_StudyUBC-Breed_Diagnosis_PrimDiseaseSite FAILED.
Reason:
org.openqa.selenium.NoSuchElementException: no such element: Unable to locate element: {&quot;method&quot;:&quot;xpath&quot;,&quot;selector&quot;:&quot;(//*[contains(text(),'Bladder')])[2]&quot;}
  (Session info: headless chrome=89.0.4389.114)
For documentation on this error, please visit: https://www.seleniumhq.org/exceptions/no_such_element.html
Build info: version: '3.141.59', revision: 'e82be7d358', time: '2018-11-14T08:25:53'
System info: host: 'NCI-02150368-L', ip: '10.242.162.61', os.name: 'Windows 10', os.arch: 'amd64', os.version: '10.0', java.version: '1.8.0_181'
Driver info: org.openqa.selenium.chrome.ChromeDriver
Capabilities {acceptInsecureCerts: false, browserName: chrome, browserVersion: 89.0.4389.114, chrome: {chromedriverVersion: 88.0.4324.96 (68dba2d8a0b14..., userDataDir: C:\Users\RADHAK~1\AppData\L...}, goog:chromeOptions: {debuggerAddress: localhost:65221}, javascriptEnabled: true, networkConnectionEnabled: false, pageLoadStrategy: normal, platform: WINDOWS, platformName: WINDOWS, proxy: Proxy(), setWindowRect: true, strictFileInteractability: false, timeouts: {implicit: 0, pageLoad: 300000, script: 30000}, unhandledPromptBehavior: dismiss and notify, webauthn:extension:largeBlob: true, webauthn:virtualAuthenticators: true}
Session ID: 79bcbbae35cc5dc2e393782857cab0dd
*** Element info: {Using=xpath, value=(//*[contains(text(),'Bladder')])[2]}
	at org.openqa.selenium.remote.http.W3CHttpResponseCodec.createException(W3CHttpResponseCodec.java:187)
	at org.openqa.selenium.remote.http.W3CHttpResponseCodec.decode(W3CHttpResponseCodec.java:122)
	at org.openqa.selenium.remote.http.W3CHttpResponseCodec.decode(W3CHttpResponseCodec.java:49)
	at org.openqa.selenium.remote.HttpCommandExecutor.execute(HttpCommandExecutor.java:158)
	at org.openqa.selenium.remote.service.DriverCommandExecutor.execute(DriverCommandExecutor.java:83)
	at org.openqa.selenium.remote.RemoteWebDriver.execute(RemoteWebDriver.java:552)
	at org.openqa.selenium.remote.RemoteWebDriver.findElement(RemoteWebDriver.java:323)
	at org.openqa.selenium.remote.RemoteWebDriver.findElementByXPath(RemoteWebDriver.java:428)
	at org.openqa.selenium.By$ByXPath.findElement(By.java:353)
	at org.openqa.selenium.remote.RemoteWebDriver.findElement(RemoteWebDriver.java:315)
	at org.openqa.selenium.WebDriver$findElement$1.call(Unknown Source)
	at ctdc.utilities.runtestcaseforKatalon.clickTab(runtestcaseforKatalon.groovy:1007)
	at ctdc.utilities.runtestcaseforKatalon.invokeMethod(runtestcaseforKatalon.groovy)
	at com.kms.katalon.core.main.CustomKeywordDelegatingMetaClass.invokeStaticMethod(CustomKeywordDelegatingMetaClass.java:50)
	at TC10_Canine_StudyUBC-Breed_Diagnosis_PrimDiseaseSite.run(TC10_Canine_StudyUBC-Breed_Diagnosis_PrimDiseaseSite:80)
	at com.kms.katalon.core.main.ScriptEngine.run(ScriptEngine.java:194)
	at com.kms.katalon.core.main.ScriptEngine.runScriptAsRawText(ScriptEngine.java:119)
	at com.kms.katalon.core.main.TestCaseExecutor.runScript(TestCaseExecutor.java:339)
	at com.kms.katalon.core.main.TestCaseExecutor.doExecute(TestCaseExecutor.java:330)
	at com.kms.katalon.core.main.TestCaseExecutor.processExecutionPhase(TestCaseExecutor.java:309)
	at com.kms.katalon.core.main.TestCaseExecutor.accessMainPhase(TestCaseExecutor.java:301)
	at com.kms.katalon.core.main.TestCaseExecutor.execute(TestCaseExecutor.java:235)
	at com.kms.katalon.core.main.TestSuiteExecutor.accessTestCaseMainPhase(TestSuiteExecutor.java:191)
	at com.kms.katalon.core.main.TestSuiteExecutor.accessTestSuiteMainPhase(TestSuiteExecutor.java:141)
	at com.kms.katalon.core.main.TestSuiteExecutor.execute(TestSuiteExecutor.java:90)
	at com.kms.katalon.core.main.TestCaseMain.startTestSuite(TestCaseMain.java:157)
	at com.kms.katalon.core.main.TestCaseMain$startTestSuite$0.call(Unknown Source)
	at TempTestSuite1618461585500.run(TempTestSuite1618461585500.groovy:39)
"/>
         <system-out><![CDATA[2021-04-15 00:00:28 - [TEST_CASE][ERROR] - Test Cases/Canine_TestCases/Study-Combinations/TC10_Canine_StudyUBC-Breed_Diagnosis_PrimDiseaseSite: Test Cases/Canine_TestCases/Study-Combinations/TC10_Canine_StudyUBC-Breed_Diagnosis_PrimDiseaseSite FAILED.
Reason:
org.openqa.selenium.NoSuchElementException: no such element: Unable to locate element: {"method":"xpath","selector":"(//*[contains(text(),'Bladder')])[2]"}
  (Session info: headless chrome=89.0.4389.114)
For documentation on this error, please visit: https://www.seleniumhq.org/exceptions/no_such_element.html
Build info: version: '3.141.59', revision: 'e82be7d358', time: '2018-11-14T08:25:53'
System info: host: 'NCI-02150368-L', ip: '10.242.162.61', os.name: 'Windows 10', os.arch: 'amd64', os.version: '10.0', java.version: '1.8.0_181'
Driver info: org.openqa.selenium.chrome.ChromeDriver
Capabilities {acceptInsecureCerts: false, browserName: chrome, browserVersion: 89.0.4389.114, chrome: {chromedriverVersion: 88.0.4324.96 (68dba2d8a0b14..., userDataDir: C:\Users\RADHAK~1\AppData\L...}, goog:chromeOptions: {debuggerAddress: localhost:65221}, javascriptEnabled: true, networkConnectionEnabled: false, pageLoadStrategy: normal, platform: WINDOWS, platformName: WINDOWS, proxy: Proxy(), setWindowRect: true, strictFileInteractability: false, timeouts: {implicit: 0, pageLoad: 300000, script: 30000}, unhandledPromptBehavior: dismiss and notify, webauthn:extension:largeBlob: true, webauthn:virtualAuthenticators: true}
Session ID: 79bcbbae35cc5dc2e393782857cab0dd
*** Element info: {Using=xpath, value=(//*[contains(text(),'Bladder')])[2]}
	at org.openqa.selenium.remote.http.W3CHttpResponseCodec.createException(W3CHttpResponseCodec.java:187)
	at org.openqa.selenium.remote.http.W3CHttpResponseCodec.decode(W3CHttpResponseCodec.java:122)
	at org.openqa.selenium.remote.http.W3CHttpResponseCodec.decode(W3CHttpResponseCodec.java:49)
	at org.openqa.selenium.remote.HttpCommandExecutor.execute(HttpCommandExecutor.java:158)
	at org.openqa.selenium.remote.service.DriverCommandExecutor.execute(DriverCommandExecutor.java:83)
	at org.openqa.selenium.remote.RemoteWebDriver.execute(RemoteWebDriver.java:552)
	at org.openqa.selenium.remote.RemoteWebDriver.findElement(RemoteWebDriver.java:323)
	at org.openqa.selenium.remote.RemoteWebDriver.findElementByXPath(RemoteWebDriver.java:428)
	at org.openqa.selenium.By$ByXPath.findElement(By.java:353)
	at org.openqa.selenium.remote.RemoteWebDriver.findElement(RemoteWebDriver.java:315)
	at org.openqa.selenium.WebDriver$findElement$1.call(Unknown Source)
	at ctdc.utilities.runtestcaseforKatalon.clickTab(runtestcaseforKatalon.groovy:1007)
	at ctdc.utilities.runtestcaseforKatalon.invokeMethod(runtestcaseforKatalon.groovy)
	at com.kms.katalon.core.main.CustomKeywordDelegatingMetaClass.invokeStaticMethod(CustomKeywordDelegatingMetaClass.java:50)
	at TC10_Canine_StudyUBC-Breed_Diagnosis_PrimDiseaseSite.run(TC10_Canine_StudyUBC-Breed_Diagnosis_PrimDiseaseSite:80)
	at com.kms.katalon.core.main.ScriptEngine.run(ScriptEngine.java:194)
	at com.kms.katalon.core.main.ScriptEngine.runScriptAsRawText(ScriptEngine.java:119)
	at com.kms.katalon.core.main.TestCaseExecutor.runScript(TestCaseExecutor.java:339)
	at com.kms.katalon.core.main.TestCaseExecutor.doExecute(TestCaseExecutor.java:330)
	at com.kms.katalon.core.main.TestCaseExecutor.processExecutionPhase(TestCaseExecutor.java:309)
	at com.kms.katalon.core.main.TestCaseExecutor.accessMainPhase(TestCaseExecutor.java:301)
	at com.kms.katalon.core.main.TestCaseExecutor.execute(TestCaseExecutor.java:235)
	at com.kms.katalon.core.main.TestSuiteExecutor.accessTestCaseMainPhase(TestSuiteExecutor.java:191)
	at com.kms.katalon.core.main.TestSuiteExecutor.accessTestSuiteMainPhase(TestSuiteExecutor.java:141)
	at com.kms.katalon.core.main.TestSuiteExecutor.execute(TestSuiteExecutor.java:90)
	at com.kms.katalon.core.main.TestCaseMain.startTestSuite(TestCaseMain.java:157)
	at com.kms.katalon.core.main.TestCaseMain$startTestSuite$0.call(Unknown Source)
	at TempTestSuite1618461585500.run(TempTestSuite1618461585500.groovy:39)


2021-04-15 00:00:36 - [TEST_STEP][PASSED] - openBrowser(""): Browser is opened with url: ''

2021-04-15 00:00:36 - [MESSAGE][INFO] - Starting 'Chrome (headless)' driver

2021-04-15 00:00:36 - [MESSAGE][INFO] - User set preference: ['args', '[--no-sandbox]']

2021-04-15 00:00:36 - [MESSAGE][INFO] - Action delay is set to 5,000 milliseconds

2021-04-15 00:00:57 - [MESSAGE][PASSED] - Browser is opened with url: ''

2021-04-15 00:00:57 - [TEST_STEP][PASSED] - maximizeWindow(): Current window maximized

2021-04-15 00:00:58 - [MESSAGE][PASSED] - Current window maximized

2021-04-15 00:00:58 - [TEST_STEP][PASSED] - "Driver opened by Katalon is used in Selenium from this step.": null

2021-04-15 00:00:58 - [TEST_STEP][PASSED] - ctdc.utilities.runtestcaseforKatalon.RunKatalon("TC10_Canine_StudyUBC-Breed_Diagnosis_PrimDiseaseSite.xlsx"): Data loaded from input file for the test case. 

2021-04-15 00:00:58 - [MESSAGE][PASSED] - Test case file loaded This is the full filepath after converting to string :C:\Users\radhakrishnang2\Desktop\Commons_Automation\InputFiles\TC10_Canine_StudyUBC-Breed_Diagnosis_PrimDiseaseSite.xlsx

2021-04-15 00:00:58 - [MESSAGE][INFO] - Global variable set for password file is :  C:\Users\radhakrishnang2\Desktop\Commons_Automation\InputFiles\TC10_Canine_StudyUBC-Breed_Diagnosis_PrimDiseaseSite.xlsx

2021-04-15 00:00:58 - [MESSAGE][PASSED] - Data loaded from input file for the test case. 

2021-04-15 00:01:50 - [TEST_STEP][PASSED] - waitForElementPresent(findTestObject("Canine/NavBar/Canine_Cases_Btn"), 10): Object 'Object Repository/Canine/NavBar/Canine_Cases_Btn' is not present after 10 second(s)

2021-04-15 00:02:03 - [MESSAGE][INFO] - Unable to find the element located by 'By.xpath: //a[contains(@href,'cases')]'. Please recheck the objects properties to make sure the desired element is located. 

2021-04-15 00:02:03 - [MESSAGE][WARNING] - Object 'Object Repository/Canine/NavBar/Canine_Cases_Btn' is not present after 10 second(s)

2021-04-15 00:02:03 - [TEST_STEP][PASSED] - ctdc.utilities.runtestcaseforKatalon.clickTab("Canine/NavBar/Canine_Cases_Btn"): ctdc.utilities.runtestcaseforKatalon.clickTab is PASSED

2021-04-15 00:02:05 - [MESSAGE][PASSED] - ctdc.utilities.runtestcaseforKatalon.clickTab is PASSED

2021-04-15 00:02:05 - [TEST_STEP][PASSED] - waitForElementPresent(findTestObject("Object Repository/Canine/Filter/FilterByCases_Facet"), 10): Object 'Object Repository/Canine/Filter/FilterByCases_Facet' is not present after 10 second(s)

2021-04-15 00:02:19 - [MESSAGE][INFO] - Unable to find the element located by 'By.xpath: //*[contains(text(),'Filter By Cases')]'. Please recheck the objects properties to make sure the desired element is located. 

2021-04-15 00:02:19 - [MESSAGE][WARNING] - Object 'Object Repository/Canine/Filter/FilterByCases_Facet' is not present after 10 second(s)

2021-04-15 00:02:19 - [TEST_STEP][PASSED] - ctdc.utilities.runtestcaseforKatalon.clickTab("Object Repository/Canine/Filter/FilterByCases_Facet"): ctdc.utilities.runtestcaseforKatalon.clickTab is PASSED

2021-04-15 00:02:25 - [MESSAGE][PASSED] - ctdc.utilities.runtestcaseforKatalon.clickTab is PASSED

2021-04-15 00:02:25 - [TEST_STEP][PASSED] - waitForElementPresent(findTestObject("Object Repository/Canine/Filter/Study/Canine_Filter_Study"), 10): Object 'Object Repository/Canine/Filter/Study/Canine_Filter_Study' is not present after 10 second(s)

2021-04-15 00:02:39 - [MESSAGE][INFO] - Unable to find the element located by 'By.xpath: //*[@id='Study']'. Please recheck the objects properties to make sure the desired element is located. 

2021-04-15 00:02:39 - [MESSAGE][WARNING] - Object 'Object Repository/Canine/Filter/Study/Canine_Filter_Study' is not present after 10 second(s)

2021-04-15 00:02:39 - [TEST_STEP][PASSED] - ctdc.utilities.runtestcaseforKatalon.clickTab("Object Repository/Canine/Filter/Study/Canine_Filter_Study"): ctdc.utilities.runtestcaseforKatalon.clickTab is PASSED

2021-04-15 00:02:42 - [MESSAGE][PASSED] - ctdc.utilities.runtestcaseforKatalon.clickTab is PASSED

2021-04-15 00:02:42 - [TEST_STEP][PASSED] - waitForElementPresent(findTestObject("Object Repository/Canine/Filter/Study/Canine_Filter_Study-UBC_Chkbx"), 10): Object 'Object Repository/Canine/Filter/Study/Canine_Filter_Study-UBC_Chkbx' is not present after 10 second(s)

2021-04-15 00:02:54 - [MESSAGE][INFO] - Unable to find the element located by 'By.xpath: (//*[contains(text(),'UBC')])[1]'. Please recheck the objects properties to make sure the desired element is located. 

2021-04-15 00:02:54 - [MESSAGE][WARNING] - Object 'Object Repository/Canine/Filter/Study/Canine_Filter_Study-UBC_Chkbx' is not present after 10 second(s)

2021-04-15 00:02:54 - [TEST_STEP][PASSED] - ctdc.utilities.runtestcaseforKatalon.clickTab("Object Repository/Canine/Filter/Study/Canine_Filter_Study-UBC_Chkbx"): ctdc.utilities.runtestcaseforKatalon.clickTab is PASSED

2021-04-15 00:02:57 - [MESSAGE][PASSED] - ctdc.utilities.runtestcaseforKatalon.clickTab is PASSED

2021-04-15 00:02:57 - [TEST_STEP][PASSED] - Thread.sleep(2000): null

2021-04-15 00:02:59 - [TEST_STEP][PASSED] - waitForElementPresent(findTestObject("Object Repository/Canine/Filter/Breed/BREED_Ddn"), 10): Object 'Object Repository/Canine/Filter/Breed/BREED_Ddn' is not present after 10 second(s)

2021-04-15 00:03:11 - [MESSAGE][INFO] - Unable to find the element located by 'By.xpath: //*[@id='Breed']'. Please recheck the objects properties to make sure the desired element is located. 

2021-04-15 00:03:11 - [MESSAGE][WARNING] - Object 'Object Repository/Canine/Filter/Breed/BREED_Ddn' is not present after 10 second(s)

2021-04-15 00:03:11 - [TEST_STEP][PASSED] - ctdc.utilities.runtestcaseforKatalon.clickTab("Object Repository/Canine/Filter/Breed/BREED_Ddn"): ctdc.utilities.runtestcaseforKatalon.clickTab is PASSED

2021-04-15 00:03:14 - [MESSAGE][PASSED] - ctdc.utilities.runtestcaseforKatalon.clickTab is PASSED

2021-04-15 00:03:14 - [TEST_STEP][PASSED] - waitForElementPresent(findTestObject("Object Repository/Canine/Filter/Breed/Mixed_Chkbx"), 10): Object 'Object Repository/Canine/Filter/Breed/Mixed_Chkbx' is not present after 10 second(s)

2021-04-15 00:03:26 - [MESSAGE][INFO] - Unable to find the element located by 'By.xpath: //*[contains(text(),'Mixed Breed')]'. Please recheck the objects properties to make sure the desired element is located. 

2021-04-15 00:03:26 - [MESSAGE][WARNING] - Object 'Object Repository/Canine/Filter/Breed/Mixed_Chkbx' is not present after 10 second(s)

2021-04-15 00:03:26 - [TEST_STEP][PASSED] - ctdc.utilities.runtestcaseforKatalon.clickTab("Object Repository/Canine/Filter/Breed/Mixed_Chkbx"): ctdc.utilities.runtestcaseforKatalon.clickTab is PASSED

2021-04-15 00:03:28 - [MESSAGE][PASSED] - ctdc.utilities.runtestcaseforKatalon.clickTab is PASSED

2021-04-15 00:03:28 - [TEST_STEP][PASSED] - waitForElementPresent(findTestObject("Object Repository/Canine/Filter/Breed/ScottTerr_Chkbx"), 10): Object 'Object Repository/Canine/Filter/Breed/ScottTerr_Chkbx' is not present after 10 second(s)

2021-04-15 00:03:40 - [MESSAGE][INFO] - Unable to find the element located by 'By.xpath: //*[contains(text(),'Scottish Terrier')]'. Please recheck the objects properties to make sure the desired element is located. 

2021-04-15 00:03:40 - [MESSAGE][WARNING] - Object 'Object Repository/Canine/Filter/Breed/ScottTerr_Chkbx' is not present after 10 second(s)

2021-04-15 00:03:40 - [TEST_STEP][PASSED] - ctdc.utilities.runtestcaseforKatalon.clickTab("Object Repository/Canine/Filter/Breed/ScottTerr_Chkbx"): ctdc.utilities.runtestcaseforKatalon.clickTab is PASSED

2021-04-15 00:03:43 - [MESSAGE][PASSED] - ctdc.utilities.runtestcaseforKatalon.clickTab is PASSED

2021-04-15 00:03:43 - [TEST_STEP][PASSED] - waitForElementPresent(findTestObject("Object Repository/Canine/Filter/Breed/ShetlandShpdog_Chkbx"), 10): Object 'Object Repository/Canine/Filter/Breed/ShetlandShpdog_Chkbx' is not present after 10 second(s)

2021-04-15 00:03:56 - [MESSAGE][INFO] - Unable to find the element located by 'By.xpath: //*[contains(text(),'Shetland Sheepdog')]'. Please recheck the objects properties to make sure the desired element is located. 

2021-04-15 00:03:56 - [MESSAGE][WARNING] - Object 'Object Repository/Canine/Filter/Breed/ShetlandShpdog_Chkbx' is not present after 10 second(s)

2021-04-15 00:03:56 - [TEST_STEP][PASSED] - ctdc.utilities.runtestcaseforKatalon.clickTab("Object Repository/Canine/Filter/Breed/ShetlandShpdog_Chkbx"): ctdc.utilities.runtestcaseforKatalon.clickTab is PASSED

2021-04-15 00:03:58 - [MESSAGE][PASSED] - ctdc.utilities.runtestcaseforKatalon.clickTab is PASSED

2021-04-15 00:03:58 - [TEST_STEP][PASSED] - ctdc.utilities.runtestcaseforKatalon.clickTab("Object Repository/Canine/Filter/Breed/BREED_Ddn"): ctdc.utilities.runtestcaseforKatalon.clickTab is PASSED

2021-04-15 00:04:05 - [MESSAGE][PASSED] - ctdc.utilities.runtestcaseforKatalon.clickTab is PASSED

2021-04-15 00:04:05 - [TEST_STEP][PASSED] - waitForElementPresent(findTestObject("Object Repository/Canine/Filter/Diagnosis/DIAGNOSIS_Ddn"), 10): Object 'Object Repository/Canine/Filter/Diagnosis/DIAGNOSIS_Ddn' is not present after 10 second(s)

2021-04-15 00:04:17 - [MESSAGE][INFO] - Unable to find the element located by 'By.xpath: (//*[@id='Diagnosis'])[1]'. Please recheck the objects properties to make sure the desired element is located. 

2021-04-15 00:04:17 - [MESSAGE][WARNING] - Object 'Object Repository/Canine/Filter/Diagnosis/DIAGNOSIS_Ddn' is not present after 10 second(s)

2021-04-15 00:04:17 - [TEST_STEP][PASSED] - ctdc.utilities.runtestcaseforKatalon.clickTab("Object Repository/Canine/Filter/Diagnosis/DIAGNOSIS_Ddn"): ctdc.utilities.runtestcaseforKatalon.clickTab is PASSED

2021-04-15 00:04:23 - [MESSAGE][PASSED] - ctdc.utilities.runtestcaseforKatalon.clickTab is PASSED

2021-04-15 00:04:23 - [TEST_STEP][PASSED] - waitForElementPresent(findTestObject("Object Repository/Canine/Filter/Diagnosis/BladderCancer_Chkbx"), 10): Object 'Object Repository/Canine/Filter/Diagnosis/BladderCancer_Chkbx' is not present after 10 second(s)

2021-04-15 00:04:37 - [MESSAGE][INFO] - Unable to find the element located by 'By.xpath: //*[contains(text(),'Bladder Cancer')]'. Please recheck the objects properties to make sure the desired element is located. 

2021-04-15 00:04:37 - [MESSAGE][WARNING] - Object 'Object Repository/Canine/Filter/Diagnosis/BladderCancer_Chkbx' is not present after 10 second(s)

2021-04-15 00:04:37 - [TEST_STEP][PASSED] - ctdc.utilities.runtestcaseforKatalon.clickTab("Object Repository/Canine/Filter/Diagnosis/BladderCancer_Chkbx"): ctdc.utilities.runtestcaseforKatalon.clickTab is PASSED

2021-04-15 00:04:56 - [MESSAGE][PASSED] - ctdc.utilities.runtestcaseforKatalon.clickTab is PASSED

2021-04-15 00:04:56 - [TEST_STEP][PASSED] - waitForElementPresent(findTestObject("Object Repository/Canine/Filter/Diagnosis/HealthyControl_Chkbx"), 10): Object 'Object Repository/Canine/Filter/Diagnosis/HealthyControl_Chkbx' is not present after 10 second(s)

2021-04-15 00:05:10 - [MESSAGE][INFO] - Unable to find the element located by 'By.xpath: //*[contains(text(),'Healthy Control')]'. Please recheck the objects properties to make sure the desired element is located. 

2021-04-15 00:05:10 - [MESSAGE][WARNING] - Object 'Object Repository/Canine/Filter/Diagnosis/HealthyControl_Chkbx' is not present after 10 second(s)

2021-04-15 00:05:10 - [TEST_STEP][PASSED] - ctdc.utilities.runtestcaseforKatalon.clickTab("Object Repository/Canine/Filter/Diagnosis/HealthyControl_Chkbx"): ctdc.utilities.runtestcaseforKatalon.clickTab is PASSED

2021-04-15 00:05:14 - [MESSAGE][PASSED] - ctdc.utilities.runtestcaseforKatalon.clickTab is PASSED

2021-04-15 00:05:14 - [TEST_STEP][PASSED] - ctdc.utilities.runtestcaseforKatalon.clickTab("Object Repository/Canine/Filter/Diagnosis/DIAGNOSIS_Ddn"): ctdc.utilities.runtestcaseforKatalon.clickTab is PASSED

2021-04-15 00:05:26 - [MESSAGE][PASSED] - ctdc.utilities.runtestcaseforKatalon.clickTab is PASSED

2021-04-15 00:05:26 - [TEST_STEP][PASSED] - waitForElementPresent(findTestObject("Object Repository/Canine/Filter/PrimDiseaseSite/PRIMARYDISEASESITE_Ddn"), 10): Object 'Object Repository/Canine/Filter/PrimDiseaseSite/PRIMARYDISEASESITE_Ddn' is not present after 10 second(s)

2021-04-15 00:05:39 - [MESSAGE][INFO] - Unable to find the element located by 'By.xpath: //*[@id='Primary Disease Site']'. Please recheck the objects properties to make sure the desired element is located. 

2021-04-15 00:05:39 - [MESSAGE][WARNING] - Object 'Object Repository/Canine/Filter/PrimDiseaseSite/PRIMARYDISEASESITE_Ddn' is not present after 10 second(s)

2021-04-15 00:05:39 - [TEST_STEP][PASSED] - ctdc.utilities.runtestcaseforKatalon.clickTab("Object Repository/Canine/Filter/PrimDiseaseSite/PRIMARYDISEASESITE_Ddn"): ctdc.utilities.runtestcaseforKatalon.clickTab is PASSED

2021-04-15 00:05:42 - [MESSAGE][PASSED] - ctdc.utilities.runtestcaseforKatalon.clickTab is PASSED

2021-04-15 00:05:42 - [TEST_STEP][PASSED] - waitForElementPresent(findTestObject("Object Repository/Canine/Filter/PrimDiseaseSite/Bladder_Chkbx"), 10): Object 'Object Repository/Canine/Filter/PrimDiseaseSite/Bladder_Chkbx' is not present after 10 second(s)

2021-04-15 00:05:55 - [MESSAGE][INFO] - Unable to find the element located by 'By.xpath: (//*[contains(text(),'Bladder')])[2]'. Please recheck the objects properties to make sure the desired element is located. 

2021-04-15 00:05:55 - [MESSAGE][WARNING] - Object 'Object Repository/Canine/Filter/PrimDiseaseSite/Bladder_Chkbx' is not present after 10 second(s)

2021-04-15 00:05:55 - [TEST_STEP][ERROR] - ctdc.utilities.runtestcaseforKatalon.clickTab("Object Repository/Canine/Filter/PrimDiseaseSite/Bladder_Chkbx"): no such element: Unable to locate element: {"method":"xpath","selector":"(//*[contains(text(),'Bladder')])[2]"}
  (Session info: headless chrome=89.0.4389.114)
For documentation on this error, please visit: https://www.seleniumhq.org/exceptions/no_such_element.html
Build info: version: '3.141.59', revision: 'e82be7d358', time: '2018-11-14T08:25:53'
System info: host: 'NCI-02150368-L', ip: '10.242.162.61', os.name: 'Windows 10', os.arch: 'amd64', os.version: '10.0', java.version: '1.8.0_181'
Driver info: org.openqa.selenium.chrome.ChromeDriver
Capabilities {acceptInsecureCerts: false, browserName: chrome, browserVersion: 89.0.4389.114, chrome: {chromedriverVersion: 88.0.4324.96 (68dba2d8a0b14..., userDataDir: C:\Users\RADHAK~1\AppData\L...}, goog:chromeOptions: {debuggerAddress: localhost:65221}, javascriptEnabled: true, networkConnectionEnabled: false, pageLoadStrategy: normal, platform: WINDOWS, platformName: WINDOWS, proxy: Proxy(), setWindowRect: true, strictFileInteractability: false, timeouts: {implicit: 0, pageLoad: 300000, script: 30000}, unhandledPromptBehavior: dismiss and notify, webauthn:extension:largeBlob: true, webauthn:virtualAuthenticators: true}
Session ID: 79bcbbae35cc5dc2e393782857cab0dd
*** Element info: {Using=xpath, value=(//*[contains(text(),'Bladder')])[2]}

2021-04-15 00:05:57 - [MESSAGE][ERROR] - no such element: Unable to locate element: {"method":"xpath","selector":"(//*[contains(text(),'Bladder')])[2]"}
  (Session info: headless chrome=89.0.4389.114)
For documentation on this error, please visit: https://www.seleniumhq.org/exceptions/no_such_element.html
Build info: version: '3.141.59', revision: 'e82be7d358', time: '2018-11-14T08:25:53'
System info: host: 'NCI-02150368-L', ip: '10.242.162.61', os.name: 'Windows 10', os.arch: 'amd64', os.version: '10.0', java.version: '1.8.0_181'
Driver info: org.openqa.selenium.chrome.ChromeDriver
Capabilities {acceptInsecureCerts: false, browserName: chrome, browserVersion: 89.0.4389.114, chrome: {chromedriverVersion: 88.0.4324.96 (68dba2d8a0b14..., userDataDir: C:\Users\RADHAK~1\AppData\L...}, goog:chromeOptions: {debuggerAddress: localhost:65221}, javascriptEnabled: true, networkConnectionEnabled: false, pageLoadStrategy: normal, platform: WINDOWS, platformName: WINDOWS, proxy: Proxy(), setWindowRect: true, strictFileInteractability: false, timeouts: {implicit: 0, pageLoad: 300000, script: 30000}, unhandledPromptBehavior: dismiss and notify, webauthn:extension:largeBlob: true, webauthn:virtualAuthenticators: true}
Session ID: 79bcbbae35cc5dc2e393782857cab0dd
*** Element info: {Using=xpath, value=(//*[contains(text(),'Bladder')])[2]}]]></system-out>
         <system-err><![CDATA[2021-04-15 00:00:28 - [TEST_CASE][ERROR] - Test Cases/Canine_TestCases/Study-Combinations/TC10_Canine_StudyUBC-Breed_Diagnosis_PrimDiseaseSite: Test Cases/Canine_TestCases/Study-Combinations/TC10_Canine_StudyUBC-Breed_Diagnosis_PrimDiseaseSite FAILED.
Reason:
org.openqa.selenium.NoSuchElementException: no such element: Unable to locate element: {"method":"xpath","selector":"(//*[contains(text(),'Bladder')])[2]"}
  (Session info: headless chrome=89.0.4389.114)
For documentation on this error, please visit: https://www.seleniumhq.org/exceptions/no_such_element.html
Build info: version: '3.141.59', revision: 'e82be7d358', time: '2018-11-14T08:25:53'
System info: host: 'NCI-02150368-L', ip: '10.242.162.61', os.name: 'Windows 10', os.arch: 'amd64', os.version: '10.0', java.version: '1.8.0_181'
Driver info: org.openqa.selenium.chrome.ChromeDriver
Capabilities {acceptInsecureCerts: false, browserName: chrome, browserVersion: 89.0.4389.114, chrome: {chromedriverVersion: 88.0.4324.96 (68dba2d8a0b14..., userDataDir: C:\Users\RADHAK~1\AppData\L...}, goog:chromeOptions: {debuggerAddress: localhost:65221}, javascriptEnabled: true, networkConnectionEnabled: false, pageLoadStrategy: normal, platform: WINDOWS, platformName: WINDOWS, proxy: Proxy(), setWindowRect: true, strictFileInteractability: false, timeouts: {implicit: 0, pageLoad: 300000, script: 30000}, unhandledPromptBehavior: dismiss and notify, webauthn:extension:largeBlob: true, webauthn:virtualAuthenticators: true}
Session ID: 79bcbbae35cc5dc2e393782857cab0dd
*** Element info: {Using=xpath, value=(//*[contains(text(),'Bladder')])[2]}
	at org.openqa.selenium.remote.http.W3CHttpResponseCodec.createException(W3CHttpResponseCodec.java:187)
	at org.openqa.selenium.remote.http.W3CHttpResponseCodec.decode(W3CHttpResponseCodec.java:122)
	at org.openqa.selenium.remote.http.W3CHttpResponseCodec.decode(W3CHttpResponseCodec.java:49)
	at org.openqa.selenium.remote.HttpCommandExecutor.execute(HttpCommandExecutor.java:158)
	at org.openqa.selenium.remote.service.DriverCommandExecutor.execute(DriverCommandExecutor.java:83)
	at org.openqa.selenium.remote.RemoteWebDriver.execute(RemoteWebDriver.java:552)
	at org.openqa.selenium.remote.RemoteWebDriver.findElement(RemoteWebDriver.java:323)
	at org.openqa.selenium.remote.RemoteWebDriver.findElementByXPath(RemoteWebDriver.java:428)
	at org.openqa.selenium.By$ByXPath.findElement(By.java:353)
	at org.openqa.selenium.remote.RemoteWebDriver.findElement(RemoteWebDriver.java:315)
	at org.openqa.selenium.WebDriver$findElement$1.call(Unknown Source)
	at ctdc.utilities.runtestcaseforKatalon.clickTab(runtestcaseforKatalon.groovy:1007)
	at ctdc.utilities.runtestcaseforKatalon.invokeMethod(runtestcaseforKatalon.groovy)
	at com.kms.katalon.core.main.CustomKeywordDelegatingMetaClass.invokeStaticMethod(CustomKeywordDelegatingMetaClass.java:50)
	at TC10_Canine_StudyUBC-Breed_Diagnosis_PrimDiseaseSite.run(TC10_Canine_StudyUBC-Breed_Diagnosis_PrimDiseaseSite:80)
	at com.kms.katalon.core.main.ScriptEngine.run(ScriptEngine.java:194)
	at com.kms.katalon.core.main.ScriptEngine.runScriptAsRawText(ScriptEngine.java:119)
	at com.kms.katalon.core.main.TestCaseExecutor.runScript(TestCaseExecutor.java:339)
	at com.kms.katalon.core.main.TestCaseExecutor.doExecute(TestCaseExecutor.java:330)
	at com.kms.katalon.core.main.TestCaseExecutor.processExecutionPhase(TestCaseExecutor.java:309)
	at com.kms.katalon.core.main.TestCaseExecutor.accessMainPhase(TestCaseExecutor.java:301)
	at com.kms.katalon.core.main.TestCaseExecutor.execute(TestCaseExecutor.java:235)
	at com.kms.katalon.core.main.TestSuiteExecutor.accessTestCaseMainPhase(TestSuiteExecutor.java:191)
	at com.kms.katalon.core.main.TestSuiteExecutor.accessTestSuiteMainPhase(TestSuiteExecutor.java:141)
	at com.kms.katalon.core.main.TestSuiteExecutor.execute(TestSuiteExecutor.java:90)
	at com.kms.katalon.core.main.TestCaseMain.startTestSuite(TestCaseMain.java:157)
	at com.kms.katalon.core.main.TestCaseMain$startTestSuite$0.call(Unknown Source)
	at TempTestSuite1618461585500.run(TempTestSuite1618461585500.groovy:39)]]></system-err>
      </testcase>
      <system-out><![CDATA[2021-04-14 21:39:57 - [TEST_SUITE][ERROR] - ICDC_NewStudy: Test Cases/Canine_TestCases/Study-Combinations/TC10_Canine_StudyUBC-Breed_Diagnosis_PrimDiseaseSite FAILED.
Reason:
org.openqa.selenium.NoSuchElementException: no such element: Unable to locate element: {"method":"xpath","selector":"(//*[contains(text(),'Bladder')])[2]"}
  (Session info: headless chrome=89.0.4389.114)
For documentation on this error, please visit: https://www.seleniumhq.org/exceptions/no_such_element.html
Build info: version: '3.141.59', revision: 'e82be7d358', time: '2018-11-14T08:25:53'
System info: host: 'NCI-02150368-L', ip: '10.242.162.61', os.name: 'Windows 10', os.arch: 'amd64', os.version: '10.0', java.version: '1.8.0_181'
Driver info: org.openqa.selenium.chrome.ChromeDriver
Capabilities {acceptInsecureCerts: false, browserName: chrome, browserVersion: 89.0.4389.114, chrome: {chromedriverVersion: 88.0.4324.96 (68dba2d8a0b14..., userDataDir: C:\Users\RADHAK~1\AppData\L...}, goog:chromeOptions: {debuggerAddress: localhost:65221}, javascriptEnabled: true, networkConnectionEnabled: false, pageLoadStrategy: normal, platform: WINDOWS, platformName: WINDOWS, proxy: Proxy(), setWindowRect: true, strictFileInteractability: false, timeouts: {implicit: 0, pageLoad: 300000, script: 30000}, unhandledPromptBehavior: dismiss and notify, webauthn:extension:largeBlob: true, webauthn:virtualAuthenticators: true}
Session ID: 79bcbbae35cc5dc2e393782857cab0dd
*** Element info: {Using=xpath, value=(//*[contains(text(),'Bladder')])[2]}
	at org.openqa.selenium.remote.http.W3CHttpResponseCodec.createException(W3CHttpResponseCodec.java:187)
	at org.openqa.selenium.remote.http.W3CHttpResponseCodec.decode(W3CHttpResponseCodec.java:122)
	at org.openqa.selenium.remote.http.W3CHttpResponseCodec.decode(W3CHttpResponseCodec.java:49)
	at org.openqa.selenium.remote.HttpCommandExecutor.execute(HttpCommandExecutor.java:158)
	at org.openqa.selenium.remote.service.DriverCommandExecutor.execute(DriverCommandExecutor.java:83)
	at org.openqa.selenium.remote.RemoteWebDriver.execute(RemoteWebDriver.java:552)
	at org.openqa.selenium.remote.RemoteWebDriver.findElement(RemoteWebDriver.java:323)
	at org.openqa.selenium.remote.RemoteWebDriver.findElementByXPath(RemoteWebDriver.java:428)
	at org.openqa.selenium.By$ByXPath.findElement(By.java:353)
	at org.openqa.selenium.remote.RemoteWebDriver.findElement(RemoteWebDriver.java:315)
	at org.openqa.selenium.WebDriver$findElement$1.call(Unknown Source)
	at ctdc.utilities.runtestcaseforKatalon.clickTab(runtestcaseforKatalon.groovy:1007)
	at ctdc.utilities.runtestcaseforKatalon.invokeMethod(runtestcaseforKatalon.groovy)
	at com.kms.katalon.core.main.CustomKeywordDelegatingMetaClass.invokeStaticMethod(CustomKeywordDelegatingMetaClass.java:50)
	at TC10_Canine_StudyUBC-Breed_Diagnosis_PrimDiseaseSite.run(TC10_Canine_StudyUBC-Breed_Diagnosis_PrimDiseaseSite:80)
	at com.kms.katalon.core.main.ScriptEngine.run(ScriptEngine.java:194)
	at com.kms.katalon.core.main.ScriptEngine.runScriptAsRawText(ScriptEngine.java:119)
	at com.kms.katalon.core.main.TestCaseExecutor.runScript(TestCaseExecutor.java:339)
	at com.kms.katalon.core.main.TestCaseExecutor.doExecute(TestCaseExecutor.java:330)
	at com.kms.katalon.core.main.TestCaseExecutor.processExecutionPhase(TestCaseExecutor.java:309)
	at com.kms.katalon.core.main.TestCaseExecutor.accessMainPhase(TestCaseExecutor.java:301)
	at com.kms.katalon.core.main.TestCaseExecutor.execute(TestCaseExecutor.java:235)
	at com.kms.katalon.core.main.TestSuiteExecutor.accessTestCaseMainPhase(TestSuiteExecutor.java:191)
	at com.kms.katalon.core.main.TestSuiteExecutor.accessTestSuiteMainPhase(TestSuiteExecutor.java:141)
	at com.kms.katalon.core.main.TestSuiteExecutor.execute(TestSuiteExecutor.java:90)
	at com.kms.katalon.core.main.TestCaseMain.startTestSuite(TestCaseMain.java:157)
	at com.kms.katalon.core.main.TestCaseMain$startTestSuite$0.call(Unknown Source)
	at TempTestSuite1618461585500.run(TempTestSuite1618461585500.groovy:39)]]></system-out>
      <system-err><![CDATA[2021-04-14 21:39:57 - [TEST_SUITE][ERROR] - ICDC_NewStudy: Test Cases/Canine_TestCases/Study-Combinations/TC10_Canine_StudyUBC-Breed_Diagnosis_PrimDiseaseSite FAILED.
Reason:
org.openqa.selenium.NoSuchElementException: no such element: Unable to locate element: {"method":"xpath","selector":"(//*[contains(text(),'Bladder')])[2]"}
  (Session info: headless chrome=89.0.4389.114)
For documentation on this error, please visit: https://www.seleniumhq.org/exceptions/no_such_element.html
Build info: version: '3.141.59', revision: 'e82be7d358', time: '2018-11-14T08:25:53'
System info: host: 'NCI-02150368-L', ip: '10.242.162.61', os.name: 'Windows 10', os.arch: 'amd64', os.version: '10.0', java.version: '1.8.0_181'
Driver info: org.openqa.selenium.chrome.ChromeDriver
Capabilities {acceptInsecureCerts: false, browserName: chrome, browserVersion: 89.0.4389.114, chrome: {chromedriverVersion: 88.0.4324.96 (68dba2d8a0b14..., userDataDir: C:\Users\RADHAK~1\AppData\L...}, goog:chromeOptions: {debuggerAddress: localhost:65221}, javascriptEnabled: true, networkConnectionEnabled: false, pageLoadStrategy: normal, platform: WINDOWS, platformName: WINDOWS, proxy: Proxy(), setWindowRect: true, strictFileInteractability: false, timeouts: {implicit: 0, pageLoad: 300000, script: 30000}, unhandledPromptBehavior: dismiss and notify, webauthn:extension:largeBlob: true, webauthn:virtualAuthenticators: true}
Session ID: 79bcbbae35cc5dc2e393782857cab0dd
*** Element info: {Using=xpath, value=(//*[contains(text(),'Bladder')])[2]}
	at org.openqa.selenium.remote.http.W3CHttpResponseCodec.createException(W3CHttpResponseCodec.java:187)
	at org.openqa.selenium.remote.http.W3CHttpResponseCodec.decode(W3CHttpResponseCodec.java:122)
	at org.openqa.selenium.remote.http.W3CHttpResponseCodec.decode(W3CHttpResponseCodec.java:49)
	at org.openqa.selenium.remote.HttpCommandExecutor.execute(HttpCommandExecutor.java:158)
	at org.openqa.selenium.remote.service.DriverCommandExecutor.execute(DriverCommandExecutor.java:83)
	at org.openqa.selenium.remote.RemoteWebDriver.execute(RemoteWebDriver.java:552)
	at org.openqa.selenium.remote.RemoteWebDriver.findElement(RemoteWebDriver.java:323)
	at org.openqa.selenium.remote.RemoteWebDriver.findElementByXPath(RemoteWebDriver.java:428)
	at org.openqa.selenium.By$ByXPath.findElement(By.java:353)
	at org.openqa.selenium.remote.RemoteWebDriver.findElement(RemoteWebDriver.java:315)
	at org.openqa.selenium.WebDriver$findElement$1.call(Unknown Source)
	at ctdc.utilities.runtestcaseforKatalon.clickTab(runtestcaseforKatalon.groovy:1007)
	at ctdc.utilities.runtestcaseforKatalon.invokeMethod(runtestcaseforKatalon.groovy)
	at com.kms.katalon.core.main.CustomKeywordDelegatingMetaClass.invokeStaticMethod(CustomKeywordDelegatingMetaClass.java:50)
	at TC10_Canine_StudyUBC-Breed_Diagnosis_PrimDiseaseSite.run(TC10_Canine_StudyUBC-Breed_Diagnosis_PrimDiseaseSite:80)
	at com.kms.katalon.core.main.ScriptEngine.run(ScriptEngine.java:194)
	at com.kms.katalon.core.main.ScriptEngine.runScriptAsRawText(ScriptEngine.java:119)
	at com.kms.katalon.core.main.TestCaseExecutor.runScript(TestCaseExecutor.java:339)
	at com.kms.katalon.core.main.TestCaseExecutor.doExecute(TestCaseExecutor.java:330)
	at com.kms.katalon.core.main.TestCaseExecutor.processExecutionPhase(TestCaseExecutor.java:309)
	at com.kms.katalon.core.main.TestCaseExecutor.accessMainPhase(TestCaseExecutor.java:301)
	at com.kms.katalon.core.main.TestCaseExecutor.execute(TestCaseExecutor.java:235)
	at com.kms.katalon.core.main.TestSuiteExecutor.accessTestCaseMainPhase(TestSuiteExecutor.java:191)
	at com.kms.katalon.core.main.TestSuiteExecutor.accessTestSuiteMainPhase(TestSuiteExecutor.java:141)
	at com.kms.katalon.core.main.TestSuiteExecutor.execute(TestSuiteExecutor.java:90)
	at com.kms.katalon.core.main.TestCaseMain.startTestSuite(TestCaseMain.java:157)
	at com.kms.katalon.core.main.TestCaseMain$startTestSuite$0.call(Unknown Source)
	at TempTestSuite1618461585500.run(TempTestSuite1618461585500.groovy:39)]]></system-err>
   </testsuite>
</testsuites>
