<?xml version="1.0" encoding="UTF-8"?>
<testsuites name="ICDC_Regression2" time="43.112" tests="2" failures="0" errors="1">
   <testsuite name="ICDC_Regression2" tests="2" failures="0" errors="1" time="43.112" skipped="0" timestamp="2021-07-08 19:23:58" hostname="lollal - NCI-02158064-L.nci.nih.gov" id="Test Suites/ICDC_Regression2">
      <properties>
         <property name="deviceName" value=""/>
         <property name="devicePlatform" value=""/>
         <property name="logFolder" value="C:\\Automation_master\\Reports\\20210708_192348\\ICDC_Regression2\\20210708_192348"/>
         <property name="logFiles" value="C:\\Automation_master\\Reports\\20210708_192348\\ICDC_Regression2\\20210708_192348\\execution0.log"/>
         <property name="attachments" value=""/>
         <property name="hostName" value="lollal - NCI-02158064-L.nci.nih.gov"/>
         <property name="os" value="Windows 10 64bit"/>
         <property name="katalonVersion" value="8.0.5.208"/>
         <property name="browser" value="Chrome 91.0.4472.124"/>
         <property name="hostAddress" value="10.242.172.97"/>
         <property name="sessionId" value="253a9ab10ce622c0b0e75ba2930857ad"/>
         <property name="seleniumVersion" value="3.141.59"/>
         <property name="proxyInformation" value="ProxyInformation { proxyOption=NO_PROXY, proxyServerType=HTTP, username=, password=********, proxyServerAddress=, proxyServerPort=0, executionList=&quot;&quot;, isApplyToDesiredCapabilities=true }"/>
         <property name="platform" value="Windows 10"/>
      </properties>
      <testcase name="Test Cases/Canine_TestCases/StudyCombinations/Study-Combinations-UBC02/TC01_Canine_StudyUBC02-Breed_Diagnosis_PrimDiseaseSite" time="7.112" classname="Test Cases/Canine_TestCases/StudyCombinations/Study-Combinations-UBC02/TC01_Canine_StudyUBC02-Breed_Diagnosis_PrimDiseaseSite" status="ERROR">
         <error type="ERROR" message="Test Cases/Canine_TestCases/StudyCombinations/Study-Combinations-UBC02/TC01_Canine_StudyUBC02-Breed_Diagnosis_PrimDiseaseSite FAILED.
Reason:
com.kms.katalon.core.webui.exception.BrowserNotOpenedException: Browser is not opened
Build info: version: '3.141.59', revision: 'e82be7d358', time: '2018-11-14T08:25:53'
System info: host: 'NCI-02158064-L', ip: '10.242.172.97', os.name: 'Windows 10', os.arch: 'amd64', os.version: '10.0', java.version: '1.8.0_181'
Driver info: driver.version: CustomBrowserDriver$createWebDriver
	at com.kms.katalon.core.webui.driver.DriverFactory.verifyWebDriverIsOpen(DriverFactory.java:936)
	at com.kms.katalon.core.webui.driver.DriverFactory.getCurrentWindowIndex(DriverFactory.java:1071)
	at com.kms.katalon.core.webui.driver.DriverFactory$getCurrentWindowIndex$1.call(Unknown Source)
	at ctdc.utilities.CustomBrowserDriver.createWebDriver(CustomBrowserDriver.groovy:146)
	at ctdc.utilities.CustomBrowserDriver$createWebDriver.call(Unknown Source)
	at ctdc.utilities.runtestcaseforKatalon.RunKatalon(runtestcaseforKatalon.groovy:104)
	at ctdc.utilities.runtestcaseforKatalon.invokeMethod(runtestcaseforKatalon.groovy)
	at com.kms.katalon.core.main.CustomKeywordDelegatingMetaClass.invokeStaticMethod(CustomKeywordDelegatingMetaClass.java:50)
	at TC01_Canine_StudyUBC02-Breed_Diagnosis_PrimDiseaseSite.run(TC01_Canine_StudyUBC02-Breed_Diagnosis_PrimDiseaseSite:43)
	at com.kms.katalon.core.main.ScriptEngine.run(ScriptEngine.java:194)
	at com.kms.katalon.core.main.ScriptEngine.runScriptAsRawText(ScriptEngine.java:119)
	at com.kms.katalon.core.main.TestCaseExecutor.runScript(TestCaseExecutor.java:369)
	at com.kms.katalon.core.main.TestCaseExecutor.doExecute(TestCaseExecutor.java:360)
	at com.kms.katalon.core.main.TestCaseExecutor.processExecutionPhase(TestCaseExecutor.java:339)
	at com.kms.katalon.core.main.TestCaseExecutor.accessMainPhase(TestCaseExecutor.java:331)
	at com.kms.katalon.core.main.TestCaseExecutor.execute(TestCaseExecutor.java:248)
	at com.kms.katalon.core.main.TestSuiteExecutor.accessTestCaseMainPhase(TestSuiteExecutor.java:191)
	at com.kms.katalon.core.main.TestSuiteExecutor.accessTestSuiteMainPhase(TestSuiteExecutor.java:140)
	at com.kms.katalon.core.main.TestSuiteExecutor.execute(TestSuiteExecutor.java:89)
	at com.kms.katalon.core.main.TestCaseMain.startTestSuite(TestCaseMain.java:185)
	at com.kms.katalon.core.main.TestCaseMain$startTestSuite$0.call(Unknown Source)
	at TempTestSuite1625786628640.run(TempTestSuite1625786628640.groovy:39)
"/>
         <system-out><![CDATA[2021-07-08 19:24:01 - [TEST_CASE][ERROR] - Test Cases/Canine_TestCases/StudyCombinations/Study-Combinations-UBC02/TC01_Canine_StudyUBC02-Breed_Diagnosis_PrimDiseaseSite: Test Cases/Canine_TestCases/StudyCombinations/Study-Combinations-UBC02/TC01_Canine_StudyUBC02-Breed_Diagnosis_PrimDiseaseSite FAILED.
Reason:
com.kms.katalon.core.webui.exception.BrowserNotOpenedException: Browser is not opened
Build info: version: '3.141.59', revision: 'e82be7d358', time: '2018-11-14T08:25:53'
System info: host: 'NCI-02158064-L', ip: '10.242.172.97', os.name: 'Windows 10', os.arch: 'amd64', os.version: '10.0', java.version: '1.8.0_181'
Driver info: driver.version: CustomBrowserDriver$createWebDriver
	at com.kms.katalon.core.webui.driver.DriverFactory.verifyWebDriverIsOpen(DriverFactory.java:936)
	at com.kms.katalon.core.webui.driver.DriverFactory.getCurrentWindowIndex(DriverFactory.java:1071)
	at com.kms.katalon.core.webui.driver.DriverFactory$getCurrentWindowIndex$1.call(Unknown Source)
	at ctdc.utilities.CustomBrowserDriver.createWebDriver(CustomBrowserDriver.groovy:146)
	at ctdc.utilities.CustomBrowserDriver$createWebDriver.call(Unknown Source)
	at ctdc.utilities.runtestcaseforKatalon.RunKatalon(runtestcaseforKatalon.groovy:104)
	at ctdc.utilities.runtestcaseforKatalon.invokeMethod(runtestcaseforKatalon.groovy)
	at com.kms.katalon.core.main.CustomKeywordDelegatingMetaClass.invokeStaticMethod(CustomKeywordDelegatingMetaClass.java:50)
	at TC01_Canine_StudyUBC02-Breed_Diagnosis_PrimDiseaseSite.run(TC01_Canine_StudyUBC02-Breed_Diagnosis_PrimDiseaseSite:43)
	at com.kms.katalon.core.main.ScriptEngine.run(ScriptEngine.java:194)
	at com.kms.katalon.core.main.ScriptEngine.runScriptAsRawText(ScriptEngine.java:119)
	at com.kms.katalon.core.main.TestCaseExecutor.runScript(TestCaseExecutor.java:369)
	at com.kms.katalon.core.main.TestCaseExecutor.doExecute(TestCaseExecutor.java:360)
	at com.kms.katalon.core.main.TestCaseExecutor.processExecutionPhase(TestCaseExecutor.java:339)
	at com.kms.katalon.core.main.TestCaseExecutor.accessMainPhase(TestCaseExecutor.java:331)
	at com.kms.katalon.core.main.TestCaseExecutor.execute(TestCaseExecutor.java:248)
	at com.kms.katalon.core.main.TestSuiteExecutor.accessTestCaseMainPhase(TestSuiteExecutor.java:191)
	at com.kms.katalon.core.main.TestSuiteExecutor.accessTestSuiteMainPhase(TestSuiteExecutor.java:140)
	at com.kms.katalon.core.main.TestSuiteExecutor.execute(TestSuiteExecutor.java:89)
	at com.kms.katalon.core.main.TestCaseMain.startTestSuite(TestCaseMain.java:185)
	at com.kms.katalon.core.main.TestCaseMain$startTestSuite$0.call(Unknown Source)
	at TempTestSuite1625786628640.run(TempTestSuite1625786628640.groovy:39)


2021-07-08 19:24:01 - [TEST_STEP][PASSED] - Start listener action : getTestScriptName: null

2021-07-08 19:24:01 - [TEST_STEP][PASSED] - TestCaseId = testCaseContext.getTestCaseId(): null

2021-07-08 19:24:01 - [TEST_STEP][PASSED] - out.println("**********this is the value of test case id string******** " + testCaseContext.getTestCaseId()): null

2021-07-08 19:24:01 - [TEST_STEP][PASSED] - G_currentTCName = TestCaseId.substring(TestCaseId.lastIndexOf("TC")): null

2021-07-08 19:24:01 - [TEST_STEP][PASSED] - out.println("This is the test case name : " + G_currentTCName): null

2021-07-08 19:24:03 - [TEST_STEP][PASSED] - closeBrowser(): Browser is closed

2021-07-08 19:24:03 - [MESSAGE][PASSED] - Browser is closed

2021-07-08 19:24:03 - [TEST_STEP][PASSED] - "Driver opened by Katalon is used in Selenium from this step.": null

2021-07-08 19:24:03 - [TEST_STEP][ERROR] - ctdc.utilities.runtestcaseforKatalon.RunKatalon("TC01_Canine_StudyUBC02-Breed_Diagnosis_PrimDiseaseSite.xlsx"): Browser is not opened
Build info: version: '3.141.59', revision: 'e82be7d358', time: '2018-11-14T08:25:53'
System info: host: 'NCI-02158064-L', ip: '10.242.172.97', os.name: 'Windows 10', os.arch: 'amd64', os.version: '10.0', java.version: '1.8.0_181'
Driver info: driver.version: CustomBrowserDriver$createWebDriver

2021-07-08 19:24:03 - [MESSAGE][PASSED] - Test case file loaded This is the full filepath after converting to string :C:\Automation_master\InputFiles\TC01_Canine_StudyUBC02-Breed_Diagnosis_PrimDiseaseSite.xlsx

2021-07-08 19:24:03 - [MESSAGE][INFO] - Global variable set for password file is :  C:\Automation_master\InputFiles\TC01_Canine_StudyUBC02-Breed_Diagnosis_PrimDiseaseSite.xlsx

2021-07-08 19:24:08 - [MESSAGE][PASSED] - Data loaded from input file for the test case. 

2021-07-08 19:24:08 - [MESSAGE][ERROR] - Browser is not opened
Build info: version: '3.141.59', revision: 'e82be7d358', time: '2018-11-14T08:25:53'
System info: host: 'NCI-02158064-L', ip: '10.242.172.97', os.name: 'Windows 10', os.arch: 'amd64', os.version: '10.0', java.version: '1.8.0_181'
Driver info: driver.version: CustomBrowserDriver$createWebDriver]]></system-out>
         <system-err><![CDATA[2021-07-08 19:24:01 - [TEST_CASE][ERROR] - Test Cases/Canine_TestCases/StudyCombinations/Study-Combinations-UBC02/TC01_Canine_StudyUBC02-Breed_Diagnosis_PrimDiseaseSite: Test Cases/Canine_TestCases/StudyCombinations/Study-Combinations-UBC02/TC01_Canine_StudyUBC02-Breed_Diagnosis_PrimDiseaseSite FAILED.
Reason:
com.kms.katalon.core.webui.exception.BrowserNotOpenedException: Browser is not opened
Build info: version: '3.141.59', revision: 'e82be7d358', time: '2018-11-14T08:25:53'
System info: host: 'NCI-02158064-L', ip: '10.242.172.97', os.name: 'Windows 10', os.arch: 'amd64', os.version: '10.0', java.version: '1.8.0_181'
Driver info: driver.version: CustomBrowserDriver$createWebDriver
	at com.kms.katalon.core.webui.driver.DriverFactory.verifyWebDriverIsOpen(DriverFactory.java:936)
	at com.kms.katalon.core.webui.driver.DriverFactory.getCurrentWindowIndex(DriverFactory.java:1071)
	at com.kms.katalon.core.webui.driver.DriverFactory$getCurrentWindowIndex$1.call(Unknown Source)
	at ctdc.utilities.CustomBrowserDriver.createWebDriver(CustomBrowserDriver.groovy:146)
	at ctdc.utilities.CustomBrowserDriver$createWebDriver.call(Unknown Source)
	at ctdc.utilities.runtestcaseforKatalon.RunKatalon(runtestcaseforKatalon.groovy:104)
	at ctdc.utilities.runtestcaseforKatalon.invokeMethod(runtestcaseforKatalon.groovy)
	at com.kms.katalon.core.main.CustomKeywordDelegatingMetaClass.invokeStaticMethod(CustomKeywordDelegatingMetaClass.java:50)
	at TC01_Canine_StudyUBC02-Breed_Diagnosis_PrimDiseaseSite.run(TC01_Canine_StudyUBC02-Breed_Diagnosis_PrimDiseaseSite:43)
	at com.kms.katalon.core.main.ScriptEngine.run(ScriptEngine.java:194)
	at com.kms.katalon.core.main.ScriptEngine.runScriptAsRawText(ScriptEngine.java:119)
	at com.kms.katalon.core.main.TestCaseExecutor.runScript(TestCaseExecutor.java:369)
	at com.kms.katalon.core.main.TestCaseExecutor.doExecute(TestCaseExecutor.java:360)
	at com.kms.katalon.core.main.TestCaseExecutor.processExecutionPhase(TestCaseExecutor.java:339)
	at com.kms.katalon.core.main.TestCaseExecutor.accessMainPhase(TestCaseExecutor.java:331)
	at com.kms.katalon.core.main.TestCaseExecutor.execute(TestCaseExecutor.java:248)
	at com.kms.katalon.core.main.TestSuiteExecutor.accessTestCaseMainPhase(TestSuiteExecutor.java:191)
	at com.kms.katalon.core.main.TestSuiteExecutor.accessTestSuiteMainPhase(TestSuiteExecutor.java:140)
	at com.kms.katalon.core.main.TestSuiteExecutor.execute(TestSuiteExecutor.java:89)
	at com.kms.katalon.core.main.TestCaseMain.startTestSuite(TestCaseMain.java:185)
	at com.kms.katalon.core.main.TestCaseMain$startTestSuite$0.call(Unknown Source)
	at TempTestSuite1625786628640.run(TempTestSuite1625786628640.groovy:39)]]></system-err>
      </testcase>
      <testcase name="Test Cases/Canine_TestCases/StudyCombinations/Study-Combinations-UBC02/TC02_Canine_StudyUBC02-Breed_Diagnosis_PrimDiseaseSite" time="32.964" classname="Test Cases/Canine_TestCases/StudyCombinations/Study-Combinations-UBC02/TC02_Canine_StudyUBC02-Breed_Diagnosis_PrimDiseaseSite" status="INCOMPLETE">
         <system-out><![CDATA[2021-07-08 19:24:08 - [TEST_CASE][INCOMPLETE] - Test Cases/Canine_TestCases/StudyCombinations/Study-Combinations-UBC02/TC02_Canine_StudyUBC02-Breed_Diagnosis_PrimDiseaseSite: null

2021-07-08 19:24:08 - [TEST_STEP][PASSED] - Start listener action : getTestScriptName: null

2021-07-08 19:24:08 - [TEST_STEP][PASSED] - TestCaseId = testCaseContext.getTestCaseId(): null

2021-07-08 19:24:08 - [TEST_STEP][PASSED] - out.println("**********this is the value of test case id string******** " + testCaseContext.getTestCaseId()): null

2021-07-08 19:24:08 - [TEST_STEP][PASSED] - G_currentTCName = TestCaseId.substring(TestCaseId.lastIndexOf("TC")): null

2021-07-08 19:24:08 - [TEST_STEP][PASSED] - out.println("This is the test case name : " + G_currentTCName): null

2021-07-08 19:24:10 - [TEST_STEP][PASSED] - closeBrowser(): Browser is closed

2021-07-08 19:24:10 - [MESSAGE][PASSED] - Browser is closed

2021-07-08 19:24:10 - [TEST_STEP][PASSED] - openBrowser(""): Browser is opened with url: ''

2021-07-08 19:24:10 - [MESSAGE][INFO] - Starting 'Chrome (headless)' driver

2021-07-08 19:24:10 - [MESSAGE][INFO] - User set preference: ['args', '[--no-sandbox]']

2021-07-08 19:24:10 - [MESSAGE][INFO] - Action delay is set to 15,000 milliseconds

2021-07-08 19:24:14 - [MESSAGE][PASSED] - Browser is opened with url: ''

2021-07-08 19:24:14 - [TEST_STEP][PASSED] - maximizeWindow(): Current window maximized

2021-07-08 19:24:14 - [MESSAGE][PASSED] - Current window maximized

2021-07-08 19:24:14 - [TEST_STEP][PASSED] - "Driver opened by Katalon is used in Selenium from this step.": null

2021-07-08 19:24:14 - [TEST_STEP][PASSED] - ctdc.utilities.runtestcaseforKatalon.RunKatalon("TC02_Canine_StudyUBC02-Breed_Diagnosis_PrimDiseaseSite.xlsx"): Data loaded from input file for the test case. 

2021-07-08 19:24:14 - [MESSAGE][PASSED] - Test case file loaded This is the full filepath after converting to string :C:\Automation_master\InputFiles\TC02_Canine_StudyUBC02-Breed_Diagnosis_PrimDiseaseSite.xlsx

2021-07-08 19:24:14 - [MESSAGE][INFO] - Global variable set for password file is :  C:\Automation_master\InputFiles\TC02_Canine_StudyUBC02-Breed_Diagnosis_PrimDiseaseSite.xlsx

2021-07-08 19:24:18 - [MESSAGE][PASSED] - Data loaded from input file for the test case. 

2021-07-08 19:24:29 - [TEST_STEP][PASSED] - waitForElementPresent(findTestObject("Canine/NavBar/Canine_Cases_Btn"), 10): Object 'Object Repository/Canine/NavBar/Canine_Cases_Btn' is present

2021-07-08 19:24:29 - [MESSAGE][PASSED] - Object 'Object Repository/Canine/NavBar/Canine_Cases_Btn' is present

2021-07-08 19:24:29 - [TEST_STEP][PASSED] - ctdc.utilities.runtestcaseforKatalon.clickTab("Canine/NavBar/Canine_Cases_Btn"): ctdc.utilities.runtestcaseforKatalon.clickTab is PASSED

2021-07-08 19:24:29 - [MESSAGE][PASSED] - ctdc.utilities.runtestcaseforKatalon.clickTab is PASSED

2021-07-08 19:24:29 - [TEST_STEP][PASSED] - waitForElementPresent(findTestObject("Object Repository/Canine/Filter/FilterByCases_Facet"), 10): Object 'Object Repository/Canine/Filter/FilterByCases_Facet' is present

2021-07-08 19:24:31 - [MESSAGE][PASSED] - Object 'Object Repository/Canine/Filter/FilterByCases_Facet' is present

2021-07-08 19:24:31 - [TEST_STEP][PASSED] - ctdc.utilities.runtestcaseforKatalon.clickTab("Object Repository/Canine/Filter/FilterByCases_Facet"): ctdc.utilities.runtestcaseforKatalon.clickTab is PASSED

2021-07-08 19:24:32 - [MESSAGE][PASSED] - ctdc.utilities.runtestcaseforKatalon.clickTab is PASSED

2021-07-08 19:24:32 - [TEST_STEP][PASSED] - waitForElementPresent(findTestObject("Object Repository/Canine/Filter/Study/Canine_Filter_Study"), 10): Object 'Object Repository/Canine/Filter/Study/Canine_Filter_Study' is present

2021-07-08 19:24:32 - [MESSAGE][PASSED] - Object 'Object Repository/Canine/Filter/Study/Canine_Filter_Study' is present

2021-07-08 19:24:32 - [TEST_STEP][PASSED] - ctdc.utilities.runtestcaseforKatalon.clickTab("Object Repository/Canine/Filter/Study/Canine_Filter_Study"): ctdc.utilities.runtestcaseforKatalon.clickTab is PASSED

2021-07-08 19:24:33 - [MESSAGE][PASSED] - ctdc.utilities.runtestcaseforKatalon.clickTab is PASSED

2021-07-08 19:24:33 - [TEST_STEP][PASSED] - waitForElementPresent(findTestObject("Object Repository/Canine/Filter/Study/Canine_Filter_Study-UBC02_Chkbx"), 10): Object 'Object Repository/Canine/Filter/Study/Canine_Filter_Study-UBC02_Chkbx' is present

2021-07-08 19:24:33 - [MESSAGE][PASSED] - Object 'Object Repository/Canine/Filter/Study/Canine_Filter_Study-UBC02_Chkbx' is present

2021-07-08 19:24:33 - [TEST_STEP][PASSED] - ctdc.utilities.runtestcaseforKatalon.clickTab("Object Repository/Canine/Filter/Study/Canine_Filter_Study-UBC02_Chkbx"): ctdc.utilities.runtestcaseforKatalon.clickTab is PASSED

2021-07-08 19:24:34 - [MESSAGE][PASSED] - ctdc.utilities.runtestcaseforKatalon.clickTab is PASSED

2021-07-08 19:24:34 - [TEST_STEP][PASSED] - Thread.sleep(2000): null

2021-07-08 19:24:36 - [TEST_STEP][PASSED] - waitForElementPresent(findTestObject("Object Repository/Canine/Filter/Breed/BREED_Ddn"), 10): Object 'Object Repository/Canine/Filter/Breed/BREED_Ddn' is present

2021-07-08 19:24:36 - [MESSAGE][PASSED] - Object 'Object Repository/Canine/Filter/Breed/BREED_Ddn' is present

2021-07-08 19:24:36 - [TEST_STEP][PASSED] - ctdc.utilities.runtestcaseforKatalon.clickTab("Object Repository/Canine/Filter/Breed/BREED_Ddn"): ctdc.utilities.runtestcaseforKatalon.clickTab is PASSED

2021-07-08 19:24:36 - [MESSAGE][PASSED] - ctdc.utilities.runtestcaseforKatalon.clickTab is PASSED

2021-07-08 19:24:36 - [TEST_STEP][PASSED] - waitForElementPresent(findTestObject("Object Repository/Canine/Filter/Breed/BorderCol_Chkbx"), 10): Object 'Object Repository/Canine/Filter/Breed/BorderCol_Chkbx' is present

2021-07-08 19:24:36 - [MESSAGE][PASSED] - Object 'Object Repository/Canine/Filter/Breed/BorderCol_Chkbx' is present

2021-07-08 19:24:36 - [TEST_STEP][PASSED] - ctdc.utilities.runtestcaseforKatalon.clickTab("Object Repository/Canine/Filter/Breed/BorderCol_Chkbx"): ctdc.utilities.runtestcaseforKatalon.clickTab is PASSED

2021-07-08 19:24:37 - [MESSAGE][PASSED] - ctdc.utilities.runtestcaseforKatalon.clickTab is PASSED

2021-07-08 19:24:37 - [TEST_STEP][PASSED] - waitForElementPresent(findTestObject("Object Repository/Canine/Filter/Breed/ScottTerr_Chkbx"), 10): Object 'Object Repository/Canine/Filter/Breed/ScottTerr_Chkbx' is present

2021-07-08 19:24:37 - [MESSAGE][PASSED] - Object 'Object Repository/Canine/Filter/Breed/ScottTerr_Chkbx' is present

2021-07-08 19:24:37 - [TEST_STEP][PASSED] - ctdc.utilities.runtestcaseforKatalon.clickTab("Object Repository/Canine/Filter/Breed/ScottTerr_Chkbx"): ctdc.utilities.runtestcaseforKatalon.clickTab is PASSED

2021-07-08 19:24:38 - [MESSAGE][PASSED] - ctdc.utilities.runtestcaseforKatalon.clickTab is PASSED

2021-07-08 19:24:38 - [TEST_STEP][PASSED] - ctdc.utilities.runtestcaseforKatalon.clickTab("Object Repository/Canine/Filter/Breed/BREED_Ddn"): ctdc.utilities.runtestcaseforKatalon.clickTab is PASSED

2021-07-08 19:24:38 - [MESSAGE][PASSED] - ctdc.utilities.runtestcaseforKatalon.clickTab is PASSED

2021-07-08 19:24:38 - [TEST_STEP][PASSED] - Thread.sleep(2000): null

2021-07-08 19:24:40 - [TEST_STEP][PASSED] - waitForElementPresent(findTestObject("Object Repository/Canine/Filter/Diagnosis/DIAGNOSIS_Ddn"), 10): Object 'Object Repository/Canine/Filter/Diagnosis/DIAGNOSIS_Ddn' is present

2021-07-08 19:24:40 - [MESSAGE][PASSED] - Object 'Object Repository/Canine/Filter/Diagnosis/DIAGNOSIS_Ddn' is present

2021-07-08 19:24:40 - [TEST_STEP][PASSED] - ctdc.utilities.runtestcaseforKatalon.clickTab("Object Repository/Canine/Filter/Diagnosis/DIAGNOSIS_Ddn"): ctdc.utilities.runtestcaseforKatalon.clickTab is PASSED

2021-07-08 19:24:41 - [MESSAGE][PASSED] - ctdc.utilities.runtestcaseforKatalon.clickTab is PASSED

2021-07-08 19:24:41 - [TEST_STEP][PASSED] - waitForElementPresent(findTestObject("Object Repository/Canine/Filter/Diagnosis/BladderCancer_Chkbx"), 10): Object 'Object Repository/Canine/Filter/Diagnosis/BladderCancer_Chkbx' is present

2021-07-08 19:24:41 - [MESSAGE][PASSED] - Object 'Object Repository/Canine/Filter/Diagnosis/BladderCancer_Chkbx' is present

2021-07-08 19:24:41 - [TEST_STEP][PASSED] - ctdc.utilities.runtestcaseforKatalon.clickTab("Object Repository/Canine/Filter/Diagnosis/BladderCancer_Chkbx"): ctdc.utilities.runtestcaseforKatalon.clickTab is PASSED

2021-07-08 19:24:41 - [MESSAGE][PASSED] - ctdc.utilities.runtestcaseforKatalon.clickTab is PASSED

2021-07-08 19:24:41 - [TEST_STEP][INCOMPLETE] - ctdc.utilities.runtestcaseforKatalon.clickTab("Object Repository/Canine/Filter/Diagnosis/DIAGNOSIS_Ddn"): null]]></system-out>
         <system-err><![CDATA[2021-07-08 19:24:08 - [TEST_CASE][INCOMPLETE] - Test Cases/Canine_TestCases/StudyCombinations/Study-Combinations-UBC02/TC02_Canine_StudyUBC02-Breed_Diagnosis_PrimDiseaseSite: null]]></system-err>
      </testcase>
      <system-out><![CDATA[2021-07-08 19:23:58 - [TEST_SUITE][INCOMPLETE] - ICDC_Regression2: null]]></system-out>
      <system-err><![CDATA[2021-07-08 19:23:58 - [TEST_SUITE][INCOMPLETE] - ICDC_Regression2: null]]></system-err>
   </testsuite>
</testsuites>
