<?xml version="1.0" encoding="UTF-8"?>
<testsuites name="CDS_Smoke" time="2888.941" tests="14" failures="0" errors="8">
   <testsuite name="CDS_Smoke" tests="14" failures="0" errors="8" time="2888.941" skipped="0" timestamp="2022-05-19 09:14:48" hostname="sohilz2 - host.docker.internal" id="Test Suites/CDS_Smoke">
      <properties>
         <property name="deviceName" value=""/>
         <property name="devicePlatform" value=""/>
         <property name="logFolder" value="C:\\Users\\sohilz2\\Commons_Automation\\Reports\\20220519_091444\\CDS_Smoke\\20220519_091444"/>
         <property name="logFiles" value="C:\\Users\\sohilz2\\Commons_Automation\\Reports\\20220519_091444\\CDS_Smoke\\20220519_091444\\execution0.log"/>
         <property name="attachments" value=""/>
         <property name="hostName" value="sohilz2 - host.docker.internal"/>
         <property name="os" value="Windows 10 64bit"/>
         <property name="katalonVersion" value="8.2.0.208"/>
         <property name="browser" value="Chrome 101.0.4951.67"/>
         <property name="hostAddress" value="192.168.0.86"/>
         <property name="sessionId" value="ef785396cad702e684eee6c3d5a22ecf"/>
         <property name="seleniumVersion" value="3.141.59"/>
         <property name="proxyInformation" value="ProxyInformation { proxyOption=NO_PROXY, proxyServerType=HTTP, username=, password=********, proxyServerAddress=, proxyServerPort=0, executionList=&quot;&quot;, isApplyToDesiredCapabilities=true }"/>
         <property name="platform" value="Windows 10"/>
      </properties>
      <testcase name="Test Cases/CDS_TestCases/Accesses/TC01_CDS_Filter_Acesses-Controlled" time="75.296" classname="Test Cases/CDS_TestCases/Accesses/TC01_CDS_Filter_Acesses-Controlled" status="ERROR">
         <error type="ERROR" message="Test Cases/CDS_TestCases/Accesses/TC01_CDS_Filter_Acesses-Controlled FAILED.
Reason:
java.lang.IllegalArgumentException: The workbook already contains a sheet named 'WebDataCases'
	at org.apache.poi.xssf.usermodel.XSSFWorkbook.validateSheetName(XSSFWorkbook.java:890)
	at org.apache.poi.xssf.usermodel.XSSFWorkbook.createSheet(XSSFWorkbook.java:843)
	at org.apache.poi.xssf.usermodel.XSSFWorkbook.createSheet(XSSFWorkbook.java:122)
	at org.apache.poi.ss.usermodel.Workbook$createSheet$1.call(Unknown Source)
	at ctdc.utilities.runtestcaseforKatalon.writeToExcel(runtestcaseforKatalon.groovy:1171)
	at ctdc.utilities.runtestcaseforKatalon.ReadCasesTableKatalon(runtestcaseforKatalon.groovy:966)
	at ctdc.utilities.runtestcaseforKatalon.multiFunction(runtestcaseforKatalon.groovy:293)
	at ctdc.utilities.runtestcaseforKatalon.invokeMethod(runtestcaseforKatalon.groovy)
	at com.kms.katalon.core.main.CustomKeywordDelegatingMetaClass.invokeStaticMethod(CustomKeywordDelegatingMetaClass.java:50)
	at TC01_CDS_Filter_Acesses-Controlled.run(TC01_CDS_Filter_Acesses-Controlled:66)
	at com.kms.katalon.core.main.ScriptEngine.run(ScriptEngine.java:194)
	at com.kms.katalon.core.main.ScriptEngine.runScriptAsRawText(ScriptEngine.java:119)
	at com.kms.katalon.core.main.TestCaseExecutor.runScript(TestCaseExecutor.java:442)
	at com.kms.katalon.core.main.TestCaseExecutor.doExecute(TestCaseExecutor.java:433)
	at com.kms.katalon.core.main.TestCaseExecutor.processExecutionPhase(TestCaseExecutor.java:412)
	at com.kms.katalon.core.main.TestCaseExecutor.accessMainPhase(TestCaseExecutor.java:404)
	at com.kms.katalon.core.main.TestCaseExecutor.execute(TestCaseExecutor.java:281)
	at com.kms.katalon.core.main.TestCaseExecutor.execute(TestCaseExecutor.java:363)
	at com.kms.katalon.core.main.TestCaseExecutor.execute(TestCaseExecutor.java:363)
	at com.kms.katalon.core.main.TestCaseExecutor.execute(TestCaseExecutor.java:363)
	at com.kms.katalon.core.main.TestSuiteExecutor.accessTestCaseMainPhase(TestSuiteExecutor.java:202)
	at com.kms.katalon.core.main.TestSuiteExecutor.accessTestSuiteMainPhase(TestSuiteExecutor.java:164)
	at com.kms.katalon.core.main.TestSuiteExecutor.execute(TestSuiteExecutor.java:105)
	at com.kms.katalon.core.main.TestCaseMain.startTestSuite(TestCaseMain.java:181)
	at com.kms.katalon.core.main.TestCaseMain$startTestSuite$0.call(Unknown Source)
	at TempTestSuite1652966084304.run(TempTestSuite1652966084304.groovy:36)
"/>
         <system-out><![CDATA[2022-05-19 09:19:02 - [TEST_CASE][ERROR] - Test Cases/CDS_TestCases/Accesses/TC01_CDS_Filter_Acesses-Controlled: Test Cases/CDS_TestCases/Accesses/TC01_CDS_Filter_Acesses-Controlled FAILED.
Reason:
java.lang.IllegalArgumentException: The workbook already contains a sheet named 'WebDataCases'
	at org.apache.poi.xssf.usermodel.XSSFWorkbook.validateSheetName(XSSFWorkbook.java:890)
	at org.apache.poi.xssf.usermodel.XSSFWorkbook.createSheet(XSSFWorkbook.java:843)
	at org.apache.poi.xssf.usermodel.XSSFWorkbook.createSheet(XSSFWorkbook.java:122)
	at org.apache.poi.ss.usermodel.Workbook$createSheet$1.call(Unknown Source)
	at ctdc.utilities.runtestcaseforKatalon.writeToExcel(runtestcaseforKatalon.groovy:1171)
	at ctdc.utilities.runtestcaseforKatalon.ReadCasesTableKatalon(runtestcaseforKatalon.groovy:966)
	at ctdc.utilities.runtestcaseforKatalon.multiFunction(runtestcaseforKatalon.groovy:293)
	at ctdc.utilities.runtestcaseforKatalon.invokeMethod(runtestcaseforKatalon.groovy)
	at com.kms.katalon.core.main.CustomKeywordDelegatingMetaClass.invokeStaticMethod(CustomKeywordDelegatingMetaClass.java:50)
	at TC01_CDS_Filter_Acesses-Controlled.run(TC01_CDS_Filter_Acesses-Controlled:66)
	at com.kms.katalon.core.main.ScriptEngine.run(ScriptEngine.java:194)
	at com.kms.katalon.core.main.ScriptEngine.runScriptAsRawText(ScriptEngine.java:119)
	at com.kms.katalon.core.main.TestCaseExecutor.runScript(TestCaseExecutor.java:442)
	at com.kms.katalon.core.main.TestCaseExecutor.doExecute(TestCaseExecutor.java:433)
	at com.kms.katalon.core.main.TestCaseExecutor.processExecutionPhase(TestCaseExecutor.java:412)
	at com.kms.katalon.core.main.TestCaseExecutor.accessMainPhase(TestCaseExecutor.java:404)
	at com.kms.katalon.core.main.TestCaseExecutor.execute(TestCaseExecutor.java:281)
	at com.kms.katalon.core.main.TestCaseExecutor.execute(TestCaseExecutor.java:363)
	at com.kms.katalon.core.main.TestCaseExecutor.execute(TestCaseExecutor.java:363)
	at com.kms.katalon.core.main.TestCaseExecutor.execute(TestCaseExecutor.java:363)
	at com.kms.katalon.core.main.TestSuiteExecutor.accessTestCaseMainPhase(TestSuiteExecutor.java:202)
	at com.kms.katalon.core.main.TestSuiteExecutor.accessTestSuiteMainPhase(TestSuiteExecutor.java:164)
	at com.kms.katalon.core.main.TestSuiteExecutor.execute(TestSuiteExecutor.java:105)
	at com.kms.katalon.core.main.TestCaseMain.startTestSuite(TestCaseMain.java:181)
	at com.kms.katalon.core.main.TestCaseMain$startTestSuite$0.call(Unknown Source)
	at TempTestSuite1652966084304.run(TempTestSuite1652966084304.groovy:36)


2022-05-19 09:19:02 - [TEST_STEP][PASSED] - Start listener action : getTestScriptName: null

2022-05-19 09:19:02 - [TEST_STEP][PASSED] - TestCaseId = testCaseContext.getTestCaseId(): null

2022-05-19 09:19:02 - [TEST_STEP][PASSED] - G_currentTCName = TestCaseId.substring(TestCaseId.lastIndexOf("TC")): null

2022-05-19 09:19:02 - [TEST_STEP][PASSED] - out.println("This is the test case name: " + G_currentTCName): null

2022-05-19 09:19:02 - [TEST_STEP][PASSED] - closeBrowser(): Browser is closed

2022-05-19 09:19:02 - [MESSAGE][PASSED] - Browser is closed

2022-05-19 09:19:02 - [TEST_STEP][PASSED] - ctdc.utilities.runtestcaseforKatalon.RunKatalon("TC01_CDS_Filter_Acesses-Controlled.xlsx"): Data loaded from input file for the test case. 

2022-05-19 09:19:02 - [MESSAGE][PASSED] - Test case file loaded This is the full filepath after converting to string :C:\Users\sohilz2\Commons_Automation\InputFiles\TC01_CDS_Filter_Acesses-Controlled.xlsx

2022-05-19 09:19:02 - [MESSAGE][INFO] - Global variable set for password file is :  C:\Users\sohilz2\Commons_Automation\InputFiles\TC01_CDS_Filter_Acesses-Controlled.xlsx

2022-05-19 09:19:06 - [MESSAGE][PASSED] - Data loaded from input file for the test case. 

2022-05-19 09:19:28 - [TEST_STEP][PASSED] - waitForElementPresent(findTestObject("Object Repository/CDS/NavBar/CDS_Data-Btn"), 5): Object 'Object Repository/CDS/NavBar/CDS_Data-Btn' is present

2022-05-19 09:19:28 - [MESSAGE][PASSED] - Object 'Object Repository/CDS/NavBar/CDS_Data-Btn' is present

2022-05-19 09:19:28 - [TEST_STEP][PASSED] - ctdc.utilities.runtestcaseforKatalon.clickTabCDSStat("Object Repository/CDS/NavBar/CDS_Data-Btn"): ctdc.utilities.runtestcaseforKatalon.clickTabCDSStat is PASSED

2022-05-19 09:19:31 - [MESSAGE][PASSED] - ctdc.utilities.runtestcaseforKatalon.clickTabCDSStat is PASSED

2022-05-19 09:19:31 - [TEST_STEP][PASSED] - waitForElementPresent(findTestObject("Object Repository/CDS/Filter/Accesses/Accesses_Ddn"), 5): Object 'Object Repository/CDS/Filter/Accesses/Accesses_Ddn' is present

2022-05-19 09:19:31 - [MESSAGE][PASSED] - Object 'Object Repository/CDS/Filter/Accesses/Accesses_Ddn' is present

2022-05-19 09:19:32 - [TEST_STEP][PASSED] - ctdc.utilities.runtestcaseforKatalon.clickTabCDSStat("Object Repository/CDS/Filter/Accesses/Accesses_Ddn"): ctdc.utilities.runtestcaseforKatalon.clickTabCDSStat is PASSED

2022-05-19 09:19:35 - [MESSAGE][PASSED] - ctdc.utilities.runtestcaseforKatalon.clickTabCDSStat is PASSED

2022-05-19 09:19:35 - [TEST_STEP][PASSED] - waitForElementPresent(findTestObject("CDS/Filter/Accesses/Controlled-Chkbx"), 5): Object 'Object Repository/CDS/Filter/Accesses/Controlled-Chkbx' is present

2022-05-19 09:19:35 - [MESSAGE][PASSED] - Object 'Object Repository/CDS/Filter/Accesses/Controlled-Chkbx' is present

2022-05-19 09:19:35 - [TEST_STEP][PASSED] - ctdc.utilities.runtestcaseforKatalon.clickTabCDSStat("Object Repository/CDS/Filter/Accesses/Controlled-Chkbx"): ctdc.utilities.runtestcaseforKatalon.clickTabCDSStat is PASSED

2022-05-19 09:19:38 - [MESSAGE][PASSED] - ctdc.utilities.runtestcaseforKatalon.clickTabCDSStat is PASSED

2022-05-19 09:19:38 - [TEST_STEP][PASSED] - ctdc.utilities.runtestcaseforKatalon.readStatBarCDS("Object Repository/CDS/StatBar/CDS_StatBar-Studies", "Object Repository/CDS/StatBar/CDS_StatBar-DiseaseSites", "Object Repository/CDS/StatBar/CDS_StatBar-Participants", "Object Repository/CDS/StatBar/CDS_StatBar-Samples", "Object Repository/CDS/StatBar/CDS_StatBar-Files"): ctdc.utilities.runtestcaseforKatalon.readStatBarCDS is PASSED

2022-05-19 09:19:54 - [MESSAGE][PASSED] - ctdc.utilities.runtestcaseforKatalon.readStatBarCDS is PASSED

2022-05-19 09:19:54 - [TEST_STEP][PASSED] - waitForElementPresent(findTestObject("CDS/Cases_page/CDSResults_Cases_Tab"), 5): Object 'Object Repository/CDS/Cases_page/CDSResults_Cases_Tab' is present

2022-05-19 09:19:54 - [MESSAGE][PASSED] - Object 'Object Repository/CDS/Cases_page/CDSResults_Cases_Tab' is present

2022-05-19 09:19:54 - [TEST_STEP][PASSED] - ctdc.utilities.runtestcaseforKatalon.clickTab("Object Repository/CDS/Cases_page/CDSResults_Cases_Tab"): ctdc.utilities.runtestcaseforKatalon.clickTab is PASSED

2022-05-19 09:19:54 - [MESSAGE][PASSED] - ctdc.utilities.runtestcaseforKatalon.clickTab is PASSED

2022-05-19 09:19:54 - [TEST_STEP][ERROR] - ctdc.utilities.runtestcaseforKatalon.multiFunction("CDS", G_StatBar_Studies, "Object Repository/CDS/Cases_page/CDS_CasesTable", "Object Repository/CDS/Cases_page/CDS_CasesTableHeader", "Object Repository/CDS/Cases_page/CDS_CasesTabNextBtn", G_WebTabnameCases, G_CypherTabnameCases, G_QueryCasesTab): Test Cases/CDS_TestCases/Accesses/TC01_CDS_Filter_Acesses-Controlled FAILED.
Reason:
com.kms.katalon.core.exception.StepErrorException: java.lang.IllegalArgumentException: The workbook already contains a sheet named 'WebDataCases'
	at com.kms.katalon.core.main.CustomKeywordDelegatingMetaClass.throwError(CustomKeywordDelegatingMetaClass.java:96)
	at com.kms.katalon.core.main.CustomKeywordDelegatingMetaClass.invokeStaticMethod(CustomKeywordDelegatingMetaClass.java:68)
	at TC01_CDS_Filter_Acesses-Controlled.run(TC01_CDS_Filter_Acesses-Controlled:66)
	at com.kms.katalon.core.main.ScriptEngine.run(ScriptEngine.java:194)
	at com.kms.katalon.core.main.ScriptEngine.runScriptAsRawText(ScriptEngine.java:119)
	at com.kms.katalon.core.main.TestCaseExecutor.runScript(TestCaseExecutor.java:442)
	at com.kms.katalon.core.main.TestCaseExecutor.doExecute(TestCaseExecutor.java:433)
	at com.kms.katalon.core.main.TestCaseExecutor.processExecutionPhase(TestCaseExecutor.java:412)
	at com.kms.katalon.core.main.TestCaseExecutor.accessMainPhase(TestCaseExecutor.java:404)
	at com.kms.katalon.core.main.TestCaseExecutor.execute(TestCaseExecutor.java:281)
	at com.kms.katalon.core.main.TestCaseExecutor.execute(TestCaseExecutor.java:363)
	at com.kms.katalon.core.main.TestCaseExecutor.execute(TestCaseExecutor.java:363)
	at com.kms.katalon.core.main.TestCaseExecutor.execute(TestCaseExecutor.java:363)
	at com.kms.katalon.core.main.TestSuiteExecutor.accessTestCaseMainPhase(TestSuiteExecutor.java:202)
	at com.kms.katalon.core.main.TestSuiteExecutor.accessTestSuiteMainPhase(TestSuiteExecutor.java:164)
	at com.kms.katalon.core.main.TestSuiteExecutor.execute(TestSuiteExecutor.java:105)
	at com.kms.katalon.core.main.TestCaseMain.startTestSuite(TestCaseMain.java:181)
	at com.kms.katalon.core.main.TestCaseMain$startTestSuite$0.call(Unknown Source)
	at TempTestSuite1652966084304.run(TempTestSuite1652966084304.groovy:36)
Caused by: java.lang.IllegalArgumentException: The workbook already contains a sheet named 'WebDataCases'
	at org.apache.poi.xssf.usermodel.XSSFWorkbook.validateSheetName(XSSFWorkbook.java:890)
	at org.apache.poi.xssf.usermodel.XSSFWorkbook.createSheet(XSSFWorkbook.java:843)
	at org.apache.poi.xssf.usermodel.XSSFWorkbook.createSheet(XSSFWorkbook.java:122)
	at org.apache.poi.ss.usermodel.Workbook$createSheet$1.call(Unknown Source)
	at ctdc.utilities.runtestcaseforKatalon.writeToExcel(runtestcaseforKatalon.groovy:1171)
	at ctdc.utilities.runtestcaseforKatalon.ReadCasesTableKatalon(runtestcaseforKatalon.groovy:966)
	at ctdc.utilities.runtestcaseforKatalon.multiFunction(runtestcaseforKatalon.groovy:293)
	at ctdc.utilities.runtestcaseforKatalon.invokeMethod(runtestcaseforKatalon.groovy)
	at com.kms.katalon.core.main.CustomKeywordDelegatingMetaClass.invokeStaticMethod(CustomKeywordDelegatingMetaClass.java:50)
	... 17 more


2022-05-19 09:20:17 - [MESSAGE][ERROR] - The workbook already contains a sheet named 'WebDataCases'

2022-05-19 09:20:17 - [MESSAGE][ERROR] - Test Cases/CDS_TestCases/Accesses/TC01_CDS_Filter_Acesses-Controlled FAILED.
Reason:
com.kms.katalon.core.exception.StepErrorException: java.lang.IllegalArgumentException: The workbook already contains a sheet named 'WebDataCases'
	at com.kms.katalon.core.main.CustomKeywordDelegatingMetaClass.throwError(CustomKeywordDelegatingMetaClass.java:96)
	at com.kms.katalon.core.main.CustomKeywordDelegatingMetaClass.invokeStaticMethod(CustomKeywordDelegatingMetaClass.java:68)
	at TC01_CDS_Filter_Acesses-Controlled.run(TC01_CDS_Filter_Acesses-Controlled:66)
	at com.kms.katalon.core.main.ScriptEngine.run(ScriptEngine.java:194)
	at com.kms.katalon.core.main.ScriptEngine.runScriptAsRawText(ScriptEngine.java:119)
	at com.kms.katalon.core.main.TestCaseExecutor.runScript(TestCaseExecutor.java:442)
	at com.kms.katalon.core.main.TestCaseExecutor.doExecute(TestCaseExecutor.java:433)
	at com.kms.katalon.core.main.TestCaseExecutor.processExecutionPhase(TestCaseExecutor.java:412)
	at com.kms.katalon.core.main.TestCaseExecutor.accessMainPhase(TestCaseExecutor.java:404)
	at com.kms.katalon.core.main.TestCaseExecutor.execute(TestCaseExecutor.java:281)
	at com.kms.katalon.core.main.TestCaseExecutor.execute(TestCaseExecutor.java:363)
	at com.kms.katalon.core.main.TestCaseExecutor.execute(TestCaseExecutor.java:363)
	at com.kms.katalon.core.main.TestCaseExecutor.execute(TestCaseExecutor.java:363)
	at com.kms.katalon.core.main.TestSuiteExecutor.accessTestCaseMainPhase(TestSuiteExecutor.java:202)
	at com.kms.katalon.core.main.TestSuiteExecutor.accessTestSuiteMainPhase(TestSuiteExecutor.java:164)
	at com.kms.katalon.core.main.TestSuiteExecutor.execute(TestSuiteExecutor.java:105)
	at com.kms.katalon.core.main.TestCaseMain.startTestSuite(TestCaseMain.java:181)
	at com.kms.katalon.core.main.TestCaseMain$startTestSuite$0.call(Unknown Source)
	at TempTestSuite1652966084304.run(TempTestSuite1652966084304.groovy:36)
Caused by: java.lang.IllegalArgumentException: The workbook already contains a sheet named 'WebDataCases'
	at org.apache.poi.xssf.usermodel.XSSFWorkbook.validateSheetName(XSSFWorkbook.java:890)
	at org.apache.poi.xssf.usermodel.XSSFWorkbook.createSheet(XSSFWorkbook.java:843)
	at org.apache.poi.xssf.usermodel.XSSFWorkbook.createSheet(XSSFWorkbook.java:122)
	at org.apache.poi.ss.usermodel.Workbook$createSheet$1.call(Unknown Source)
	at ctdc.utilities.runtestcaseforKatalon.writeToExcel(runtestcaseforKatalon.groovy:1171)
	at ctdc.utilities.runtestcaseforKatalon.ReadCasesTableKatalon(runtestcaseforKatalon.groovy:966)
	at ctdc.utilities.runtestcaseforKatalon.multiFunction(runtestcaseforKatalon.groovy:293)
	at ctdc.utilities.runtestcaseforKatalon.invokeMethod(runtestcaseforKatalon.groovy)
	at com.kms.katalon.core.main.CustomKeywordDelegatingMetaClass.invokeStaticMethod(CustomKeywordDelegatingMetaClass.java:50)
	... 17 more]]></system-out>
         <system-err><![CDATA[2022-05-19 09:19:02 - [TEST_CASE][ERROR] - Test Cases/CDS_TestCases/Accesses/TC01_CDS_Filter_Acesses-Controlled: Test Cases/CDS_TestCases/Accesses/TC01_CDS_Filter_Acesses-Controlled FAILED.
Reason:
java.lang.IllegalArgumentException: The workbook already contains a sheet named 'WebDataCases'
	at org.apache.poi.xssf.usermodel.XSSFWorkbook.validateSheetName(XSSFWorkbook.java:890)
	at org.apache.poi.xssf.usermodel.XSSFWorkbook.createSheet(XSSFWorkbook.java:843)
	at org.apache.poi.xssf.usermodel.XSSFWorkbook.createSheet(XSSFWorkbook.java:122)
	at org.apache.poi.ss.usermodel.Workbook$createSheet$1.call(Unknown Source)
	at ctdc.utilities.runtestcaseforKatalon.writeToExcel(runtestcaseforKatalon.groovy:1171)
	at ctdc.utilities.runtestcaseforKatalon.ReadCasesTableKatalon(runtestcaseforKatalon.groovy:966)
	at ctdc.utilities.runtestcaseforKatalon.multiFunction(runtestcaseforKatalon.groovy:293)
	at ctdc.utilities.runtestcaseforKatalon.invokeMethod(runtestcaseforKatalon.groovy)
	at com.kms.katalon.core.main.CustomKeywordDelegatingMetaClass.invokeStaticMethod(CustomKeywordDelegatingMetaClass.java:50)
	at TC01_CDS_Filter_Acesses-Controlled.run(TC01_CDS_Filter_Acesses-Controlled:66)
	at com.kms.katalon.core.main.ScriptEngine.run(ScriptEngine.java:194)
	at com.kms.katalon.core.main.ScriptEngine.runScriptAsRawText(ScriptEngine.java:119)
	at com.kms.katalon.core.main.TestCaseExecutor.runScript(TestCaseExecutor.java:442)
	at com.kms.katalon.core.main.TestCaseExecutor.doExecute(TestCaseExecutor.java:433)
	at com.kms.katalon.core.main.TestCaseExecutor.processExecutionPhase(TestCaseExecutor.java:412)
	at com.kms.katalon.core.main.TestCaseExecutor.accessMainPhase(TestCaseExecutor.java:404)
	at com.kms.katalon.core.main.TestCaseExecutor.execute(TestCaseExecutor.java:281)
	at com.kms.katalon.core.main.TestCaseExecutor.execute(TestCaseExecutor.java:363)
	at com.kms.katalon.core.main.TestCaseExecutor.execute(TestCaseExecutor.java:363)
	at com.kms.katalon.core.main.TestCaseExecutor.execute(TestCaseExecutor.java:363)
	at com.kms.katalon.core.main.TestSuiteExecutor.accessTestCaseMainPhase(TestSuiteExecutor.java:202)
	at com.kms.katalon.core.main.TestSuiteExecutor.accessTestSuiteMainPhase(TestSuiteExecutor.java:164)
	at com.kms.katalon.core.main.TestSuiteExecutor.execute(TestSuiteExecutor.java:105)
	at com.kms.katalon.core.main.TestCaseMain.startTestSuite(TestCaseMain.java:181)
	at com.kms.katalon.core.main.TestCaseMain$startTestSuite$0.call(Unknown Source)
	at TempTestSuite1652966084304.run(TempTestSuite1652966084304.groovy:36)]]></system-err>
      </testcase>
      <testcase name="Test Cases/CDS_TestCases/Accesses/TC02_CDS_Filter_Acesses-Mixed" time="57.47" classname="Test Cases/CDS_TestCases/Accesses/TC02_CDS_Filter_Acesses-Mixed" status="ERROR">
         <error type="ERROR" message="Test Cases/CDS_TestCases/Accesses/TC02_CDS_Filter_Acesses-Mixed FAILED.
Reason:
java.lang.IndexOutOfBoundsException: Index: 6, Size: 6
	at java_util_List$get$1.call(Unknown Source)
	at ctdc.utilities.runtestcaseforKatalon.ReadCasesTableKatalon(runtestcaseforKatalon.groovy:733)
	at ctdc.utilities.runtestcaseforKatalon.multiFunction(runtestcaseforKatalon.groovy:293)
	at ctdc.utilities.runtestcaseforKatalon.invokeMethod(runtestcaseforKatalon.groovy)
	at com.kms.katalon.core.main.CustomKeywordDelegatingMetaClass.invokeStaticMethod(CustomKeywordDelegatingMetaClass.java:50)
	at TC02_CDS_Filter_Acesses-Mixed.run(TC02_CDS_Filter_Acesses-Mixed:73)
	at com.kms.katalon.core.main.ScriptEngine.run(ScriptEngine.java:194)
	at com.kms.katalon.core.main.ScriptEngine.runScriptAsRawText(ScriptEngine.java:119)
	at com.kms.katalon.core.main.TestCaseExecutor.runScript(TestCaseExecutor.java:442)
	at com.kms.katalon.core.main.TestCaseExecutor.doExecute(TestCaseExecutor.java:433)
	at com.kms.katalon.core.main.TestCaseExecutor.processExecutionPhase(TestCaseExecutor.java:412)
	at com.kms.katalon.core.main.TestCaseExecutor.accessMainPhase(TestCaseExecutor.java:404)
	at com.kms.katalon.core.main.TestCaseExecutor.execute(TestCaseExecutor.java:281)
	at com.kms.katalon.core.main.TestCaseExecutor.execute(TestCaseExecutor.java:363)
	at com.kms.katalon.core.main.TestCaseExecutor.execute(TestCaseExecutor.java:363)
	at com.kms.katalon.core.main.TestCaseExecutor.execute(TestCaseExecutor.java:363)
	at com.kms.katalon.core.main.TestSuiteExecutor.accessTestCaseMainPhase(TestSuiteExecutor.java:202)
	at com.kms.katalon.core.main.TestSuiteExecutor.accessTestSuiteMainPhase(TestSuiteExecutor.java:164)
	at com.kms.katalon.core.main.TestSuiteExecutor.execute(TestSuiteExecutor.java:105)
	at com.kms.katalon.core.main.TestCaseMain.startTestSuite(TestCaseMain.java:181)
	at com.kms.katalon.core.main.TestCaseMain$startTestSuite$0.call(Unknown Source)
	at TempTestSuite1652966084304.run(TempTestSuite1652966084304.groovy:36)
"/>
         <system-out><![CDATA[2022-05-19 09:23:08 - [TEST_CASE][ERROR] - Test Cases/CDS_TestCases/Accesses/TC02_CDS_Filter_Acesses-Mixed: Test Cases/CDS_TestCases/Accesses/TC02_CDS_Filter_Acesses-Mixed FAILED.
Reason:
java.lang.IndexOutOfBoundsException: Index: 6, Size: 6
	at java_util_List$get$1.call(Unknown Source)
	at ctdc.utilities.runtestcaseforKatalon.ReadCasesTableKatalon(runtestcaseforKatalon.groovy:733)
	at ctdc.utilities.runtestcaseforKatalon.multiFunction(runtestcaseforKatalon.groovy:293)
	at ctdc.utilities.runtestcaseforKatalon.invokeMethod(runtestcaseforKatalon.groovy)
	at com.kms.katalon.core.main.CustomKeywordDelegatingMetaClass.invokeStaticMethod(CustomKeywordDelegatingMetaClass.java:50)
	at TC02_CDS_Filter_Acesses-Mixed.run(TC02_CDS_Filter_Acesses-Mixed:73)
	at com.kms.katalon.core.main.ScriptEngine.run(ScriptEngine.java:194)
	at com.kms.katalon.core.main.ScriptEngine.runScriptAsRawText(ScriptEngine.java:119)
	at com.kms.katalon.core.main.TestCaseExecutor.runScript(TestCaseExecutor.java:442)
	at com.kms.katalon.core.main.TestCaseExecutor.doExecute(TestCaseExecutor.java:433)
	at com.kms.katalon.core.main.TestCaseExecutor.processExecutionPhase(TestCaseExecutor.java:412)
	at com.kms.katalon.core.main.TestCaseExecutor.accessMainPhase(TestCaseExecutor.java:404)
	at com.kms.katalon.core.main.TestCaseExecutor.execute(TestCaseExecutor.java:281)
	at com.kms.katalon.core.main.TestCaseExecutor.execute(TestCaseExecutor.java:363)
	at com.kms.katalon.core.main.TestCaseExecutor.execute(TestCaseExecutor.java:363)
	at com.kms.katalon.core.main.TestCaseExecutor.execute(TestCaseExecutor.java:363)
	at com.kms.katalon.core.main.TestSuiteExecutor.accessTestCaseMainPhase(TestSuiteExecutor.java:202)
	at com.kms.katalon.core.main.TestSuiteExecutor.accessTestSuiteMainPhase(TestSuiteExecutor.java:164)
	at com.kms.katalon.core.main.TestSuiteExecutor.execute(TestSuiteExecutor.java:105)
	at com.kms.katalon.core.main.TestCaseMain.startTestSuite(TestCaseMain.java:181)
	at com.kms.katalon.core.main.TestCaseMain$startTestSuite$0.call(Unknown Source)
	at TempTestSuite1652966084304.run(TempTestSuite1652966084304.groovy:36)


2022-05-19 09:23:08 - [TEST_STEP][PASSED] - Start listener action : getTestScriptName: null

2022-05-19 09:23:08 - [TEST_STEP][PASSED] - TestCaseId = testCaseContext.getTestCaseId(): null

2022-05-19 09:23:08 - [TEST_STEP][PASSED] - G_currentTCName = TestCaseId.substring(TestCaseId.lastIndexOf("TC")): null

2022-05-19 09:23:08 - [TEST_STEP][PASSED] - out.println("This is the test case name: " + G_currentTCName): null

2022-05-19 09:23:08 - [TEST_STEP][PASSED] - closeBrowser(): Browser is closed

2022-05-19 09:23:08 - [MESSAGE][PASSED] - Browser is closed

2022-05-19 09:23:08 - [TEST_STEP][PASSED] - ctdc.utilities.runtestcaseforKatalon.RunKatalon("TC02_CDS_Filter_Acesses-Mixed.xlsx"): Data loaded from input file for the test case. 

2022-05-19 09:23:08 - [MESSAGE][PASSED] - Test case file loaded This is the full filepath after converting to string :C:\Users\sohilz2\Commons_Automation\InputFiles\TC02_CDS_Filter_Acesses-Mixed.xlsx

2022-05-19 09:23:08 - [MESSAGE][INFO] - Global variable set for password file is :  C:\Users\sohilz2\Commons_Automation\InputFiles\TC02_CDS_Filter_Acesses-Mixed.xlsx

2022-05-19 09:23:12 - [MESSAGE][PASSED] - Data loaded from input file for the test case. 

2022-05-19 09:23:32 - [TEST_STEP][PASSED] - waitForElementPresent(findTestObject("Object Repository/CDS/NavBar/CDS_Data-Btn"), 5): Object 'Object Repository/CDS/NavBar/CDS_Data-Btn' is present

2022-05-19 09:23:33 - [MESSAGE][PASSED] - Object 'Object Repository/CDS/NavBar/CDS_Data-Btn' is present

2022-05-19 09:23:33 - [TEST_STEP][PASSED] - ctdc.utilities.runtestcaseforKatalon.clickTab("Object Repository/CDS/NavBar/CDS_Data-Btn"): ctdc.utilities.runtestcaseforKatalon.clickTab is PASSED

2022-05-19 09:23:33 - [MESSAGE][PASSED] - ctdc.utilities.runtestcaseforKatalon.clickTab is PASSED

2022-05-19 09:23:33 - [TEST_STEP][PASSED] - waitForElementPresent(findTestObject("Object Repository/CDS/Filter/Accesses/Accesses_Ddn"), 5): Object 'Object Repository/CDS/Filter/Accesses/Accesses_Ddn' is present

2022-05-19 09:23:33 - [MESSAGE][PASSED] - Object 'Object Repository/CDS/Filter/Accesses/Accesses_Ddn' is present

2022-05-19 09:23:33 - [TEST_STEP][PASSED] - ctdc.utilities.runtestcaseforKatalon.clickTabCDSStat("Object Repository/CDS/Filter/Accesses/Accesses_Ddn"): ctdc.utilities.runtestcaseforKatalon.clickTabCDSStat is PASSED

2022-05-19 09:23:37 - [MESSAGE][PASSED] - ctdc.utilities.runtestcaseforKatalon.clickTabCDSStat is PASSED

2022-05-19 09:23:37 - [TEST_STEP][PASSED] - ctdc.utilities.runtestcaseforKatalon.clickTabCDSStat("Object Repository/CDS/Filter/Accesses/Mixed-Chkbx"): ctdc.utilities.runtestcaseforKatalon.clickTabCDSStat is PASSED

2022-05-19 09:23:40 - [MESSAGE][PASSED] - ctdc.utilities.runtestcaseforKatalon.clickTabCDSStat is PASSED

2022-05-19 09:23:40 - [TEST_STEP][PASSED] - ctdc.utilities.runtestcaseforKatalon.readStatBarCDS("Object Repository/CDS/StatBar/CDS_StatBar-Studies", "Object Repository/CDS/StatBar/CDS_StatBar-DiseaseSites", "Object Repository/CDS/StatBar/CDS_StatBar-Participants", "Object Repository/CDS/StatBar/CDS_StatBar-Samples", "Object Repository/CDS/StatBar/CDS_StatBar-Files"): ctdc.utilities.runtestcaseforKatalon.readStatBarCDS is PASSED

2022-05-19 09:23:55 - [MESSAGE][PASSED] - ctdc.utilities.runtestcaseforKatalon.readStatBarCDS is PASSED

2022-05-19 09:23:55 - [TEST_STEP][PASSED] - waitForElementPresent(findTestObject("Object Repository/CDS/Cases_page/CDSResults_Samples_Tab"), 5): Object 'Object Repository/CDS/Cases_page/CDSResults_Samples_Tab' is present

2022-05-19 09:23:55 - [MESSAGE][PASSED] - Object 'Object Repository/CDS/Cases_page/CDSResults_Samples_Tab' is present

2022-05-19 09:23:55 - [TEST_STEP][PASSED] - ctdc.utilities.runtestcaseforKatalon.clickTab("Object Repository/CDS/Cases_page/CDSResults_Samples_Tab"): ctdc.utilities.runtestcaseforKatalon.clickTab is PASSED

2022-05-19 09:23:56 - [MESSAGE][PASSED] - ctdc.utilities.runtestcaseforKatalon.clickTab is PASSED

2022-05-19 09:23:56 - [TEST_STEP][ERROR] - ctdc.utilities.runtestcaseforKatalon.multiFunction("CDS", G_StatBar_Studies, "Object Repository/CDS/Cases_page/CDS_SamplesTable", "Object Repository/CDS/Cases_page/CDS_SamplesTableHeader", "Object Repository/CDS/Cases_page/CDS_SamplesTabNextBtn", G_WebTabnameSamples, G_CypherTabnameSamples, G_QuerySamplesTab): Test Cases/CDS_TestCases/Accesses/TC02_CDS_Filter_Acesses-Mixed FAILED.
Reason:
com.kms.katalon.core.exception.StepErrorException: java.lang.IndexOutOfBoundsException: Index: 6, Size: 6
	at com.kms.katalon.core.main.CustomKeywordDelegatingMetaClass.throwError(CustomKeywordDelegatingMetaClass.java:96)
	at com.kms.katalon.core.main.CustomKeywordDelegatingMetaClass.invokeStaticMethod(CustomKeywordDelegatingMetaClass.java:68)
	at TC02_CDS_Filter_Acesses-Mixed.run(TC02_CDS_Filter_Acesses-Mixed:73)
	at com.kms.katalon.core.main.ScriptEngine.run(ScriptEngine.java:194)
	at com.kms.katalon.core.main.ScriptEngine.runScriptAsRawText(ScriptEngine.java:119)
	at com.kms.katalon.core.main.TestCaseExecutor.runScript(TestCaseExecutor.java:442)
	at com.kms.katalon.core.main.TestCaseExecutor.doExecute(TestCaseExecutor.java:433)
	at com.kms.katalon.core.main.TestCaseExecutor.processExecutionPhase(TestCaseExecutor.java:412)
	at com.kms.katalon.core.main.TestCaseExecutor.accessMainPhase(TestCaseExecutor.java:404)
	at com.kms.katalon.core.main.TestCaseExecutor.execute(TestCaseExecutor.java:281)
	at com.kms.katalon.core.main.TestCaseExecutor.execute(TestCaseExecutor.java:363)
	at com.kms.katalon.core.main.TestCaseExecutor.execute(TestCaseExecutor.java:363)
	at com.kms.katalon.core.main.TestCaseExecutor.execute(TestCaseExecutor.java:363)
	at com.kms.katalon.core.main.TestSuiteExecutor.accessTestCaseMainPhase(TestSuiteExecutor.java:202)
	at com.kms.katalon.core.main.TestSuiteExecutor.accessTestSuiteMainPhase(TestSuiteExecutor.java:164)
	at com.kms.katalon.core.main.TestSuiteExecutor.execute(TestSuiteExecutor.java:105)
	at com.kms.katalon.core.main.TestCaseMain.startTestSuite(TestCaseMain.java:181)
	at com.kms.katalon.core.main.TestCaseMain$startTestSuite$0.call(Unknown Source)
	at TempTestSuite1652966084304.run(TempTestSuite1652966084304.groovy:36)
Caused by: java.lang.IndexOutOfBoundsException: Index: 6, Size: 6
	at java_util_List$get$1.call(Unknown Source)
	at ctdc.utilities.runtestcaseforKatalon.ReadCasesTableKatalon(runtestcaseforKatalon.groovy:733)
	at ctdc.utilities.runtestcaseforKatalon.multiFunction(runtestcaseforKatalon.groovy:293)
	at ctdc.utilities.runtestcaseforKatalon.invokeMethod(runtestcaseforKatalon.groovy)
	at com.kms.katalon.core.main.CustomKeywordDelegatingMetaClass.invokeStaticMethod(CustomKeywordDelegatingMetaClass.java:50)
	... 17 more


2022-05-19 09:24:05 - [MESSAGE][ERROR] - Index: 6, Size: 6

2022-05-19 09:24:05 - [MESSAGE][ERROR] - Test Cases/CDS_TestCases/Accesses/TC02_CDS_Filter_Acesses-Mixed FAILED.
Reason:
com.kms.katalon.core.exception.StepErrorException: java.lang.IndexOutOfBoundsException: Index: 6, Size: 6
	at com.kms.katalon.core.main.CustomKeywordDelegatingMetaClass.throwError(CustomKeywordDelegatingMetaClass.java:96)
	at com.kms.katalon.core.main.CustomKeywordDelegatingMetaClass.invokeStaticMethod(CustomKeywordDelegatingMetaClass.java:68)
	at TC02_CDS_Filter_Acesses-Mixed.run(TC02_CDS_Filter_Acesses-Mixed:73)
	at com.kms.katalon.core.main.ScriptEngine.run(ScriptEngine.java:194)
	at com.kms.katalon.core.main.ScriptEngine.runScriptAsRawText(ScriptEngine.java:119)
	at com.kms.katalon.core.main.TestCaseExecutor.runScript(TestCaseExecutor.java:442)
	at com.kms.katalon.core.main.TestCaseExecutor.doExecute(TestCaseExecutor.java:433)
	at com.kms.katalon.core.main.TestCaseExecutor.processExecutionPhase(TestCaseExecutor.java:412)
	at com.kms.katalon.core.main.TestCaseExecutor.accessMainPhase(TestCaseExecutor.java:404)
	at com.kms.katalon.core.main.TestCaseExecutor.execute(TestCaseExecutor.java:281)
	at com.kms.katalon.core.main.TestCaseExecutor.execute(TestCaseExecutor.java:363)
	at com.kms.katalon.core.main.TestCaseExecutor.execute(TestCaseExecutor.java:363)
	at com.kms.katalon.core.main.TestCaseExecutor.execute(TestCaseExecutor.java:363)
	at com.kms.katalon.core.main.TestSuiteExecutor.accessTestCaseMainPhase(TestSuiteExecutor.java:202)
	at com.kms.katalon.core.main.TestSuiteExecutor.accessTestSuiteMainPhase(TestSuiteExecutor.java:164)
	at com.kms.katalon.core.main.TestSuiteExecutor.execute(TestSuiteExecutor.java:105)
	at com.kms.katalon.core.main.TestCaseMain.startTestSuite(TestCaseMain.java:181)
	at com.kms.katalon.core.main.TestCaseMain$startTestSuite$0.call(Unknown Source)
	at TempTestSuite1652966084304.run(TempTestSuite1652966084304.groovy:36)
Caused by: java.lang.IndexOutOfBoundsException: Index: 6, Size: 6
	at java_util_List$get$1.call(Unknown Source)
	at ctdc.utilities.runtestcaseforKatalon.ReadCasesTableKatalon(runtestcaseforKatalon.groovy:733)
	at ctdc.utilities.runtestcaseforKatalon.multiFunction(runtestcaseforKatalon.groovy:293)
	at ctdc.utilities.runtestcaseforKatalon.invokeMethod(runtestcaseforKatalon.groovy)
	at com.kms.katalon.core.main.CustomKeywordDelegatingMetaClass.invokeStaticMethod(CustomKeywordDelegatingMetaClass.java:50)
	... 17 more]]></system-out>
         <system-err><![CDATA[2022-05-19 09:23:08 - [TEST_CASE][ERROR] - Test Cases/CDS_TestCases/Accesses/TC02_CDS_Filter_Acesses-Mixed: Test Cases/CDS_TestCases/Accesses/TC02_CDS_Filter_Acesses-Mixed FAILED.
Reason:
java.lang.IndexOutOfBoundsException: Index: 6, Size: 6
	at java_util_List$get$1.call(Unknown Source)
	at ctdc.utilities.runtestcaseforKatalon.ReadCasesTableKatalon(runtestcaseforKatalon.groovy:733)
	at ctdc.utilities.runtestcaseforKatalon.multiFunction(runtestcaseforKatalon.groovy:293)
	at ctdc.utilities.runtestcaseforKatalon.invokeMethod(runtestcaseforKatalon.groovy)
	at com.kms.katalon.core.main.CustomKeywordDelegatingMetaClass.invokeStaticMethod(CustomKeywordDelegatingMetaClass.java:50)
	at TC02_CDS_Filter_Acesses-Mixed.run(TC02_CDS_Filter_Acesses-Mixed:73)
	at com.kms.katalon.core.main.ScriptEngine.run(ScriptEngine.java:194)
	at com.kms.katalon.core.main.ScriptEngine.runScriptAsRawText(ScriptEngine.java:119)
	at com.kms.katalon.core.main.TestCaseExecutor.runScript(TestCaseExecutor.java:442)
	at com.kms.katalon.core.main.TestCaseExecutor.doExecute(TestCaseExecutor.java:433)
	at com.kms.katalon.core.main.TestCaseExecutor.processExecutionPhase(TestCaseExecutor.java:412)
	at com.kms.katalon.core.main.TestCaseExecutor.accessMainPhase(TestCaseExecutor.java:404)
	at com.kms.katalon.core.main.TestCaseExecutor.execute(TestCaseExecutor.java:281)
	at com.kms.katalon.core.main.TestCaseExecutor.execute(TestCaseExecutor.java:363)
	at com.kms.katalon.core.main.TestCaseExecutor.execute(TestCaseExecutor.java:363)
	at com.kms.katalon.core.main.TestCaseExecutor.execute(TestCaseExecutor.java:363)
	at com.kms.katalon.core.main.TestSuiteExecutor.accessTestCaseMainPhase(TestSuiteExecutor.java:202)
	at com.kms.katalon.core.main.TestSuiteExecutor.accessTestSuiteMainPhase(TestSuiteExecutor.java:164)
	at com.kms.katalon.core.main.TestSuiteExecutor.execute(TestSuiteExecutor.java:105)
	at com.kms.katalon.core.main.TestCaseMain.startTestSuite(TestCaseMain.java:181)
	at com.kms.katalon.core.main.TestCaseMain$startTestSuite$0.call(Unknown Source)
	at TempTestSuite1652966084304.run(TempTestSuite1652966084304.groovy:36)]]></system-err>
      </testcase>
      <testcase name="Test Cases/CDS_TestCases/Accesses/TC03_CDS_Filter_Acesses-Open" time="107.279" classname="Test Cases/CDS_TestCases/Accesses/TC03_CDS_Filter_Acesses-Open" status="ERROR">
         <error type="ERROR" message="Test Cases/CDS_TestCases/Accesses/TC03_CDS_Filter_Acesses-Open FAILED.
Reason:
java.lang.IllegalArgumentException: The workbook already contains a sheet named 'WebDataCases'
	at org.apache.poi.xssf.usermodel.XSSFWorkbook.validateSheetName(XSSFWorkbook.java:890)
	at org.apache.poi.xssf.usermodel.XSSFWorkbook.createSheet(XSSFWorkbook.java:843)
	at org.apache.poi.xssf.usermodel.XSSFWorkbook.createSheet(XSSFWorkbook.java:122)
	at org.apache.poi.ss.usermodel.Workbook$createSheet$1.call(Unknown Source)
	at ctdc.utilities.runtestcaseforKatalon.writeToExcel(runtestcaseforKatalon.groovy:1171)
	at ctdc.utilities.runtestcaseforKatalon.ReadCasesTableKatalon(runtestcaseforKatalon.groovy:966)
	at ctdc.utilities.runtestcaseforKatalon.multiFunction(runtestcaseforKatalon.groovy:293)
	at ctdc.utilities.runtestcaseforKatalon.invokeMethod(runtestcaseforKatalon.groovy)
	at com.kms.katalon.core.main.CustomKeywordDelegatingMetaClass.invokeStaticMethod(CustomKeywordDelegatingMetaClass.java:50)
	at TC03_CDS_Filter_Acesses-Open.run(TC03_CDS_Filter_Acesses-Open:66)
	at com.kms.katalon.core.main.ScriptEngine.run(ScriptEngine.java:194)
	at com.kms.katalon.core.main.ScriptEngine.runScriptAsRawText(ScriptEngine.java:119)
	at com.kms.katalon.core.main.TestCaseExecutor.runScript(TestCaseExecutor.java:442)
	at com.kms.katalon.core.main.TestCaseExecutor.doExecute(TestCaseExecutor.java:433)
	at com.kms.katalon.core.main.TestCaseExecutor.processExecutionPhase(TestCaseExecutor.java:412)
	at com.kms.katalon.core.main.TestCaseExecutor.accessMainPhase(TestCaseExecutor.java:404)
	at com.kms.katalon.core.main.TestCaseExecutor.execute(TestCaseExecutor.java:281)
	at com.kms.katalon.core.main.TestCaseExecutor.execute(TestCaseExecutor.java:363)
	at com.kms.katalon.core.main.TestCaseExecutor.execute(TestCaseExecutor.java:363)
	at com.kms.katalon.core.main.TestCaseExecutor.execute(TestCaseExecutor.java:363)
	at com.kms.katalon.core.main.TestSuiteExecutor.accessTestCaseMainPhase(TestSuiteExecutor.java:202)
	at com.kms.katalon.core.main.TestSuiteExecutor.accessTestSuiteMainPhase(TestSuiteExecutor.java:164)
	at com.kms.katalon.core.main.TestSuiteExecutor.execute(TestSuiteExecutor.java:105)
	at com.kms.katalon.core.main.TestCaseMain.startTestSuite(TestCaseMain.java:181)
	at com.kms.katalon.core.main.TestCaseMain$startTestSuite$0.call(Unknown Source)
	at TempTestSuite1652966084304.run(TempTestSuite1652966084304.groovy:36)
"/>
         <system-out><![CDATA[2022-05-19 09:29:16 - [TEST_CASE][ERROR] - Test Cases/CDS_TestCases/Accesses/TC03_CDS_Filter_Acesses-Open: Test Cases/CDS_TestCases/Accesses/TC03_CDS_Filter_Acesses-Open FAILED.
Reason:
java.lang.IllegalArgumentException: The workbook already contains a sheet named 'WebDataCases'
	at org.apache.poi.xssf.usermodel.XSSFWorkbook.validateSheetName(XSSFWorkbook.java:890)
	at org.apache.poi.xssf.usermodel.XSSFWorkbook.createSheet(XSSFWorkbook.java:843)
	at org.apache.poi.xssf.usermodel.XSSFWorkbook.createSheet(XSSFWorkbook.java:122)
	at org.apache.poi.ss.usermodel.Workbook$createSheet$1.call(Unknown Source)
	at ctdc.utilities.runtestcaseforKatalon.writeToExcel(runtestcaseforKatalon.groovy:1171)
	at ctdc.utilities.runtestcaseforKatalon.ReadCasesTableKatalon(runtestcaseforKatalon.groovy:966)
	at ctdc.utilities.runtestcaseforKatalon.multiFunction(runtestcaseforKatalon.groovy:293)
	at ctdc.utilities.runtestcaseforKatalon.invokeMethod(runtestcaseforKatalon.groovy)
	at com.kms.katalon.core.main.CustomKeywordDelegatingMetaClass.invokeStaticMethod(CustomKeywordDelegatingMetaClass.java:50)
	at TC03_CDS_Filter_Acesses-Open.run(TC03_CDS_Filter_Acesses-Open:66)
	at com.kms.katalon.core.main.ScriptEngine.run(ScriptEngine.java:194)
	at com.kms.katalon.core.main.ScriptEngine.runScriptAsRawText(ScriptEngine.java:119)
	at com.kms.katalon.core.main.TestCaseExecutor.runScript(TestCaseExecutor.java:442)
	at com.kms.katalon.core.main.TestCaseExecutor.doExecute(TestCaseExecutor.java:433)
	at com.kms.katalon.core.main.TestCaseExecutor.processExecutionPhase(TestCaseExecutor.java:412)
	at com.kms.katalon.core.main.TestCaseExecutor.accessMainPhase(TestCaseExecutor.java:404)
	at com.kms.katalon.core.main.TestCaseExecutor.execute(TestCaseExecutor.java:281)
	at com.kms.katalon.core.main.TestCaseExecutor.execute(TestCaseExecutor.java:363)
	at com.kms.katalon.core.main.TestCaseExecutor.execute(TestCaseExecutor.java:363)
	at com.kms.katalon.core.main.TestCaseExecutor.execute(TestCaseExecutor.java:363)
	at com.kms.katalon.core.main.TestSuiteExecutor.accessTestCaseMainPhase(TestSuiteExecutor.java:202)
	at com.kms.katalon.core.main.TestSuiteExecutor.accessTestSuiteMainPhase(TestSuiteExecutor.java:164)
	at com.kms.katalon.core.main.TestSuiteExecutor.execute(TestSuiteExecutor.java:105)
	at com.kms.katalon.core.main.TestCaseMain.startTestSuite(TestCaseMain.java:181)
	at com.kms.katalon.core.main.TestCaseMain$startTestSuite$0.call(Unknown Source)
	at TempTestSuite1652966084304.run(TempTestSuite1652966084304.groovy:36)


2022-05-19 09:29:17 - [TEST_STEP][PASSED] - Start listener action : getTestScriptName: null

2022-05-19 09:29:17 - [TEST_STEP][PASSED] - TestCaseId = testCaseContext.getTestCaseId(): null

2022-05-19 09:29:17 - [TEST_STEP][PASSED] - G_currentTCName = TestCaseId.substring(TestCaseId.lastIndexOf("TC")): null

2022-05-19 09:29:17 - [TEST_STEP][PASSED] - out.println("This is the test case name: " + G_currentTCName): null

2022-05-19 09:29:17 - [TEST_STEP][PASSED] - closeBrowser(): Browser is closed

2022-05-19 09:29:17 - [MESSAGE][PASSED] - Browser is closed

2022-05-19 09:29:17 - [TEST_STEP][PASSED] - ctdc.utilities.runtestcaseforKatalon.RunKatalon("TC02_CDS_Filter_Acesses-Mixed.xlsx"): Data loaded from input file for the test case. 

2022-05-19 09:29:17 - [MESSAGE][PASSED] - Test case file loaded This is the full filepath after converting to string :C:\Users\sohilz2\Commons_Automation\InputFiles\TC02_CDS_Filter_Acesses-Mixed.xlsx

2022-05-19 09:29:17 - [MESSAGE][INFO] - Global variable set for password file is :  C:\Users\sohilz2\Commons_Automation\InputFiles\TC02_CDS_Filter_Acesses-Mixed.xlsx

2022-05-19 09:29:21 - [MESSAGE][PASSED] - Data loaded from input file for the test case. 

2022-05-19 09:29:50 - [TEST_STEP][PASSED] - waitForElementPresent(findTestObject("Object Repository/CDS/NavBar/CDS_Data-Btn"), 5): Object 'Object Repository/CDS/NavBar/CDS_Data-Btn' is present

2022-05-19 09:29:50 - [MESSAGE][PASSED] - Object 'Object Repository/CDS/NavBar/CDS_Data-Btn' is present

2022-05-19 09:29:50 - [TEST_STEP][PASSED] - ctdc.utilities.runtestcaseforKatalon.clickTabCDSStat("Object Repository/CDS/NavBar/CDS_Data-Btn"): ctdc.utilities.runtestcaseforKatalon.clickTabCDSStat is PASSED

2022-05-19 09:29:53 - [MESSAGE][PASSED] - ctdc.utilities.runtestcaseforKatalon.clickTabCDSStat is PASSED

2022-05-19 09:29:53 - [TEST_STEP][PASSED] - waitForElementPresent(findTestObject("Object Repository/CDS/Filter/Accesses/Accesses_Ddn"), 5): Object 'Object Repository/CDS/Filter/Accesses/Accesses_Ddn' is present

2022-05-19 09:29:54 - [MESSAGE][PASSED] - Object 'Object Repository/CDS/Filter/Accesses/Accesses_Ddn' is present

2022-05-19 09:29:54 - [TEST_STEP][PASSED] - ctdc.utilities.runtestcaseforKatalon.clickTabCDSStat("Object Repository/CDS/Filter/Accesses/Accesses_Ddn"): ctdc.utilities.runtestcaseforKatalon.clickTabCDSStat is PASSED

2022-05-19 09:29:57 - [MESSAGE][PASSED] - ctdc.utilities.runtestcaseforKatalon.clickTabCDSStat is PASSED

2022-05-19 09:29:57 - [TEST_STEP][PASSED] - waitForElementPresent(findTestObject("CDS/Filter/Accesses/Open-Chkbx"), 5): Object 'Object Repository/CDS/Filter/Accesses/Open-Chkbx' is present

2022-05-19 09:29:57 - [MESSAGE][PASSED] - Object 'Object Repository/CDS/Filter/Accesses/Open-Chkbx' is present

2022-05-19 09:29:57 - [TEST_STEP][PASSED] - ctdc.utilities.runtestcaseforKatalon.clickTabCDSStat("CDS/Filter/Accesses/Open-Chkbx"): ctdc.utilities.runtestcaseforKatalon.clickTabCDSStat is PASSED

2022-05-19 09:30:00 - [MESSAGE][PASSED] - ctdc.utilities.runtestcaseforKatalon.clickTabCDSStat is PASSED

2022-05-19 09:30:00 - [TEST_STEP][PASSED] - ctdc.utilities.runtestcaseforKatalon.readStatBarCDS("Object Repository/CDS/StatBar/CDS_StatBar-Studies", "Object Repository/CDS/StatBar/CDS_StatBar-DiseaseSites", "Object Repository/CDS/StatBar/CDS_StatBar-Participants", "Object Repository/CDS/StatBar/CDS_StatBar-Samples", "Object Repository/CDS/StatBar/CDS_StatBar-Files"): ctdc.utilities.runtestcaseforKatalon.readStatBarCDS is PASSED

2022-05-19 09:30:16 - [MESSAGE][PASSED] - ctdc.utilities.runtestcaseforKatalon.readStatBarCDS is PASSED

2022-05-19 09:30:16 - [TEST_STEP][PASSED] - waitForElementPresent(findTestObject("CDS/Cases_page/CDSResults_Cases_Tab"), 5): Object 'Object Repository/CDS/Cases_page/CDSResults_Cases_Tab' is present

2022-05-19 09:30:16 - [MESSAGE][PASSED] - Object 'Object Repository/CDS/Cases_page/CDSResults_Cases_Tab' is present

2022-05-19 09:30:16 - [TEST_STEP][PASSED] - ctdc.utilities.runtestcaseforKatalon.clickTab("Object Repository/CDS/Cases_page/CDSResults_Cases_Tab"): ctdc.utilities.runtestcaseforKatalon.clickTab is PASSED

2022-05-19 09:30:16 - [MESSAGE][PASSED] - ctdc.utilities.runtestcaseforKatalon.clickTab is PASSED

2022-05-19 09:30:16 - [TEST_STEP][ERROR] - ctdc.utilities.runtestcaseforKatalon.multiFunction("CDS", G_StatBar_Studies, "Object Repository/CDS/Cases_page/CDS_CasesTable", "Object Repository/CDS/Cases_page/CDS_CasesTableHeader", "Object Repository/CDS/Cases_page/CDS_CasesTabNextBtn", G_WebTabnameCases, G_CypherTabnameCases, G_QueryCasesTab): Test Cases/CDS_TestCases/Accesses/TC03_CDS_Filter_Acesses-Open FAILED.
Reason:
com.kms.katalon.core.exception.StepErrorException: java.lang.IllegalArgumentException: The workbook already contains a sheet named 'WebDataCases'
	at com.kms.katalon.core.main.CustomKeywordDelegatingMetaClass.throwError(CustomKeywordDelegatingMetaClass.java:96)
	at com.kms.katalon.core.main.CustomKeywordDelegatingMetaClass.invokeStaticMethod(CustomKeywordDelegatingMetaClass.java:68)
	at TC03_CDS_Filter_Acesses-Open.run(TC03_CDS_Filter_Acesses-Open:66)
	at com.kms.katalon.core.main.ScriptEngine.run(ScriptEngine.java:194)
	at com.kms.katalon.core.main.ScriptEngine.runScriptAsRawText(ScriptEngine.java:119)
	at com.kms.katalon.core.main.TestCaseExecutor.runScript(TestCaseExecutor.java:442)
	at com.kms.katalon.core.main.TestCaseExecutor.doExecute(TestCaseExecutor.java:433)
	at com.kms.katalon.core.main.TestCaseExecutor.processExecutionPhase(TestCaseExecutor.java:412)
	at com.kms.katalon.core.main.TestCaseExecutor.accessMainPhase(TestCaseExecutor.java:404)
	at com.kms.katalon.core.main.TestCaseExecutor.execute(TestCaseExecutor.java:281)
	at com.kms.katalon.core.main.TestCaseExecutor.execute(TestCaseExecutor.java:363)
	at com.kms.katalon.core.main.TestCaseExecutor.execute(TestCaseExecutor.java:363)
	at com.kms.katalon.core.main.TestCaseExecutor.execute(TestCaseExecutor.java:363)
	at com.kms.katalon.core.main.TestSuiteExecutor.accessTestCaseMainPhase(TestSuiteExecutor.java:202)
	at com.kms.katalon.core.main.TestSuiteExecutor.accessTestSuiteMainPhase(TestSuiteExecutor.java:164)
	at com.kms.katalon.core.main.TestSuiteExecutor.execute(TestSuiteExecutor.java:105)
	at com.kms.katalon.core.main.TestCaseMain.startTestSuite(TestCaseMain.java:181)
	at com.kms.katalon.core.main.TestCaseMain$startTestSuite$0.call(Unknown Source)
	at TempTestSuite1652966084304.run(TempTestSuite1652966084304.groovy:36)
Caused by: java.lang.IllegalArgumentException: The workbook already contains a sheet named 'WebDataCases'
	at org.apache.poi.xssf.usermodel.XSSFWorkbook.validateSheetName(XSSFWorkbook.java:890)
	at org.apache.poi.xssf.usermodel.XSSFWorkbook.createSheet(XSSFWorkbook.java:843)
	at org.apache.poi.xssf.usermodel.XSSFWorkbook.createSheet(XSSFWorkbook.java:122)
	at org.apache.poi.ss.usermodel.Workbook$createSheet$1.call(Unknown Source)
	at ctdc.utilities.runtestcaseforKatalon.writeToExcel(runtestcaseforKatalon.groovy:1171)
	at ctdc.utilities.runtestcaseforKatalon.ReadCasesTableKatalon(runtestcaseforKatalon.groovy:966)
	at ctdc.utilities.runtestcaseforKatalon.multiFunction(runtestcaseforKatalon.groovy:293)
	at ctdc.utilities.runtestcaseforKatalon.invokeMethod(runtestcaseforKatalon.groovy)
	at com.kms.katalon.core.main.CustomKeywordDelegatingMetaClass.invokeStaticMethod(CustomKeywordDelegatingMetaClass.java:50)
	... 17 more


2022-05-19 09:31:04 - [MESSAGE][ERROR] - The workbook already contains a sheet named 'WebDataCases'

2022-05-19 09:31:04 - [MESSAGE][ERROR] - Test Cases/CDS_TestCases/Accesses/TC03_CDS_Filter_Acesses-Open FAILED.
Reason:
com.kms.katalon.core.exception.StepErrorException: java.lang.IllegalArgumentException: The workbook already contains a sheet named 'WebDataCases'
	at com.kms.katalon.core.main.CustomKeywordDelegatingMetaClass.throwError(CustomKeywordDelegatingMetaClass.java:96)
	at com.kms.katalon.core.main.CustomKeywordDelegatingMetaClass.invokeStaticMethod(CustomKeywordDelegatingMetaClass.java:68)
	at TC03_CDS_Filter_Acesses-Open.run(TC03_CDS_Filter_Acesses-Open:66)
	at com.kms.katalon.core.main.ScriptEngine.run(ScriptEngine.java:194)
	at com.kms.katalon.core.main.ScriptEngine.runScriptAsRawText(ScriptEngine.java:119)
	at com.kms.katalon.core.main.TestCaseExecutor.runScript(TestCaseExecutor.java:442)
	at com.kms.katalon.core.main.TestCaseExecutor.doExecute(TestCaseExecutor.java:433)
	at com.kms.katalon.core.main.TestCaseExecutor.processExecutionPhase(TestCaseExecutor.java:412)
	at com.kms.katalon.core.main.TestCaseExecutor.accessMainPhase(TestCaseExecutor.java:404)
	at com.kms.katalon.core.main.TestCaseExecutor.execute(TestCaseExecutor.java:281)
	at com.kms.katalon.core.main.TestCaseExecutor.execute(TestCaseExecutor.java:363)
	at com.kms.katalon.core.main.TestCaseExecutor.execute(TestCaseExecutor.java:363)
	at com.kms.katalon.core.main.TestCaseExecutor.execute(TestCaseExecutor.java:363)
	at com.kms.katalon.core.main.TestSuiteExecutor.accessTestCaseMainPhase(TestSuiteExecutor.java:202)
	at com.kms.katalon.core.main.TestSuiteExecutor.accessTestSuiteMainPhase(TestSuiteExecutor.java:164)
	at com.kms.katalon.core.main.TestSuiteExecutor.execute(TestSuiteExecutor.java:105)
	at com.kms.katalon.core.main.TestCaseMain.startTestSuite(TestCaseMain.java:181)
	at com.kms.katalon.core.main.TestCaseMain$startTestSuite$0.call(Unknown Source)
	at TempTestSuite1652966084304.run(TempTestSuite1652966084304.groovy:36)
Caused by: java.lang.IllegalArgumentException: The workbook already contains a sheet named 'WebDataCases'
	at org.apache.poi.xssf.usermodel.XSSFWorkbook.validateSheetName(XSSFWorkbook.java:890)
	at org.apache.poi.xssf.usermodel.XSSFWorkbook.createSheet(XSSFWorkbook.java:843)
	at org.apache.poi.xssf.usermodel.XSSFWorkbook.createSheet(XSSFWorkbook.java:122)
	at org.apache.poi.ss.usermodel.Workbook$createSheet$1.call(Unknown Source)
	at ctdc.utilities.runtestcaseforKatalon.writeToExcel(runtestcaseforKatalon.groovy:1171)
	at ctdc.utilities.runtestcaseforKatalon.ReadCasesTableKatalon(runtestcaseforKatalon.groovy:966)
	at ctdc.utilities.runtestcaseforKatalon.multiFunction(runtestcaseforKatalon.groovy:293)
	at ctdc.utilities.runtestcaseforKatalon.invokeMethod(runtestcaseforKatalon.groovy)
	at com.kms.katalon.core.main.CustomKeywordDelegatingMetaClass.invokeStaticMethod(CustomKeywordDelegatingMetaClass.java:50)
	... 17 more]]></system-out>
         <system-err><![CDATA[2022-05-19 09:29:16 - [TEST_CASE][ERROR] - Test Cases/CDS_TestCases/Accesses/TC03_CDS_Filter_Acesses-Open: Test Cases/CDS_TestCases/Accesses/TC03_CDS_Filter_Acesses-Open FAILED.
Reason:
java.lang.IllegalArgumentException: The workbook already contains a sheet named 'WebDataCases'
	at org.apache.poi.xssf.usermodel.XSSFWorkbook.validateSheetName(XSSFWorkbook.java:890)
	at org.apache.poi.xssf.usermodel.XSSFWorkbook.createSheet(XSSFWorkbook.java:843)
	at org.apache.poi.xssf.usermodel.XSSFWorkbook.createSheet(XSSFWorkbook.java:122)
	at org.apache.poi.ss.usermodel.Workbook$createSheet$1.call(Unknown Source)
	at ctdc.utilities.runtestcaseforKatalon.writeToExcel(runtestcaseforKatalon.groovy:1171)
	at ctdc.utilities.runtestcaseforKatalon.ReadCasesTableKatalon(runtestcaseforKatalon.groovy:966)
	at ctdc.utilities.runtestcaseforKatalon.multiFunction(runtestcaseforKatalon.groovy:293)
	at ctdc.utilities.runtestcaseforKatalon.invokeMethod(runtestcaseforKatalon.groovy)
	at com.kms.katalon.core.main.CustomKeywordDelegatingMetaClass.invokeStaticMethod(CustomKeywordDelegatingMetaClass.java:50)
	at TC03_CDS_Filter_Acesses-Open.run(TC03_CDS_Filter_Acesses-Open:66)
	at com.kms.katalon.core.main.ScriptEngine.run(ScriptEngine.java:194)
	at com.kms.katalon.core.main.ScriptEngine.runScriptAsRawText(ScriptEngine.java:119)
	at com.kms.katalon.core.main.TestCaseExecutor.runScript(TestCaseExecutor.java:442)
	at com.kms.katalon.core.main.TestCaseExecutor.doExecute(TestCaseExecutor.java:433)
	at com.kms.katalon.core.main.TestCaseExecutor.processExecutionPhase(TestCaseExecutor.java:412)
	at com.kms.katalon.core.main.TestCaseExecutor.accessMainPhase(TestCaseExecutor.java:404)
	at com.kms.katalon.core.main.TestCaseExecutor.execute(TestCaseExecutor.java:281)
	at com.kms.katalon.core.main.TestCaseExecutor.execute(TestCaseExecutor.java:363)
	at com.kms.katalon.core.main.TestCaseExecutor.execute(TestCaseExecutor.java:363)
	at com.kms.katalon.core.main.TestCaseExecutor.execute(TestCaseExecutor.java:363)
	at com.kms.katalon.core.main.TestSuiteExecutor.accessTestCaseMainPhase(TestSuiteExecutor.java:202)
	at com.kms.katalon.core.main.TestSuiteExecutor.accessTestSuiteMainPhase(TestSuiteExecutor.java:164)
	at com.kms.katalon.core.main.TestSuiteExecutor.execute(TestSuiteExecutor.java:105)
	at com.kms.katalon.core.main.TestCaseMain.startTestSuite(TestCaseMain.java:181)
	at com.kms.katalon.core.main.TestCaseMain$startTestSuite$0.call(Unknown Source)
	at TempTestSuite1652966084304.run(TempTestSuite1652966084304.groovy:36)]]></system-err>
      </testcase>
      <testcase name="Test Cases/CDS_TestCases/ExperimentalStrategies/TC01_CDS_Filter_ExprStrtgies-GenotypingArray" time="108.628" classname="Test Cases/CDS_TestCases/ExperimentalStrategies/TC01_CDS_Filter_ExprStrtgies-GenotypingArray" status="PASSED">
         <system-out><![CDATA[2022-05-19 09:31:04 - [TEST_CASE][PASSED] - Test Cases/CDS_TestCases/ExperimentalStrategies/TC01_CDS_Filter_ExprStrtgies-GenotypingArray: Test Cases/CDS_TestCases/ExperimentalStrategies/TC01_CDS_Filter_ExprStrtgies-GenotypingArray

2022-05-19 09:31:04 - [TEST_STEP][PASSED] - Start listener action : getTestScriptName: null

2022-05-19 09:31:04 - [TEST_STEP][PASSED] - TestCaseId = testCaseContext.getTestCaseId(): null

2022-05-19 09:31:04 - [TEST_STEP][PASSED] - G_currentTCName = TestCaseId.substring(TestCaseId.lastIndexOf("TC")): null

2022-05-19 09:31:04 - [TEST_STEP][PASSED] - out.println("This is the test case name: " + G_currentTCName): null

2022-05-19 09:31:05 - [TEST_STEP][PASSED] - closeBrowser(): Browser is closed

2022-05-19 09:31:05 - [MESSAGE][PASSED] - Browser is closed

2022-05-19 09:31:05 - [TEST_STEP][PASSED] - ctdc.utilities.runtestcaseforKatalon.RunKatalon("TC01_CDS_Filter_ExprStrtgies-GenotypingArray.xlsx"): Data loaded from input file for the test case. 

2022-05-19 09:31:05 - [MESSAGE][PASSED] - Test case file loaded This is the full filepath after converting to string :C:\Users\sohilz2\Commons_Automation\InputFiles\TC01_CDS_Filter_ExprStrtgies-GenotypingArray.xlsx

2022-05-19 09:31:05 - [MESSAGE][INFO] - Global variable set for password file is :  C:\Users\sohilz2\Commons_Automation\InputFiles\TC01_CDS_Filter_ExprStrtgies-GenotypingArray.xlsx

2022-05-19 09:31:09 - [MESSAGE][PASSED] - Data loaded from input file for the test case. 

2022-05-19 09:31:50 - [TEST_STEP][PASSED] - waitForElementPresent(findTestObject("Object Repository/CDS/NavBar/CDS_Data-Btn"), 5): Object 'Object Repository/CDS/NavBar/CDS_Data-Btn' is present

2022-05-19 09:31:50 - [MESSAGE][PASSED] - Object 'Object Repository/CDS/NavBar/CDS_Data-Btn' is present

2022-05-19 09:31:50 - [TEST_STEP][PASSED] - ctdc.utilities.runtestcaseforKatalon.clickTabCDSStat("Object Repository/CDS/NavBar/CDS_Data-Btn"): ctdc.utilities.runtestcaseforKatalon.clickTabCDSStat is PASSED

2022-05-19 09:31:55 - [MESSAGE][PASSED] - ctdc.utilities.runtestcaseforKatalon.clickTabCDSStat is PASSED

2022-05-19 09:31:55 - [TEST_STEP][PASSED] - waitForElementPresent(findTestObject("CDS/Filter/ExperimentalStrategies/ExperimentalStartegies_Ddn"), 5): Object 'Object Repository/CDS/Filter/ExperimentalStrategies/ExperimentalStartegies_Ddn' is present

2022-05-19 09:31:56 - [MESSAGE][PASSED] - Object 'Object Repository/CDS/Filter/ExperimentalStrategies/ExperimentalStartegies_Ddn' is present

2022-05-19 09:31:56 - [TEST_STEP][PASSED] - ctdc.utilities.runtestcaseforKatalon.clickTabCDSStat("CDS/Filter/ExperimentalStrategies/ExperimentalStartegies_Ddn"): ctdc.utilities.runtestcaseforKatalon.clickTabCDSStat is PASSED

2022-05-19 09:31:59 - [MESSAGE][PASSED] - ctdc.utilities.runtestcaseforKatalon.clickTabCDSStat is PASSED

2022-05-19 09:31:59 - [TEST_STEP][PASSED] - waitForElementPresent(findTestObject("CDS/Filter/ExperimentalStrategies/GenotypingArray-Chkbx"), 5): Object 'Object Repository/CDS/Filter/ExperimentalStrategies/GenotypingArray-Chkbx' is present

2022-05-19 09:31:59 - [MESSAGE][PASSED] - Object 'Object Repository/CDS/Filter/ExperimentalStrategies/GenotypingArray-Chkbx' is present

2022-05-19 09:31:59 - [TEST_STEP][PASSED] - ctdc.utilities.runtestcaseforKatalon.clickTabCDSStat("CDS/Filter/ExperimentalStrategies/GenotypingArray-Chkbx"): ctdc.utilities.runtestcaseforKatalon.clickTabCDSStat is PASSED

2022-05-19 09:32:03 - [MESSAGE][PASSED] - ctdc.utilities.runtestcaseforKatalon.clickTabCDSStat is PASSED

2022-05-19 09:32:03 - [TEST_STEP][PASSED] - ctdc.utilities.runtestcaseforKatalon.readStatBarCDS("Object Repository/CDS/StatBar/CDS_StatBar-Studies", "Object Repository/CDS/StatBar/CDS_StatBar-DiseaseSites", "Object Repository/CDS/StatBar/CDS_StatBar-Participants", "Object Repository/CDS/StatBar/CDS_StatBar-Samples", "Object Repository/CDS/StatBar/CDS_StatBar-Files"): ctdc.utilities.runtestcaseforKatalon.readStatBarCDS is PASSED

2022-05-19 09:32:19 - [MESSAGE][PASSED] - ctdc.utilities.runtestcaseforKatalon.readStatBarCDS is PASSED

2022-05-19 09:32:19 - [TEST_STEP][PASSED] - waitForElementPresent(findTestObject("CDS/Cases_page/CDSResults_Cases_Tab"), 5): Object 'Object Repository/CDS/Cases_page/CDSResults_Cases_Tab' is present

2022-05-19 09:32:19 - [MESSAGE][PASSED] - Object 'Object Repository/CDS/Cases_page/CDSResults_Cases_Tab' is present

2022-05-19 09:32:19 - [TEST_STEP][PASSED] - ctdc.utilities.runtestcaseforKatalon.clickTab("Object Repository/CDS/Cases_page/CDSResults_Cases_Tab"): ctdc.utilities.runtestcaseforKatalon.clickTab is PASSED

2022-05-19 09:32:20 - [MESSAGE][PASSED] - ctdc.utilities.runtestcaseforKatalon.clickTab is PASSED

2022-05-19 09:32:20 - [TEST_STEP][PASSED] - ctdc.utilities.runtestcaseforKatalon.multiFunction("CDS", G_StatBar_Studies, "Object Repository/CDS/Cases_page/CDS_CasesTable", "Object Repository/CDS/Cases_page/CDS_CasesTableHeader", "Object Repository/CDS/Cases_page/CDS_CasesTabNextBtn", G_WebTabnameCases, G_CypherTabnameCases, G_QueryCasesTab): Statbar Files count matches

2022-05-19 09:32:52 - [MESSAGE][PASSED] - Statbar Studies count matches

2022-05-19 09:32:52 - [MESSAGE][PASSED] - Statbar Disease Site count matches

2022-05-19 09:32:52 - [MESSAGE][PASSED] - Statbar Participants count matches

2022-05-19 09:32:52 - [MESSAGE][PASSED] - Statbar Samples count matches

2022-05-19 09:32:52 - [MESSAGE][PASSED] - Statbar Files count matches

2022-05-19 09:32:52 - [TEST_STEP][PASSED] - closeBrowser(): Browser is closed

2022-05-19 09:32:52 - [MESSAGE][PASSED] - Browser is closed]]></system-out>
         <system-err><![CDATA[]]></system-err>
      </testcase>
      <testcase name="Test Cases/CDS_TestCases/ExperimentalStrategies/TC02_CDS_Filter_ExprStrtgies-MethylationArray" time="67.411" classname="Test Cases/CDS_TestCases/ExperimentalStrategies/TC02_CDS_Filter_ExprStrtgies-MethylationArray" status="ERROR">
         <error type="ERROR" message="Test Cases/CDS_TestCases/ExperimentalStrategies/TC02_CDS_Filter_ExprStrtgies-MethylationArray FAILED.
Reason:
java.lang.IllegalArgumentException: The workbook already contains a sheet named 'WebDataCases'
	at org.apache.poi.xssf.usermodel.XSSFWorkbook.validateSheetName(XSSFWorkbook.java:890)
	at org.apache.poi.xssf.usermodel.XSSFWorkbook.createSheet(XSSFWorkbook.java:843)
	at org.apache.poi.xssf.usermodel.XSSFWorkbook.createSheet(XSSFWorkbook.java:122)
	at org.apache.poi.ss.usermodel.Workbook$createSheet$1.call(Unknown Source)
	at ctdc.utilities.runtestcaseforKatalon.writeToExcel(runtestcaseforKatalon.groovy:1171)
	at ctdc.utilities.runtestcaseforKatalon.ReadCasesTableKatalon(runtestcaseforKatalon.groovy:966)
	at ctdc.utilities.runtestcaseforKatalon.multiFunction(runtestcaseforKatalon.groovy:293)
	at ctdc.utilities.runtestcaseforKatalon.invokeMethod(runtestcaseforKatalon.groovy)
	at com.kms.katalon.core.main.CustomKeywordDelegatingMetaClass.invokeStaticMethod(CustomKeywordDelegatingMetaClass.java:50)
	at TC02_CDS_Filter_ExprStrtgies-MethylationArray.run(TC02_CDS_Filter_ExprStrtgies-MethylationArray:66)
	at com.kms.katalon.core.main.ScriptEngine.run(ScriptEngine.java:194)
	at com.kms.katalon.core.main.ScriptEngine.runScriptAsRawText(ScriptEngine.java:119)
	at com.kms.katalon.core.main.TestCaseExecutor.runScript(TestCaseExecutor.java:442)
	at com.kms.katalon.core.main.TestCaseExecutor.doExecute(TestCaseExecutor.java:433)
	at com.kms.katalon.core.main.TestCaseExecutor.processExecutionPhase(TestCaseExecutor.java:412)
	at com.kms.katalon.core.main.TestCaseExecutor.accessMainPhase(TestCaseExecutor.java:404)
	at com.kms.katalon.core.main.TestCaseExecutor.execute(TestCaseExecutor.java:281)
	at com.kms.katalon.core.main.TestCaseExecutor.execute(TestCaseExecutor.java:363)
	at com.kms.katalon.core.main.TestCaseExecutor.execute(TestCaseExecutor.java:363)
	at com.kms.katalon.core.main.TestCaseExecutor.execute(TestCaseExecutor.java:363)
	at com.kms.katalon.core.main.TestSuiteExecutor.accessTestCaseMainPhase(TestSuiteExecutor.java:202)
	at com.kms.katalon.core.main.TestSuiteExecutor.accessTestSuiteMainPhase(TestSuiteExecutor.java:164)
	at com.kms.katalon.core.main.TestSuiteExecutor.execute(TestSuiteExecutor.java:105)
	at com.kms.katalon.core.main.TestCaseMain.startTestSuite(TestCaseMain.java:181)
	at com.kms.katalon.core.main.TestCaseMain$startTestSuite$0.call(Unknown Source)
	at TempTestSuite1652966084304.run(TempTestSuite1652966084304.groovy:36)
"/>
         <system-out><![CDATA[2022-05-19 09:36:43 - [TEST_CASE][ERROR] - Test Cases/CDS_TestCases/ExperimentalStrategies/TC02_CDS_Filter_ExprStrtgies-MethylationArray: Test Cases/CDS_TestCases/ExperimentalStrategies/TC02_CDS_Filter_ExprStrtgies-MethylationArray FAILED.
Reason:
java.lang.IllegalArgumentException: The workbook already contains a sheet named 'WebDataCases'
	at org.apache.poi.xssf.usermodel.XSSFWorkbook.validateSheetName(XSSFWorkbook.java:890)
	at org.apache.poi.xssf.usermodel.XSSFWorkbook.createSheet(XSSFWorkbook.java:843)
	at org.apache.poi.xssf.usermodel.XSSFWorkbook.createSheet(XSSFWorkbook.java:122)
	at org.apache.poi.ss.usermodel.Workbook$createSheet$1.call(Unknown Source)
	at ctdc.utilities.runtestcaseforKatalon.writeToExcel(runtestcaseforKatalon.groovy:1171)
	at ctdc.utilities.runtestcaseforKatalon.ReadCasesTableKatalon(runtestcaseforKatalon.groovy:966)
	at ctdc.utilities.runtestcaseforKatalon.multiFunction(runtestcaseforKatalon.groovy:293)
	at ctdc.utilities.runtestcaseforKatalon.invokeMethod(runtestcaseforKatalon.groovy)
	at com.kms.katalon.core.main.CustomKeywordDelegatingMetaClass.invokeStaticMethod(CustomKeywordDelegatingMetaClass.java:50)
	at TC02_CDS_Filter_ExprStrtgies-MethylationArray.run(TC02_CDS_Filter_ExprStrtgies-MethylationArray:66)
	at com.kms.katalon.core.main.ScriptEngine.run(ScriptEngine.java:194)
	at com.kms.katalon.core.main.ScriptEngine.runScriptAsRawText(ScriptEngine.java:119)
	at com.kms.katalon.core.main.TestCaseExecutor.runScript(TestCaseExecutor.java:442)
	at com.kms.katalon.core.main.TestCaseExecutor.doExecute(TestCaseExecutor.java:433)
	at com.kms.katalon.core.main.TestCaseExecutor.processExecutionPhase(TestCaseExecutor.java:412)
	at com.kms.katalon.core.main.TestCaseExecutor.accessMainPhase(TestCaseExecutor.java:404)
	at com.kms.katalon.core.main.TestCaseExecutor.execute(TestCaseExecutor.java:281)
	at com.kms.katalon.core.main.TestCaseExecutor.execute(TestCaseExecutor.java:363)
	at com.kms.katalon.core.main.TestCaseExecutor.execute(TestCaseExecutor.java:363)
	at com.kms.katalon.core.main.TestCaseExecutor.execute(TestCaseExecutor.java:363)
	at com.kms.katalon.core.main.TestSuiteExecutor.accessTestCaseMainPhase(TestSuiteExecutor.java:202)
	at com.kms.katalon.core.main.TestSuiteExecutor.accessTestSuiteMainPhase(TestSuiteExecutor.java:164)
	at com.kms.katalon.core.main.TestSuiteExecutor.execute(TestSuiteExecutor.java:105)
	at com.kms.katalon.core.main.TestCaseMain.startTestSuite(TestCaseMain.java:181)
	at com.kms.katalon.core.main.TestCaseMain$startTestSuite$0.call(Unknown Source)
	at TempTestSuite1652966084304.run(TempTestSuite1652966084304.groovy:36)


2022-05-19 09:36:43 - [TEST_STEP][PASSED] - Start listener action : getTestScriptName: null

2022-05-19 09:36:43 - [TEST_STEP][PASSED] - TestCaseId = testCaseContext.getTestCaseId(): null

2022-05-19 09:36:43 - [TEST_STEP][PASSED] - G_currentTCName = TestCaseId.substring(TestCaseId.lastIndexOf("TC")): null

2022-05-19 09:36:43 - [TEST_STEP][PASSED] - out.println("This is the test case name: " + G_currentTCName): null

2022-05-19 09:36:43 - [TEST_STEP][PASSED] - closeBrowser(): Browser is closed

2022-05-19 09:36:44 - [MESSAGE][PASSED] - Browser is closed

2022-05-19 09:36:44 - [TEST_STEP][PASSED] - ctdc.utilities.runtestcaseforKatalon.RunKatalon("TC02_CDS_Filter_ExprStrtgies-MethylationArray.xlsx"): Data loaded from input file for the test case. 

2022-05-19 09:36:44 - [MESSAGE][PASSED] - Test case file loaded This is the full filepath after converting to string :C:\Users\sohilz2\Commons_Automation\InputFiles\TC02_CDS_Filter_ExprStrtgies-MethylationArray.xlsx

2022-05-19 09:36:44 - [MESSAGE][INFO] - Global variable set for password file is :  C:\Users\sohilz2\Commons_Automation\InputFiles\TC02_CDS_Filter_ExprStrtgies-MethylationArray.xlsx

2022-05-19 09:36:48 - [MESSAGE][PASSED] - Data loaded from input file for the test case. 

2022-05-19 09:37:08 - [TEST_STEP][PASSED] - waitForElementPresent(findTestObject("Object Repository/CDS/NavBar/CDS_Data-Btn"), 5): Object 'Object Repository/CDS/NavBar/CDS_Data-Btn' is present

2022-05-19 09:37:08 - [MESSAGE][PASSED] - Object 'Object Repository/CDS/NavBar/CDS_Data-Btn' is present

2022-05-19 09:37:08 - [TEST_STEP][PASSED] - ctdc.utilities.runtestcaseforKatalon.clickTabCDSStat("Object Repository/CDS/NavBar/CDS_Data-Btn"): ctdc.utilities.runtestcaseforKatalon.clickTabCDSStat is PASSED

2022-05-19 09:37:12 - [MESSAGE][PASSED] - ctdc.utilities.runtestcaseforKatalon.clickTabCDSStat is PASSED

2022-05-19 09:37:12 - [TEST_STEP][PASSED] - waitForElementPresent(findTestObject("CDS/Filter/ExperimentalStrategies/ExperimentalStartegies_Ddn"), 5): Object 'Object Repository/CDS/Filter/ExperimentalStrategies/ExperimentalStartegies_Ddn' is present

2022-05-19 09:37:12 - [MESSAGE][PASSED] - Object 'Object Repository/CDS/Filter/ExperimentalStrategies/ExperimentalStartegies_Ddn' is present

2022-05-19 09:37:12 - [TEST_STEP][PASSED] - ctdc.utilities.runtestcaseforKatalon.clickTabCDSStat("CDS/Filter/ExperimentalStrategies/ExperimentalStartegies_Ddn"): ctdc.utilities.runtestcaseforKatalon.clickTabCDSStat is PASSED

2022-05-19 09:37:16 - [MESSAGE][PASSED] - ctdc.utilities.runtestcaseforKatalon.clickTabCDSStat is PASSED

2022-05-19 09:37:16 - [TEST_STEP][PASSED] - waitForElementPresent(findTestObject("CDS/Filter/ExperimentalStrategies/MethylationArray-Chkbx"), 5): Object 'Object Repository/CDS/Filter/ExperimentalStrategies/MethylationArray-Chkbx' is present

2022-05-19 09:37:16 - [MESSAGE][PASSED] - Object 'Object Repository/CDS/Filter/ExperimentalStrategies/MethylationArray-Chkbx' is present

2022-05-19 09:37:16 - [TEST_STEP][PASSED] - ctdc.utilities.runtestcaseforKatalon.clickTabCDSStat("CDS/Filter/ExperimentalStrategies/MethylationArray-Chkbx"): ctdc.utilities.runtestcaseforKatalon.clickTabCDSStat is PASSED

2022-05-19 09:37:20 - [MESSAGE][PASSED] - ctdc.utilities.runtestcaseforKatalon.clickTabCDSStat is PASSED

2022-05-19 09:37:20 - [TEST_STEP][PASSED] - ctdc.utilities.runtestcaseforKatalon.readStatBarCDS("Object Repository/CDS/StatBar/CDS_StatBar-Studies", "Object Repository/CDS/StatBar/CDS_StatBar-DiseaseSites", "Object Repository/CDS/StatBar/CDS_StatBar-Participants", "Object Repository/CDS/StatBar/CDS_StatBar-Samples", "Object Repository/CDS/StatBar/CDS_StatBar-Files"): ctdc.utilities.runtestcaseforKatalon.readStatBarCDS is PASSED

2022-05-19 09:37:36 - [MESSAGE][PASSED] - ctdc.utilities.runtestcaseforKatalon.readStatBarCDS is PASSED

2022-05-19 09:37:36 - [TEST_STEP][PASSED] - waitForElementPresent(findTestObject("CDS/Cases_page/CDSResults_Cases_Tab"), 5): Object 'Object Repository/CDS/Cases_page/CDSResults_Cases_Tab' is present

2022-05-19 09:37:36 - [MESSAGE][PASSED] - Object 'Object Repository/CDS/Cases_page/CDSResults_Cases_Tab' is present

2022-05-19 09:37:36 - [TEST_STEP][PASSED] - ctdc.utilities.runtestcaseforKatalon.clickTab("Object Repository/CDS/Cases_page/CDSResults_Cases_Tab"): ctdc.utilities.runtestcaseforKatalon.clickTab is PASSED

2022-05-19 09:37:36 - [MESSAGE][PASSED] - ctdc.utilities.runtestcaseforKatalon.clickTab is PASSED

2022-05-19 09:37:36 - [TEST_STEP][ERROR] - ctdc.utilities.runtestcaseforKatalon.multiFunction("CDS", G_StatBar_Studies, "Object Repository/CDS/Cases_page/CDS_CasesTable", "Object Repository/CDS/Cases_page/CDS_CasesTableHeader", "Object Repository/CDS/Cases_page/CDS_CasesTabNextBtn", G_WebTabnameCases, G_CypherTabnameCases, G_QueryCasesTab): Test Cases/CDS_TestCases/ExperimentalStrategies/TC02_CDS_Filter_ExprStrtgies-MethylationArray FAILED.
Reason:
com.kms.katalon.core.exception.StepErrorException: java.lang.IllegalArgumentException: The workbook already contains a sheet named 'WebDataCases'
	at com.kms.katalon.core.main.CustomKeywordDelegatingMetaClass.throwError(CustomKeywordDelegatingMetaClass.java:96)
	at com.kms.katalon.core.main.CustomKeywordDelegatingMetaClass.invokeStaticMethod(CustomKeywordDelegatingMetaClass.java:68)
	at TC02_CDS_Filter_ExprStrtgies-MethylationArray.run(TC02_CDS_Filter_ExprStrtgies-MethylationArray:66)
	at com.kms.katalon.core.main.ScriptEngine.run(ScriptEngine.java:194)
	at com.kms.katalon.core.main.ScriptEngine.runScriptAsRawText(ScriptEngine.java:119)
	at com.kms.katalon.core.main.TestCaseExecutor.runScript(TestCaseExecutor.java:442)
	at com.kms.katalon.core.main.TestCaseExecutor.doExecute(TestCaseExecutor.java:433)
	at com.kms.katalon.core.main.TestCaseExecutor.processExecutionPhase(TestCaseExecutor.java:412)
	at com.kms.katalon.core.main.TestCaseExecutor.accessMainPhase(TestCaseExecutor.java:404)
	at com.kms.katalon.core.main.TestCaseExecutor.execute(TestCaseExecutor.java:281)
	at com.kms.katalon.core.main.TestCaseExecutor.execute(TestCaseExecutor.java:363)
	at com.kms.katalon.core.main.TestCaseExecutor.execute(TestCaseExecutor.java:363)
	at com.kms.katalon.core.main.TestCaseExecutor.execute(TestCaseExecutor.java:363)
	at com.kms.katalon.core.main.TestSuiteExecutor.accessTestCaseMainPhase(TestSuiteExecutor.java:202)
	at com.kms.katalon.core.main.TestSuiteExecutor.accessTestSuiteMainPhase(TestSuiteExecutor.java:164)
	at com.kms.katalon.core.main.TestSuiteExecutor.execute(TestSuiteExecutor.java:105)
	at com.kms.katalon.core.main.TestCaseMain.startTestSuite(TestCaseMain.java:181)
	at com.kms.katalon.core.main.TestCaseMain$startTestSuite$0.call(Unknown Source)
	at TempTestSuite1652966084304.run(TempTestSuite1652966084304.groovy:36)
Caused by: java.lang.IllegalArgumentException: The workbook already contains a sheet named 'WebDataCases'
	at org.apache.poi.xssf.usermodel.XSSFWorkbook.validateSheetName(XSSFWorkbook.java:890)
	at org.apache.poi.xssf.usermodel.XSSFWorkbook.createSheet(XSSFWorkbook.java:843)
	at org.apache.poi.xssf.usermodel.XSSFWorkbook.createSheet(XSSFWorkbook.java:122)
	at org.apache.poi.ss.usermodel.Workbook$createSheet$1.call(Unknown Source)
	at ctdc.utilities.runtestcaseforKatalon.writeToExcel(runtestcaseforKatalon.groovy:1171)
	at ctdc.utilities.runtestcaseforKatalon.ReadCasesTableKatalon(runtestcaseforKatalon.groovy:966)
	at ctdc.utilities.runtestcaseforKatalon.multiFunction(runtestcaseforKatalon.groovy:293)
	at ctdc.utilities.runtestcaseforKatalon.invokeMethod(runtestcaseforKatalon.groovy)
	at com.kms.katalon.core.main.CustomKeywordDelegatingMetaClass.invokeStaticMethod(CustomKeywordDelegatingMetaClass.java:50)
	... 17 more


2022-05-19 09:37:50 - [MESSAGE][ERROR] - The workbook already contains a sheet named 'WebDataCases'

2022-05-19 09:37:50 - [MESSAGE][ERROR] - Test Cases/CDS_TestCases/ExperimentalStrategies/TC02_CDS_Filter_ExprStrtgies-MethylationArray FAILED.
Reason:
com.kms.katalon.core.exception.StepErrorException: java.lang.IllegalArgumentException: The workbook already contains a sheet named 'WebDataCases'
	at com.kms.katalon.core.main.CustomKeywordDelegatingMetaClass.throwError(CustomKeywordDelegatingMetaClass.java:96)
	at com.kms.katalon.core.main.CustomKeywordDelegatingMetaClass.invokeStaticMethod(CustomKeywordDelegatingMetaClass.java:68)
	at TC02_CDS_Filter_ExprStrtgies-MethylationArray.run(TC02_CDS_Filter_ExprStrtgies-MethylationArray:66)
	at com.kms.katalon.core.main.ScriptEngine.run(ScriptEngine.java:194)
	at com.kms.katalon.core.main.ScriptEngine.runScriptAsRawText(ScriptEngine.java:119)
	at com.kms.katalon.core.main.TestCaseExecutor.runScript(TestCaseExecutor.java:442)
	at com.kms.katalon.core.main.TestCaseExecutor.doExecute(TestCaseExecutor.java:433)
	at com.kms.katalon.core.main.TestCaseExecutor.processExecutionPhase(TestCaseExecutor.java:412)
	at com.kms.katalon.core.main.TestCaseExecutor.accessMainPhase(TestCaseExecutor.java:404)
	at com.kms.katalon.core.main.TestCaseExecutor.execute(TestCaseExecutor.java:281)
	at com.kms.katalon.core.main.TestCaseExecutor.execute(TestCaseExecutor.java:363)
	at com.kms.katalon.core.main.TestCaseExecutor.execute(TestCaseExecutor.java:363)
	at com.kms.katalon.core.main.TestCaseExecutor.execute(TestCaseExecutor.java:363)
	at com.kms.katalon.core.main.TestSuiteExecutor.accessTestCaseMainPhase(TestSuiteExecutor.java:202)
	at com.kms.katalon.core.main.TestSuiteExecutor.accessTestSuiteMainPhase(TestSuiteExecutor.java:164)
	at com.kms.katalon.core.main.TestSuiteExecutor.execute(TestSuiteExecutor.java:105)
	at com.kms.katalon.core.main.TestCaseMain.startTestSuite(TestCaseMain.java:181)
	at com.kms.katalon.core.main.TestCaseMain$startTestSuite$0.call(Unknown Source)
	at TempTestSuite1652966084304.run(TempTestSuite1652966084304.groovy:36)
Caused by: java.lang.IllegalArgumentException: The workbook already contains a sheet named 'WebDataCases'
	at org.apache.poi.xssf.usermodel.XSSFWorkbook.validateSheetName(XSSFWorkbook.java:890)
	at org.apache.poi.xssf.usermodel.XSSFWorkbook.createSheet(XSSFWorkbook.java:843)
	at org.apache.poi.xssf.usermodel.XSSFWorkbook.createSheet(XSSFWorkbook.java:122)
	at org.apache.poi.ss.usermodel.Workbook$createSheet$1.call(Unknown Source)
	at ctdc.utilities.runtestcaseforKatalon.writeToExcel(runtestcaseforKatalon.groovy:1171)
	at ctdc.utilities.runtestcaseforKatalon.ReadCasesTableKatalon(runtestcaseforKatalon.groovy:966)
	at ctdc.utilities.runtestcaseforKatalon.multiFunction(runtestcaseforKatalon.groovy:293)
	at ctdc.utilities.runtestcaseforKatalon.invokeMethod(runtestcaseforKatalon.groovy)
	at com.kms.katalon.core.main.CustomKeywordDelegatingMetaClass.invokeStaticMethod(CustomKeywordDelegatingMetaClass.java:50)
	... 17 more]]></system-out>
         <system-err><![CDATA[2022-05-19 09:36:43 - [TEST_CASE][ERROR] - Test Cases/CDS_TestCases/ExperimentalStrategies/TC02_CDS_Filter_ExprStrtgies-MethylationArray: Test Cases/CDS_TestCases/ExperimentalStrategies/TC02_CDS_Filter_ExprStrtgies-MethylationArray FAILED.
Reason:
java.lang.IllegalArgumentException: The workbook already contains a sheet named 'WebDataCases'
	at org.apache.poi.xssf.usermodel.XSSFWorkbook.validateSheetName(XSSFWorkbook.java:890)
	at org.apache.poi.xssf.usermodel.XSSFWorkbook.createSheet(XSSFWorkbook.java:843)
	at org.apache.poi.xssf.usermodel.XSSFWorkbook.createSheet(XSSFWorkbook.java:122)
	at org.apache.poi.ss.usermodel.Workbook$createSheet$1.call(Unknown Source)
	at ctdc.utilities.runtestcaseforKatalon.writeToExcel(runtestcaseforKatalon.groovy:1171)
	at ctdc.utilities.runtestcaseforKatalon.ReadCasesTableKatalon(runtestcaseforKatalon.groovy:966)
	at ctdc.utilities.runtestcaseforKatalon.multiFunction(runtestcaseforKatalon.groovy:293)
	at ctdc.utilities.runtestcaseforKatalon.invokeMethod(runtestcaseforKatalon.groovy)
	at com.kms.katalon.core.main.CustomKeywordDelegatingMetaClass.invokeStaticMethod(CustomKeywordDelegatingMetaClass.java:50)
	at TC02_CDS_Filter_ExprStrtgies-MethylationArray.run(TC02_CDS_Filter_ExprStrtgies-MethylationArray:66)
	at com.kms.katalon.core.main.ScriptEngine.run(ScriptEngine.java:194)
	at com.kms.katalon.core.main.ScriptEngine.runScriptAsRawText(ScriptEngine.java:119)
	at com.kms.katalon.core.main.TestCaseExecutor.runScript(TestCaseExecutor.java:442)
	at com.kms.katalon.core.main.TestCaseExecutor.doExecute(TestCaseExecutor.java:433)
	at com.kms.katalon.core.main.TestCaseExecutor.processExecutionPhase(TestCaseExecutor.java:412)
	at com.kms.katalon.core.main.TestCaseExecutor.accessMainPhase(TestCaseExecutor.java:404)
	at com.kms.katalon.core.main.TestCaseExecutor.execute(TestCaseExecutor.java:281)
	at com.kms.katalon.core.main.TestCaseExecutor.execute(TestCaseExecutor.java:363)
	at com.kms.katalon.core.main.TestCaseExecutor.execute(TestCaseExecutor.java:363)
	at com.kms.katalon.core.main.TestCaseExecutor.execute(TestCaseExecutor.java:363)
	at com.kms.katalon.core.main.TestSuiteExecutor.accessTestCaseMainPhase(TestSuiteExecutor.java:202)
	at com.kms.katalon.core.main.TestSuiteExecutor.accessTestSuiteMainPhase(TestSuiteExecutor.java:164)
	at com.kms.katalon.core.main.TestSuiteExecutor.execute(TestSuiteExecutor.java:105)
	at com.kms.katalon.core.main.TestCaseMain.startTestSuite(TestCaseMain.java:181)
	at com.kms.katalon.core.main.TestCaseMain$startTestSuite$0.call(Unknown Source)
	at TempTestSuite1652966084304.run(TempTestSuite1652966084304.groovy:36)]]></system-err>
      </testcase>
      <testcase name="Test Cases/CDS_TestCases/ExperimentalStrategies/TC03_CDS_Filter_ExprStrtgies-RNASeq" time="75.254" classname="Test Cases/CDS_TestCases/ExperimentalStrategies/TC03_CDS_Filter_ExprStrtgies-RNASeq" status="PASSED">
         <system-out><![CDATA[2022-05-19 09:37:50 - [TEST_CASE][PASSED] - Test Cases/CDS_TestCases/ExperimentalStrategies/TC03_CDS_Filter_ExprStrtgies-RNASeq: Test Cases/CDS_TestCases/ExperimentalStrategies/TC03_CDS_Filter_ExprStrtgies-RNASeq

2022-05-19 09:37:50 - [TEST_STEP][PASSED] - Start listener action : getTestScriptName: null

2022-05-19 09:37:50 - [TEST_STEP][PASSED] - TestCaseId = testCaseContext.getTestCaseId(): null

2022-05-19 09:37:50 - [TEST_STEP][PASSED] - G_currentTCName = TestCaseId.substring(TestCaseId.lastIndexOf("TC")): null

2022-05-19 09:37:50 - [TEST_STEP][PASSED] - out.println("This is the test case name: " + G_currentTCName): null

2022-05-19 09:37:51 - [TEST_STEP][PASSED] - closeBrowser(): Browser is closed

2022-05-19 09:37:52 - [MESSAGE][PASSED] - Browser is closed

2022-05-19 09:37:52 - [TEST_STEP][PASSED] - ctdc.utilities.runtestcaseforKatalon.RunKatalon("TC03_CDS_Filter_ExprStrtgies-RNASeq.xlsx"): Data loaded from input file for the test case. 

2022-05-19 09:37:52 - [MESSAGE][PASSED] - Test case file loaded This is the full filepath after converting to string :C:\Users\sohilz2\Commons_Automation\InputFiles\TC03_CDS_Filter_ExprStrtgies-RNASeq.xlsx

2022-05-19 09:37:52 - [MESSAGE][INFO] - Global variable set for password file is :  C:\Users\sohilz2\Commons_Automation\InputFiles\TC03_CDS_Filter_ExprStrtgies-RNASeq.xlsx

2022-05-19 09:37:56 - [MESSAGE][PASSED] - Data loaded from input file for the test case. 

2022-05-19 09:38:17 - [TEST_STEP][PASSED] - waitForElementPresent(findTestObject("Object Repository/CDS/NavBar/CDS_Data-Btn"), 5): Object 'Object Repository/CDS/NavBar/CDS_Data-Btn' is present

2022-05-19 09:38:17 - [MESSAGE][PASSED] - Object 'Object Repository/CDS/NavBar/CDS_Data-Btn' is present

2022-05-19 09:38:17 - [TEST_STEP][PASSED] - ctdc.utilities.runtestcaseforKatalon.clickTabCDSStat("Object Repository/CDS/NavBar/CDS_Data-Btn"): ctdc.utilities.runtestcaseforKatalon.clickTabCDSStat is PASSED

2022-05-19 09:38:21 - [MESSAGE][PASSED] - ctdc.utilities.runtestcaseforKatalon.clickTabCDSStat is PASSED

2022-05-19 09:38:21 - [TEST_STEP][PASSED] - waitForElementPresent(findTestObject("CDS/Filter/ExperimentalStrategies/ExperimentalStartegies_Ddn"), 5): Object 'Object Repository/CDS/Filter/ExperimentalStrategies/ExperimentalStartegies_Ddn' is present

2022-05-19 09:38:21 - [MESSAGE][PASSED] - Object 'Object Repository/CDS/Filter/ExperimentalStrategies/ExperimentalStartegies_Ddn' is present

2022-05-19 09:38:21 - [TEST_STEP][PASSED] - ctdc.utilities.runtestcaseforKatalon.clickTabCDSStat("CDS/Filter/ExperimentalStrategies/ExperimentalStartegies_Ddn"): ctdc.utilities.runtestcaseforKatalon.clickTabCDSStat is PASSED

2022-05-19 09:38:24 - [MESSAGE][PASSED] - ctdc.utilities.runtestcaseforKatalon.clickTabCDSStat is PASSED

2022-05-19 09:38:24 - [TEST_STEP][PASSED] - waitForElementPresent(findTestObject("CDS/Filter/ExperimentalStrategies/RNASeq-Chkbx"), 5): Object 'Object Repository/CDS/Filter/ExperimentalStrategies/RNASeq-Chkbx' is present

2022-05-19 09:38:25 - [MESSAGE][PASSED] - Object 'Object Repository/CDS/Filter/ExperimentalStrategies/RNASeq-Chkbx' is present

2022-05-19 09:38:25 - [TEST_STEP][PASSED] - ctdc.utilities.runtestcaseforKatalon.clickTabCDSStat("CDS/Filter/ExperimentalStrategies/RNASeq-Chkbx"): ctdc.utilities.runtestcaseforKatalon.clickTabCDSStat is PASSED

2022-05-19 09:38:28 - [MESSAGE][PASSED] - ctdc.utilities.runtestcaseforKatalon.clickTabCDSStat is PASSED

2022-05-19 09:38:28 - [TEST_STEP][PASSED] - ctdc.utilities.runtestcaseforKatalon.readStatBarCDS("Object Repository/CDS/StatBar/CDS_StatBar-Studies", "Object Repository/CDS/StatBar/CDS_StatBar-DiseaseSites", "Object Repository/CDS/StatBar/CDS_StatBar-Participants", "Object Repository/CDS/StatBar/CDS_StatBar-Samples", "Object Repository/CDS/StatBar/CDS_StatBar-Files"): ctdc.utilities.runtestcaseforKatalon.readStatBarCDS is PASSED

2022-05-19 09:38:44 - [MESSAGE][PASSED] - ctdc.utilities.runtestcaseforKatalon.readStatBarCDS is PASSED

2022-05-19 09:38:44 - [TEST_STEP][PASSED] - waitForElementPresent(findTestObject("CDS/Cases_page/CDSResults_Cases_Tab"), 5): Object 'Object Repository/CDS/Cases_page/CDSResults_Cases_Tab' is present

2022-05-19 09:38:45 - [MESSAGE][PASSED] - Object 'Object Repository/CDS/Cases_page/CDSResults_Cases_Tab' is present

2022-05-19 09:38:45 - [TEST_STEP][PASSED] - ctdc.utilities.runtestcaseforKatalon.clickTab("Object Repository/CDS/Cases_page/CDSResults_Cases_Tab"): ctdc.utilities.runtestcaseforKatalon.clickTab is PASSED

2022-05-19 09:38:45 - [MESSAGE][PASSED] - ctdc.utilities.runtestcaseforKatalon.clickTab is PASSED

2022-05-19 09:38:45 - [TEST_STEP][PASSED] - ctdc.utilities.runtestcaseforKatalon.multiFunction("CDS", G_StatBar_Studies, "Object Repository/CDS/Cases_page/CDS_CasesTable", "Object Repository/CDS/Cases_page/CDS_CasesTableHeader", "Object Repository/CDS/Cases_page/CDS_CasesTabNextBtn", G_WebTabnameCases, G_CypherTabnameCases, G_QueryCasesTab): Statbar Files count matches

2022-05-19 09:39:05 - [MESSAGE][PASSED] - Statbar Studies count matches

2022-05-19 09:39:05 - [MESSAGE][PASSED] - Statbar Disease Site count matches

2022-05-19 09:39:05 - [MESSAGE][PASSED] - Statbar Participants count matches

2022-05-19 09:39:05 - [MESSAGE][PASSED] - Statbar Samples count matches

2022-05-19 09:39:05 - [MESSAGE][PASSED] - Statbar Files count matches

2022-05-19 09:39:05 - [TEST_STEP][PASSED] - closeBrowser(): Browser is closed

2022-05-19 09:39:06 - [MESSAGE][PASSED] - Browser is closed]]></system-out>
         <system-err><![CDATA[]]></system-err>
      </testcase>
      <testcase name="Test Cases/CDS_TestCases/FileType/TC01_CDS_Filter_FileType-Tbd" time="26.35" classname="Test Cases/CDS_TestCases/FileType/TC01_CDS_Filter_FileType-Tbd" status="ERROR">
         <error type="ERROR" message="Test Cases/CDS_TestCases/FileType/TC01_CDS_Filter_FileType-Tbd FAILED.
Reason:
java.lang.NullPointerException: Cannot invoke method findPropertyValue() on null object
	at com.kms.katalon.core.testobject.TestObject$findPropertyValue.call(Unknown Source)
	at ctdc.utilities.runtestcaseforKatalon.givexpath(runtestcaseforKatalon.groovy:1146)
	at ctdc.utilities.runtestcaseforKatalon.clickTab(runtestcaseforKatalon.groovy:1577)
	at ctdc.utilities.runtestcaseforKatalon.invokeMethod(runtestcaseforKatalon.groovy)
	at com.kms.katalon.core.main.CustomKeywordDelegatingMetaClass.invokeStaticMethod(CustomKeywordDelegatingMetaClass.java:50)
	at TC01_CDS_Filter_FileType-Tbd.run(TC01_CDS_Filter_FileType-Tbd:54)
	at com.kms.katalon.core.main.ScriptEngine.run(ScriptEngine.java:194)
	at com.kms.katalon.core.main.ScriptEngine.runScriptAsRawText(ScriptEngine.java:119)
	at com.kms.katalon.core.main.TestCaseExecutor.runScript(TestCaseExecutor.java:442)
	at com.kms.katalon.core.main.TestCaseExecutor.doExecute(TestCaseExecutor.java:433)
	at com.kms.katalon.core.main.TestCaseExecutor.processExecutionPhase(TestCaseExecutor.java:412)
	at com.kms.katalon.core.main.TestCaseExecutor.accessMainPhase(TestCaseExecutor.java:404)
	at com.kms.katalon.core.main.TestCaseExecutor.execute(TestCaseExecutor.java:281)
	at com.kms.katalon.core.main.TestCaseExecutor.execute(TestCaseExecutor.java:363)
	at com.kms.katalon.core.main.TestCaseExecutor.execute(TestCaseExecutor.java:363)
	at com.kms.katalon.core.main.TestCaseExecutor.execute(TestCaseExecutor.java:363)
	at com.kms.katalon.core.main.TestSuiteExecutor.accessTestCaseMainPhase(TestSuiteExecutor.java:202)
	at com.kms.katalon.core.main.TestSuiteExecutor.accessTestSuiteMainPhase(TestSuiteExecutor.java:164)
	at com.kms.katalon.core.main.TestSuiteExecutor.execute(TestSuiteExecutor.java:105)
	at com.kms.katalon.core.main.TestCaseMain.startTestSuite(TestCaseMain.java:181)
	at com.kms.katalon.core.main.TestCaseMain$startTestSuite$0.call(Unknown Source)
	at TempTestSuite1652966084304.run(TempTestSuite1652966084304.groovy:36)
"/>
         <system-out><![CDATA[2022-05-19 09:40:25 - [TEST_CASE][ERROR] - Test Cases/CDS_TestCases/FileType/TC01_CDS_Filter_FileType-Tbd: Test Cases/CDS_TestCases/FileType/TC01_CDS_Filter_FileType-Tbd FAILED.
Reason:
java.lang.NullPointerException: Cannot invoke method findPropertyValue() on null object
	at com.kms.katalon.core.testobject.TestObject$findPropertyValue.call(Unknown Source)
	at ctdc.utilities.runtestcaseforKatalon.givexpath(runtestcaseforKatalon.groovy:1146)
	at ctdc.utilities.runtestcaseforKatalon.clickTab(runtestcaseforKatalon.groovy:1577)
	at ctdc.utilities.runtestcaseforKatalon.invokeMethod(runtestcaseforKatalon.groovy)
	at com.kms.katalon.core.main.CustomKeywordDelegatingMetaClass.invokeStaticMethod(CustomKeywordDelegatingMetaClass.java:50)
	at TC01_CDS_Filter_FileType-Tbd.run(TC01_CDS_Filter_FileType-Tbd:54)
	at com.kms.katalon.core.main.ScriptEngine.run(ScriptEngine.java:194)
	at com.kms.katalon.core.main.ScriptEngine.runScriptAsRawText(ScriptEngine.java:119)
	at com.kms.katalon.core.main.TestCaseExecutor.runScript(TestCaseExecutor.java:442)
	at com.kms.katalon.core.main.TestCaseExecutor.doExecute(TestCaseExecutor.java:433)
	at com.kms.katalon.core.main.TestCaseExecutor.processExecutionPhase(TestCaseExecutor.java:412)
	at com.kms.katalon.core.main.TestCaseExecutor.accessMainPhase(TestCaseExecutor.java:404)
	at com.kms.katalon.core.main.TestCaseExecutor.execute(TestCaseExecutor.java:281)
	at com.kms.katalon.core.main.TestCaseExecutor.execute(TestCaseExecutor.java:363)
	at com.kms.katalon.core.main.TestCaseExecutor.execute(TestCaseExecutor.java:363)
	at com.kms.katalon.core.main.TestCaseExecutor.execute(TestCaseExecutor.java:363)
	at com.kms.katalon.core.main.TestSuiteExecutor.accessTestCaseMainPhase(TestSuiteExecutor.java:202)
	at com.kms.katalon.core.main.TestSuiteExecutor.accessTestSuiteMainPhase(TestSuiteExecutor.java:164)
	at com.kms.katalon.core.main.TestSuiteExecutor.execute(TestSuiteExecutor.java:105)
	at com.kms.katalon.core.main.TestCaseMain.startTestSuite(TestCaseMain.java:181)
	at com.kms.katalon.core.main.TestCaseMain$startTestSuite$0.call(Unknown Source)
	at TempTestSuite1652966084304.run(TempTestSuite1652966084304.groovy:36)


2022-05-19 09:40:25 - [TEST_STEP][PASSED] - Start listener action : getTestScriptName: null

2022-05-19 09:40:25 - [TEST_STEP][PASSED] - TestCaseId = testCaseContext.getTestCaseId(): null

2022-05-19 09:40:25 - [TEST_STEP][PASSED] - G_currentTCName = TestCaseId.substring(TestCaseId.lastIndexOf("TC")): null

2022-05-19 09:40:25 - [TEST_STEP][PASSED] - out.println("This is the test case name: " + G_currentTCName): null

2022-05-19 09:40:25 - [TEST_STEP][PASSED] - closeBrowser(): Browser is closed

2022-05-19 09:40:26 - [MESSAGE][PASSED] - Browser is closed

2022-05-19 09:40:26 - [TEST_STEP][PASSED] - ctdc.utilities.runtestcaseforKatalon.RunKatalon("TC01_CDS_Filter_FileType-Tbd.xlsx"): Data loaded from input file for the test case. 

2022-05-19 09:40:26 - [MESSAGE][PASSED] - Test case file loaded This is the full filepath after converting to string :C:\Users\sohilz2\Commons_Automation\InputFiles\TC01_CDS_Filter_FileType-Tbd.xlsx

2022-05-19 09:40:26 - [MESSAGE][INFO] - Global variable set for password file is :  C:\Users\sohilz2\Commons_Automation\InputFiles\TC01_CDS_Filter_FileType-Tbd.xlsx

2022-05-19 09:40:30 - [MESSAGE][PASSED] - Data loaded from input file for the test case. 

2022-05-19 09:40:50 - [TEST_STEP][PASSED] - verifyElementPresent(findTestObject("Object Repository/CDS/NavBar/CDS_Data-Btn"), 5): Object 'Object Repository/CDS/NavBar/CDS_Data-Btn' is present

2022-05-19 09:40:50 - [MESSAGE][PASSED] - Object 'Object Repository/CDS/NavBar/CDS_Data-Btn' is present

2022-05-19 09:40:50 - [TEST_STEP][PASSED] - waitForElementClickable(findTestObject("Object Repository/CDS/NavBar/CDS_Data-Btn"), 5): Object 'Object Repository/CDS/NavBar/CDS_Data-Btn' is clickable

2022-05-19 09:40:50 - [MESSAGE][PASSED] - Object 'Object Repository/CDS/NavBar/CDS_Data-Btn' is clickable

2022-05-19 09:40:50 - [TEST_STEP][PASSED] - ctdc.utilities.runtestcaseforKatalon.clickTab("Object Repository/CDS/NavBar/CDS_Data-Btn"): ctdc.utilities.runtestcaseforKatalon.clickTab is PASSED

2022-05-19 09:40:50 - [MESSAGE][PASSED] - ctdc.utilities.runtestcaseforKatalon.clickTab is PASSED

2022-05-19 09:40:50 - [TEST_STEP][PASSED] - verifyElementPresent(findTestObject("CDS/Filter/FileType/FileType-Ddn"), 5): Object 'Object Repository/CDS/Filter/FileType/FileType-Ddn' is present

2022-05-19 09:40:51 - [MESSAGE][PASSED] - Object 'Object Repository/CDS/Filter/FileType/FileType-Ddn' is present

2022-05-19 09:40:51 - [TEST_STEP][PASSED] - waitForElementClickable(findTestObject("CDS/Filter/FileType/FileType-Ddn"), 5): Object 'Object Repository/CDS/Filter/FileType/FileType-Ddn' is clickable

2022-05-19 09:40:51 - [MESSAGE][PASSED] - Object 'Object Repository/CDS/Filter/FileType/FileType-Ddn' is clickable

2022-05-19 09:40:51 - [TEST_STEP][ERROR] - ctdc.utilities.runtestcaseforKatalon.clickTab("Object Repository/CDS/Data_page/Filter/FileType/FileType_Ddn"): Test Cases/CDS_TestCases/FileType/TC01_CDS_Filter_FileType-Tbd FAILED.
Reason:
com.kms.katalon.core.exception.StepErrorException: java.lang.NullPointerException: Cannot invoke method findPropertyValue() on null object
	at com.kms.katalon.core.main.CustomKeywordDelegatingMetaClass.throwError(CustomKeywordDelegatingMetaClass.java:96)
	at com.kms.katalon.core.main.CustomKeywordDelegatingMetaClass.invokeStaticMethod(CustomKeywordDelegatingMetaClass.java:68)
	at TC01_CDS_Filter_FileType-Tbd.run(TC01_CDS_Filter_FileType-Tbd:54)
	at com.kms.katalon.core.main.ScriptEngine.run(ScriptEngine.java:194)
	at com.kms.katalon.core.main.ScriptEngine.runScriptAsRawText(ScriptEngine.java:119)
	at com.kms.katalon.core.main.TestCaseExecutor.runScript(TestCaseExecutor.java:442)
	at com.kms.katalon.core.main.TestCaseExecutor.doExecute(TestCaseExecutor.java:433)
	at com.kms.katalon.core.main.TestCaseExecutor.processExecutionPhase(TestCaseExecutor.java:412)
	at com.kms.katalon.core.main.TestCaseExecutor.accessMainPhase(TestCaseExecutor.java:404)
	at com.kms.katalon.core.main.TestCaseExecutor.execute(TestCaseExecutor.java:281)
	at com.kms.katalon.core.main.TestCaseExecutor.execute(TestCaseExecutor.java:363)
	at com.kms.katalon.core.main.TestCaseExecutor.execute(TestCaseExecutor.java:363)
	at com.kms.katalon.core.main.TestCaseExecutor.execute(TestCaseExecutor.java:363)
	at com.kms.katalon.core.main.TestSuiteExecutor.accessTestCaseMainPhase(TestSuiteExecutor.java:202)
	at com.kms.katalon.core.main.TestSuiteExecutor.accessTestSuiteMainPhase(TestSuiteExecutor.java:164)
	at com.kms.katalon.core.main.TestSuiteExecutor.execute(TestSuiteExecutor.java:105)
	at com.kms.katalon.core.main.TestCaseMain.startTestSuite(TestCaseMain.java:181)
	at com.kms.katalon.core.main.TestCaseMain$startTestSuite$0.call(Unknown Source)
	at TempTestSuite1652966084304.run(TempTestSuite1652966084304.groovy:36)
Caused by: java.lang.NullPointerException: Cannot invoke method findPropertyValue() on null object
	at com.kms.katalon.core.testobject.TestObject$findPropertyValue.call(Unknown Source)
	at ctdc.utilities.runtestcaseforKatalon.givexpath(runtestcaseforKatalon.groovy:1146)
	at ctdc.utilities.runtestcaseforKatalon.clickTab(runtestcaseforKatalon.groovy:1577)
	at ctdc.utilities.runtestcaseforKatalon.invokeMethod(runtestcaseforKatalon.groovy)
	at com.kms.katalon.core.main.CustomKeywordDelegatingMetaClass.invokeStaticMethod(CustomKeywordDelegatingMetaClass.java:50)
	... 17 more


2022-05-19 09:40:51 - [MESSAGE][WARNING] - Test object with id 'Object Repository/CDS/Data_page/Filter/FileType/FileType_Ddn' does not exist

2022-05-19 09:40:51 - [MESSAGE][ERROR] - Cannot invoke method findPropertyValue() on null object

2022-05-19 09:40:51 - [MESSAGE][ERROR] - Test Cases/CDS_TestCases/FileType/TC01_CDS_Filter_FileType-Tbd FAILED.
Reason:
com.kms.katalon.core.exception.StepErrorException: java.lang.NullPointerException: Cannot invoke method findPropertyValue() on null object
	at com.kms.katalon.core.main.CustomKeywordDelegatingMetaClass.throwError(CustomKeywordDelegatingMetaClass.java:96)
	at com.kms.katalon.core.main.CustomKeywordDelegatingMetaClass.invokeStaticMethod(CustomKeywordDelegatingMetaClass.java:68)
	at TC01_CDS_Filter_FileType-Tbd.run(TC01_CDS_Filter_FileType-Tbd:54)
	at com.kms.katalon.core.main.ScriptEngine.run(ScriptEngine.java:194)
	at com.kms.katalon.core.main.ScriptEngine.runScriptAsRawText(ScriptEngine.java:119)
	at com.kms.katalon.core.main.TestCaseExecutor.runScript(TestCaseExecutor.java:442)
	at com.kms.katalon.core.main.TestCaseExecutor.doExecute(TestCaseExecutor.java:433)
	at com.kms.katalon.core.main.TestCaseExecutor.processExecutionPhase(TestCaseExecutor.java:412)
	at com.kms.katalon.core.main.TestCaseExecutor.accessMainPhase(TestCaseExecutor.java:404)
	at com.kms.katalon.core.main.TestCaseExecutor.execute(TestCaseExecutor.java:281)
	at com.kms.katalon.core.main.TestCaseExecutor.execute(TestCaseExecutor.java:363)
	at com.kms.katalon.core.main.TestCaseExecutor.execute(TestCaseExecutor.java:363)
	at com.kms.katalon.core.main.TestCaseExecutor.execute(TestCaseExecutor.java:363)
	at com.kms.katalon.core.main.TestSuiteExecutor.accessTestCaseMainPhase(TestSuiteExecutor.java:202)
	at com.kms.katalon.core.main.TestSuiteExecutor.accessTestSuiteMainPhase(TestSuiteExecutor.java:164)
	at com.kms.katalon.core.main.TestSuiteExecutor.execute(TestSuiteExecutor.java:105)
	at com.kms.katalon.core.main.TestCaseMain.startTestSuite(TestCaseMain.java:181)
	at com.kms.katalon.core.main.TestCaseMain$startTestSuite$0.call(Unknown Source)
	at TempTestSuite1652966084304.run(TempTestSuite1652966084304.groovy:36)
Caused by: java.lang.NullPointerException: Cannot invoke method findPropertyValue() on null object
	at com.kms.katalon.core.testobject.TestObject$findPropertyValue.call(Unknown Source)
	at ctdc.utilities.runtestcaseforKatalon.givexpath(runtestcaseforKatalon.groovy:1146)
	at ctdc.utilities.runtestcaseforKatalon.clickTab(runtestcaseforKatalon.groovy:1577)
	at ctdc.utilities.runtestcaseforKatalon.invokeMethod(runtestcaseforKatalon.groovy)
	at com.kms.katalon.core.main.CustomKeywordDelegatingMetaClass.invokeStaticMethod(CustomKeywordDelegatingMetaClass.java:50)
	... 17 more]]></system-out>
         <system-err><![CDATA[2022-05-19 09:40:25 - [TEST_CASE][ERROR] - Test Cases/CDS_TestCases/FileType/TC01_CDS_Filter_FileType-Tbd: Test Cases/CDS_TestCases/FileType/TC01_CDS_Filter_FileType-Tbd FAILED.
Reason:
java.lang.NullPointerException: Cannot invoke method findPropertyValue() on null object
	at com.kms.katalon.core.testobject.TestObject$findPropertyValue.call(Unknown Source)
	at ctdc.utilities.runtestcaseforKatalon.givexpath(runtestcaseforKatalon.groovy:1146)
	at ctdc.utilities.runtestcaseforKatalon.clickTab(runtestcaseforKatalon.groovy:1577)
	at ctdc.utilities.runtestcaseforKatalon.invokeMethod(runtestcaseforKatalon.groovy)
	at com.kms.katalon.core.main.CustomKeywordDelegatingMetaClass.invokeStaticMethod(CustomKeywordDelegatingMetaClass.java:50)
	at TC01_CDS_Filter_FileType-Tbd.run(TC01_CDS_Filter_FileType-Tbd:54)
	at com.kms.katalon.core.main.ScriptEngine.run(ScriptEngine.java:194)
	at com.kms.katalon.core.main.ScriptEngine.runScriptAsRawText(ScriptEngine.java:119)
	at com.kms.katalon.core.main.TestCaseExecutor.runScript(TestCaseExecutor.java:442)
	at com.kms.katalon.core.main.TestCaseExecutor.doExecute(TestCaseExecutor.java:433)
	at com.kms.katalon.core.main.TestCaseExecutor.processExecutionPhase(TestCaseExecutor.java:412)
	at com.kms.katalon.core.main.TestCaseExecutor.accessMainPhase(TestCaseExecutor.java:404)
	at com.kms.katalon.core.main.TestCaseExecutor.execute(TestCaseExecutor.java:281)
	at com.kms.katalon.core.main.TestCaseExecutor.execute(TestCaseExecutor.java:363)
	at com.kms.katalon.core.main.TestCaseExecutor.execute(TestCaseExecutor.java:363)
	at com.kms.katalon.core.main.TestCaseExecutor.execute(TestCaseExecutor.java:363)
	at com.kms.katalon.core.main.TestSuiteExecutor.accessTestCaseMainPhase(TestSuiteExecutor.java:202)
	at com.kms.katalon.core.main.TestSuiteExecutor.accessTestSuiteMainPhase(TestSuiteExecutor.java:164)
	at com.kms.katalon.core.main.TestSuiteExecutor.execute(TestSuiteExecutor.java:105)
	at com.kms.katalon.core.main.TestCaseMain.startTestSuite(TestCaseMain.java:181)
	at com.kms.katalon.core.main.TestCaseMain$startTestSuite$0.call(Unknown Source)
	at TempTestSuite1652966084304.run(TempTestSuite1652966084304.groovy:36)]]></system-err>
      </testcase>
      <testcase name="Test Cases/CDS_TestCases/Gender/TC01_CDS_Filter_Gender-Female" time="87.397" classname="Test Cases/CDS_TestCases/Gender/TC01_CDS_Filter_Gender-Female" status="PASSED">
         <system-out><![CDATA[2022-05-19 09:40:51 - [TEST_CASE][PASSED] - Test Cases/CDS_TestCases/Gender/TC01_CDS_Filter_Gender-Female: Test Cases/CDS_TestCases/Gender/TC01_CDS_Filter_Gender-Female

2022-05-19 09:40:51 - [TEST_STEP][PASSED] - Start listener action : getTestScriptName: null

2022-05-19 09:40:51 - [TEST_STEP][PASSED] - TestCaseId = testCaseContext.getTestCaseId(): null

2022-05-19 09:40:51 - [TEST_STEP][PASSED] - G_currentTCName = TestCaseId.substring(TestCaseId.lastIndexOf("TC")): null

2022-05-19 09:40:51 - [TEST_STEP][PASSED] - out.println("This is the test case name: " + G_currentTCName): null

2022-05-19 09:40:52 - [TEST_STEP][PASSED] - closeBrowser(): Browser is closed

2022-05-19 09:40:53 - [MESSAGE][PASSED] - Browser is closed

2022-05-19 09:40:53 - [TEST_STEP][PASSED] - ctdc.utilities.runtestcaseforKatalon.RunKatalon("TC01_CDS_Filter_Gender-Female.xlsx"): Data loaded from input file for the test case. 

2022-05-19 09:40:53 - [MESSAGE][PASSED] - Test case file loaded This is the full filepath after converting to string :C:\Users\sohilz2\Commons_Automation\InputFiles\TC01_CDS_Filter_Gender-Female.xlsx

2022-05-19 09:40:53 - [MESSAGE][INFO] - Global variable set for password file is :  C:\Users\sohilz2\Commons_Automation\InputFiles\TC01_CDS_Filter_Gender-Female.xlsx

2022-05-19 09:40:57 - [MESSAGE][PASSED] - Data loaded from input file for the test case. 

2022-05-19 09:41:20 - [TEST_STEP][PASSED] - waitForElementPresent(findTestObject("Object Repository/CDS/NavBar/CDS_Data-Btn"), 5): Object 'Object Repository/CDS/NavBar/CDS_Data-Btn' is present

2022-05-19 09:41:20 - [MESSAGE][PASSED] - Object 'Object Repository/CDS/NavBar/CDS_Data-Btn' is present

2022-05-19 09:41:20 - [TEST_STEP][PASSED] - ctdc.utilities.runtestcaseforKatalon.clickTabCDSStat("Object Repository/CDS/NavBar/CDS_Data-Btn"): ctdc.utilities.runtestcaseforKatalon.clickTabCDSStat is PASSED

2022-05-19 09:41:24 - [MESSAGE][PASSED] - ctdc.utilities.runtestcaseforKatalon.clickTabCDSStat is PASSED

2022-05-19 09:41:24 - [TEST_STEP][PASSED] - waitForElementPresent(findTestObject("CDS/Filter/Gender/Gender-Ddn"), 5): Object 'Object Repository/CDS/Filter/Gender/Gender-Ddn' is present

2022-05-19 09:41:24 - [MESSAGE][PASSED] - Object 'Object Repository/CDS/Filter/Gender/Gender-Ddn' is present

2022-05-19 09:41:24 - [TEST_STEP][PASSED] - ctdc.utilities.runtestcaseforKatalon.clickTabCDSStat("CDS/Filter/Gender/Gender-Ddn"): ctdc.utilities.runtestcaseforKatalon.clickTabCDSStat is PASSED

2022-05-19 09:41:28 - [MESSAGE][PASSED] - ctdc.utilities.runtestcaseforKatalon.clickTabCDSStat is PASSED

2022-05-19 09:41:28 - [TEST_STEP][PASSED] - waitForElementPresent(findTestObject("CDS/Filter/Gender/Female-Chkbx"), 5): Object 'Object Repository/CDS/Filter/Gender/Female-Chkbx' is present

2022-05-19 09:41:28 - [MESSAGE][PASSED] - Object 'Object Repository/CDS/Filter/Gender/Female-Chkbx' is present

2022-05-19 09:41:28 - [TEST_STEP][PASSED] - ctdc.utilities.runtestcaseforKatalon.clickTabCDSStat("CDS/Filter/Gender/Female-Chkbx"): ctdc.utilities.runtestcaseforKatalon.clickTabCDSStat is PASSED

2022-05-19 09:41:32 - [MESSAGE][PASSED] - ctdc.utilities.runtestcaseforKatalon.clickTabCDSStat is PASSED

2022-05-19 09:41:32 - [TEST_STEP][PASSED] - ctdc.utilities.runtestcaseforKatalon.readStatBarCDS("Object Repository/CDS/StatBar/CDS_StatBar-Studies", "Object Repository/CDS/StatBar/CDS_StatBar-DiseaseSites", "Object Repository/CDS/StatBar/CDS_StatBar-Participants", "Object Repository/CDS/StatBar/CDS_StatBar-Samples", "Object Repository/CDS/StatBar/CDS_StatBar-Files"): ctdc.utilities.runtestcaseforKatalon.readStatBarCDS is PASSED

2022-05-19 09:41:48 - [MESSAGE][PASSED] - ctdc.utilities.runtestcaseforKatalon.readStatBarCDS is PASSED

2022-05-19 09:41:48 - [TEST_STEP][PASSED] - waitForElementPresent(findTestObject("CDS/Cases_page/CDSResults_Cases_Tab"), 5): Object 'Object Repository/CDS/Cases_page/CDSResults_Cases_Tab' is present

2022-05-19 09:41:48 - [MESSAGE][PASSED] - Object 'Object Repository/CDS/Cases_page/CDSResults_Cases_Tab' is present

2022-05-19 09:41:48 - [TEST_STEP][PASSED] - ctdc.utilities.runtestcaseforKatalon.clickTab("Object Repository/CDS/Cases_page/CDSResults_Cases_Tab"): ctdc.utilities.runtestcaseforKatalon.clickTab is PASSED

2022-05-19 09:41:48 - [MESSAGE][PASSED] - ctdc.utilities.runtestcaseforKatalon.clickTab is PASSED

2022-05-19 09:41:48 - [TEST_STEP][PASSED] - ctdc.utilities.runtestcaseforKatalon.multiFunction("CDS", G_StatBar_Studies, "Object Repository/CDS/Cases_page/CDS_CasesTable", "Object Repository/CDS/Cases_page/CDS_CasesTableHeader", "Object Repository/CDS/Cases_page/CDS_CasesTabNextBtn", G_WebTabnameCases, G_CypherTabnameCases, G_QueryCasesTab): Statbar Files count matches

2022-05-19 09:42:18 - [MESSAGE][PASSED] - Statbar Studies count matches

2022-05-19 09:42:18 - [MESSAGE][PASSED] - Statbar Disease Site count matches

2022-05-19 09:42:18 - [MESSAGE][PASSED] - Statbar Participants count matches

2022-05-19 09:42:18 - [MESSAGE][PASSED] - Statbar Samples count matches

2022-05-19 09:42:18 - [MESSAGE][PASSED] - Statbar Files count matches

2022-05-19 09:42:18 - [TEST_STEP][PASSED] - closeBrowser(): Browser is closed

2022-05-19 09:42:19 - [MESSAGE][PASSED] - Browser is closed]]></system-out>
         <system-err><![CDATA[]]></system-err>
      </testcase>
      <testcase name="Test Cases/CDS_TestCases/Gender/TC02_CDS_Filter_Gender-Male" time="87.857" classname="Test Cases/CDS_TestCases/Gender/TC02_CDS_Filter_Gender-Male" status="PASSED">
         <system-out><![CDATA[2022-05-19 09:42:19 - [TEST_CASE][PASSED] - Test Cases/CDS_TestCases/Gender/TC02_CDS_Filter_Gender-Male: Test Cases/CDS_TestCases/Gender/TC02_CDS_Filter_Gender-Male

2022-05-19 09:42:19 - [TEST_STEP][PASSED] - Start listener action : getTestScriptName: null

2022-05-19 09:42:19 - [TEST_STEP][PASSED] - TestCaseId = testCaseContext.getTestCaseId(): null

2022-05-19 09:42:19 - [TEST_STEP][PASSED] - G_currentTCName = TestCaseId.substring(TestCaseId.lastIndexOf("TC")): null

2022-05-19 09:42:19 - [TEST_STEP][PASSED] - out.println("This is the test case name: " + G_currentTCName): null

2022-05-19 09:42:20 - [TEST_STEP][PASSED] - closeBrowser(): Browser is closed

2022-05-19 09:42:20 - [MESSAGE][PASSED] - Browser is closed

2022-05-19 09:42:20 - [TEST_STEP][PASSED] - ctdc.utilities.runtestcaseforKatalon.RunKatalon("TC02_CDS_Filter_Gender-Male.xlsx"): Data loaded from input file for the test case. 

2022-05-19 09:42:20 - [MESSAGE][PASSED] - Test case file loaded This is the full filepath after converting to string :C:\Users\sohilz2\Commons_Automation\InputFiles\TC02_CDS_Filter_Gender-Male.xlsx

2022-05-19 09:42:20 - [MESSAGE][INFO] - Global variable set for password file is :  C:\Users\sohilz2\Commons_Automation\InputFiles\TC02_CDS_Filter_Gender-Male.xlsx

2022-05-19 09:42:24 - [MESSAGE][PASSED] - Data loaded from input file for the test case. 

2022-05-19 09:42:49 - [TEST_STEP][PASSED] - waitForElementPresent(findTestObject("Object Repository/CDS/NavBar/CDS_Data-Btn"), 5): Object 'Object Repository/CDS/NavBar/CDS_Data-Btn' is present

2022-05-19 09:42:50 - [MESSAGE][PASSED] - Object 'Object Repository/CDS/NavBar/CDS_Data-Btn' is present

2022-05-19 09:42:50 - [TEST_STEP][PASSED] - ctdc.utilities.runtestcaseforKatalon.clickTabCDSStat("Object Repository/CDS/NavBar/CDS_Data-Btn"): ctdc.utilities.runtestcaseforKatalon.clickTabCDSStat is PASSED

2022-05-19 09:42:54 - [MESSAGE][PASSED] - ctdc.utilities.runtestcaseforKatalon.clickTabCDSStat is PASSED

2022-05-19 09:42:54 - [TEST_STEP][PASSED] - waitForElementPresent(findTestObject("CDS/Filter/Gender/Gender-Ddn"), 5): Object 'Object Repository/CDS/Filter/Gender/Gender-Ddn' is present

2022-05-19 09:42:54 - [MESSAGE][PASSED] - Object 'Object Repository/CDS/Filter/Gender/Gender-Ddn' is present

2022-05-19 09:42:54 - [TEST_STEP][PASSED] - ctdc.utilities.runtestcaseforKatalon.clickTabCDSStat("CDS/Filter/Gender/Gender-Ddn"): ctdc.utilities.runtestcaseforKatalon.clickTabCDSStat is PASSED

2022-05-19 09:42:57 - [MESSAGE][PASSED] - ctdc.utilities.runtestcaseforKatalon.clickTabCDSStat is PASSED

2022-05-19 09:42:57 - [TEST_STEP][PASSED] - waitForElementPresent(findTestObject("CDS/Filter/Gender/Male-Chkbx"), 5): Object 'Object Repository/CDS/Filter/Gender/Male-Chkbx' is present

2022-05-19 09:42:57 - [MESSAGE][PASSED] - Object 'Object Repository/CDS/Filter/Gender/Male-Chkbx' is present

2022-05-19 09:42:57 - [TEST_STEP][PASSED] - ctdc.utilities.runtestcaseforKatalon.clickTabCDSStat("CDS/Filter/Gender/Male-Chkbx"): ctdc.utilities.runtestcaseforKatalon.clickTabCDSStat is PASSED

2022-05-19 09:43:01 - [MESSAGE][PASSED] - ctdc.utilities.runtestcaseforKatalon.clickTabCDSStat is PASSED

2022-05-19 09:43:01 - [TEST_STEP][PASSED] - ctdc.utilities.runtestcaseforKatalon.readStatBarCDS("Object Repository/CDS/StatBar/CDS_StatBar-Studies", "Object Repository/CDS/StatBar/CDS_StatBar-DiseaseSites", "Object Repository/CDS/StatBar/CDS_StatBar-Participants", "Object Repository/CDS/StatBar/CDS_StatBar-Samples", "Object Repository/CDS/StatBar/CDS_StatBar-Files"): ctdc.utilities.runtestcaseforKatalon.readStatBarCDS is PASSED

2022-05-19 09:43:17 - [MESSAGE][PASSED] - ctdc.utilities.runtestcaseforKatalon.readStatBarCDS is PASSED

2022-05-19 09:43:17 - [TEST_STEP][PASSED] - waitForElementPresent(findTestObject("CDS/Cases_page/CDSResults_Cases_Tab"), 5): Object 'Object Repository/CDS/Cases_page/CDSResults_Cases_Tab' is present

2022-05-19 09:43:17 - [MESSAGE][PASSED] - Object 'Object Repository/CDS/Cases_page/CDSResults_Cases_Tab' is present

2022-05-19 09:43:17 - [TEST_STEP][PASSED] - ctdc.utilities.runtestcaseforKatalon.clickTab("Object Repository/CDS/Cases_page/CDSResults_Cases_Tab"): ctdc.utilities.runtestcaseforKatalon.clickTab is PASSED

2022-05-19 09:43:17 - [MESSAGE][PASSED] - ctdc.utilities.runtestcaseforKatalon.clickTab is PASSED

2022-05-19 09:43:17 - [TEST_STEP][PASSED] - ctdc.utilities.runtestcaseforKatalon.multiFunction("CDS", G_StatBar_Studies, "Object Repository/CDS/Cases_page/CDS_CasesTable", "Object Repository/CDS/Cases_page/CDS_CasesTableHeader", "Object Repository/CDS/Cases_page/CDS_CasesTabNextBtn", G_WebTabnameCases, G_CypherTabnameCases, G_QueryCasesTab): Statbar Files count matches

2022-05-19 09:43:46 - [MESSAGE][PASSED] - Statbar Studies count matches

2022-05-19 09:43:46 - [MESSAGE][PASSED] - Statbar Disease Site count matches

2022-05-19 09:43:46 - [MESSAGE][PASSED] - Statbar Participants count matches

2022-05-19 09:43:46 - [MESSAGE][PASSED] - Statbar Samples count matches

2022-05-19 09:43:46 - [MESSAGE][PASSED] - Statbar Files count matches

2022-05-19 09:43:46 - [TEST_STEP][PASSED] - closeBrowser(): Browser is closed

2022-05-19 09:43:47 - [MESSAGE][PASSED] - Browser is closed]]></system-out>
         <system-err><![CDATA[]]></system-err>
      </testcase>
      <testcase name="Test Cases/CDS_TestCases/Gender/TC03_CDS_Filter_Gender-Unknown" time="89.349" classname="Test Cases/CDS_TestCases/Gender/TC03_CDS_Filter_Gender-Unknown" status="PASSED">
         <system-out><![CDATA[2022-05-19 09:43:47 - [TEST_CASE][PASSED] - Test Cases/CDS_TestCases/Gender/TC03_CDS_Filter_Gender-Unknown: Test Cases/CDS_TestCases/Gender/TC03_CDS_Filter_Gender-Unknown

2022-05-19 09:43:47 - [TEST_STEP][PASSED] - Start listener action : getTestScriptName: null

2022-05-19 09:43:47 - [TEST_STEP][PASSED] - TestCaseId = testCaseContext.getTestCaseId(): null

2022-05-19 09:43:47 - [TEST_STEP][PASSED] - G_currentTCName = TestCaseId.substring(TestCaseId.lastIndexOf("TC")): null

2022-05-19 09:43:47 - [TEST_STEP][PASSED] - out.println("This is the test case name: " + G_currentTCName): null

2022-05-19 09:43:47 - [TEST_STEP][PASSED] - closeBrowser(): Browser is closed

2022-05-19 09:43:47 - [MESSAGE][PASSED] - Browser is closed

2022-05-19 09:43:47 - [TEST_STEP][PASSED] - ctdc.utilities.runtestcaseforKatalon.RunKatalon("TC03_CDS_Filter_Gender-Unknown.xlsx"): Data loaded from input file for the test case. 

2022-05-19 09:43:47 - [MESSAGE][PASSED] - Test case file loaded This is the full filepath after converting to string :C:\Users\sohilz2\Commons_Automation\InputFiles\TC03_CDS_Filter_Gender-Unknown.xlsx

2022-05-19 09:43:47 - [MESSAGE][INFO] - Global variable set for password file is :  C:\Users\sohilz2\Commons_Automation\InputFiles\TC03_CDS_Filter_Gender-Unknown.xlsx

2022-05-19 09:43:51 - [MESSAGE][PASSED] - Data loaded from input file for the test case. 

2022-05-19 09:44:19 - [TEST_STEP][PASSED] - waitForElementPresent(findTestObject("Object Repository/CDS/NavBar/CDS_Data-Btn"), 5): Object 'Object Repository/CDS/NavBar/CDS_Data-Btn' is present

2022-05-19 09:44:19 - [MESSAGE][PASSED] - Object 'Object Repository/CDS/NavBar/CDS_Data-Btn' is present

2022-05-19 09:44:19 - [TEST_STEP][PASSED] - ctdc.utilities.runtestcaseforKatalon.clickTabCDSStat("Object Repository/CDS/NavBar/CDS_Data-Btn"): ctdc.utilities.runtestcaseforKatalon.clickTabCDSStat is PASSED

2022-05-19 09:44:23 - [MESSAGE][PASSED] - ctdc.utilities.runtestcaseforKatalon.clickTabCDSStat is PASSED

2022-05-19 09:44:23 - [TEST_STEP][PASSED] - waitForElementPresent(findTestObject("CDS/Filter/Gender/Gender-Ddn"), 5): Object 'Object Repository/CDS/Filter/Gender/Gender-Ddn' is present

2022-05-19 09:44:23 - [MESSAGE][PASSED] - Object 'Object Repository/CDS/Filter/Gender/Gender-Ddn' is present

2022-05-19 09:44:23 - [TEST_STEP][PASSED] - ctdc.utilities.runtestcaseforKatalon.clickTabCDSStat("CDS/Filter/Gender/Gender-Ddn"): ctdc.utilities.runtestcaseforKatalon.clickTabCDSStat is PASSED

2022-05-19 09:44:26 - [MESSAGE][PASSED] - ctdc.utilities.runtestcaseforKatalon.clickTabCDSStat is PASSED

2022-05-19 09:44:26 - [TEST_STEP][PASSED] - waitForElementPresent(findTestObject("CDS/Filter/Gender/Unknown-Chkbx"), 5): Object 'Object Repository/CDS/Filter/Gender/Unknown-Chkbx' is present

2022-05-19 09:44:27 - [MESSAGE][PASSED] - Object 'Object Repository/CDS/Filter/Gender/Unknown-Chkbx' is present

2022-05-19 09:44:27 - [TEST_STEP][PASSED] - ctdc.utilities.runtestcaseforKatalon.clickTabCDSStat("CDS/Filter/Gender/Unknown-Chkbx"): ctdc.utilities.runtestcaseforKatalon.clickTabCDSStat is PASSED

2022-05-19 09:44:30 - [MESSAGE][PASSED] - ctdc.utilities.runtestcaseforKatalon.clickTabCDSStat is PASSED

2022-05-19 09:44:30 - [TEST_STEP][PASSED] - ctdc.utilities.runtestcaseforKatalon.readStatBarCDS("Object Repository/CDS/StatBar/CDS_StatBar-Studies", "Object Repository/CDS/StatBar/CDS_StatBar-DiseaseSites", "Object Repository/CDS/StatBar/CDS_StatBar-Participants", "Object Repository/CDS/StatBar/CDS_StatBar-Samples", "Object Repository/CDS/StatBar/CDS_StatBar-Files"): ctdc.utilities.runtestcaseforKatalon.readStatBarCDS is PASSED

2022-05-19 09:44:46 - [MESSAGE][PASSED] - ctdc.utilities.runtestcaseforKatalon.readStatBarCDS is PASSED

2022-05-19 09:44:46 - [TEST_STEP][PASSED] - waitForElementPresent(findTestObject("CDS/Cases_page/CDSResults_Cases_Tab"), 5): Object 'Object Repository/CDS/Cases_page/CDSResults_Cases_Tab' is present

2022-05-19 09:44:46 - [MESSAGE][PASSED] - Object 'Object Repository/CDS/Cases_page/CDSResults_Cases_Tab' is present

2022-05-19 09:44:46 - [TEST_STEP][PASSED] - ctdc.utilities.runtestcaseforKatalon.clickTab("Object Repository/CDS/Cases_page/CDSResults_Cases_Tab"): ctdc.utilities.runtestcaseforKatalon.clickTab is PASSED

2022-05-19 09:44:46 - [MESSAGE][PASSED] - ctdc.utilities.runtestcaseforKatalon.clickTab is PASSED

2022-05-19 09:44:46 - [TEST_STEP][PASSED] - ctdc.utilities.runtestcaseforKatalon.multiFunction("CDS", G_StatBar_Studies, "Object Repository/CDS/Cases_page/CDS_CasesTable", "Object Repository/CDS/Cases_page/CDS_CasesTableHeader", "Object Repository/CDS/Cases_page/CDS_CasesTabNextBtn", G_WebTabnameCases, G_CypherTabnameCases, G_QueryCasesTab): Statbar Files count matches

2022-05-19 09:45:15 - [MESSAGE][PASSED] - Statbar Studies count matches

2022-05-19 09:45:15 - [MESSAGE][PASSED] - Statbar Disease Site count matches

2022-05-19 09:45:15 - [MESSAGE][PASSED] - Statbar Participants count matches

2022-05-19 09:45:15 - [MESSAGE][PASSED] - Statbar Samples count matches

2022-05-19 09:45:15 - [MESSAGE][PASSED] - Statbar Files count matches

2022-05-19 09:45:15 - [TEST_STEP][PASSED] - closeBrowser(): Browser is closed

2022-05-19 09:45:16 - [MESSAGE][PASSED] - Browser is closed]]></system-out>
         <system-err><![CDATA[]]></system-err>
      </testcase>
      <testcase name="Test Cases/CDS_TestCases/Study/TC01_CDS_Filter_Study-A" time="68.28" classname="Test Cases/CDS_TestCases/Study/TC01_CDS_Filter_Study-A" status="ERROR">
         <error type="ERROR" message="Test Cases/CDS_TestCases/Study/TC01_CDS_Filter_Study-A FAILED.
Reason:
java.lang.IllegalArgumentException: The workbook already contains a sheet named 'WebDataCases'
	at org.apache.poi.xssf.usermodel.XSSFWorkbook.validateSheetName(XSSFWorkbook.java:890)
	at org.apache.poi.xssf.usermodel.XSSFWorkbook.createSheet(XSSFWorkbook.java:843)
	at org.apache.poi.xssf.usermodel.XSSFWorkbook.createSheet(XSSFWorkbook.java:122)
	at org.apache.poi.ss.usermodel.Workbook$createSheet$1.call(Unknown Source)
	at ctdc.utilities.runtestcaseforKatalon.writeToExcel(runtestcaseforKatalon.groovy:1171)
	at ctdc.utilities.runtestcaseforKatalon.ReadCasesTableKatalon(runtestcaseforKatalon.groovy:966)
	at ctdc.utilities.runtestcaseforKatalon.multiFunction(runtestcaseforKatalon.groovy:293)
	at ctdc.utilities.runtestcaseforKatalon.invokeMethod(runtestcaseforKatalon.groovy)
	at com.kms.katalon.core.main.CustomKeywordDelegatingMetaClass.invokeStaticMethod(CustomKeywordDelegatingMetaClass.java:50)
	at TC01_CDS_Filter_Study-A.run(TC01_CDS_Filter_Study-A:66)
	at com.kms.katalon.core.main.ScriptEngine.run(ScriptEngine.java:194)
	at com.kms.katalon.core.main.ScriptEngine.runScriptAsRawText(ScriptEngine.java:119)
	at com.kms.katalon.core.main.TestCaseExecutor.runScript(TestCaseExecutor.java:442)
	at com.kms.katalon.core.main.TestCaseExecutor.doExecute(TestCaseExecutor.java:433)
	at com.kms.katalon.core.main.TestCaseExecutor.processExecutionPhase(TestCaseExecutor.java:412)
	at com.kms.katalon.core.main.TestCaseExecutor.accessMainPhase(TestCaseExecutor.java:404)
	at com.kms.katalon.core.main.TestCaseExecutor.execute(TestCaseExecutor.java:281)
	at com.kms.katalon.core.main.TestCaseExecutor.execute(TestCaseExecutor.java:363)
	at com.kms.katalon.core.main.TestCaseExecutor.execute(TestCaseExecutor.java:363)
	at com.kms.katalon.core.main.TestCaseExecutor.execute(TestCaseExecutor.java:363)
	at com.kms.katalon.core.main.TestSuiteExecutor.accessTestCaseMainPhase(TestSuiteExecutor.java:202)
	at com.kms.katalon.core.main.TestSuiteExecutor.accessTestSuiteMainPhase(TestSuiteExecutor.java:164)
	at com.kms.katalon.core.main.TestSuiteExecutor.execute(TestSuiteExecutor.java:105)
	at com.kms.katalon.core.main.TestCaseMain.startTestSuite(TestCaseMain.java:181)
	at com.kms.katalon.core.main.TestCaseMain$startTestSuite$0.call(Unknown Source)
	at TempTestSuite1652966084304.run(TempTestSuite1652966084304.groovy:36)
"/>
         <system-out><![CDATA[2022-05-19 09:49:23 - [TEST_CASE][ERROR] - Test Cases/CDS_TestCases/Study/TC01_CDS_Filter_Study-A: Test Cases/CDS_TestCases/Study/TC01_CDS_Filter_Study-A FAILED.
Reason:
java.lang.IllegalArgumentException: The workbook already contains a sheet named 'WebDataCases'
	at org.apache.poi.xssf.usermodel.XSSFWorkbook.validateSheetName(XSSFWorkbook.java:890)
	at org.apache.poi.xssf.usermodel.XSSFWorkbook.createSheet(XSSFWorkbook.java:843)
	at org.apache.poi.xssf.usermodel.XSSFWorkbook.createSheet(XSSFWorkbook.java:122)
	at org.apache.poi.ss.usermodel.Workbook$createSheet$1.call(Unknown Source)
	at ctdc.utilities.runtestcaseforKatalon.writeToExcel(runtestcaseforKatalon.groovy:1171)
	at ctdc.utilities.runtestcaseforKatalon.ReadCasesTableKatalon(runtestcaseforKatalon.groovy:966)
	at ctdc.utilities.runtestcaseforKatalon.multiFunction(runtestcaseforKatalon.groovy:293)
	at ctdc.utilities.runtestcaseforKatalon.invokeMethod(runtestcaseforKatalon.groovy)
	at com.kms.katalon.core.main.CustomKeywordDelegatingMetaClass.invokeStaticMethod(CustomKeywordDelegatingMetaClass.java:50)
	at TC01_CDS_Filter_Study-A.run(TC01_CDS_Filter_Study-A:66)
	at com.kms.katalon.core.main.ScriptEngine.run(ScriptEngine.java:194)
	at com.kms.katalon.core.main.ScriptEngine.runScriptAsRawText(ScriptEngine.java:119)
	at com.kms.katalon.core.main.TestCaseExecutor.runScript(TestCaseExecutor.java:442)
	at com.kms.katalon.core.main.TestCaseExecutor.doExecute(TestCaseExecutor.java:433)
	at com.kms.katalon.core.main.TestCaseExecutor.processExecutionPhase(TestCaseExecutor.java:412)
	at com.kms.katalon.core.main.TestCaseExecutor.accessMainPhase(TestCaseExecutor.java:404)
	at com.kms.katalon.core.main.TestCaseExecutor.execute(TestCaseExecutor.java:281)
	at com.kms.katalon.core.main.TestCaseExecutor.execute(TestCaseExecutor.java:363)
	at com.kms.katalon.core.main.TestCaseExecutor.execute(TestCaseExecutor.java:363)
	at com.kms.katalon.core.main.TestCaseExecutor.execute(TestCaseExecutor.java:363)
	at com.kms.katalon.core.main.TestSuiteExecutor.accessTestCaseMainPhase(TestSuiteExecutor.java:202)
	at com.kms.katalon.core.main.TestSuiteExecutor.accessTestSuiteMainPhase(TestSuiteExecutor.java:164)
	at com.kms.katalon.core.main.TestSuiteExecutor.execute(TestSuiteExecutor.java:105)
	at com.kms.katalon.core.main.TestCaseMain.startTestSuite(TestCaseMain.java:181)
	at com.kms.katalon.core.main.TestCaseMain$startTestSuite$0.call(Unknown Source)
	at TempTestSuite1652966084304.run(TempTestSuite1652966084304.groovy:36)


2022-05-19 09:49:23 - [TEST_STEP][PASSED] - Start listener action : getTestScriptName: null

2022-05-19 09:49:23 - [TEST_STEP][PASSED] - TestCaseId = testCaseContext.getTestCaseId(): null

2022-05-19 09:49:23 - [TEST_STEP][PASSED] - G_currentTCName = TestCaseId.substring(TestCaseId.lastIndexOf("TC")): null

2022-05-19 09:49:23 - [TEST_STEP][PASSED] - out.println("This is the test case name: " + G_currentTCName): null

2022-05-19 09:49:23 - [TEST_STEP][PASSED] - closeBrowser(): Browser is closed

2022-05-19 09:49:24 - [MESSAGE][PASSED] - Browser is closed

2022-05-19 09:49:24 - [TEST_STEP][PASSED] - ctdc.utilities.runtestcaseforKatalon.RunKatalon("TC01_CDS_Filter_Study-A.xlsx"): Data loaded from input file for the test case. 

2022-05-19 09:49:24 - [MESSAGE][PASSED] - Test case file loaded This is the full filepath after converting to string :C:\Users\sohilz2\Commons_Automation\InputFiles\TC01_CDS_Filter_Study-A.xlsx

2022-05-19 09:49:24 - [MESSAGE][INFO] - Global variable set for password file is :  C:\Users\sohilz2\Commons_Automation\InputFiles\TC01_CDS_Filter_Study-A.xlsx

2022-05-19 09:49:28 - [MESSAGE][PASSED] - Data loaded from input file for the test case. 

2022-05-19 09:49:50 - [TEST_STEP][PASSED] - waitForElementPresent(findTestObject("Object Repository/CDS/NavBar/CDS_Data-Btn"), 5): Object 'Object Repository/CDS/NavBar/CDS_Data-Btn' is present

2022-05-19 09:49:50 - [MESSAGE][PASSED] - Object 'Object Repository/CDS/NavBar/CDS_Data-Btn' is present

2022-05-19 09:49:50 - [TEST_STEP][PASSED] - ctdc.utilities.runtestcaseforKatalon.clickTabCDSStat("Object Repository/CDS/NavBar/CDS_Data-Btn"): ctdc.utilities.runtestcaseforKatalon.clickTabCDSStat is PASSED

2022-05-19 09:49:54 - [MESSAGE][PASSED] - ctdc.utilities.runtestcaseforKatalon.clickTabCDSStat is PASSED

2022-05-19 09:49:54 - [TEST_STEP][PASSED] - waitForElementPresent(findTestObject("Object Repository/CDS/Filter/Study/Study_Ddn"), 5): Object 'Object Repository/CDS/Filter/Study/Study_Ddn' is present

2022-05-19 09:49:54 - [MESSAGE][PASSED] - Object 'Object Repository/CDS/Filter/Study/Study_Ddn' is present

2022-05-19 09:49:54 - [TEST_STEP][PASSED] - ctdc.utilities.runtestcaseforKatalon.clickTabCDSStat("Object Repository/CDS/Filter/Study/Study_Ddn"): ctdc.utilities.runtestcaseforKatalon.clickTabCDSStat is PASSED

2022-05-19 09:49:58 - [MESSAGE][PASSED] - ctdc.utilities.runtestcaseforKatalon.clickTabCDSStat is PASSED

2022-05-19 09:49:58 - [TEST_STEP][PASSED] - waitForElementPresent(findTestObject("CDS/Filter/Study/CDS-Study-A-Chkbx"), 5): Object 'Object Repository/CDS/Filter/Study/CDS-Study-A-Chkbx' is present

2022-05-19 09:49:58 - [MESSAGE][PASSED] - Object 'Object Repository/CDS/Filter/Study/CDS-Study-A-Chkbx' is present

2022-05-19 09:49:58 - [TEST_STEP][PASSED] - ctdc.utilities.runtestcaseforKatalon.clickTabCDSStat("CDS/Filter/Study/CDS-Study-A-Chkbx"): ctdc.utilities.runtestcaseforKatalon.clickTabCDSStat is PASSED

2022-05-19 09:50:02 - [MESSAGE][PASSED] - ctdc.utilities.runtestcaseforKatalon.clickTabCDSStat is PASSED

2022-05-19 09:50:02 - [TEST_STEP][PASSED] - ctdc.utilities.runtestcaseforKatalon.readStatBarCDS("Object Repository/CDS/StatBar/CDS_StatBar-Studies", "Object Repository/CDS/StatBar/CDS_StatBar-DiseaseSites", "Object Repository/CDS/StatBar/CDS_StatBar-Participants", "Object Repository/CDS/StatBar/CDS_StatBar-Samples", "Object Repository/CDS/StatBar/CDS_StatBar-Files"): ctdc.utilities.runtestcaseforKatalon.readStatBarCDS is PASSED

2022-05-19 09:50:18 - [MESSAGE][PASSED] - ctdc.utilities.runtestcaseforKatalon.readStatBarCDS is PASSED

2022-05-19 09:50:18 - [TEST_STEP][PASSED] - waitForElementPresent(findTestObject("CDS/Cases_page/CDSResults_Cases_Tab"), 5): Object 'Object Repository/CDS/Cases_page/CDSResults_Cases_Tab' is present

2022-05-19 09:50:18 - [MESSAGE][PASSED] - Object 'Object Repository/CDS/Cases_page/CDSResults_Cases_Tab' is present

2022-05-19 09:50:18 - [TEST_STEP][PASSED] - ctdc.utilities.runtestcaseforKatalon.clickTab("Object Repository/CDS/Cases_page/CDSResults_Cases_Tab"): ctdc.utilities.runtestcaseforKatalon.clickTab is PASSED

2022-05-19 09:50:18 - [MESSAGE][PASSED] - ctdc.utilities.runtestcaseforKatalon.clickTab is PASSED

2022-05-19 09:50:18 - [TEST_STEP][ERROR] - ctdc.utilities.runtestcaseforKatalon.multiFunction("CDS", G_StatBar_Studies, "Object Repository/CDS/Cases_page/CDS_CasesTable", "Object Repository/CDS/Cases_page/CDS_CasesTableHeader", "Object Repository/CDS/Cases_page/CDS_CasesTabNextBtn", G_WebTabnameCases, G_CypherTabnameCases, G_QueryCasesTab): Test Cases/CDS_TestCases/Study/TC01_CDS_Filter_Study-A FAILED.
Reason:
com.kms.katalon.core.exception.StepErrorException: java.lang.IllegalArgumentException: The workbook already contains a sheet named 'WebDataCases'
	at com.kms.katalon.core.main.CustomKeywordDelegatingMetaClass.throwError(CustomKeywordDelegatingMetaClass.java:96)
	at com.kms.katalon.core.main.CustomKeywordDelegatingMetaClass.invokeStaticMethod(CustomKeywordDelegatingMetaClass.java:68)
	at TC01_CDS_Filter_Study-A.run(TC01_CDS_Filter_Study-A:66)
	at com.kms.katalon.core.main.ScriptEngine.run(ScriptEngine.java:194)
	at com.kms.katalon.core.main.ScriptEngine.runScriptAsRawText(ScriptEngine.java:119)
	at com.kms.katalon.core.main.TestCaseExecutor.runScript(TestCaseExecutor.java:442)
	at com.kms.katalon.core.main.TestCaseExecutor.doExecute(TestCaseExecutor.java:433)
	at com.kms.katalon.core.main.TestCaseExecutor.processExecutionPhase(TestCaseExecutor.java:412)
	at com.kms.katalon.core.main.TestCaseExecutor.accessMainPhase(TestCaseExecutor.java:404)
	at com.kms.katalon.core.main.TestCaseExecutor.execute(TestCaseExecutor.java:281)
	at com.kms.katalon.core.main.TestCaseExecutor.execute(TestCaseExecutor.java:363)
	at com.kms.katalon.core.main.TestCaseExecutor.execute(TestCaseExecutor.java:363)
	at com.kms.katalon.core.main.TestCaseExecutor.execute(TestCaseExecutor.java:363)
	at com.kms.katalon.core.main.TestSuiteExecutor.accessTestCaseMainPhase(TestSuiteExecutor.java:202)
	at com.kms.katalon.core.main.TestSuiteExecutor.accessTestSuiteMainPhase(TestSuiteExecutor.java:164)
	at com.kms.katalon.core.main.TestSuiteExecutor.execute(TestSuiteExecutor.java:105)
	at com.kms.katalon.core.main.TestCaseMain.startTestSuite(TestCaseMain.java:181)
	at com.kms.katalon.core.main.TestCaseMain$startTestSuite$0.call(Unknown Source)
	at TempTestSuite1652966084304.run(TempTestSuite1652966084304.groovy:36)
Caused by: java.lang.IllegalArgumentException: The workbook already contains a sheet named 'WebDataCases'
	at org.apache.poi.xssf.usermodel.XSSFWorkbook.validateSheetName(XSSFWorkbook.java:890)
	at org.apache.poi.xssf.usermodel.XSSFWorkbook.createSheet(XSSFWorkbook.java:843)
	at org.apache.poi.xssf.usermodel.XSSFWorkbook.createSheet(XSSFWorkbook.java:122)
	at org.apache.poi.ss.usermodel.Workbook$createSheet$1.call(Unknown Source)
	at ctdc.utilities.runtestcaseforKatalon.writeToExcel(runtestcaseforKatalon.groovy:1171)
	at ctdc.utilities.runtestcaseforKatalon.ReadCasesTableKatalon(runtestcaseforKatalon.groovy:966)
	at ctdc.utilities.runtestcaseforKatalon.multiFunction(runtestcaseforKatalon.groovy:293)
	at ctdc.utilities.runtestcaseforKatalon.invokeMethod(runtestcaseforKatalon.groovy)
	at com.kms.katalon.core.main.CustomKeywordDelegatingMetaClass.invokeStaticMethod(CustomKeywordDelegatingMetaClass.java:50)
	... 17 more


2022-05-19 09:50:31 - [MESSAGE][ERROR] - The workbook already contains a sheet named 'WebDataCases'

2022-05-19 09:50:31 - [MESSAGE][ERROR] - Test Cases/CDS_TestCases/Study/TC01_CDS_Filter_Study-A FAILED.
Reason:
com.kms.katalon.core.exception.StepErrorException: java.lang.IllegalArgumentException: The workbook already contains a sheet named 'WebDataCases'
	at com.kms.katalon.core.main.CustomKeywordDelegatingMetaClass.throwError(CustomKeywordDelegatingMetaClass.java:96)
	at com.kms.katalon.core.main.CustomKeywordDelegatingMetaClass.invokeStaticMethod(CustomKeywordDelegatingMetaClass.java:68)
	at TC01_CDS_Filter_Study-A.run(TC01_CDS_Filter_Study-A:66)
	at com.kms.katalon.core.main.ScriptEngine.run(ScriptEngine.java:194)
	at com.kms.katalon.core.main.ScriptEngine.runScriptAsRawText(ScriptEngine.java:119)
	at com.kms.katalon.core.main.TestCaseExecutor.runScript(TestCaseExecutor.java:442)
	at com.kms.katalon.core.main.TestCaseExecutor.doExecute(TestCaseExecutor.java:433)
	at com.kms.katalon.core.main.TestCaseExecutor.processExecutionPhase(TestCaseExecutor.java:412)
	at com.kms.katalon.core.main.TestCaseExecutor.accessMainPhase(TestCaseExecutor.java:404)
	at com.kms.katalon.core.main.TestCaseExecutor.execute(TestCaseExecutor.java:281)
	at com.kms.katalon.core.main.TestCaseExecutor.execute(TestCaseExecutor.java:363)
	at com.kms.katalon.core.main.TestCaseExecutor.execute(TestCaseExecutor.java:363)
	at com.kms.katalon.core.main.TestCaseExecutor.execute(TestCaseExecutor.java:363)
	at com.kms.katalon.core.main.TestSuiteExecutor.accessTestCaseMainPhase(TestSuiteExecutor.java:202)
	at com.kms.katalon.core.main.TestSuiteExecutor.accessTestSuiteMainPhase(TestSuiteExecutor.java:164)
	at com.kms.katalon.core.main.TestSuiteExecutor.execute(TestSuiteExecutor.java:105)
	at com.kms.katalon.core.main.TestCaseMain.startTestSuite(TestCaseMain.java:181)
	at com.kms.katalon.core.main.TestCaseMain$startTestSuite$0.call(Unknown Source)
	at TempTestSuite1652966084304.run(TempTestSuite1652966084304.groovy:36)
Caused by: java.lang.IllegalArgumentException: The workbook already contains a sheet named 'WebDataCases'
	at org.apache.poi.xssf.usermodel.XSSFWorkbook.validateSheetName(XSSFWorkbook.java:890)
	at org.apache.poi.xssf.usermodel.XSSFWorkbook.createSheet(XSSFWorkbook.java:843)
	at org.apache.poi.xssf.usermodel.XSSFWorkbook.createSheet(XSSFWorkbook.java:122)
	at org.apache.poi.ss.usermodel.Workbook$createSheet$1.call(Unknown Source)
	at ctdc.utilities.runtestcaseforKatalon.writeToExcel(runtestcaseforKatalon.groovy:1171)
	at ctdc.utilities.runtestcaseforKatalon.ReadCasesTableKatalon(runtestcaseforKatalon.groovy:966)
	at ctdc.utilities.runtestcaseforKatalon.multiFunction(runtestcaseforKatalon.groovy:293)
	at ctdc.utilities.runtestcaseforKatalon.invokeMethod(runtestcaseforKatalon.groovy)
	at com.kms.katalon.core.main.CustomKeywordDelegatingMetaClass.invokeStaticMethod(CustomKeywordDelegatingMetaClass.java:50)
	... 17 more]]></system-out>
         <system-err><![CDATA[2022-05-19 09:49:23 - [TEST_CASE][ERROR] - Test Cases/CDS_TestCases/Study/TC01_CDS_Filter_Study-A: Test Cases/CDS_TestCases/Study/TC01_CDS_Filter_Study-A FAILED.
Reason:
java.lang.IllegalArgumentException: The workbook already contains a sheet named 'WebDataCases'
	at org.apache.poi.xssf.usermodel.XSSFWorkbook.validateSheetName(XSSFWorkbook.java:890)
	at org.apache.poi.xssf.usermodel.XSSFWorkbook.createSheet(XSSFWorkbook.java:843)
	at org.apache.poi.xssf.usermodel.XSSFWorkbook.createSheet(XSSFWorkbook.java:122)
	at org.apache.poi.ss.usermodel.Workbook$createSheet$1.call(Unknown Source)
	at ctdc.utilities.runtestcaseforKatalon.writeToExcel(runtestcaseforKatalon.groovy:1171)
	at ctdc.utilities.runtestcaseforKatalon.ReadCasesTableKatalon(runtestcaseforKatalon.groovy:966)
	at ctdc.utilities.runtestcaseforKatalon.multiFunction(runtestcaseforKatalon.groovy:293)
	at ctdc.utilities.runtestcaseforKatalon.invokeMethod(runtestcaseforKatalon.groovy)
	at com.kms.katalon.core.main.CustomKeywordDelegatingMetaClass.invokeStaticMethod(CustomKeywordDelegatingMetaClass.java:50)
	at TC01_CDS_Filter_Study-A.run(TC01_CDS_Filter_Study-A:66)
	at com.kms.katalon.core.main.ScriptEngine.run(ScriptEngine.java:194)
	at com.kms.katalon.core.main.ScriptEngine.runScriptAsRawText(ScriptEngine.java:119)
	at com.kms.katalon.core.main.TestCaseExecutor.runScript(TestCaseExecutor.java:442)
	at com.kms.katalon.core.main.TestCaseExecutor.doExecute(TestCaseExecutor.java:433)
	at com.kms.katalon.core.main.TestCaseExecutor.processExecutionPhase(TestCaseExecutor.java:412)
	at com.kms.katalon.core.main.TestCaseExecutor.accessMainPhase(TestCaseExecutor.java:404)
	at com.kms.katalon.core.main.TestCaseExecutor.execute(TestCaseExecutor.java:281)
	at com.kms.katalon.core.main.TestCaseExecutor.execute(TestCaseExecutor.java:363)
	at com.kms.katalon.core.main.TestCaseExecutor.execute(TestCaseExecutor.java:363)
	at com.kms.katalon.core.main.TestCaseExecutor.execute(TestCaseExecutor.java:363)
	at com.kms.katalon.core.main.TestSuiteExecutor.accessTestCaseMainPhase(TestSuiteExecutor.java:202)
	at com.kms.katalon.core.main.TestSuiteExecutor.accessTestSuiteMainPhase(TestSuiteExecutor.java:164)
	at com.kms.katalon.core.main.TestSuiteExecutor.execute(TestSuiteExecutor.java:105)
	at com.kms.katalon.core.main.TestCaseMain.startTestSuite(TestCaseMain.java:181)
	at com.kms.katalon.core.main.TestCaseMain$startTestSuite$0.call(Unknown Source)
	at TempTestSuite1652966084304.run(TempTestSuite1652966084304.groovy:36)]]></system-err>
      </testcase>
      <testcase name="Test Cases/CDS_TestCases/Study/TC02_CDS_Filter_Study-B" time="69.372" classname="Test Cases/CDS_TestCases/Study/TC02_CDS_Filter_Study-B" status="ERROR">
         <error type="ERROR" message="Test Cases/CDS_TestCases/Study/TC02_CDS_Filter_Study-B FAILED.
Reason:
java.lang.IllegalArgumentException: The workbook already contains a sheet named 'WebDataCases'
	at org.apache.poi.xssf.usermodel.XSSFWorkbook.validateSheetName(XSSFWorkbook.java:890)
	at org.apache.poi.xssf.usermodel.XSSFWorkbook.createSheet(XSSFWorkbook.java:843)
	at org.apache.poi.xssf.usermodel.XSSFWorkbook.createSheet(XSSFWorkbook.java:122)
	at org.apache.poi.ss.usermodel.Workbook$createSheet$1.call(Unknown Source)
	at ctdc.utilities.runtestcaseforKatalon.writeToExcel(runtestcaseforKatalon.groovy:1171)
	at ctdc.utilities.runtestcaseforKatalon.ReadCasesTableKatalon(runtestcaseforKatalon.groovy:966)
	at ctdc.utilities.runtestcaseforKatalon.multiFunction(runtestcaseforKatalon.groovy:293)
	at ctdc.utilities.runtestcaseforKatalon.invokeMethod(runtestcaseforKatalon.groovy)
	at com.kms.katalon.core.main.CustomKeywordDelegatingMetaClass.invokeStaticMethod(CustomKeywordDelegatingMetaClass.java:50)
	at TC02_CDS_Filter_Study-B.run(TC02_CDS_Filter_Study-B:66)
	at com.kms.katalon.core.main.ScriptEngine.run(ScriptEngine.java:194)
	at com.kms.katalon.core.main.ScriptEngine.runScriptAsRawText(ScriptEngine.java:119)
	at com.kms.katalon.core.main.TestCaseExecutor.runScript(TestCaseExecutor.java:442)
	at com.kms.katalon.core.main.TestCaseExecutor.doExecute(TestCaseExecutor.java:433)
	at com.kms.katalon.core.main.TestCaseExecutor.processExecutionPhase(TestCaseExecutor.java:412)
	at com.kms.katalon.core.main.TestCaseExecutor.accessMainPhase(TestCaseExecutor.java:404)
	at com.kms.katalon.core.main.TestCaseExecutor.execute(TestCaseExecutor.java:281)
	at com.kms.katalon.core.main.TestCaseExecutor.execute(TestCaseExecutor.java:363)
	at com.kms.katalon.core.main.TestCaseExecutor.execute(TestCaseExecutor.java:363)
	at com.kms.katalon.core.main.TestCaseExecutor.execute(TestCaseExecutor.java:363)
	at com.kms.katalon.core.main.TestSuiteExecutor.accessTestCaseMainPhase(TestSuiteExecutor.java:202)
	at com.kms.katalon.core.main.TestSuiteExecutor.accessTestSuiteMainPhase(TestSuiteExecutor.java:164)
	at com.kms.katalon.core.main.TestSuiteExecutor.execute(TestSuiteExecutor.java:105)
	at com.kms.katalon.core.main.TestCaseMain.startTestSuite(TestCaseMain.java:181)
	at com.kms.katalon.core.main.TestCaseMain$startTestSuite$0.call(Unknown Source)
	at TempTestSuite1652966084304.run(TempTestSuite1652966084304.groovy:36)
"/>
         <system-out><![CDATA[2022-05-19 09:54:26 - [TEST_CASE][ERROR] - Test Cases/CDS_TestCases/Study/TC02_CDS_Filter_Study-B: Test Cases/CDS_TestCases/Study/TC02_CDS_Filter_Study-B FAILED.
Reason:
java.lang.IllegalArgumentException: The workbook already contains a sheet named 'WebDataCases'
	at org.apache.poi.xssf.usermodel.XSSFWorkbook.validateSheetName(XSSFWorkbook.java:890)
	at org.apache.poi.xssf.usermodel.XSSFWorkbook.createSheet(XSSFWorkbook.java:843)
	at org.apache.poi.xssf.usermodel.XSSFWorkbook.createSheet(XSSFWorkbook.java:122)
	at org.apache.poi.ss.usermodel.Workbook$createSheet$1.call(Unknown Source)
	at ctdc.utilities.runtestcaseforKatalon.writeToExcel(runtestcaseforKatalon.groovy:1171)
	at ctdc.utilities.runtestcaseforKatalon.ReadCasesTableKatalon(runtestcaseforKatalon.groovy:966)
	at ctdc.utilities.runtestcaseforKatalon.multiFunction(runtestcaseforKatalon.groovy:293)
	at ctdc.utilities.runtestcaseforKatalon.invokeMethod(runtestcaseforKatalon.groovy)
	at com.kms.katalon.core.main.CustomKeywordDelegatingMetaClass.invokeStaticMethod(CustomKeywordDelegatingMetaClass.java:50)
	at TC02_CDS_Filter_Study-B.run(TC02_CDS_Filter_Study-B:66)
	at com.kms.katalon.core.main.ScriptEngine.run(ScriptEngine.java:194)
	at com.kms.katalon.core.main.ScriptEngine.runScriptAsRawText(ScriptEngine.java:119)
	at com.kms.katalon.core.main.TestCaseExecutor.runScript(TestCaseExecutor.java:442)
	at com.kms.katalon.core.main.TestCaseExecutor.doExecute(TestCaseExecutor.java:433)
	at com.kms.katalon.core.main.TestCaseExecutor.processExecutionPhase(TestCaseExecutor.java:412)
	at com.kms.katalon.core.main.TestCaseExecutor.accessMainPhase(TestCaseExecutor.java:404)
	at com.kms.katalon.core.main.TestCaseExecutor.execute(TestCaseExecutor.java:281)
	at com.kms.katalon.core.main.TestCaseExecutor.execute(TestCaseExecutor.java:363)
	at com.kms.katalon.core.main.TestCaseExecutor.execute(TestCaseExecutor.java:363)
	at com.kms.katalon.core.main.TestCaseExecutor.execute(TestCaseExecutor.java:363)
	at com.kms.katalon.core.main.TestSuiteExecutor.accessTestCaseMainPhase(TestSuiteExecutor.java:202)
	at com.kms.katalon.core.main.TestSuiteExecutor.accessTestSuiteMainPhase(TestSuiteExecutor.java:164)
	at com.kms.katalon.core.main.TestSuiteExecutor.execute(TestSuiteExecutor.java:105)
	at com.kms.katalon.core.main.TestCaseMain.startTestSuite(TestCaseMain.java:181)
	at com.kms.katalon.core.main.TestCaseMain$startTestSuite$0.call(Unknown Source)
	at TempTestSuite1652966084304.run(TempTestSuite1652966084304.groovy:36)


2022-05-19 09:54:26 - [TEST_STEP][PASSED] - Start listener action : getTestScriptName: null

2022-05-19 09:54:26 - [TEST_STEP][PASSED] - TestCaseId = testCaseContext.getTestCaseId(): null

2022-05-19 09:54:26 - [TEST_STEP][PASSED] - G_currentTCName = TestCaseId.substring(TestCaseId.lastIndexOf("TC")): null

2022-05-19 09:54:26 - [TEST_STEP][PASSED] - out.println("This is the test case name: " + G_currentTCName): null

2022-05-19 09:54:26 - [TEST_STEP][PASSED] - closeBrowser(): Browser is closed

2022-05-19 09:54:27 - [MESSAGE][PASSED] - Browser is closed

2022-05-19 09:54:27 - [TEST_STEP][PASSED] - ctdc.utilities.runtestcaseforKatalon.RunKatalon("TC02_CDS_Filter_Study-B.xlsx"): Data loaded from input file for the test case. 

2022-05-19 09:54:27 - [MESSAGE][PASSED] - Test case file loaded This is the full filepath after converting to string :C:\Users\sohilz2\Commons_Automation\InputFiles\TC02_CDS_Filter_Study-B.xlsx

2022-05-19 09:54:27 - [MESSAGE][INFO] - Global variable set for password file is :  C:\Users\sohilz2\Commons_Automation\InputFiles\TC02_CDS_Filter_Study-B.xlsx

2022-05-19 09:54:31 - [MESSAGE][PASSED] - Data loaded from input file for the test case. 

2022-05-19 09:54:54 - [TEST_STEP][PASSED] - waitForElementPresent(findTestObject("Object Repository/CDS/NavBar/CDS_Data-Btn"), 5): Object 'Object Repository/CDS/NavBar/CDS_Data-Btn' is present

2022-05-19 09:54:54 - [MESSAGE][PASSED] - Object 'Object Repository/CDS/NavBar/CDS_Data-Btn' is present

2022-05-19 09:54:54 - [TEST_STEP][PASSED] - ctdc.utilities.runtestcaseforKatalon.clickTabCDSStat("Object Repository/CDS/NavBar/CDS_Data-Btn"): ctdc.utilities.runtestcaseforKatalon.clickTabCDSStat is PASSED

2022-05-19 09:54:58 - [MESSAGE][PASSED] - ctdc.utilities.runtestcaseforKatalon.clickTabCDSStat is PASSED

2022-05-19 09:54:58 - [TEST_STEP][PASSED] - waitForElementPresent(findTestObject("Object Repository/CDS/Filter/Study/Study_Ddn"), 5): Object 'Object Repository/CDS/Filter/Study/Study_Ddn' is present

2022-05-19 09:54:58 - [MESSAGE][PASSED] - Object 'Object Repository/CDS/Filter/Study/Study_Ddn' is present

2022-05-19 09:54:58 - [TEST_STEP][PASSED] - ctdc.utilities.runtestcaseforKatalon.clickTabCDSStat("Object Repository/CDS/Filter/Study/Study_Ddn"): ctdc.utilities.runtestcaseforKatalon.clickTabCDSStat is PASSED

2022-05-19 09:55:02 - [MESSAGE][PASSED] - ctdc.utilities.runtestcaseforKatalon.clickTabCDSStat is PASSED

2022-05-19 09:55:02 - [TEST_STEP][PASSED] - waitForElementPresent(findTestObject("CDS/Filter/Study/CDS-Study-B-Chkbx"), 5): Object 'Object Repository/CDS/Filter/Study/CDS-Study-B-Chkbx' is present

2022-05-19 09:55:02 - [MESSAGE][PASSED] - Object 'Object Repository/CDS/Filter/Study/CDS-Study-B-Chkbx' is present

2022-05-19 09:55:02 - [TEST_STEP][PASSED] - ctdc.utilities.runtestcaseforKatalon.clickTabCDSStat("CDS/Filter/Study/CDS-Study-B-Chkbx"): ctdc.utilities.runtestcaseforKatalon.clickTabCDSStat is PASSED

2022-05-19 09:55:06 - [MESSAGE][PASSED] - ctdc.utilities.runtestcaseforKatalon.clickTabCDSStat is PASSED

2022-05-19 09:55:06 - [TEST_STEP][PASSED] - ctdc.utilities.runtestcaseforKatalon.readStatBarCDS("Object Repository/CDS/StatBar/CDS_StatBar-Studies", "Object Repository/CDS/StatBar/CDS_StatBar-DiseaseSites", "Object Repository/CDS/StatBar/CDS_StatBar-Participants", "Object Repository/CDS/StatBar/CDS_StatBar-Samples", "Object Repository/CDS/StatBar/CDS_StatBar-Files"): ctdc.utilities.runtestcaseforKatalon.readStatBarCDS is PASSED

2022-05-19 09:55:22 - [MESSAGE][PASSED] - ctdc.utilities.runtestcaseforKatalon.readStatBarCDS is PASSED

2022-05-19 09:55:22 - [TEST_STEP][PASSED] - waitForElementPresent(findTestObject("CDS/Cases_page/CDSResults_Cases_Tab"), 5): Object 'Object Repository/CDS/Cases_page/CDSResults_Cases_Tab' is present

2022-05-19 09:55:22 - [MESSAGE][PASSED] - Object 'Object Repository/CDS/Cases_page/CDSResults_Cases_Tab' is present

2022-05-19 09:55:22 - [TEST_STEP][PASSED] - ctdc.utilities.runtestcaseforKatalon.clickTab("Object Repository/CDS/Cases_page/CDSResults_Cases_Tab"): ctdc.utilities.runtestcaseforKatalon.clickTab is PASSED

2022-05-19 09:55:22 - [MESSAGE][PASSED] - ctdc.utilities.runtestcaseforKatalon.clickTab is PASSED

2022-05-19 09:55:22 - [TEST_STEP][ERROR] - ctdc.utilities.runtestcaseforKatalon.multiFunction("CDS", G_StatBar_Studies, "Object Repository/CDS/Cases_page/CDS_CasesTable", "Object Repository/CDS/Cases_page/CDS_CasesTableHeader", "Object Repository/CDS/Cases_page/CDS_CasesTabNextBtn", G_WebTabnameCases, G_CypherTabnameCases, G_QueryCasesTab): Test Cases/CDS_TestCases/Study/TC02_CDS_Filter_Study-B FAILED.
Reason:
com.kms.katalon.core.exception.StepErrorException: java.lang.IllegalArgumentException: The workbook already contains a sheet named 'WebDataCases'
	at com.kms.katalon.core.main.CustomKeywordDelegatingMetaClass.throwError(CustomKeywordDelegatingMetaClass.java:96)
	at com.kms.katalon.core.main.CustomKeywordDelegatingMetaClass.invokeStaticMethod(CustomKeywordDelegatingMetaClass.java:68)
	at TC02_CDS_Filter_Study-B.run(TC02_CDS_Filter_Study-B:66)
	at com.kms.katalon.core.main.ScriptEngine.run(ScriptEngine.java:194)
	at com.kms.katalon.core.main.ScriptEngine.runScriptAsRawText(ScriptEngine.java:119)
	at com.kms.katalon.core.main.TestCaseExecutor.runScript(TestCaseExecutor.java:442)
	at com.kms.katalon.core.main.TestCaseExecutor.doExecute(TestCaseExecutor.java:433)
	at com.kms.katalon.core.main.TestCaseExecutor.processExecutionPhase(TestCaseExecutor.java:412)
	at com.kms.katalon.core.main.TestCaseExecutor.accessMainPhase(TestCaseExecutor.java:404)
	at com.kms.katalon.core.main.TestCaseExecutor.execute(TestCaseExecutor.java:281)
	at com.kms.katalon.core.main.TestCaseExecutor.execute(TestCaseExecutor.java:363)
	at com.kms.katalon.core.main.TestCaseExecutor.execute(TestCaseExecutor.java:363)
	at com.kms.katalon.core.main.TestCaseExecutor.execute(TestCaseExecutor.java:363)
	at com.kms.katalon.core.main.TestSuiteExecutor.accessTestCaseMainPhase(TestSuiteExecutor.java:202)
	at com.kms.katalon.core.main.TestSuiteExecutor.accessTestSuiteMainPhase(TestSuiteExecutor.java:164)
	at com.kms.katalon.core.main.TestSuiteExecutor.execute(TestSuiteExecutor.java:105)
	at com.kms.katalon.core.main.TestCaseMain.startTestSuite(TestCaseMain.java:181)
	at com.kms.katalon.core.main.TestCaseMain$startTestSuite$0.call(Unknown Source)
	at TempTestSuite1652966084304.run(TempTestSuite1652966084304.groovy:36)
Caused by: java.lang.IllegalArgumentException: The workbook already contains a sheet named 'WebDataCases'
	at org.apache.poi.xssf.usermodel.XSSFWorkbook.validateSheetName(XSSFWorkbook.java:890)
	at org.apache.poi.xssf.usermodel.XSSFWorkbook.createSheet(XSSFWorkbook.java:843)
	at org.apache.poi.xssf.usermodel.XSSFWorkbook.createSheet(XSSFWorkbook.java:122)
	at org.apache.poi.ss.usermodel.Workbook$createSheet$1.call(Unknown Source)
	at ctdc.utilities.runtestcaseforKatalon.writeToExcel(runtestcaseforKatalon.groovy:1171)
	at ctdc.utilities.runtestcaseforKatalon.ReadCasesTableKatalon(runtestcaseforKatalon.groovy:966)
	at ctdc.utilities.runtestcaseforKatalon.multiFunction(runtestcaseforKatalon.groovy:293)
	at ctdc.utilities.runtestcaseforKatalon.invokeMethod(runtestcaseforKatalon.groovy)
	at com.kms.katalon.core.main.CustomKeywordDelegatingMetaClass.invokeStaticMethod(CustomKeywordDelegatingMetaClass.java:50)
	... 17 more


2022-05-19 09:55:35 - [MESSAGE][ERROR] - The workbook already contains a sheet named 'WebDataCases'

2022-05-19 09:55:35 - [MESSAGE][ERROR] - Test Cases/CDS_TestCases/Study/TC02_CDS_Filter_Study-B FAILED.
Reason:
com.kms.katalon.core.exception.StepErrorException: java.lang.IllegalArgumentException: The workbook already contains a sheet named 'WebDataCases'
	at com.kms.katalon.core.main.CustomKeywordDelegatingMetaClass.throwError(CustomKeywordDelegatingMetaClass.java:96)
	at com.kms.katalon.core.main.CustomKeywordDelegatingMetaClass.invokeStaticMethod(CustomKeywordDelegatingMetaClass.java:68)
	at TC02_CDS_Filter_Study-B.run(TC02_CDS_Filter_Study-B:66)
	at com.kms.katalon.core.main.ScriptEngine.run(ScriptEngine.java:194)
	at com.kms.katalon.core.main.ScriptEngine.runScriptAsRawText(ScriptEngine.java:119)
	at com.kms.katalon.core.main.TestCaseExecutor.runScript(TestCaseExecutor.java:442)
	at com.kms.katalon.core.main.TestCaseExecutor.doExecute(TestCaseExecutor.java:433)
	at com.kms.katalon.core.main.TestCaseExecutor.processExecutionPhase(TestCaseExecutor.java:412)
	at com.kms.katalon.core.main.TestCaseExecutor.accessMainPhase(TestCaseExecutor.java:404)
	at com.kms.katalon.core.main.TestCaseExecutor.execute(TestCaseExecutor.java:281)
	at com.kms.katalon.core.main.TestCaseExecutor.execute(TestCaseExecutor.java:363)
	at com.kms.katalon.core.main.TestCaseExecutor.execute(TestCaseExecutor.java:363)
	at com.kms.katalon.core.main.TestCaseExecutor.execute(TestCaseExecutor.java:363)
	at com.kms.katalon.core.main.TestSuiteExecutor.accessTestCaseMainPhase(TestSuiteExecutor.java:202)
	at com.kms.katalon.core.main.TestSuiteExecutor.accessTestSuiteMainPhase(TestSuiteExecutor.java:164)
	at com.kms.katalon.core.main.TestSuiteExecutor.execute(TestSuiteExecutor.java:105)
	at com.kms.katalon.core.main.TestCaseMain.startTestSuite(TestCaseMain.java:181)
	at com.kms.katalon.core.main.TestCaseMain$startTestSuite$0.call(Unknown Source)
	at TempTestSuite1652966084304.run(TempTestSuite1652966084304.groovy:36)
Caused by: java.lang.IllegalArgumentException: The workbook already contains a sheet named 'WebDataCases'
	at org.apache.poi.xssf.usermodel.XSSFWorkbook.validateSheetName(XSSFWorkbook.java:890)
	at org.apache.poi.xssf.usermodel.XSSFWorkbook.createSheet(XSSFWorkbook.java:843)
	at org.apache.poi.xssf.usermodel.XSSFWorkbook.createSheet(XSSFWorkbook.java:122)
	at org.apache.poi.ss.usermodel.Workbook$createSheet$1.call(Unknown Source)
	at ctdc.utilities.runtestcaseforKatalon.writeToExcel(runtestcaseforKatalon.groovy:1171)
	at ctdc.utilities.runtestcaseforKatalon.ReadCasesTableKatalon(runtestcaseforKatalon.groovy:966)
	at ctdc.utilities.runtestcaseforKatalon.multiFunction(runtestcaseforKatalon.groovy:293)
	at ctdc.utilities.runtestcaseforKatalon.invokeMethod(runtestcaseforKatalon.groovy)
	at com.kms.katalon.core.main.CustomKeywordDelegatingMetaClass.invokeStaticMethod(CustomKeywordDelegatingMetaClass.java:50)
	... 17 more]]></system-out>
         <system-err><![CDATA[2022-05-19 09:54:26 - [TEST_CASE][ERROR] - Test Cases/CDS_TestCases/Study/TC02_CDS_Filter_Study-B: Test Cases/CDS_TestCases/Study/TC02_CDS_Filter_Study-B FAILED.
Reason:
java.lang.IllegalArgumentException: The workbook already contains a sheet named 'WebDataCases'
	at org.apache.poi.xssf.usermodel.XSSFWorkbook.validateSheetName(XSSFWorkbook.java:890)
	at org.apache.poi.xssf.usermodel.XSSFWorkbook.createSheet(XSSFWorkbook.java:843)
	at org.apache.poi.xssf.usermodel.XSSFWorkbook.createSheet(XSSFWorkbook.java:122)
	at org.apache.poi.ss.usermodel.Workbook$createSheet$1.call(Unknown Source)
	at ctdc.utilities.runtestcaseforKatalon.writeToExcel(runtestcaseforKatalon.groovy:1171)
	at ctdc.utilities.runtestcaseforKatalon.ReadCasesTableKatalon(runtestcaseforKatalon.groovy:966)
	at ctdc.utilities.runtestcaseforKatalon.multiFunction(runtestcaseforKatalon.groovy:293)
	at ctdc.utilities.runtestcaseforKatalon.invokeMethod(runtestcaseforKatalon.groovy)
	at com.kms.katalon.core.main.CustomKeywordDelegatingMetaClass.invokeStaticMethod(CustomKeywordDelegatingMetaClass.java:50)
	at TC02_CDS_Filter_Study-B.run(TC02_CDS_Filter_Study-B:66)
	at com.kms.katalon.core.main.ScriptEngine.run(ScriptEngine.java:194)
	at com.kms.katalon.core.main.ScriptEngine.runScriptAsRawText(ScriptEngine.java:119)
	at com.kms.katalon.core.main.TestCaseExecutor.runScript(TestCaseExecutor.java:442)
	at com.kms.katalon.core.main.TestCaseExecutor.doExecute(TestCaseExecutor.java:433)
	at com.kms.katalon.core.main.TestCaseExecutor.processExecutionPhase(TestCaseExecutor.java:412)
	at com.kms.katalon.core.main.TestCaseExecutor.accessMainPhase(TestCaseExecutor.java:404)
	at com.kms.katalon.core.main.TestCaseExecutor.execute(TestCaseExecutor.java:281)
	at com.kms.katalon.core.main.TestCaseExecutor.execute(TestCaseExecutor.java:363)
	at com.kms.katalon.core.main.TestCaseExecutor.execute(TestCaseExecutor.java:363)
	at com.kms.katalon.core.main.TestCaseExecutor.execute(TestCaseExecutor.java:363)
	at com.kms.katalon.core.main.TestSuiteExecutor.accessTestCaseMainPhase(TestSuiteExecutor.java:202)
	at com.kms.katalon.core.main.TestSuiteExecutor.accessTestSuiteMainPhase(TestSuiteExecutor.java:164)
	at com.kms.katalon.core.main.TestSuiteExecutor.execute(TestSuiteExecutor.java:105)
	at com.kms.katalon.core.main.TestCaseMain.startTestSuite(TestCaseMain.java:181)
	at com.kms.katalon.core.main.TestCaseMain$startTestSuite$0.call(Unknown Source)
	at TempTestSuite1652966084304.run(TempTestSuite1652966084304.groovy:36)]]></system-err>
      </testcase>
      <testcase name="Test Cases/CDS_TestCases/Study/TC03_CDS_Filter_Study-C" time="79.646" classname="Test Cases/CDS_TestCases/Study/TC03_CDS_Filter_Study-C" status="ERROR">
         <error type="ERROR" message="Test Cases/CDS_TestCases/Study/TC03_CDS_Filter_Study-C FAILED.
Reason:
java.lang.IllegalArgumentException: The workbook already contains a sheet named 'WebDataCases'
	at org.apache.poi.xssf.usermodel.XSSFWorkbook.validateSheetName(XSSFWorkbook.java:890)
	at org.apache.poi.xssf.usermodel.XSSFWorkbook.createSheet(XSSFWorkbook.java:843)
	at org.apache.poi.xssf.usermodel.XSSFWorkbook.createSheet(XSSFWorkbook.java:122)
	at org.apache.poi.ss.usermodel.Workbook$createSheet$1.call(Unknown Source)
	at ctdc.utilities.runtestcaseforKatalon.writeToExcel(runtestcaseforKatalon.groovy:1171)
	at ctdc.utilities.runtestcaseforKatalon.ReadCasesTableKatalon(runtestcaseforKatalon.groovy:966)
	at ctdc.utilities.runtestcaseforKatalon.multiFunction(runtestcaseforKatalon.groovy:293)
	at ctdc.utilities.runtestcaseforKatalon.invokeMethod(runtestcaseforKatalon.groovy)
	at com.kms.katalon.core.main.CustomKeywordDelegatingMetaClass.invokeStaticMethod(CustomKeywordDelegatingMetaClass.java:50)
	at TC03_CDS_Filter_Study-C.run(TC03_CDS_Filter_Study-C:66)
	at com.kms.katalon.core.main.ScriptEngine.run(ScriptEngine.java:194)
	at com.kms.katalon.core.main.ScriptEngine.runScriptAsRawText(ScriptEngine.java:119)
	at com.kms.katalon.core.main.TestCaseExecutor.runScript(TestCaseExecutor.java:442)
	at com.kms.katalon.core.main.TestCaseExecutor.doExecute(TestCaseExecutor.java:433)
	at com.kms.katalon.core.main.TestCaseExecutor.processExecutionPhase(TestCaseExecutor.java:412)
	at com.kms.katalon.core.main.TestCaseExecutor.accessMainPhase(TestCaseExecutor.java:404)
	at com.kms.katalon.core.main.TestCaseExecutor.execute(TestCaseExecutor.java:281)
	at com.kms.katalon.core.main.TestCaseExecutor.execute(TestCaseExecutor.java:363)
	at com.kms.katalon.core.main.TestCaseExecutor.execute(TestCaseExecutor.java:363)
	at com.kms.katalon.core.main.TestCaseExecutor.execute(TestCaseExecutor.java:363)
	at com.kms.katalon.core.main.TestSuiteExecutor.accessTestCaseMainPhase(TestSuiteExecutor.java:202)
	at com.kms.katalon.core.main.TestSuiteExecutor.accessTestSuiteMainPhase(TestSuiteExecutor.java:164)
	at com.kms.katalon.core.main.TestSuiteExecutor.execute(TestSuiteExecutor.java:105)
	at com.kms.katalon.core.main.TestCaseMain.startTestSuite(TestCaseMain.java:181)
	at com.kms.katalon.core.main.TestCaseMain$startTestSuite$0.call(Unknown Source)
	at TempTestSuite1652966084304.run(TempTestSuite1652966084304.groovy:36)
"/>
         <system-out><![CDATA[2022-05-19 09:59:35 - [TEST_CASE][ERROR] - Test Cases/CDS_TestCases/Study/TC03_CDS_Filter_Study-C: Test Cases/CDS_TestCases/Study/TC03_CDS_Filter_Study-C FAILED.
Reason:
java.lang.IllegalArgumentException: The workbook already contains a sheet named 'WebDataCases'
	at org.apache.poi.xssf.usermodel.XSSFWorkbook.validateSheetName(XSSFWorkbook.java:890)
	at org.apache.poi.xssf.usermodel.XSSFWorkbook.createSheet(XSSFWorkbook.java:843)
	at org.apache.poi.xssf.usermodel.XSSFWorkbook.createSheet(XSSFWorkbook.java:122)
	at org.apache.poi.ss.usermodel.Workbook$createSheet$1.call(Unknown Source)
	at ctdc.utilities.runtestcaseforKatalon.writeToExcel(runtestcaseforKatalon.groovy:1171)
	at ctdc.utilities.runtestcaseforKatalon.ReadCasesTableKatalon(runtestcaseforKatalon.groovy:966)
	at ctdc.utilities.runtestcaseforKatalon.multiFunction(runtestcaseforKatalon.groovy:293)
	at ctdc.utilities.runtestcaseforKatalon.invokeMethod(runtestcaseforKatalon.groovy)
	at com.kms.katalon.core.main.CustomKeywordDelegatingMetaClass.invokeStaticMethod(CustomKeywordDelegatingMetaClass.java:50)
	at TC03_CDS_Filter_Study-C.run(TC03_CDS_Filter_Study-C:66)
	at com.kms.katalon.core.main.ScriptEngine.run(ScriptEngine.java:194)
	at com.kms.katalon.core.main.ScriptEngine.runScriptAsRawText(ScriptEngine.java:119)
	at com.kms.katalon.core.main.TestCaseExecutor.runScript(TestCaseExecutor.java:442)
	at com.kms.katalon.core.main.TestCaseExecutor.doExecute(TestCaseExecutor.java:433)
	at com.kms.katalon.core.main.TestCaseExecutor.processExecutionPhase(TestCaseExecutor.java:412)
	at com.kms.katalon.core.main.TestCaseExecutor.accessMainPhase(TestCaseExecutor.java:404)
	at com.kms.katalon.core.main.TestCaseExecutor.execute(TestCaseExecutor.java:281)
	at com.kms.katalon.core.main.TestCaseExecutor.execute(TestCaseExecutor.java:363)
	at com.kms.katalon.core.main.TestCaseExecutor.execute(TestCaseExecutor.java:363)
	at com.kms.katalon.core.main.TestCaseExecutor.execute(TestCaseExecutor.java:363)
	at com.kms.katalon.core.main.TestSuiteExecutor.accessTestCaseMainPhase(TestSuiteExecutor.java:202)
	at com.kms.katalon.core.main.TestSuiteExecutor.accessTestSuiteMainPhase(TestSuiteExecutor.java:164)
	at com.kms.katalon.core.main.TestSuiteExecutor.execute(TestSuiteExecutor.java:105)
	at com.kms.katalon.core.main.TestCaseMain.startTestSuite(TestCaseMain.java:181)
	at com.kms.katalon.core.main.TestCaseMain$startTestSuite$0.call(Unknown Source)
	at TempTestSuite1652966084304.run(TempTestSuite1652966084304.groovy:36)


2022-05-19 09:59:35 - [TEST_STEP][PASSED] - Start listener action : getTestScriptName: null

2022-05-19 09:59:35 - [TEST_STEP][PASSED] - TestCaseId = testCaseContext.getTestCaseId(): null

2022-05-19 09:59:35 - [TEST_STEP][PASSED] - G_currentTCName = TestCaseId.substring(TestCaseId.lastIndexOf("TC")): null

2022-05-19 09:59:35 - [TEST_STEP][PASSED] - out.println("This is the test case name: " + G_currentTCName): null

2022-05-19 09:59:35 - [TEST_STEP][PASSED] - closeBrowser(): Browser is closed

2022-05-19 09:59:36 - [MESSAGE][PASSED] - Browser is closed

2022-05-19 09:59:36 - [TEST_STEP][PASSED] - ctdc.utilities.runtestcaseforKatalon.RunKatalon("TC03_CDS_Filter_Study-C.xlsx"): Data loaded from input file for the test case. 

2022-05-19 09:59:36 - [MESSAGE][PASSED] - Test case file loaded This is the full filepath after converting to string :C:\Users\sohilz2\Commons_Automation\InputFiles\TC03_CDS_Filter_Study-C.xlsx

2022-05-19 09:59:36 - [MESSAGE][INFO] - Global variable set for password file is :  C:\Users\sohilz2\Commons_Automation\InputFiles\TC03_CDS_Filter_Study-C.xlsx

2022-05-19 09:59:40 - [MESSAGE][PASSED] - Data loaded from input file for the test case. 

2022-05-19 10:00:13 - [TEST_STEP][PASSED] - waitForElementPresent(findTestObject("Object Repository/CDS/NavBar/CDS_Data-Btn"), 5): Object 'Object Repository/CDS/NavBar/CDS_Data-Btn' is present

2022-05-19 10:00:13 - [MESSAGE][PASSED] - Object 'Object Repository/CDS/NavBar/CDS_Data-Btn' is present

2022-05-19 10:00:13 - [TEST_STEP][PASSED] - ctdc.utilities.runtestcaseforKatalon.clickTabCDSStat("Object Repository/CDS/NavBar/CDS_Data-Btn"): ctdc.utilities.runtestcaseforKatalon.clickTabCDSStat is PASSED

2022-05-19 10:00:18 - [MESSAGE][PASSED] - ctdc.utilities.runtestcaseforKatalon.clickTabCDSStat is PASSED

2022-05-19 10:00:18 - [TEST_STEP][PASSED] - waitForElementPresent(findTestObject("Object Repository/CDS/Filter/Study/Study_Ddn"), 5): Object 'Object Repository/CDS/Filter/Study/Study_Ddn' is present

2022-05-19 10:00:18 - [MESSAGE][PASSED] - Object 'Object Repository/CDS/Filter/Study/Study_Ddn' is present

2022-05-19 10:00:18 - [TEST_STEP][PASSED] - ctdc.utilities.runtestcaseforKatalon.clickTabCDSStat("Object Repository/CDS/Filter/Study/Study_Ddn"): ctdc.utilities.runtestcaseforKatalon.clickTabCDSStat is PASSED

2022-05-19 10:00:22 - [MESSAGE][PASSED] - ctdc.utilities.runtestcaseforKatalon.clickTabCDSStat is PASSED

2022-05-19 10:00:22 - [TEST_STEP][PASSED] - waitForElementPresent(findTestObject("CDS/Filter/Study/CDS-Study-C-Chkbx"), 5): Object 'Object Repository/CDS/Filter/Study/CDS-Study-C-Chkbx' is present

2022-05-19 10:00:22 - [MESSAGE][PASSED] - Object 'Object Repository/CDS/Filter/Study/CDS-Study-C-Chkbx' is present

2022-05-19 10:00:22 - [TEST_STEP][PASSED] - ctdc.utilities.runtestcaseforKatalon.clickTabCDSStat("CDS/Filter/Study/CDS-Study-C-Chkbx"): ctdc.utilities.runtestcaseforKatalon.clickTabCDSStat is PASSED

2022-05-19 10:00:26 - [MESSAGE][PASSED] - ctdc.utilities.runtestcaseforKatalon.clickTabCDSStat is PASSED

2022-05-19 10:00:26 - [TEST_STEP][PASSED] - ctdc.utilities.runtestcaseforKatalon.readStatBarCDS("Object Repository/CDS/StatBar/CDS_StatBar-Studies", "Object Repository/CDS/StatBar/CDS_StatBar-DiseaseSites", "Object Repository/CDS/StatBar/CDS_StatBar-Participants", "Object Repository/CDS/StatBar/CDS_StatBar-Samples", "Object Repository/CDS/StatBar/CDS_StatBar-Files"): ctdc.utilities.runtestcaseforKatalon.readStatBarCDS is PASSED

2022-05-19 10:00:42 - [MESSAGE][PASSED] - ctdc.utilities.runtestcaseforKatalon.readStatBarCDS is PASSED

2022-05-19 10:00:42 - [TEST_STEP][PASSED] - waitForElementPresent(findTestObject("CDS/Cases_page/CDSResults_Cases_Tab"), 5): Object 'Object Repository/CDS/Cases_page/CDSResults_Cases_Tab' is present

2022-05-19 10:00:42 - [MESSAGE][PASSED] - Object 'Object Repository/CDS/Cases_page/CDSResults_Cases_Tab' is present

2022-05-19 10:00:42 - [TEST_STEP][PASSED] - ctdc.utilities.runtestcaseforKatalon.clickTab("Object Repository/CDS/Cases_page/CDSResults_Cases_Tab"): ctdc.utilities.runtestcaseforKatalon.clickTab is PASSED

2022-05-19 10:00:42 - [MESSAGE][PASSED] - ctdc.utilities.runtestcaseforKatalon.clickTab is PASSED

2022-05-19 10:00:42 - [TEST_STEP][ERROR] - ctdc.utilities.runtestcaseforKatalon.multiFunction("CDS", G_StatBar_Studies, "Object Repository/CDS/Cases_page/CDS_CasesTable", "Object Repository/CDS/Cases_page/CDS_CasesTableHeader", "Object Repository/CDS/Cases_page/CDS_CasesTabNextBtn", G_WebTabnameCases, G_CypherTabnameCases, G_QueryCasesTab): Test Cases/CDS_TestCases/Study/TC03_CDS_Filter_Study-C FAILED.
Reason:
com.kms.katalon.core.exception.StepErrorException: java.lang.IllegalArgumentException: The workbook already contains a sheet named 'WebDataCases'
	at com.kms.katalon.core.main.CustomKeywordDelegatingMetaClass.throwError(CustomKeywordDelegatingMetaClass.java:96)
	at com.kms.katalon.core.main.CustomKeywordDelegatingMetaClass.invokeStaticMethod(CustomKeywordDelegatingMetaClass.java:68)
	at TC03_CDS_Filter_Study-C.run(TC03_CDS_Filter_Study-C:66)
	at com.kms.katalon.core.main.ScriptEngine.run(ScriptEngine.java:194)
	at com.kms.katalon.core.main.ScriptEngine.runScriptAsRawText(ScriptEngine.java:119)
	at com.kms.katalon.core.main.TestCaseExecutor.runScript(TestCaseExecutor.java:442)
	at com.kms.katalon.core.main.TestCaseExecutor.doExecute(TestCaseExecutor.java:433)
	at com.kms.katalon.core.main.TestCaseExecutor.processExecutionPhase(TestCaseExecutor.java:412)
	at com.kms.katalon.core.main.TestCaseExecutor.accessMainPhase(TestCaseExecutor.java:404)
	at com.kms.katalon.core.main.TestCaseExecutor.execute(TestCaseExecutor.java:281)
	at com.kms.katalon.core.main.TestCaseExecutor.execute(TestCaseExecutor.java:363)
	at com.kms.katalon.core.main.TestCaseExecutor.execute(TestCaseExecutor.java:363)
	at com.kms.katalon.core.main.TestCaseExecutor.execute(TestCaseExecutor.java:363)
	at com.kms.katalon.core.main.TestSuiteExecutor.accessTestCaseMainPhase(TestSuiteExecutor.java:202)
	at com.kms.katalon.core.main.TestSuiteExecutor.accessTestSuiteMainPhase(TestSuiteExecutor.java:164)
	at com.kms.katalon.core.main.TestSuiteExecutor.execute(TestSuiteExecutor.java:105)
	at com.kms.katalon.core.main.TestCaseMain.startTestSuite(TestCaseMain.java:181)
	at com.kms.katalon.core.main.TestCaseMain$startTestSuite$0.call(Unknown Source)
	at TempTestSuite1652966084304.run(TempTestSuite1652966084304.groovy:36)
Caused by: java.lang.IllegalArgumentException: The workbook already contains a sheet named 'WebDataCases'
	at org.apache.poi.xssf.usermodel.XSSFWorkbook.validateSheetName(XSSFWorkbook.java:890)
	at org.apache.poi.xssf.usermodel.XSSFWorkbook.createSheet(XSSFWorkbook.java:843)
	at org.apache.poi.xssf.usermodel.XSSFWorkbook.createSheet(XSSFWorkbook.java:122)
	at org.apache.poi.ss.usermodel.Workbook$createSheet$1.call(Unknown Source)
	at ctdc.utilities.runtestcaseforKatalon.writeToExcel(runtestcaseforKatalon.groovy:1171)
	at ctdc.utilities.runtestcaseforKatalon.ReadCasesTableKatalon(runtestcaseforKatalon.groovy:966)
	at ctdc.utilities.runtestcaseforKatalon.multiFunction(runtestcaseforKatalon.groovy:293)
	at ctdc.utilities.runtestcaseforKatalon.invokeMethod(runtestcaseforKatalon.groovy)
	at com.kms.katalon.core.main.CustomKeywordDelegatingMetaClass.invokeStaticMethod(CustomKeywordDelegatingMetaClass.java:50)
	... 17 more


2022-05-19 10:00:55 - [MESSAGE][ERROR] - The workbook already contains a sheet named 'WebDataCases'

2022-05-19 10:00:55 - [MESSAGE][ERROR] - Test Cases/CDS_TestCases/Study/TC03_CDS_Filter_Study-C FAILED.
Reason:
com.kms.katalon.core.exception.StepErrorException: java.lang.IllegalArgumentException: The workbook already contains a sheet named 'WebDataCases'
	at com.kms.katalon.core.main.CustomKeywordDelegatingMetaClass.throwError(CustomKeywordDelegatingMetaClass.java:96)
	at com.kms.katalon.core.main.CustomKeywordDelegatingMetaClass.invokeStaticMethod(CustomKeywordDelegatingMetaClass.java:68)
	at TC03_CDS_Filter_Study-C.run(TC03_CDS_Filter_Study-C:66)
	at com.kms.katalon.core.main.ScriptEngine.run(ScriptEngine.java:194)
	at com.kms.katalon.core.main.ScriptEngine.runScriptAsRawText(ScriptEngine.java:119)
	at com.kms.katalon.core.main.TestCaseExecutor.runScript(TestCaseExecutor.java:442)
	at com.kms.katalon.core.main.TestCaseExecutor.doExecute(TestCaseExecutor.java:433)
	at com.kms.katalon.core.main.TestCaseExecutor.processExecutionPhase(TestCaseExecutor.java:412)
	at com.kms.katalon.core.main.TestCaseExecutor.accessMainPhase(TestCaseExecutor.java:404)
	at com.kms.katalon.core.main.TestCaseExecutor.execute(TestCaseExecutor.java:281)
	at com.kms.katalon.core.main.TestCaseExecutor.execute(TestCaseExecutor.java:363)
	at com.kms.katalon.core.main.TestCaseExecutor.execute(TestCaseExecutor.java:363)
	at com.kms.katalon.core.main.TestCaseExecutor.execute(TestCaseExecutor.java:363)
	at com.kms.katalon.core.main.TestSuiteExecutor.accessTestCaseMainPhase(TestSuiteExecutor.java:202)
	at com.kms.katalon.core.main.TestSuiteExecutor.accessTestSuiteMainPhase(TestSuiteExecutor.java:164)
	at com.kms.katalon.core.main.TestSuiteExecutor.execute(TestSuiteExecutor.java:105)
	at com.kms.katalon.core.main.TestCaseMain.startTestSuite(TestCaseMain.java:181)
	at com.kms.katalon.core.main.TestCaseMain$startTestSuite$0.call(Unknown Source)
	at TempTestSuite1652966084304.run(TempTestSuite1652966084304.groovy:36)
Caused by: java.lang.IllegalArgumentException: The workbook already contains a sheet named 'WebDataCases'
	at org.apache.poi.xssf.usermodel.XSSFWorkbook.validateSheetName(XSSFWorkbook.java:890)
	at org.apache.poi.xssf.usermodel.XSSFWorkbook.createSheet(XSSFWorkbook.java:843)
	at org.apache.poi.xssf.usermodel.XSSFWorkbook.createSheet(XSSFWorkbook.java:122)
	at org.apache.poi.ss.usermodel.Workbook$createSheet$1.call(Unknown Source)
	at ctdc.utilities.runtestcaseforKatalon.writeToExcel(runtestcaseforKatalon.groovy:1171)
	at ctdc.utilities.runtestcaseforKatalon.ReadCasesTableKatalon(runtestcaseforKatalon.groovy:966)
	at ctdc.utilities.runtestcaseforKatalon.multiFunction(runtestcaseforKatalon.groovy:293)
	at ctdc.utilities.runtestcaseforKatalon.invokeMethod(runtestcaseforKatalon.groovy)
	at com.kms.katalon.core.main.CustomKeywordDelegatingMetaClass.invokeStaticMethod(CustomKeywordDelegatingMetaClass.java:50)
	... 17 more]]></system-out>
         <system-err><![CDATA[2022-05-19 09:59:35 - [TEST_CASE][ERROR] - Test Cases/CDS_TestCases/Study/TC03_CDS_Filter_Study-C: Test Cases/CDS_TestCases/Study/TC03_CDS_Filter_Study-C FAILED.
Reason:
java.lang.IllegalArgumentException: The workbook already contains a sheet named 'WebDataCases'
	at org.apache.poi.xssf.usermodel.XSSFWorkbook.validateSheetName(XSSFWorkbook.java:890)
	at org.apache.poi.xssf.usermodel.XSSFWorkbook.createSheet(XSSFWorkbook.java:843)
	at org.apache.poi.xssf.usermodel.XSSFWorkbook.createSheet(XSSFWorkbook.java:122)
	at org.apache.poi.ss.usermodel.Workbook$createSheet$1.call(Unknown Source)
	at ctdc.utilities.runtestcaseforKatalon.writeToExcel(runtestcaseforKatalon.groovy:1171)
	at ctdc.utilities.runtestcaseforKatalon.ReadCasesTableKatalon(runtestcaseforKatalon.groovy:966)
	at ctdc.utilities.runtestcaseforKatalon.multiFunction(runtestcaseforKatalon.groovy:293)
	at ctdc.utilities.runtestcaseforKatalon.invokeMethod(runtestcaseforKatalon.groovy)
	at com.kms.katalon.core.main.CustomKeywordDelegatingMetaClass.invokeStaticMethod(CustomKeywordDelegatingMetaClass.java:50)
	at TC03_CDS_Filter_Study-C.run(TC03_CDS_Filter_Study-C:66)
	at com.kms.katalon.core.main.ScriptEngine.run(ScriptEngine.java:194)
	at com.kms.katalon.core.main.ScriptEngine.runScriptAsRawText(ScriptEngine.java:119)
	at com.kms.katalon.core.main.TestCaseExecutor.runScript(TestCaseExecutor.java:442)
	at com.kms.katalon.core.main.TestCaseExecutor.doExecute(TestCaseExecutor.java:433)
	at com.kms.katalon.core.main.TestCaseExecutor.processExecutionPhase(TestCaseExecutor.java:412)
	at com.kms.katalon.core.main.TestCaseExecutor.accessMainPhase(TestCaseExecutor.java:404)
	at com.kms.katalon.core.main.TestCaseExecutor.execute(TestCaseExecutor.java:281)
	at com.kms.katalon.core.main.TestCaseExecutor.execute(TestCaseExecutor.java:363)
	at com.kms.katalon.core.main.TestCaseExecutor.execute(TestCaseExecutor.java:363)
	at com.kms.katalon.core.main.TestCaseExecutor.execute(TestCaseExecutor.java:363)
	at com.kms.katalon.core.main.TestSuiteExecutor.accessTestCaseMainPhase(TestSuiteExecutor.java:202)
	at com.kms.katalon.core.main.TestSuiteExecutor.accessTestSuiteMainPhase(TestSuiteExecutor.java:164)
	at com.kms.katalon.core.main.TestSuiteExecutor.execute(TestSuiteExecutor.java:105)
	at com.kms.katalon.core.main.TestCaseMain.startTestSuite(TestCaseMain.java:181)
	at com.kms.katalon.core.main.TestCaseMain$startTestSuite$0.call(Unknown Source)
	at TempTestSuite1652966084304.run(TempTestSuite1652966084304.groovy:36)]]></system-err>
      </testcase>
      <testcase name="Test Cases/CDS_TestCases/Study/TC04_CDS_Filter_Study-D" time="121.479" classname="Test Cases/CDS_TestCases/Study/TC04_CDS_Filter_Study-D" status="PASSED">
         <system-out><![CDATA[2022-05-19 10:00:55 - [TEST_CASE][PASSED] - Test Cases/CDS_TestCases/Study/TC04_CDS_Filter_Study-D: Test Cases/CDS_TestCases/Study/TC04_CDS_Filter_Study-D

2022-05-19 10:00:55 - [TEST_STEP][PASSED] - Start listener action : getTestScriptName: null

2022-05-19 10:00:55 - [TEST_STEP][PASSED] - TestCaseId = testCaseContext.getTestCaseId(): null

2022-05-19 10:00:55 - [TEST_STEP][PASSED] - G_currentTCName = TestCaseId.substring(TestCaseId.lastIndexOf("TC")): null

2022-05-19 10:00:55 - [TEST_STEP][PASSED] - out.println("This is the test case name: " + G_currentTCName): null

2022-05-19 10:00:56 - [TEST_STEP][PASSED] - closeBrowser(): Browser is closed

2022-05-19 10:00:57 - [MESSAGE][PASSED] - Browser is closed

2022-05-19 10:00:57 - [TEST_STEP][PASSED] - ctdc.utilities.runtestcaseforKatalon.RunKatalon("TC04_CDS_Filter_Study-D.xlsx"): Data loaded from input file for the test case. 

2022-05-19 10:00:57 - [MESSAGE][PASSED] - Test case file loaded This is the full filepath after converting to string :C:\Users\sohilz2\Commons_Automation\InputFiles\TC04_CDS_Filter_Study-D.xlsx

2022-05-19 10:00:57 - [MESSAGE][INFO] - Global variable set for password file is :  C:\Users\sohilz2\Commons_Automation\InputFiles\TC04_CDS_Filter_Study-D.xlsx

2022-05-19 10:01:01 - [MESSAGE][PASSED] - Data loaded from input file for the test case. 

2022-05-19 10:01:35 - [TEST_STEP][PASSED] - waitForElementPresent(findTestObject("Object Repository/CDS/NavBar/CDS_Data-Btn"), 5): Object 'Object Repository/CDS/NavBar/CDS_Data-Btn' is present

2022-05-19 10:01:36 - [MESSAGE][PASSED] - Object 'Object Repository/CDS/NavBar/CDS_Data-Btn' is present

2022-05-19 10:01:36 - [TEST_STEP][PASSED] - ctdc.utilities.runtestcaseforKatalon.clickTabCDSStat("Object Repository/CDS/NavBar/CDS_Data-Btn"): ctdc.utilities.runtestcaseforKatalon.clickTabCDSStat is PASSED

2022-05-19 10:01:40 - [MESSAGE][PASSED] - ctdc.utilities.runtestcaseforKatalon.clickTabCDSStat is PASSED

2022-05-19 10:01:40 - [TEST_STEP][PASSED] - waitForElementPresent(findTestObject("Object Repository/CDS/Filter/Study/Study_Ddn"), 5): Object 'Object Repository/CDS/Filter/Study/Study_Ddn' is present

2022-05-19 10:01:40 - [MESSAGE][PASSED] - Object 'Object Repository/CDS/Filter/Study/Study_Ddn' is present

2022-05-19 10:01:40 - [TEST_STEP][PASSED] - ctdc.utilities.runtestcaseforKatalon.clickTabCDSStat("Object Repository/CDS/Filter/Study/Study_Ddn"): ctdc.utilities.runtestcaseforKatalon.clickTabCDSStat is PASSED

2022-05-19 10:01:43 - [MESSAGE][PASSED] - ctdc.utilities.runtestcaseforKatalon.clickTabCDSStat is PASSED

2022-05-19 10:01:43 - [TEST_STEP][PASSED] - waitForElementPresent(findTestObject("CDS/Filter/Study/CDS-Study-D-Chkbx"), 5): Object 'Object Repository/CDS/Filter/Study/CDS-Study-D-Chkbx' is present

2022-05-19 10:01:43 - [MESSAGE][PASSED] - Object 'Object Repository/CDS/Filter/Study/CDS-Study-D-Chkbx' is present

2022-05-19 10:01:43 - [TEST_STEP][PASSED] - ctdc.utilities.runtestcaseforKatalon.clickTabCDSStat("CDS/Filter/Study/CDS-Study-D-Chkbx"): ctdc.utilities.runtestcaseforKatalon.clickTabCDSStat is PASSED

2022-05-19 10:01:47 - [MESSAGE][PASSED] - ctdc.utilities.runtestcaseforKatalon.clickTabCDSStat is PASSED

2022-05-19 10:01:47 - [TEST_STEP][PASSED] - ctdc.utilities.runtestcaseforKatalon.readStatBarCDS("Object Repository/CDS/StatBar/CDS_StatBar-Studies", "Object Repository/CDS/StatBar/CDS_StatBar-DiseaseSites", "Object Repository/CDS/StatBar/CDS_StatBar-Participants", "Object Repository/CDS/StatBar/CDS_StatBar-Samples", "Object Repository/CDS/StatBar/CDS_StatBar-Files"): ctdc.utilities.runtestcaseforKatalon.readStatBarCDS is PASSED

2022-05-19 10:02:03 - [MESSAGE][PASSED] - ctdc.utilities.runtestcaseforKatalon.readStatBarCDS is PASSED

2022-05-19 10:02:03 - [TEST_STEP][PASSED] - waitForElementPresent(findTestObject("CDS/Cases_page/CDSResults_Cases_Tab"), 5): Object 'Object Repository/CDS/Cases_page/CDSResults_Cases_Tab' is present

2022-05-19 10:02:03 - [MESSAGE][PASSED] - Object 'Object Repository/CDS/Cases_page/CDSResults_Cases_Tab' is present

2022-05-19 10:02:03 - [TEST_STEP][PASSED] - ctdc.utilities.runtestcaseforKatalon.clickTab("Object Repository/CDS/Cases_page/CDSResults_Cases_Tab"): ctdc.utilities.runtestcaseforKatalon.clickTab is PASSED

2022-05-19 10:02:03 - [MESSAGE][PASSED] - ctdc.utilities.runtestcaseforKatalon.clickTab is PASSED

2022-05-19 10:02:03 - [TEST_STEP][PASSED] - ctdc.utilities.runtestcaseforKatalon.multiFunction("CDS", G_StatBar_Studies, "Object Repository/CDS/Cases_page/CDS_CasesTable", "Object Repository/CDS/Cases_page/CDS_CasesTableHeader", "Object Repository/CDS/Cases_page/CDS_CasesTabNextBtn", G_WebTabnameCases, G_CypherTabnameCases, G_QueryCasesTab): Statbar Files count matches

2022-05-19 10:02:23 - [MESSAGE][PASSED] - Statbar Studies count matches

2022-05-19 10:02:23 - [MESSAGE][PASSED] - Statbar Disease Site count matches

2022-05-19 10:02:23 - [MESSAGE][PASSED] - Statbar Participants count matches

2022-05-19 10:02:23 - [MESSAGE][PASSED] - Statbar Samples count matches

2022-05-19 10:02:23 - [MESSAGE][PASSED] - Statbar Files count matches

2022-05-19 10:02:23 - [TEST_STEP][PASSED] - waitForElementPresent(findTestObject("Object Repository/CDS/Cases_page/CDSResults_Files_Tab"), 5): Object 'Object Repository/CDS/Cases_page/CDSResults_Files_Tab' is present

2022-05-19 10:02:23 - [MESSAGE][PASSED] - Object 'Object Repository/CDS/Cases_page/CDSResults_Files_Tab' is present

2022-05-19 10:02:23 - [TEST_STEP][PASSED] - ctdc.utilities.runtestcaseforKatalon.clickTab("Object Repository/CDS/Cases_page/CDSResults_Files_Tab"): ctdc.utilities.runtestcaseforKatalon.clickTab is PASSED

2022-05-19 10:02:23 - [MESSAGE][PASSED] - ctdc.utilities.runtestcaseforKatalon.clickTab is PASSED

2022-05-19 10:02:23 - [TEST_STEP][PASSED] - ctdc.utilities.runtestcaseforKatalon.multiFunction("CDS", G_StatBar_Files, "Object Repository/CDS/Cases_page/CDS_FilesTable", "Object Repository/CDS/Cases_page/CDS_FilesTableHeader", "Object Repository/CDS/Cases_page/CDS_FilesTabNextBtn", G_WebTabnameFiles, G_CypherTabnameFiles, G_QueryFilesTab): Statbar Files count matches

2022-05-19 10:02:56 - [MESSAGE][PASSED] - Statbar Studies count matches

2022-05-19 10:02:56 - [MESSAGE][PASSED] - Statbar Disease Site count matches

2022-05-19 10:02:56 - [MESSAGE][PASSED] - Statbar Participants count matches

2022-05-19 10:02:56 - [MESSAGE][PASSED] - Statbar Samples count matches

2022-05-19 10:02:56 - [MESSAGE][PASSED] - Statbar Files count matches

2022-05-19 10:02:56 - [TEST_STEP][PASSED] - closeBrowser(): Browser is closed

2022-05-19 10:02:57 - [MESSAGE][PASSED] - Browser is closed]]></system-out>
         <system-err><![CDATA[]]></system-err>
      </testcase>
      <system-out><![CDATA[2022-05-19 09:14:48 - [TEST_SUITE][ERROR] - CDS_Smoke: Test Cases/CDS_TestCases/Accesses/TC01_CDS_Filter_Acesses-Controlled FAILED.
Reason:
java.lang.IndexOutOfBoundsException: Index: 0, Size: 0
	at java_util_List$get$1.call(Unknown Source)
	at ctdc.utilities.runtestcaseforKatalon.validateStatBar(runtestcaseforKatalon.groovy:1534)
	at ctdc.utilities.runtestcaseforKatalon.multiFunction(runtestcaseforKatalon.groovy:298)
	at ctdc.utilities.runtestcaseforKatalon.invokeMethod(runtestcaseforKatalon.groovy)
	at com.kms.katalon.core.main.CustomKeywordDelegatingMetaClass.invokeStaticMethod(CustomKeywordDelegatingMetaClass.java:50)
	at TC01_CDS_Filter_Acesses-Controlled.run(TC01_CDS_Filter_Acesses-Controlled:66)
	at com.kms.katalon.core.main.ScriptEngine.run(ScriptEngine.java:194)
	at com.kms.katalon.core.main.ScriptEngine.runScriptAsRawText(ScriptEngine.java:119)
	at com.kms.katalon.core.main.TestCaseExecutor.runScript(TestCaseExecutor.java:442)
	at com.kms.katalon.core.main.TestCaseExecutor.doExecute(TestCaseExecutor.java:433)
	at com.kms.katalon.core.main.TestCaseExecutor.processExecutionPhase(TestCaseExecutor.java:412)
	at com.kms.katalon.core.main.TestCaseExecutor.accessMainPhase(TestCaseExecutor.java:404)
	at com.kms.katalon.core.main.TestCaseExecutor.execute(TestCaseExecutor.java:281)
	at com.kms.katalon.core.main.TestSuiteExecutor.accessTestCaseMainPhase(TestSuiteExecutor.java:202)
	at com.kms.katalon.core.main.TestSuiteExecutor.accessTestSuiteMainPhase(TestSuiteExecutor.java:164)
	at com.kms.katalon.core.main.TestSuiteExecutor.execute(TestSuiteExecutor.java:105)
	at com.kms.katalon.core.main.TestCaseMain.startTestSuite(TestCaseMain.java:181)
	at com.kms.katalon.core.main.TestCaseMain$startTestSuite$0.call(Unknown Source)
	at TempTestSuite1652966084304.run(TempTestSuite1652966084304.groovy:36)]]></system-out>
      <system-err><![CDATA[2022-05-19 09:14:48 - [TEST_SUITE][ERROR] - CDS_Smoke: Test Cases/CDS_TestCases/Accesses/TC01_CDS_Filter_Acesses-Controlled FAILED.
Reason:
java.lang.IndexOutOfBoundsException: Index: 0, Size: 0
	at java_util_List$get$1.call(Unknown Source)
	at ctdc.utilities.runtestcaseforKatalon.validateStatBar(runtestcaseforKatalon.groovy:1534)
	at ctdc.utilities.runtestcaseforKatalon.multiFunction(runtestcaseforKatalon.groovy:298)
	at ctdc.utilities.runtestcaseforKatalon.invokeMethod(runtestcaseforKatalon.groovy)
	at com.kms.katalon.core.main.CustomKeywordDelegatingMetaClass.invokeStaticMethod(CustomKeywordDelegatingMetaClass.java:50)
	at TC01_CDS_Filter_Acesses-Controlled.run(TC01_CDS_Filter_Acesses-Controlled:66)
	at com.kms.katalon.core.main.ScriptEngine.run(ScriptEngine.java:194)
	at com.kms.katalon.core.main.ScriptEngine.runScriptAsRawText(ScriptEngine.java:119)
	at com.kms.katalon.core.main.TestCaseExecutor.runScript(TestCaseExecutor.java:442)
	at com.kms.katalon.core.main.TestCaseExecutor.doExecute(TestCaseExecutor.java:433)
	at com.kms.katalon.core.main.TestCaseExecutor.processExecutionPhase(TestCaseExecutor.java:412)
	at com.kms.katalon.core.main.TestCaseExecutor.accessMainPhase(TestCaseExecutor.java:404)
	at com.kms.katalon.core.main.TestCaseExecutor.execute(TestCaseExecutor.java:281)
	at com.kms.katalon.core.main.TestSuiteExecutor.accessTestCaseMainPhase(TestSuiteExecutor.java:202)
	at com.kms.katalon.core.main.TestSuiteExecutor.accessTestSuiteMainPhase(TestSuiteExecutor.java:164)
	at com.kms.katalon.core.main.TestSuiteExecutor.execute(TestSuiteExecutor.java:105)
	at com.kms.katalon.core.main.TestCaseMain.startTestSuite(TestCaseMain.java:181)
	at com.kms.katalon.core.main.TestCaseMain$startTestSuite$0.call(Unknown Source)
	at TempTestSuite1652966084304.run(TempTestSuite1652966084304.groovy:36)]]></system-err>
   </testsuite>
</testsuites>
