<?xml version="1.0" encoding="UTF-8"?>
<testsuites name="G_sandboxTestSuite" time="531.276" tests="5" failures="0" errors="2">
   <testsuite name="G_sandboxTestSuite" tests="5" failures="0" errors="2" time="531.276" timestamp="2020-09-11 10:00:11" hostname="radhakrishnang2 - NCI-02150368-L.nci.nih.gov" id="Test Suites/G_sandboxTestSuite">
      <properties>
         <property name="deviceName" value=""/>
         <property name="devicePlatform" value=""/>
         <property name="logFolder" value="C:\\Users\\radhakrishnang2\\Desktop\\Commons_Automation\\Reports\\20200911_100008\\G_sandboxTestSuite\\20200911_100008"/>
         <property name="logFiles" value="C:\\Users\\radhakrishnang2\\Desktop\\Commons_Automation\\Reports\\20200911_100008\\G_sandboxTestSuite\\20200911_100008\\execution0.log"/>
         <property name="attachments" value=""/>
         <property name="hostName" value="radhakrishnang2 - NCI-02150368-L.nci.nih.gov"/>
         <property name="os" value="Windows 10 64bit"/>
         <property name="katalonVersion" value="7.4.0.1"/>
         <property name="browser" value="Firefox 68.0"/>
         <property name="hostAddress" value="10.242.11.84"/>
         <property name="sessionId" value="122bdb61-faa0-40ea-baf4-f560cb2f1b7d"/>
         <property name="seleniumVersion" value="3.141.59"/>
         <property name="proxyInformation" value="ProxyInformation{proxyOption=NO_PROXY, proxyServerType=HTTP, password=, proxyServerAddress=, proxyServerPort=0, executionList=}"/>
         <property name="platform" value="Windows 10"/>
      </properties>
      <testcase name="Test Cases/Canine_TestCases/Breed/TC01_Canine_Filter_Breed-Akita" time="266.301" classname="Test Cases/Canine_TestCases/Breed/TC01_Canine_Filter_Breed-Akita" status="PASSED">
         <system-out><![CDATA[2020-09-11 10:00:11 - [TEST_CASE][PASSED] - Test Cases/Canine_TestCases/Breed/TC01_Canine_Filter_Breed-Akita: Test Cases/Canine_TestCases/Breed/TC01_Canine_Filter_Breed-Akita

2020-09-11 10:00:12 - [TEST_STEP][PASSED] - closeBrowser(): Browser is closed

2020-09-11 10:00:12 - [MESSAGE][PASSED] - Browser is closed

2020-09-11 10:00:12 - [TEST_STEP][PASSED] - openBrowser(""): Browser is opened with url: ''

2020-09-11 10:00:12 - [MESSAGE][INFO] - Starting 'Firefox' driver

2020-09-11 10:00:13 - [MESSAGE][INFO] - User set preference: ['args', '[--no-sandbox]']

2020-09-11 10:00:13 - [MESSAGE][INFO] - Action delay is set to 5,000 milliseconds

2020-09-11 10:00:18 - [MESSAGE][PASSED] - Browser is opened with url: ''

2020-09-11 10:00:18 - [TEST_STEP][PASSED] - maximizeWindow(): Current window maximized

2020-09-11 10:00:18 - [MESSAGE][PASSED] - Current window maximized

2020-09-11 10:00:18 - [TEST_STEP][PASSED] - ctdc.utilities.runtestcaseforKatalon.testSetup(""): ctdc.utilities.runtestcaseforKatalon.testSetup is PASSED

2020-09-11 10:00:18 - [MESSAGE][PASSED] - ctdc.utilities.runtestcaseforKatalon.testSetup is PASSED

2020-09-11 10:00:18 - [TEST_STEP][PASSED] - ctdc.utilities.runtestcaseforKatalon.RunKatalon("TC01_Canine_Filter_Breed-Akita.xlsx"): Data loaded from input file for the test case. 

2020-09-11 10:00:18 - [MESSAGE][PASSED] - Test case file loaded This is the full filepath after converting to string :C:\Users\radhakrishnang2\Desktop\Commons_Automation\InputFiles\TC01_Canine_Filter_Breed-Akita.xlsx

2020-09-11 10:00:18 - [MESSAGE][WARNING] - Test object id is null

2020-09-11 10:00:19 - [MESSAGE][INFO] - Global variable set for password file is :  C:\Users\radhakrishnang2\Desktop\Commons_Automation\InputFiles\TC01_Canine_Filter_Breed-Akita.xlsx

2020-09-11 10:00:19 - [MESSAGE][PASSED] - Data loaded from input file for the test case. 

2020-09-11 10:00:29 - [TEST_STEP][PASSED] - click(findTestObject("Canine/NavBar/Canine_Cases_Btn")): Object: 'Object Repository/Canine/NavBar/Canine_Cases_Btn' is clicked on

2020-09-11 10:00:34 - [MESSAGE][PASSED] - Object: 'Object Repository/Canine/NavBar/Canine_Cases_Btn' is clicked on

2020-09-11 10:00:34 - [TEST_STEP][PASSED] - waitForElementPresent(findTestObject("Object Repository/Canine/Filter/Breed/BREED_Ddn"), 5): Object 'Object Repository/Canine/Filter/Breed/BREED_Ddn' is present

2020-09-11 10:00:44 - [MESSAGE][PASSED] - Object 'Object Repository/Canine/Filter/Breed/BREED_Ddn' is present

2020-09-11 10:00:44 - [TEST_STEP][PASSED] - click(findTestObject("Object Repository/Canine/Filter/Breed/BREED_Ddn")): Object: 'Object Repository/Canine/Filter/Breed/BREED_Ddn' is clicked on

2020-09-11 10:00:51 - [MESSAGE][PASSED] - Object: 'Object Repository/Canine/Filter/Breed/BREED_Ddn' is clicked on

2020-09-11 10:00:51 - [TEST_STEP][PASSED] - click(findTestObject("Object Repository/Canine/Filter/Breed/Akita_Chkbx")): Object: 'Object Repository/Canine/Filter/Breed/Akita_Chkbx' is clicked on

2020-09-11 10:01:00 - [MESSAGE][PASSED] - Object: 'Object Repository/Canine/Filter/Breed/Akita_Chkbx' is clicked on

2020-09-11 10:01:00 - [TEST_STEP][PASSED] - click(findTestObject("Object Repository/Canine/CanineResults_Cases_Tab")): Object: 'Object Repository/Canine/CanineResults_Cases_Tab' is clicked on

2020-09-11 10:01:07 - [MESSAGE][PASSED] - Object: 'Object Repository/Canine/CanineResults_Cases_Tab' is clicked on

2020-09-11 10:01:07 - [TEST_STEP][PASSED] - ctdc.utilities.runtestcaseforKatalon.multiFunction("Object Repository/Canine/Canine_CasesTable", "Object Repository/Canine/Canine_TableHeader", "Object Repository/Canine/Canine_CasesTabNextBtn", G_WebTabnameCases, "Object Repository/Canine/StatBar/Canine_StatBar-Files", "Object Repository/Canine/StatBar/Canine_StatBar-Samples", "Object Repository/Canine/StatBar/Canine_StatBar-Cases", "Object Repository/Canine/StatBar/Canine_StatBar-Studies", G_CypherTabnameCases, G_QueryCasesTab): Statbar Studies count matches

2020-09-11 10:02:06 - [MESSAGE][PASSED] - Statbar Files count matches

2020-09-11 10:02:06 - [MESSAGE][PASSED] - Statbar Samples count matches

2020-09-11 10:02:06 - [MESSAGE][PASSED] - Statbar Cases count matches

2020-09-11 10:02:06 - [MESSAGE][PASSED] - Statbar Studies count matches

2020-09-11 10:02:06 - [TEST_STEP][PASSED] - click(findTestObject("Object Repository/Canine/CanineResults_Samples_Tab")): Object: 'Object Repository/Canine/CanineResults_Samples_Tab' is clicked on

2020-09-11 10:02:14 - [MESSAGE][PASSED] - Object: 'Object Repository/Canine/CanineResults_Samples_Tab' is clicked on

2020-09-11 10:02:14 - [TEST_STEP][PASSED] - ctdc.utilities.runtestcaseforKatalon.multiFunction("Object Repository/Canine/Canine_Samples_Table", "Object Repository/Canine/Canine_Samples_TableHdr", "Object Repository/Canine/Canine_SamplesTabNextBtn", G_WebTabnameSamples, "Object Repository/Canine/StatBar/Canine_StatBar-Files", "Object Repository/Canine/StatBar/Canine_StatBar-Samples", "Object Repository/Canine/StatBar/Canine_StatBar-Cases", "Object Repository/Canine/StatBar/Canine_StatBar-Studies", G_CypherTabnameSamples, G_QuerySamplesTab): Statbar Studies count matches

2020-09-11 10:03:38 - [MESSAGE][PASSED] - Statbar Files count matches

2020-09-11 10:03:38 - [MESSAGE][PASSED] - Statbar Samples count matches

2020-09-11 10:03:38 - [MESSAGE][PASSED] - Statbar Cases count matches

2020-09-11 10:03:38 - [MESSAGE][PASSED] - Statbar Studies count matches

2020-09-11 10:03:38 - [TEST_STEP][PASSED] - click(findTestObject("Object Repository/Canine/CanineResults_Files_Tab")): Object: 'Object Repository/Canine/CanineResults_Files_Tab' is clicked on

2020-09-11 10:03:46 - [MESSAGE][PASSED] - Object: 'Object Repository/Canine/CanineResults_Files_Tab' is clicked on

2020-09-11 10:03:46 - [TEST_STEP][PASSED] - ctdc.utilities.runtestcaseforKatalon.multiFunction("Object Repository/Canine/Canine_Files_Table", "Object Repository/Canine/Canine_Files_TableHdr", "Object Repository/Canine/Canine_FilesTabNextBtn", G_WebTabnameFiles, "Object Repository/Canine/StatBar/Canine_StatBar-Files", "Object Repository/Canine/StatBar/Canine_StatBar-Samples", "Object Repository/Canine/StatBar/Canine_StatBar-Cases", "Object Repository/Canine/StatBar/Canine_StatBar-Studies", G_CypherTabnameFiles, G_QueryFilesTab): Statbar Studies count matches

2020-09-11 10:04:38 - [MESSAGE][PASSED] - Statbar Files count matches

2020-09-11 10:04:38 - [MESSAGE][PASSED] - Statbar Samples count matches

2020-09-11 10:04:38 - [MESSAGE][PASSED] - Statbar Cases count matches

2020-09-11 10:04:38 - [MESSAGE][PASSED] - Statbar Studies count matches]]></system-out>
         <system-err><![CDATA[]]></system-err>
      </testcase>
      <testcase name="Test Cases/Canine_TestCases/Breed/TC02_Canine_Filter_Breed-AmerStaffd" time="154.735" classname="Test Cases/Canine_TestCases/Breed/TC02_Canine_Filter_Breed-AmerStaffd" status="PASSED">
         <system-out><![CDATA[2020-09-11 10:04:38 - [TEST_CASE][PASSED] - Test Cases/Canine_TestCases/Breed/TC02_Canine_Filter_Breed-AmerStaffd: Test Cases/Canine_TestCases/Breed/TC02_Canine_Filter_Breed-AmerStaffd

2020-09-11 10:04:38 - [TEST_STEP][PASSED] - closeBrowser(): Browser is closed

2020-09-11 10:04:39 - [MESSAGE][PASSED] - Browser is closed

2020-09-11 10:04:39 - [TEST_STEP][PASSED] - openBrowser(""): Browser is opened with url: ''

2020-09-11 10:04:39 - [MESSAGE][INFO] - Starting 'Firefox' driver

2020-09-11 10:04:39 - [MESSAGE][INFO] - User set preference: ['args', '[--no-sandbox]']

2020-09-11 10:04:39 - [MESSAGE][INFO] - Action delay is set to 5,000 milliseconds

2020-09-11 10:04:42 - [MESSAGE][PASSED] - Browser is opened with url: ''

2020-09-11 10:04:42 - [TEST_STEP][PASSED] - maximizeWindow(): Current window maximized

2020-09-11 10:04:42 - [MESSAGE][PASSED] - Current window maximized

2020-09-11 10:04:42 - [TEST_STEP][PASSED] - ctdc.utilities.runtestcaseforKatalon.testSetup(""): ctdc.utilities.runtestcaseforKatalon.testSetup is PASSED

2020-09-11 10:04:42 - [MESSAGE][PASSED] - ctdc.utilities.runtestcaseforKatalon.testSetup is PASSED

2020-09-11 10:04:42 - [TEST_STEP][PASSED] - ctdc.utilities.runtestcaseforKatalon.RunKatalon("TC02_Canine_Filter_Breed-AmerStaffd.xlsx"): Data loaded from input file for the test case. 

2020-09-11 10:04:42 - [MESSAGE][PASSED] - Test case file loaded This is the full filepath after converting to string :C:\Users\radhakrishnang2\Desktop\Commons_Automation\InputFiles\TC02_Canine_Filter_Breed-AmerStaffd.xlsx

2020-09-11 10:04:42 - [MESSAGE][INFO] - Global variable set for password file is :  C:\Users\radhakrishnang2\Desktop\Commons_Automation\InputFiles\TC02_Canine_Filter_Breed-AmerStaffd.xlsx

2020-09-11 10:04:42 - [MESSAGE][PASSED] - Data loaded from input file for the test case. 

2020-09-11 10:04:51 - [TEST_STEP][PASSED] - click(findTestObject("Canine/NavBar/Canine_Cases_Btn")): Object: 'Object Repository/Canine/NavBar/Canine_Cases_Btn' is clicked on

2020-09-11 10:04:57 - [MESSAGE][PASSED] - Object: 'Object Repository/Canine/NavBar/Canine_Cases_Btn' is clicked on

2020-09-11 10:04:57 - [TEST_STEP][PASSED] - click(findTestObject("Object Repository/Canine/Filter/Breed/BREED_Ddn")): Object: 'Object Repository/Canine/Filter/Breed/BREED_Ddn' is clicked on

2020-09-11 10:05:04 - [MESSAGE][PASSED] - Object: 'Object Repository/Canine/Filter/Breed/BREED_Ddn' is clicked on

2020-09-11 10:05:04 - [TEST_STEP][PASSED] - click(findTestObject("Object Repository/Canine/Filter/Breed/AmerStaffd_Chkbx")): Object: 'Object Repository/Canine/Filter/Breed/AmerStaffd_Chkbx' is clicked on

2020-09-11 10:05:10 - [MESSAGE][PASSED] - Object: 'Object Repository/Canine/Filter/Breed/AmerStaffd_Chkbx' is clicked on

2020-09-11 10:05:10 - [TEST_STEP][PASSED] - click(findTestObject("Object Repository/Canine/CanineResults_Cases_Tab")): Object: 'Object Repository/Canine/CanineResults_Cases_Tab' is clicked on

2020-09-11 10:05:18 - [MESSAGE][PASSED] - Object: 'Object Repository/Canine/CanineResults_Cases_Tab' is clicked on

2020-09-11 10:05:18 - [TEST_STEP][PASSED] - ctdc.utilities.runtestcaseforKatalon.multiFunction("Object Repository/Canine/Canine_CasesTable", "Object Repository/Canine/Canine_TableHeader", "Object Repository/Canine/Canine_CasesTabNextBtn", G_WebTabnameCases, "Object Repository/Canine/StatBar/Canine_StatBar-Files", "Object Repository/Canine/StatBar/Canine_StatBar-Samples", "Object Repository/Canine/StatBar/Canine_StatBar-Cases", "Object Repository/Canine/StatBar/Canine_StatBar-Studies", G_CypherTabnameCases, G_QueryCasesTab): Statbar Studies count matches

2020-09-11 10:05:46 - [MESSAGE][PASSED] - Statbar Files count matches

2020-09-11 10:05:46 - [MESSAGE][PASSED] - Statbar Samples count matches

2020-09-11 10:05:46 - [MESSAGE][PASSED] - Statbar Cases count matches

2020-09-11 10:05:46 - [MESSAGE][PASSED] - Statbar Studies count matches

2020-09-11 10:05:46 - [TEST_STEP][PASSED] - click(findTestObject("Object Repository/Canine/CanineResults_Samples_Tab")): Object: 'Object Repository/Canine/CanineResults_Samples_Tab' is clicked on

2020-09-11 10:05:52 - [MESSAGE][PASSED] - Object: 'Object Repository/Canine/CanineResults_Samples_Tab' is clicked on

2020-09-11 10:05:52 - [TEST_STEP][PASSED] - ctdc.utilities.runtestcaseforKatalon.multiFunction("Object Repository/Canine/Canine_Samples_Table", "Object Repository/Canine/Canine_Samples_TableHdr", "Object Repository/Canine/Canine_SamplesTabNextBtn", G_WebTabnameSamples, "Object Repository/Canine/StatBar/Canine_StatBar-Files", "Object Repository/Canine/StatBar/Canine_StatBar-Samples", "Object Repository/Canine/StatBar/Canine_StatBar-Cases", "Object Repository/Canine/StatBar/Canine_StatBar-Studies", G_CypherTabnameSamples, G_QuerySamplesTab): Statbar Studies count matches

2020-09-11 10:06:24 - [MESSAGE][PASSED] - Statbar Files count matches

2020-09-11 10:06:24 - [MESSAGE][PASSED] - Statbar Samples count matches

2020-09-11 10:06:24 - [MESSAGE][PASSED] - Statbar Cases count matches

2020-09-11 10:06:24 - [MESSAGE][PASSED] - Statbar Studies count matches

2020-09-11 10:06:24 - [TEST_STEP][PASSED] - click(findTestObject("Object Repository/Canine/CanineResults_Files_Tab")): Object: 'Object Repository/Canine/CanineResults_Files_Tab' is clicked on

2020-09-11 10:06:30 - [MESSAGE][PASSED] - Object: 'Object Repository/Canine/CanineResults_Files_Tab' is clicked on

2020-09-11 10:06:30 - [TEST_STEP][PASSED] - ctdc.utilities.runtestcaseforKatalon.multiFunction("Object Repository/Canine/Canine_Files_Table", "Object Repository/Canine/Canine_Files_TableHdr", "Object Repository/Canine/Canine_FilesTabNextBtn", G_WebTabnameFiles, "Object Repository/Canine/StatBar/Canine_StatBar-Files", "Object Repository/Canine/StatBar/Canine_StatBar-Samples", "Object Repository/Canine/StatBar/Canine_StatBar-Cases", "Object Repository/Canine/StatBar/Canine_StatBar-Studies", G_CypherTabnameFiles, G_QueryFilesTab): Statbar Studies count matches

2020-09-11 10:07:12 - [MESSAGE][PASSED] - Statbar Files count matches

2020-09-11 10:07:12 - [MESSAGE][PASSED] - Statbar Samples count matches

2020-09-11 10:07:12 - [MESSAGE][PASSED] - Statbar Cases count matches

2020-09-11 10:07:12 - [MESSAGE][PASSED] - Statbar Studies count matches]]></system-out>
         <system-err><![CDATA[]]></system-err>
      </testcase>
      <testcase name="Test Cases/Canine_TestCases/Breed/TC03_Canine_Filter_Breed-AusShephd" time="99.927" classname="Test Cases/Canine_TestCases/Breed/TC03_Canine_Filter_Breed-AusShephd" status="PASSED">
         <system-out><![CDATA[2020-09-11 10:07:12 - [TEST_CASE][PASSED] - Test Cases/Canine_TestCases/Breed/TC03_Canine_Filter_Breed-AusShephd: Test Cases/Canine_TestCases/Breed/TC03_Canine_Filter_Breed-AusShephd

2020-09-11 10:07:13 - [TEST_STEP][PASSED] - closeBrowser(): Browser is closed

2020-09-11 10:07:14 - [MESSAGE][PASSED] - Browser is closed

2020-09-11 10:07:14 - [TEST_STEP][PASSED] - openBrowser(""): Browser is opened with url: ''

2020-09-11 10:07:14 - [MESSAGE][INFO] - Starting 'Firefox' driver

2020-09-11 10:07:14 - [MESSAGE][INFO] - User set preference: ['args', '[--no-sandbox]']

2020-09-11 10:07:14 - [MESSAGE][INFO] - Action delay is set to 5,000 milliseconds

2020-09-11 10:07:17 - [MESSAGE][PASSED] - Browser is opened with url: ''

2020-09-11 10:07:17 - [TEST_STEP][PASSED] - maximizeWindow(): Current window maximized

2020-09-11 10:07:17 - [MESSAGE][PASSED] - Current window maximized

2020-09-11 10:07:17 - [TEST_STEP][PASSED] - ctdc.utilities.runtestcaseforKatalon.testSetup(""): ctdc.utilities.runtestcaseforKatalon.testSetup is PASSED

2020-09-11 10:07:17 - [MESSAGE][PASSED] - ctdc.utilities.runtestcaseforKatalon.testSetup is PASSED

2020-09-11 10:07:17 - [TEST_STEP][PASSED] - ctdc.utilities.runtestcaseforKatalon.RunKatalon("TC03_Canine_Filter_Breed-AusShephd.xlsx"): Data loaded from input file for the test case. 

2020-09-11 10:07:17 - [MESSAGE][PASSED] - Test case file loaded This is the full filepath after converting to string :C:\Users\radhakrishnang2\Desktop\Commons_Automation\InputFiles\TC03_Canine_Filter_Breed-AusShephd.xlsx

2020-09-11 10:07:17 - [MESSAGE][INFO] - Global variable set for password file is :  C:\Users\radhakrishnang2\Desktop\Commons_Automation\InputFiles\TC03_Canine_Filter_Breed-AusShephd.xlsx

2020-09-11 10:07:17 - [MESSAGE][PASSED] - Data loaded from input file for the test case. 

2020-09-11 10:07:26 - [TEST_STEP][PASSED] - click(findTestObject("Canine/NavBar/Canine_Cases_Btn")): Object: 'Object Repository/Canine/NavBar/Canine_Cases_Btn' is clicked on

2020-09-11 10:07:32 - [MESSAGE][PASSED] - Object: 'Object Repository/Canine/NavBar/Canine_Cases_Btn' is clicked on

2020-09-11 10:07:32 - [TEST_STEP][PASSED] - click(findTestObject("Object Repository/Canine/Filter/Breed/BREED_Ddn")): Object: 'Object Repository/Canine/Filter/Breed/BREED_Ddn' is clicked on

2020-09-11 10:07:40 - [MESSAGE][PASSED] - Object: 'Object Repository/Canine/Filter/Breed/BREED_Ddn' is clicked on

2020-09-11 10:07:40 - [TEST_STEP][PASSED] - click(findTestObject("Object Repository/Canine/Filter/Breed/AusShephd_Chkbx")): Object: 'Object Repository/Canine/Filter/Breed/AusShephd_Chkbx' is clicked on

2020-09-11 10:07:46 - [MESSAGE][PASSED] - Object: 'Object Repository/Canine/Filter/Breed/AusShephd_Chkbx' is clicked on

2020-09-11 10:07:46 - [TEST_STEP][PASSED] - click(findTestObject("Object Repository/Canine/CanineResults_Cases_Tab")): Object: 'Object Repository/Canine/CanineResults_Cases_Tab' is clicked on

2020-09-11 10:07:53 - [MESSAGE][PASSED] - Object: 'Object Repository/Canine/CanineResults_Cases_Tab' is clicked on

2020-09-11 10:07:53 - [TEST_STEP][PASSED] - ctdc.utilities.runtestcaseforKatalon.multiFunction("Object Repository/Canine/Canine_CasesTable", "Object Repository/Canine/Canine_TableHeader", "Object Repository/Canine/Canine_CasesTabNextBtn", G_WebTabnameCases, "Object Repository/Canine/StatBar/Canine_StatBar-Files", "Object Repository/Canine/StatBar/Canine_StatBar-Samples", "Object Repository/Canine/StatBar/Canine_StatBar-Cases", "Object Repository/Canine/StatBar/Canine_StatBar-Studies", G_CypherTabnameCases, G_QueryCasesTab): Statbar Studies count matches

2020-09-11 10:08:09 - [MESSAGE][PASSED] - Statbar Files count matches

2020-09-11 10:08:09 - [MESSAGE][PASSED] - Statbar Samples count matches

2020-09-11 10:08:09 - [MESSAGE][PASSED] - Statbar Cases count matches

2020-09-11 10:08:09 - [MESSAGE][PASSED] - Statbar Studies count matches

2020-09-11 10:08:09 - [TEST_STEP][PASSED] - click(findTestObject("Object Repository/Canine/CanineResults_Samples_Tab")): Object: 'Object Repository/Canine/CanineResults_Samples_Tab' is clicked on

2020-09-11 10:08:15 - [MESSAGE][PASSED] - Object: 'Object Repository/Canine/CanineResults_Samples_Tab' is clicked on

2020-09-11 10:08:15 - [TEST_STEP][PASSED] - ctdc.utilities.runtestcaseforKatalon.multiFunction("Object Repository/Canine/Canine_Samples_Table", "Object Repository/Canine/Canine_Samples_TableHdr", "Object Repository/Canine/Canine_SamplesTabNextBtn", G_WebTabnameSamples, "Object Repository/Canine/StatBar/Canine_StatBar-Files", "Object Repository/Canine/StatBar/Canine_StatBar-Samples", "Object Repository/Canine/StatBar/Canine_StatBar-Cases", "Object Repository/Canine/StatBar/Canine_StatBar-Studies", G_CypherTabnameSamples, G_QuerySamplesTab): Statbar Studies count matches

2020-09-11 10:08:34 - [MESSAGE][PASSED] - Statbar Files count matches

2020-09-11 10:08:34 - [MESSAGE][PASSED] - Statbar Samples count matches

2020-09-11 10:08:34 - [MESSAGE][PASSED] - Statbar Cases count matches

2020-09-11 10:08:34 - [MESSAGE][PASSED] - Statbar Studies count matches

2020-09-11 10:08:34 - [TEST_STEP][PASSED] - click(findTestObject("Object Repository/Canine/CanineResults_Files_Tab")): Object: 'Object Repository/Canine/CanineResults_Files_Tab' is clicked on

2020-09-11 10:08:40 - [MESSAGE][PASSED] - Object: 'Object Repository/Canine/CanineResults_Files_Tab' is clicked on

2020-09-11 10:08:40 - [TEST_STEP][PASSED] - ctdc.utilities.runtestcaseforKatalon.multiFunction("Object Repository/Canine/Canine_Files_Table", "Object Repository/Canine/Canine_Files_TableHdr", "Object Repository/Canine/Canine_FilesTabNextBtn", G_WebTabnameFiles, "Object Repository/Canine/StatBar/Canine_StatBar-Files", "Object Repository/Canine/StatBar/Canine_StatBar-Samples", "Object Repository/Canine/StatBar/Canine_StatBar-Cases", "Object Repository/Canine/StatBar/Canine_StatBar-Studies", G_CypherTabnameFiles, G_QueryFilesTab): Statbar Studies count matches

2020-09-11 10:08:52 - [MESSAGE][PASSED] - Statbar Files count matches

2020-09-11 10:08:52 - [MESSAGE][PASSED] - Statbar Samples count matches

2020-09-11 10:08:52 - [MESSAGE][PASSED] - Statbar Cases count matches

2020-09-11 10:08:52 - [MESSAGE][PASSED] - Statbar Studies count matches]]></system-out>
         <system-err><![CDATA[]]></system-err>
      </testcase>
      <testcase name="Test Cases/Canine_TestCases/Breed/TC04_Canine_Filter_Breed-BassHnd" time="4.766" classname="Test Cases/Canine_TestCases/Breed/TC04_Canine_Filter_Breed-BassHnd" status="ERROR">
         <error type="ERROR" message="Test Cases/Canine_TestCases/Breed/TC04_Canine_Filter_Breed-BassHnd FAILED.
Reason:
org.codehaus.groovy.runtime.metaclass.MissingMethodExceptionNoStack: No signature of method: ctdc.utilities.runtestcaseforKatalon.browserDriver() is applicable for argument types: (java.lang.String) values: []
"/>
         <system-out><![CDATA[2020-09-11 10:08:52 - [TEST_CASE][ERROR] - Test Cases/Canine_TestCases/Breed/TC04_Canine_Filter_Breed-BassHnd: Test Cases/Canine_TestCases/Breed/TC04_Canine_Filter_Breed-BassHnd FAILED.
Reason:
org.codehaus.groovy.runtime.metaclass.MissingMethodExceptionNoStack: No signature of method: ctdc.utilities.runtestcaseforKatalon.browserDriver() is applicable for argument types: (java.lang.String) values: []


2020-09-11 10:08:53 - [TEST_STEP][PASSED] - closeBrowser(): Browser is closed

2020-09-11 10:08:54 - [MESSAGE][PASSED] - Browser is closed

2020-09-11 10:08:54 - [TEST_STEP][PASSED] - openBrowser(""): Browser is opened with url: ''

2020-09-11 10:08:54 - [MESSAGE][INFO] - Starting 'Firefox' driver

2020-09-11 10:08:54 - [MESSAGE][INFO] - User set preference: ['args', '[--no-sandbox]']

2020-09-11 10:08:54 - [MESSAGE][INFO] - Action delay is set to 5,000 milliseconds

2020-09-11 10:08:57 - [MESSAGE][PASSED] - Browser is opened with url: ''

2020-09-11 10:08:57 - [TEST_STEP][PASSED] - maximizeWindow(): Current window maximized

2020-09-11 10:08:57 - [MESSAGE][PASSED] - Current window maximized

2020-09-11 10:08:57 - [TEST_STEP][ERROR] - ctdc.utilities.runtestcaseforKatalon.browserDriver(""): No signature of method: ctdc.utilities.runtestcaseforKatalon.browserDriver() is applicable for argument types: (java.lang.String) values: []

2020-09-11 10:08:57 - [MESSAGE][ERROR] - No signature of method: ctdc.utilities.runtestcaseforKatalon.browserDriver() is applicable for argument types: (java.lang.String) values: []]]></system-out>
         <system-err><![CDATA[2020-09-11 10:08:52 - [TEST_CASE][ERROR] - Test Cases/Canine_TestCases/Breed/TC04_Canine_Filter_Breed-BassHnd: Test Cases/Canine_TestCases/Breed/TC04_Canine_Filter_Breed-BassHnd FAILED.
Reason:
org.codehaus.groovy.runtime.metaclass.MissingMethodExceptionNoStack: No signature of method: ctdc.utilities.runtestcaseforKatalon.browserDriver() is applicable for argument types: (java.lang.String) values: []]]></system-err>
      </testcase>
      <testcase name="Test Cases/Canine_TestCases/Breed/TC05_Canine_Filter_Breed-Beagle" time="4.324" classname="Test Cases/Canine_TestCases/Breed/TC05_Canine_Filter_Breed-Beagle" status="ERROR">
         <error type="ERROR" message="Test Cases/Canine_TestCases/Breed/TC05_Canine_Filter_Breed-Beagle FAILED.
Reason:
org.codehaus.groovy.runtime.metaclass.MissingMethodExceptionNoStack: No signature of method: ctdc.utilities.runtestcaseforKatalon.browserDriver() is applicable for argument types: (java.lang.String) values: []
"/>
         <system-out><![CDATA[2020-09-11 10:08:57 - [TEST_CASE][ERROR] - Test Cases/Canine_TestCases/Breed/TC05_Canine_Filter_Breed-Beagle: Test Cases/Canine_TestCases/Breed/TC05_Canine_Filter_Breed-Beagle FAILED.
Reason:
org.codehaus.groovy.runtime.metaclass.MissingMethodExceptionNoStack: No signature of method: ctdc.utilities.runtestcaseforKatalon.browserDriver() is applicable for argument types: (java.lang.String) values: []


2020-09-11 10:08:58 - [TEST_STEP][PASSED] - closeBrowser(): Browser is closed

2020-09-11 10:08:58 - [MESSAGE][PASSED] - Browser is closed

2020-09-11 10:08:58 - [TEST_STEP][PASSED] - openBrowser(""): Browser is opened with url: ''

2020-09-11 10:08:58 - [MESSAGE][INFO] - Starting 'Firefox' driver

2020-09-11 10:08:58 - [MESSAGE][INFO] - User set preference: ['args', '[--no-sandbox]']

2020-09-11 10:08:58 - [MESSAGE][INFO] - Action delay is set to 5,000 milliseconds

2020-09-11 10:09:01 - [MESSAGE][PASSED] - Browser is opened with url: ''

2020-09-11 10:09:01 - [TEST_STEP][PASSED] - maximizeWindow(): Current window maximized

2020-09-11 10:09:01 - [MESSAGE][PASSED] - Current window maximized

2020-09-11 10:09:01 - [TEST_STEP][ERROR] - ctdc.utilities.runtestcaseforKatalon.browserDriver(""): No signature of method: ctdc.utilities.runtestcaseforKatalon.browserDriver() is applicable for argument types: (java.lang.String) values: []

2020-09-11 10:09:01 - [MESSAGE][ERROR] - No signature of method: ctdc.utilities.runtestcaseforKatalon.browserDriver() is applicable for argument types: (java.lang.String) values: []]]></system-out>
         <system-err><![CDATA[2020-09-11 10:08:57 - [TEST_CASE][ERROR] - Test Cases/Canine_TestCases/Breed/TC05_Canine_Filter_Breed-Beagle: Test Cases/Canine_TestCases/Breed/TC05_Canine_Filter_Breed-Beagle FAILED.
Reason:
org.codehaus.groovy.runtime.metaclass.MissingMethodExceptionNoStack: No signature of method: ctdc.utilities.runtestcaseforKatalon.browserDriver() is applicable for argument types: (java.lang.String) values: []]]></system-err>
      </testcase>
      <system-out><![CDATA[2020-09-11 10:00:11 - [TEST_SUITE][ERROR] - G_sandboxTestSuite: Test Cases/Canine_TestCases/Breed/TC04_Canine_Filter_Breed-BassHnd FAILED.
Reason:
org.codehaus.groovy.runtime.metaclass.MissingMethodExceptionNoStack: No signature of method: ctdc.utilities.runtestcaseforKatalon.browserDriver() is applicable for argument types: (java.lang.String) values: []]]></system-out>
      <system-err><![CDATA[2020-09-11 10:00:11 - [TEST_SUITE][ERROR] - G_sandboxTestSuite: Test Cases/Canine_TestCases/Breed/TC04_Canine_Filter_Breed-BassHnd FAILED.
Reason:
org.codehaus.groovy.runtime.metaclass.MissingMethodExceptionNoStack: No signature of method: ctdc.utilities.runtestcaseforKatalon.browserDriver() is applicable for argument types: (java.lang.String) values: []]]></system-err>
   </testsuite>
</testsuites>
