<?xml version="1.0" encoding="UTF-8"?>
<testsuites name="TrialSuite" time="840.231" tests="40" failures="1" errors="1">
   <testsuite name="TrialSuite" tests="40" failures="1" errors="1" time="840.231" timestamp="2020-05-11 07:29:57" hostname="radhakrishnang2 - NCI-02150368-L.nci.nih.gov" id="Test Suites/TrialSuite">
      <properties>
         <property name="deviceName" value=""/>
         <property name="devicePlatform" value=""/>
         <property name="logFolder" value="C:\\Users\\radhakrishnang2\\Desktop\\DataCommons_Automation\\ICDC_Automation\\Reports\\20200511_072955\\TrialSuite\\20200511_072955"/>
         <property name="logFiles" value="C:\\Users\\radhakrishnang2\\Desktop\\DataCommons_Automation\\ICDC_Automation\\Reports\\20200511_072955\\TrialSuite\\20200511_072955\\execution0.log"/>
         <property name="attachments" value="C:\\Users\\radhakrishnang2\\Desktop\\DataCommons_Automation\\ICDC_Automation\\Reports\\20200511_072955\\TrialSuite\\20200511_072955/videos\\test_1.avi, C:\\Users\\radhakrishnang2\\Desktop\\DataCommons_Automation\\ICDC_Automation\\Reports\\20200511_072955\\TrialSuite\\20200511_072955/videos\\test_2.avi, C:\\Users\\radhakrishnang2\\Desktop\\DataCommons_Automation\\ICDC_Automation\\Reports\\20200511_072955\\TrialSuite\\20200511_072955/videos\\test_3.avi, C:\\Users\\radhakrishnang2\\Desktop\\DataCommons_Automation\\ICDC_Automation\\Reports\\20200511_072955\\TrialSuite\\20200511_072955/videos\\test_4.avi, C:\\Users\\radhakrishnang2\\Desktop\\DataCommons_Automation\\ICDC_Automation\\Reports\\20200511_072955\\TrialSuite\\20200511_072955/videos\\test_5.avi, C:\\Users\\radhakrishnang2\\Desktop\\DataCommons_Automation\\ICDC_Automation\\Reports\\20200511_072955\\TrialSuite\\20200511_072955/videos\\test_6.avi, C:\\Users\\radhakrishnang2\\Desktop\\DataCommons_Automation\\ICDC_Automation\\Reports\\20200511_072955\\TrialSuite\\20200511_072955/videos\\test_7.avi, C:\\Users\\radhakrishnang2\\Desktop\\DataCommons_Automation\\ICDC_Automation\\Reports\\20200511_072955\\TrialSuite\\20200511_072955/videos\\test_8.avi, C:\\Users\\radhakrishnang2\\Desktop\\DataCommons_Automation\\ICDC_Automation\\Reports\\20200511_072955\\TrialSuite\\20200511_072955/videos\\test_9.avi, C:\\Users\\radhakrishnang2\\Desktop\\DataCommons_Automation\\ICDC_Automation\\Reports\\20200511_072955\\TrialSuite\\20200511_072955/videos\\test_10.avi, C:\\Users\\radhakrishnang2\\Desktop\\DataCommons_Automation\\ICDC_Automation\\Reports\\20200511_072955\\TrialSuite\\20200511_072955/videos\\test_11.avi, C:\\Users\\radhakrishnang2\\Desktop\\DataCommons_Automation\\ICDC_Automation\\Reports\\20200511_072955\\TrialSuite\\20200511_072955/videos\\test_12.avi, C:\\Users\\radhakrishnang2\\Desktop\\DataCommons_Automation\\ICDC_Automation\\Reports\\20200511_072955\\TrialSuite\\20200511_072955/videos\\test_13.avi, C:\\Users\\radhakrishnang2\\Desktop\\DataCommons_Automation\\ICDC_Automation\\Reports\\20200511_072955\\TrialSuite\\20200511_072955\\1589207704893.png, C:\\Users\\radhakrishnang2\\Desktop\\DataCommons_Automation\\ICDC_Automation\\Reports\\20200511_072955\\TrialSuite\\20200511_072955/videos\\test_14.avi, C:\\Users\\radhakrishnang2\\Desktop\\DataCommons_Automation\\ICDC_Automation\\Reports\\20200511_072955\\TrialSuite\\20200511_072955/videos\\test_15.avi, C:\\Users\\radhakrishnang2\\Desktop\\DataCommons_Automation\\ICDC_Automation\\Reports\\20200511_072955\\TrialSuite\\20200511_072955/videos\\test_16.avi, C:\\Users\\radhakrishnang2\\Desktop\\DataCommons_Automation\\ICDC_Automation\\Reports\\20200511_072955\\TrialSuite\\20200511_072955/videos\\test_17.avi, C:\\Users\\radhakrishnang2\\Desktop\\DataCommons_Automation\\ICDC_Automation\\Reports\\20200511_072955\\TrialSuite\\20200511_072955/videos\\test_18.avi, C:\\Users\\radhakrishnang2\\Desktop\\DataCommons_Automation\\ICDC_Automation\\Reports\\20200511_072955\\TrialSuite\\20200511_072955/videos\\test_19.avi, C:\\Users\\radhakrishnang2\\Desktop\\DataCommons_Automation\\ICDC_Automation\\Reports\\20200511_072955\\TrialSuite\\20200511_072955/videos\\test_20.avi, C:\\Users\\radhakrishnang2\\Desktop\\DataCommons_Automation\\ICDC_Automation\\Reports\\20200511_072955\\TrialSuite\\20200511_072955/videos\\test_21.avi, C:\\Users\\radhakrishnang2\\Desktop\\DataCommons_Automation\\ICDC_Automation\\Reports\\20200511_072955\\TrialSuite\\20200511_072955/videos\\test_22.avi, C:\\Users\\radhakrishnang2\\Desktop\\DataCommons_Automation\\ICDC_Automation\\Reports\\20200511_072955\\TrialSuite\\20200511_072955/videos\\test_23.avi, C:\\Users\\radhakrishnang2\\Desktop\\DataCommons_Automation\\ICDC_Automation\\Reports\\20200511_072955\\TrialSuite\\20200511_072955/videos\\test_24.avi, C:\\Users\\radhakrishnang2\\Desktop\\DataCommons_Automation\\ICDC_Automation\\Reports\\20200511_072955\\TrialSuite\\20200511_072955/videos\\test_25.avi, C:\\Users\\radhakrishnang2\\Desktop\\DataCommons_Automation\\ICDC_Automation\\Reports\\20200511_072955\\TrialSuite\\20200511_072955/videos\\test_26.avi, C:\\Users\\radhakrishnang2\\Desktop\\DataCommons_Automation\\ICDC_Automation\\Reports\\20200511_072955\\TrialSuite\\20200511_072955/videos\\test_27.avi, C:\\Users\\radhakrishnang2\\Desktop\\DataCommons_Automation\\ICDC_Automation\\Reports\\20200511_072955\\TrialSuite\\20200511_072955/videos\\test_28.avi, C:\\Users\\radhakrishnang2\\Desktop\\DataCommons_Automation\\ICDC_Automation\\Reports\\20200511_072955\\TrialSuite\\20200511_072955/videos\\test_29.avi, C:\\Users\\radhakrishnang2\\Desktop\\DataCommons_Automation\\ICDC_Automation\\Reports\\20200511_072955\\TrialSuite\\20200511_072955/videos\\test_30.avi, C:\\Users\\radhakrishnang2\\Desktop\\DataCommons_Automation\\ICDC_Automation\\Reports\\20200511_072955\\TrialSuite\\20200511_072955/videos\\test_31.avi, C:\\Users\\radhakrishnang2\\Desktop\\DataCommons_Automation\\ICDC_Automation\\Reports\\20200511_072955\\TrialSuite\\20200511_072955/videos\\test_32.avi, C:\\Users\\radhakrishnang2\\Desktop\\DataCommons_Automation\\ICDC_Automation\\Reports\\20200511_072955\\TrialSuite\\20200511_072955/videos\\test_33.avi, C:\\Users\\radhakrishnang2\\Desktop\\DataCommons_Automation\\ICDC_Automation\\Reports\\20200511_072955\\TrialSuite\\20200511_072955/videos\\test_34.avi, C:\\Users\\radhakrishnang2\\Desktop\\DataCommons_Automation\\ICDC_Automation\\Reports\\20200511_072955\\TrialSuite\\20200511_072955/videos\\test_35.avi, C:\\Users\\radhakrishnang2\\Desktop\\DataCommons_Automation\\ICDC_Automation\\Reports\\20200511_072955\\TrialSuite\\20200511_072955/videos\\test_36.avi, C:\\Users\\radhakrishnang2\\Desktop\\DataCommons_Automation\\ICDC_Automation\\Reports\\20200511_072955\\TrialSuite\\20200511_072955/videos\\test_37.avi, C:\\Users\\radhakrishnang2\\Desktop\\DataCommons_Automation\\ICDC_Automation\\Reports\\20200511_072955\\TrialSuite\\20200511_072955/videos\\test_38.avi, C:\\Users\\radhakrishnang2\\Desktop\\DataCommons_Automation\\ICDC_Automation\\Reports\\20200511_072955\\TrialSuite\\20200511_072955/videos\\test_39.avi, C:\\Users\\radhakrishnang2\\Desktop\\DataCommons_Automation\\ICDC_Automation\\Reports\\20200511_072955\\TrialSuite\\20200511_072955/videos\\test_40.avi"/>
         <property name="hostName" value="radhakrishnang2 - NCI-02150368-L.nci.nih.gov"/>
         <property name="os" value="Windows 10 64bit"/>
         <property name="katalonVersion" value="7.2.6.1"/>
         <property name="browser" value="Firefox 68.0"/>
         <property name="hostAddress" value="10.243.22.175"/>
         <property name="sessionId" value="a79e5045-e9d8-44f8-a62b-ac487c47aa65"/>
         <property name="seleniumVersion" value="3.141.59"/>
         <property name="proxyInformation" value="ProxyInformation{proxyOption=NO_PROXY, proxyServerType=HTTP, password=, proxyServerAddress=, proxyServerPort=0, executionList=}"/>
         <property name="platform" value="Windows 10"/>
      </properties>
      <testcase name="Test Cases/Breed/TC01_Canine_Filter_Breed-Akita" time="21.8" classname="Test Cases/Breed/TC01_Canine_Filter_Breed-Akita" status="PASSED">
         <system-out><![CDATA[2020-05-11 07:29:58 - [TEST_CASE][PASSED] - Test Cases/Breed/TC01_Canine_Filter_Breed-Akita: Test Cases/Breed/TC01_Canine_Filter_Breed-Akita

2020-05-11 07:29:59 - [TEST_STEP][PASSED] - openBrowser(""): Browser is opened with url: ''

2020-05-11 07:29:59 - [MESSAGE][INFO] - Starting 'Firefox (headless)' driver

2020-05-11 07:29:59 - [MESSAGE][INFO] - Action delay is set to 0 seconds

2020-05-11 07:30:04 - [MESSAGE][PASSED] - Browser is opened with url: ''

2020-05-11 07:30:04 - [TEST_STEP][PASSED] - ctdc.utilities.runtestcaseforKatalon.browserDriver(""): ctdc.utilities.runtestcaseforKatalon.browserDriver is PASSED

2020-05-11 07:30:04 - [MESSAGE][PASSED] - ctdc.utilities.runtestcaseforKatalon.browserDriver is PASSED

2020-05-11 07:30:04 - [TEST_STEP][PASSED] - ctdc.utilities.runtestcaseforKatalon.RunKatalon("TC01_Canine_Filter_Breed-Akita.xlsx"): Data loaded from input file for the test case. 

2020-05-11 07:30:04 - [MESSAGE][PASSED] - Test case file loaded This is the full filepath after converting to string :C:\Users\radhakrishnang2\Desktop\DataCommons_Automation\ICDC_Automation\InputFiles\TC01_Canine_Filter_Breed-Akita.xlsx

2020-05-11 07:30:05 - [MESSAGE][INFO] - Global variable set for password file is :  C:\Users\radhakrishnang2\Desktop\DataCommons_Automation\ICDC_Automation\InputFiles\TC01_Canine_Filter_Breed-Akita.xlsx

2020-05-11 07:30:05 - [MESSAGE][PASSED] - Data loaded from input file for the test case. 

2020-05-11 07:30:08 - [TEST_STEP][PASSED] - click(findTestObject("Object Repository/Canine/Canine_Cases_Btn")): Object: 'Object Repository/Canine/Canine_Cases_Btn' is clicked on

2020-05-11 07:30:08 - [MESSAGE][PASSED] - Object: 'Object Repository/Canine/Canine_Cases_Btn' is clicked on

2020-05-11 07:30:08 - [TEST_STEP][PASSED] - click(findTestObject("Object Repository/Canine/Filter/Breed/BREED_Ddn")): Object: 'Object Repository/Canine/Filter/Breed/BREED_Ddn' is clicked on

2020-05-11 07:30:10 - [MESSAGE][PASSED] - Object: 'Object Repository/Canine/Filter/Breed/BREED_Ddn' is clicked on

2020-05-11 07:30:10 - [TEST_STEP][PASSED] - click(findTestObject("Object Repository/Canine/Filter/Breed/Akita_Chkbx")): Object: 'Object Repository/Canine/Filter/Breed/Akita_Chkbx' is clicked on

2020-05-11 07:30:11 - [MESSAGE][PASSED] - Object: 'Object Repository/Canine/Filter/Breed/Akita_Chkbx' is clicked on

2020-05-11 07:30:11 - [TEST_STEP][PASSED] - ctdc.utilities.runtestcaseforKatalon.ReadCasesTableKatalon("Object Repository/Canine/Canine_CasesTable", "Object Repository/Canine/Canine_TableHeader", "Object Repository/Canine/Canine_NextBtn"): ctdc.utilities.runtestcaseforKatalon.ReadCasesTableKatalon is PASSED

2020-05-11 07:30:12 - [MESSAGE][PASSED] - ctdc.utilities.runtestcaseforKatalon.ReadCasesTableKatalon is PASSED

2020-05-11 07:30:12 - [TEST_STEP][PASSED] - ctdc.utilities.ReadExcel.Neo4j(): ctdc.utilities.ReadExcel.Neo4j is PASSED

2020-05-11 07:30:17 - [MESSAGE][PASSED] - ctdc.utilities.ReadExcel.Neo4j is PASSED

2020-05-11 07:30:17 - [TEST_STEP][PASSED] - ctdc.utilities.runtestcaseforKatalon.compareLists(): ctdc.utilities.runtestcaseforKatalon.compareLists is PASSED

2020-05-11 07:30:17 - [MESSAGE][PASSED] - ctdc.utilities.runtestcaseforKatalon.compareLists is PASSED

2020-05-11 07:30:19 - [TEST_STEP][PASSED] - Video: Video recording for test case 'Test Cases/Breed/TC01_Canine_Filter_Breed-Akita' .

2020-05-11 07:30:19 - [MESSAGE][INFO] - Video recording for test case 'Test Cases/Breed/TC01_Canine_Filter_Breed-Akita' .
[[ATTACHMENT|C:\\Users\\radhakrishnang2\\Desktop\\DataCommons_Automation\\ICDC_Automation\\Reports\\20200511_072955\\TrialSuite\\20200511_072955/videos\\test_1.avi]]]]></system-out>
         <system-err><![CDATA[]]></system-err>
      </testcase>
      <testcase name="Test Cases/Breed/TC02_Canine_Filter_Breed-AmerStaffd" time="18.089" classname="Test Cases/Breed/TC02_Canine_Filter_Breed-AmerStaffd" status="PASSED">
         <system-out><![CDATA[2020-05-11 07:30:19 - [TEST_CASE][PASSED] - Test Cases/Breed/TC02_Canine_Filter_Breed-AmerStaffd: Test Cases/Breed/TC02_Canine_Filter_Breed-AmerStaffd

2020-05-11 07:30:20 - [TEST_STEP][PASSED] - openBrowser(""): Browser is opened with url: ''

2020-05-11 07:30:20 - [MESSAGE][WARNING] - A browser is already opened. Closing browser and opening a new one

2020-05-11 07:30:21 - [MESSAGE][INFO] - Starting 'Firefox (headless)' driver

2020-05-11 07:30:24 - [MESSAGE][PASSED] - Browser is opened with url: ''

2020-05-11 07:30:24 - [TEST_STEP][PASSED] - ctdc.utilities.runtestcaseforKatalon.browserDriver(""): ctdc.utilities.runtestcaseforKatalon.browserDriver is PASSED

2020-05-11 07:30:24 - [MESSAGE][PASSED] - ctdc.utilities.runtestcaseforKatalon.browserDriver is PASSED

2020-05-11 07:30:24 - [TEST_STEP][PASSED] - ctdc.utilities.runtestcaseforKatalon.RunKatalon("TC02_Canine_Filter_Breed-AmerStaffd.xlsx"): Data loaded from input file for the test case. 

2020-05-11 07:30:24 - [MESSAGE][PASSED] - Test case file loaded This is the full filepath after converting to string :C:\Users\radhakrishnang2\Desktop\DataCommons_Automation\ICDC_Automation\InputFiles\TC02_Canine_Filter_Breed-AmerStaffd.xlsx

2020-05-11 07:30:24 - [MESSAGE][INFO] - Global variable set for password file is :  C:\Users\radhakrishnang2\Desktop\DataCommons_Automation\ICDC_Automation\InputFiles\TC02_Canine_Filter_Breed-AmerStaffd.xlsx

2020-05-11 07:30:24 - [MESSAGE][PASSED] - Data loaded from input file for the test case. 

2020-05-11 07:30:27 - [TEST_STEP][PASSED] - click(findTestObject("Object Repository/Canine/Canine_Cases_Btn")): Object: 'Object Repository/Canine/Canine_Cases_Btn' is clicked on

2020-05-11 07:30:27 - [MESSAGE][PASSED] - Object: 'Object Repository/Canine/Canine_Cases_Btn' is clicked on

2020-05-11 07:30:27 - [TEST_STEP][PASSED] - click(findTestObject("Object Repository/Canine/Filter/Breed/BREED_Ddn")): Object: 'Object Repository/Canine/Filter/Breed/BREED_Ddn' is clicked on

2020-05-11 07:30:29 - [MESSAGE][PASSED] - Object: 'Object Repository/Canine/Filter/Breed/BREED_Ddn' is clicked on

2020-05-11 07:30:29 - [TEST_STEP][PASSED] - click(findTestObject("Object Repository/Canine/Filter/Breed/AmerStaffd_Chkbx")): Object: 'Object Repository/Canine/Filter/Breed/AmerStaffd_Chkbx' is clicked on

2020-05-11 07:30:30 - [MESSAGE][PASSED] - Object: 'Object Repository/Canine/Filter/Breed/AmerStaffd_Chkbx' is clicked on

2020-05-11 07:30:30 - [TEST_STEP][PASSED] - ctdc.utilities.runtestcaseforKatalon.ReadCasesTableKatalon("Object Repository/Canine/Canine_CasesTable", "Object Repository/Canine/Canine_TableHeader", "Object Repository/Canine/Canine_NextBtn"): ctdc.utilities.runtestcaseforKatalon.ReadCasesTableKatalon is PASSED

2020-05-11 07:30:32 - [MESSAGE][PASSED] - ctdc.utilities.runtestcaseforKatalon.ReadCasesTableKatalon is PASSED

2020-05-11 07:30:32 - [TEST_STEP][PASSED] - ctdc.utilities.ReadExcel.Neo4j(): ctdc.utilities.ReadExcel.Neo4j is PASSED

2020-05-11 07:30:35 - [MESSAGE][PASSED] - ctdc.utilities.ReadExcel.Neo4j is PASSED

2020-05-11 07:30:35 - [TEST_STEP][PASSED] - ctdc.utilities.runtestcaseforKatalon.compareLists(): ctdc.utilities.runtestcaseforKatalon.compareLists is PASSED

2020-05-11 07:30:35 - [MESSAGE][PASSED] - ctdc.utilities.runtestcaseforKatalon.compareLists is PASSED

2020-05-11 07:30:38 - [TEST_STEP][PASSED] - Video: Video recording for test case 'Test Cases/Breed/TC02_Canine_Filter_Breed-AmerStaffd' .

2020-05-11 07:30:38 - [MESSAGE][INFO] - Video recording for test case 'Test Cases/Breed/TC02_Canine_Filter_Breed-AmerStaffd' .
[[ATTACHMENT|C:\\Users\\radhakrishnang2\\Desktop\\DataCommons_Automation\\ICDC_Automation\\Reports\\20200511_072955\\TrialSuite\\20200511_072955/videos\\test_2.avi]]]]></system-out>
         <system-err><![CDATA[]]></system-err>
      </testcase>
      <testcase name="Test Cases/Breed/TC03_Canine_Filter_Breed-AusShephd" time="20.362" classname="Test Cases/Breed/TC03_Canine_Filter_Breed-AusShephd" status="PASSED">
         <system-out><![CDATA[2020-05-11 07:30:38 - [TEST_CASE][PASSED] - Test Cases/Breed/TC03_Canine_Filter_Breed-AusShephd: Test Cases/Breed/TC03_Canine_Filter_Breed-AusShephd

2020-05-11 07:30:38 - [TEST_STEP][PASSED] - openBrowser(""): Browser is opened with url: ''

2020-05-11 07:30:38 - [MESSAGE][WARNING] - A browser is already opened. Closing browser and opening a new one

2020-05-11 07:30:39 - [MESSAGE][INFO] - Starting 'Firefox (headless)' driver

2020-05-11 07:30:43 - [MESSAGE][PASSED] - Browser is opened with url: ''

2020-05-11 07:30:43 - [TEST_STEP][PASSED] - ctdc.utilities.runtestcaseforKatalon.browserDriver(""): ctdc.utilities.runtestcaseforKatalon.browserDriver is PASSED

2020-05-11 07:30:43 - [MESSAGE][PASSED] - ctdc.utilities.runtestcaseforKatalon.browserDriver is PASSED

2020-05-11 07:30:43 - [TEST_STEP][PASSED] - ctdc.utilities.runtestcaseforKatalon.RunKatalon("TC03_Canine_Filter_Breed-AusShephd.xlsx"): Data loaded from input file for the test case. 

2020-05-11 07:30:43 - [MESSAGE][PASSED] - Test case file loaded This is the full filepath after converting to string :C:\Users\radhakrishnang2\Desktop\DataCommons_Automation\ICDC_Automation\InputFiles\TC03_Canine_Filter_Breed-AusShephd.xlsx

2020-05-11 07:30:43 - [MESSAGE][INFO] - Global variable set for password file is :  C:\Users\radhakrishnang2\Desktop\DataCommons_Automation\ICDC_Automation\InputFiles\TC03_Canine_Filter_Breed-AusShephd.xlsx

2020-05-11 07:30:43 - [MESSAGE][PASSED] - Data loaded from input file for the test case. 

2020-05-11 07:30:47 - [TEST_STEP][PASSED] - click(findTestObject("Object Repository/Canine/Canine_Cases_Btn")): Object: 'Object Repository/Canine/Canine_Cases_Btn' is clicked on

2020-05-11 07:30:47 - [MESSAGE][PASSED] - Object: 'Object Repository/Canine/Canine_Cases_Btn' is clicked on

2020-05-11 07:30:47 - [TEST_STEP][PASSED] - click(findTestObject("Object Repository/Canine/Filter/Breed/BREED_Ddn")): Object: 'Object Repository/Canine/Filter/Breed/BREED_Ddn' is clicked on

2020-05-11 07:30:50 - [MESSAGE][PASSED] - Object: 'Object Repository/Canine/Filter/Breed/BREED_Ddn' is clicked on

2020-05-11 07:30:50 - [TEST_STEP][PASSED] - click(findTestObject("Object Repository/Canine/Filter/Breed/AusShephd_Chkbx")): Object: 'Object Repository/Canine/Filter/Breed/AusShephd_Chkbx' is clicked on

2020-05-11 07:30:51 - [MESSAGE][PASSED] - Object: 'Object Repository/Canine/Filter/Breed/AusShephd_Chkbx' is clicked on

2020-05-11 07:30:51 - [TEST_STEP][PASSED] - ctdc.utilities.runtestcaseforKatalon.ReadCasesTableKatalon("Object Repository/Canine/Canine_CasesTable", "Object Repository/Canine/Canine_TableHeader", "Object Repository/Canine/Canine_NextBtn"): ctdc.utilities.runtestcaseforKatalon.ReadCasesTableKatalon is PASSED

2020-05-11 07:30:52 - [MESSAGE][PASSED] - ctdc.utilities.runtestcaseforKatalon.ReadCasesTableKatalon is PASSED

2020-05-11 07:30:52 - [TEST_STEP][PASSED] - ctdc.utilities.ReadExcel.Neo4j(): ctdc.utilities.ReadExcel.Neo4j is PASSED

2020-05-11 07:30:56 - [MESSAGE][PASSED] - ctdc.utilities.ReadExcel.Neo4j is PASSED

2020-05-11 07:30:56 - [TEST_STEP][PASSED] - ctdc.utilities.runtestcaseforKatalon.compareLists(): ctdc.utilities.runtestcaseforKatalon.compareLists is PASSED

2020-05-11 07:30:56 - [MESSAGE][PASSED] - ctdc.utilities.runtestcaseforKatalon.compareLists is PASSED

2020-05-11 07:30:58 - [TEST_STEP][PASSED] - Video: Video recording for test case 'Test Cases/Breed/TC03_Canine_Filter_Breed-AusShephd' .

2020-05-11 07:30:58 - [MESSAGE][INFO] - Video recording for test case 'Test Cases/Breed/TC03_Canine_Filter_Breed-AusShephd' .
[[ATTACHMENT|C:\\Users\\radhakrishnang2\\Desktop\\DataCommons_Automation\\ICDC_Automation\\Reports\\20200511_072955\\TrialSuite\\20200511_072955/videos\\test_3.avi]]]]></system-out>
         <system-err><![CDATA[]]></system-err>
      </testcase>
      <testcase name="Test Cases/Breed/TC04_Canine_Filter_Breed-BassHnd" time="20.591" classname="Test Cases/Breed/TC04_Canine_Filter_Breed-BassHnd" status="PASSED">
         <system-out><![CDATA[2020-05-11 07:30:58 - [TEST_CASE][PASSED] - Test Cases/Breed/TC04_Canine_Filter_Breed-BassHnd: Test Cases/Breed/TC04_Canine_Filter_Breed-BassHnd

2020-05-11 07:30:59 - [TEST_STEP][PASSED] - openBrowser(""): Browser is opened with url: ''

2020-05-11 07:30:59 - [MESSAGE][WARNING] - A browser is already opened. Closing browser and opening a new one

2020-05-11 07:31:01 - [MESSAGE][INFO] - Starting 'Firefox (headless)' driver

2020-05-11 07:31:06 - [MESSAGE][PASSED] - Browser is opened with url: ''

2020-05-11 07:31:06 - [TEST_STEP][PASSED] - ctdc.utilities.runtestcaseforKatalon.browserDriver(""): ctdc.utilities.runtestcaseforKatalon.browserDriver is PASSED

2020-05-11 07:31:06 - [MESSAGE][PASSED] - ctdc.utilities.runtestcaseforKatalon.browserDriver is PASSED

2020-05-11 07:31:06 - [TEST_STEP][PASSED] - ctdc.utilities.runtestcaseforKatalon.RunKatalon("TC04_Canine_Filter_Breed-BassHnd.xlsx"): Data loaded from input file for the test case. 

2020-05-11 07:31:06 - [MESSAGE][PASSED] - Test case file loaded This is the full filepath after converting to string :C:\Users\radhakrishnang2\Desktop\DataCommons_Automation\ICDC_Automation\InputFiles\TC04_Canine_Filter_Breed-BassHnd.xlsx

2020-05-11 07:31:06 - [MESSAGE][INFO] - Global variable set for password file is :  C:\Users\radhakrishnang2\Desktop\DataCommons_Automation\ICDC_Automation\InputFiles\TC04_Canine_Filter_Breed-BassHnd.xlsx

2020-05-11 07:31:06 - [MESSAGE][PASSED] - Data loaded from input file for the test case. 

2020-05-11 07:31:09 - [TEST_STEP][PASSED] - click(findTestObject("Object Repository/Canine/Canine_Cases_Btn")): Object: 'Object Repository/Canine/Canine_Cases_Btn' is clicked on

2020-05-11 07:31:09 - [MESSAGE][PASSED] - Object: 'Object Repository/Canine/Canine_Cases_Btn' is clicked on

2020-05-11 07:31:09 - [TEST_STEP][PASSED] - click(findTestObject("Object Repository/Canine/Filter/Breed/BREED_Ddn")): Object: 'Object Repository/Canine/Filter/Breed/BREED_Ddn' is clicked on

2020-05-11 07:31:11 - [MESSAGE][PASSED] - Object: 'Object Repository/Canine/Filter/Breed/BREED_Ddn' is clicked on

2020-05-11 07:31:11 - [TEST_STEP][PASSED] - click(findTestObject("Object Repository/Canine/Filter/Breed/BassHnd_Chkbx")): Object: 'Object Repository/Canine/Filter/Breed/BassHnd_Chkbx' is clicked on

2020-05-11 07:31:12 - [MESSAGE][PASSED] - Object: 'Object Repository/Canine/Filter/Breed/BassHnd_Chkbx' is clicked on

2020-05-11 07:31:12 - [TEST_STEP][PASSED] - ctdc.utilities.runtestcaseforKatalon.ReadCasesTableKatalon("Object Repository/Canine/Canine_CasesTable", "Object Repository/Canine/Canine_TableHeader", "Object Repository/Canine/Canine_NextBtn"): ctdc.utilities.runtestcaseforKatalon.ReadCasesTableKatalon is PASSED

2020-05-11 07:31:13 - [MESSAGE][PASSED] - ctdc.utilities.runtestcaseforKatalon.ReadCasesTableKatalon is PASSED

2020-05-11 07:31:13 - [TEST_STEP][PASSED] - ctdc.utilities.ReadExcel.Neo4j(): ctdc.utilities.ReadExcel.Neo4j is PASSED

2020-05-11 07:31:16 - [MESSAGE][PASSED] - ctdc.utilities.ReadExcel.Neo4j is PASSED

2020-05-11 07:31:16 - [TEST_STEP][PASSED] - ctdc.utilities.runtestcaseforKatalon.compareLists(): ctdc.utilities.runtestcaseforKatalon.compareLists is PASSED

2020-05-11 07:31:16 - [MESSAGE][PASSED] - ctdc.utilities.runtestcaseforKatalon.compareLists is PASSED

2020-05-11 07:31:19 - [TEST_STEP][PASSED] - Video: Video recording for test case 'Test Cases/Breed/TC04_Canine_Filter_Breed-BassHnd' .

2020-05-11 07:31:19 - [MESSAGE][INFO] - Video recording for test case 'Test Cases/Breed/TC04_Canine_Filter_Breed-BassHnd' .
[[ATTACHMENT|C:\\Users\\radhakrishnang2\\Desktop\\DataCommons_Automation\\ICDC_Automation\\Reports\\20200511_072955\\TrialSuite\\20200511_072955/videos\\test_4.avi]]]]></system-out>
         <system-err><![CDATA[]]></system-err>
      </testcase>
      <testcase name="Test Cases/Breed/TC05_Canine_Filter_Breed-Beagle" time="18.514" classname="Test Cases/Breed/TC05_Canine_Filter_Breed-Beagle" status="PASSED">
         <system-out><![CDATA[2020-05-11 07:31:19 - [TEST_CASE][PASSED] - Test Cases/Breed/TC05_Canine_Filter_Breed-Beagle: Test Cases/Breed/TC05_Canine_Filter_Breed-Beagle

2020-05-11 07:31:19 - [TEST_STEP][PASSED] - openBrowser(""): Browser is opened with url: ''

2020-05-11 07:31:19 - [MESSAGE][WARNING] - A browser is already opened. Closing browser and opening a new one

2020-05-11 07:31:20 - [MESSAGE][INFO] - Starting 'Firefox (headless)' driver

2020-05-11 07:31:24 - [MESSAGE][PASSED] - Browser is opened with url: ''

2020-05-11 07:31:24 - [TEST_STEP][PASSED] - ctdc.utilities.runtestcaseforKatalon.browserDriver(""): ctdc.utilities.runtestcaseforKatalon.browserDriver is PASSED

2020-05-11 07:31:24 - [MESSAGE][PASSED] - ctdc.utilities.runtestcaseforKatalon.browserDriver is PASSED

2020-05-11 07:31:24 - [TEST_STEP][PASSED] - ctdc.utilities.runtestcaseforKatalon.RunKatalon("TC05_Canine_Filter_Breed-Beagle.xlsx"): Data loaded from input file for the test case. 

2020-05-11 07:31:24 - [MESSAGE][PASSED] - Test case file loaded This is the full filepath after converting to string :C:\Users\radhakrishnang2\Desktop\DataCommons_Automation\ICDC_Automation\InputFiles\TC05_Canine_Filter_Breed-Beagle.xlsx

2020-05-11 07:31:24 - [MESSAGE][INFO] - Global variable set for password file is :  C:\Users\radhakrishnang2\Desktop\DataCommons_Automation\ICDC_Automation\InputFiles\TC05_Canine_Filter_Breed-Beagle.xlsx

2020-05-11 07:31:24 - [MESSAGE][PASSED] - Data loaded from input file for the test case. 

2020-05-11 07:31:27 - [TEST_STEP][PASSED] - click(findTestObject("Object Repository/Canine/Canine_Cases_Btn")): Object: 'Object Repository/Canine/Canine_Cases_Btn' is clicked on

2020-05-11 07:31:27 - [MESSAGE][PASSED] - Object: 'Object Repository/Canine/Canine_Cases_Btn' is clicked on

2020-05-11 07:31:27 - [TEST_STEP][PASSED] - click(findTestObject("Object Repository/Canine/Filter/Breed/BREED_Ddn")): Object: 'Object Repository/Canine/Filter/Breed/BREED_Ddn' is clicked on

2020-05-11 07:31:29 - [MESSAGE][PASSED] - Object: 'Object Repository/Canine/Filter/Breed/BREED_Ddn' is clicked on

2020-05-11 07:31:29 - [TEST_STEP][PASSED] - click(findTestObject("Object Repository/Canine/Filter/Breed/Beagle_Chkbx")): Object: 'Object Repository/Canine/Filter/Breed/Beagle_Chkbx' is clicked on

2020-05-11 07:31:29 - [MESSAGE][PASSED] - Object: 'Object Repository/Canine/Filter/Breed/Beagle_Chkbx' is clicked on

2020-05-11 07:31:29 - [TEST_STEP][PASSED] - ctdc.utilities.runtestcaseforKatalon.ReadCasesTableKatalon("Object Repository/Canine/Canine_CasesTable", "Object Repository/Canine/Canine_TableHeader", "Object Repository/Canine/Canine_NextBtn"): ctdc.utilities.runtestcaseforKatalon.ReadCasesTableKatalon is PASSED

2020-05-11 07:31:31 - [MESSAGE][PASSED] - ctdc.utilities.runtestcaseforKatalon.ReadCasesTableKatalon is PASSED

2020-05-11 07:31:31 - [TEST_STEP][PASSED] - ctdc.utilities.ReadExcel.Neo4j(): ctdc.utilities.ReadExcel.Neo4j is PASSED

2020-05-11 07:31:35 - [MESSAGE][PASSED] - ctdc.utilities.ReadExcel.Neo4j is PASSED

2020-05-11 07:31:35 - [TEST_STEP][PASSED] - ctdc.utilities.runtestcaseforKatalon.compareLists(): ctdc.utilities.runtestcaseforKatalon.compareLists is PASSED

2020-05-11 07:31:35 - [MESSAGE][PASSED] - ctdc.utilities.runtestcaseforKatalon.compareLists is PASSED

2020-05-11 07:31:37 - [TEST_STEP][PASSED] - Video: Video recording for test case 'Test Cases/Breed/TC05_Canine_Filter_Breed-Beagle' .

2020-05-11 07:31:37 - [MESSAGE][INFO] - Video recording for test case 'Test Cases/Breed/TC05_Canine_Filter_Breed-Beagle' .
[[ATTACHMENT|C:\\Users\\radhakrishnang2\\Desktop\\DataCommons_Automation\\ICDC_Automation\\Reports\\20200511_072955\\TrialSuite\\20200511_072955/videos\\test_5.avi]]]]></system-out>
         <system-err><![CDATA[]]></system-err>
      </testcase>
      <testcase name="Test Cases/Breed/TC06_Canine_Filter_Breed-BelgMalin" time="16.424" classname="Test Cases/Breed/TC06_Canine_Filter_Breed-BelgMalin" status="PASSED">
         <system-out><![CDATA[2020-05-11 07:31:37 - [TEST_CASE][PASSED] - Test Cases/Breed/TC06_Canine_Filter_Breed-BelgMalin: Test Cases/Breed/TC06_Canine_Filter_Breed-BelgMalin

2020-05-11 07:31:37 - [TEST_STEP][PASSED] - openBrowser(""): Browser is opened with url: ''

2020-05-11 07:31:37 - [MESSAGE][WARNING] - A browser is already opened. Closing browser and opening a new one

2020-05-11 07:31:39 - [MESSAGE][INFO] - Starting 'Firefox (headless)' driver

2020-05-11 07:31:42 - [MESSAGE][PASSED] - Browser is opened with url: ''

2020-05-11 07:31:42 - [TEST_STEP][PASSED] - ctdc.utilities.runtestcaseforKatalon.browserDriver(""): ctdc.utilities.runtestcaseforKatalon.browserDriver is PASSED

2020-05-11 07:31:42 - [MESSAGE][PASSED] - ctdc.utilities.runtestcaseforKatalon.browserDriver is PASSED

2020-05-11 07:31:42 - [TEST_STEP][PASSED] - ctdc.utilities.runtestcaseforKatalon.RunKatalon("TC06_Canine_Filter_Breed-BelgMalin.xlsx"): Data loaded from input file for the test case. 

2020-05-11 07:31:42 - [MESSAGE][PASSED] - Test case file loaded This is the full filepath after converting to string :C:\Users\radhakrishnang2\Desktop\DataCommons_Automation\ICDC_Automation\InputFiles\TC06_Canine_Filter_Breed-BelgMalin.xlsx

2020-05-11 07:31:42 - [MESSAGE][INFO] - Global variable set for password file is :  C:\Users\radhakrishnang2\Desktop\DataCommons_Automation\ICDC_Automation\InputFiles\TC06_Canine_Filter_Breed-BelgMalin.xlsx

2020-05-11 07:31:42 - [MESSAGE][PASSED] - Data loaded from input file for the test case. 

2020-05-11 07:31:45 - [TEST_STEP][PASSED] - click(findTestObject("Object Repository/Canine/Canine_Cases_Btn")): Object: 'Object Repository/Canine/Canine_Cases_Btn' is clicked on

2020-05-11 07:31:45 - [MESSAGE][PASSED] - Object: 'Object Repository/Canine/Canine_Cases_Btn' is clicked on

2020-05-11 07:31:45 - [TEST_STEP][PASSED] - click(findTestObject("Object Repository/Canine/Filter/Breed/BREED_Ddn")): Object: 'Object Repository/Canine/Filter/Breed/BREED_Ddn' is clicked on

2020-05-11 07:31:47 - [MESSAGE][PASSED] - Object: 'Object Repository/Canine/Filter/Breed/BREED_Ddn' is clicked on

2020-05-11 07:31:47 - [TEST_STEP][PASSED] - click(findTestObject("Object Repository/Canine/Filter/Breed/BelgMalin_Chkbx")): Object: 'Object Repository/Canine/Filter/Breed/BelgMalin_Chkbx' is clicked on

2020-05-11 07:31:47 - [MESSAGE][PASSED] - Object: 'Object Repository/Canine/Filter/Breed/BelgMalin_Chkbx' is clicked on

2020-05-11 07:31:47 - [TEST_STEP][PASSED] - ctdc.utilities.runtestcaseforKatalon.ReadCasesTableKatalon("Object Repository/Canine/Canine_CasesTable", "Object Repository/Canine/Canine_TableHeader", "Object Repository/Canine/Canine_NextBtn"): ctdc.utilities.runtestcaseforKatalon.ReadCasesTableKatalon is PASSED

2020-05-11 07:31:48 - [MESSAGE][PASSED] - ctdc.utilities.runtestcaseforKatalon.ReadCasesTableKatalon is PASSED

2020-05-11 07:31:48 - [TEST_STEP][PASSED] - ctdc.utilities.ReadExcel.Neo4j(): ctdc.utilities.ReadExcel.Neo4j is PASSED

2020-05-11 07:31:51 - [MESSAGE][PASSED] - ctdc.utilities.ReadExcel.Neo4j is PASSED

2020-05-11 07:31:51 - [TEST_STEP][PASSED] - ctdc.utilities.runtestcaseforKatalon.compareLists(): ctdc.utilities.runtestcaseforKatalon.compareLists is PASSED

2020-05-11 07:31:51 - [MESSAGE][PASSED] - ctdc.utilities.runtestcaseforKatalon.compareLists is PASSED

2020-05-11 07:31:53 - [TEST_STEP][PASSED] - Video: Video recording for test case 'Test Cases/Breed/TC06_Canine_Filter_Breed-BelgMalin' .

2020-05-11 07:31:53 - [MESSAGE][INFO] - Video recording for test case 'Test Cases/Breed/TC06_Canine_Filter_Breed-BelgMalin' .
[[ATTACHMENT|C:\\Users\\radhakrishnang2\\Desktop\\DataCommons_Automation\\ICDC_Automation\\Reports\\20200511_072955\\TrialSuite\\20200511_072955/videos\\test_6.avi]]]]></system-out>
         <system-err><![CDATA[]]></system-err>
      </testcase>
      <testcase name="Test Cases/Breed/TC07_Canine_Filter_Breed-BrnMtnDog" time="18.771" classname="Test Cases/Breed/TC07_Canine_Filter_Breed-BrnMtnDog" status="PASSED">
         <system-out><![CDATA[2020-05-11 07:31:53 - [TEST_CASE][PASSED] - Test Cases/Breed/TC07_Canine_Filter_Breed-BrnMtnDog: Test Cases/Breed/TC07_Canine_Filter_Breed-BrnMtnDog

2020-05-11 07:31:54 - [TEST_STEP][PASSED] - openBrowser(""): Browser is opened with url: ''

2020-05-11 07:31:54 - [MESSAGE][WARNING] - A browser is already opened. Closing browser and opening a new one

2020-05-11 07:31:55 - [MESSAGE][INFO] - Starting 'Firefox (headless)' driver

2020-05-11 07:31:59 - [MESSAGE][PASSED] - Browser is opened with url: ''

2020-05-11 07:31:59 - [TEST_STEP][PASSED] - ctdc.utilities.runtestcaseforKatalon.browserDriver(""): ctdc.utilities.runtestcaseforKatalon.browserDriver is PASSED

2020-05-11 07:31:59 - [MESSAGE][PASSED] - ctdc.utilities.runtestcaseforKatalon.browserDriver is PASSED

2020-05-11 07:31:59 - [TEST_STEP][PASSED] - ctdc.utilities.runtestcaseforKatalon.RunKatalon("TC07_Canine_Filter_Breed-BrnMtnDog.xlsx"): Data loaded from input file for the test case. 

2020-05-11 07:31:59 - [MESSAGE][PASSED] - Test case file loaded This is the full filepath after converting to string :C:\Users\radhakrishnang2\Desktop\DataCommons_Automation\ICDC_Automation\InputFiles\TC07_Canine_Filter_Breed-BrnMtnDog.xlsx

2020-05-11 07:31:59 - [MESSAGE][INFO] - Global variable set for password file is :  C:\Users\radhakrishnang2\Desktop\DataCommons_Automation\ICDC_Automation\InputFiles\TC07_Canine_Filter_Breed-BrnMtnDog.xlsx

2020-05-11 07:31:59 - [MESSAGE][PASSED] - Data loaded from input file for the test case. 

2020-05-11 07:32:02 - [TEST_STEP][PASSED] - click(findTestObject("Object Repository/Canine/Canine_Cases_Btn")): Object: 'Object Repository/Canine/Canine_Cases_Btn' is clicked on

2020-05-11 07:32:02 - [MESSAGE][PASSED] - Object: 'Object Repository/Canine/Canine_Cases_Btn' is clicked on

2020-05-11 07:32:02 - [TEST_STEP][PASSED] - click(findTestObject("Object Repository/Canine/Filter/Breed/BREED_Ddn")): Object: 'Object Repository/Canine/Filter/Breed/BREED_Ddn' is clicked on

2020-05-11 07:32:04 - [MESSAGE][PASSED] - Object: 'Object Repository/Canine/Filter/Breed/BREED_Ddn' is clicked on

2020-05-11 07:32:04 - [TEST_STEP][PASSED] - click(findTestObject("Object Repository/Canine/Filter/Breed/BernMtnDog_Chkbx")): Object: 'Object Repository/Canine/Filter/Breed/BernMtnDog_Chkbx' is clicked on

2020-05-11 07:32:04 - [MESSAGE][PASSED] - Object: 'Object Repository/Canine/Filter/Breed/BernMtnDog_Chkbx' is clicked on

2020-05-11 07:32:04 - [TEST_STEP][PASSED] - ctdc.utilities.runtestcaseforKatalon.ReadCasesTableKatalon("Object Repository/Canine/Canine_CasesTable", "Object Repository/Canine/Canine_TableHeader", "Object Repository/Canine/Canine_NextBtn"): ctdc.utilities.runtestcaseforKatalon.ReadCasesTableKatalon is PASSED

2020-05-11 07:32:07 - [MESSAGE][PASSED] - ctdc.utilities.runtestcaseforKatalon.ReadCasesTableKatalon is PASSED

2020-05-11 07:32:07 - [TEST_STEP][PASSED] - ctdc.utilities.ReadExcel.Neo4j(): ctdc.utilities.ReadExcel.Neo4j is PASSED

2020-05-11 07:32:10 - [MESSAGE][PASSED] - ctdc.utilities.ReadExcel.Neo4j is PASSED

2020-05-11 07:32:10 - [TEST_STEP][PASSED] - ctdc.utilities.runtestcaseforKatalon.compareLists(): ctdc.utilities.runtestcaseforKatalon.compareLists is PASSED

2020-05-11 07:32:10 - [MESSAGE][PASSED] - ctdc.utilities.runtestcaseforKatalon.compareLists is PASSED

2020-05-11 07:32:12 - [TEST_STEP][PASSED] - Video: Video recording for test case 'Test Cases/Breed/TC07_Canine_Filter_Breed-BrnMtnDog' .

2020-05-11 07:32:12 - [MESSAGE][INFO] - Video recording for test case 'Test Cases/Breed/TC07_Canine_Filter_Breed-BrnMtnDog' .
[[ATTACHMENT|C:\\Users\\radhakrishnang2\\Desktop\\DataCommons_Automation\\ICDC_Automation\\Reports\\20200511_072955\\TrialSuite\\20200511_072955/videos\\test_7.avi]]]]></system-out>
         <system-err><![CDATA[]]></system-err>
      </testcase>
      <testcase name="Test Cases/Breed/TC08_Canine_Filter_Breed-BlkTanCoon" time="18.956" classname="Test Cases/Breed/TC08_Canine_Filter_Breed-BlkTanCoon" status="PASSED">
         <system-out><![CDATA[2020-05-11 07:32:12 - [TEST_CASE][PASSED] - Test Cases/Breed/TC08_Canine_Filter_Breed-BlkTanCoon: Test Cases/Breed/TC08_Canine_Filter_Breed-BlkTanCoon

2020-05-11 07:32:13 - [TEST_STEP][PASSED] - openBrowser(""): Browser is opened with url: ''

2020-05-11 07:32:13 - [MESSAGE][WARNING] - A browser is already opened. Closing browser and opening a new one

2020-05-11 07:32:14 - [MESSAGE][INFO] - Starting 'Firefox (headless)' driver

2020-05-11 07:32:17 - [MESSAGE][PASSED] - Browser is opened with url: ''

2020-05-11 07:32:17 - [TEST_STEP][PASSED] - ctdc.utilities.runtestcaseforKatalon.browserDriver(""): ctdc.utilities.runtestcaseforKatalon.browserDriver is PASSED

2020-05-11 07:32:17 - [MESSAGE][PASSED] - ctdc.utilities.runtestcaseforKatalon.browserDriver is PASSED

2020-05-11 07:32:17 - [TEST_STEP][PASSED] - ctdc.utilities.runtestcaseforKatalon.RunKatalon("TC08_Canine_Filter_Breed-BlkTanCoon.xlsx"): Data loaded from input file for the test case. 

2020-05-11 07:32:17 - [MESSAGE][PASSED] - Test case file loaded This is the full filepath after converting to string :C:\Users\radhakrishnang2\Desktop\DataCommons_Automation\ICDC_Automation\InputFiles\TC08_Canine_Filter_Breed-BlkTanCoon.xlsx

2020-05-11 07:32:17 - [MESSAGE][INFO] - Global variable set for password file is :  C:\Users\radhakrishnang2\Desktop\DataCommons_Automation\ICDC_Automation\InputFiles\TC08_Canine_Filter_Breed-BlkTanCoon.xlsx

2020-05-11 07:32:17 - [MESSAGE][PASSED] - Data loaded from input file for the test case. 

2020-05-11 07:32:21 - [TEST_STEP][PASSED] - click(findTestObject("Object Repository/Canine/Canine_Cases_Btn")): Object: 'Object Repository/Canine/Canine_Cases_Btn' is clicked on

2020-05-11 07:32:21 - [MESSAGE][PASSED] - Object: 'Object Repository/Canine/Canine_Cases_Btn' is clicked on

2020-05-11 07:32:21 - [TEST_STEP][PASSED] - click(findTestObject("Object Repository/Canine/Filter/Breed/BREED_Ddn")): Object: 'Object Repository/Canine/Filter/Breed/BREED_Ddn' is clicked on

2020-05-11 07:32:24 - [MESSAGE][PASSED] - Object: 'Object Repository/Canine/Filter/Breed/BREED_Ddn' is clicked on

2020-05-11 07:32:24 - [TEST_STEP][PASSED] - click(findTestObject("Object Repository/Canine/Filter/Breed/BlkTanCoon_Chkbx")): Object: 'Object Repository/Canine/Filter/Breed/BlkTanCoon_Chkbx' is clicked on

2020-05-11 07:32:24 - [MESSAGE][PASSED] - Object: 'Object Repository/Canine/Filter/Breed/BlkTanCoon_Chkbx' is clicked on

2020-05-11 07:32:24 - [TEST_STEP][PASSED] - ctdc.utilities.runtestcaseforKatalon.ReadCasesTableKatalon("Object Repository/Canine/Canine_CasesTable", "Object Repository/Canine/Canine_TableHeader", "Object Repository/Canine/Canine_NextBtn"): ctdc.utilities.runtestcaseforKatalon.ReadCasesTableKatalon is PASSED

2020-05-11 07:32:26 - [MESSAGE][PASSED] - ctdc.utilities.runtestcaseforKatalon.ReadCasesTableKatalon is PASSED

2020-05-11 07:32:26 - [TEST_STEP][PASSED] - ctdc.utilities.ReadExcel.Neo4j(): ctdc.utilities.ReadExcel.Neo4j is PASSED

2020-05-11 07:32:29 - [MESSAGE][PASSED] - ctdc.utilities.ReadExcel.Neo4j is PASSED

2020-05-11 07:32:29 - [TEST_STEP][PASSED] - ctdc.utilities.runtestcaseforKatalon.compareLists(): ctdc.utilities.runtestcaseforKatalon.compareLists is PASSED

2020-05-11 07:32:29 - [MESSAGE][PASSED] - ctdc.utilities.runtestcaseforKatalon.compareLists is PASSED

2020-05-11 07:32:31 - [TEST_STEP][PASSED] - Video: Video recording for test case 'Test Cases/Breed/TC08_Canine_Filter_Breed-BlkTanCoon' .

2020-05-11 07:32:31 - [MESSAGE][INFO] - Video recording for test case 'Test Cases/Breed/TC08_Canine_Filter_Breed-BlkTanCoon' .
[[ATTACHMENT|C:\\Users\\radhakrishnang2\\Desktop\\DataCommons_Automation\\ICDC_Automation\\Reports\\20200511_072955\\TrialSuite\\20200511_072955/videos\\test_8.avi]]]]></system-out>
         <system-err><![CDATA[]]></system-err>
      </testcase>
      <testcase name="Test Cases/Breed/TC09_Canine_Filter_Breed-BorderCol" time="18.483" classname="Test Cases/Breed/TC09_Canine_Filter_Breed-BorderCol" status="PASSED">
         <system-out><![CDATA[2020-05-11 07:32:31 - [TEST_CASE][PASSED] - Test Cases/Breed/TC09_Canine_Filter_Breed-BorderCol: Test Cases/Breed/TC09_Canine_Filter_Breed-BorderCol

2020-05-11 07:32:32 - [TEST_STEP][PASSED] - openBrowser(""): Browser is opened with url: ''

2020-05-11 07:32:32 - [MESSAGE][WARNING] - A browser is already opened. Closing browser and opening a new one

2020-05-11 07:32:33 - [MESSAGE][INFO] - Starting 'Firefox (headless)' driver

2020-05-11 07:32:36 - [MESSAGE][PASSED] - Browser is opened with url: ''

2020-05-11 07:32:36 - [TEST_STEP][PASSED] - ctdc.utilities.runtestcaseforKatalon.browserDriver(""): ctdc.utilities.runtestcaseforKatalon.browserDriver is PASSED

2020-05-11 07:32:36 - [MESSAGE][PASSED] - ctdc.utilities.runtestcaseforKatalon.browserDriver is PASSED

2020-05-11 07:32:36 - [TEST_STEP][PASSED] - ctdc.utilities.runtestcaseforKatalon.RunKatalon("TC09_Canine_Filter_Breed-BorderCol.xlsx"): Data loaded from input file for the test case. 

2020-05-11 07:32:36 - [MESSAGE][PASSED] - Test case file loaded This is the full filepath after converting to string :C:\Users\radhakrishnang2\Desktop\DataCommons_Automation\ICDC_Automation\InputFiles\TC09_Canine_Filter_Breed-BorderCol.xlsx

2020-05-11 07:32:36 - [MESSAGE][INFO] - Global variable set for password file is :  C:\Users\radhakrishnang2\Desktop\DataCommons_Automation\ICDC_Automation\InputFiles\TC09_Canine_Filter_Breed-BorderCol.xlsx

2020-05-11 07:32:36 - [MESSAGE][PASSED] - Data loaded from input file for the test case. 

2020-05-11 07:32:40 - [TEST_STEP][PASSED] - click(findTestObject("Object Repository/Canine/Canine_Cases_Btn")): Object: 'Object Repository/Canine/Canine_Cases_Btn' is clicked on

2020-05-11 07:32:40 - [MESSAGE][PASSED] - Object: 'Object Repository/Canine/Canine_Cases_Btn' is clicked on

2020-05-11 07:32:40 - [TEST_STEP][PASSED] - click(findTestObject("Object Repository/Canine/Filter/Breed/BREED_Ddn")): Object: 'Object Repository/Canine/Filter/Breed/BREED_Ddn' is clicked on

2020-05-11 07:32:42 - [MESSAGE][PASSED] - Object: 'Object Repository/Canine/Filter/Breed/BREED_Ddn' is clicked on

2020-05-11 07:32:42 - [TEST_STEP][PASSED] - click(findTestObject("Object Repository/Canine/Filter/Breed/BorderCol_Chkbx")): Object: 'Object Repository/Canine/Filter/Breed/BorderCol_Chkbx' is clicked on

2020-05-11 07:32:43 - [MESSAGE][PASSED] - Object: 'Object Repository/Canine/Filter/Breed/BorderCol_Chkbx' is clicked on

2020-05-11 07:32:43 - [TEST_STEP][PASSED] - ctdc.utilities.runtestcaseforKatalon.ReadCasesTableKatalon("Object Repository/Canine/Canine_CasesTable", "Object Repository/Canine/Canine_TableHeader", "Object Repository/Canine/Canine_NextBtn"): ctdc.utilities.runtestcaseforKatalon.ReadCasesTableKatalon is PASSED

2020-05-11 07:32:44 - [MESSAGE][PASSED] - ctdc.utilities.runtestcaseforKatalon.ReadCasesTableKatalon is PASSED

2020-05-11 07:32:44 - [TEST_STEP][PASSED] - ctdc.utilities.ReadExcel.Neo4j(): ctdc.utilities.ReadExcel.Neo4j is PASSED

2020-05-11 07:32:48 - [MESSAGE][PASSED] - ctdc.utilities.ReadExcel.Neo4j is PASSED

2020-05-11 07:32:48 - [TEST_STEP][PASSED] - ctdc.utilities.runtestcaseforKatalon.compareLists(): ctdc.utilities.runtestcaseforKatalon.compareLists is PASSED

2020-05-11 07:32:48 - [MESSAGE][PASSED] - ctdc.utilities.runtestcaseforKatalon.compareLists is PASSED

2020-05-11 07:32:50 - [TEST_STEP][PASSED] - Video: Video recording for test case 'Test Cases/Breed/TC09_Canine_Filter_Breed-BorderCol' .

2020-05-11 07:32:50 - [MESSAGE][INFO] - Video recording for test case 'Test Cases/Breed/TC09_Canine_Filter_Breed-BorderCol' .
[[ATTACHMENT|C:\\Users\\radhakrishnang2\\Desktop\\DataCommons_Automation\\ICDC_Automation\\Reports\\20200511_072955\\TrialSuite\\20200511_072955/videos\\test_9.avi]]]]></system-out>
         <system-err><![CDATA[]]></system-err>
      </testcase>
      <testcase name="Test Cases/Breed/TC10_Canine_Filter_Breed-Bouvier" time="17.192" classname="Test Cases/Breed/TC10_Canine_Filter_Breed-Bouvier" status="PASSED">
         <system-out><![CDATA[2020-05-11 07:32:50 - [TEST_CASE][PASSED] - Test Cases/Breed/TC10_Canine_Filter_Breed-Bouvier: Test Cases/Breed/TC10_Canine_Filter_Breed-Bouvier

2020-05-11 07:32:50 - [TEST_STEP][PASSED] - openBrowser(""): Browser is opened with url: ''

2020-05-11 07:32:50 - [MESSAGE][WARNING] - A browser is already opened. Closing browser and opening a new one

2020-05-11 07:32:51 - [MESSAGE][INFO] - Starting 'Firefox (headless)' driver

2020-05-11 07:32:54 - [MESSAGE][PASSED] - Browser is opened with url: ''

2020-05-11 07:32:54 - [TEST_STEP][PASSED] - ctdc.utilities.runtestcaseforKatalon.browserDriver(""): ctdc.utilities.runtestcaseforKatalon.browserDriver is PASSED

2020-05-11 07:32:54 - [MESSAGE][PASSED] - ctdc.utilities.runtestcaseforKatalon.browserDriver is PASSED

2020-05-11 07:32:54 - [TEST_STEP][PASSED] - ctdc.utilities.runtestcaseforKatalon.RunKatalon("TC10_Canine_Filter_Breed-Bouvier.xlsx"): Data loaded from input file for the test case. 

2020-05-11 07:32:54 - [MESSAGE][PASSED] - Test case file loaded This is the full filepath after converting to string :C:\Users\radhakrishnang2\Desktop\DataCommons_Automation\ICDC_Automation\InputFiles\TC10_Canine_Filter_Breed-Bouvier.xlsx

2020-05-11 07:32:54 - [MESSAGE][INFO] - Global variable set for password file is :  C:\Users\radhakrishnang2\Desktop\DataCommons_Automation\ICDC_Automation\InputFiles\TC10_Canine_Filter_Breed-Bouvier.xlsx

2020-05-11 07:32:54 - [MESSAGE][PASSED] - Data loaded from input file for the test case. 

2020-05-11 07:32:58 - [TEST_STEP][PASSED] - click(findTestObject("Object Repository/Canine/Canine_Cases_Btn")): Object: 'Object Repository/Canine/Canine_Cases_Btn' is clicked on

2020-05-11 07:32:58 - [MESSAGE][PASSED] - Object: 'Object Repository/Canine/Canine_Cases_Btn' is clicked on

2020-05-11 07:32:58 - [TEST_STEP][PASSED] - click(findTestObject("Object Repository/Canine/Filter/Breed/BREED_Ddn")): Object: 'Object Repository/Canine/Filter/Breed/BREED_Ddn' is clicked on

2020-05-11 07:33:00 - [MESSAGE][PASSED] - Object: 'Object Repository/Canine/Filter/Breed/BREED_Ddn' is clicked on

2020-05-11 07:33:00 - [TEST_STEP][PASSED] - click(findTestObject("Object Repository/Canine/Filter/Breed/Bouvier_Chkbx")): Object: 'Object Repository/Canine/Filter/Breed/Bouvier_Chkbx' is clicked on

2020-05-11 07:33:00 - [MESSAGE][PASSED] - Object: 'Object Repository/Canine/Filter/Breed/Bouvier_Chkbx' is clicked on

2020-05-11 07:33:00 - [TEST_STEP][PASSED] - ctdc.utilities.runtestcaseforKatalon.ReadCasesTableKatalon("Object Repository/Canine/Canine_CasesTable", "Object Repository/Canine/Canine_TableHeader", "Object Repository/Canine/Canine_NextBtn"): ctdc.utilities.runtestcaseforKatalon.ReadCasesTableKatalon is PASSED

2020-05-11 07:33:01 - [MESSAGE][PASSED] - ctdc.utilities.runtestcaseforKatalon.ReadCasesTableKatalon is PASSED

2020-05-11 07:33:01 - [TEST_STEP][PASSED] - ctdc.utilities.ReadExcel.Neo4j(): ctdc.utilities.ReadExcel.Neo4j is PASSED

2020-05-11 07:33:05 - [MESSAGE][PASSED] - ctdc.utilities.ReadExcel.Neo4j is PASSED

2020-05-11 07:33:05 - [TEST_STEP][PASSED] - ctdc.utilities.runtestcaseforKatalon.compareLists(): ctdc.utilities.runtestcaseforKatalon.compareLists is PASSED

2020-05-11 07:33:05 - [MESSAGE][PASSED] - ctdc.utilities.runtestcaseforKatalon.compareLists is PASSED

2020-05-11 07:33:07 - [TEST_STEP][PASSED] - Video: Video recording for test case 'Test Cases/Breed/TC10_Canine_Filter_Breed-Bouvier' .

2020-05-11 07:33:07 - [MESSAGE][INFO] - Video recording for test case 'Test Cases/Breed/TC10_Canine_Filter_Breed-Bouvier' .
[[ATTACHMENT|C:\\Users\\radhakrishnang2\\Desktop\\DataCommons_Automation\\ICDC_Automation\\Reports\\20200511_072955\\TrialSuite\\20200511_072955/videos\\test_10.avi]]]]></system-out>
         <system-err><![CDATA[]]></system-err>
      </testcase>
      <testcase name="Test Cases/Breed/TC11_Canine_Filter_Breed-Boxer" time="24.185" classname="Test Cases/Breed/TC11_Canine_Filter_Breed-Boxer" status="PASSED">
         <system-out><![CDATA[2020-05-11 07:33:07 - [TEST_CASE][PASSED] - Test Cases/Breed/TC11_Canine_Filter_Breed-Boxer: Test Cases/Breed/TC11_Canine_Filter_Breed-Boxer

2020-05-11 07:33:07 - [TEST_STEP][PASSED] - openBrowser(""): Browser is opened with url: ''

2020-05-11 07:33:07 - [MESSAGE][WARNING] - A browser is already opened. Closing browser and opening a new one

2020-05-11 07:33:09 - [MESSAGE][INFO] - Starting 'Firefox (headless)' driver

2020-05-11 07:33:14 - [MESSAGE][PASSED] - Browser is opened with url: ''

2020-05-11 07:33:14 - [TEST_STEP][PASSED] - ctdc.utilities.runtestcaseforKatalon.browserDriver(""): ctdc.utilities.runtestcaseforKatalon.browserDriver is PASSED

2020-05-11 07:33:14 - [MESSAGE][PASSED] - ctdc.utilities.runtestcaseforKatalon.browserDriver is PASSED

2020-05-11 07:33:14 - [TEST_STEP][PASSED] - ctdc.utilities.runtestcaseforKatalon.RunKatalon("TC11_Canine_Filter_Breed-Boxer.xlsx"): Data loaded from input file for the test case. 

2020-05-11 07:33:14 - [MESSAGE][PASSED] - Test case file loaded This is the full filepath after converting to string :C:\Users\radhakrishnang2\Desktop\DataCommons_Automation\ICDC_Automation\InputFiles\TC11_Canine_Filter_Breed-Boxer.xlsx

2020-05-11 07:33:14 - [MESSAGE][INFO] - Global variable set for password file is :  C:\Users\radhakrishnang2\Desktop\DataCommons_Automation\ICDC_Automation\InputFiles\TC11_Canine_Filter_Breed-Boxer.xlsx

2020-05-11 07:33:14 - [MESSAGE][PASSED] - Data loaded from input file for the test case. 

2020-05-11 07:33:17 - [TEST_STEP][PASSED] - click(findTestObject("Object Repository/Canine/Canine_Cases_Btn")): Object: 'Object Repository/Canine/Canine_Cases_Btn' is clicked on

2020-05-11 07:33:18 - [MESSAGE][PASSED] - Object: 'Object Repository/Canine/Canine_Cases_Btn' is clicked on

2020-05-11 07:33:18 - [TEST_STEP][PASSED] - click(findTestObject("Object Repository/Canine/Filter/Breed/BREED_Ddn")): Object: 'Object Repository/Canine/Filter/Breed/BREED_Ddn' is clicked on

2020-05-11 07:33:20 - [MESSAGE][PASSED] - Object: 'Object Repository/Canine/Filter/Breed/BREED_Ddn' is clicked on

2020-05-11 07:33:20 - [TEST_STEP][PASSED] - click(findTestObject("Object Repository/Canine/Filter/Breed/Boxer_Chkbx")): Object: 'Object Repository/Canine/Filter/Breed/Boxer_Chkbx' is clicked on

2020-05-11 07:33:21 - [MESSAGE][PASSED] - Object: 'Object Repository/Canine/Filter/Breed/Boxer_Chkbx' is clicked on

2020-05-11 07:33:21 - [TEST_STEP][PASSED] - ctdc.utilities.runtestcaseforKatalon.ReadCasesTableKatalon("Object Repository/Canine/Canine_CasesTable", "Object Repository/Canine/Canine_TableHeader", "Object Repository/Canine/Canine_NextBtn"): ctdc.utilities.runtestcaseforKatalon.ReadCasesTableKatalon is PASSED

2020-05-11 07:33:25 - [MESSAGE][PASSED] - ctdc.utilities.runtestcaseforKatalon.ReadCasesTableKatalon is PASSED

2020-05-11 07:33:25 - [TEST_STEP][PASSED] - ctdc.utilities.ReadExcel.Neo4j(): ctdc.utilities.ReadExcel.Neo4j is PASSED

2020-05-11 07:33:29 - [MESSAGE][PASSED] - ctdc.utilities.ReadExcel.Neo4j is PASSED

2020-05-11 07:33:29 - [TEST_STEP][PASSED] - ctdc.utilities.runtestcaseforKatalon.compareLists(): ctdc.utilities.runtestcaseforKatalon.compareLists is PASSED

2020-05-11 07:33:29 - [MESSAGE][PASSED] - ctdc.utilities.runtestcaseforKatalon.compareLists is PASSED

2020-05-11 07:33:31 - [TEST_STEP][PASSED] - Video: Video recording for test case 'Test Cases/Breed/TC11_Canine_Filter_Breed-Boxer' .

2020-05-11 07:33:31 - [MESSAGE][INFO] - Video recording for test case 'Test Cases/Breed/TC11_Canine_Filter_Breed-Boxer' .
[[ATTACHMENT|C:\\Users\\radhakrishnang2\\Desktop\\DataCommons_Automation\\ICDC_Automation\\Reports\\20200511_072955\\TrialSuite\\20200511_072955/videos\\test_11.avi]]]]></system-out>
         <system-err><![CDATA[]]></system-err>
      </testcase>
      <testcase name="Test Cases/Breed/TC12_Canine_Filter_Breed-BullMastif" time="24.162" classname="Test Cases/Breed/TC12_Canine_Filter_Breed-BullMastif" status="PASSED">
         <system-out><![CDATA[2020-05-11 07:33:31 - [TEST_CASE][PASSED] - Test Cases/Breed/TC12_Canine_Filter_Breed-BullMastif: Test Cases/Breed/TC12_Canine_Filter_Breed-BullMastif

2020-05-11 07:33:32 - [TEST_STEP][PASSED] - openBrowser(""): Browser is opened with url: ''

2020-05-11 07:33:32 - [MESSAGE][WARNING] - A browser is already opened. Closing browser and opening a new one

2020-05-11 07:33:34 - [MESSAGE][INFO] - Starting 'Firefox (headless)' driver

2020-05-11 07:33:39 - [MESSAGE][PASSED] - Browser is opened with url: ''

2020-05-11 07:33:39 - [TEST_STEP][PASSED] - ctdc.utilities.runtestcaseforKatalon.browserDriver(""): ctdc.utilities.runtestcaseforKatalon.browserDriver is PASSED

2020-05-11 07:33:39 - [MESSAGE][PASSED] - ctdc.utilities.runtestcaseforKatalon.browserDriver is PASSED

2020-05-11 07:33:39 - [TEST_STEP][PASSED] - ctdc.utilities.runtestcaseforKatalon.RunKatalon("TC12_Canine_Filter_Breed-BullMastif.xlsx"): Data loaded from input file for the test case. 

2020-05-11 07:33:39 - [MESSAGE][PASSED] - Test case file loaded This is the full filepath after converting to string :C:\Users\radhakrishnang2\Desktop\DataCommons_Automation\ICDC_Automation\InputFiles\TC12_Canine_Filter_Breed-BullMastif.xlsx

2020-05-11 07:33:39 - [MESSAGE][INFO] - Global variable set for password file is :  C:\Users\radhakrishnang2\Desktop\DataCommons_Automation\ICDC_Automation\InputFiles\TC12_Canine_Filter_Breed-BullMastif.xlsx

2020-05-11 07:33:39 - [MESSAGE][PASSED] - Data loaded from input file for the test case. 

2020-05-11 07:33:44 - [TEST_STEP][PASSED] - click(findTestObject("Object Repository/Canine/Canine_Cases_Btn")): Object: 'Object Repository/Canine/Canine_Cases_Btn' is clicked on

2020-05-11 07:33:44 - [MESSAGE][PASSED] - Object: 'Object Repository/Canine/Canine_Cases_Btn' is clicked on

2020-05-11 07:33:44 - [TEST_STEP][PASSED] - click(findTestObject("Object Repository/Canine/Filter/Breed/BREED_Ddn")): Object: 'Object Repository/Canine/Filter/Breed/BREED_Ddn' is clicked on

2020-05-11 07:33:47 - [MESSAGE][PASSED] - Object: 'Object Repository/Canine/Filter/Breed/BREED_Ddn' is clicked on

2020-05-11 07:33:47 - [TEST_STEP][PASSED] - click(findTestObject("Object Repository/Canine/Filter/Breed/Bullmastif_Chkbx")): Object: 'Object Repository/Canine/Filter/Breed/Bullmastif_Chkbx' is clicked on

2020-05-11 07:33:48 - [MESSAGE][PASSED] - Object: 'Object Repository/Canine/Filter/Breed/Bullmastif_Chkbx' is clicked on

2020-05-11 07:33:48 - [TEST_STEP][PASSED] - ctdc.utilities.runtestcaseforKatalon.ReadCasesTableKatalon("Object Repository/Canine/Canine_CasesTable", "Object Repository/Canine/Canine_TableHeader", "Object Repository/Canine/Canine_NextBtn"): ctdc.utilities.runtestcaseforKatalon.ReadCasesTableKatalon is PASSED

2020-05-11 07:33:50 - [MESSAGE][PASSED] - ctdc.utilities.runtestcaseforKatalon.ReadCasesTableKatalon is PASSED

2020-05-11 07:33:50 - [TEST_STEP][PASSED] - ctdc.utilities.ReadExcel.Neo4j(): ctdc.utilities.ReadExcel.Neo4j is PASSED

2020-05-11 07:33:53 - [MESSAGE][PASSED] - ctdc.utilities.ReadExcel.Neo4j is PASSED

2020-05-11 07:33:53 - [TEST_STEP][PASSED] - ctdc.utilities.runtestcaseforKatalon.compareLists(): ctdc.utilities.runtestcaseforKatalon.compareLists is PASSED

2020-05-11 07:33:53 - [MESSAGE][PASSED] - ctdc.utilities.runtestcaseforKatalon.compareLists is PASSED

2020-05-11 07:33:55 - [TEST_STEP][PASSED] - Video: Video recording for test case 'Test Cases/Breed/TC12_Canine_Filter_Breed-BullMastif' .

2020-05-11 07:33:55 - [MESSAGE][INFO] - Video recording for test case 'Test Cases/Breed/TC12_Canine_Filter_Breed-BullMastif' .
[[ATTACHMENT|C:\\Users\\radhakrishnang2\\Desktop\\DataCommons_Automation\\ICDC_Automation\\Reports\\20200511_072955\\TrialSuite\\20200511_072955/videos\\test_12.avi]]]]></system-out>
         <system-err><![CDATA[]]></system-err>
      </testcase>
      <testcase name="Test Cases/Breed/TC13_Canine_Filter_Breed-CavalierKing" time="22.661" classname="Test Cases/Breed/TC13_Canine_Filter_Breed-CavalierKing" status="PASSED">
         <system-out><![CDATA[2020-05-11 07:33:55 - [TEST_CASE][PASSED] - Test Cases/Breed/TC13_Canine_Filter_Breed-CavalierKing: Test Cases/Breed/TC13_Canine_Filter_Breed-CavalierKing

2020-05-11 07:33:56 - [TEST_STEP][PASSED] - openBrowser(""): Browser is opened with url: ''

2020-05-11 07:33:56 - [MESSAGE][WARNING] - A browser is already opened. Closing browser and opening a new one

2020-05-11 07:33:58 - [MESSAGE][INFO] - Starting 'Firefox (headless)' driver

2020-05-11 07:34:03 - [MESSAGE][PASSED] - Browser is opened with url: ''

2020-05-11 07:34:03 - [TEST_STEP][PASSED] - ctdc.utilities.runtestcaseforKatalon.browserDriver(""): ctdc.utilities.runtestcaseforKatalon.browserDriver is PASSED

2020-05-11 07:34:03 - [MESSAGE][PASSED] - ctdc.utilities.runtestcaseforKatalon.browserDriver is PASSED

2020-05-11 07:34:03 - [TEST_STEP][PASSED] - ctdc.utilities.runtestcaseforKatalon.RunKatalon("TC13_Canine_Filter_Breed-CavalierKing.xlsx"): Data loaded from input file for the test case. 

2020-05-11 07:34:03 - [MESSAGE][PASSED] - Test case file loaded This is the full filepath after converting to string :C:\Users\radhakrishnang2\Desktop\DataCommons_Automation\ICDC_Automation\InputFiles\TC13_Canine_Filter_Breed-CavalierKing.xlsx

2020-05-11 07:34:03 - [MESSAGE][INFO] - Global variable set for password file is :  C:\Users\radhakrishnang2\Desktop\DataCommons_Automation\ICDC_Automation\InputFiles\TC13_Canine_Filter_Breed-CavalierKing.xlsx

2020-05-11 07:34:03 - [MESSAGE][PASSED] - Data loaded from input file for the test case. 

2020-05-11 07:34:07 - [TEST_STEP][PASSED] - click(findTestObject("Object Repository/Canine/Canine_Cases_Btn")): Object: 'Object Repository/Canine/Canine_Cases_Btn' is clicked on

2020-05-11 07:34:07 - [MESSAGE][PASSED] - Object: 'Object Repository/Canine/Canine_Cases_Btn' is clicked on

2020-05-11 07:34:07 - [TEST_STEP][PASSED] - click(findTestObject("Object Repository/Canine/Filter/Breed/BREED_Ddn")): Object: 'Object Repository/Canine/Filter/Breed/BREED_Ddn' is clicked on

2020-05-11 07:34:10 - [MESSAGE][PASSED] - Object: 'Object Repository/Canine/Filter/Breed/BREED_Ddn' is clicked on

2020-05-11 07:34:10 - [TEST_STEP][PASSED] - click(findTestObject("Object Repository/Canine/Filter/Breed/CavalierKing_Chkbx")): Object: 'Object Repository/Canine/Filter/Breed/CavalierKing_Chkbx' is clicked on

2020-05-11 07:34:11 - [MESSAGE][PASSED] - Object: 'Object Repository/Canine/Filter/Breed/CavalierKing_Chkbx' is clicked on

2020-05-11 07:34:11 - [TEST_STEP][PASSED] - ctdc.utilities.runtestcaseforKatalon.ReadCasesTableKatalon("Object Repository/Canine/Canine_CasesTable", "Object Repository/Canine/Canine_TableHeader", "Object Repository/Canine/Canine_NextBtn"): ctdc.utilities.runtestcaseforKatalon.ReadCasesTableKatalon is PASSED

2020-05-11 07:34:12 - [MESSAGE][PASSED] - ctdc.utilities.runtestcaseforKatalon.ReadCasesTableKatalon is PASSED

2020-05-11 07:34:12 - [TEST_STEP][PASSED] - ctdc.utilities.ReadExcel.Neo4j(): ctdc.utilities.ReadExcel.Neo4j is PASSED

2020-05-11 07:34:16 - [MESSAGE][PASSED] - ctdc.utilities.ReadExcel.Neo4j is PASSED

2020-05-11 07:34:16 - [TEST_STEP][PASSED] - ctdc.utilities.runtestcaseforKatalon.compareLists(): ctdc.utilities.runtestcaseforKatalon.compareLists is PASSED

2020-05-11 07:34:16 - [MESSAGE][PASSED] - ctdc.utilities.runtestcaseforKatalon.compareLists is PASSED

2020-05-11 07:34:18 - [TEST_STEP][PASSED] - Video: Video recording for test case 'Test Cases/Breed/TC13_Canine_Filter_Breed-CavalierKing' .

2020-05-11 07:34:18 - [MESSAGE][INFO] - Video recording for test case 'Test Cases/Breed/TC13_Canine_Filter_Breed-CavalierKing' .
[[ATTACHMENT|C:\\Users\\radhakrishnang2\\Desktop\\DataCommons_Automation\\ICDC_Automation\\Reports\\20200511_072955\\TrialSuite\\20200511_072955/videos\\test_13.avi]]]]></system-out>
         <system-err><![CDATA[]]></system-err>
      </testcase>
      <testcase name="Test Cases/Breed/TC14_Canine_Filter_Breed-Chesapeake" time="48.94" classname="Test Cases/Breed/TC14_Canine_Filter_Breed-Chesapeake" status="FAILED">
         <failure type="FAILED" message="Test Cases/Breed/TC14_Canine_Filter_Breed-Chesapeake FAILED.
Reason:
com.kms.katalon.core.exception.StepFailedException: Unable to click on object 'Object Repository/Canine/Filter/Breed/Chesapeake_Chkbx'
	at com.kms.katalon.core.webui.keyword.internal.WebUIKeywordMain.stepFailed(WebUIKeywordMain.groovy:64)
	at com.kms.katalon.core.webui.keyword.internal.WebUIKeywordMain.runKeyword(WebUIKeywordMain.groovy:26)
	at com.kms.katalon.core.webui.keyword.builtin.ClickKeyword.click(ClickKeyword.groovy:76)
	at com.kms.katalon.core.webui.keyword.builtin.ClickKeyword.execute(ClickKeyword.groovy:43)
	at com.kms.katalon.core.keyword.internal.KeywordExecutor.executeKeywordForPlatform(KeywordExecutor.groovy:72)
	at com.kms.katalon.core.webui.keyword.WebUiBuiltInKeywords.click(WebUiBuiltInKeywords.groovy:616)
	at com.kms.katalon.core.webui.keyword.WebUiBuiltInKeywords$click$0.call(Unknown Source)
	at TC14_Canine_Filter_Breed-Chesapeake.run(TC14_Canine_Filter_Breed-Chesapeake:51)
	at com.kms.katalon.core.main.ScriptEngine.run(ScriptEngine.java:194)
	at com.kms.katalon.core.main.ScriptEngine.runScriptAsRawText(ScriptEngine.java:119)
	at com.kms.katalon.core.main.TestCaseExecutor.runScript(TestCaseExecutor.java:337)
	at com.kms.katalon.core.main.TestCaseExecutor.doExecute(TestCaseExecutor.java:328)
	at com.kms.katalon.core.main.TestCaseExecutor.processExecutionPhase(TestCaseExecutor.java:307)
	at com.kms.katalon.core.main.TestCaseExecutor.accessMainPhase(TestCaseExecutor.java:299)
	at com.kms.katalon.core.main.TestCaseExecutor.execute(TestCaseExecutor.java:233)
	at com.kms.katalon.core.main.TestSuiteExecutor.accessTestCaseMainPhase(TestSuiteExecutor.java:169)
	at com.kms.katalon.core.main.TestSuiteExecutor.accessTestSuiteMainPhase(TestSuiteExecutor.java:142)
	at com.kms.katalon.core.main.TestSuiteExecutor.execute(TestSuiteExecutor.java:91)
	at com.kms.katalon.core.main.TestCaseMain.startTestSuite(TestCaseMain.java:157)
	at com.kms.katalon.core.main.TestCaseMain$startTestSuite$0.call(Unknown Source)
	at TempTestSuite1589207395686.run(TempTestSuite1589207395686.groovy:36)
Caused by: com.kms.katalon.core.webui.exception.WebElementNotFoundException: Web element with id: 'Object Repository/Canine/Filter/Breed/Chesapeake_Chkbx' located by 'By.xpath: ' not found
	at com.kms.katalon.core.webui.common.WebUiCommonHelper.findWebElement(WebUiCommonHelper.java:1154)
	at com.kms.katalon.core.webui.keyword.internal.WebUIAbstractKeyword.findWebElement(WebUIAbstractKeyword.groovy:27)
	at com.kms.katalon.core.webui.keyword.internal.WebUIAbstractKeyword.findWebElement(WebUIAbstractKeyword.groovy:26)
	at com.kms.katalon.core.webui.keyword.builtin.ClickKeyword$_click_closure1.doCall(ClickKeyword.groovy:67)
	at com.kms.katalon.core.webui.keyword.builtin.ClickKeyword$_click_closure1.call(ClickKeyword.groovy)
	at com.kms.katalon.core.webui.keyword.internal.WebUIKeywordMain.runKeyword(WebUIKeywordMain.groovy:20)
	... 19 more
"/>
         <system-out><![CDATA[2020-05-11 07:34:18 - [TEST_CASE][FAILED] - Test Cases/Breed/TC14_Canine_Filter_Breed-Chesapeake: Test Cases/Breed/TC14_Canine_Filter_Breed-Chesapeake FAILED.
Reason:
com.kms.katalon.core.exception.StepFailedException: Unable to click on object 'Object Repository/Canine/Filter/Breed/Chesapeake_Chkbx'
	at com.kms.katalon.core.webui.keyword.internal.WebUIKeywordMain.stepFailed(WebUIKeywordMain.groovy:64)
	at com.kms.katalon.core.webui.keyword.internal.WebUIKeywordMain.runKeyword(WebUIKeywordMain.groovy:26)
	at com.kms.katalon.core.webui.keyword.builtin.ClickKeyword.click(ClickKeyword.groovy:76)
	at com.kms.katalon.core.webui.keyword.builtin.ClickKeyword.execute(ClickKeyword.groovy:43)
	at com.kms.katalon.core.keyword.internal.KeywordExecutor.executeKeywordForPlatform(KeywordExecutor.groovy:72)
	at com.kms.katalon.core.webui.keyword.WebUiBuiltInKeywords.click(WebUiBuiltInKeywords.groovy:616)
	at com.kms.katalon.core.webui.keyword.WebUiBuiltInKeywords$click$0.call(Unknown Source)
	at TC14_Canine_Filter_Breed-Chesapeake.run(TC14_Canine_Filter_Breed-Chesapeake:51)
	at com.kms.katalon.core.main.ScriptEngine.run(ScriptEngine.java:194)
	at com.kms.katalon.core.main.ScriptEngine.runScriptAsRawText(ScriptEngine.java:119)
	at com.kms.katalon.core.main.TestCaseExecutor.runScript(TestCaseExecutor.java:337)
	at com.kms.katalon.core.main.TestCaseExecutor.doExecute(TestCaseExecutor.java:328)
	at com.kms.katalon.core.main.TestCaseExecutor.processExecutionPhase(TestCaseExecutor.java:307)
	at com.kms.katalon.core.main.TestCaseExecutor.accessMainPhase(TestCaseExecutor.java:299)
	at com.kms.katalon.core.main.TestCaseExecutor.execute(TestCaseExecutor.java:233)
	at com.kms.katalon.core.main.TestSuiteExecutor.accessTestCaseMainPhase(TestSuiteExecutor.java:169)
	at com.kms.katalon.core.main.TestSuiteExecutor.accessTestSuiteMainPhase(TestSuiteExecutor.java:142)
	at com.kms.katalon.core.main.TestSuiteExecutor.execute(TestSuiteExecutor.java:91)
	at com.kms.katalon.core.main.TestCaseMain.startTestSuite(TestCaseMain.java:157)
	at com.kms.katalon.core.main.TestCaseMain$startTestSuite$0.call(Unknown Source)
	at TempTestSuite1589207395686.run(TempTestSuite1589207395686.groovy:36)
Caused by: com.kms.katalon.core.webui.exception.WebElementNotFoundException: Web element with id: 'Object Repository/Canine/Filter/Breed/Chesapeake_Chkbx' located by 'By.xpath: ' not found
	at com.kms.katalon.core.webui.common.WebUiCommonHelper.findWebElement(WebUiCommonHelper.java:1154)
	at com.kms.katalon.core.webui.keyword.internal.WebUIAbstractKeyword.findWebElement(WebUIAbstractKeyword.groovy:27)
	at com.kms.katalon.core.webui.keyword.internal.WebUIAbstractKeyword.findWebElement(WebUIAbstractKeyword.groovy:26)
	at com.kms.katalon.core.webui.keyword.builtin.ClickKeyword$_click_closure1.doCall(ClickKeyword.groovy:67)
	at com.kms.katalon.core.webui.keyword.builtin.ClickKeyword$_click_closure1.call(ClickKeyword.groovy)
	at com.kms.katalon.core.webui.keyword.internal.WebUIKeywordMain.runKeyword(WebUIKeywordMain.groovy:20)
	... 19 more


2020-05-11 07:34:19 - [TEST_STEP][PASSED] - openBrowser(""): Browser is opened with url: ''

2020-05-11 07:34:19 - [MESSAGE][WARNING] - A browser is already opened. Closing browser and opening a new one

2020-05-11 07:34:21 - [MESSAGE][INFO] - Starting 'Firefox (headless)' driver

2020-05-11 07:34:26 - [MESSAGE][PASSED] - Browser is opened with url: ''

2020-05-11 07:34:26 - [TEST_STEP][PASSED] - ctdc.utilities.runtestcaseforKatalon.browserDriver(""): ctdc.utilities.runtestcaseforKatalon.browserDriver is PASSED

2020-05-11 07:34:26 - [MESSAGE][PASSED] - ctdc.utilities.runtestcaseforKatalon.browserDriver is PASSED

2020-05-11 07:34:26 - [TEST_STEP][PASSED] - ctdc.utilities.runtestcaseforKatalon.RunKatalon("TC14_Canine_Filter_Breed-Chesapeake.xlsx"): Data loaded from input file for the test case. 

2020-05-11 07:34:26 - [MESSAGE][PASSED] - Test case file loaded This is the full filepath after converting to string :C:\Users\radhakrishnang2\Desktop\DataCommons_Automation\ICDC_Automation\InputFiles\TC14_Canine_Filter_Breed-Chesapeake.xlsx

2020-05-11 07:34:26 - [MESSAGE][INFO] - Global variable set for password file is :  C:\Users\radhakrishnang2\Desktop\DataCommons_Automation\ICDC_Automation\InputFiles\TC14_Canine_Filter_Breed-Chesapeake.xlsx

2020-05-11 07:34:26 - [MESSAGE][PASSED] - Data loaded from input file for the test case. 

2020-05-11 07:34:30 - [TEST_STEP][PASSED] - click(findTestObject("Object Repository/Canine/Canine_Cases_Btn")): Object: 'Object Repository/Canine/Canine_Cases_Btn' is clicked on

2020-05-11 07:34:30 - [MESSAGE][PASSED] - Object: 'Object Repository/Canine/Canine_Cases_Btn' is clicked on

2020-05-11 07:34:30 - [TEST_STEP][PASSED] - click(findTestObject("Object Repository/Canine/Filter/Breed/BREED_Ddn")): Object: 'Object Repository/Canine/Filter/Breed/BREED_Ddn' is clicked on

2020-05-11 07:34:33 - [MESSAGE][PASSED] - Object: 'Object Repository/Canine/Filter/Breed/BREED_Ddn' is clicked on

2020-05-11 07:34:33 - [TEST_STEP][FAILED] - click(findTestObject("Object Repository/Canine/Filter/Breed/Chesapeake_Chkbx")): Unable to click on object 'Object Repository/Canine/Filter/Breed/Chesapeake_Chkbx' (Root cause: com.kms.katalon.core.exception.StepFailedException: Unable to click on object 'Object Repository/Canine/Filter/Breed/Chesapeake_Chkbx'
	at com.kms.katalon.core.webui.keyword.internal.WebUIKeywordMain.stepFailed(WebUIKeywordMain.groovy:64)
	at com.kms.katalon.core.webui.keyword.internal.WebUIKeywordMain.runKeyword(WebUIKeywordMain.groovy:26)
	at com.kms.katalon.core.webui.keyword.builtin.ClickKeyword.click(ClickKeyword.groovy:76)
	at com.kms.katalon.core.webui.keyword.builtin.ClickKeyword.execute(ClickKeyword.groovy:43)
	at com.kms.katalon.core.keyword.internal.KeywordExecutor.executeKeywordForPlatform(KeywordExecutor.groovy:72)
	at com.kms.katalon.core.webui.keyword.WebUiBuiltInKeywords.click(WebUiBuiltInKeywords.groovy:616)
	at com.kms.katalon.core.webui.keyword.WebUiBuiltInKeywords$click$0.call(Unknown Source)
	at TC14_Canine_Filter_Breed-Chesapeake.run(TC14_Canine_Filter_Breed-Chesapeake:51)
	at com.kms.katalon.core.main.ScriptEngine.run(ScriptEngine.java:194)
	at com.kms.katalon.core.main.ScriptEngine.runScriptAsRawText(ScriptEngine.java:119)
	at com.kms.katalon.core.main.TestCaseExecutor.runScript(TestCaseExecutor.java:337)
	at com.kms.katalon.core.main.TestCaseExecutor.doExecute(TestCaseExecutor.java:328)
	at com.kms.katalon.core.main.TestCaseExecutor.processExecutionPhase(TestCaseExecutor.java:307)
	at com.kms.katalon.core.main.TestCaseExecutor.accessMainPhase(TestCaseExecutor.java:299)
	at com.kms.katalon.core.main.TestCaseExecutor.execute(TestCaseExecutor.java:233)
	at com.kms.katalon.core.main.TestSuiteExecutor.accessTestCaseMainPhase(TestSuiteExecutor.java:169)
	at com.kms.katalon.core.main.TestSuiteExecutor.accessTestSuiteMainPhase(TestSuiteExecutor.java:142)
	at com.kms.katalon.core.main.TestSuiteExecutor.execute(TestSuiteExecutor.java:91)
	at com.kms.katalon.core.main.TestCaseMain.startTestSuite(TestCaseMain.java:157)
	at com.kms.katalon.core.main.TestCaseMain$startTestSuite$0.call(Unknown Source)
	at TempTestSuite1589207395686.run(TempTestSuite1589207395686.groovy:36)
Caused by: com.kms.katalon.core.webui.exception.WebElementNotFoundException: Web element with id: 'Object Repository/Canine/Filter/Breed/Chesapeake_Chkbx' located by 'By.xpath: ' not found
	at com.kms.katalon.core.webui.common.WebUiCommonHelper.findWebElement(WebUiCommonHelper.java:1154)
	at com.kms.katalon.core.webui.keyword.internal.WebUIAbstractKeyword.findWebElement(WebUIAbstractKeyword.groovy:27)
	at com.kms.katalon.core.webui.keyword.internal.WebUIAbstractKeyword.findWebElement(WebUIAbstractKeyword.groovy:26)
	at com.kms.katalon.core.webui.keyword.builtin.ClickKeyword$_click_closure1.doCall(ClickKeyword.groovy:67)
	at com.kms.katalon.core.webui.keyword.builtin.ClickKeyword$_click_closure1.call(ClickKeyword.groovy)
	at com.kms.katalon.core.webui.keyword.internal.WebUIKeywordMain.runKeyword(WebUIKeywordMain.groovy:20)
	at com.kms.katalon.core.webui.keyword.builtin.ClickKeyword.click(ClickKeyword.groovy:76)
	at com.kms.katalon.core.webui.keyword.builtin.ClickKeyword.execute(ClickKeyword.groovy:43)
	at com.kms.katalon.core.keyword.internal.KeywordExecutor.executeKeywordForPlatform(KeywordExecutor.groovy:72)
	at com.kms.katalon.core.webui.keyword.WebUiBuiltInKeywords.click(WebUiBuiltInKeywords.groovy:616)
	at com.kms.katalon.core.webui.keyword.WebUiBuiltInKeywords$click$0.call(Unknown Source)
	at Script1589137768273.run(Script1589137768273.groovy:51)
	... 13 more
)

2020-05-11 07:35:04 - [MESSAGE][INFO] - Unable to find the element located by 'By.xpath: '. Please recheck the objects properties to make sure the desired element is located. 

2020-05-11 07:35:05 - [MESSAGE][FAILED] - Unable to click on object 'Object Repository/Canine/Filter/Breed/Chesapeake_Chkbx' (Root cause: com.kms.katalon.core.exception.StepFailedException: Unable to click on object 'Object Repository/Canine/Filter/Breed/Chesapeake_Chkbx'
	at com.kms.katalon.core.webui.keyword.internal.WebUIKeywordMain.stepFailed(WebUIKeywordMain.groovy:64)
	at com.kms.katalon.core.webui.keyword.internal.WebUIKeywordMain.runKeyword(WebUIKeywordMain.groovy:26)
	at com.kms.katalon.core.webui.keyword.builtin.ClickKeyword.click(ClickKeyword.groovy:76)
	at com.kms.katalon.core.webui.keyword.builtin.ClickKeyword.execute(ClickKeyword.groovy:43)
	at com.kms.katalon.core.keyword.internal.KeywordExecutor.executeKeywordForPlatform(KeywordExecutor.groovy:72)
	at com.kms.katalon.core.webui.keyword.WebUiBuiltInKeywords.click(WebUiBuiltInKeywords.groovy:616)
	at com.kms.katalon.core.webui.keyword.WebUiBuiltInKeywords$click$0.call(Unknown Source)
	at TC14_Canine_Filter_Breed-Chesapeake.run(TC14_Canine_Filter_Breed-Chesapeake:51)
	at com.kms.katalon.core.main.ScriptEngine.run(ScriptEngine.java:194)
	at com.kms.katalon.core.main.ScriptEngine.runScriptAsRawText(ScriptEngine.java:119)
	at com.kms.katalon.core.main.TestCaseExecutor.runScript(TestCaseExecutor.java:337)
	at com.kms.katalon.core.main.TestCaseExecutor.doExecute(TestCaseExecutor.java:328)
	at com.kms.katalon.core.main.TestCaseExecutor.processExecutionPhase(TestCaseExecutor.java:307)
	at com.kms.katalon.core.main.TestCaseExecutor.accessMainPhase(TestCaseExecutor.java:299)
	at com.kms.katalon.core.main.TestCaseExecutor.execute(TestCaseExecutor.java:233)
	at com.kms.katalon.core.main.TestSuiteExecutor.accessTestCaseMainPhase(TestSuiteExecutor.java:169)
	at com.kms.katalon.core.main.TestSuiteExecutor.accessTestSuiteMainPhase(TestSuiteExecutor.java:142)
	at com.kms.katalon.core.main.TestSuiteExecutor.execute(TestSuiteExecutor.java:91)
	at com.kms.katalon.core.main.TestCaseMain.startTestSuite(TestCaseMain.java:157)
	at com.kms.katalon.core.main.TestCaseMain$startTestSuite$0.call(Unknown Source)
	at TempTestSuite1589207395686.run(TempTestSuite1589207395686.groovy:36)
Caused by: com.kms.katalon.core.webui.exception.WebElementNotFoundException: Web element with id: 'Object Repository/Canine/Filter/Breed/Chesapeake_Chkbx' located by 'By.xpath: ' not found
	at com.kms.katalon.core.webui.common.WebUiCommonHelper.findWebElement(WebUiCommonHelper.java:1154)
	at com.kms.katalon.core.webui.keyword.internal.WebUIAbstractKeyword.findWebElement(WebUIAbstractKeyword.groovy:27)
	at com.kms.katalon.core.webui.keyword.internal.WebUIAbstractKeyword.findWebElement(WebUIAbstractKeyword.groovy:26)
	at com.kms.katalon.core.webui.keyword.builtin.ClickKeyword$_click_closure1.doCall(ClickKeyword.groovy:67)
	at com.kms.katalon.core.webui.keyword.builtin.ClickKeyword$_click_closure1.call(ClickKeyword.groovy)
	at com.kms.katalon.core.webui.keyword.internal.WebUIKeywordMain.runKeyword(WebUIKeywordMain.groovy:20)
	at com.kms.katalon.core.webui.keyword.builtin.ClickKeyword.click(ClickKeyword.groovy:76)
	at com.kms.katalon.core.webui.keyword.builtin.ClickKeyword.execute(ClickKeyword.groovy:43)
	at com.kms.katalon.core.keyword.internal.KeywordExecutor.executeKeywordForPlatform(KeywordExecutor.groovy:72)
	at com.kms.katalon.core.webui.keyword.WebUiBuiltInKeywords.click(WebUiBuiltInKeywords.groovy:616)
	at com.kms.katalon.core.webui.keyword.WebUiBuiltInKeywords$click$0.call(Unknown Source)
	at Script1589137768273.run(Script1589137768273.groovy:51)
	... 13 more
)
[[ATTACHMENT|C:\\Users\\radhakrishnang2\\Desktop\\DataCommons_Automation\\ICDC_Automation\\Reports\\20200511_072955\\TrialSuite\\20200511_072955\\1589207704893.png]]

2020-05-11 07:35:07 - [TEST_STEP][PASSED] - Video: Video recording for test case 'Test Cases/Breed/TC14_Canine_Filter_Breed-Chesapeake' .

2020-05-11 07:35:07 - [MESSAGE][INFO] - Video recording for test case 'Test Cases/Breed/TC14_Canine_Filter_Breed-Chesapeake' .
[[ATTACHMENT|C:\\Users\\radhakrishnang2\\Desktop\\DataCommons_Automation\\ICDC_Automation\\Reports\\20200511_072955\\TrialSuite\\20200511_072955/videos\\test_14.avi]]]]></system-out>
         <system-err><![CDATA[2020-05-11 07:34:18 - [TEST_CASE][FAILED] - Test Cases/Breed/TC14_Canine_Filter_Breed-Chesapeake: Test Cases/Breed/TC14_Canine_Filter_Breed-Chesapeake FAILED.
Reason:
com.kms.katalon.core.exception.StepFailedException: Unable to click on object 'Object Repository/Canine/Filter/Breed/Chesapeake_Chkbx'
	at com.kms.katalon.core.webui.keyword.internal.WebUIKeywordMain.stepFailed(WebUIKeywordMain.groovy:64)
	at com.kms.katalon.core.webui.keyword.internal.WebUIKeywordMain.runKeyword(WebUIKeywordMain.groovy:26)
	at com.kms.katalon.core.webui.keyword.builtin.ClickKeyword.click(ClickKeyword.groovy:76)
	at com.kms.katalon.core.webui.keyword.builtin.ClickKeyword.execute(ClickKeyword.groovy:43)
	at com.kms.katalon.core.keyword.internal.KeywordExecutor.executeKeywordForPlatform(KeywordExecutor.groovy:72)
	at com.kms.katalon.core.webui.keyword.WebUiBuiltInKeywords.click(WebUiBuiltInKeywords.groovy:616)
	at com.kms.katalon.core.webui.keyword.WebUiBuiltInKeywords$click$0.call(Unknown Source)
	at TC14_Canine_Filter_Breed-Chesapeake.run(TC14_Canine_Filter_Breed-Chesapeake:51)
	at com.kms.katalon.core.main.ScriptEngine.run(ScriptEngine.java:194)
	at com.kms.katalon.core.main.ScriptEngine.runScriptAsRawText(ScriptEngine.java:119)
	at com.kms.katalon.core.main.TestCaseExecutor.runScript(TestCaseExecutor.java:337)
	at com.kms.katalon.core.main.TestCaseExecutor.doExecute(TestCaseExecutor.java:328)
	at com.kms.katalon.core.main.TestCaseExecutor.processExecutionPhase(TestCaseExecutor.java:307)
	at com.kms.katalon.core.main.TestCaseExecutor.accessMainPhase(TestCaseExecutor.java:299)
	at com.kms.katalon.core.main.TestCaseExecutor.execute(TestCaseExecutor.java:233)
	at com.kms.katalon.core.main.TestSuiteExecutor.accessTestCaseMainPhase(TestSuiteExecutor.java:169)
	at com.kms.katalon.core.main.TestSuiteExecutor.accessTestSuiteMainPhase(TestSuiteExecutor.java:142)
	at com.kms.katalon.core.main.TestSuiteExecutor.execute(TestSuiteExecutor.java:91)
	at com.kms.katalon.core.main.TestCaseMain.startTestSuite(TestCaseMain.java:157)
	at com.kms.katalon.core.main.TestCaseMain$startTestSuite$0.call(Unknown Source)
	at TempTestSuite1589207395686.run(TempTestSuite1589207395686.groovy:36)
Caused by: com.kms.katalon.core.webui.exception.WebElementNotFoundException: Web element with id: 'Object Repository/Canine/Filter/Breed/Chesapeake_Chkbx' located by 'By.xpath: ' not found
	at com.kms.katalon.core.webui.common.WebUiCommonHelper.findWebElement(WebUiCommonHelper.java:1154)
	at com.kms.katalon.core.webui.keyword.internal.WebUIAbstractKeyword.findWebElement(WebUIAbstractKeyword.groovy:27)
	at com.kms.katalon.core.webui.keyword.internal.WebUIAbstractKeyword.findWebElement(WebUIAbstractKeyword.groovy:26)
	at com.kms.katalon.core.webui.keyword.builtin.ClickKeyword$_click_closure1.doCall(ClickKeyword.groovy:67)
	at com.kms.katalon.core.webui.keyword.builtin.ClickKeyword$_click_closure1.call(ClickKeyword.groovy)
	at com.kms.katalon.core.webui.keyword.internal.WebUIKeywordMain.runKeyword(WebUIKeywordMain.groovy:20)
	... 19 more]]></system-err>
      </testcase>
      <testcase name="Test Cases/Breed/TC15_Canine_Filter_Breed-Chinese" time="22.768" classname="Test Cases/Breed/TC15_Canine_Filter_Breed-Chinese" status="PASSED">
         <system-out><![CDATA[2020-05-11 07:35:07 - [TEST_CASE][PASSED] - Test Cases/Breed/TC15_Canine_Filter_Breed-Chinese: Test Cases/Breed/TC15_Canine_Filter_Breed-Chinese

2020-05-11 07:35:08 - [TEST_STEP][PASSED] - openBrowser(""): Browser is opened with url: ''

2020-05-11 07:35:08 - [MESSAGE][WARNING] - A browser is already opened. Closing browser and opening a new one

2020-05-11 07:35:09 - [MESSAGE][INFO] - Starting 'Firefox (headless)' driver

2020-05-11 07:35:14 - [MESSAGE][PASSED] - Browser is opened with url: ''

2020-05-11 07:35:14 - [TEST_STEP][PASSED] - ctdc.utilities.runtestcaseforKatalon.browserDriver(""): ctdc.utilities.runtestcaseforKatalon.browserDriver is PASSED

2020-05-11 07:35:14 - [MESSAGE][PASSED] - ctdc.utilities.runtestcaseforKatalon.browserDriver is PASSED

2020-05-11 07:35:14 - [TEST_STEP][PASSED] - ctdc.utilities.runtestcaseforKatalon.RunKatalon("TC15_Canine_Filter_Breed-Chinese.xlsx"): Data loaded from input file for the test case. 

2020-05-11 07:35:14 - [MESSAGE][PASSED] - Test case file loaded This is the full filepath after converting to string :C:\Users\radhakrishnang2\Desktop\DataCommons_Automation\ICDC_Automation\InputFiles\TC15_Canine_Filter_Breed-Chinese.xlsx

2020-05-11 07:35:14 - [MESSAGE][INFO] - Global variable set for password file is :  C:\Users\radhakrishnang2\Desktop\DataCommons_Automation\ICDC_Automation\InputFiles\TC15_Canine_Filter_Breed-Chinese.xlsx

2020-05-11 07:35:15 - [MESSAGE][PASSED] - Data loaded from input file for the test case. 

2020-05-11 07:35:19 - [TEST_STEP][PASSED] - click(findTestObject("Object Repository/Canine/Canine_Cases_Btn")): Object: 'Object Repository/Canine/Canine_Cases_Btn' is clicked on

2020-05-11 07:35:19 - [MESSAGE][PASSED] - Object: 'Object Repository/Canine/Canine_Cases_Btn' is clicked on

2020-05-11 07:35:19 - [TEST_STEP][PASSED] - click(findTestObject("Object Repository/Canine/Filter/Breed/BREED_Ddn")): Object: 'Object Repository/Canine/Filter/Breed/BREED_Ddn' is clicked on

2020-05-11 07:35:22 - [MESSAGE][PASSED] - Object: 'Object Repository/Canine/Filter/Breed/BREED_Ddn' is clicked on

2020-05-11 07:35:22 - [TEST_STEP][PASSED] - click(findTestObject("Object Repository/Canine/Filter/Breed/Chinese_Chkbx")): Object: 'Object Repository/Canine/Filter/Breed/Chinese_Chkbx' is clicked on

2020-05-11 07:35:22 - [MESSAGE][PASSED] - Object: 'Object Repository/Canine/Filter/Breed/Chinese_Chkbx' is clicked on

2020-05-11 07:35:22 - [TEST_STEP][PASSED] - ctdc.utilities.runtestcaseforKatalon.ReadCasesTableKatalon("Object Repository/Canine/Canine_CasesTable", "Object Repository/Canine/Canine_TableHeader", "Object Repository/Canine/Canine_NextBtn"): ctdc.utilities.runtestcaseforKatalon.ReadCasesTableKatalon is PASSED

2020-05-11 07:35:24 - [MESSAGE][PASSED] - ctdc.utilities.runtestcaseforKatalon.ReadCasesTableKatalon is PASSED

2020-05-11 07:35:24 - [TEST_STEP][PASSED] - ctdc.utilities.ReadExcel.Neo4j(): ctdc.utilities.ReadExcel.Neo4j is PASSED

2020-05-11 07:35:27 - [MESSAGE][PASSED] - ctdc.utilities.ReadExcel.Neo4j is PASSED

2020-05-11 07:35:27 - [TEST_STEP][PASSED] - ctdc.utilities.runtestcaseforKatalon.compareLists(): ctdc.utilities.runtestcaseforKatalon.compareLists is PASSED

2020-05-11 07:35:27 - [MESSAGE][PASSED] - ctdc.utilities.runtestcaseforKatalon.compareLists is PASSED

2020-05-11 07:35:30 - [TEST_STEP][PASSED] - Video: Video recording for test case 'Test Cases/Breed/TC15_Canine_Filter_Breed-Chinese' .

2020-05-11 07:35:30 - [MESSAGE][INFO] - Video recording for test case 'Test Cases/Breed/TC15_Canine_Filter_Breed-Chinese' .
[[ATTACHMENT|C:\\Users\\radhakrishnang2\\Desktop\\DataCommons_Automation\\ICDC_Automation\\Reports\\20200511_072955\\TrialSuite\\20200511_072955/videos\\test_15.avi]]]]></system-out>
         <system-err><![CDATA[]]></system-err>
      </testcase>
      <testcase name="Test Cases/Breed/TC16_Canine_Filter_Breed-CockerSpan" time="23.456" classname="Test Cases/Breed/TC16_Canine_Filter_Breed-CockerSpan" status="PASSED">
         <system-out><![CDATA[2020-05-11 07:35:30 - [TEST_CASE][PASSED] - Test Cases/Breed/TC16_Canine_Filter_Breed-CockerSpan: Test Cases/Breed/TC16_Canine_Filter_Breed-CockerSpan

2020-05-11 07:35:31 - [TEST_STEP][PASSED] - openBrowser(""): Browser is opened with url: ''

2020-05-11 07:35:31 - [MESSAGE][WARNING] - A browser is already opened. Closing browser and opening a new one

2020-05-11 07:35:33 - [MESSAGE][INFO] - Starting 'Firefox (headless)' driver

2020-05-11 07:35:38 - [MESSAGE][PASSED] - Browser is opened with url: ''

2020-05-11 07:35:38 - [TEST_STEP][PASSED] - ctdc.utilities.runtestcaseforKatalon.browserDriver(""): ctdc.utilities.runtestcaseforKatalon.browserDriver is PASSED

2020-05-11 07:35:38 - [MESSAGE][PASSED] - ctdc.utilities.runtestcaseforKatalon.browserDriver is PASSED

2020-05-11 07:35:38 - [TEST_STEP][PASSED] - ctdc.utilities.runtestcaseforKatalon.RunKatalon("TC16_Canine_Filter_Breed-CockerSpan.xlsx"): Data loaded from input file for the test case. 

2020-05-11 07:35:38 - [MESSAGE][PASSED] - Test case file loaded This is the full filepath after converting to string :C:\Users\radhakrishnang2\Desktop\DataCommons_Automation\ICDC_Automation\InputFiles\TC16_Canine_Filter_Breed-CockerSpan.xlsx

2020-05-11 07:35:38 - [MESSAGE][INFO] - Global variable set for password file is :  C:\Users\radhakrishnang2\Desktop\DataCommons_Automation\ICDC_Automation\InputFiles\TC16_Canine_Filter_Breed-CockerSpan.xlsx

2020-05-11 07:35:38 - [MESSAGE][PASSED] - Data loaded from input file for the test case. 

2020-05-11 07:35:42 - [TEST_STEP][PASSED] - click(findTestObject("Object Repository/Canine/Canine_Cases_Btn")): Object: 'Object Repository/Canine/Canine_Cases_Btn' is clicked on

2020-05-11 07:35:42 - [MESSAGE][PASSED] - Object: 'Object Repository/Canine/Canine_Cases_Btn' is clicked on

2020-05-11 07:35:42 - [TEST_STEP][PASSED] - click(findTestObject("Object Repository/Canine/Filter/Breed/BREED_Ddn")): Object: 'Object Repository/Canine/Filter/Breed/BREED_Ddn' is clicked on

2020-05-11 07:35:45 - [MESSAGE][PASSED] - Object: 'Object Repository/Canine/Filter/Breed/BREED_Ddn' is clicked on

2020-05-11 07:35:45 - [TEST_STEP][PASSED] - click(findTestObject("Object Repository/Canine/Filter/Breed/CockerSpan_Chkbx")): Object: 'Object Repository/Canine/Filter/Breed/CockerSpan_Chkbx' is clicked on

2020-05-11 07:35:46 - [MESSAGE][PASSED] - Object: 'Object Repository/Canine/Filter/Breed/CockerSpan_Chkbx' is clicked on

2020-05-11 07:35:46 - [TEST_STEP][PASSED] - ctdc.utilities.runtestcaseforKatalon.ReadCasesTableKatalon("Object Repository/Canine/Canine_CasesTable", "Object Repository/Canine/Canine_TableHeader", "Object Repository/Canine/Canine_NextBtn"): ctdc.utilities.runtestcaseforKatalon.ReadCasesTableKatalon is PASSED

2020-05-11 07:35:48 - [MESSAGE][PASSED] - ctdc.utilities.runtestcaseforKatalon.ReadCasesTableKatalon is PASSED

2020-05-11 07:35:48 - [TEST_STEP][PASSED] - ctdc.utilities.ReadExcel.Neo4j(): ctdc.utilities.ReadExcel.Neo4j is PASSED

2020-05-11 07:35:51 - [MESSAGE][PASSED] - ctdc.utilities.ReadExcel.Neo4j is PASSED

2020-05-11 07:35:51 - [TEST_STEP][PASSED] - ctdc.utilities.runtestcaseforKatalon.compareLists(): ctdc.utilities.runtestcaseforKatalon.compareLists is PASSED

2020-05-11 07:35:51 - [MESSAGE][PASSED] - ctdc.utilities.runtestcaseforKatalon.compareLists is PASSED

2020-05-11 07:35:53 - [TEST_STEP][PASSED] - Video: Video recording for test case 'Test Cases/Breed/TC16_Canine_Filter_Breed-CockerSpan' .

2020-05-11 07:35:53 - [MESSAGE][INFO] - Video recording for test case 'Test Cases/Breed/TC16_Canine_Filter_Breed-CockerSpan' .
[[ATTACHMENT|C:\\Users\\radhakrishnang2\\Desktop\\DataCommons_Automation\\ICDC_Automation\\Reports\\20200511_072955\\TrialSuite\\20200511_072955/videos\\test_16.avi]]]]></system-out>
         <system-err><![CDATA[]]></system-err>
      </testcase>
      <testcase name="Test Cases/Breed/TC17_Canine_Filter_Breed-Doberman" time="24.45" classname="Test Cases/Breed/TC17_Canine_Filter_Breed-Doberman" status="PASSED">
         <system-out><![CDATA[2020-05-11 07:35:53 - [TEST_CASE][PASSED] - Test Cases/Breed/TC17_Canine_Filter_Breed-Doberman: Test Cases/Breed/TC17_Canine_Filter_Breed-Doberman

2020-05-11 07:35:54 - [TEST_STEP][PASSED] - openBrowser(""): Browser is opened with url: ''

2020-05-11 07:35:54 - [MESSAGE][WARNING] - A browser is already opened. Closing browser and opening a new one

2020-05-11 07:35:56 - [MESSAGE][INFO] - Starting 'Firefox (headless)' driver

2020-05-11 07:36:01 - [MESSAGE][PASSED] - Browser is opened with url: ''

2020-05-11 07:36:01 - [TEST_STEP][PASSED] - ctdc.utilities.runtestcaseforKatalon.browserDriver(""): ctdc.utilities.runtestcaseforKatalon.browserDriver is PASSED

2020-05-11 07:36:01 - [MESSAGE][PASSED] - ctdc.utilities.runtestcaseforKatalon.browserDriver is PASSED

2020-05-11 07:36:01 - [TEST_STEP][PASSED] - ctdc.utilities.runtestcaseforKatalon.RunKatalon("TC17_Canine_Filter_Breed-Doberman.xlsx"): Data loaded from input file for the test case. 

2020-05-11 07:36:01 - [MESSAGE][PASSED] - Test case file loaded This is the full filepath after converting to string :C:\Users\radhakrishnang2\Desktop\DataCommons_Automation\ICDC_Automation\InputFiles\TC17_Canine_Filter_Breed-Doberman.xlsx

2020-05-11 07:36:01 - [MESSAGE][INFO] - Global variable set for password file is :  C:\Users\radhakrishnang2\Desktop\DataCommons_Automation\ICDC_Automation\InputFiles\TC17_Canine_Filter_Breed-Doberman.xlsx

2020-05-11 07:36:01 - [MESSAGE][PASSED] - Data loaded from input file for the test case. 

2020-05-11 07:36:05 - [TEST_STEP][PASSED] - click(findTestObject("Object Repository/Canine/Canine_Cases_Btn")): Object: 'Object Repository/Canine/Canine_Cases_Btn' is clicked on

2020-05-11 07:36:05 - [MESSAGE][PASSED] - Object: 'Object Repository/Canine/Canine_Cases_Btn' is clicked on

2020-05-11 07:36:05 - [TEST_STEP][PASSED] - click(findTestObject("Object Repository/Canine/Filter/Breed/BREED_Ddn")): Object: 'Object Repository/Canine/Filter/Breed/BREED_Ddn' is clicked on

2020-05-11 07:36:08 - [MESSAGE][PASSED] - Object: 'Object Repository/Canine/Filter/Breed/BREED_Ddn' is clicked on

2020-05-11 07:36:08 - [TEST_STEP][PASSED] - click(findTestObject("Object Repository/Canine/Filter/Breed/Doberman_Chkbx")): Object: 'Object Repository/Canine/Filter/Breed/Doberman_Chkbx' is clicked on

2020-05-11 07:36:09 - [MESSAGE][PASSED] - Object: 'Object Repository/Canine/Filter/Breed/Doberman_Chkbx' is clicked on

2020-05-11 07:36:09 - [TEST_STEP][PASSED] - ctdc.utilities.runtestcaseforKatalon.ReadCasesTableKatalon("Object Repository/Canine/Canine_CasesTable", "Object Repository/Canine/Canine_TableHeader", "Object Repository/Canine/Canine_NextBtn"): ctdc.utilities.runtestcaseforKatalon.ReadCasesTableKatalon is PASSED

2020-05-11 07:36:12 - [MESSAGE][PASSED] - ctdc.utilities.runtestcaseforKatalon.ReadCasesTableKatalon is PASSED

2020-05-11 07:36:12 - [TEST_STEP][PASSED] - ctdc.utilities.ReadExcel.Neo4j(): ctdc.utilities.ReadExcel.Neo4j is PASSED

2020-05-11 07:36:15 - [MESSAGE][PASSED] - ctdc.utilities.ReadExcel.Neo4j is PASSED

2020-05-11 07:36:15 - [TEST_STEP][PASSED] - ctdc.utilities.runtestcaseforKatalon.compareLists(): ctdc.utilities.runtestcaseforKatalon.compareLists is PASSED

2020-05-11 07:36:15 - [MESSAGE][PASSED] - ctdc.utilities.runtestcaseforKatalon.compareLists is PASSED

2020-05-11 07:36:18 - [TEST_STEP][PASSED] - Video: Video recording for test case 'Test Cases/Breed/TC17_Canine_Filter_Breed-Doberman' .

2020-05-11 07:36:18 - [MESSAGE][INFO] - Video recording for test case 'Test Cases/Breed/TC17_Canine_Filter_Breed-Doberman' .
[[ATTACHMENT|C:\\Users\\radhakrishnang2\\Desktop\\DataCommons_Automation\\ICDC_Automation\\Reports\\20200511_072955\\TrialSuite\\20200511_072955/videos\\test_17.avi]]]]></system-out>
         <system-err><![CDATA[]]></system-err>
      </testcase>
      <testcase name="Test Cases/Breed/TC18_Canine_Filter_Breed-English" time="21.886" classname="Test Cases/Breed/TC18_Canine_Filter_Breed-English" status="PASSED">
         <system-out><![CDATA[2020-05-11 07:36:18 - [TEST_CASE][PASSED] - Test Cases/Breed/TC18_Canine_Filter_Breed-English: Test Cases/Breed/TC18_Canine_Filter_Breed-English

2020-05-11 07:36:19 - [TEST_STEP][PASSED] - openBrowser(""): Browser is opened with url: ''

2020-05-11 07:36:19 - [MESSAGE][WARNING] - A browser is already opened. Closing browser and opening a new one

2020-05-11 07:36:20 - [MESSAGE][INFO] - Starting 'Firefox (headless)' driver

2020-05-11 07:36:25 - [MESSAGE][PASSED] - Browser is opened with url: ''

2020-05-11 07:36:25 - [TEST_STEP][PASSED] - ctdc.utilities.runtestcaseforKatalon.browserDriver(""): ctdc.utilities.runtestcaseforKatalon.browserDriver is PASSED

2020-05-11 07:36:25 - [MESSAGE][PASSED] - ctdc.utilities.runtestcaseforKatalon.browserDriver is PASSED

2020-05-11 07:36:25 - [TEST_STEP][PASSED] - ctdc.utilities.runtestcaseforKatalon.RunKatalon("TC18_Canine_Filter_Breed-English.xlsx"): Data loaded from input file for the test case. 

2020-05-11 07:36:25 - [MESSAGE][PASSED] - Test case file loaded This is the full filepath after converting to string :C:\Users\radhakrishnang2\Desktop\DataCommons_Automation\ICDC_Automation\InputFiles\TC18_Canine_Filter_Breed-English.xlsx

2020-05-11 07:36:25 - [MESSAGE][INFO] - Global variable set for password file is :  C:\Users\radhakrishnang2\Desktop\DataCommons_Automation\ICDC_Automation\InputFiles\TC18_Canine_Filter_Breed-English.xlsx

2020-05-11 07:36:25 - [MESSAGE][PASSED] - Data loaded from input file for the test case. 

2020-05-11 07:36:29 - [TEST_STEP][PASSED] - click(findTestObject("Object Repository/Canine/Canine_Cases_Btn")): Object: 'Object Repository/Canine/Canine_Cases_Btn' is clicked on

2020-05-11 07:36:29 - [MESSAGE][PASSED] - Object: 'Object Repository/Canine/Canine_Cases_Btn' is clicked on

2020-05-11 07:36:29 - [TEST_STEP][PASSED] - click(findTestObject("Object Repository/Canine/Filter/Breed/BREED_Ddn")): Object: 'Object Repository/Canine/Filter/Breed/BREED_Ddn' is clicked on

2020-05-11 07:36:32 - [MESSAGE][PASSED] - Object: 'Object Repository/Canine/Filter/Breed/BREED_Ddn' is clicked on

2020-05-11 07:36:32 - [TEST_STEP][PASSED] - click(findTestObject("Object Repository/Canine/Filter/Breed/English_Chkbx")): Object: 'Object Repository/Canine/Filter/Breed/English_Chkbx' is clicked on

2020-05-11 07:36:32 - [MESSAGE][PASSED] - Object: 'Object Repository/Canine/Filter/Breed/English_Chkbx' is clicked on

2020-05-11 07:36:32 - [TEST_STEP][PASSED] - ctdc.utilities.runtestcaseforKatalon.ReadCasesTableKatalon("Object Repository/Canine/Canine_CasesTable", "Object Repository/Canine/Canine_TableHeader", "Object Repository/Canine/Canine_NextBtn"): ctdc.utilities.runtestcaseforKatalon.ReadCasesTableKatalon is PASSED

2020-05-11 07:36:34 - [MESSAGE][PASSED] - ctdc.utilities.runtestcaseforKatalon.ReadCasesTableKatalon is PASSED

2020-05-11 07:36:34 - [TEST_STEP][PASSED] - ctdc.utilities.ReadExcel.Neo4j(): ctdc.utilities.ReadExcel.Neo4j is PASSED

2020-05-11 07:36:37 - [MESSAGE][PASSED] - ctdc.utilities.ReadExcel.Neo4j is PASSED

2020-05-11 07:36:37 - [TEST_STEP][PASSED] - ctdc.utilities.runtestcaseforKatalon.compareLists(): ctdc.utilities.runtestcaseforKatalon.compareLists is PASSED

2020-05-11 07:36:37 - [MESSAGE][PASSED] - ctdc.utilities.runtestcaseforKatalon.compareLists is PASSED

2020-05-11 07:36:39 - [TEST_STEP][PASSED] - Video: Video recording for test case 'Test Cases/Breed/TC18_Canine_Filter_Breed-English' .

2020-05-11 07:36:39 - [MESSAGE][INFO] - Video recording for test case 'Test Cases/Breed/TC18_Canine_Filter_Breed-English' .
[[ATTACHMENT|C:\\Users\\radhakrishnang2\\Desktop\\DataCommons_Automation\\ICDC_Automation\\Reports\\20200511_072955\\TrialSuite\\20200511_072955/videos\\test_18.avi]]]]></system-out>
         <system-err><![CDATA[]]></system-err>
      </testcase>
      <testcase name="Test Cases/Breed/TC19_Canine_Filter_Breed-Flat" time="22.172" classname="Test Cases/Breed/TC19_Canine_Filter_Breed-Flat" status="PASSED">
         <system-out><![CDATA[2020-05-11 07:36:39 - [TEST_CASE][PASSED] - Test Cases/Breed/TC19_Canine_Filter_Breed-Flat: Test Cases/Breed/TC19_Canine_Filter_Breed-Flat

2020-05-11 07:36:40 - [TEST_STEP][PASSED] - openBrowser(""): Browser is opened with url: ''

2020-05-11 07:36:40 - [MESSAGE][WARNING] - A browser is already opened. Closing browser and opening a new one

2020-05-11 07:36:42 - [MESSAGE][INFO] - Starting 'Firefox (headless)' driver

2020-05-11 07:36:47 - [MESSAGE][PASSED] - Browser is opened with url: ''

2020-05-11 07:36:47 - [TEST_STEP][PASSED] - ctdc.utilities.runtestcaseforKatalon.browserDriver(""): ctdc.utilities.runtestcaseforKatalon.browserDriver is PASSED

2020-05-11 07:36:47 - [MESSAGE][PASSED] - ctdc.utilities.runtestcaseforKatalon.browserDriver is PASSED

2020-05-11 07:36:47 - [TEST_STEP][PASSED] - ctdc.utilities.runtestcaseforKatalon.RunKatalon("TC19_Canine_Filter_Breed-Flat.xlsx"): Data loaded from input file for the test case. 

2020-05-11 07:36:47 - [MESSAGE][PASSED] - Test case file loaded This is the full filepath after converting to string :C:\Users\radhakrishnang2\Desktop\DataCommons_Automation\ICDC_Automation\InputFiles\TC19_Canine_Filter_Breed-Flat.xlsx

2020-05-11 07:36:47 - [MESSAGE][INFO] - Global variable set for password file is :  C:\Users\radhakrishnang2\Desktop\DataCommons_Automation\ICDC_Automation\InputFiles\TC19_Canine_Filter_Breed-Flat.xlsx

2020-05-11 07:36:47 - [MESSAGE][PASSED] - Data loaded from input file for the test case. 

2020-05-11 07:36:51 - [TEST_STEP][PASSED] - click(findTestObject("Object Repository/Canine/Canine_Cases_Btn")): Object: 'Object Repository/Canine/Canine_Cases_Btn' is clicked on

2020-05-11 07:36:51 - [MESSAGE][PASSED] - Object: 'Object Repository/Canine/Canine_Cases_Btn' is clicked on

2020-05-11 07:36:51 - [TEST_STEP][PASSED] - click(findTestObject("Object Repository/Canine/Filter/Breed/BREED_Ddn")): Object: 'Object Repository/Canine/Filter/Breed/BREED_Ddn' is clicked on

2020-05-11 07:36:54 - [MESSAGE][PASSED] - Object: 'Object Repository/Canine/Filter/Breed/BREED_Ddn' is clicked on

2020-05-11 07:36:54 - [TEST_STEP][PASSED] - click(findTestObject("Object Repository/Canine/Filter/Breed/Flat_Chkbx")): Object: 'Object Repository/Canine/Filter/Breed/Flat_Chkbx' is clicked on

2020-05-11 07:36:55 - [MESSAGE][PASSED] - Object: 'Object Repository/Canine/Filter/Breed/Flat_Chkbx' is clicked on

2020-05-11 07:36:55 - [TEST_STEP][PASSED] - ctdc.utilities.runtestcaseforKatalon.ReadCasesTableKatalon("Object Repository/Canine/Canine_CasesTable", "Object Repository/Canine/Canine_TableHeader", "Object Repository/Canine/Canine_NextBtn"): ctdc.utilities.runtestcaseforKatalon.ReadCasesTableKatalon is PASSED

2020-05-11 07:36:56 - [MESSAGE][PASSED] - ctdc.utilities.runtestcaseforKatalon.ReadCasesTableKatalon is PASSED

2020-05-11 07:36:56 - [TEST_STEP][PASSED] - ctdc.utilities.ReadExcel.Neo4j(): ctdc.utilities.ReadExcel.Neo4j is PASSED

2020-05-11 07:36:59 - [MESSAGE][PASSED] - ctdc.utilities.ReadExcel.Neo4j is PASSED

2020-05-11 07:36:59 - [TEST_STEP][PASSED] - ctdc.utilities.runtestcaseforKatalon.compareLists(): ctdc.utilities.runtestcaseforKatalon.compareLists is PASSED

2020-05-11 07:36:59 - [MESSAGE][PASSED] - ctdc.utilities.runtestcaseforKatalon.compareLists is PASSED

2020-05-11 07:37:02 - [TEST_STEP][PASSED] - Video: Video recording for test case 'Test Cases/Breed/TC19_Canine_Filter_Breed-Flat' .

2020-05-11 07:37:02 - [MESSAGE][INFO] - Video recording for test case 'Test Cases/Breed/TC19_Canine_Filter_Breed-Flat' .
[[ATTACHMENT|C:\\Users\\radhakrishnang2\\Desktop\\DataCommons_Automation\\ICDC_Automation\\Reports\\20200511_072955\\TrialSuite\\20200511_072955/videos\\test_19.avi]]]]></system-out>
         <system-err><![CDATA[]]></system-err>
      </testcase>
      <testcase name="Test Cases/Breed/TC20_Canine_Filter_Breed-GermanShphd" time="23.578" classname="Test Cases/Breed/TC20_Canine_Filter_Breed-GermanShphd" status="PASSED">
         <system-out><![CDATA[2020-05-11 07:37:02 - [TEST_CASE][PASSED] - Test Cases/Breed/TC20_Canine_Filter_Breed-GermanShphd: Test Cases/Breed/TC20_Canine_Filter_Breed-GermanShphd

2020-05-11 07:37:03 - [TEST_STEP][PASSED] - openBrowser(""): Browser is opened with url: ''

2020-05-11 07:37:03 - [MESSAGE][WARNING] - A browser is already opened. Closing browser and opening a new one

2020-05-11 07:37:04 - [MESSAGE][INFO] - Starting 'Firefox (headless)' driver

2020-05-11 07:37:09 - [MESSAGE][PASSED] - Browser is opened with url: ''

2020-05-11 07:37:09 - [TEST_STEP][PASSED] - ctdc.utilities.runtestcaseforKatalon.browserDriver(""): ctdc.utilities.runtestcaseforKatalon.browserDriver is PASSED

2020-05-11 07:37:09 - [MESSAGE][PASSED] - ctdc.utilities.runtestcaseforKatalon.browserDriver is PASSED

2020-05-11 07:37:09 - [TEST_STEP][PASSED] - ctdc.utilities.runtestcaseforKatalon.RunKatalon("TC20_Canine_Filter_Breed-GermanShphd.xlsx"): Data loaded from input file for the test case. 

2020-05-11 07:37:09 - [MESSAGE][PASSED] - Test case file loaded This is the full filepath after converting to string :C:\Users\radhakrishnang2\Desktop\DataCommons_Automation\ICDC_Automation\InputFiles\TC20_Canine_Filter_Breed-GermanShphd.xlsx

2020-05-11 07:37:09 - [MESSAGE][INFO] - Global variable set for password file is :  C:\Users\radhakrishnang2\Desktop\DataCommons_Automation\ICDC_Automation\InputFiles\TC20_Canine_Filter_Breed-GermanShphd.xlsx

2020-05-11 07:37:09 - [MESSAGE][PASSED] - Data loaded from input file for the test case. 

2020-05-11 07:37:13 - [TEST_STEP][PASSED] - click(findTestObject("Object Repository/Canine/Canine_Cases_Btn")): Object: 'Object Repository/Canine/Canine_Cases_Btn' is clicked on

2020-05-11 07:37:13 - [MESSAGE][PASSED] - Object: 'Object Repository/Canine/Canine_Cases_Btn' is clicked on

2020-05-11 07:37:13 - [TEST_STEP][PASSED] - click(findTestObject("Object Repository/Canine/Filter/Breed/BREED_Ddn")): Object: 'Object Repository/Canine/Filter/Breed/BREED_Ddn' is clicked on

2020-05-11 07:37:16 - [MESSAGE][PASSED] - Object: 'Object Repository/Canine/Filter/Breed/BREED_Ddn' is clicked on

2020-05-11 07:37:16 - [TEST_STEP][PASSED] - click(findTestObject("Object Repository/Canine/Filter/Breed/GermanShphd_Chkbx")): Object: 'Object Repository/Canine/Filter/Breed/GermanShphd_Chkbx' is clicked on

2020-05-11 07:37:17 - [MESSAGE][PASSED] - Object: 'Object Repository/Canine/Filter/Breed/GermanShphd_Chkbx' is clicked on

2020-05-11 07:37:17 - [TEST_STEP][PASSED] - ctdc.utilities.runtestcaseforKatalon.ReadCasesTableKatalon("Object Repository/Canine/Canine_CasesTable", "Object Repository/Canine/Canine_TableHeader", "Object Repository/Canine/Canine_NextBtn"): ctdc.utilities.runtestcaseforKatalon.ReadCasesTableKatalon is PASSED

2020-05-11 07:37:20 - [MESSAGE][PASSED] - ctdc.utilities.runtestcaseforKatalon.ReadCasesTableKatalon is PASSED

2020-05-11 07:37:20 - [TEST_STEP][PASSED] - ctdc.utilities.ReadExcel.Neo4j(): ctdc.utilities.ReadExcel.Neo4j is PASSED

2020-05-11 07:37:23 - [MESSAGE][PASSED] - ctdc.utilities.ReadExcel.Neo4j is PASSED

2020-05-11 07:37:23 - [TEST_STEP][PASSED] - ctdc.utilities.runtestcaseforKatalon.compareLists(): ctdc.utilities.runtestcaseforKatalon.compareLists is PASSED

2020-05-11 07:37:23 - [MESSAGE][PASSED] - ctdc.utilities.runtestcaseforKatalon.compareLists is PASSED

2020-05-11 07:37:25 - [TEST_STEP][PASSED] - Video: Video recording for test case 'Test Cases/Breed/TC20_Canine_Filter_Breed-GermanShphd' .

2020-05-11 07:37:25 - [MESSAGE][INFO] - Video recording for test case 'Test Cases/Breed/TC20_Canine_Filter_Breed-GermanShphd' .
[[ATTACHMENT|C:\\Users\\radhakrishnang2\\Desktop\\DataCommons_Automation\\ICDC_Automation\\Reports\\20200511_072955\\TrialSuite\\20200511_072955/videos\\test_20.avi]]]]></system-out>
         <system-err><![CDATA[]]></system-err>
      </testcase>
      <testcase name="Test Cases/Breed/TC21_Canine_Filter_Breed-GermanShthrPtr" time="20.803" classname="Test Cases/Breed/TC21_Canine_Filter_Breed-GermanShthrPtr" status="PASSED">
         <system-out><![CDATA[2020-05-11 07:37:25 - [TEST_CASE][PASSED] - Test Cases/Breed/TC21_Canine_Filter_Breed-GermanShthrPtr: Test Cases/Breed/TC21_Canine_Filter_Breed-GermanShthrPtr

2020-05-11 07:37:26 - [TEST_STEP][PASSED] - openBrowser(""): Browser is opened with url: ''

2020-05-11 07:37:26 - [MESSAGE][WARNING] - A browser is already opened. Closing browser and opening a new one

2020-05-11 07:37:28 - [MESSAGE][INFO] - Starting 'Firefox (headless)' driver

2020-05-11 07:37:32 - [MESSAGE][PASSED] - Browser is opened with url: ''

2020-05-11 07:37:32 - [TEST_STEP][PASSED] - ctdc.utilities.runtestcaseforKatalon.browserDriver(""): ctdc.utilities.runtestcaseforKatalon.browserDriver is PASSED

2020-05-11 07:37:32 - [MESSAGE][PASSED] - ctdc.utilities.runtestcaseforKatalon.browserDriver is PASSED

2020-05-11 07:37:32 - [TEST_STEP][PASSED] - ctdc.utilities.runtestcaseforKatalon.RunKatalon("TC21_Canine_Filter_Breed-GermanShthrPtr.xlsx"): Data loaded from input file for the test case. 

2020-05-11 07:37:32 - [MESSAGE][PASSED] - Test case file loaded This is the full filepath after converting to string :C:\Users\radhakrishnang2\Desktop\DataCommons_Automation\ICDC_Automation\InputFiles\TC21_Canine_Filter_Breed-GermanShthrPtr.xlsx

2020-05-11 07:37:32 - [MESSAGE][INFO] - Global variable set for password file is :  C:\Users\radhakrishnang2\Desktop\DataCommons_Automation\ICDC_Automation\InputFiles\TC21_Canine_Filter_Breed-GermanShthrPtr.xlsx

2020-05-11 07:37:32 - [MESSAGE][PASSED] - Data loaded from input file for the test case. 

2020-05-11 07:37:36 - [TEST_STEP][PASSED] - click(findTestObject("Object Repository/Canine/Canine_Cases_Btn")): Object: 'Object Repository/Canine/Canine_Cases_Btn' is clicked on

2020-05-11 07:37:36 - [MESSAGE][PASSED] - Object: 'Object Repository/Canine/Canine_Cases_Btn' is clicked on

2020-05-11 07:37:36 - [TEST_STEP][PASSED] - click(findTestObject("Object Repository/Canine/Filter/Breed/BREED_Ddn")): Object: 'Object Repository/Canine/Filter/Breed/BREED_Ddn' is clicked on

2020-05-11 07:37:39 - [MESSAGE][PASSED] - Object: 'Object Repository/Canine/Filter/Breed/BREED_Ddn' is clicked on

2020-05-11 07:37:39 - [TEST_STEP][PASSED] - click(findTestObject("Object Repository/Canine/Filter/Breed/GermanShthrPntr_Chkbx")): Object: 'Object Repository/Canine/Filter/Breed/GermanShthrPntr_Chkbx' is clicked on

2020-05-11 07:37:39 - [MESSAGE][PASSED] - Object: 'Object Repository/Canine/Filter/Breed/GermanShthrPntr_Chkbx' is clicked on

2020-05-11 07:37:39 - [TEST_STEP][PASSED] - ctdc.utilities.runtestcaseforKatalon.ReadCasesTableKatalon("Object Repository/Canine/Canine_CasesTable", "Object Repository/Canine/Canine_TableHeader", "Object Repository/Canine/Canine_NextBtn"): ctdc.utilities.runtestcaseforKatalon.ReadCasesTableKatalon is PASSED

2020-05-11 07:37:40 - [MESSAGE][PASSED] - ctdc.utilities.runtestcaseforKatalon.ReadCasesTableKatalon is PASSED

2020-05-11 07:37:40 - [TEST_STEP][PASSED] - ctdc.utilities.ReadExcel.Neo4j(): ctdc.utilities.ReadExcel.Neo4j is PASSED

2020-05-11 07:37:44 - [MESSAGE][PASSED] - ctdc.utilities.ReadExcel.Neo4j is PASSED

2020-05-11 07:37:44 - [TEST_STEP][PASSED] - ctdc.utilities.runtestcaseforKatalon.compareLists(): ctdc.utilities.runtestcaseforKatalon.compareLists is PASSED

2020-05-11 07:37:44 - [MESSAGE][PASSED] - ctdc.utilities.runtestcaseforKatalon.compareLists is PASSED

2020-05-11 07:37:46 - [TEST_STEP][PASSED] - Video: Video recording for test case 'Test Cases/Breed/TC21_Canine_Filter_Breed-GermanShthrPtr' .

2020-05-11 07:37:46 - [MESSAGE][INFO] - Video recording for test case 'Test Cases/Breed/TC21_Canine_Filter_Breed-GermanShthrPtr' .
[[ATTACHMENT|C:\\Users\\radhakrishnang2\\Desktop\\DataCommons_Automation\\ICDC_Automation\\Reports\\20200511_072955\\TrialSuite\\20200511_072955/videos\\test_21.avi]]]]></system-out>
         <system-err><![CDATA[]]></system-err>
      </testcase>
      <testcase name="Test Cases/Breed/TC22_Canine_Filter_Breed-Giant" time="21.151" classname="Test Cases/Breed/TC22_Canine_Filter_Breed-Giant" status="PASSED">
         <system-out><![CDATA[2020-05-11 07:37:46 - [TEST_CASE][PASSED] - Test Cases/Breed/TC22_Canine_Filter_Breed-Giant: Test Cases/Breed/TC22_Canine_Filter_Breed-Giant

2020-05-11 07:37:47 - [TEST_STEP][PASSED] - openBrowser(""): Browser is opened with url: ''

2020-05-11 07:37:47 - [MESSAGE][WARNING] - A browser is already opened. Closing browser and opening a new one

2020-05-11 07:37:49 - [MESSAGE][INFO] - Starting 'Firefox (headless)' driver

2020-05-11 07:37:52 - [MESSAGE][PASSED] - Browser is opened with url: ''

2020-05-11 07:37:52 - [TEST_STEP][PASSED] - ctdc.utilities.runtestcaseforKatalon.browserDriver(""): ctdc.utilities.runtestcaseforKatalon.browserDriver is PASSED

2020-05-11 07:37:52 - [MESSAGE][PASSED] - ctdc.utilities.runtestcaseforKatalon.browserDriver is PASSED

2020-05-11 07:37:52 - [TEST_STEP][PASSED] - ctdc.utilities.runtestcaseforKatalon.RunKatalon("TC22_Canine_Filter_Breed-Giant.xlsx"): Data loaded from input file for the test case. 

2020-05-11 07:37:52 - [MESSAGE][PASSED] - Test case file loaded This is the full filepath after converting to string :C:\Users\radhakrishnang2\Desktop\DataCommons_Automation\ICDC_Automation\InputFiles\TC22_Canine_Filter_Breed-Giant.xlsx

2020-05-11 07:37:52 - [MESSAGE][INFO] - Global variable set for password file is :  C:\Users\radhakrishnang2\Desktop\DataCommons_Automation\ICDC_Automation\InputFiles\TC22_Canine_Filter_Breed-Giant.xlsx

2020-05-11 07:37:52 - [MESSAGE][PASSED] - Data loaded from input file for the test case. 

2020-05-11 07:37:56 - [TEST_STEP][PASSED] - click(findTestObject("Object Repository/Canine/Canine_Cases_Btn")): Object: 'Object Repository/Canine/Canine_Cases_Btn' is clicked on

2020-05-11 07:37:56 - [MESSAGE][PASSED] - Object: 'Object Repository/Canine/Canine_Cases_Btn' is clicked on

2020-05-11 07:37:56 - [TEST_STEP][PASSED] - click(findTestObject("Object Repository/Canine/Filter/Breed/BREED_Ddn")): Object: 'Object Repository/Canine/Filter/Breed/BREED_Ddn' is clicked on

2020-05-11 07:37:59 - [MESSAGE][PASSED] - Object: 'Object Repository/Canine/Filter/Breed/BREED_Ddn' is clicked on

2020-05-11 07:37:59 - [TEST_STEP][PASSED] - click(findTestObject("Object Repository/Canine/Filter/Breed/Giant_Chkbx")): Object: 'Object Repository/Canine/Filter/Breed/Giant_Chkbx' is clicked on

2020-05-11 07:38:00 - [MESSAGE][PASSED] - Object: 'Object Repository/Canine/Filter/Breed/Giant_Chkbx' is clicked on

2020-05-11 07:38:00 - [TEST_STEP][PASSED] - ctdc.utilities.runtestcaseforKatalon.ReadCasesTableKatalon("Object Repository/Canine/Canine_CasesTable", "Object Repository/Canine/Canine_TableHeader", "Object Repository/Canine/Canine_NextBtn"): ctdc.utilities.runtestcaseforKatalon.ReadCasesTableKatalon is PASSED

2020-05-11 07:38:01 - [MESSAGE][PASSED] - ctdc.utilities.runtestcaseforKatalon.ReadCasesTableKatalon is PASSED

2020-05-11 07:38:01 - [TEST_STEP][PASSED] - ctdc.utilities.ReadExcel.Neo4j(): ctdc.utilities.ReadExcel.Neo4j is PASSED

2020-05-11 07:38:05 - [MESSAGE][PASSED] - ctdc.utilities.ReadExcel.Neo4j is PASSED

2020-05-11 07:38:05 - [TEST_STEP][PASSED] - ctdc.utilities.runtestcaseforKatalon.compareLists(): ctdc.utilities.runtestcaseforKatalon.compareLists is PASSED

2020-05-11 07:38:05 - [MESSAGE][PASSED] - ctdc.utilities.runtestcaseforKatalon.compareLists is PASSED

2020-05-11 07:38:07 - [TEST_STEP][PASSED] - Video: Video recording for test case 'Test Cases/Breed/TC22_Canine_Filter_Breed-Giant' .

2020-05-11 07:38:07 - [MESSAGE][INFO] - Video recording for test case 'Test Cases/Breed/TC22_Canine_Filter_Breed-Giant' .
[[ATTACHMENT|C:\\Users\\radhakrishnang2\\Desktop\\DataCommons_Automation\\ICDC_Automation\\Reports\\20200511_072955\\TrialSuite\\20200511_072955/videos\\test_22.avi]]]]></system-out>
         <system-err><![CDATA[]]></system-err>
      </testcase>
      <testcase name="Test Cases/Breed/TC23_Canine_Filter_Breed-GoldenRtrv" time="9.181" classname="Test Cases/Breed/TC23_Canine_Filter_Breed-GoldenRtrv" status="ERROR">
         <error type="ERROR" message="Test Cases/Breed/TC23_Canine_Filter_Breed-GoldenRtrv FAILED.
Reason:
org.codehaus.groovy.runtime.InvokerInvocationException: java.io.FileNotFoundException: C:\Users\radhakrishnang2\Desktop\DataCommons_Automation\ICDC_Automation\InputFiles\TC29_Canine_Filter_Breed-GoldenRtrv.xlsx (The system cannot find the file specified)
	at ctdc.utilities.runtestcaseforKatalon.invokeMethod(runtestcaseforKatalon.groovy)
	at com.kms.katalon.core.main.CustomKeywordDelegatingMetaClass.invokeStaticMethod(CustomKeywordDelegatingMetaClass.java:50)
	at TC23_Canine_Filter_Breed-GoldenRtrv.run(TC23_Canine_Filter_Breed-GoldenRtrv:45)
	at com.kms.katalon.core.main.ScriptEngine.run(ScriptEngine.java:194)
	at com.kms.katalon.core.main.ScriptEngine.runScriptAsRawText(ScriptEngine.java:119)
	at com.kms.katalon.core.main.TestCaseExecutor.runScript(TestCaseExecutor.java:337)
	at com.kms.katalon.core.main.TestCaseExecutor.doExecute(TestCaseExecutor.java:328)
	at com.kms.katalon.core.main.TestCaseExecutor.processExecutionPhase(TestCaseExecutor.java:307)
	at com.kms.katalon.core.main.TestCaseExecutor.accessMainPhase(TestCaseExecutor.java:299)
	at com.kms.katalon.core.main.TestCaseExecutor.execute(TestCaseExecutor.java:233)
	at com.kms.katalon.core.main.TestSuiteExecutor.accessTestCaseMainPhase(TestSuiteExecutor.java:169)
	at com.kms.katalon.core.main.TestSuiteExecutor.accessTestSuiteMainPhase(TestSuiteExecutor.java:142)
	at com.kms.katalon.core.main.TestSuiteExecutor.execute(TestSuiteExecutor.java:91)
	at com.kms.katalon.core.main.TestCaseMain.startTestSuite(TestCaseMain.java:157)
	at com.kms.katalon.core.main.TestCaseMain$startTestSuite$0.call(Unknown Source)
	at TempTestSuite1589207395686.run(TempTestSuite1589207395686.groovy:36)
Caused by: java.io.FileNotFoundException: C:\Users\radhakrishnang2\Desktop\DataCommons_Automation\ICDC_Automation\InputFiles\TC29_Canine_Filter_Breed-GoldenRtrv.xlsx (The system cannot find the file specified)
	at ctdc.utilities.runtestcaseforKatalon.RunKatalon(runtestcaseforKatalon.groovy:62)
	... 16 more
"/>
         <system-out><![CDATA[2020-05-11 07:38:07 - [TEST_CASE][ERROR] - Test Cases/Breed/TC23_Canine_Filter_Breed-GoldenRtrv: Test Cases/Breed/TC23_Canine_Filter_Breed-GoldenRtrv FAILED.
Reason:
org.codehaus.groovy.runtime.InvokerInvocationException: java.io.FileNotFoundException: C:\Users\radhakrishnang2\Desktop\DataCommons_Automation\ICDC_Automation\InputFiles\TC29_Canine_Filter_Breed-GoldenRtrv.xlsx (The system cannot find the file specified)
	at ctdc.utilities.runtestcaseforKatalon.invokeMethod(runtestcaseforKatalon.groovy)
	at com.kms.katalon.core.main.CustomKeywordDelegatingMetaClass.invokeStaticMethod(CustomKeywordDelegatingMetaClass.java:50)
	at TC23_Canine_Filter_Breed-GoldenRtrv.run(TC23_Canine_Filter_Breed-GoldenRtrv:45)
	at com.kms.katalon.core.main.ScriptEngine.run(ScriptEngine.java:194)
	at com.kms.katalon.core.main.ScriptEngine.runScriptAsRawText(ScriptEngine.java:119)
	at com.kms.katalon.core.main.TestCaseExecutor.runScript(TestCaseExecutor.java:337)
	at com.kms.katalon.core.main.TestCaseExecutor.doExecute(TestCaseExecutor.java:328)
	at com.kms.katalon.core.main.TestCaseExecutor.processExecutionPhase(TestCaseExecutor.java:307)
	at com.kms.katalon.core.main.TestCaseExecutor.accessMainPhase(TestCaseExecutor.java:299)
	at com.kms.katalon.core.main.TestCaseExecutor.execute(TestCaseExecutor.java:233)
	at com.kms.katalon.core.main.TestSuiteExecutor.accessTestCaseMainPhase(TestSuiteExecutor.java:169)
	at com.kms.katalon.core.main.TestSuiteExecutor.accessTestSuiteMainPhase(TestSuiteExecutor.java:142)
	at com.kms.katalon.core.main.TestSuiteExecutor.execute(TestSuiteExecutor.java:91)
	at com.kms.katalon.core.main.TestCaseMain.startTestSuite(TestCaseMain.java:157)
	at com.kms.katalon.core.main.TestCaseMain$startTestSuite$0.call(Unknown Source)
	at TempTestSuite1589207395686.run(TempTestSuite1589207395686.groovy:36)
Caused by: java.io.FileNotFoundException: C:\Users\radhakrishnang2\Desktop\DataCommons_Automation\ICDC_Automation\InputFiles\TC29_Canine_Filter_Breed-GoldenRtrv.xlsx (The system cannot find the file specified)
	at ctdc.utilities.runtestcaseforKatalon.RunKatalon(runtestcaseforKatalon.groovy:62)
	... 16 more


2020-05-11 07:38:08 - [TEST_STEP][PASSED] - openBrowser(""): Browser is opened with url: ''

2020-05-11 07:38:08 - [MESSAGE][WARNING] - A browser is already opened. Closing browser and opening a new one

2020-05-11 07:38:10 - [MESSAGE][INFO] - Starting 'Firefox (headless)' driver

2020-05-11 07:38:14 - [MESSAGE][PASSED] - Browser is opened with url: ''

2020-05-11 07:38:14 - [TEST_STEP][PASSED] - ctdc.utilities.runtestcaseforKatalon.browserDriver(""): ctdc.utilities.runtestcaseforKatalon.browserDriver is PASSED

2020-05-11 07:38:14 - [MESSAGE][PASSED] - ctdc.utilities.runtestcaseforKatalon.browserDriver is PASSED

2020-05-11 07:38:14 - [TEST_STEP][ERROR] - ctdc.utilities.runtestcaseforKatalon.RunKatalon("TC29_Canine_Filter_Breed-GoldenRtrv.xlsx"): java.io.FileNotFoundException: C:\Users\radhakrishnang2\Desktop\DataCommons_Automation\ICDC_Automation\InputFiles\TC29_Canine_Filter_Breed-GoldenRtrv.xlsx (The system cannot find the file specified)

2020-05-11 07:38:14 - [MESSAGE][PASSED] - Test case file loaded This is the full filepath after converting to string :C:\Users\radhakrishnang2\Desktop\DataCommons_Automation\ICDC_Automation\InputFiles\TC29_Canine_Filter_Breed-GoldenRtrv.xlsx

2020-05-11 07:38:14 - [MESSAGE][INFO] - Global variable set for password file is :  C:\Users\radhakrishnang2\Desktop\DataCommons_Automation\ICDC_Automation\InputFiles\TC29_Canine_Filter_Breed-GoldenRtrv.xlsx

2020-05-11 07:38:14 - [MESSAGE][ERROR] - java.io.FileNotFoundException: C:\Users\radhakrishnang2\Desktop\DataCommons_Automation\ICDC_Automation\InputFiles\TC29_Canine_Filter_Breed-GoldenRtrv.xlsx (The system cannot find the file specified)

2020-05-11 07:38:16 - [TEST_STEP][PASSED] - Video: Video recording for test case 'Test Cases/Breed/TC23_Canine_Filter_Breed-GoldenRtrv' .

2020-05-11 07:38:16 - [MESSAGE][INFO] - Video recording for test case 'Test Cases/Breed/TC23_Canine_Filter_Breed-GoldenRtrv' .
[[ATTACHMENT|C:\\Users\\radhakrishnang2\\Desktop\\DataCommons_Automation\\ICDC_Automation\\Reports\\20200511_072955\\TrialSuite\\20200511_072955/videos\\test_23.avi]]]]></system-out>
         <system-err><![CDATA[2020-05-11 07:38:07 - [TEST_CASE][ERROR] - Test Cases/Breed/TC23_Canine_Filter_Breed-GoldenRtrv: Test Cases/Breed/TC23_Canine_Filter_Breed-GoldenRtrv FAILED.
Reason:
org.codehaus.groovy.runtime.InvokerInvocationException: java.io.FileNotFoundException: C:\Users\radhakrishnang2\Desktop\DataCommons_Automation\ICDC_Automation\InputFiles\TC29_Canine_Filter_Breed-GoldenRtrv.xlsx (The system cannot find the file specified)
	at ctdc.utilities.runtestcaseforKatalon.invokeMethod(runtestcaseforKatalon.groovy)
	at com.kms.katalon.core.main.CustomKeywordDelegatingMetaClass.invokeStaticMethod(CustomKeywordDelegatingMetaClass.java:50)
	at TC23_Canine_Filter_Breed-GoldenRtrv.run(TC23_Canine_Filter_Breed-GoldenRtrv:45)
	at com.kms.katalon.core.main.ScriptEngine.run(ScriptEngine.java:194)
	at com.kms.katalon.core.main.ScriptEngine.runScriptAsRawText(ScriptEngine.java:119)
	at com.kms.katalon.core.main.TestCaseExecutor.runScript(TestCaseExecutor.java:337)
	at com.kms.katalon.core.main.TestCaseExecutor.doExecute(TestCaseExecutor.java:328)
	at com.kms.katalon.core.main.TestCaseExecutor.processExecutionPhase(TestCaseExecutor.java:307)
	at com.kms.katalon.core.main.TestCaseExecutor.accessMainPhase(TestCaseExecutor.java:299)
	at com.kms.katalon.core.main.TestCaseExecutor.execute(TestCaseExecutor.java:233)
	at com.kms.katalon.core.main.TestSuiteExecutor.accessTestCaseMainPhase(TestSuiteExecutor.java:169)
	at com.kms.katalon.core.main.TestSuiteExecutor.accessTestSuiteMainPhase(TestSuiteExecutor.java:142)
	at com.kms.katalon.core.main.TestSuiteExecutor.execute(TestSuiteExecutor.java:91)
	at com.kms.katalon.core.main.TestCaseMain.startTestSuite(TestCaseMain.java:157)
	at com.kms.katalon.core.main.TestCaseMain$startTestSuite$0.call(Unknown Source)
	at TempTestSuite1589207395686.run(TempTestSuite1589207395686.groovy:36)
Caused by: java.io.FileNotFoundException: C:\Users\radhakrishnang2\Desktop\DataCommons_Automation\ICDC_Automation\InputFiles\TC29_Canine_Filter_Breed-GoldenRtrv.xlsx (The system cannot find the file specified)
	at ctdc.utilities.runtestcaseforKatalon.RunKatalon(runtestcaseforKatalon.groovy:62)
	... 16 more]]></system-err>
      </testcase>
      <testcase name="Test Cases/Breed/TC24_Canine_Filter_Breed-Gordon" time="20.983" classname="Test Cases/Breed/TC24_Canine_Filter_Breed-Gordon" status="PASSED">
         <system-out><![CDATA[2020-05-11 07:38:16 - [TEST_CASE][PASSED] - Test Cases/Breed/TC24_Canine_Filter_Breed-Gordon: Test Cases/Breed/TC24_Canine_Filter_Breed-Gordon

2020-05-11 07:38:17 - [TEST_STEP][PASSED] - openBrowser(""): Browser is opened with url: ''

2020-05-11 07:38:17 - [MESSAGE][WARNING] - A browser is already opened. Closing browser and opening a new one

2020-05-11 07:38:19 - [MESSAGE][INFO] - Starting 'Firefox (headless)' driver

2020-05-11 07:38:23 - [MESSAGE][PASSED] - Browser is opened with url: ''

2020-05-11 07:38:23 - [TEST_STEP][PASSED] - ctdc.utilities.runtestcaseforKatalon.browserDriver(""): ctdc.utilities.runtestcaseforKatalon.browserDriver is PASSED

2020-05-11 07:38:23 - [MESSAGE][PASSED] - ctdc.utilities.runtestcaseforKatalon.browserDriver is PASSED

2020-05-11 07:38:23 - [TEST_STEP][PASSED] - ctdc.utilities.runtestcaseforKatalon.RunKatalon("TC24_Canine_Filter_Breed-Gordon.xlsx"): Data loaded from input file for the test case. 

2020-05-11 07:38:23 - [MESSAGE][PASSED] - Test case file loaded This is the full filepath after converting to string :C:\Users\radhakrishnang2\Desktop\DataCommons_Automation\ICDC_Automation\InputFiles\TC24_Canine_Filter_Breed-Gordon.xlsx

2020-05-11 07:38:23 - [MESSAGE][INFO] - Global variable set for password file is :  C:\Users\radhakrishnang2\Desktop\DataCommons_Automation\ICDC_Automation\InputFiles\TC24_Canine_Filter_Breed-Gordon.xlsx

2020-05-11 07:38:23 - [MESSAGE][PASSED] - Data loaded from input file for the test case. 

2020-05-11 07:38:27 - [TEST_STEP][PASSED] - click(findTestObject("Object Repository/Canine/Canine_Cases_Btn")): Object: 'Object Repository/Canine/Canine_Cases_Btn' is clicked on

2020-05-11 07:38:27 - [MESSAGE][PASSED] - Object: 'Object Repository/Canine/Canine_Cases_Btn' is clicked on

2020-05-11 07:38:27 - [TEST_STEP][PASSED] - click(findTestObject("Object Repository/Canine/Filter/Breed/BREED_Ddn")): Object: 'Object Repository/Canine/Filter/Breed/BREED_Ddn' is clicked on

2020-05-11 07:38:29 - [MESSAGE][PASSED] - Object: 'Object Repository/Canine/Filter/Breed/BREED_Ddn' is clicked on

2020-05-11 07:38:29 - [TEST_STEP][PASSED] - click(findTestObject("Object Repository/Canine/Filter/Breed/Gordon_Chkbx")): Object: 'Object Repository/Canine/Filter/Breed/Gordon_Chkbx' is clicked on

2020-05-11 07:38:30 - [MESSAGE][PASSED] - Object: 'Object Repository/Canine/Filter/Breed/Gordon_Chkbx' is clicked on

2020-05-11 07:38:30 - [TEST_STEP][PASSED] - ctdc.utilities.runtestcaseforKatalon.ReadCasesTableKatalon("Object Repository/Canine/Canine_CasesTable", "Object Repository/Canine/Canine_TableHeader", "Object Repository/Canine/Canine_NextBtn"): ctdc.utilities.runtestcaseforKatalon.ReadCasesTableKatalon is PASSED

2020-05-11 07:38:32 - [MESSAGE][PASSED] - ctdc.utilities.runtestcaseforKatalon.ReadCasesTableKatalon is PASSED

2020-05-11 07:38:32 - [TEST_STEP][PASSED] - ctdc.utilities.ReadExcel.Neo4j(): ctdc.utilities.ReadExcel.Neo4j is PASSED

2020-05-11 07:38:35 - [MESSAGE][PASSED] - ctdc.utilities.ReadExcel.Neo4j is PASSED

2020-05-11 07:38:35 - [TEST_STEP][PASSED] - ctdc.utilities.runtestcaseforKatalon.compareLists(): ctdc.utilities.runtestcaseforKatalon.compareLists is PASSED

2020-05-11 07:38:35 - [MESSAGE][PASSED] - ctdc.utilities.runtestcaseforKatalon.compareLists is PASSED

2020-05-11 07:38:37 - [TEST_STEP][PASSED] - Video: Video recording for test case 'Test Cases/Breed/TC24_Canine_Filter_Breed-Gordon' .

2020-05-11 07:38:37 - [MESSAGE][INFO] - Video recording for test case 'Test Cases/Breed/TC24_Canine_Filter_Breed-Gordon' .
[[ATTACHMENT|C:\\Users\\radhakrishnang2\\Desktop\\DataCommons_Automation\\ICDC_Automation\\Reports\\20200511_072955\\TrialSuite\\20200511_072955/videos\\test_24.avi]]]]></system-out>
         <system-err><![CDATA[]]></system-err>
      </testcase>
      <testcase name="Test Cases/Breed/TC25_Canine_Filter_Breed-Greyhnd" time="17.804" classname="Test Cases/Breed/TC25_Canine_Filter_Breed-Greyhnd" status="PASSED">
         <system-out><![CDATA[2020-05-11 07:38:37 - [TEST_CASE][PASSED] - Test Cases/Breed/TC25_Canine_Filter_Breed-Greyhnd: Test Cases/Breed/TC25_Canine_Filter_Breed-Greyhnd

2020-05-11 07:38:38 - [TEST_STEP][PASSED] - openBrowser(""): Browser is opened with url: ''

2020-05-11 07:38:38 - [MESSAGE][WARNING] - A browser is already opened. Closing browser and opening a new one

2020-05-11 07:38:39 - [MESSAGE][INFO] - Starting 'Firefox (headless)' driver

2020-05-11 07:38:42 - [MESSAGE][PASSED] - Browser is opened with url: ''

2020-05-11 07:38:42 - [TEST_STEP][PASSED] - ctdc.utilities.runtestcaseforKatalon.browserDriver(""): ctdc.utilities.runtestcaseforKatalon.browserDriver is PASSED

2020-05-11 07:38:42 - [MESSAGE][PASSED] - ctdc.utilities.runtestcaseforKatalon.browserDriver is PASSED

2020-05-11 07:38:42 - [TEST_STEP][PASSED] - ctdc.utilities.runtestcaseforKatalon.RunKatalon("TC25_Canine_Filter_Breed-Greyhnd.xlsx"): Data loaded from input file for the test case. 

2020-05-11 07:38:42 - [MESSAGE][PASSED] - Test case file loaded This is the full filepath after converting to string :C:\Users\radhakrishnang2\Desktop\DataCommons_Automation\ICDC_Automation\InputFiles\TC25_Canine_Filter_Breed-Greyhnd.xlsx

2020-05-11 07:38:42 - [MESSAGE][INFO] - Global variable set for password file is :  C:\Users\radhakrishnang2\Desktop\DataCommons_Automation\ICDC_Automation\InputFiles\TC25_Canine_Filter_Breed-Greyhnd.xlsx

2020-05-11 07:38:42 - [MESSAGE][PASSED] - Data loaded from input file for the test case. 

2020-05-11 07:38:46 - [TEST_STEP][PASSED] - click(findTestObject("Object Repository/Canine/Canine_Cases_Btn")): Object: 'Object Repository/Canine/Canine_Cases_Btn' is clicked on

2020-05-11 07:38:46 - [MESSAGE][PASSED] - Object: 'Object Repository/Canine/Canine_Cases_Btn' is clicked on

2020-05-11 07:38:46 - [TEST_STEP][PASSED] - click(findTestObject("Object Repository/Canine/Filter/Breed/BREED_Ddn")): Object: 'Object Repository/Canine/Filter/Breed/BREED_Ddn' is clicked on

2020-05-11 07:38:48 - [MESSAGE][PASSED] - Object: 'Object Repository/Canine/Filter/Breed/BREED_Ddn' is clicked on

2020-05-11 07:38:48 - [TEST_STEP][PASSED] - click(findTestObject("Object Repository/Canine/Filter/Breed/Greyhnd_Chkbx")): Object: 'Object Repository/Canine/Filter/Breed/Greyhnd_Chkbx' is clicked on

2020-05-11 07:38:48 - [MESSAGE][PASSED] - Object: 'Object Repository/Canine/Filter/Breed/Greyhnd_Chkbx' is clicked on

2020-05-11 07:38:48 - [TEST_STEP][PASSED] - ctdc.utilities.runtestcaseforKatalon.ReadCasesTableKatalon("Object Repository/Canine/Canine_CasesTable", "Object Repository/Canine/Canine_TableHeader", "Object Repository/Canine/Canine_NextBtn"): ctdc.utilities.runtestcaseforKatalon.ReadCasesTableKatalon is PASSED

2020-05-11 07:38:50 - [MESSAGE][PASSED] - ctdc.utilities.runtestcaseforKatalon.ReadCasesTableKatalon is PASSED

2020-05-11 07:38:50 - [TEST_STEP][PASSED] - ctdc.utilities.ReadExcel.Neo4j(): ctdc.utilities.ReadExcel.Neo4j is PASSED

2020-05-11 07:38:53 - [MESSAGE][PASSED] - ctdc.utilities.ReadExcel.Neo4j is PASSED

2020-05-11 07:38:53 - [TEST_STEP][PASSED] - ctdc.utilities.runtestcaseforKatalon.compareLists(): ctdc.utilities.runtestcaseforKatalon.compareLists is PASSED

2020-05-11 07:38:53 - [MESSAGE][PASSED] - ctdc.utilities.runtestcaseforKatalon.compareLists is PASSED

2020-05-11 07:38:55 - [TEST_STEP][PASSED] - Video: Video recording for test case 'Test Cases/Breed/TC25_Canine_Filter_Breed-Greyhnd' .

2020-05-11 07:38:55 - [MESSAGE][INFO] - Video recording for test case 'Test Cases/Breed/TC25_Canine_Filter_Breed-Greyhnd' .
[[ATTACHMENT|C:\\Users\\radhakrishnang2\\Desktop\\DataCommons_Automation\\ICDC_Automation\\Reports\\20200511_072955\\TrialSuite\\20200511_072955/videos\\test_25.avi]]]]></system-out>
         <system-err><![CDATA[]]></system-err>
      </testcase>
      <testcase name="Test Cases/Breed/TC26_Canine_Filter_Breed-IrishSettr" time="17.39" classname="Test Cases/Breed/TC26_Canine_Filter_Breed-IrishSettr" status="PASSED">
         <system-out><![CDATA[2020-05-11 07:38:55 - [TEST_CASE][PASSED] - Test Cases/Breed/TC26_Canine_Filter_Breed-IrishSettr: Test Cases/Breed/TC26_Canine_Filter_Breed-IrishSettr

2020-05-11 07:38:56 - [TEST_STEP][PASSED] - openBrowser(""): Browser is opened with url: ''

2020-05-11 07:38:56 - [MESSAGE][WARNING] - A browser is already opened. Closing browser and opening a new one

2020-05-11 07:38:57 - [MESSAGE][INFO] - Starting 'Firefox (headless)' driver

2020-05-11 07:39:00 - [MESSAGE][PASSED] - Browser is opened with url: ''

2020-05-11 07:39:00 - [TEST_STEP][PASSED] - ctdc.utilities.runtestcaseforKatalon.browserDriver(""): ctdc.utilities.runtestcaseforKatalon.browserDriver is PASSED

2020-05-11 07:39:00 - [MESSAGE][PASSED] - ctdc.utilities.runtestcaseforKatalon.browserDriver is PASSED

2020-05-11 07:39:00 - [TEST_STEP][PASSED] - ctdc.utilities.runtestcaseforKatalon.RunKatalon("TC26_Canine_Filter_Breed-IrishSettr.xlsx"): Data loaded from input file for the test case. 

2020-05-11 07:39:00 - [MESSAGE][PASSED] - Test case file loaded This is the full filepath after converting to string :C:\Users\radhakrishnang2\Desktop\DataCommons_Automation\ICDC_Automation\InputFiles\TC26_Canine_Filter_Breed-IrishSettr.xlsx

2020-05-11 07:39:00 - [MESSAGE][INFO] - Global variable set for password file is :  C:\Users\radhakrishnang2\Desktop\DataCommons_Automation\ICDC_Automation\InputFiles\TC26_Canine_Filter_Breed-IrishSettr.xlsx

2020-05-11 07:39:00 - [MESSAGE][PASSED] - Data loaded from input file for the test case. 

2020-05-11 07:39:03 - [TEST_STEP][PASSED] - click(findTestObject("Object Repository/Canine/Canine_Cases_Btn")): Object: 'Object Repository/Canine/Canine_Cases_Btn' is clicked on

2020-05-11 07:39:04 - [MESSAGE][PASSED] - Object: 'Object Repository/Canine/Canine_Cases_Btn' is clicked on

2020-05-11 07:39:04 - [TEST_STEP][PASSED] - click(findTestObject("Object Repository/Canine/Filter/Breed/BREED_Ddn")): Object: 'Object Repository/Canine/Filter/Breed/BREED_Ddn' is clicked on

2020-05-11 07:39:06 - [MESSAGE][PASSED] - Object: 'Object Repository/Canine/Filter/Breed/BREED_Ddn' is clicked on

2020-05-11 07:39:06 - [TEST_STEP][PASSED] - click(findTestObject("Object Repository/Canine/Filter/Breed/IrishSetter_Chkbx")): Object: 'Object Repository/Canine/Filter/Breed/IrishSetter_Chkbx' is clicked on

2020-05-11 07:39:06 - [MESSAGE][PASSED] - Object: 'Object Repository/Canine/Filter/Breed/IrishSetter_Chkbx' is clicked on

2020-05-11 07:39:06 - [TEST_STEP][PASSED] - ctdc.utilities.runtestcaseforKatalon.ReadCasesTableKatalon("Object Repository/Canine/Canine_CasesTable", "Object Repository/Canine/Canine_TableHeader", "Object Repository/Canine/Canine_NextBtn"): ctdc.utilities.runtestcaseforKatalon.ReadCasesTableKatalon is PASSED

2020-05-11 07:39:07 - [MESSAGE][PASSED] - ctdc.utilities.runtestcaseforKatalon.ReadCasesTableKatalon is PASSED

2020-05-11 07:39:07 - [TEST_STEP][PASSED] - ctdc.utilities.ReadExcel.Neo4j(): ctdc.utilities.ReadExcel.Neo4j is PASSED

2020-05-11 07:39:10 - [MESSAGE][PASSED] - ctdc.utilities.ReadExcel.Neo4j is PASSED

2020-05-11 07:39:10 - [TEST_STEP][PASSED] - ctdc.utilities.runtestcaseforKatalon.compareLists(): ctdc.utilities.runtestcaseforKatalon.compareLists is PASSED

2020-05-11 07:39:10 - [MESSAGE][PASSED] - ctdc.utilities.runtestcaseforKatalon.compareLists is PASSED

2020-05-11 07:39:13 - [TEST_STEP][PASSED] - Video: Video recording for test case 'Test Cases/Breed/TC26_Canine_Filter_Breed-IrishSettr' .

2020-05-11 07:39:13 - [MESSAGE][INFO] - Video recording for test case 'Test Cases/Breed/TC26_Canine_Filter_Breed-IrishSettr' .
[[ATTACHMENT|C:\\Users\\radhakrishnang2\\Desktop\\DataCommons_Automation\\ICDC_Automation\\Reports\\20200511_072955\\TrialSuite\\20200511_072955/videos\\test_26.avi]]]]></system-out>
         <system-err><![CDATA[]]></system-err>
      </testcase>
      <testcase name="Test Cases/Breed/TC27_Canine_Filter_Breed-IrishWlfhnd" time="18.634" classname="Test Cases/Breed/TC27_Canine_Filter_Breed-IrishWlfhnd" status="PASSED">
         <system-out><![CDATA[2020-05-11 07:39:13 - [TEST_CASE][PASSED] - Test Cases/Breed/TC27_Canine_Filter_Breed-IrishWlfhnd: Test Cases/Breed/TC27_Canine_Filter_Breed-IrishWlfhnd

2020-05-11 07:39:13 - [TEST_STEP][PASSED] - openBrowser(""): Browser is opened with url: ''

2020-05-11 07:39:13 - [MESSAGE][WARNING] - A browser is already opened. Closing browser and opening a new one

2020-05-11 07:39:14 - [MESSAGE][INFO] - Starting 'Firefox (headless)' driver

2020-05-11 07:39:18 - [MESSAGE][PASSED] - Browser is opened with url: ''

2020-05-11 07:39:18 - [TEST_STEP][PASSED] - ctdc.utilities.runtestcaseforKatalon.browserDriver(""): ctdc.utilities.runtestcaseforKatalon.browserDriver is PASSED

2020-05-11 07:39:18 - [MESSAGE][PASSED] - ctdc.utilities.runtestcaseforKatalon.browserDriver is PASSED

2020-05-11 07:39:18 - [TEST_STEP][PASSED] - ctdc.utilities.runtestcaseforKatalon.RunKatalon("TC27_Canine_Filter_Breed-IrishWlfhnd.xlsx"): Data loaded from input file for the test case. 

2020-05-11 07:39:18 - [MESSAGE][PASSED] - Test case file loaded This is the full filepath after converting to string :C:\Users\radhakrishnang2\Desktop\DataCommons_Automation\ICDC_Automation\InputFiles\TC27_Canine_Filter_Breed-IrishWlfhnd.xlsx

2020-05-11 07:39:18 - [MESSAGE][INFO] - Global variable set for password file is :  C:\Users\radhakrishnang2\Desktop\DataCommons_Automation\ICDC_Automation\InputFiles\TC27_Canine_Filter_Breed-IrishWlfhnd.xlsx

2020-05-11 07:39:18 - [MESSAGE][PASSED] - Data loaded from input file for the test case. 

2020-05-11 07:39:22 - [TEST_STEP][PASSED] - click(findTestObject("Object Repository/Canine/Canine_Cases_Btn")): Object: 'Object Repository/Canine/Canine_Cases_Btn' is clicked on

2020-05-11 07:39:22 - [MESSAGE][PASSED] - Object: 'Object Repository/Canine/Canine_Cases_Btn' is clicked on

2020-05-11 07:39:22 - [TEST_STEP][PASSED] - click(findTestObject("Object Repository/Canine/Filter/Breed/BREED_Ddn")): Object: 'Object Repository/Canine/Filter/Breed/BREED_Ddn' is clicked on

2020-05-11 07:39:24 - [MESSAGE][PASSED] - Object: 'Object Repository/Canine/Filter/Breed/BREED_Ddn' is clicked on

2020-05-11 07:39:24 - [TEST_STEP][PASSED] - click(findTestObject("Object Repository/Canine/Filter/Breed/IrishWolfhnd_Chkbx")): Object: 'Object Repository/Canine/Filter/Breed/IrishWolfhnd_Chkbx' is clicked on

2020-05-11 07:39:25 - [MESSAGE][PASSED] - Object: 'Object Repository/Canine/Filter/Breed/IrishWolfhnd_Chkbx' is clicked on

2020-05-11 07:39:25 - [TEST_STEP][PASSED] - ctdc.utilities.runtestcaseforKatalon.ReadCasesTableKatalon("Object Repository/Canine/Canine_CasesTable", "Object Repository/Canine/Canine_TableHeader", "Object Repository/Canine/Canine_NextBtn"): ctdc.utilities.runtestcaseforKatalon.ReadCasesTableKatalon is PASSED

2020-05-11 07:39:26 - [MESSAGE][PASSED] - ctdc.utilities.runtestcaseforKatalon.ReadCasesTableKatalon is PASSED

2020-05-11 07:39:26 - [TEST_STEP][PASSED] - ctdc.utilities.ReadExcel.Neo4j(): ctdc.utilities.ReadExcel.Neo4j is PASSED

2020-05-11 07:39:29 - [MESSAGE][PASSED] - ctdc.utilities.ReadExcel.Neo4j is PASSED

2020-05-11 07:39:29 - [TEST_STEP][PASSED] - ctdc.utilities.runtestcaseforKatalon.compareLists(): ctdc.utilities.runtestcaseforKatalon.compareLists is PASSED

2020-05-11 07:39:29 - [MESSAGE][PASSED] - ctdc.utilities.runtestcaseforKatalon.compareLists is PASSED

2020-05-11 07:39:31 - [TEST_STEP][PASSED] - Video: Video recording for test case 'Test Cases/Breed/TC27_Canine_Filter_Breed-IrishWlfhnd' .

2020-05-11 07:39:31 - [MESSAGE][INFO] - Video recording for test case 'Test Cases/Breed/TC27_Canine_Filter_Breed-IrishWlfhnd' .
[[ATTACHMENT|C:\\Users\\radhakrishnang2\\Desktop\\DataCommons_Automation\\ICDC_Automation\\Reports\\20200511_072955\\TrialSuite\\20200511_072955/videos\\test_27.avi]]]]></system-out>
         <system-err><![CDATA[]]></system-err>
      </testcase>
      <testcase name="Test Cases/Breed/TC28_Canine_Filter_Breed-Labrador" time="19.525" classname="Test Cases/Breed/TC28_Canine_Filter_Breed-Labrador" status="PASSED">
         <system-out><![CDATA[2020-05-11 07:39:31 - [TEST_CASE][PASSED] - Test Cases/Breed/TC28_Canine_Filter_Breed-Labrador: Test Cases/Breed/TC28_Canine_Filter_Breed-Labrador

2020-05-11 07:39:32 - [TEST_STEP][PASSED] - openBrowser(""): Browser is opened with url: ''

2020-05-11 07:39:32 - [MESSAGE][WARNING] - A browser is already opened. Closing browser and opening a new one

2020-05-11 07:39:33 - [MESSAGE][INFO] - Starting 'Firefox (headless)' driver

2020-05-11 07:39:36 - [MESSAGE][PASSED] - Browser is opened with url: ''

2020-05-11 07:39:36 - [TEST_STEP][PASSED] - ctdc.utilities.runtestcaseforKatalon.browserDriver(""): ctdc.utilities.runtestcaseforKatalon.browserDriver is PASSED

2020-05-11 07:39:36 - [MESSAGE][PASSED] - ctdc.utilities.runtestcaseforKatalon.browserDriver is PASSED

2020-05-11 07:39:36 - [TEST_STEP][PASSED] - ctdc.utilities.runtestcaseforKatalon.RunKatalon("TC28_Canine_Filter_Breed-Labrador.xlsx"): Data loaded from input file for the test case. 

2020-05-11 07:39:36 - [MESSAGE][PASSED] - Test case file loaded This is the full filepath after converting to string :C:\Users\radhakrishnang2\Desktop\DataCommons_Automation\ICDC_Automation\InputFiles\TC28_Canine_Filter_Breed-Labrador.xlsx

2020-05-11 07:39:36 - [MESSAGE][INFO] - Global variable set for password file is :  C:\Users\radhakrishnang2\Desktop\DataCommons_Automation\ICDC_Automation\InputFiles\TC28_Canine_Filter_Breed-Labrador.xlsx

2020-05-11 07:39:36 - [MESSAGE][PASSED] - Data loaded from input file for the test case. 

2020-05-11 07:39:40 - [TEST_STEP][PASSED] - click(findTestObject("Object Repository/Canine/Canine_Cases_Btn")): Object: 'Object Repository/Canine/Canine_Cases_Btn' is clicked on

2020-05-11 07:39:40 - [MESSAGE][PASSED] - Object: 'Object Repository/Canine/Canine_Cases_Btn' is clicked on

2020-05-11 07:39:40 - [TEST_STEP][PASSED] - click(findTestObject("Object Repository/Canine/Filter/Breed/BREED_Ddn")): Object: 'Object Repository/Canine/Filter/Breed/BREED_Ddn' is clicked on

2020-05-11 07:39:42 - [MESSAGE][PASSED] - Object: 'Object Repository/Canine/Filter/Breed/BREED_Ddn' is clicked on

2020-05-11 07:39:42 - [TEST_STEP][PASSED] - click(findTestObject("Object Repository/Canine/Filter/Breed/Labrador_Chkbx")): Object: 'Object Repository/Canine/Filter/Breed/Labrador_Chkbx' is clicked on

2020-05-11 07:39:42 - [MESSAGE][PASSED] - Object: 'Object Repository/Canine/Filter/Breed/Labrador_Chkbx' is clicked on

2020-05-11 07:39:42 - [TEST_STEP][PASSED] - ctdc.utilities.runtestcaseforKatalon.ReadCasesTableKatalon("Object Repository/Canine/Canine_CasesTable", "Object Repository/Canine/Canine_TableHeader", "Object Repository/Canine/Canine_NextBtn"): ctdc.utilities.runtestcaseforKatalon.ReadCasesTableKatalon is PASSED

2020-05-11 07:39:45 - [MESSAGE][PASSED] - ctdc.utilities.runtestcaseforKatalon.ReadCasesTableKatalon is PASSED

2020-05-11 07:39:45 - [TEST_STEP][PASSED] - ctdc.utilities.ReadExcel.Neo4j(): ctdc.utilities.ReadExcel.Neo4j is PASSED

2020-05-11 07:39:49 - [MESSAGE][PASSED] - ctdc.utilities.ReadExcel.Neo4j is PASSED

2020-05-11 07:39:49 - [TEST_STEP][PASSED] - ctdc.utilities.runtestcaseforKatalon.compareLists(): ctdc.utilities.runtestcaseforKatalon.compareLists is PASSED

2020-05-11 07:39:49 - [MESSAGE][PASSED] - ctdc.utilities.runtestcaseforKatalon.compareLists is PASSED

2020-05-11 07:39:51 - [TEST_STEP][PASSED] - Video: Video recording for test case 'Test Cases/Breed/TC28_Canine_Filter_Breed-Labrador' .

2020-05-11 07:39:51 - [MESSAGE][INFO] - Video recording for test case 'Test Cases/Breed/TC28_Canine_Filter_Breed-Labrador' .
[[ATTACHMENT|C:\\Users\\radhakrishnang2\\Desktop\\DataCommons_Automation\\ICDC_Automation\\Reports\\20200511_072955\\TrialSuite\\20200511_072955/videos\\test_28.avi]]]]></system-out>
         <system-err><![CDATA[]]></system-err>
      </testcase>
      <testcase name="Test Cases/Breed/TC29_Canine_Filter_Breed-Mastiff" time="17.349" classname="Test Cases/Breed/TC29_Canine_Filter_Breed-Mastiff" status="PASSED">
         <system-out><![CDATA[2020-05-11 07:39:51 - [TEST_CASE][PASSED] - Test Cases/Breed/TC29_Canine_Filter_Breed-Mastiff: Test Cases/Breed/TC29_Canine_Filter_Breed-Mastiff

2020-05-11 07:39:51 - [TEST_STEP][PASSED] - openBrowser(""): Browser is opened with url: ''

2020-05-11 07:39:51 - [MESSAGE][WARNING] - A browser is already opened. Closing browser and opening a new one

2020-05-11 07:39:52 - [MESSAGE][INFO] - Starting 'Firefox (headless)' driver

2020-05-11 07:39:55 - [MESSAGE][PASSED] - Browser is opened with url: ''

2020-05-11 07:39:55 - [TEST_STEP][PASSED] - ctdc.utilities.runtestcaseforKatalon.browserDriver(""): ctdc.utilities.runtestcaseforKatalon.browserDriver is PASSED

2020-05-11 07:39:55 - [MESSAGE][PASSED] - ctdc.utilities.runtestcaseforKatalon.browserDriver is PASSED

2020-05-11 07:39:55 - [TEST_STEP][PASSED] - ctdc.utilities.runtestcaseforKatalon.RunKatalon("TC29_Canine_Filter_Breed-Mastiff.xlsx"): Data loaded from input file for the test case. 

2020-05-11 07:39:55 - [MESSAGE][PASSED] - Test case file loaded This is the full filepath after converting to string :C:\Users\radhakrishnang2\Desktop\DataCommons_Automation\ICDC_Automation\InputFiles\TC29_Canine_Filter_Breed-Mastiff.xlsx

2020-05-11 07:39:55 - [MESSAGE][INFO] - Global variable set for password file is :  C:\Users\radhakrishnang2\Desktop\DataCommons_Automation\ICDC_Automation\InputFiles\TC29_Canine_Filter_Breed-Mastiff.xlsx

2020-05-11 07:39:55 - [MESSAGE][PASSED] - Data loaded from input file for the test case. 

2020-05-11 07:39:59 - [TEST_STEP][PASSED] - click(findTestObject("Object Repository/Canine/Canine_Cases_Btn")): Object: 'Object Repository/Canine/Canine_Cases_Btn' is clicked on

2020-05-11 07:39:59 - [MESSAGE][PASSED] - Object: 'Object Repository/Canine/Canine_Cases_Btn' is clicked on

2020-05-11 07:39:59 - [TEST_STEP][PASSED] - click(findTestObject("Object Repository/Canine/Filter/Breed/BREED_Ddn")): Object: 'Object Repository/Canine/Filter/Breed/BREED_Ddn' is clicked on

2020-05-11 07:40:01 - [MESSAGE][PASSED] - Object: 'Object Repository/Canine/Filter/Breed/BREED_Ddn' is clicked on

2020-05-11 07:40:01 - [TEST_STEP][PASSED] - click(findTestObject("Object Repository/Canine/Filter/Breed/Mastiff_Chkbx")): Object: 'Object Repository/Canine/Filter/Breed/Mastiff_Chkbx' is clicked on

2020-05-11 07:40:02 - [MESSAGE][PASSED] - Object: 'Object Repository/Canine/Filter/Breed/Mastiff_Chkbx' is clicked on

2020-05-11 07:40:02 - [TEST_STEP][PASSED] - ctdc.utilities.runtestcaseforKatalon.ReadCasesTableKatalon("Object Repository/Canine/Canine_CasesTable", "Object Repository/Canine/Canine_TableHeader", "Object Repository/Canine/Canine_NextBtn"): ctdc.utilities.runtestcaseforKatalon.ReadCasesTableKatalon is PASSED

2020-05-11 07:40:03 - [MESSAGE][PASSED] - ctdc.utilities.runtestcaseforKatalon.ReadCasesTableKatalon is PASSED

2020-05-11 07:40:03 - [TEST_STEP][PASSED] - ctdc.utilities.ReadExcel.Neo4j(): ctdc.utilities.ReadExcel.Neo4j is PASSED

2020-05-11 07:40:06 - [MESSAGE][PASSED] - ctdc.utilities.ReadExcel.Neo4j is PASSED

2020-05-11 07:40:06 - [TEST_STEP][PASSED] - ctdc.utilities.runtestcaseforKatalon.compareLists(): ctdc.utilities.runtestcaseforKatalon.compareLists is PASSED

2020-05-11 07:40:06 - [MESSAGE][PASSED] - ctdc.utilities.runtestcaseforKatalon.compareLists is PASSED

2020-05-11 07:40:08 - [TEST_STEP][PASSED] - Video: Video recording for test case 'Test Cases/Breed/TC29_Canine_Filter_Breed-Mastiff' .

2020-05-11 07:40:08 - [MESSAGE][INFO] - Video recording for test case 'Test Cases/Breed/TC29_Canine_Filter_Breed-Mastiff' .
[[ATTACHMENT|C:\\Users\\radhakrishnang2\\Desktop\\DataCommons_Automation\\ICDC_Automation\\Reports\\20200511_072955\\TrialSuite\\20200511_072955/videos\\test_29.avi]]]]></system-out>
         <system-err><![CDATA[]]></system-err>
      </testcase>
      <testcase name="Test Cases/Breed/TC30_Canine_Filter_Breed-Miniature" time="18.305" classname="Test Cases/Breed/TC30_Canine_Filter_Breed-Miniature" status="PASSED">
         <system-out><![CDATA[2020-05-11 07:40:08 - [TEST_CASE][PASSED] - Test Cases/Breed/TC30_Canine_Filter_Breed-Miniature: Test Cases/Breed/TC30_Canine_Filter_Breed-Miniature

2020-05-11 07:40:09 - [TEST_STEP][PASSED] - openBrowser(""): Browser is opened with url: ''

2020-05-11 07:40:09 - [MESSAGE][WARNING] - A browser is already opened. Closing browser and opening a new one

2020-05-11 07:40:10 - [MESSAGE][INFO] - Starting 'Firefox (headless)' driver

2020-05-11 07:40:13 - [MESSAGE][PASSED] - Browser is opened with url: ''

2020-05-11 07:40:13 - [TEST_STEP][PASSED] - ctdc.utilities.runtestcaseforKatalon.browserDriver(""): ctdc.utilities.runtestcaseforKatalon.browserDriver is PASSED

2020-05-11 07:40:13 - [MESSAGE][PASSED] - ctdc.utilities.runtestcaseforKatalon.browserDriver is PASSED

2020-05-11 07:40:13 - [TEST_STEP][PASSED] - ctdc.utilities.runtestcaseforKatalon.RunKatalon("TC30_Canine_Filter_Breed-Miniature.xlsx"): Data loaded from input file for the test case. 

2020-05-11 07:40:13 - [MESSAGE][PASSED] - Test case file loaded This is the full filepath after converting to string :C:\Users\radhakrishnang2\Desktop\DataCommons_Automation\ICDC_Automation\InputFiles\TC30_Canine_Filter_Breed-Miniature.xlsx

2020-05-11 07:40:13 - [MESSAGE][INFO] - Global variable set for password file is :  C:\Users\radhakrishnang2\Desktop\DataCommons_Automation\ICDC_Automation\InputFiles\TC30_Canine_Filter_Breed-Miniature.xlsx

2020-05-11 07:40:13 - [MESSAGE][PASSED] - Data loaded from input file for the test case. 

2020-05-11 07:40:17 - [TEST_STEP][PASSED] - click(findTestObject("Object Repository/Canine/Canine_Cases_Btn")): Object: 'Object Repository/Canine/Canine_Cases_Btn' is clicked on

2020-05-11 07:40:17 - [MESSAGE][PASSED] - Object: 'Object Repository/Canine/Canine_Cases_Btn' is clicked on

2020-05-11 07:40:17 - [TEST_STEP][PASSED] - click(findTestObject("Object Repository/Canine/Filter/Breed/BREED_Ddn")): Object: 'Object Repository/Canine/Filter/Breed/BREED_Ddn' is clicked on

2020-05-11 07:40:19 - [MESSAGE][PASSED] - Object: 'Object Repository/Canine/Filter/Breed/BREED_Ddn' is clicked on

2020-05-11 07:40:19 - [TEST_STEP][PASSED] - click(findTestObject("Object Repository/Canine/Filter/Breed/Miniature_Chkbx")): Object: 'Object Repository/Canine/Filter/Breed/Miniature_Chkbx' is clicked on

2020-05-11 07:40:20 - [MESSAGE][PASSED] - Object: 'Object Repository/Canine/Filter/Breed/Miniature_Chkbx' is clicked on

2020-05-11 07:40:20 - [TEST_STEP][PASSED] - ctdc.utilities.runtestcaseforKatalon.ReadCasesTableKatalon("Object Repository/Canine/Canine_CasesTable", "Object Repository/Canine/Canine_TableHeader", "Object Repository/Canine/Canine_NextBtn"): ctdc.utilities.runtestcaseforKatalon.ReadCasesTableKatalon is PASSED

2020-05-11 07:40:21 - [MESSAGE][PASSED] - ctdc.utilities.runtestcaseforKatalon.ReadCasesTableKatalon is PASSED

2020-05-11 07:40:21 - [TEST_STEP][PASSED] - ctdc.utilities.ReadExcel.Neo4j(): ctdc.utilities.ReadExcel.Neo4j is PASSED

2020-05-11 07:40:24 - [MESSAGE][PASSED] - ctdc.utilities.ReadExcel.Neo4j is PASSED

2020-05-11 07:40:24 - [TEST_STEP][PASSED] - ctdc.utilities.runtestcaseforKatalon.compareLists(): ctdc.utilities.runtestcaseforKatalon.compareLists is PASSED

2020-05-11 07:40:24 - [MESSAGE][PASSED] - ctdc.utilities.runtestcaseforKatalon.compareLists is PASSED

2020-05-11 07:40:26 - [TEST_STEP][PASSED] - Video: Video recording for test case 'Test Cases/Breed/TC30_Canine_Filter_Breed-Miniature' .

2020-05-11 07:40:26 - [MESSAGE][INFO] - Video recording for test case 'Test Cases/Breed/TC30_Canine_Filter_Breed-Miniature' .
[[ATTACHMENT|C:\\Users\\radhakrishnang2\\Desktop\\DataCommons_Automation\\ICDC_Automation\\Reports\\20200511_072955\\TrialSuite\\20200511_072955/videos\\test_30.avi]]]]></system-out>
         <system-err><![CDATA[]]></system-err>
      </testcase>
      <testcase name="Test Cases/Breed/TC31_Canine_Filter_Breed-Mixed" time="23.57" classname="Test Cases/Breed/TC31_Canine_Filter_Breed-Mixed" status="PASSED">
         <system-out><![CDATA[2020-05-11 07:40:26 - [TEST_CASE][PASSED] - Test Cases/Breed/TC31_Canine_Filter_Breed-Mixed: Test Cases/Breed/TC31_Canine_Filter_Breed-Mixed

2020-05-11 07:40:27 - [TEST_STEP][PASSED] - openBrowser(""): Browser is opened with url: ''

2020-05-11 07:40:27 - [MESSAGE][WARNING] - A browser is already opened. Closing browser and opening a new one

2020-05-11 07:40:28 - [MESSAGE][INFO] - Starting 'Firefox (headless)' driver

2020-05-11 07:40:32 - [MESSAGE][PASSED] - Browser is opened with url: ''

2020-05-11 07:40:32 - [TEST_STEP][PASSED] - ctdc.utilities.runtestcaseforKatalon.browserDriver(""): ctdc.utilities.runtestcaseforKatalon.browserDriver is PASSED

2020-05-11 07:40:32 - [MESSAGE][PASSED] - ctdc.utilities.runtestcaseforKatalon.browserDriver is PASSED

2020-05-11 07:40:32 - [TEST_STEP][PASSED] - ctdc.utilities.runtestcaseforKatalon.RunKatalon("TC31_Canine_Filter_Breed-Mixed.xlsx"): Data loaded from input file for the test case. 

2020-05-11 07:40:32 - [MESSAGE][PASSED] - Test case file loaded This is the full filepath after converting to string :C:\Users\radhakrishnang2\Desktop\DataCommons_Automation\ICDC_Automation\InputFiles\TC31_Canine_Filter_Breed-Mixed.xlsx

2020-05-11 07:40:32 - [MESSAGE][INFO] - Global variable set for password file is :  C:\Users\radhakrishnang2\Desktop\DataCommons_Automation\ICDC_Automation\InputFiles\TC31_Canine_Filter_Breed-Mixed.xlsx

2020-05-11 07:40:32 - [MESSAGE][PASSED] - Data loaded from input file for the test case. 

2020-05-11 07:40:35 - [TEST_STEP][PASSED] - click(findTestObject("Object Repository/Canine/Canine_Cases_Btn")): Object: 'Object Repository/Canine/Canine_Cases_Btn' is clicked on

2020-05-11 07:40:35 - [MESSAGE][PASSED] - Object: 'Object Repository/Canine/Canine_Cases_Btn' is clicked on

2020-05-11 07:40:35 - [TEST_STEP][PASSED] - click(findTestObject("Object Repository/Canine/Filter/Breed/BREED_Ddn")): Object: 'Object Repository/Canine/Filter/Breed/BREED_Ddn' is clicked on

2020-05-11 07:40:37 - [MESSAGE][PASSED] - Object: 'Object Repository/Canine/Filter/Breed/BREED_Ddn' is clicked on

2020-05-11 07:40:37 - [TEST_STEP][PASSED] - click(findTestObject("Object Repository/Canine/Filter/Breed/Mixed_Chkbx")): Object: 'Object Repository/Canine/Filter/Breed/Mixed_Chkbx' is clicked on

2020-05-11 07:40:38 - [MESSAGE][PASSED] - Object: 'Object Repository/Canine/Filter/Breed/Mixed_Chkbx' is clicked on

2020-05-11 07:40:38 - [TEST_STEP][PASSED] - ctdc.utilities.runtestcaseforKatalon.ReadCasesTableKatalon("Object Repository/Canine/Canine_CasesTable", "Object Repository/Canine/Canine_TableHeader", "Object Repository/Canine/Canine_NextBtn"): ctdc.utilities.runtestcaseforKatalon.ReadCasesTableKatalon is PASSED

2020-05-11 07:40:44 - [MESSAGE][PASSED] - ctdc.utilities.runtestcaseforKatalon.ReadCasesTableKatalon is PASSED

2020-05-11 07:40:44 - [TEST_STEP][PASSED] - ctdc.utilities.ReadExcel.Neo4j(): ctdc.utilities.ReadExcel.Neo4j is PASSED

2020-05-11 07:40:48 - [MESSAGE][PASSED] - ctdc.utilities.ReadExcel.Neo4j is PASSED

2020-05-11 07:40:48 - [TEST_STEP][PASSED] - ctdc.utilities.runtestcaseforKatalon.compareLists(): ctdc.utilities.runtestcaseforKatalon.compareLists is PASSED

2020-05-11 07:40:48 - [MESSAGE][PASSED] - ctdc.utilities.runtestcaseforKatalon.compareLists is PASSED

2020-05-11 07:40:50 - [TEST_STEP][PASSED] - Video: Video recording for test case 'Test Cases/Breed/TC31_Canine_Filter_Breed-Mixed' .

2020-05-11 07:40:50 - [MESSAGE][INFO] - Video recording for test case 'Test Cases/Breed/TC31_Canine_Filter_Breed-Mixed' .
[[ATTACHMENT|C:\\Users\\radhakrishnang2\\Desktop\\DataCommons_Automation\\ICDC_Automation\\Reports\\20200511_072955\\TrialSuite\\20200511_072955/videos\\test_31.avi]]]]></system-out>
         <system-err><![CDATA[]]></system-err>
      </testcase>
      <testcase name="Test Cases/Breed/TC32_Canine_Filter_Breed-Other" time="17.797" classname="Test Cases/Breed/TC32_Canine_Filter_Breed-Other" status="PASSED">
         <system-out><![CDATA[2020-05-11 07:40:50 - [TEST_CASE][PASSED] - Test Cases/Breed/TC32_Canine_Filter_Breed-Other: Test Cases/Breed/TC32_Canine_Filter_Breed-Other

2020-05-11 07:40:50 - [TEST_STEP][PASSED] - openBrowser(""): Browser is opened with url: ''

2020-05-11 07:40:50 - [MESSAGE][WARNING] - A browser is already opened. Closing browser and opening a new one

2020-05-11 07:40:51 - [MESSAGE][INFO] - Starting 'Firefox (headless)' driver

2020-05-11 07:40:55 - [MESSAGE][PASSED] - Browser is opened with url: ''

2020-05-11 07:40:55 - [TEST_STEP][PASSED] - ctdc.utilities.runtestcaseforKatalon.browserDriver(""): ctdc.utilities.runtestcaseforKatalon.browserDriver is PASSED

2020-05-11 07:40:55 - [MESSAGE][PASSED] - ctdc.utilities.runtestcaseforKatalon.browserDriver is PASSED

2020-05-11 07:40:55 - [TEST_STEP][PASSED] - ctdc.utilities.runtestcaseforKatalon.RunKatalon("TC32_Canine_Filter_Breed-Other.xlsx"): Data loaded from input file for the test case. 

2020-05-11 07:40:55 - [MESSAGE][PASSED] - Test case file loaded This is the full filepath after converting to string :C:\Users\radhakrishnang2\Desktop\DataCommons_Automation\ICDC_Automation\InputFiles\TC32_Canine_Filter_Breed-Other.xlsx

2020-05-11 07:40:55 - [MESSAGE][INFO] - Global variable set for password file is :  C:\Users\radhakrishnang2\Desktop\DataCommons_Automation\ICDC_Automation\InputFiles\TC32_Canine_Filter_Breed-Other.xlsx

2020-05-11 07:40:55 - [MESSAGE][PASSED] - Data loaded from input file for the test case. 

2020-05-11 07:40:58 - [TEST_STEP][PASSED] - click(findTestObject("Object Repository/Canine/Canine_Cases_Btn")): Object: 'Object Repository/Canine/Canine_Cases_Btn' is clicked on

2020-05-11 07:40:58 - [MESSAGE][PASSED] - Object: 'Object Repository/Canine/Canine_Cases_Btn' is clicked on

2020-05-11 07:40:58 - [TEST_STEP][PASSED] - click(findTestObject("Object Repository/Canine/Filter/Breed/BREED_Ddn")): Object: 'Object Repository/Canine/Filter/Breed/BREED_Ddn' is clicked on

2020-05-11 07:41:00 - [MESSAGE][PASSED] - Object: 'Object Repository/Canine/Filter/Breed/BREED_Ddn' is clicked on

2020-05-11 07:41:00 - [TEST_STEP][PASSED] - click(findTestObject("Object Repository/Canine/Filter/Breed/Other_Chkbx")): Object: 'Object Repository/Canine/Filter/Breed/Other_Chkbx' is clicked on

2020-05-11 07:41:01 - [MESSAGE][PASSED] - Object: 'Object Repository/Canine/Filter/Breed/Other_Chkbx' is clicked on

2020-05-11 07:41:01 - [TEST_STEP][PASSED] - ctdc.utilities.runtestcaseforKatalon.ReadCasesTableKatalon("Object Repository/Canine/Canine_CasesTable", "Object Repository/Canine/Canine_TableHeader", "Object Repository/Canine/Canine_NextBtn"): ctdc.utilities.runtestcaseforKatalon.ReadCasesTableKatalon is PASSED

2020-05-11 07:41:02 - [MESSAGE][PASSED] - ctdc.utilities.runtestcaseforKatalon.ReadCasesTableKatalon is PASSED

2020-05-11 07:41:02 - [TEST_STEP][PASSED] - ctdc.utilities.ReadExcel.Neo4j(): ctdc.utilities.ReadExcel.Neo4j is PASSED

2020-05-11 07:41:06 - [MESSAGE][PASSED] - ctdc.utilities.ReadExcel.Neo4j is PASSED

2020-05-11 07:41:06 - [TEST_STEP][PASSED] - ctdc.utilities.runtestcaseforKatalon.compareLists(): ctdc.utilities.runtestcaseforKatalon.compareLists is PASSED

2020-05-11 07:41:06 - [MESSAGE][PASSED] - ctdc.utilities.runtestcaseforKatalon.compareLists is PASSED

2020-05-11 07:41:08 - [TEST_STEP][PASSED] - Video: Video recording for test case 'Test Cases/Breed/TC32_Canine_Filter_Breed-Other' .

2020-05-11 07:41:08 - [MESSAGE][INFO] - Video recording for test case 'Test Cases/Breed/TC32_Canine_Filter_Breed-Other' .
[[ATTACHMENT|C:\\Users\\radhakrishnang2\\Desktop\\DataCommons_Automation\\ICDC_Automation\\Reports\\20200511_072955\\TrialSuite\\20200511_072955/videos\\test_32.avi]]]]></system-out>
         <system-err><![CDATA[]]></system-err>
      </testcase>
      <testcase name="Test Cases/Breed/TC33_Canine_Filter_Breed-Rottweiler" time="18.329" classname="Test Cases/Breed/TC33_Canine_Filter_Breed-Rottweiler" status="PASSED">
         <system-out><![CDATA[2020-05-11 07:41:08 - [TEST_CASE][PASSED] - Test Cases/Breed/TC33_Canine_Filter_Breed-Rottweiler: Test Cases/Breed/TC33_Canine_Filter_Breed-Rottweiler

2020-05-11 07:41:08 - [TEST_STEP][PASSED] - openBrowser(""): Browser is opened with url: ''

2020-05-11 07:41:08 - [MESSAGE][WARNING] - A browser is already opened. Closing browser and opening a new one

2020-05-11 07:41:09 - [MESSAGE][INFO] - Starting 'Firefox (headless)' driver

2020-05-11 07:41:12 - [MESSAGE][PASSED] - Browser is opened with url: ''

2020-05-11 07:41:12 - [TEST_STEP][PASSED] - ctdc.utilities.runtestcaseforKatalon.browserDriver(""): ctdc.utilities.runtestcaseforKatalon.browserDriver is PASSED

2020-05-11 07:41:12 - [MESSAGE][PASSED] - ctdc.utilities.runtestcaseforKatalon.browserDriver is PASSED

2020-05-11 07:41:12 - [TEST_STEP][PASSED] - ctdc.utilities.runtestcaseforKatalon.RunKatalon("TC33_Canine_Filter_Breed-Rottweiler.xlsx"): Data loaded from input file for the test case. 

2020-05-11 07:41:12 - [MESSAGE][PASSED] - Test case file loaded This is the full filepath after converting to string :C:\Users\radhakrishnang2\Desktop\DataCommons_Automation\ICDC_Automation\InputFiles\TC33_Canine_Filter_Breed-Rottweiler.xlsx

2020-05-11 07:41:12 - [MESSAGE][INFO] - Global variable set for password file is :  C:\Users\radhakrishnang2\Desktop\DataCommons_Automation\ICDC_Automation\InputFiles\TC33_Canine_Filter_Breed-Rottweiler.xlsx

2020-05-11 07:41:12 - [MESSAGE][PASSED] - Data loaded from input file for the test case. 

2020-05-11 07:41:16 - [TEST_STEP][PASSED] - click(findTestObject("Object Repository/Canine/Canine_Cases_Btn")): Object: 'Object Repository/Canine/Canine_Cases_Btn' is clicked on

2020-05-11 07:41:16 - [MESSAGE][PASSED] - Object: 'Object Repository/Canine/Canine_Cases_Btn' is clicked on

2020-05-11 07:41:16 - [TEST_STEP][PASSED] - click(findTestObject("Object Repository/Canine/Filter/Breed/BREED_Ddn")): Object: 'Object Repository/Canine/Filter/Breed/BREED_Ddn' is clicked on

2020-05-11 07:41:18 - [MESSAGE][PASSED] - Object: 'Object Repository/Canine/Filter/Breed/BREED_Ddn' is clicked on

2020-05-11 07:41:18 - [TEST_STEP][PASSED] - click(findTestObject("Object Repository/Canine/Filter/Breed/Rottweiler_Chkbx")): Object: 'Object Repository/Canine/Filter/Breed/Rottweiler_Chkbx' is clicked on

2020-05-11 07:41:18 - [MESSAGE][PASSED] - Object: 'Object Repository/Canine/Filter/Breed/Rottweiler_Chkbx' is clicked on

2020-05-11 07:41:18 - [TEST_STEP][PASSED] - ctdc.utilities.runtestcaseforKatalon.ReadCasesTableKatalon("Object Repository/Canine/Canine_CasesTable", "Object Repository/Canine/Canine_TableHeader", "Object Repository/Canine/Canine_NextBtn"): ctdc.utilities.runtestcaseforKatalon.ReadCasesTableKatalon is PASSED

2020-05-11 07:41:21 - [MESSAGE][PASSED] - ctdc.utilities.runtestcaseforKatalon.ReadCasesTableKatalon is PASSED

2020-05-11 07:41:21 - [TEST_STEP][PASSED] - ctdc.utilities.ReadExcel.Neo4j(): ctdc.utilities.ReadExcel.Neo4j is PASSED

2020-05-11 07:41:24 - [MESSAGE][PASSED] - ctdc.utilities.ReadExcel.Neo4j is PASSED

2020-05-11 07:41:24 - [TEST_STEP][PASSED] - ctdc.utilities.runtestcaseforKatalon.compareLists(): ctdc.utilities.runtestcaseforKatalon.compareLists is PASSED

2020-05-11 07:41:24 - [MESSAGE][PASSED] - ctdc.utilities.runtestcaseforKatalon.compareLists is PASSED

2020-05-11 07:41:26 - [TEST_STEP][PASSED] - Video: Video recording for test case 'Test Cases/Breed/TC33_Canine_Filter_Breed-Rottweiler' .

2020-05-11 07:41:26 - [MESSAGE][INFO] - Video recording for test case 'Test Cases/Breed/TC33_Canine_Filter_Breed-Rottweiler' .
[[ATTACHMENT|C:\\Users\\radhakrishnang2\\Desktop\\DataCommons_Automation\\ICDC_Automation\\Reports\\20200511_072955\\TrialSuite\\20200511_072955/videos\\test_33.avi]]]]></system-out>
         <system-err><![CDATA[]]></system-err>
      </testcase>
      <testcase name="Test Cases/Breed/TC34_Canine_Filter_Breed-SaintBnd" time="17.773" classname="Test Cases/Breed/TC34_Canine_Filter_Breed-SaintBnd" status="PASSED">
         <system-out><![CDATA[2020-05-11 07:41:26 - [TEST_CASE][PASSED] - Test Cases/Breed/TC34_Canine_Filter_Breed-SaintBnd: Test Cases/Breed/TC34_Canine_Filter_Breed-SaintBnd

2020-05-11 07:41:26 - [TEST_STEP][PASSED] - openBrowser(""): Browser is opened with url: ''

2020-05-11 07:41:26 - [MESSAGE][WARNING] - A browser is already opened. Closing browser and opening a new one

2020-05-11 07:41:28 - [MESSAGE][INFO] - Starting 'Firefox (headless)' driver

2020-05-11 07:41:31 - [MESSAGE][PASSED] - Browser is opened with url: ''

2020-05-11 07:41:31 - [TEST_STEP][PASSED] - ctdc.utilities.runtestcaseforKatalon.browserDriver(""): ctdc.utilities.runtestcaseforKatalon.browserDriver is PASSED

2020-05-11 07:41:31 - [MESSAGE][PASSED] - ctdc.utilities.runtestcaseforKatalon.browserDriver is PASSED

2020-05-11 07:41:31 - [TEST_STEP][PASSED] - ctdc.utilities.runtestcaseforKatalon.RunKatalon("TC34_Canine_Filter_Breed-SaintBnd.xlsx"): Data loaded from input file for the test case. 

2020-05-11 07:41:31 - [MESSAGE][PASSED] - Test case file loaded This is the full filepath after converting to string :C:\Users\radhakrishnang2\Desktop\DataCommons_Automation\ICDC_Automation\InputFiles\TC34_Canine_Filter_Breed-SaintBnd.xlsx

2020-05-11 07:41:31 - [MESSAGE][INFO] - Global variable set for password file is :  C:\Users\radhakrishnang2\Desktop\DataCommons_Automation\ICDC_Automation\InputFiles\TC34_Canine_Filter_Breed-SaintBnd.xlsx

2020-05-11 07:41:31 - [MESSAGE][PASSED] - Data loaded from input file for the test case. 

2020-05-11 07:41:34 - [TEST_STEP][PASSED] - click(findTestObject("Object Repository/Canine/Canine_Cases_Btn")): Object: 'Object Repository/Canine/Canine_Cases_Btn' is clicked on

2020-05-11 07:41:34 - [MESSAGE][PASSED] - Object: 'Object Repository/Canine/Canine_Cases_Btn' is clicked on

2020-05-11 07:41:34 - [TEST_STEP][PASSED] - click(findTestObject("Object Repository/Canine/Filter/Breed/BREED_Ddn")): Object: 'Object Repository/Canine/Filter/Breed/BREED_Ddn' is clicked on

2020-05-11 07:41:36 - [MESSAGE][PASSED] - Object: 'Object Repository/Canine/Filter/Breed/BREED_Ddn' is clicked on

2020-05-11 07:41:36 - [TEST_STEP][PASSED] - click(findTestObject("Object Repository/Canine/Filter/Breed/SaintBnd_Chkbx")): Object: 'Object Repository/Canine/Filter/Breed/SaintBnd_Chkbx' is clicked on

2020-05-11 07:41:37 - [MESSAGE][PASSED] - Object: 'Object Repository/Canine/Filter/Breed/SaintBnd_Chkbx' is clicked on

2020-05-11 07:41:37 - [TEST_STEP][PASSED] - ctdc.utilities.runtestcaseforKatalon.ReadCasesTableKatalon("Object Repository/Canine/Canine_CasesTable", "Object Repository/Canine/Canine_TableHeader", "Object Repository/Canine/Canine_NextBtn"): ctdc.utilities.runtestcaseforKatalon.ReadCasesTableKatalon is PASSED

2020-05-11 07:41:38 - [MESSAGE][PASSED] - ctdc.utilities.runtestcaseforKatalon.ReadCasesTableKatalon is PASSED

2020-05-11 07:41:38 - [TEST_STEP][PASSED] - ctdc.utilities.ReadExcel.Neo4j(): ctdc.utilities.ReadExcel.Neo4j is PASSED

2020-05-11 07:41:42 - [MESSAGE][PASSED] - ctdc.utilities.ReadExcel.Neo4j is PASSED

2020-05-11 07:41:42 - [TEST_STEP][PASSED] - ctdc.utilities.runtestcaseforKatalon.compareLists(): ctdc.utilities.runtestcaseforKatalon.compareLists is PASSED

2020-05-11 07:41:42 - [MESSAGE][PASSED] - ctdc.utilities.runtestcaseforKatalon.compareLists is PASSED

2020-05-11 07:41:44 - [TEST_STEP][PASSED] - Video: Video recording for test case 'Test Cases/Breed/TC34_Canine_Filter_Breed-SaintBnd' .

2020-05-11 07:41:44 - [MESSAGE][INFO] - Video recording for test case 'Test Cases/Breed/TC34_Canine_Filter_Breed-SaintBnd' .
[[ATTACHMENT|C:\\Users\\radhakrishnang2\\Desktop\\DataCommons_Automation\\ICDC_Automation\\Reports\\20200511_072955\\TrialSuite\\20200511_072955/videos\\test_34.avi]]]]></system-out>
         <system-err><![CDATA[]]></system-err>
      </testcase>
      <testcase name="Test Cases/Breed/TC35_Canine_Filter_Breed-Samoyed" time="16.584" classname="Test Cases/Breed/TC35_Canine_Filter_Breed-Samoyed" status="PASSED">
         <system-out><![CDATA[2020-05-11 07:41:44 - [TEST_CASE][PASSED] - Test Cases/Breed/TC35_Canine_Filter_Breed-Samoyed: Test Cases/Breed/TC35_Canine_Filter_Breed-Samoyed

2020-05-11 07:41:44 - [TEST_STEP][PASSED] - openBrowser(""): Browser is opened with url: ''

2020-05-11 07:41:44 - [MESSAGE][WARNING] - A browser is already opened. Closing browser and opening a new one

2020-05-11 07:41:46 - [MESSAGE][INFO] - Starting 'Firefox (headless)' driver

2020-05-11 07:41:48 - [MESSAGE][PASSED] - Browser is opened with url: ''

2020-05-11 07:41:48 - [TEST_STEP][PASSED] - ctdc.utilities.runtestcaseforKatalon.browserDriver(""): ctdc.utilities.runtestcaseforKatalon.browserDriver is PASSED

2020-05-11 07:41:48 - [MESSAGE][PASSED] - ctdc.utilities.runtestcaseforKatalon.browserDriver is PASSED

2020-05-11 07:41:48 - [TEST_STEP][PASSED] - ctdc.utilities.runtestcaseforKatalon.RunKatalon("TC35_Canine_Filter_Breed-Samoyed.xlsx"): Data loaded from input file for the test case. 

2020-05-11 07:41:48 - [MESSAGE][PASSED] - Test case file loaded This is the full filepath after converting to string :C:\Users\radhakrishnang2\Desktop\DataCommons_Automation\ICDC_Automation\InputFiles\TC35_Canine_Filter_Breed-Samoyed.xlsx

2020-05-11 07:41:48 - [MESSAGE][INFO] - Global variable set for password file is :  C:\Users\radhakrishnang2\Desktop\DataCommons_Automation\ICDC_Automation\InputFiles\TC35_Canine_Filter_Breed-Samoyed.xlsx

2020-05-11 07:41:48 - [MESSAGE][PASSED] - Data loaded from input file for the test case. 

2020-05-11 07:41:51 - [TEST_STEP][PASSED] - click(findTestObject("Object Repository/Canine/Canine_Cases_Btn")): Object: 'Object Repository/Canine/Canine_Cases_Btn' is clicked on

2020-05-11 07:41:52 - [MESSAGE][PASSED] - Object: 'Object Repository/Canine/Canine_Cases_Btn' is clicked on

2020-05-11 07:41:52 - [TEST_STEP][PASSED] - click(findTestObject("Object Repository/Canine/Filter/Breed/BREED_Ddn")): Object: 'Object Repository/Canine/Filter/Breed/BREED_Ddn' is clicked on

2020-05-11 07:41:54 - [MESSAGE][PASSED] - Object: 'Object Repository/Canine/Filter/Breed/BREED_Ddn' is clicked on

2020-05-11 07:41:54 - [TEST_STEP][PASSED] - click(findTestObject("Object Repository/Canine/Filter/Breed/Samoyed_Chkbx")): Object: 'Object Repository/Canine/Filter/Breed/Samoyed_Chkbx' is clicked on

2020-05-11 07:41:54 - [MESSAGE][PASSED] - Object: 'Object Repository/Canine/Filter/Breed/Samoyed_Chkbx' is clicked on

2020-05-11 07:41:54 - [TEST_STEP][PASSED] - ctdc.utilities.runtestcaseforKatalon.ReadCasesTableKatalon("Object Repository/Canine/Canine_CasesTable", "Object Repository/Canine/Canine_TableHeader", "Object Repository/Canine/Canine_NextBtn"): ctdc.utilities.runtestcaseforKatalon.ReadCasesTableKatalon is PASSED

2020-05-11 07:41:55 - [MESSAGE][PASSED] - ctdc.utilities.runtestcaseforKatalon.ReadCasesTableKatalon is PASSED

2020-05-11 07:41:55 - [TEST_STEP][PASSED] - ctdc.utilities.ReadExcel.Neo4j(): ctdc.utilities.ReadExcel.Neo4j is PASSED

2020-05-11 07:41:58 - [MESSAGE][PASSED] - ctdc.utilities.ReadExcel.Neo4j is PASSED

2020-05-11 07:41:58 - [TEST_STEP][PASSED] - ctdc.utilities.runtestcaseforKatalon.compareLists(): ctdc.utilities.runtestcaseforKatalon.compareLists is PASSED

2020-05-11 07:41:58 - [MESSAGE][PASSED] - ctdc.utilities.runtestcaseforKatalon.compareLists is PASSED

2020-05-11 07:42:00 - [TEST_STEP][PASSED] - Video: Video recording for test case 'Test Cases/Breed/TC35_Canine_Filter_Breed-Samoyed' .

2020-05-11 07:42:00 - [MESSAGE][INFO] - Video recording for test case 'Test Cases/Breed/TC35_Canine_Filter_Breed-Samoyed' .
[[ATTACHMENT|C:\\Users\\radhakrishnang2\\Desktop\\DataCommons_Automation\\ICDC_Automation\\Reports\\20200511_072955\\TrialSuite\\20200511_072955/videos\\test_35.avi]]]]></system-out>
         <system-err><![CDATA[]]></system-err>
      </testcase>
      <testcase name="Test Cases/Breed/TC36_Canine_Filter_Breed-StaffdshrBull" time="16.352" classname="Test Cases/Breed/TC36_Canine_Filter_Breed-StaffdshrBull" status="PASSED">
         <system-out><![CDATA[2020-05-11 07:42:00 - [TEST_CASE][PASSED] - Test Cases/Breed/TC36_Canine_Filter_Breed-StaffdshrBull: Test Cases/Breed/TC36_Canine_Filter_Breed-StaffdshrBull

2020-05-11 07:42:01 - [TEST_STEP][PASSED] - openBrowser(""): Browser is opened with url: ''

2020-05-11 07:42:01 - [MESSAGE][WARNING] - A browser is already opened. Closing browser and opening a new one

2020-05-11 07:42:02 - [MESSAGE][INFO] - Starting 'Firefox (headless)' driver

2020-05-11 07:42:05 - [MESSAGE][PASSED] - Browser is opened with url: ''

2020-05-11 07:42:05 - [TEST_STEP][PASSED] - ctdc.utilities.runtestcaseforKatalon.browserDriver(""): ctdc.utilities.runtestcaseforKatalon.browserDriver is PASSED

2020-05-11 07:42:05 - [MESSAGE][PASSED] - ctdc.utilities.runtestcaseforKatalon.browserDriver is PASSED

2020-05-11 07:42:05 - [TEST_STEP][PASSED] - ctdc.utilities.runtestcaseforKatalon.RunKatalon("TC36_Canine_Filter_Breed-StaffdshrBull.xlsx"): Data loaded from input file for the test case. 

2020-05-11 07:42:05 - [MESSAGE][PASSED] - Test case file loaded This is the full filepath after converting to string :C:\Users\radhakrishnang2\Desktop\DataCommons_Automation\ICDC_Automation\InputFiles\TC36_Canine_Filter_Breed-StaffdshrBull.xlsx

2020-05-11 07:42:05 - [MESSAGE][INFO] - Global variable set for password file is :  C:\Users\radhakrishnang2\Desktop\DataCommons_Automation\ICDC_Automation\InputFiles\TC36_Canine_Filter_Breed-StaffdshrBull.xlsx

2020-05-11 07:42:05 - [MESSAGE][PASSED] - Data loaded from input file for the test case. 

2020-05-11 07:42:08 - [TEST_STEP][PASSED] - click(findTestObject("Object Repository/Canine/Canine_Cases_Btn")): Object: 'Object Repository/Canine/Canine_Cases_Btn' is clicked on

2020-05-11 07:42:08 - [MESSAGE][PASSED] - Object: 'Object Repository/Canine/Canine_Cases_Btn' is clicked on

2020-05-11 07:42:08 - [TEST_STEP][PASSED] - click(findTestObject("Object Repository/Canine/Filter/Breed/BREED_Ddn")): Object: 'Object Repository/Canine/Filter/Breed/BREED_Ddn' is clicked on

2020-05-11 07:42:10 - [MESSAGE][PASSED] - Object: 'Object Repository/Canine/Filter/Breed/BREED_Ddn' is clicked on

2020-05-11 07:42:10 - [TEST_STEP][PASSED] - click(findTestObject("Object Repository/Canine/Filter/Breed/StaffdshrBull_Chkbx")): Object: 'Object Repository/Canine/Filter/Breed/StaffdshrBull_Chkbx' is clicked on

2020-05-11 07:42:11 - [MESSAGE][PASSED] - Object: 'Object Repository/Canine/Filter/Breed/StaffdshrBull_Chkbx' is clicked on

2020-05-11 07:42:11 - [TEST_STEP][PASSED] - ctdc.utilities.runtestcaseforKatalon.ReadCasesTableKatalon("Object Repository/Canine/Canine_CasesTable", "Object Repository/Canine/Canine_TableHeader", "Object Repository/Canine/Canine_NextBtn"): ctdc.utilities.runtestcaseforKatalon.ReadCasesTableKatalon is PASSED

2020-05-11 07:42:11 - [MESSAGE][PASSED] - ctdc.utilities.runtestcaseforKatalon.ReadCasesTableKatalon is PASSED

2020-05-11 07:42:11 - [TEST_STEP][PASSED] - ctdc.utilities.ReadExcel.Neo4j(): ctdc.utilities.ReadExcel.Neo4j is PASSED

2020-05-11 07:42:15 - [MESSAGE][PASSED] - ctdc.utilities.ReadExcel.Neo4j is PASSED

2020-05-11 07:42:15 - [TEST_STEP][PASSED] - ctdc.utilities.runtestcaseforKatalon.compareLists(): ctdc.utilities.runtestcaseforKatalon.compareLists is PASSED

2020-05-11 07:42:15 - [MESSAGE][PASSED] - ctdc.utilities.runtestcaseforKatalon.compareLists is PASSED

2020-05-11 07:42:17 - [TEST_STEP][PASSED] - Video: Video recording for test case 'Test Cases/Breed/TC36_Canine_Filter_Breed-StaffdshrBull' .

2020-05-11 07:42:17 - [MESSAGE][INFO] - Video recording for test case 'Test Cases/Breed/TC36_Canine_Filter_Breed-StaffdshrBull' .
[[ATTACHMENT|C:\\Users\\radhakrishnang2\\Desktop\\DataCommons_Automation\\ICDC_Automation\\Reports\\20200511_072955\\TrialSuite\\20200511_072955/videos\\test_36.avi]]]]></system-out>
         <system-err><![CDATA[]]></system-err>
      </testcase>
      <testcase name="Test Cases/Breed/TC37_Canine_Filter_Breed-Vizsla" time="18.865" classname="Test Cases/Breed/TC37_Canine_Filter_Breed-Vizsla" status="PASSED">
         <system-out><![CDATA[2020-05-11 07:42:17 - [TEST_CASE][PASSED] - Test Cases/Breed/TC37_Canine_Filter_Breed-Vizsla: Test Cases/Breed/TC37_Canine_Filter_Breed-Vizsla

2020-05-11 07:42:17 - [TEST_STEP][PASSED] - openBrowser(""): Browser is opened with url: ''

2020-05-11 07:42:17 - [MESSAGE][WARNING] - A browser is already opened. Closing browser and opening a new one

2020-05-11 07:42:19 - [MESSAGE][INFO] - Starting 'Firefox (headless)' driver

2020-05-11 07:42:23 - [MESSAGE][PASSED] - Browser is opened with url: ''

2020-05-11 07:42:23 - [TEST_STEP][PASSED] - ctdc.utilities.runtestcaseforKatalon.browserDriver(""): ctdc.utilities.runtestcaseforKatalon.browserDriver is PASSED

2020-05-11 07:42:23 - [MESSAGE][PASSED] - ctdc.utilities.runtestcaseforKatalon.browserDriver is PASSED

2020-05-11 07:42:23 - [TEST_STEP][PASSED] - ctdc.utilities.runtestcaseforKatalon.RunKatalon("TC37_Canine_Filter_Breed-Vizsla.xlsx"): Data loaded from input file for the test case. 

2020-05-11 07:42:23 - [MESSAGE][PASSED] - Test case file loaded This is the full filepath after converting to string :C:\Users\radhakrishnang2\Desktop\DataCommons_Automation\ICDC_Automation\InputFiles\TC37_Canine_Filter_Breed-Vizsla.xlsx

2020-05-11 07:42:23 - [MESSAGE][INFO] - Global variable set for password file is :  C:\Users\radhakrishnang2\Desktop\DataCommons_Automation\ICDC_Automation\InputFiles\TC37_Canine_Filter_Breed-Vizsla.xlsx

2020-05-11 07:42:23 - [MESSAGE][PASSED] - Data loaded from input file for the test case. 

2020-05-11 07:42:26 - [TEST_STEP][PASSED] - click(findTestObject("Object Repository/Canine/Canine_Cases_Btn")): Object: 'Object Repository/Canine/Canine_Cases_Btn' is clicked on

2020-05-11 07:42:26 - [MESSAGE][PASSED] - Object: 'Object Repository/Canine/Canine_Cases_Btn' is clicked on

2020-05-11 07:42:26 - [TEST_STEP][PASSED] - click(findTestObject("Object Repository/Canine/Filter/Breed/BREED_Ddn")): Object: 'Object Repository/Canine/Filter/Breed/BREED_Ddn' is clicked on

2020-05-11 07:42:28 - [MESSAGE][PASSED] - Object: 'Object Repository/Canine/Filter/Breed/BREED_Ddn' is clicked on

2020-05-11 07:42:28 - [TEST_STEP][PASSED] - click(findTestObject("Object Repository/Canine/Filter/Breed/Vizsla_Chkbx")): Object: 'Object Repository/Canine/Filter/Breed/Vizsla_Chkbx' is clicked on

2020-05-11 07:42:29 - [MESSAGE][PASSED] - Object: 'Object Repository/Canine/Filter/Breed/Vizsla_Chkbx' is clicked on

2020-05-11 07:42:29 - [TEST_STEP][PASSED] - ctdc.utilities.runtestcaseforKatalon.ReadCasesTableKatalon("Object Repository/Canine/Canine_CasesTable", "Object Repository/Canine/Canine_TableHeader", "Object Repository/Canine/Canine_NextBtn"): ctdc.utilities.runtestcaseforKatalon.ReadCasesTableKatalon is PASSED

2020-05-11 07:42:30 - [MESSAGE][PASSED] - ctdc.utilities.runtestcaseforKatalon.ReadCasesTableKatalon is PASSED

2020-05-11 07:42:30 - [TEST_STEP][PASSED] - ctdc.utilities.ReadExcel.Neo4j(): ctdc.utilities.ReadExcel.Neo4j is PASSED

2020-05-11 07:42:34 - [MESSAGE][PASSED] - ctdc.utilities.ReadExcel.Neo4j is PASSED

2020-05-11 07:42:34 - [TEST_STEP][PASSED] - ctdc.utilities.runtestcaseforKatalon.compareLists(): ctdc.utilities.runtestcaseforKatalon.compareLists is PASSED

2020-05-11 07:42:34 - [MESSAGE][PASSED] - ctdc.utilities.runtestcaseforKatalon.compareLists is PASSED

2020-05-11 07:42:36 - [TEST_STEP][PASSED] - Video: Video recording for test case 'Test Cases/Breed/TC37_Canine_Filter_Breed-Vizsla' .

2020-05-11 07:42:36 - [MESSAGE][INFO] - Video recording for test case 'Test Cases/Breed/TC37_Canine_Filter_Breed-Vizsla' .
[[ATTACHMENT|C:\\Users\\radhakrishnang2\\Desktop\\DataCommons_Automation\\ICDC_Automation\\Reports\\20200511_072955\\TrialSuite\\20200511_072955/videos\\test_37.avi]]]]></system-out>
         <system-err><![CDATA[]]></system-err>
      </testcase>
      <testcase name="Test Cases/Breed/TC38_Canine_Filter_Breed-Weimrnr" time="16.926" classname="Test Cases/Breed/TC38_Canine_Filter_Breed-Weimrnr" status="PASSED">
         <system-out><![CDATA[2020-05-11 07:42:36 - [TEST_CASE][PASSED] - Test Cases/Breed/TC38_Canine_Filter_Breed-Weimrnr: Test Cases/Breed/TC38_Canine_Filter_Breed-Weimrnr

2020-05-11 07:42:36 - [TEST_STEP][PASSED] - openBrowser(""): Browser is opened with url: ''

2020-05-11 07:42:36 - [MESSAGE][WARNING] - A browser is already opened. Closing browser and opening a new one

2020-05-11 07:42:37 - [MESSAGE][INFO] - Starting 'Firefox (headless)' driver

2020-05-11 07:42:41 - [MESSAGE][PASSED] - Browser is opened with url: ''

2020-05-11 07:42:41 - [TEST_STEP][PASSED] - ctdc.utilities.runtestcaseforKatalon.browserDriver(""): ctdc.utilities.runtestcaseforKatalon.browserDriver is PASSED

2020-05-11 07:42:41 - [MESSAGE][PASSED] - ctdc.utilities.runtestcaseforKatalon.browserDriver is PASSED

2020-05-11 07:42:41 - [TEST_STEP][PASSED] - ctdc.utilities.runtestcaseforKatalon.RunKatalon("TC38_Canine_Filter_Breed-Weimrnr.xlsx"): Data loaded from input file for the test case. 

2020-05-11 07:42:41 - [MESSAGE][PASSED] - Test case file loaded This is the full filepath after converting to string :C:\Users\radhakrishnang2\Desktop\DataCommons_Automation\ICDC_Automation\InputFiles\TC38_Canine_Filter_Breed-Weimrnr.xlsx

2020-05-11 07:42:41 - [MESSAGE][INFO] - Global variable set for password file is :  C:\Users\radhakrishnang2\Desktop\DataCommons_Automation\ICDC_Automation\InputFiles\TC38_Canine_Filter_Breed-Weimrnr.xlsx

2020-05-11 07:42:41 - [MESSAGE][PASSED] - Data loaded from input file for the test case. 

2020-05-11 07:42:44 - [TEST_STEP][PASSED] - click(findTestObject("Object Repository/Canine/Canine_Cases_Btn")): Object: 'Object Repository/Canine/Canine_Cases_Btn' is clicked on

2020-05-11 07:42:44 - [MESSAGE][PASSED] - Object: 'Object Repository/Canine/Canine_Cases_Btn' is clicked on

2020-05-11 07:42:44 - [TEST_STEP][PASSED] - click(findTestObject("Object Repository/Canine/Filter/Breed/BREED_Ddn")): Object: 'Object Repository/Canine/Filter/Breed/BREED_Ddn' is clicked on

2020-05-11 07:42:46 - [MESSAGE][PASSED] - Object: 'Object Repository/Canine/Filter/Breed/BREED_Ddn' is clicked on

2020-05-11 07:42:46 - [TEST_STEP][PASSED] - click(findTestObject("Object Repository/Canine/Filter/Breed/Weimrnr_Chkbx")): Object: 'Object Repository/Canine/Filter/Breed/Weimrnr_Chkbx' is clicked on

2020-05-11 07:42:46 - [MESSAGE][PASSED] - Object: 'Object Repository/Canine/Filter/Breed/Weimrnr_Chkbx' is clicked on

2020-05-11 07:42:46 - [TEST_STEP][PASSED] - ctdc.utilities.runtestcaseforKatalon.ReadCasesTableKatalon("Object Repository/Canine/Canine_CasesTable", "Object Repository/Canine/Canine_TableHeader", "Object Repository/Canine/Canine_NextBtn"): ctdc.utilities.runtestcaseforKatalon.ReadCasesTableKatalon is PASSED

2020-05-11 07:42:47 - [MESSAGE][PASSED] - ctdc.utilities.runtestcaseforKatalon.ReadCasesTableKatalon is PASSED

2020-05-11 07:42:47 - [TEST_STEP][PASSED] - ctdc.utilities.ReadExcel.Neo4j(): ctdc.utilities.ReadExcel.Neo4j is PASSED

2020-05-11 07:42:50 - [MESSAGE][PASSED] - ctdc.utilities.ReadExcel.Neo4j is PASSED

2020-05-11 07:42:50 - [TEST_STEP][PASSED] - ctdc.utilities.runtestcaseforKatalon.compareLists(): ctdc.utilities.runtestcaseforKatalon.compareLists is PASSED

2020-05-11 07:42:51 - [MESSAGE][PASSED] - ctdc.utilities.runtestcaseforKatalon.compareLists is PASSED

2020-05-11 07:42:53 - [TEST_STEP][PASSED] - Video: Video recording for test case 'Test Cases/Breed/TC38_Canine_Filter_Breed-Weimrnr' .

2020-05-11 07:42:53 - [MESSAGE][INFO] - Video recording for test case 'Test Cases/Breed/TC38_Canine_Filter_Breed-Weimrnr' .
[[ATTACHMENT|C:\\Users\\radhakrishnang2\\Desktop\\DataCommons_Automation\\ICDC_Automation\\Reports\\20200511_072955\\TrialSuite\\20200511_072955/videos\\test_38.avi]]]]></system-out>
         <system-err><![CDATA[]]></system-err>
      </testcase>
      <testcase name="Test Cases/Breed/TC39_Canine_Filter_Breed-WestHlnd" time="17.593" classname="Test Cases/Breed/TC39_Canine_Filter_Breed-WestHlnd" status="PASSED">
         <system-out><![CDATA[2020-05-11 07:42:53 - [TEST_CASE][PASSED] - Test Cases/Breed/TC39_Canine_Filter_Breed-WestHlnd: Test Cases/Breed/TC39_Canine_Filter_Breed-WestHlnd

2020-05-11 07:42:53 - [TEST_STEP][PASSED] - openBrowser(""): Browser is opened with url: ''

2020-05-11 07:42:53 - [MESSAGE][WARNING] - A browser is already opened. Closing browser and opening a new one

2020-05-11 07:42:54 - [MESSAGE][INFO] - Starting 'Firefox (headless)' driver

2020-05-11 07:42:58 - [MESSAGE][PASSED] - Browser is opened with url: ''

2020-05-11 07:42:58 - [TEST_STEP][PASSED] - ctdc.utilities.runtestcaseforKatalon.browserDriver(""): ctdc.utilities.runtestcaseforKatalon.browserDriver is PASSED

2020-05-11 07:42:58 - [MESSAGE][PASSED] - ctdc.utilities.runtestcaseforKatalon.browserDriver is PASSED

2020-05-11 07:42:58 - [TEST_STEP][PASSED] - ctdc.utilities.runtestcaseforKatalon.RunKatalon("TC39_Canine_Filter_Breed-WestHlnd.xlsx"): Data loaded from input file for the test case. 

2020-05-11 07:42:58 - [MESSAGE][PASSED] - Test case file loaded This is the full filepath after converting to string :C:\Users\radhakrishnang2\Desktop\DataCommons_Automation\ICDC_Automation\InputFiles\TC39_Canine_Filter_Breed-WestHlnd.xlsx

2020-05-11 07:42:58 - [MESSAGE][INFO] - Global variable set for password file is :  C:\Users\radhakrishnang2\Desktop\DataCommons_Automation\ICDC_Automation\InputFiles\TC39_Canine_Filter_Breed-WestHlnd.xlsx

2020-05-11 07:42:58 - [MESSAGE][PASSED] - Data loaded from input file for the test case. 

2020-05-11 07:43:01 - [TEST_STEP][PASSED] - click(findTestObject("Object Repository/Canine/Canine_Cases_Btn")): Object: 'Object Repository/Canine/Canine_Cases_Btn' is clicked on

2020-05-11 07:43:01 - [MESSAGE][PASSED] - Object: 'Object Repository/Canine/Canine_Cases_Btn' is clicked on

2020-05-11 07:43:01 - [TEST_STEP][PASSED] - click(findTestObject("Object Repository/Canine/Filter/Breed/BREED_Ddn")): Object: 'Object Repository/Canine/Filter/Breed/BREED_Ddn' is clicked on

2020-05-11 07:43:03 - [MESSAGE][PASSED] - Object: 'Object Repository/Canine/Filter/Breed/BREED_Ddn' is clicked on

2020-05-11 07:43:03 - [TEST_STEP][PASSED] - click(findTestObject("Object Repository/Canine/Filter/Breed/WestHland_Chkbx")): Object: 'Object Repository/Canine/Filter/Breed/WestHland_Chkbx' is clicked on

2020-05-11 07:43:04 - [MESSAGE][PASSED] - Object: 'Object Repository/Canine/Filter/Breed/WestHland_Chkbx' is clicked on

2020-05-11 07:43:04 - [TEST_STEP][PASSED] - ctdc.utilities.runtestcaseforKatalon.ReadCasesTableKatalon("Object Repository/Canine/Canine_CasesTable", "Object Repository/Canine/Canine_TableHeader", "Object Repository/Canine/Canine_NextBtn"): ctdc.utilities.runtestcaseforKatalon.ReadCasesTableKatalon is PASSED

2020-05-11 07:43:05 - [MESSAGE][PASSED] - ctdc.utilities.runtestcaseforKatalon.ReadCasesTableKatalon is PASSED

2020-05-11 07:43:05 - [TEST_STEP][PASSED] - ctdc.utilities.ReadExcel.Neo4j(): ctdc.utilities.ReadExcel.Neo4j is PASSED

2020-05-11 07:43:08 - [MESSAGE][PASSED] - ctdc.utilities.ReadExcel.Neo4j is PASSED

2020-05-11 07:43:08 - [TEST_STEP][PASSED] - ctdc.utilities.runtestcaseforKatalon.compareLists(): ctdc.utilities.runtestcaseforKatalon.compareLists is PASSED

2020-05-11 07:43:08 - [MESSAGE][PASSED] - ctdc.utilities.runtestcaseforKatalon.compareLists is PASSED

2020-05-11 07:43:10 - [TEST_STEP][PASSED] - Video: Video recording for test case 'Test Cases/Breed/TC39_Canine_Filter_Breed-WestHlnd' .

2020-05-11 07:43:10 - [MESSAGE][INFO] - Video recording for test case 'Test Cases/Breed/TC39_Canine_Filter_Breed-WestHlnd' .
[[ATTACHMENT|C:\\Users\\radhakrishnang2\\Desktop\\DataCommons_Automation\\ICDC_Automation\\Reports\\20200511_072955\\TrialSuite\\20200511_072955/videos\\test_39.avi]]]]></system-out>
         <system-err><![CDATA[]]></system-err>
      </testcase>
      <testcase name="Test Cases/Breed/TC40_Canine_Filter_Breed-NotSpecified" time="46.377" classname="Test Cases/Breed/TC40_Canine_Filter_Breed-NotSpecified" status="PASSED">
         <system-out><![CDATA[2020-05-11 07:43:10 - [TEST_CASE][PASSED] - Test Cases/Breed/TC40_Canine_Filter_Breed-NotSpecified: Test Cases/Breed/TC40_Canine_Filter_Breed-NotSpecified

2020-05-11 07:43:11 - [TEST_STEP][PASSED] - openBrowser(""): Browser is opened with url: ''

2020-05-11 07:43:11 - [MESSAGE][WARNING] - A browser is already opened. Closing browser and opening a new one

2020-05-11 07:43:12 - [MESSAGE][INFO] - Starting 'Firefox (headless)' driver

2020-05-11 07:43:15 - [MESSAGE][PASSED] - Browser is opened with url: ''

2020-05-11 07:43:15 - [TEST_STEP][PASSED] - ctdc.utilities.runtestcaseforKatalon.browserDriver(""): ctdc.utilities.runtestcaseforKatalon.browserDriver is PASSED

2020-05-11 07:43:15 - [MESSAGE][PASSED] - ctdc.utilities.runtestcaseforKatalon.browserDriver is PASSED

2020-05-11 07:43:15 - [TEST_STEP][PASSED] - ctdc.utilities.runtestcaseforKatalon.RunKatalon("TC40_Canine_Filter_Breed-NotSpecified.xlsx"): Data loaded from input file for the test case. 

2020-05-11 07:43:15 - [MESSAGE][PASSED] - Test case file loaded This is the full filepath after converting to string :C:\Users\radhakrishnang2\Desktop\DataCommons_Automation\ICDC_Automation\InputFiles\TC40_Canine_Filter_Breed-NotSpecified.xlsx

2020-05-11 07:43:15 - [MESSAGE][INFO] - Global variable set for password file is :  C:\Users\radhakrishnang2\Desktop\DataCommons_Automation\ICDC_Automation\InputFiles\TC40_Canine_Filter_Breed-NotSpecified.xlsx

2020-05-11 07:43:15 - [MESSAGE][PASSED] - Data loaded from input file for the test case. 

2020-05-11 07:43:18 - [TEST_STEP][PASSED] - click(findTestObject("Object Repository/Canine/Canine_Cases_Btn")): Object: 'Object Repository/Canine/Canine_Cases_Btn' is clicked on

2020-05-11 07:43:19 - [MESSAGE][PASSED] - Object: 'Object Repository/Canine/Canine_Cases_Btn' is clicked on

2020-05-11 07:43:19 - [TEST_STEP][PASSED] - click(findTestObject("Object Repository/Canine/Filter/Breed/BREED_Ddn")): Object: 'Object Repository/Canine/Filter/Breed/BREED_Ddn' is clicked on

2020-05-11 07:43:21 - [MESSAGE][PASSED] - Object: 'Object Repository/Canine/Filter/Breed/BREED_Ddn' is clicked on

2020-05-11 07:43:21 - [TEST_STEP][PASSED] - click(findTestObject("Object Repository/Canine/Filter/Breed/NotSpecified_Chkbx")): Object: 'Object Repository/Canine/Filter/Breed/NotSpecified_Chkbx' is clicked on

2020-05-11 07:43:21 - [MESSAGE][PASSED] - Object: 'Object Repository/Canine/Filter/Breed/NotSpecified_Chkbx' is clicked on

2020-05-11 07:43:21 - [TEST_STEP][PASSED] - ctdc.utilities.runtestcaseforKatalon.ReadCasesTableKatalon("Object Repository/Canine/Canine_CasesTable", "Object Repository/Canine/Canine_TableHeader", "Object Repository/Canine/Canine_NextBtn"): ctdc.utilities.runtestcaseforKatalon.ReadCasesTableKatalon is PASSED

2020-05-11 07:43:51 - [MESSAGE][PASSED] - ctdc.utilities.runtestcaseforKatalon.ReadCasesTableKatalon is PASSED

2020-05-11 07:43:51 - [TEST_STEP][PASSED] - ctdc.utilities.ReadExcel.Neo4j(): ctdc.utilities.ReadExcel.Neo4j is PASSED

2020-05-11 07:43:54 - [MESSAGE][PASSED] - ctdc.utilities.ReadExcel.Neo4j is PASSED

2020-05-11 07:43:54 - [TEST_STEP][PASSED] - ctdc.utilities.runtestcaseforKatalon.compareLists(): ctdc.utilities.runtestcaseforKatalon.compareLists is PASSED

2020-05-11 07:43:54 - [MESSAGE][PASSED] - ctdc.utilities.runtestcaseforKatalon.compareLists is PASSED

2020-05-11 07:43:57 - [TEST_STEP][PASSED] - Video: Video recording for test case 'Test Cases/Breed/TC40_Canine_Filter_Breed-NotSpecified' .

2020-05-11 07:43:57 - [MESSAGE][INFO] - Video recording for test case 'Test Cases/Breed/TC40_Canine_Filter_Breed-NotSpecified' .
[[ATTACHMENT|C:\\Users\\radhakrishnang2\\Desktop\\DataCommons_Automation\\ICDC_Automation\\Reports\\20200511_072955\\TrialSuite\\20200511_072955/videos\\test_40.avi]]]]></system-out>
         <system-err><![CDATA[]]></system-err>
      </testcase>
      <system-out><![CDATA[2020-05-11 07:29:57 - [TEST_SUITE][FAILED] - TrialSuite: Test Cases/Breed/TC14_Canine_Filter_Breed-Chesapeake FAILED.
Reason:
com.kms.katalon.core.exception.StepFailedException: Unable to click on object 'Object Repository/Canine/Filter/Breed/Chesapeake_Chkbx'
	at com.kms.katalon.core.webui.keyword.internal.WebUIKeywordMain.stepFailed(WebUIKeywordMain.groovy:64)
	at com.kms.katalon.core.webui.keyword.internal.WebUIKeywordMain.runKeyword(WebUIKeywordMain.groovy:26)
	at com.kms.katalon.core.webui.keyword.builtin.ClickKeyword.click(ClickKeyword.groovy:76)
	at com.kms.katalon.core.webui.keyword.builtin.ClickKeyword.execute(ClickKeyword.groovy:43)
	at com.kms.katalon.core.keyword.internal.KeywordExecutor.executeKeywordForPlatform(KeywordExecutor.groovy:72)
	at com.kms.katalon.core.webui.keyword.WebUiBuiltInKeywords.click(WebUiBuiltInKeywords.groovy:616)
	at com.kms.katalon.core.webui.keyword.WebUiBuiltInKeywords$click$0.call(Unknown Source)
	at TC14_Canine_Filter_Breed-Chesapeake.run(TC14_Canine_Filter_Breed-Chesapeake:51)
	at com.kms.katalon.core.main.ScriptEngine.run(ScriptEngine.java:194)
	at com.kms.katalon.core.main.ScriptEngine.runScriptAsRawText(ScriptEngine.java:119)
	at com.kms.katalon.core.main.TestCaseExecutor.runScript(TestCaseExecutor.java:337)
	at com.kms.katalon.core.main.TestCaseExecutor.doExecute(TestCaseExecutor.java:328)
	at com.kms.katalon.core.main.TestCaseExecutor.processExecutionPhase(TestCaseExecutor.java:307)
	at com.kms.katalon.core.main.TestCaseExecutor.accessMainPhase(TestCaseExecutor.java:299)
	at com.kms.katalon.core.main.TestCaseExecutor.execute(TestCaseExecutor.java:233)
	at com.kms.katalon.core.main.TestSuiteExecutor.accessTestCaseMainPhase(TestSuiteExecutor.java:169)
	at com.kms.katalon.core.main.TestSuiteExecutor.accessTestSuiteMainPhase(TestSuiteExecutor.java:142)
	at com.kms.katalon.core.main.TestSuiteExecutor.execute(TestSuiteExecutor.java:91)
	at com.kms.katalon.core.main.TestCaseMain.startTestSuite(TestCaseMain.java:157)
	at com.kms.katalon.core.main.TestCaseMain$startTestSuite$0.call(Unknown Source)
	at TempTestSuite1589207395686.run(TempTestSuite1589207395686.groovy:36)
Caused by: com.kms.katalon.core.webui.exception.WebElementNotFoundException: Web element with id: 'Object Repository/Canine/Filter/Breed/Chesapeake_Chkbx' located by 'By.xpath: ' not found
	at com.kms.katalon.core.webui.common.WebUiCommonHelper.findWebElement(WebUiCommonHelper.java:1154)
	at com.kms.katalon.core.webui.keyword.internal.WebUIAbstractKeyword.findWebElement(WebUIAbstractKeyword.groovy:27)
	at com.kms.katalon.core.webui.keyword.internal.WebUIAbstractKeyword.findWebElement(WebUIAbstractKeyword.groovy:26)
	at com.kms.katalon.core.webui.keyword.builtin.ClickKeyword$_click_closure1.doCall(ClickKeyword.groovy:67)
	at com.kms.katalon.core.webui.keyword.builtin.ClickKeyword$_click_closure1.call(ClickKeyword.groovy)
	at com.kms.katalon.core.webui.keyword.internal.WebUIKeywordMain.runKeyword(WebUIKeywordMain.groovy:20)
	... 19 more]]></system-out>
      <system-err><![CDATA[2020-05-11 07:29:57 - [TEST_SUITE][FAILED] - TrialSuite: Test Cases/Breed/TC14_Canine_Filter_Breed-Chesapeake FAILED.
Reason:
com.kms.katalon.core.exception.StepFailedException: Unable to click on object 'Object Repository/Canine/Filter/Breed/Chesapeake_Chkbx'
	at com.kms.katalon.core.webui.keyword.internal.WebUIKeywordMain.stepFailed(WebUIKeywordMain.groovy:64)
	at com.kms.katalon.core.webui.keyword.internal.WebUIKeywordMain.runKeyword(WebUIKeywordMain.groovy:26)
	at com.kms.katalon.core.webui.keyword.builtin.ClickKeyword.click(ClickKeyword.groovy:76)
	at com.kms.katalon.core.webui.keyword.builtin.ClickKeyword.execute(ClickKeyword.groovy:43)
	at com.kms.katalon.core.keyword.internal.KeywordExecutor.executeKeywordForPlatform(KeywordExecutor.groovy:72)
	at com.kms.katalon.core.webui.keyword.WebUiBuiltInKeywords.click(WebUiBuiltInKeywords.groovy:616)
	at com.kms.katalon.core.webui.keyword.WebUiBuiltInKeywords$click$0.call(Unknown Source)
	at TC14_Canine_Filter_Breed-Chesapeake.run(TC14_Canine_Filter_Breed-Chesapeake:51)
	at com.kms.katalon.core.main.ScriptEngine.run(ScriptEngine.java:194)
	at com.kms.katalon.core.main.ScriptEngine.runScriptAsRawText(ScriptEngine.java:119)
	at com.kms.katalon.core.main.TestCaseExecutor.runScript(TestCaseExecutor.java:337)
	at com.kms.katalon.core.main.TestCaseExecutor.doExecute(TestCaseExecutor.java:328)
	at com.kms.katalon.core.main.TestCaseExecutor.processExecutionPhase(TestCaseExecutor.java:307)
	at com.kms.katalon.core.main.TestCaseExecutor.accessMainPhase(TestCaseExecutor.java:299)
	at com.kms.katalon.core.main.TestCaseExecutor.execute(TestCaseExecutor.java:233)
	at com.kms.katalon.core.main.TestSuiteExecutor.accessTestCaseMainPhase(TestSuiteExecutor.java:169)
	at com.kms.katalon.core.main.TestSuiteExecutor.accessTestSuiteMainPhase(TestSuiteExecutor.java:142)
	at com.kms.katalon.core.main.TestSuiteExecutor.execute(TestSuiteExecutor.java:91)
	at com.kms.katalon.core.main.TestCaseMain.startTestSuite(TestCaseMain.java:157)
	at com.kms.katalon.core.main.TestCaseMain$startTestSuite$0.call(Unknown Source)
	at TempTestSuite1589207395686.run(TempTestSuite1589207395686.groovy:36)
Caused by: com.kms.katalon.core.webui.exception.WebElementNotFoundException: Web element with id: 'Object Repository/Canine/Filter/Breed/Chesapeake_Chkbx' located by 'By.xpath: ' not found
	at com.kms.katalon.core.webui.common.WebUiCommonHelper.findWebElement(WebUiCommonHelper.java:1154)
	at com.kms.katalon.core.webui.keyword.internal.WebUIAbstractKeyword.findWebElement(WebUIAbstractKeyword.groovy:27)
	at com.kms.katalon.core.webui.keyword.internal.WebUIAbstractKeyword.findWebElement(WebUIAbstractKeyword.groovy:26)
	at com.kms.katalon.core.webui.keyword.builtin.ClickKeyword$_click_closure1.doCall(ClickKeyword.groovy:67)
	at com.kms.katalon.core.webui.keyword.builtin.ClickKeyword$_click_closure1.call(ClickKeyword.groovy)
	at com.kms.katalon.core.webui.keyword.internal.WebUIKeywordMain.runKeyword(WebUIKeywordMain.groovy:20)
	... 19 more]]></system-err>
   </testsuite>
</testsuites>
